
13:36:03.858,000,INI:Servicio alex PipeComponent v1.0.0.1 Generado el 10-06-2017 01:12:17
13:36:03.868,000,IOP:
13:36:03.877,000,REQ:102~NII ExD NP-K305~Hola
13:36:03.899,000,RES:OK~Voucher impreso
13:36:03.937,000,ERR:System.IO.IOException: Canalización interrumpida.
   en System.IO.Pipes.PipeStream.WinIOError(Int32 errorCode)
   en System.IO.Pipes.PipeStream.EndWrite(IAsyncResult asyncResult)
   en System.IO.Pipes.PipeStream.WriteCore(Byte[] buffer, Int32 offset, Int32 count)
   en System.IO.Pipes.PipeStream.Write(Byte[] buffer, Int32 offset, Int32 count)
   en PipeComponent.PipeServer.WaitForConnectionCallBack(IAsyncResult iar) en E:\Proyectos\Kiosco\Autopista Vespucio Norte\PipeComponent\PipeComponent\PipeServer.cs:línea 241

13:38:27.238,000,INI:Servicio alex PipeComponent v1.0.0.1 Generado el 10-06-2017 01:12:17
13:38:27.249,000,IOP:
13:38:27.264,000,REQ:102~NII ExD NP-K305~Hola
13:38:27.272,000,RES:OK~Voucher impreso
13:38:37.316,000,ERR:System.IO.IOException: Canalización interrumpida.
   en System.IO.Pipes.PipeStream.WinIOError(Int32 errorCode)
   en System.IO.Pipes.PipeStream.EndWrite(IAsyncResult asyncResult)
   en System.IO.Pipes.PipeStream.WriteCore(Byte[] buffer, Int32 offset, Int32 count)
   en System.IO.Pipes.PipeStream.Write(Byte[] buffer, Int32 offset, Int32 count)
   en PipeComponent.PipeServer.WaitForConnectionCallBack(IAsyncResult iar) en E:\Proyectos\Kiosco\Autopista Vespucio Norte\PipeComponent\PipeComponent\PipeServer.cs:línea 241
13:40:42.910,000,REQ:102~NII ExD NP-K305~Hola
13:40:42.912,000,RES:OK~Voucher impreso
13:40:42.919,000,ERR:System.IO.IOException: Canalización interrumpida.
   en System.IO.Pipes.PipeStream.WinIOError(Int32 errorCode)
   en System.IO.Pipes.PipeStream.EndWrite(IAsyncResult asyncResult)
   en System.IO.Pipes.PipeStream.WriteCore(Byte[] buffer, Int32 offset, Int32 count)
   en System.IO.Pipes.PipeStream.Write(Byte[] buffer, Int32 offset, Int32 count)
   en PipeComponent.PipeServer.WaitForConnectionCallBack(IAsyncResult iar) en E:\Proyectos\Kiosco\Autopista Vespucio Norte\PipeComponent\PipeComponent\PipeServer.cs:línea 241
13:40:58.881,000,REQ:102~NII ExD NP-K305~Hola
13:40:58.883,000,RES:OK~Voucher impreso
13:40:58.886,000,ERR:System.IO.IOException: Canalización interrumpida.
   en System.IO.Pipes.PipeStream.WinIOError(Int32 errorCode)
   en System.IO.Pipes.PipeStream.BeginWriteCore(Byte[] buffer, Int32 offset, Int32 count, AsyncCallback callback, Object state)
   en System.IO.Pipes.PipeStream.WriteCore(Byte[] buffer, Int32 offset, Int32 count)
   en System.IO.Pipes.PipeStream.Write(Byte[] buffer, Int32 offset, Int32 count)
   en PipeComponent.PipeServer.WaitForConnectionCallBack(IAsyncResult iar) en E:\Proyectos\Kiosco\Autopista Vespucio Norte\PipeComponent\PipeComponent\PipeServer.cs:línea 241
13:42:01.714,000,REQ:102~NII ExD NP-K305~Hola
13:42:01.716,000,RES:OK~Voucher impreso
13:42:01.718,000,ERR:System.IO.IOException: Canalización interrumpida.
   en System.IO.Pipes.PipeStream.WinIOError(Int32 errorCode)
   en System.IO.Pipes.PipeStream.BeginWriteCore(Byte[] buffer, Int32 offset, Int32 count, AsyncCallback callback, Object state)
   en System.IO.Pipes.PipeStream.WriteCore(Byte[] buffer, Int32 offset, Int32 count)
   en System.IO.Pipes.PipeStream.Write(Byte[] buffer, Int32 offset, Int32 count)
   en PipeComponent.PipeServer.WaitForConnectionCallBack(IAsyncResult iar) en E:\Proyectos\Kiosco\Autopista Vespucio Norte\PipeComponent\PipeComponent\PipeServer.cs:línea 241
13:47:01.133,000,REQ:102~NII ExD NP-K305~Hola
13:47:01.134,000,RES:OK~Voucher impreso
13:47:01.141,000,ERR:System.IO.IOException: Canalización interrumpida.
   en System.IO.Pipes.PipeStream.WinIOError(Int32 errorCode)
   en System.IO.Pipes.PipeStream.EndWrite(IAsyncResult asyncResult)
   en System.IO.Pipes.PipeStream.WriteCore(Byte[] buffer, Int32 offset, Int32 count)
   en System.IO.Pipes.PipeStream.Write(Byte[] buffer, Int32 offset, Int32 count)
   en PipeComponent.PipeServer.WaitForConnectionCallBack(IAsyncResult iar) en E:\Proyectos\Kiosco\Autopista Vespucio Norte\PipeComponent\PipeComponent\PipeServer.cs:línea 241

15:45:50.606,000,INI:Servicio alex PipeComponent v1.0.0.1 Generado el 12-06-2017 15:45:28
15:45:50.613,000,IOP:
15:59:56.185,000,REQ:102~NII ExD NP-K105~1117111, 11111111, 02/02/2017, 7,6, Osvaldo Guerrero
15:59:56.196,000,RES:OK~Voucher impreso

16:00:52.385,000,INI:Servicio alex PipeComponent v1.0.0.1 Generado el 12-06-2017 16:00:51
16:00:52.409,000,IOP:
16:00:54.029,000,REQ:102~NII ExD NP-K105~1117111, 11111111, 02/02/2017, 7,6, Osvaldo Guerrero

16:01:32.075,000,INI:Servicio alex PipeComponent v1.0.0.1 Generado el 12-06-2017 16:01:31
16:01:32.086,000,IOP:
16:01:33.840,000,REQ:102~NII ExD NP-K105~1117111, 11111111, 02/02/2017, 7,6, Osvaldo Guerrero
16:01:36.426,000,ERR:System.Exception: Error al inicializar la impresora: Printer open error
   en PipeComponent.Peripherals.ThermalPrinter.ImprimirDeuda(String parametros) en E:\AVN\PipeComponent\PipeComponent\Peripherals\ThermalPrinter.cs:línea 154
   en PipeComponent.PipeServer.WaitForConnectionCallBack(IAsyncResult iar) en E:\AVN\PipeComponent\PipeComponent\PipeServer.cs:línea 127
16:01:36.428,000,RES:NOK~Error al inicializar la impresora: Printer open error

16:07:34.002,000,INI:Servicio alex PipeComponent v1.0.0.1 Generado el 12-06-2017 16:01:31
16:07:34.037,000,IOP:
16:07:35.861,000,REQ:102~NII ExD NP-K105~1117111, 11111111, 02/02/2017, 7,6, Osvaldo Guerrero

16:07:48.048,000,INI:Servicio alex PipeComponent v1.0.0.1 Generado el 12-06-2017 16:07:47
16:07:48.063,000,IOP:
16:07:49.189,000,REQ:102~NII ExD NP-K105~1117111, 11111111, 02/02/2017, 7,6, Osvaldo Guerrero

16:08:19.151,000,INI:Servicio alex PipeComponent v1.0.0.1 Generado el 12-06-2017 16:08:18
16:08:19.188,000,IOP:
16:08:22.262,000,REQ:102~NII ExD NP-K105~1117111, 11111111, 02/02/2017, 7,6, Osvaldo Guerrero

16:10:43.591,000,INI:Servicio alex PipeComponent v1.0.0.1 Generado el 12-06-2017 16:10:43
16:10:43.604,000,IOP:
16:10:46.828,000,REQ:102~NII ExD NP-K105~1117111, 11111111, 02/02/2017, 7,6, Osvaldo Guerrero

16:11:17.721,000,INI:Servicio alex PipeComponent v1.0.0.1 Generado el 12-06-2017 16:11:17
16:11:17.736,000,IOP:
16:11:19.604,000,REQ:102~NII ExD NP-K105~1117111, 11111111, 02/02/2017, 7,6, Osvaldo Guerrero
16:11:19.632,000,ERR:System.Exception: Error al inicializar la impresora: Printer open error
   en PipeComponent.Peripherals.ThermalPrinter.ImprimirDeuda(String parametros) en E:\AVN\PipeComponent\PipeComponent\Peripherals\ThermalPrinter.cs:línea 154
   en PipeComponent.PipeServer.WaitForConnectionCallBack(IAsyncResult iar) en E:\AVN\PipeComponent\PipeComponent\PipeServer.cs:línea 127
16:11:19.635,000,RES:NOK~Error al inicializar la impresora: Printer open error

16:14:24.711,000,INI:Servicio alex PipeComponent v1.0.0.1 Generado el 12-06-2017 16:14:24
16:14:24.724,000,IOP:
16:14:26.795,000,REQ:102~NII ExD NP-K105~1117111, 11111111, 02/02/2017, 7,6, Osvaldo Guerrero

16:14:45.455,000,INI:Servicio alex PipeComponent v1.0.0.1 Generado el 12-06-2017 16:14:44
16:14:45.478,000,IOP:
16:14:47.246,000,REQ:102~NII ExD NP-K105~1117111, 11111111, 02/02/2017, 7,6, Osvaldo Guerrero

16:16:06.816,000,INI:Servicio alex PipeComponent v1.0.0.1 Generado el 12-06-2017 16:16:06
16:16:06.841,000,IOP:
16:16:08.584,000,REQ:102~NII ExD NP-K105~1117111, 11111111, 02/02/2017, 7,6, Osvaldo Guerrero
16:16:13.808,000,ERR:System.Exception: Error al inicializar la impresora: Printer open error
   en PipeComponent.Peripherals.ThermalPrinter.ImprimirDeuda(String parametros) en E:\AVN\PipeComponent\PipeComponent\Peripherals\ThermalPrinter.cs:línea 154
   en PipeComponent.PipeServer.WaitForConnectionCallBack(IAsyncResult iar) en E:\AVN\PipeComponent\PipeComponent\PipeServer.cs:línea 127
16:16:13.810,000,RES:NOK~Error al inicializar la impresora: Printer open error

16:26:37.071,000,INI:Servicio alex PipeComponent v1.0.0.1 Generado el 12-06-2017 16:16:06
16:26:37.092,000,IOP:
16:26:38.533,000,REQ:102~NII ExD NP-K105~1117111, 11111111, 02/02/2017, 7,6, Osvaldo Guerrero
16:26:38.555,000,ERR:System.Exception: Error al inicializar la impresora: Printer open error
   en PipeComponent.Peripherals.ThermalPrinter.ImprimirDeuda(String parametros) en E:\AVN\PipeComponent\PipeComponent\Peripherals\ThermalPrinter.cs:línea 154
   en PipeComponent.PipeServer.WaitForConnectionCallBack(IAsyncResult iar) en E:\AVN\PipeComponent\PipeComponent\PipeServer.cs:línea 127
16:26:38.557,000,RES:NOK~Error al inicializar la impresora: Printer open error

16:37:33.529,000,INI:Servicio alex PipeComponent v1.0.0.1 Generado el 12-06-2017 16:16:06
16:37:33.543,000,IOP:
16:50:38.338,000,REQ:107~PK1089,8464994,03-08-2008,03-08-2008;PK1089,8741556,03-08-2008,03-08-2008;PK1089,9427579,03-08-2008,03-08-2008
16:50:39.097,000,RES:OK~Archivo creado
17:13:21.381,000,REQ:107~PK1089,8464994,03-08-2008,03-08-2008;PK1089,8741556,03-08-2008,03-08-2008;PK1089,9427579,03-08-2008,03-08-2008
17:13:21.746,000,RES:OK~Archivo creado
17:19:44.559,000,REQ:107~PK1089,8464994,03-08-2008,03-08-2008;PK1089,8741556,03-08-2008,03-08-2008;PK1089,9427579,03-08-2008,03-08-2008
17:19:44.921,000,RES:OK~Archivo creado

17:22:50.296,000,INI:Servicio alex PipeComponent v1.0.0.1 Generado el 12-06-2017 17:22:49
17:22:50.318,000,IOP:
17:22:54.189,000,ERR:System.UnauthorizedAccessException: Acceso denegado a la ruta de acceso.
   en System.IO.__Error.WinIOError(Int32 errorCode, String maybeFullPath)
   en System.IO.Pipes.NamedPipeServerStream.Create(String fullPipeName, PipeDirection direction, Int32 maxNumberOfServerInstances, PipeTransmissionMode transmissionMode, PipeOptions options, Int32 inBufferSize, Int32 outBufferSize, PipeAccessRights rights, SECURITY_ATTRIBUTES secAttrs)
   en System.IO.Pipes.NamedPipeServerStream..ctor(String pipeName, PipeDirection direction, Int32 maxNumberOfServerInstances, PipeTransmissionMode transmissionMode, PipeOptions options, Int32 inBufferSize, Int32 outBufferSize, PipeSecurity pipeSecurity, HandleInheritability inheritability, PipeAccessRights additionalAccessRights)
   en System.IO.Pipes.NamedPipeServerStream..ctor(String pipeName, PipeDirection direction, Int32 maxNumberOfServerInstances, PipeTransmissionMode transmissionMode, PipeOptions options, Int32 inBufferSize, Int32 outBufferSize, PipeSecurity pipeSecurity)
   en PipeComponent.PipeServer.StartListeningPipes() en E:\AVN\PipeComponent\PipeComponent\PipeServer.cs:línea 48
   en PipeComponent.PipeServer.WaitForConnectionCallBack(IAsyncResult iar) en E:\AVN\PipeComponent\PipeComponent\PipeServer.cs:línea 59

17:23:12.331,000,INI:Servicio alex PipeComponent v1.0.0.1 Generado el 12-06-2017 17:22:49
17:23:12.356,000,IOP:
17:23:13.550,000,ERR:System.UnauthorizedAccessException: Acceso denegado a la ruta de acceso.
   en System.IO.__Error.WinIOError(Int32 errorCode, String maybeFullPath)
   en System.IO.Pipes.NamedPipeServerStream.Create(String fullPipeName, PipeDirection direction, Int32 maxNumberOfServerInstances, PipeTransmissionMode transmissionMode, PipeOptions options, Int32 inBufferSize, Int32 outBufferSize, PipeAccessRights rights, SECURITY_ATTRIBUTES secAttrs)
   en System.IO.Pipes.NamedPipeServerStream..ctor(String pipeName, PipeDirection direction, Int32 maxNumberOfServerInstances, PipeTransmissionMode transmissionMode, PipeOptions options, Int32 inBufferSize, Int32 outBufferSize, PipeSecurity pipeSecurity, HandleInheritability inheritability, PipeAccessRights additionalAccessRights)
   en System.IO.Pipes.NamedPipeServerStream..ctor(String pipeName, PipeDirection direction, Int32 maxNumberOfServerInstances, PipeTransmissionMode transmissionMode, PipeOptions options, Int32 inBufferSize, Int32 outBufferSize, PipeSecurity pipeSecurity)
   en PipeComponent.PipeServer.StartListeningPipes() en E:\AVN\PipeComponent\PipeComponent\PipeServer.cs:línea 48
   en PipeComponent.PipeServer.WaitForConnectionCallBack(IAsyncResult iar) en E:\AVN\PipeComponent\PipeComponent\PipeServer.cs:línea 59

17:23:30.566,000,INI:Servicio alex PipeComponent v1.0.0.1 Generado el 12-06-2017 17:23:30
17:23:30.580,000,IOP:
17:23:32.491,000,ERR:System.UnauthorizedAccessException: Acceso denegado a la ruta de acceso.
   en System.IO.__Error.WinIOError(Int32 errorCode, String maybeFullPath)
   en System.IO.Pipes.NamedPipeServerStream.Create(String fullPipeName, PipeDirection direction, Int32 maxNumberOfServerInstances, PipeTransmissionMode transmissionMode, PipeOptions options, Int32 inBufferSize, Int32 outBufferSize, PipeAccessRights rights, SECURITY_ATTRIBUTES secAttrs)
   en System.IO.Pipes.NamedPipeServerStream..ctor(String pipeName, PipeDirection direction, Int32 maxNumberOfServerInstances, PipeTransmissionMode transmissionMode, PipeOptions options, Int32 inBufferSize, Int32 outBufferSize, PipeSecurity pipeSecurity, HandleInheritability inheritability, PipeAccessRights additionalAccessRights)
   en System.IO.Pipes.NamedPipeServerStream..ctor(String pipeName, PipeDirection direction, Int32 maxNumberOfServerInstances, PipeTransmissionMode transmissionMode, PipeOptions options, Int32 inBufferSize, Int32 outBufferSize, PipeSecurity pipeSecurity)
   en PipeComponent.PipeServer.StartListeningPipes() en E:\AVN\PipeComponent\PipeComponent\PipeServer.cs:línea 48
   en PipeComponent.PipeServer.WaitForConnectionCallBack(IAsyncResult iar) en E:\AVN\PipeComponent\PipeComponent\PipeServer.cs:línea 59

17:23:54.084,000,INI:Servicio alex PipeComponent v1.0.0.1 Generado el 12-06-2017 17:23:53
17:23:54.103,000,IOP:
17:23:57.203,000,ERR:System.UnauthorizedAccessException: Acceso denegado a la ruta de acceso.
   en System.IO.__Error.WinIOError(Int32 errorCode, String maybeFullPath)
   en System.IO.Pipes.NamedPipeServerStream.Create(String fullPipeName, PipeDirection direction, Int32 maxNumberOfServerInstances, PipeTransmissionMode transmissionMode, PipeOptions options, Int32 inBufferSize, Int32 outBufferSize, PipeAccessRights rights, SECURITY_ATTRIBUTES secAttrs)
   en System.IO.Pipes.NamedPipeServerStream..ctor(String pipeName, PipeDirection direction, Int32 maxNumberOfServerInstances, PipeTransmissionMode transmissionMode, PipeOptions options, Int32 inBufferSize, Int32 outBufferSize, PipeSecurity pipeSecurity, HandleInheritability inheritability, PipeAccessRights additionalAccessRights)
   en System.IO.Pipes.NamedPipeServerStream..ctor(String pipeName, PipeDirection direction, Int32 maxNumberOfServerInstances, PipeTransmissionMode transmissionMode, PipeOptions options, Int32 inBufferSize, Int32 outBufferSize, PipeSecurity pipeSecurity)
   en PipeComponent.PipeServer.StartListeningPipes() en E:\AVN\PipeComponent\PipeComponent\PipeServer.cs:línea 48
   en PipeComponent.PipeServer.WaitForConnectionCallBack(IAsyncResult iar) en E:\AVN\PipeComponent\PipeComponent\PipeServer.cs:línea 59

17:24:13.630,000,INI:Servicio alex PipeComponent v1.0.0.1 Generado el 12-06-2017 17:24:13
17:24:13.656,000,IOP:

17:24:50.372,000,INI:Servicio alex PipeComponent v1.0.0.1 Generado el 12-06-2017 17:24:49

17:25:01.005,000,INI:Servicio alex PipeComponent v1.0.0.1 Generado el 12-06-2017 17:24:49

17:28:39.300,000,INI:Servicio alex PipeComponent v1.0.0.1 Generado el 12-06-2017 17:28:38
17:28:39.351,000,IOP:

17:31:01.938,000,INI:Servicio alex PipeComponent v1.0.0.1 Generado el 12-06-2017 17:28:38
17:31:01.965,000,IOP:
17:33:35.661,000,REQ:107~PK1089,8464994,03-08-2008,03-08-2008;PK1089,8741556,03-08-2008,03-08-2008;PK1089,9427579,03-08-2008,03-08-2008
17:33:36.397,000,RES:OK~Archivo creado
17:34:49.509,000,REQ:104~1~30
17:35:19.524,000,ERR:TPAuto.HuellaCI.Exceptions.CardTimeoutException: El tiempo para esperar la lectura de la cédula ha expirado.
   en TPAuto.HuellaCI.ValidadorHuella.ObtenerRut(Int32 commPort, Int32 timeout) en E:\AVN\PipeComponent\PipeComponent\HuellaCI\ValidadorHuella.cs:línea 91
   en PipeComponent.PipeServer.WaitForConnectionCallBack(IAsyncResult iar) en E:\AVN\PipeComponent\PipeComponent\PipeServer.cs:línea 182
17:35:19.526,000,RES:NOK~El tiempo para esperar la lectura de la cédula ha expirado.
17:35:30.283,000,REQ:104~1~30
17:35:56.556,000,REQ:107~PK1089,8464994,03-08-2008,03-08-2008;PK1089,8741556,03-08-2008,03-08-2008;PK1089,9427579,03-08-2008,03-08-2008
17:35:56.918,000,RES:OK~Archivo creado
17:36:00.291,000,ERR:TPAuto.HuellaCI.Exceptions.CardTimeoutException: El tiempo para esperar la lectura de la cédula ha expirado.
   en TPAuto.HuellaCI.ValidadorHuella.ObtenerRut(Int32 commPort, Int32 timeout) en E:\AVN\PipeComponent\PipeComponent\HuellaCI\ValidadorHuella.cs:línea 91
   en PipeComponent.PipeServer.WaitForConnectionCallBack(IAsyncResult iar) en E:\AVN\PipeComponent\PipeComponent\PipeServer.cs:línea 182
17:36:00.292,000,RES:NOK~El tiempo para esperar la lectura de la cédula ha expirado.

17:58:20.431,000,INI:Servicio alex PipeComponent v1.0.0.1 Generado el 12-06-2017 17:58:19
17:58:20.451,000,IOP:
17:58:21.863,000,REQ:107~2~1,2,3,4,5
17:58:22.535,000,RES:OK~Archivo creado

18:00:56.212,000,INI:Servicio alex PipeComponent v1.0.0.1 Generado el 12-06-2017 17:58:19
18:00:56.242,000,IOP:
18:00:59.037,000,REQ:107~2~1,2,3,4,5
18:00:59.761,000,RES:OK~Archivo creado

18:03:23.357,000,INI:Servicio alex PipeComponent v1.0.0.1 Generado el 12-06-2017 18:03:22
18:03:23.371,000,IOP:
18:03:33.869,000,REQ:107~3~1,2,3,4,5,6,7,8,9
18:03:34.588,000,RES:OK~Archivo creado
18:04:47.995,000,REQ:107~3~1,2,3,4,5,6,7,8,9
18:04:48.356,000,RES:OK~Archivo creado
18:05:53.006,000,REQ:107~2~1,2,3,4,5,6,7,8,9
18:05:53.358,000,RES:OK~Archivo creado
18:33:51.696,000,REQ:107~2~PK1089,17-11-2008,073725,14,AVN;PK1089,13-02-2009,073725,14,AVN;PK1089,09-12-2008,073725,14,AVN
18:33:52.058,000,RES:OK~Archivo creado
18:36:41.130,000,REQ:107~2~PK1089,17-11-2008,07:37:25,14,AVN;PK1089,13-02-2009,07:37:25,14,AVN;PK1089,09-12-2008,07:37:25,14,AVN
18:36:41.499,000,RES:OK~Archivo creado
18:59:07.651,000,REQ:107~3~BGXT65,01-01-2015,,,,,AVN,,;BGXT65,04-01-2015,,,,,AVN,,;BGXT65,14-01-2015,,,,,AVN,,
18:59:08.039,000,RES:OK~Archivo creado

19:07:51.304,000,INI:Servicio alex PipeComponent v1.0.0.1 Generado el 12-06-2017 19:07:50
19:07:51.351,000,IOP:
19:09:07.185,000,REQ:107~3~BGXT65,01-01-2015,AVN;BGXT65,04-01-2015,AVN;BGXT65,14-01-2015,AVN
19:09:07.911,000,RES:OK~Archivo creado
