
09:10:36.786,000,INI:Servicio alex PipeComponent v1.0.0.1 Generado el 13-06-2017 09:10:35
09:10:36.835,000,IOP:

10:46:42.160,000,INI:Servicio alex PipeComponent v1.0.0.1 Generado el 13-06-2017 09:10:35
10:46:42.180,000,IOP:
11:36:12.322,000,REQ:107~1~1522249,33708405,11-02-2015,2.723,CATALINA ANGELICA PEREZ
11:36:13.315,000,RES:OK~Archivo creado
12:01:47.010,000,REQ:107~1~1100942945,116010272,30-09-2011,275.315,RICARDO ERNESTO SANZO
12:01:47.381,000,RES:OK~Archivo creado
12:12:22.508,000,REQ:107~1~1000252918,132012002,17-10-2011,639.557,MAURICIO ANTONIO RODRIGUEZ;1157432,124011943,16-01-2012,80.706,MAURICIO ANTONIO RODRIGUEZ
12:12:22.869,000,RES:OK~Archivo creado
12:33:38.222,000,REQ:107~1~1000252918,132012002,17-10-2011,639.557,MAURICIO ANTONIO RODRIGUEZ;1157432,124011943,16-01-2012,80.706,MAURICIO ANTONIO RODRIGUEZ
12:33:38.581,000,RES:OK~Archivo creado
12:34:22.185,000,REQ:107~1~1000252918,132012002,17-10-2011,639.557,MAURICIO ANTONIO RODRIGUEZ;1157432,124011943,16-01-2012,80.706,MAURICIO ANTONIO RODRIGUEZ
12:34:22.547,000,RES:OK~Archivo creado
13:04:08.986,000,REQ:107~1~1000252918,132012002,17-10-2011,639.557,MAURICIO ANTONIO RODRIGUEZ;1157432,124011943,16-01-2012,80.706,MAURICIO ANTONIO RODRIGUEZ
13:04:09.356,000,RES:OK~Archivo creado
13:20:27.830,000,REQ:107~1~1000252918,132012002,17-10-2011,639.557,MAURICIO ANTONIO RODRIGUEZ;1157432,124011943,16-01-2012,80.706,MAURICIO ANTONIO RODRIGUEZ
13:20:28.226,000,RES:OK~Archivo creado
13:24:09.243,000,REQ:107~1~1000252918,132012002,17-10-2011,639.557,0,MAURICIO ANTONIO RODRIGUEZ;1157432,124011943,16-01-2012,80.706,0,MAURICIO ANTONIO RODRIGUEZ
13:24:09.604,000,RES:OK~Archivo creado

13:26:28.222,000,INI:Servicio alex PipeComponent v1.0.0.1 Generado el 13-06-2017 09:10:35
13:26:28.275,000,IOP:
13:27:50.035,000,REQ:102~NII ExD NP-K3053~1000252918,132012002,17-10-2011,639.557,0,MAURICIO ANTONIO RODRIGUEZ
13:27:50.077,000,ERR:System.Exception: Error al inicializar la impresora: Printer open error
   en PipeComponent.Peripherals.ThermalPrinter.ImprimirDeuda(String parametros) en E:\AVN\PipeComponent\PipeComponent\Peripherals\ThermalPrinter.cs:línea 154
   en PipeComponent.PipeServer.WaitForConnectionCallBack(IAsyncResult iar) en E:\AVN\PipeComponent\PipeComponent\PipeServer.cs:línea 127
13:27:50.079,000,RES:NOK~Error al inicializar la impresora: Printer open error
13:31:24.939,000,REQ:102~NII ExD NP-K3053~1000252918,132012002,17-10-2011,639.557,0,MAURICIO ANTONIO RODRIGUEZ;1157432,124011943,16-01-2012,80.706,0,MAURICIO ANTONIO RODRIGUEZ
13:31:24.943,000,ERR:System.Exception: Error al inicializar la impresora: Data expansion error
   en PipeComponent.Peripherals.ThermalPrinter.ImprimirDeuda(String parametros) en E:\AVN\PipeComponent\PipeComponent\Peripherals\ThermalPrinter.cs:línea 154
   en PipeComponent.PipeServer.WaitForConnectionCallBack(IAsyncResult iar) en E:\AVN\PipeComponent\PipeComponent\PipeServer.cs:línea 127
13:31:24.945,000,RES:NOK~Error al inicializar la impresora: Data expansion error
13:32:21.304,000,REQ:102~NII ExD NP-K3053~1000252918,132012002,17-10-2011,639.557,0,MAURICIO ANTONIO RODRIGUEZ;1157432,124011943,16-01-2012,80.706,0,MAURICIO ANTONIO RODRIGUEZ
13:32:21.307,000,ERR:System.Exception: Error al inicializar la impresora: Printer open error
   en PipeComponent.Peripherals.ThermalPrinter.ImprimirDeuda(String parametros) en E:\AVN\PipeComponent\PipeComponent\Peripherals\ThermalPrinter.cs:línea 154
   en PipeComponent.PipeServer.WaitForConnectionCallBack(IAsyncResult iar) en E:\AVN\PipeComponent\PipeComponent\PipeServer.cs:línea 127
13:32:21.308,000,RES:NOK~Error al inicializar la impresora: Printer open error
13:32:58.117,000,REQ:102~NII ExD NP-K3053~1000252918,132012002,17-10-2011,639.557,0,MAURICIO ANTONIO RODRIGUEZ;1157432,124011943,16-01-2012,80.706,0,MAURICIO ANTONIO RODRIGUEZ
13:32:58.121,000,ERR:System.Exception: Error al inicializar la impresora: Printer open error
   en PipeComponent.Peripherals.ThermalPrinter.ImprimirDeuda(String parametros) en E:\AVN\PipeComponent\PipeComponent\Peripherals\ThermalPrinter.cs:línea 154
   en PipeComponent.PipeServer.WaitForConnectionCallBack(IAsyncResult iar) en E:\AVN\PipeComponent\PipeComponent\PipeServer.cs:línea 127
13:32:58.121,000,RES:NOK~Error al inicializar la impresora: Printer open error
13:36:56.643,000,REQ:102~NII ExD NP-K3053~1000252918,132012002,17-10-2011,639.557,0,MAURICIO ANTONIO RODRIGUEZ;1157432,124011943,16-01-2012,80.706,0,MAURICIO ANTONIO RODRIGUEZ
13:36:56.646,000,ERR:System.Exception: Error al inicializar la impresora: Printer open error
   en PipeComponent.Peripherals.ThermalPrinter.ImprimirDeuda(String parametros) en E:\AVN\PipeComponent\PipeComponent\Peripherals\ThermalPrinter.cs:línea 154
   en PipeComponent.PipeServer.WaitForConnectionCallBack(IAsyncResult iar) en E:\AVN\PipeComponent\PipeComponent\PipeServer.cs:línea 127
13:36:56.647,000,RES:NOK~Error al inicializar la impresora: Printer open error
13:40:14.701,000,REQ:102~NII ExD NP-K3053~1000252918,132012002,17-10-2011,639.557,0,MAURICIO ANTONIO RODRIGUEZ;1157432,124011943,16-01-2012,80.706,0,MAURICIO ANTONIO RODRIGUEZ
13:40:14.706,000,ERR:System.Exception: Error al inicializar la impresora: Printer open error
   en PipeComponent.Peripherals.ThermalPrinter.ImprimirDeuda(String parametros) en E:\AVN\PipeComponent\PipeComponent\Peripherals\ThermalPrinter.cs:línea 154
   en PipeComponent.PipeServer.WaitForConnectionCallBack(IAsyncResult iar) en E:\AVN\PipeComponent\PipeComponent\PipeServer.cs:línea 127
13:40:14.709,000,RES:NOK~Error al inicializar la impresora: Printer open error
13:41:17.057,000,REQ:102~NII ExD NP-K3053~1000252918,132012002,17-10-2011,639.557,0,MAURICIO ANTONIO RODRIGUEZ;1157432,124011943,16-01-2012,80.706,0,MAURICIO ANTONIO RODRIGUEZ
13:41:17.061,000,ERR:System.Exception: Error al inicializar la impresora: Printer open error
   en PipeComponent.Peripherals.ThermalPrinter.ImprimirDeuda(String parametros) en E:\AVN\PipeComponent\PipeComponent\Peripherals\ThermalPrinter.cs:línea 154
   en PipeComponent.PipeServer.WaitForConnectionCallBack(IAsyncResult iar) en E:\AVN\PipeComponent\PipeComponent\PipeServer.cs:línea 127
13:41:17.062,000,RES:NOK~Error al inicializar la impresora: Printer open error
13:42:04.682,000,REQ:102~NII ExD NP-K3053~1000252918,132012002,17-10-2011,639.557,0,MAURICIO ANTONIO RODRIGUEZ;1157432,124011943,16-01-2012,80.706,0,MAURICIO ANTONIO RODRIGUEZ
13:42:04.686,000,ERR:System.Exception: Error al inicializar la impresora: Printer open error
   en PipeComponent.Peripherals.ThermalPrinter.ImprimirDeuda(String parametros) en E:\AVN\PipeComponent\PipeComponent\Peripherals\ThermalPrinter.cs:línea 154
   en PipeComponent.PipeServer.WaitForConnectionCallBack(IAsyncResult iar) en E:\AVN\PipeComponent\PipeComponent\PipeServer.cs:línea 127
13:42:04.686,000,RES:NOK~Error al inicializar la impresora: Printer open error
13:45:08.983,000,REQ:102~NII ExD NP-K3053~1000252918,132012002,17-10-2011,639.557,0,MAURICIO ANTONIO RODRIGUEZ;1157432,124011943,16-01-2012,80.706,0,MAURICIO ANTONIO RODRIGUEZ
13:45:08.987,000,ERR:System.Exception: Error al inicializar la impresora: Printer open error
   en PipeComponent.Peripherals.ThermalPrinter.ImprimirDeuda(String parametros) en E:\AVN\PipeComponent\PipeComponent\Peripherals\ThermalPrinter.cs:línea 154
   en PipeComponent.PipeServer.WaitForConnectionCallBack(IAsyncResult iar) en E:\AVN\PipeComponent\PipeComponent\PipeServer.cs:línea 127
13:45:08.987,000,RES:NOK~Error al inicializar la impresora: Printer open error
13:45:14.239,000,REQ:102~NII ExD NP-K3053~1000252918,132012002,17-10-2011,639.557,0,MAURICIO ANTONIO RODRIGUEZ;1157432,124011943,16-01-2012,80.706,0,MAURICIO ANTONIO RODRIGUEZ
13:45:14.242,000,ERR:System.Exception: Error al inicializar la impresora: Printer open error
   en PipeComponent.Peripherals.ThermalPrinter.ImprimirDeuda(String parametros) en E:\AVN\PipeComponent\PipeComponent\Peripherals\ThermalPrinter.cs:línea 154
   en PipeComponent.PipeServer.WaitForConnectionCallBack(IAsyncResult iar) en E:\AVN\PipeComponent\PipeComponent\PipeServer.cs:línea 127
13:45:14.243,000,RES:NOK~Error al inicializar la impresora: Printer open error
13:45:21.522,000,REQ:102~NII ExD NP-K3053~1000252918,132012002,17-10-2011,639.557,0,MAURICIO ANTONIO RODRIGUEZ;1157432,124011943,16-01-2012,80.706,0,MAURICIO ANTONIO RODRIGUEZ
13:45:21.526,000,ERR:System.Exception: Error al inicializar la impresora: Printer open error
   en PipeComponent.Peripherals.ThermalPrinter.ImprimirDeuda(String parametros) en E:\AVN\PipeComponent\PipeComponent\Peripherals\ThermalPrinter.cs:línea 154
   en PipeComponent.PipeServer.WaitForConnectionCallBack(IAsyncResult iar) en E:\AVN\PipeComponent\PipeComponent\PipeServer.cs:línea 127
13:45:21.527,000,RES:NOK~Error al inicializar la impresora: Printer open error
13:45:42.756,000,REQ:102~NII ExD NP-K3053~1000252918,132012002,17-10-2011,639.557,0,MAURICIO ANTONIO RODRIGUEZ;1157432,124011943,16-01-2012,80.706,0,MAURICIO ANTONIO RODRIGUEZ
13:45:42.759,000,ERR:System.Exception: Error al inicializar la impresora: Printer open error
   en PipeComponent.Peripherals.ThermalPrinter.ImprimirDeuda(String parametros) en E:\AVN\PipeComponent\PipeComponent\Peripherals\ThermalPrinter.cs:línea 154
   en PipeComponent.PipeServer.WaitForConnectionCallBack(IAsyncResult iar) en E:\AVN\PipeComponent\PipeComponent\PipeServer.cs:línea 127
13:45:42.760,000,RES:NOK~Error al inicializar la impresora: Printer open error
13:45:46.061,000,REQ:102~NII ExD NP-K3053~1000252918,132012002,17-10-2011,639.557,0,MAURICIO ANTONIO RODRIGUEZ;1157432,124011943,16-01-2012,80.706,0,MAURICIO ANTONIO RODRIGUEZ
13:45:46.065,000,ERR:System.Exception: Error al inicializar la impresora: Printer open error
   en PipeComponent.Peripherals.ThermalPrinter.ImprimirDeuda(String parametros) en E:\AVN\PipeComponent\PipeComponent\Peripherals\ThermalPrinter.cs:línea 154
   en PipeComponent.PipeServer.WaitForConnectionCallBack(IAsyncResult iar) en E:\AVN\PipeComponent\PipeComponent\PipeServer.cs:línea 127
13:45:46.065,000,RES:NOK~Error al inicializar la impresora: Printer open error
15:53:20.783,000,REQ:107~2~CPHH16,07-01-2013,23:14:35,11,AVN;CPHH16,07-01-2013,23:13:19,13,AVN;CPHH16,05-01-2013,06:02:41,13,AVN
15:53:21.504,000,RES:OK~Archivo creado
15:54:23.839,000,REQ:107~3~CPHH16,06-11-2014,AVN;CPHH16,21-11-2014,AVN;CPHH16,01-12-2014,AVN;CPHH16,04-12-2014,AVN;CPHH16,05-12-2014,AVN;CPHH16,06-12-2014,AVN;CPHH16,08-12-2014,AVN;CPHH16,09-12-2014,AVN;CPHH16,10-12-2014,AVN;CPHH16,11-12-2014,AVN;CPHH16,12-12-2014,AVN;CPHH16,13-12-2014,AVN;CPHH16,14-12-2014,AVN;CPHH16,15-12-2014,AVN;CPHH16,16-12-2014,AVN;CPHH16,18-12-2014,AVN;CPHH16,19-12-2014,AVN;CPHH16,20-12-2014,AVN;CPHH16,21-12-2014,AVN;CPHH16,22-12-2014,AVN;CPHH16,23-12-2014,AVN;CPHH16,24-12-2014,AVN;CPHH16,27-12-2014,AVN;CPHH16,28-12-2014,AVN;CPHH16,30-12-2014,AVN;CPHH16,31-12-2014,AVN;CPHH16,01-01-2015,AVN;CPHH16,02-01-2015,AVN;CPHH16,03-01-2015,AVN;CPHH16,05-01-2015,AVN;CPHH16,06-01-2015,AVN-TSC;CPHH16,07-01-2015,AVN;CPHH16,08-01-2015,AVN;CPHH16,09-01-2015,AVN;CPHH16,17-01-2015,AVN;CPHH16,18-01-2015,AVN;CPHH16,19-01-2015,AVN;CPHH16,20-01-2015,AVN;CPHH16,21-01-2015,AVN
15:54:24.229,000,RES:OK~Archivo creado
16:05:26.595,000,REQ:107~3~CPHH16,06-11-2014,AVN;CPHH16,21-11-2014,AVN;CPHH16,01-12-2014,AVN;CPHH16,04-12-2014,AVN;CPHH16,05-12-2014,AVN;CPHH16,06-12-2014,AVN;CPHH16,08-12-2014,AVN;CPHH16,09-12-2014,AVN;CPHH16,10-12-2014,AVN;CPHH16,11-12-2014,AVN;CPHH16,12-12-2014,AVN;CPHH16,13-12-2014,AVN;CPHH16,14-12-2014,AVN;CPHH16,15-12-2014,AVN;CPHH16,16-12-2014,AVN;CPHH16,18-12-2014,AVN;CPHH16,19-12-2014,AVN;CPHH16,20-12-2014,AVN;CPHH16,21-12-2014,AVN;CPHH16,22-12-2014,AVN;CPHH16,23-12-2014,AVN;CPHH16,24-12-2014,AVN;CPHH16,27-12-2014,AVN;CPHH16,28-12-2014,AVN;CPHH16,30-12-2014,AVN;CPHH16,31-12-2014,AVN;CPHH16,01-01-2015,AVN;CPHH16,02-01-2015,AVN;CPHH16,03-01-2015,AVN;CPHH16,05-01-2015,AVN;CPHH16,06-01-2015,AVN-TSC;CPHH16,07-01-2015,AVN;CPHH16,08-01-2015,AVN;CPHH16,09-01-2015,AVN;CPHH16,17-01-2015,AVN;CPHH16,18-01-2015,AVN;CPHH16,19-01-2015,AVN;CPHH16,20-01-2015,AVN;CPHH16,21-01-2015,AVN
16:05:26.977,000,RES:OK~Archivo creado
16:27:57.063,000,REQ:107~3~CPHH16,06-11-2014,AVN;CPHH16,21-11-2014,AVN;CPHH16,01-12-2014,AVN;CPHH16,04-12-2014,AVN;CPHH16,05-12-2014,AVN;CPHH16,06-12-2014,AVN;CPHH16,08-12-2014,AVN;CPHH16,09-12-2014,AVN;CPHH16,10-12-2014,AVN;CPHH16,11-12-2014,AVN;CPHH16,12-12-2014,AVN;CPHH16,13-12-2014,AVN;CPHH16,14-12-2014,AVN;CPHH16,15-12-2014,AVN;CPHH16,16-12-2014,AVN;CPHH16,18-12-2014,AVN;CPHH16,19-12-2014,AVN;CPHH16,20-12-2014,AVN;CPHH16,21-12-2014,AVN;CPHH16,22-12-2014,AVN;CPHH16,23-12-2014,AVN;CPHH16,24-12-2014,AVN;CPHH16,27-12-2014,AVN;CPHH16,28-12-2014,AVN;CPHH16,30-12-2014,AVN;CPHH16,31-12-2014,AVN;CPHH16,01-01-2015,AVN;CPHH16,02-01-2015,AVN;CPHH16,03-01-2015,AVN;CPHH16,05-01-2015,AVN;CPHH16,06-01-2015,AVN-TSC;CPHH16,07-01-2015,AVN;CPHH16,08-01-2015,AVN;CPHH16,09-01-2015,AVN;CPHH16,17-01-2015,AVN;CPHH16,18-01-2015,AVN;CPHH16,19-01-2015,AVN;CPHH16,20-01-2015,AVN;CPHH16,21-01-2015,AVN
16:27:57.474,000,RES:OK~Archivo creado
16:30:53.410,000,REQ:107~3~CPHH16,06-11-2014,AVN;CPHH16,21-11-2014,AVN;CPHH16,01-12-2014,AVN;CPHH16,04-12-2014,AVN;CPHH16,05-12-2014,AVN;CPHH16,06-12-2014,AVN;CPHH16,08-12-2014,AVN;CPHH16,09-12-2014,AVN;CPHH16,10-12-2014,AVN;CPHH16,11-12-2014,AVN;CPHH16,12-12-2014,AVN;CPHH16,13-12-2014,AVN;CPHH16,14-12-2014,AVN;CPHH16,15-12-2014,AVN;CPHH16,16-12-2014,AVN;CPHH16,18-12-2014,AVN;CPHH16,19-12-2014,AVN;CPHH16,20-12-2014,AVN;CPHH16,21-12-2014,AVN;CPHH16,22-12-2014,AVN;CPHH16,23-12-2014,AVN;CPHH16,24-12-2014,AVN;CPHH16,27-12-2014,AVN;CPHH16,28-12-2014,AVN;CPHH16,30-12-2014,AVN;CPHH16,31-12-2014,AVN;CPHH16,01-01-2015,AVN;CPHH16,02-01-2015,AVN;CPHH16,03-01-2015,AVN;CPHH16,05-01-2015,AVN;CPHH16,06-01-2015,AVN-TSC;CPHH16,07-01-2015,AVN;CPHH16,08-01-2015,AVN;CPHH16,09-01-2015,AVN;CPHH16,17-01-2015,AVN;CPHH16,18-01-2015,AVN;CPHH16,19-01-2015,AVN;CPHH16,20-01-2015,AVN;CPHH16,21-01-2015,AVN
16:30:53.796,000,RES:OK~Archivo creado
16:31:54.433,000,REQ:107~3~CPHH16,06-11-2014,AVN;CPHH16,21-11-2014,AVN;CPHH16,01-12-2014,AVN;CPHH16,04-12-2014,AVN;CPHH16,05-12-2014,AVN;CPHH16,06-12-2014,AVN;CPHH16,08-12-2014,AVN;CPHH16,09-12-2014,AVN;CPHH16,10-12-2014,AVN;CPHH16,11-12-2014,AVN;CPHH16,12-12-2014,AVN;CPHH16,13-12-2014,AVN;CPHH16,14-12-2014,AVN;CPHH16,15-12-2014,AVN;CPHH16,16-12-2014,AVN;CPHH16,18-12-2014,AVN;CPHH16,19-12-2014,AVN;CPHH16,20-12-2014,AVN;CPHH16,21-12-2014,AVN;CPHH16,22-12-2014,AVN;CPHH16,23-12-2014,AVN;CPHH16,24-12-2014,AVN;CPHH16,27-12-2014,AVN;CPHH16,28-12-2014,AVN;CPHH16,30-12-2014,AVN;CPHH16,31-12-2014,AVN;CPHH16,01-01-2015,AVN;CPHH16,02-01-2015,AVN;CPHH16,03-01-2015,AVN;CPHH16,05-01-2015,AVN;CPHH16,06-01-2015,AVN-TSC;CPHH16,07-01-2015,AVN;CPHH16,08-01-2015,AVN;CPHH16,09-01-2015,AVN;CPHH16,17-01-2015,AVN;CPHH16,18-01-2015,AVN;CPHH16,19-01-2015,AVN;CPHH16,20-01-2015,AVN;CPHH16,21-01-2015,AVN
16:31:54.822,000,RES:OK~Archivo creado
16:33:29.236,000,REQ:107~3~CPHH16,06-11-2014,AVN;CPHH16,21-11-2014,AVN;CPHH16,01-12-2014,AVN;CPHH16,04-12-2014,AVN;CPHH16,05-12-2014,AVN;CPHH16,06-12-2014,AVN;CPHH16,08-12-2014,AVN;CPHH16,09-12-2014,AVN;CPHH16,10-12-2014,AVN;CPHH16,11-12-2014,AVN;CPHH16,12-12-2014,AVN;CPHH16,13-12-2014,AVN;CPHH16,14-12-2014,AVN;CPHH16,15-12-2014,AVN;CPHH16,16-12-2014,AVN;CPHH16,18-12-2014,AVN;CPHH16,19-12-2014,AVN;CPHH16,20-12-2014,AVN;CPHH16,21-12-2014,AVN;CPHH16,22-12-2014,AVN;CPHH16,23-12-2014,AVN;CPHH16,24-12-2014,AVN;CPHH16,27-12-2014,AVN;CPHH16,28-12-2014,AVN;CPHH16,30-12-2014,AVN;CPHH16,31-12-2014,AVN;CPHH16,01-01-2015,AVN;CPHH16,02-01-2015,AVN;CPHH16,03-01-2015,AVN;CPHH16,05-01-2015,AVN;CPHH16,06-01-2015,AVN-TSC;CPHH16,07-01-2015,AVN;CPHH16,08-01-2015,AVN;CPHH16,09-01-2015,AVN;CPHH16,17-01-2015,AVN;CPHH16,18-01-2015,AVN;CPHH16,19-01-2015,AVN;CPHH16,20-01-2015,AVN;CPHH16,21-01-2015,AVN
16:33:29.617,000,RES:OK~Archivo creado
17:12:35.756,000,REQ:107~3~CPHH16,06-11-2014,AVN;CPHH16,21-11-2014,AVN;CPHH16,01-12-2014,AVN;CPHH16,04-12-2014,AVN;CPHH16,05-12-2014,AVN;CPHH16,06-12-2014,AVN;CPHH16,08-12-2014,AVN;CPHH16,09-12-2014,AVN;CPHH16,10-12-2014,AVN;CPHH16,11-12-2014,AVN;CPHH16,12-12-2014,AVN;CPHH16,13-12-2014,AVN;CPHH16,14-12-2014,AVN;CPHH16,15-12-2014,AVN;CPHH16,16-12-2014,AVN;CPHH16,18-12-2014,AVN;CPHH16,19-12-2014,AVN;CPHH16,20-12-2014,AVN;CPHH16,21-12-2014,AVN;CPHH16,22-12-2014,AVN;CPHH16,23-12-2014,AVN;CPHH16,24-12-2014,AVN;CPHH16,27-12-2014,AVN;CPHH16,28-12-2014,AVN;CPHH16,30-12-2014,AVN;CPHH16,31-12-2014,AVN;CPHH16,01-01-2015,AVN;CPHH16,02-01-2015,AVN;CPHH16,03-01-2015,AVN;CPHH16,05-01-2015,AVN;CPHH16,06-01-2015,AVN-TSC;CPHH16,07-01-2015,AVN;CPHH16,08-01-2015,AVN;CPHH16,09-01-2015,AVN;CPHH16,17-01-2015,AVN;CPHH16,18-01-2015,AVN;CPHH16,19-01-2015,AVN;CPHH16,20-01-2015,AVN;CPHH16,21-01-2015,AVN
17:12:36.140,000,RES:OK~Archivo creado
17:12:47.691,000,REQ:107~3~CPHH16,06-11-2014,AVN;CPHH16,21-11-2014,AVN;CPHH16,01-12-2014,AVN;CPHH16,04-12-2014,AVN;CPHH16,05-12-2014,AVN;CPHH16,06-12-2014,AVN;CPHH16,08-12-2014,AVN;CPHH16,09-12-2014,AVN;CPHH16,10-12-2014,AVN;CPHH16,11-12-2014,AVN;CPHH16,12-12-2014,AVN;CPHH16,13-12-2014,AVN;CPHH16,14-12-2014,AVN;CPHH16,15-12-2014,AVN;CPHH16,16-12-2014,AVN;CPHH16,18-12-2014,AVN;CPHH16,19-12-2014,AVN;CPHH16,20-12-2014,AVN;CPHH16,21-12-2014,AVN;CPHH16,22-12-2014,AVN;CPHH16,23-12-2014,AVN;CPHH16,24-12-2014,AVN;CPHH16,27-12-2014,AVN;CPHH16,28-12-2014,AVN;CPHH16,30-12-2014,AVN;CPHH16,31-12-2014,AVN;CPHH16,01-01-2015,AVN;CPHH16,02-01-2015,AVN;CPHH16,03-01-2015,AVN;CPHH16,05-01-2015,AVN;CPHH16,06-01-2015,AVN-TSC;CPHH16,07-01-2015,AVN;CPHH16,08-01-2015,AVN;CPHH16,09-01-2015,AVN;CPHH16,17-01-2015,AVN;CPHH16,18-01-2015,AVN;CPHH16,19-01-2015,AVN;CPHH16,20-01-2015,AVN;CPHH16,21-01-2015,AVN
17:12:48.075,000,RES:OK~Archivo creado
17:14:40.307,000,REQ:107~3~CPHH16,06-11-2014,AVN;CPHH16,21-11-2014,AVN;CPHH16,01-12-2014,AVN;CPHH16,04-12-2014,AVN;CPHH16,05-12-2014,AVN;CPHH16,06-12-2014,AVN;CPHH16,08-12-2014,AVN;CPHH16,09-12-2014,AVN;CPHH16,10-12-2014,AVN;CPHH16,11-12-2014,AVN;CPHH16,12-12-2014,AVN;CPHH16,13-12-2014,AVN;CPHH16,14-12-2014,AVN;CPHH16,15-12-2014,AVN;CPHH16,16-12-2014,AVN;CPHH16,18-12-2014,AVN;CPHH16,19-12-2014,AVN;CPHH16,20-12-2014,AVN;CPHH16,21-12-2014,AVN;CPHH16,22-12-2014,AVN;CPHH16,23-12-2014,AVN;CPHH16,24-12-2014,AVN;CPHH16,27-12-2014,AVN;CPHH16,28-12-2014,AVN;CPHH16,30-12-2014,AVN;CPHH16,31-12-2014,AVN;CPHH16,01-01-2015,AVN;CPHH16,02-01-2015,AVN;CPHH16,03-01-2015,AVN;CPHH16,05-01-2015,AVN;CPHH16,06-01-2015,AVN-TSC;CPHH16,07-01-2015,AVN;CPHH16,08-01-2015,AVN;CPHH16,09-01-2015,AVN;CPHH16,17-01-2015,AVN;CPHH16,18-01-2015,AVN;CPHH16,19-01-2015,AVN;CPHH16,20-01-2015,AVN;CPHH16,21-01-2015,AVN
17:14:40.696,000,RES:OK~Archivo creado
17:15:37.326,000,REQ:107~3~CPHH16,06-11-2014,AVN;CPHH16,21-11-2014,AVN;CPHH16,01-12-2014,AVN;CPHH16,04-12-2014,AVN;CPHH16,05-12-2014,AVN;CPHH16,06-12-2014,AVN;CPHH16,08-12-2014,AVN;CPHH16,09-12-2014,AVN;CPHH16,10-12-2014,AVN;CPHH16,11-12-2014,AVN;CPHH16,12-12-2014,AVN;CPHH16,13-12-2014,AVN;CPHH16,14-12-2014,AVN;CPHH16,15-12-2014,AVN;CPHH16,16-12-2014,AVN;CPHH16,18-12-2014,AVN;CPHH16,19-12-2014,AVN;CPHH16,20-12-2014,AVN;CPHH16,21-12-2014,AVN;CPHH16,22-12-2014,AVN;CPHH16,23-12-2014,AVN;CPHH16,24-12-2014,AVN;CPHH16,27-12-2014,AVN;CPHH16,28-12-2014,AVN;CPHH16,30-12-2014,AVN;CPHH16,31-12-2014,AVN;CPHH16,01-01-2015,AVN;CPHH16,02-01-2015,AVN;CPHH16,03-01-2015,AVN;CPHH16,05-01-2015,AVN;CPHH16,06-01-2015,AVN-TSC;CPHH16,07-01-2015,AVN;CPHH16,08-01-2015,AVN;CPHH16,09-01-2015,AVN;CPHH16,17-01-2015,AVN;CPHH16,18-01-2015,AVN;CPHH16,19-01-2015,AVN;CPHH16,20-01-2015,AVN;CPHH16,21-01-2015,AVN
17:15:37.714,000,RES:OK~Archivo creado
17:27:02.700,000,REQ:107~3~CPHH16,06-11-2014,AVN;CPHH16,21-11-2014,AVN;CPHH16,01-12-2014,AVN;CPHH16,04-12-2014,AVN;CPHH16,05-12-2014,AVN;CPHH16,06-12-2014,AVN;CPHH16,08-12-2014,AVN;CPHH16,09-12-2014,AVN;CPHH16,10-12-2014,AVN;CPHH16,11-12-2014,AVN;CPHH16,12-12-2014,AVN;CPHH16,13-12-2014,AVN;CPHH16,14-12-2014,AVN;CPHH16,15-12-2014,AVN;CPHH16,16-12-2014,AVN;CPHH16,18-12-2014,AVN;CPHH16,19-12-2014,AVN;CPHH16,20-12-2014,AVN;CPHH16,21-12-2014,AVN;CPHH16,22-12-2014,AVN;CPHH16,23-12-2014,AVN;CPHH16,24-12-2014,AVN;CPHH16,27-12-2014,AVN;CPHH16,28-12-2014,AVN;CPHH16,30-12-2014,AVN;CPHH16,31-12-2014,AVN;CPHH16,01-01-2015,AVN;CPHH16,02-01-2015,AVN;CPHH16,03-01-2015,AVN;CPHH16,05-01-2015,AVN;CPHH16,06-01-2015,AVN-TSC;CPHH16,07-01-2015,AVN;CPHH16,08-01-2015,AVN;CPHH16,09-01-2015,AVN;CPHH16,17-01-2015,AVN;CPHH16,18-01-2015,AVN;CPHH16,19-01-2015,AVN;CPHH16,20-01-2015,AVN;CPHH16,21-01-2015,AVN
17:27:03.085,000,RES:OK~Archivo creado
17:28:58.707,000,REQ:107~3~CPHH16,06-11-2014,AVN;CPHH16,21-11-2014,AVN;CPHH16,01-12-2014,AVN;CPHH16,04-12-2014,AVN;CPHH16,05-12-2014,AVN;CPHH16,06-12-2014,AVN;CPHH16,08-12-2014,AVN;CPHH16,09-12-2014,AVN;CPHH16,10-12-2014,AVN;CPHH16,11-12-2014,AVN;CPHH16,12-12-2014,AVN;CPHH16,13-12-2014,AVN;CPHH16,14-12-2014,AVN;CPHH16,15-12-2014,AVN;CPHH16,16-12-2014,AVN;CPHH16,18-12-2014,AVN;CPHH16,19-12-2014,AVN;CPHH16,20-12-2014,AVN;CPHH16,21-12-2014,AVN;CPHH16,22-12-2014,AVN;CPHH16,23-12-2014,AVN;CPHH16,24-12-2014,AVN;CPHH16,27-12-2014,AVN;CPHH16,28-12-2014,AVN;CPHH16,30-12-2014,AVN;CPHH16,31-12-2014,AVN;CPHH16,01-01-2015,AVN;CPHH16,02-01-2015,AVN;CPHH16,03-01-2015,AVN;CPHH16,05-01-2015,AVN;CPHH16,06-01-2015,AVN-TSC;CPHH16,07-01-2015,AVN;CPHH16,08-01-2015,AVN;CPHH16,09-01-2015,AVN;CPHH16,17-01-2015,AVN;CPHH16,18-01-2015,AVN;CPHH16,19-01-2015,AVN;CPHH16,20-01-2015,AVN;CPHH16,21-01-2015,AVN
17:28:59.114,000,RES:OK~Archivo creado
17:29:46.018,000,REQ:107~3~CPHH16,06-11-2014,AVN;CPHH16,21-11-2014,AVN;CPHH16,01-12-2014,AVN;CPHH16,04-12-2014,AVN;CPHH16,05-12-2014,AVN;CPHH16,06-12-2014,AVN;CPHH16,08-12-2014,AVN;CPHH16,09-12-2014,AVN;CPHH16,10-12-2014,AVN;CPHH16,11-12-2014,AVN;CPHH16,12-12-2014,AVN;CPHH16,13-12-2014,AVN;CPHH16,14-12-2014,AVN;CPHH16,15-12-2014,AVN;CPHH16,16-12-2014,AVN;CPHH16,18-12-2014,AVN;CPHH16,19-12-2014,AVN;CPHH16,20-12-2014,AVN;CPHH16,21-12-2014,AVN;CPHH16,22-12-2014,AVN;CPHH16,23-12-2014,AVN;CPHH16,24-12-2014,AVN;CPHH16,27-12-2014,AVN;CPHH16,28-12-2014,AVN;CPHH16,30-12-2014,AVN;CPHH16,31-12-2014,AVN;CPHH16,01-01-2015,AVN;CPHH16,02-01-2015,AVN;CPHH16,03-01-2015,AVN;CPHH16,05-01-2015,AVN;CPHH16,06-01-2015,AVN-TSC;CPHH16,07-01-2015,AVN;CPHH16,08-01-2015,AVN;CPHH16,09-01-2015,AVN;CPHH16,17-01-2015,AVN;CPHH16,18-01-2015,AVN;CPHH16,19-01-2015,AVN;CPHH16,20-01-2015,AVN;CPHH16,21-01-2015,AVN
17:29:46.443,000,RES:OK~Archivo creado
17:30:45.534,000,REQ:107~3~CPHH16,06-11-2014,AVN;CPHH16,21-11-2014,AVN;CPHH16,01-12-2014,AVN;CPHH16,04-12-2014,AVN;CPHH16,05-12-2014,AVN;CPHH16,06-12-2014,AVN;CPHH16,08-12-2014,AVN;CPHH16,09-12-2014,AVN;CPHH16,10-12-2014,AVN;CPHH16,11-12-2014,AVN;CPHH16,12-12-2014,AVN;CPHH16,13-12-2014,AVN;CPHH16,14-12-2014,AVN;CPHH16,15-12-2014,AVN;CPHH16,16-12-2014,AVN;CPHH16,18-12-2014,AVN;CPHH16,19-12-2014,AVN;CPHH16,20-12-2014,AVN;CPHH16,21-12-2014,AVN;CPHH16,22-12-2014,AVN;CPHH16,23-12-2014,AVN;CPHH16,24-12-2014,AVN;CPHH16,27-12-2014,AVN;CPHH16,28-12-2014,AVN;CPHH16,30-12-2014,AVN;CPHH16,31-12-2014,AVN;CPHH16,01-01-2015,AVN;CPHH16,02-01-2015,AVN;CPHH16,03-01-2015,AVN;CPHH16,05-01-2015,AVN;CPHH16,06-01-2015,AVN-TSC;CPHH16,07-01-2015,AVN;CPHH16,08-01-2015,AVN;CPHH16,09-01-2015,AVN;CPHH16,17-01-2015,AVN;CPHH16,18-01-2015,AVN;CPHH16,19-01-2015,AVN;CPHH16,20-01-2015,AVN;CPHH16,21-01-2015,AVN
17:30:45.917,000,RES:OK~Archivo creado
17:30:57.170,000,REQ:107~3~CPHH16,06-11-2014,AVN;CPHH16,21-11-2014,AVN;CPHH16,01-12-2014,AVN;CPHH16,04-12-2014,AVN;CPHH16,05-12-2014,AVN;CPHH16,06-12-2014,AVN;CPHH16,08-12-2014,AVN;CPHH16,09-12-2014,AVN;CPHH16,10-12-2014,AVN;CPHH16,11-12-2014,AVN;CPHH16,12-12-2014,AVN;CPHH16,13-12-2014,AVN;CPHH16,14-12-2014,AVN;CPHH16,15-12-2014,AVN;CPHH16,16-12-2014,AVN;CPHH16,18-12-2014,AVN;CPHH16,19-12-2014,AVN;CPHH16,20-12-2014,AVN;CPHH16,21-12-2014,AVN;CPHH16,22-12-2014,AVN;CPHH16,23-12-2014,AVN;CPHH16,24-12-2014,AVN;CPHH16,27-12-2014,AVN;CPHH16,28-12-2014,AVN;CPHH16,30-12-2014,AVN;CPHH16,31-12-2014,AVN;CPHH16,01-01-2015,AVN;CPHH16,02-01-2015,AVN;CPHH16,03-01-2015,AVN;CPHH16,05-01-2015,AVN;CPHH16,06-01-2015,AVN-TSC;CPHH16,07-01-2015,AVN;CPHH16,08-01-2015,AVN;CPHH16,09-01-2015,AVN;CPHH16,17-01-2015,AVN;CPHH16,18-01-2015,AVN;CPHH16,19-01-2015,AVN;CPHH16,20-01-2015,AVN;CPHH16,21-01-2015,AVN
17:30:57.560,000,RES:OK~Archivo creado
17:38:06.457,000,REQ:107~3~CPHH16,06-11-2014,AVN;CPHH16,21-11-2014,AVN;CPHH16,01-12-2014,AVN;CPHH16,04-12-2014,AVN;CPHH16,05-12-2014,AVN;CPHH16,06-12-2014,AVN;CPHH16,08-12-2014,AVN;CPHH16,09-12-2014,AVN;CPHH16,10-12-2014,AVN;CPHH16,11-12-2014,AVN;CPHH16,12-12-2014,AVN;CPHH16,13-12-2014,AVN;CPHH16,14-12-2014,AVN;CPHH16,15-12-2014,AVN;CPHH16,16-12-2014,AVN;CPHH16,18-12-2014,AVN;CPHH16,19-12-2014,AVN;CPHH16,20-12-2014,AVN;CPHH16,21-12-2014,AVN;CPHH16,22-12-2014,AVN;CPHH16,23-12-2014,AVN;CPHH16,24-12-2014,AVN;CPHH16,27-12-2014,AVN;CPHH16,28-12-2014,AVN;CPHH16,30-12-2014,AVN;CPHH16,31-12-2014,AVN;CPHH16,01-01-2015,AVN;CPHH16,02-01-2015,AVN;CPHH16,03-01-2015,AVN;CPHH16,05-01-2015,AVN;CPHH16,06-01-2015,AVN-TSC;CPHH16,07-01-2015,AVN;CPHH16,08-01-2015,AVN;CPHH16,09-01-2015,AVN;CPHH16,17-01-2015,AVN;CPHH16,18-01-2015,AVN;CPHH16,19-01-2015,AVN;CPHH16,20-01-2015,AVN;CPHH16,21-01-2015,AVN
17:38:06.845,000,RES:OK~Archivo creado
17:39:16.530,000,REQ:107~3~CPHH16,06-11-2014,AVN;CPHH16,21-11-2014,AVN;CPHH16,01-12-2014,AVN;CPHH16,04-12-2014,AVN;CPHH16,05-12-2014,AVN;CPHH16,06-12-2014,AVN;CPHH16,08-12-2014,AVN;CPHH16,09-12-2014,AVN;CPHH16,10-12-2014,AVN;CPHH16,11-12-2014,AVN;CPHH16,12-12-2014,AVN;CPHH16,13-12-2014,AVN;CPHH16,14-12-2014,AVN;CPHH16,15-12-2014,AVN;CPHH16,16-12-2014,AVN;CPHH16,18-12-2014,AVN;CPHH16,19-12-2014,AVN;CPHH16,20-12-2014,AVN;CPHH16,21-12-2014,AVN;CPHH16,22-12-2014,AVN;CPHH16,23-12-2014,AVN;CPHH16,24-12-2014,AVN;CPHH16,27-12-2014,AVN;CPHH16,28-12-2014,AVN;CPHH16,30-12-2014,AVN;CPHH16,31-12-2014,AVN;CPHH16,01-01-2015,AVN;CPHH16,02-01-2015,AVN;CPHH16,03-01-2015,AVN;CPHH16,05-01-2015,AVN;CPHH16,06-01-2015,AVN-TSC;CPHH16,07-01-2015,AVN;CPHH16,08-01-2015,AVN;CPHH16,09-01-2015,AVN;CPHH16,17-01-2015,AVN;CPHH16,18-01-2015,AVN;CPHH16,19-01-2015,AVN;CPHH16,20-01-2015,AVN;CPHH16,21-01-2015,AVN
17:39:16.915,000,RES:OK~Archivo creado
17:50:07.663,000,REQ:107~3~CPHH16,06-11-2014,AVN;CPHH16,21-11-2014,AVN;CPHH16,01-12-2014,AVN;CPHH16,04-12-2014,AVN;CPHH16,05-12-2014,AVN;CPHH16,06-12-2014,AVN;CPHH16,08-12-2014,AVN;CPHH16,09-12-2014,AVN;CPHH16,10-12-2014,AVN;CPHH16,11-12-2014,AVN;CPHH16,12-12-2014,AVN;CPHH16,13-12-2014,AVN;CPHH16,14-12-2014,AVN;CPHH16,15-12-2014,AVN;CPHH16,16-12-2014,AVN;CPHH16,18-12-2014,AVN;CPHH16,19-12-2014,AVN;CPHH16,20-12-2014,AVN;CPHH16,21-12-2014,AVN;CPHH16,22-12-2014,AVN;CPHH16,23-12-2014,AVN;CPHH16,24-12-2014,AVN;CPHH16,27-12-2014,AVN;CPHH16,28-12-2014,AVN;CPHH16,30-12-2014,AVN;CPHH16,31-12-2014,AVN;CPHH16,01-01-2015,AVN;CPHH16,02-01-2015,AVN;CPHH16,03-01-2015,AVN;CPHH16,05-01-2015,AVN;CPHH16,06-01-2015,AVN-TSC;CPHH16,07-01-2015,AVN;CPHH16,08-01-2015,AVN;CPHH16,09-01-2015,AVN;CPHH16,17-01-2015,AVN;CPHH16,18-01-2015,AVN;CPHH16,19-01-2015,AVN;CPHH16,20-01-2015,AVN;CPHH16,21-01-2015,AVN
17:50:08.047,000,RES:OK~Archivo creado
17:53:29.806,000,REQ:107~3~CPHH16,06-11-2014,AVN;CPHH16,21-11-2014,AVN;CPHH16,01-12-2014,AVN;CPHH16,04-12-2014,AVN;CPHH16,05-12-2014,AVN;CPHH16,06-12-2014,AVN;CPHH16,08-12-2014,AVN;CPHH16,09-12-2014,AVN;CPHH16,10-12-2014,AVN;CPHH16,11-12-2014,AVN;CPHH16,12-12-2014,AVN;CPHH16,13-12-2014,AVN;CPHH16,14-12-2014,AVN;CPHH16,15-12-2014,AVN;CPHH16,16-12-2014,AVN;CPHH16,18-12-2014,AVN;CPHH16,19-12-2014,AVN;CPHH16,20-12-2014,AVN;CPHH16,21-12-2014,AVN;CPHH16,22-12-2014,AVN;CPHH16,23-12-2014,AVN;CPHH16,24-12-2014,AVN;CPHH16,27-12-2014,AVN;CPHH16,28-12-2014,AVN;CPHH16,30-12-2014,AVN;CPHH16,31-12-2014,AVN;CPHH16,01-01-2015,AVN;CPHH16,02-01-2015,AVN;CPHH16,03-01-2015,AVN;CPHH16,05-01-2015,AVN;CPHH16,06-01-2015,AVN-TSC;CPHH16,07-01-2015,AVN;CPHH16,08-01-2015,AVN;CPHH16,09-01-2015,AVN;CPHH16,17-01-2015,AVN;CPHH16,18-01-2015,AVN;CPHH16,19-01-2015,AVN;CPHH16,20-01-2015,AVN;CPHH16,21-01-2015,AVN
17:53:30.191,000,RES:OK~Archivo creado
18:04:26.277,000,REQ:107~3~CPHH16,06-11-2014,AVN;CPHH16,21-11-2014,AVN;CPHH16,01-12-2014,AVN;CPHH16,04-12-2014,AVN;CPHH16,05-12-2014,AVN;CPHH16,06-12-2014,AVN;CPHH16,08-12-2014,AVN;CPHH16,09-12-2014,AVN;CPHH16,10-12-2014,AVN;CPHH16,11-12-2014,AVN;CPHH16,12-12-2014,AVN;CPHH16,13-12-2014,AVN;CPHH16,14-12-2014,AVN;CPHH16,15-12-2014,AVN;CPHH16,16-12-2014,AVN;CPHH16,18-12-2014,AVN;CPHH16,19-12-2014,AVN;CPHH16,20-12-2014,AVN;CPHH16,21-12-2014,AVN;CPHH16,22-12-2014,AVN;CPHH16,23-12-2014,AVN;CPHH16,24-12-2014,AVN;CPHH16,27-12-2014,AVN;CPHH16,28-12-2014,AVN;CPHH16,30-12-2014,AVN;CPHH16,31-12-2014,AVN;CPHH16,01-01-2015,AVN;CPHH16,02-01-2015,AVN;CPHH16,03-01-2015,AVN;CPHH16,05-01-2015,AVN;CPHH16,06-01-2015,AVN-TSC;CPHH16,07-01-2015,AVN;CPHH16,08-01-2015,AVN;CPHH16,09-01-2015,AVN;CPHH16,17-01-2015,AVN;CPHH16,18-01-2015,AVN;CPHH16,19-01-2015,AVN;CPHH16,20-01-2015,AVN;CPHH16,21-01-2015,AVN
18:04:26.662,000,RES:OK~Archivo creado
18:06:34.540,000,REQ:107~3~CPHH16,06-11-2014,AVN;CPHH16,21-11-2014,AVN;CPHH16,01-12-2014,AVN;CPHH16,04-12-2014,AVN;CPHH16,05-12-2014,AVN;CPHH16,06-12-2014,AVN;CPHH16,08-12-2014,AVN;CPHH16,09-12-2014,AVN;CPHH16,10-12-2014,AVN;CPHH16,11-12-2014,AVN;CPHH16,12-12-2014,AVN;CPHH16,13-12-2014,AVN;CPHH16,14-12-2014,AVN;CPHH16,15-12-2014,AVN;CPHH16,16-12-2014,AVN;CPHH16,18-12-2014,AVN;CPHH16,19-12-2014,AVN;CPHH16,20-12-2014,AVN;CPHH16,21-12-2014,AVN;CPHH16,22-12-2014,AVN;CPHH16,23-12-2014,AVN;CPHH16,24-12-2014,AVN;CPHH16,27-12-2014,AVN;CPHH16,28-12-2014,AVN;CPHH16,30-12-2014,AVN;CPHH16,31-12-2014,AVN;CPHH16,01-01-2015,AVN;CPHH16,02-01-2015,AVN;CPHH16,03-01-2015,AVN;CPHH16,05-01-2015,AVN;CPHH16,06-01-2015,AVN-TSC;CPHH16,07-01-2015,AVN;CPHH16,08-01-2015,AVN;CPHH16,09-01-2015,AVN;CPHH16,17-01-2015,AVN;CPHH16,18-01-2015,AVN;CPHH16,19-01-2015,AVN;CPHH16,20-01-2015,AVN;CPHH16,21-01-2015,AVN
18:06:34.922,000,RES:OK~Archivo creado
18:07:23.805,000,REQ:107~3~CPHH16,06-11-2014,AVN;CPHH16,21-11-2014,AVN;CPHH16,01-12-2014,AVN;CPHH16,04-12-2014,AVN;CPHH16,05-12-2014,AVN;CPHH16,06-12-2014,AVN;CPHH16,08-12-2014,AVN;CPHH16,09-12-2014,AVN;CPHH16,10-12-2014,AVN;CPHH16,11-12-2014,AVN;CPHH16,12-12-2014,AVN;CPHH16,13-12-2014,AVN;CPHH16,14-12-2014,AVN;CPHH16,15-12-2014,AVN;CPHH16,16-12-2014,AVN;CPHH16,18-12-2014,AVN;CPHH16,19-12-2014,AVN;CPHH16,20-12-2014,AVN;CPHH16,21-12-2014,AVN;CPHH16,22-12-2014,AVN;CPHH16,23-12-2014,AVN;CPHH16,24-12-2014,AVN;CPHH16,27-12-2014,AVN;CPHH16,28-12-2014,AVN;CPHH16,30-12-2014,AVN;CPHH16,31-12-2014,AVN;CPHH16,01-01-2015,AVN;CPHH16,02-01-2015,AVN;CPHH16,03-01-2015,AVN;CPHH16,05-01-2015,AVN;CPHH16,06-01-2015,AVN-TSC;CPHH16,07-01-2015,AVN;CPHH16,08-01-2015,AVN;CPHH16,09-01-2015,AVN;CPHH16,17-01-2015,AVN;CPHH16,18-01-2015,AVN;CPHH16,19-01-2015,AVN;CPHH16,20-01-2015,AVN;CPHH16,21-01-2015,AVN
18:07:24.190,000,RES:OK~Archivo creado
18:12:48.585,000,REQ:107~2~CPHH16,07-01-2013,23:14:35,11,AVN;CPHH16,07-01-2013,23:13:19,13,AVN;CPHH16,05-01-2013,06:02:41,13,AVN
18:12:48.960,000,RES:OK~Archivo creado
