
09:42:57.115,000,INI:Servicio alex PipeComponent v1.0.0.1 Generado el 05-07-2017 09:42:55
09:42:57.170,000,ERR:System.Exception: Error al inicializar la impresora: Printer open error
   en PipeComponent.Peripherals.ThermalPrinter..ctor() en E:\AVN\PipeComponent\PipeComponent\Peripherals\ThermalPrinter.cs:línea 30
   en PipeComponent.PipeServer..ctor(String pipeName) en E:\AVN\PipeComponent\PipeComponent\PipeServer.cs:línea 36
09:42:57.172,000,IOP:
09:44:45.203,000,REQ:107~1~UB9375,607465,14-01-2006,27-02-2008;UB9375,607465,16-01-2006,27-02-2008

09:45:48.710,000,INI:Servicio alex PipeComponent v1.0.0.1 Generado el 05-07-2017 09:42:55
09:45:48.761,000,ERR:System.Exception: Error al inicializar la impresora: Printer open error
   en PipeComponent.Peripherals.ThermalPrinter..ctor() en E:\AVN\PipeComponent\PipeComponent\Peripherals\ThermalPrinter.cs:línea 30
   en PipeComponent.PipeServer..ctor(String pipeName) en E:\AVN\PipeComponent\PipeComponent\PipeServer.cs:línea 36
09:45:48.764,000,IOP:
09:45:49.271,000,REQ:107~1~UB9375,607465,14-01-2006,27-02-2008;UB9375,607465,16-01-2006,27-02-2008;UB9375,607465,16-01-2006,27-02-2008;UB9375,607465,16-01-2006,27-02-2008;UB9375,607465,16-01-2006,27-02-2008;UB9375,607465,16-01-2006,27-02-2008;UB9375,607465,16-01-2006,27-02-2008;UB9375,607465,16-01-2006,27-02-2008;UB9375,607465,16-01-2006,27-02-2008;UB9375,607465,16-01-2006,27-02-2008;UB9375,607465,16-01-2006,27-02-2008;UB9375,607465,16-01-2006,27-02-2008;UB9375,607465,16-01-2006,27-02-2008;UB9375,607465,16-01-2006,27-02-2008;UB9375,607465,16-01-2006,27-02-2008;UB9375,607465,16-01-2006,27-02-2008;UB9375,607465,16-01-2006,27-02-2008;UB9375,607465,16-01-2006,27-02-2008;UB9375,607465,16-01-2006,27-02-2008;UB9375,607465,16-01-2006,27-02-2008;UB9375,607465,16-01-2006,27-02-2008

09:48:09.345,000,INI:Servicio alex PipeComponent v1.0.0.1 Generado el 05-07-2017 09:42:55
09:48:09.383,000,ERR:System.Exception: Error al inicializar la impresora: Printer open error
   en PipeComponent.Peripherals.ThermalPrinter..ctor() en E:\AVN\PipeComponent\PipeComponent\Peripherals\ThermalPrinter.cs:línea 30
   en PipeComponent.PipeServer..ctor(String pipeName) en E:\AVN\PipeComponent\PipeComponent\PipeServer.cs:línea 36
09:48:09.387,000,IOP:
09:48:15.632,000,REQ:107~1~UB9375,607465,14-01-2006,27-02-2008;UB9375,607465,16-01-2006,27-02-2008;UB9375,607465,16-01-2006,27-02-2008;UB9375,607465,16-01-2006,27-02-2008;UB9375,607465,16-01-2006,27-02-2008;UB9375,607465,16-01-2006,27-02-2008;UB9375,607465,16-01-2006,27-02-2008;UB9375,607465,16-01-2006,27-02-2008;UB9375,607465,16-01-2006,27-02-2008;UB9375,607465,16-01-2006,27-02-2008;UB9375,607465,16-01-2006,27-02-2008;UB9375,607465,16-01-2006,27-02-2008;UB9375,607465,16-01-2006,27-02-2008;UB9375,607465,16-01-2006,27-02-2008;UB9375,607465,16-01-2006,27-02-2008;UB9375,607465,16-01-2006,27-02-2008;UB9375,607465,16-01-2006,27-02-2008;UB9375,607465,16-01-2006,27-02-2008;UB9375,607465,16-01-2006,27-02-2008;UB9375,607465,16-01-2006,27-02-2008;UB9375,607465,16-01-2006,27-02-2008

09:50:43.214,000,INI:Servicio alex PipeComponent v1.0.0.1 Generado el 05-07-2017 09:42:55
09:50:43.263,000,ERR:System.Exception: Error al inicializar la impresora: Printer open error
   en PipeComponent.Peripherals.ThermalPrinter..ctor() en E:\AVN\PipeComponent\PipeComponent\Peripherals\ThermalPrinter.cs:línea 30
   en PipeComponent.PipeServer..ctor(String pipeName) en E:\AVN\PipeComponent\PipeComponent\PipeServer.cs:línea 36
09:50:43.266,000,IOP:
09:50:43.867,000,REQ:107~1~UB9375,607465,14-01-2006,27-02-2008;UB9375,607465,15-01-2006,27-02-2008;UB9375,607465,16-01-2006,27-02-2008;UB9375,607465,17-01-2006,27-02-2008;UB9375,607465,18-01-2006,27-02-2008;UB9375,607465,19-01-2006,27-02-2008;UB9375,607465,20-01-2006,27-02-2008;UB9375,607465,21-01-2006,27-02-2008;UB9375,607465,22-01-2006,27-02-2008;UB9375,607465,23-01-2006,27-02-2008;UB9375,607465,24-01-2006,27-02-2008;UB9375,607465,25-01-2006,27-02-2008;UB9375,607465,26-01-2006,27-02-2008;UB9375,607465,27-01-2006,27-02-2008;UB9375,607465,28-01-2006,27-02-2008;UB9375,607465,29-01-2006,27-02-2008;UB9375,607465,30-01-2006,27-02-2008;UB9375,607465,31-01-2006,27-02-2008;UB9375,607465,01-02-2006,27-02-2008;UB9375,607465,02-02-2006,27-02-2008;UB9375,607465,03-02-2006,27-02-2008

09:52:16.684,000,INI:Servicio alex PipeComponent v1.0.0.1 Generado el 05-07-2017 09:42:55
09:52:16.738,000,ERR:System.Exception: Error al inicializar la impresora: Printer open error
   en PipeComponent.Peripherals.ThermalPrinter..ctor() en E:\AVN\PipeComponent\PipeComponent\Peripherals\ThermalPrinter.cs:línea 30
   en PipeComponent.PipeServer..ctor(String pipeName) en E:\AVN\PipeComponent\PipeComponent\PipeServer.cs:línea 36
09:52:16.743,000,IOP:
09:52:22.290,000,REQ:107~1~UB9375,607465,14-01-2006,27-02-2008;UB9375,607465,15-01-2006,27-02-2008;UB9375,607465,16-01-2006,27-02-2008;UB9375,607465,17-01-2006,27-02-2008;UB9375,607465,18-01-2006,27-02-2008;UB9375,607465,19-01-2006,27-02-2008;UB9375,607465,20-01-2006,27-02-2008;UB9375,607465,21-01-2006,27-02-2008;UB9375,607465,22-01-2006,27-02-2008;UB9375,607465,23-01-2006,27-02-2008;UB9375,607465,24-01-2006,27-02-2008;UB9375,607465,25-01-2006,27-02-2008;UB9375,607465,26-01-2006,27-02-2008;UB9375,607465,27-01-2006,27-02-2008;UB9375,607465,28-01-2006,27-02-2008;UB9375,607465,29-01-2006,27-02-2008;UB9375,607465,30-01-2006,27-02-2008;UB9375,607465,31-01-2006,27-02-2008;UB9375,607465,01-02-2006,27-02-2008;UB9375,607465,02-02-2006,27-02-2008;UB9375,607465,03-02-2006,27-02-2008

09:54:12.227,000,INI:Servicio alex PipeComponent v1.0.0.1 Generado el 05-07-2017 09:42:55
09:54:12.287,000,ERR:System.Exception: Error al inicializar la impresora: Printer open error
   en PipeComponent.Peripherals.ThermalPrinter..ctor() en E:\AVN\PipeComponent\PipeComponent\Peripherals\ThermalPrinter.cs:línea 30
   en PipeComponent.PipeServer..ctor(String pipeName) en E:\AVN\PipeComponent\PipeComponent\PipeServer.cs:línea 36
09:54:12.290,000,IOP:
09:54:14.951,000,REQ:107~1~UB9375,607465,14-01-2006,27-02-2008;UB9375,607465,15-01-2006,27-02-2008;UB9375,607465,16-01-2006,27-02-2008;UB9375,607465,17-01-2006,27-02-2008;UB9375,607465,18-01-2006,27-02-2008;UB9375,607465,19-01-2006,27-02-2008;UB9375,607465,20-01-2006,27-02-2008;UB9375,607465,21-01-2006,27-02-2008;UB9375,607465,22-01-2006,27-02-2008;UB9375,607465,23-01-2006,27-02-2008;UB9375,607465,24-01-2006,27-02-2008;UB9375,607465,25-01-2006,27-02-2008;UB9375,607465,26-01-2006,27-02-2008;UB9375,607465,27-01-2006,27-02-2008;UB9375,607465,28-01-2006,27-02-2008;UB9375,607465,29-01-2006,27-02-2008;UB9375,607465,30-01-2006,27-02-2008;UB9375,607465,31-01-2006,27-02-2008;UB9375,607465,01-02-2006,27-02-2008;UB9375,607465,02-02-2006,27-02-2008;UB9375,607465,03-02-2006,27-02-2008

09:54:52.640,000,INI:Servicio alex PipeComponent v1.0.0.1 Generado el 05-07-2017 09:54:52
09:54:52.703,000,ERR:System.Exception: Error al inicializar la impresora: Printer open error
   en PipeComponent.Peripherals.ThermalPrinter..ctor() en E:\AVN\PipeComponent\PipeComponent\Peripherals\ThermalPrinter.cs:línea 30
   en PipeComponent.PipeServer..ctor(String pipeName) en E:\AVN\PipeComponent\PipeComponent\PipeServer.cs:línea 36
09:54:52.706,000,IOP:
09:54:54.716,000,REQ:107~1~UB9375,607465,14-01-2006,27-02-2008;UB9375,607465,15-01-2006,27-02-2008;UB9375,607465,16-01-2006,27-02-2008;UB9375,607465,17-01-2006,27-02-2008;UB9375,607465,18-01-2006,27-02-2008;UB9375,607465,19-01-2006,27-02-2008;UB9375,607465,20-01-2006,27-02-2008;UB9375,607465,21-01-2006,27-02-2008;UB9375,607465,22-01-2006,27-02-2008;UB9375,607465,23-01-2006,27-02-2008;UB9375,607465,24-01-2006,27-02-2008;UB9375,607465,25-01-2006,27-02-2008;UB9375,607465,26-01-2006,27-02-2008;UB9375,607465,27-01-2006,27-02-2008;UB9375,607465,28-01-2006,27-02-2008;UB9375,607465,29-01-2006,27-02-2008;UB9375,607465,30-01-2006,27-02-2008;UB9375,607465,31-01-2006,27-02-2008;UB9375,607465,01-02-2006,27-02-2008;UB9375,607465,02-02-2006,27-02-2008;UB9375,607465,03-02-2006,27-02-2008
09:54:55.682,000,ERR:System.IO.IOException: El proceso no puede obtener acceso al archivo 'E:\AVN\PipeComponent\PipeComponent\bin\Debug\EstadoPagoPeajes.pdf' porque está siendo utilizado en otro proceso.
   en System.IO.__Error.WinIOError(Int32 errorCode, String maybeFullPath)
   en System.IO.FileStream.Init(String path, FileMode mode, FileAccess access, Int32 rights, Boolean useRights, FileShare share, Int32 bufferSize, FileOptions options, SECURITY_ATTRIBUTES secAttrs, String msgPath, Boolean bFromProxy, Boolean useLongPath, Boolean checkHost)
   en System.IO.FileStream..ctor(String path, FileMode mode, FileAccess access, FileShare share, Int32 bufferSize, FileOptions options, String msgPath, Boolean bFromProxy, Boolean useLongPath, Boolean checkHost)
   en System.IO.File.InternalWriteAllBytes(String path, Byte[] bytes, Boolean checkHost)
   en System.IO.File.WriteAllBytes(String path, Byte[] bytes)
   en PipeComponent.Model.PdfHelper.PdfGenerator.CreateDocumentFromHtml(String templatePath, String filename, String data, DocumentType documentType) en E:\AVN\PipeComponent\PipeComponent\Model\PdfHelper\PdfGenerator.cs:línea 67
   en PipeComponent.Model.PdfHelper.PdfGenerator.CreateDocument(DocumentType documentType, String data) en E:\AVN\PipeComponent\PipeComponent\Model\PdfHelper\PdfGenerator.cs:línea 44
   en PipeComponent.PipeServer.WaitForConnectionCallBack(IAsyncResult iar) en E:\AVN\PipeComponent\PipeComponent\PipeServer.cs:línea 246
09:54:55.685,000,RES:NOK~El proceso no puede obtener acceso al archivo 'E:\AVN\PipeComponent\PipeComponent\bin\Debug\EstadoPagoPeajes.pdf' porque está siendo utilizado en otro proceso.

09:55:36.649,000,INI:Servicio alex PipeComponent v1.0.0.1 Generado el 05-07-2017 09:55:36
09:55:36.693,000,ERR:System.Exception: Error al inicializar la impresora: Printer open error
   en PipeComponent.Peripherals.ThermalPrinter..ctor() en E:\AVN\PipeComponent\PipeComponent\Peripherals\ThermalPrinter.cs:línea 30
   en PipeComponent.PipeServer..ctor(String pipeName) en E:\AVN\PipeComponent\PipeComponent\PipeServer.cs:línea 36
09:55:36.698,000,IOP:
09:55:38.404,000,REQ:107~1~UB9375,607465,14-01-2006,27-02-2008;UB9375,607465,15-01-2006,27-02-2008;UB9375,607465,16-01-2006,27-02-2008;UB9375,607465,17-01-2006,27-02-2008;UB9375,607465,18-01-2006,27-02-2008;UB9375,607465,19-01-2006,27-02-2008;UB9375,607465,20-01-2006,27-02-2008;UB9375,607465,21-01-2006,27-02-2008;UB9375,607465,22-01-2006,27-02-2008;UB9375,607465,23-01-2006,27-02-2008;UB9375,607465,24-01-2006,27-02-2008;UB9375,607465,25-01-2006,27-02-2008;UB9375,607465,26-01-2006,27-02-2008;UB9375,607465,27-01-2006,27-02-2008;UB9375,607465,28-01-2006,27-02-2008;UB9375,607465,29-01-2006,27-02-2008;UB9375,607465,30-01-2006,27-02-2008;UB9375,607465,31-01-2006,27-02-2008;UB9375,607465,01-02-2006,27-02-2008;UB9375,607465,02-02-2006,27-02-2008;UB9375,607465,03-02-2006,27-02-2008
09:55:41.363,000,RES:OK~Archivo creado

10:05:16.004,000,INI:Servicio alex PipeComponent v1.0.0.1 Generado el 05-07-2017 10:05:15
10:05:16.044,000,ERR:System.Exception: Error al inicializar la impresora: Printer open error
   en PipeComponent.Peripherals.ThermalPrinter..ctor() en E:\AVN\PipeComponent\PipeComponent\Peripherals\ThermalPrinter.cs:línea 30
   en PipeComponent.PipeServer..ctor(String pipeName) en E:\AVN\PipeComponent\PipeComponent\PipeServer.cs:línea 36
10:05:16.048,000,IOP:
10:05:33.313,000,REQ:107~1~UB9375,607465,14-01-2006,27-02-2008;UB9375,607465,15-01-2006,27-02-2008;UB9375,607465,16-01-2006,27-02-2008;UB9375,607465,17-01-2006,27-02-2008;UB9375,607465,18-01-2006,27-02-2008;UB9375,607465,19-01-2006,27-02-2008;UB9375,607465,20-01-2006,27-02-2008;UB9375,607465,21-01-2006,27-02-2008;UB9375,607465,22-01-2006,27-02-2008;UB9375,607465,23-01-2006,27-02-2008;UB9375,607465,24-01-2006,27-02-2008;UB9375,607465,25-01-2006,27-02-2008;UB9375,607465,26-01-2006,27-02-2008;UB9375,607465,27-01-2006,27-02-2008;UB9375,607465,28-01-2006,27-02-2008;UB9375,607465,29-01-2006,27-02-2008;UB9375,607465,30-01-2006,27-02-2008;UB9375,607465,31-01-2006,27-02-2008;UB9375,607465,01-02-2006,27-02-2008;UB9375,607465,02-02-2006,27-02-2008;UB9375,607465,03-02-2006,27-02-2008
10:05:34.244,000,RES:OK~Archivo creado

10:05:58.977,000,INI:Servicio alex PipeComponent v1.0.0.1 Generado el 05-07-2017 10:05:58
10:05:59.027,000,ERR:System.Exception: Error al inicializar la impresora: Printer open error
   en PipeComponent.Peripherals.ThermalPrinter..ctor() en E:\AVN\PipeComponent\PipeComponent\Peripherals\ThermalPrinter.cs:línea 30
   en PipeComponent.PipeServer..ctor(String pipeName) en E:\AVN\PipeComponent\PipeComponent\PipeServer.cs:línea 36
10:05:59.031,000,IOP:
10:06:00.317,000,REQ:107~1~UB9375,607465,14-01-2006,27-02-2008;UB9375,607465,15-01-2006,27-02-2008;UB9375,607465,16-01-2006,27-02-2008;UB9375,607465,17-01-2006,27-02-2008;UB9375,607465,18-01-2006,27-02-2008;UB9375,607465,19-01-2006,27-02-2008;UB9375,607465,20-01-2006,27-02-2008;UB9375,607465,21-01-2006,27-02-2008;UB9375,607465,22-01-2006,27-02-2008;UB9375,607465,23-01-2006,27-02-2008;UB9375,607465,24-01-2006,27-02-2008;UB9375,607465,25-01-2006,27-02-2008;UB9375,607465,26-01-2006,27-02-2008;UB9375,607465,27-01-2006,27-02-2008;UB9375,607465,28-01-2006,27-02-2008;UB9375,607465,29-01-2006,27-02-2008;UB9375,607465,30-01-2006,27-02-2008;UB9375,607465,31-01-2006,27-02-2008;UB9375,607465,01-02-2006,27-02-2008;UB9375,607465,02-02-2006,27-02-2008;UB9375,607465,03-02-2006,27-02-2008
10:06:01.282,000,RES:OK~Archivo creado
10:07:59.046,000,REQ:107~1~UB9375,607465,14-01-2006,27-02-2008;UB9375,607465,15-01-2006,27-02-2008;UB9375,607465,16-01-2006,27-02-2008;UB9375,607465,17-01-2006,27-02-2008;UB9375,607465,18-01-2006,27-02-2008;UB9375,607465,19-01-2006,27-02-2008;UB9375,607465,20-01-2006,27-02-2008;UB9375,607465,21-01-2006,27-02-2008;UB9375,607465,22-01-2006,27-02-2008;UB9375,607465,23-01-2006,27-02-2008;UB9375,607465,24-01-2006,27-02-2008;UB9375,607465,25-01-2006,27-02-2008;UB9375,607465,26-01-2006,27-02-2008;UB9375,607465,27-01-2006,27-02-2008;UB9375,607465,28-01-2006,27-02-2008;UB9375,607465,29-01-2006,27-02-2008;UB9375,607465,30-01-2006,27-02-2008;UB9375,607465,31-01-2006,27-02-2008;UB9375,607465,01-02-2006,27-02-2008;UB9375,607465,02-02-2006,27-02-2008;UB9375,607465,03-02-2006,27-02-2008
10:07:59.627,000,RES:OK~Archivo creado

10:13:42.398,000,INI:Servicio alex PipeComponent v1.0.0.1 Generado el 05-07-2017 10:13:41
10:13:42.433,000,ERR:System.Exception: Error al inicializar la impresora: Printer open error
   en PipeComponent.Peripherals.ThermalPrinter..ctor() en E:\AVN\PipeComponent\PipeComponent\Peripherals\ThermalPrinter.cs:línea 30
   en PipeComponent.PipeServer..ctor(String pipeName) en E:\AVN\PipeComponent\PipeComponent\PipeServer.cs:línea 36
10:13:42.436,000,IOP:
10:13:46.900,000,REQ:107~1~UB9375,607465,14-01-2006,27-02-2008;UB9375,607465,15-01-2006,27-02-2008;UB9375,607465,16-01-2006,27-02-2008;UB9375,607465,17-01-2006,27-02-2008;UB9375,607465,18-01-2006,27-02-2008;UB9375,607465,19-01-2006,27-02-2008;UB9375,607465,20-01-2006,27-02-2008;UB9375,607465,21-01-2006,27-02-2008;UB9375,607465,22-01-2006,27-02-2008;UB9375,607465,23-01-2006,27-02-2008;UB9375,607465,24-01-2006,27-02-2008;UB9375,607465,25-01-2006,27-02-2008;UB9375,607465,26-01-2006,27-02-2008;UB9375,607465,27-01-2006,27-02-2008;UB9375,607465,28-01-2006,27-02-2008;UB9375,607465,29-01-2006,27-02-2008;UB9375,607465,30-01-2006,27-02-2008;UB9375,607465,31-01-2006,27-02-2008;UB9375,607465,01-02-2006,27-02-2008;UB9375,607465,02-02-2006,27-02-2008;UB9375,607465,03-02-2006,27-02-2008
10:13:47.846,000,RES:OK~Archivo creado

10:15:16.188,000,INI:Servicio alex PipeComponent v1.0.0.1 Generado el 05-07-2017 10:13:41
10:15:16.234,000,ERR:System.Exception: Error al inicializar la impresora: Printer open error
   en PipeComponent.Peripherals.ThermalPrinter..ctor() en E:\AVN\PipeComponent\PipeComponent\Peripherals\ThermalPrinter.cs:línea 30
   en PipeComponent.PipeServer..ctor(String pipeName) en E:\AVN\PipeComponent\PipeComponent\PipeServer.cs:línea 36
10:15:16.238,000,IOP:
10:15:17.709,000,REQ:107~1~UB9375,607465,14-01-2006,27-02-2008;UB9375,607465,15-01-2006,27-02-2008;UB9375,607465,16-01-2006,27-02-2008;UB9375,607465,17-01-2006,27-02-2008;UB9375,607465,18-01-2006,27-02-2008;UB9375,607465,19-01-2006,27-02-2008;UB9375,607465,20-01-2006,27-02-2008;UB9375,607465,21-01-2006,27-02-2008;UB9375,607465,22-01-2006,27-02-2008;UB9375,607465,23-01-2006,27-02-2008;UB9375,607465,24-01-2006,27-02-2008;UB9375,607465,25-01-2006,27-02-2008;UB9375,607465,26-01-2006,27-02-2008;UB9375,607465,27-01-2006,27-02-2008;UB9375,607465,28-01-2006,27-02-2008;UB9375,607465,29-01-2006,27-02-2008;UB9375,607465,30-01-2006,27-02-2008;UB9375,607465,31-01-2006,27-02-2008;UB9375,607465,01-02-2006,27-02-2008;UB9375,607465,02-02-2006,27-02-2008;UB9375,607465,03-02-2006,27-02-2008
10:15:18.654,000,RES:OK~Archivo creado
10:17:04.086,000,REQ:107~1~UB9375,607465,14-01-2006,27-02-2008;UB9375,607465,15-01-2006,27-02-2008;UB9375,607465,16-01-2006,27-02-2008;UB9375,607465,17-01-2006,27-02-2008;UB9375,607465,18-01-2006,27-02-2008;UB9375,607465,19-01-2006,27-02-2008;UB9375,607465,20-01-2006,27-02-2008;UB9375,607465,21-01-2006,27-02-2008;UB9375,607465,22-01-2006,27-02-2008;UB9375,607465,23-01-2006,27-02-2008;UB9375,607465,24-01-2006,27-02-2008;UB9375,607465,25-01-2006,27-02-2008;UB9375,607465,26-01-2006,27-02-2008;UB9375,607465,27-01-2006,27-02-2008;UB9375,607465,28-01-2006,27-02-2008;UB9375,607465,29-01-2006,27-02-2008;UB9375,607465,30-01-2006,27-02-2008;UB9375,607465,31-01-2006,27-02-2008;UB9375,607465,01-02-2006,27-02-2008;UB9375,607465,02-02-2006,27-02-2008;UB9375,607465,03-02-2006,27-02-2008
10:17:04.653,000,RES:OK~Archivo creado

10:19:12.287,000,INI:Servicio alex PipeComponent v1.0.0.1 Generado el 05-07-2017 10:19:11
10:19:12.343,000,ERR:System.Exception: Error al inicializar la impresora: Printer open error
   en PipeComponent.Peripherals.ThermalPrinter..ctor() en E:\AVN\PipeComponent\PipeComponent\Peripherals\ThermalPrinter.cs:línea 30
   en PipeComponent.PipeServer..ctor(String pipeName) en E:\AVN\PipeComponent\PipeComponent\PipeServer.cs:línea 36
10:19:12.347,000,IOP:
10:19:14.243,000,REQ:107~1~UB9375,607465,14-01-2006,27-02-2008;UB9375,607465,15-01-2006,27-02-2008;UB9375,607465,16-01-2006,27-02-2008;UB9375,607465,17-01-2006,27-02-2008;UB9375,607465,18-01-2006,27-02-2008;UB9375,607465,19-01-2006,27-02-2008;UB9375,607465,20-01-2006,27-02-2008;UB9375,607465,21-01-2006,27-02-2008;UB9375,607465,22-01-2006,27-02-2008;UB9375,607465,23-01-2006,27-02-2008;UB9375,607465,24-01-2006,27-02-2008;UB9375,607465,25-01-2006,27-02-2008;UB9375,607465,26-01-2006,27-02-2008;UB9375,607465,27-01-2006,27-02-2008;UB9375,607465,28-01-2006,27-02-2008;UB9375,607465,29-01-2006,27-02-2008;UB9375,607465,30-01-2006,27-02-2008;UB9375,607465,31-01-2006,27-02-2008;UB9375,607465,01-02-2006,27-02-2008;UB9375,607465,02-02-2006,27-02-2008;UB9375,607465,03-02-2006,27-02-2008
10:19:15.173,000,RES:OK~Archivo creado

10:19:44.252,000,INI:Servicio alex PipeComponent v1.0.0.1 Generado el 05-07-2017 10:19:43
10:19:44.299,000,ERR:System.Exception: Error al inicializar la impresora: Printer open error
   en PipeComponent.Peripherals.ThermalPrinter..ctor() en E:\AVN\PipeComponent\PipeComponent\Peripherals\ThermalPrinter.cs:línea 30
   en PipeComponent.PipeServer..ctor(String pipeName) en E:\AVN\PipeComponent\PipeComponent\PipeServer.cs:línea 36
10:19:44.302,000,IOP:
10:19:46.344,000,REQ:107~1~UB9375,607465,14-01-2006,27-02-2008;UB9375,607465,15-01-2006,27-02-2008;UB9375,607465,16-01-2006,27-02-2008;UB9375,607465,17-01-2006,27-02-2008;UB9375,607465,18-01-2006,27-02-2008;UB9375,607465,19-01-2006,27-02-2008;UB9375,607465,20-01-2006,27-02-2008;UB9375,607465,21-01-2006,27-02-2008;UB9375,607465,22-01-2006,27-02-2008;UB9375,607465,23-01-2006,27-02-2008;UB9375,607465,24-01-2006,27-02-2008;UB9375,607465,25-01-2006,27-02-2008;UB9375,607465,26-01-2006,27-02-2008;UB9375,607465,27-01-2006,27-02-2008;UB9375,607465,28-01-2006,27-02-2008;UB9375,607465,29-01-2006,27-02-2008;UB9375,607465,30-01-2006,27-02-2008;UB9375,607465,31-01-2006,27-02-2008;UB9375,607465,01-02-2006,27-02-2008;UB9375,607465,02-02-2006,27-02-2008;UB9375,607465,03-02-2006,27-02-2008
10:19:47.305,000,RES:OK~Archivo creado

10:23:18.290,000,INI:Servicio alex PipeComponent v1.0.0.1 Generado el 05-07-2017 10:19:43
10:23:18.339,000,ERR:System.Exception: Error al inicializar la impresora: Printer open error
   en PipeComponent.Peripherals.ThermalPrinter..ctor() en E:\AVN\PipeComponent\PipeComponent\Peripherals\ThermalPrinter.cs:línea 30
   en PipeComponent.PipeServer..ctor(String pipeName) en E:\AVN\PipeComponent\PipeComponent\PipeServer.cs:línea 36
10:23:18.343,000,IOP:
10:23:20.248,000,REQ:107~1~UB9375,607465,14-01-2006,27-02-2008;UB9375,607465,15-01-2006,27-02-2008
10:23:20.894,000,RES:OK~Archivo creado

10:24:04.302,000,INI:Servicio alex PipeComponent v1.0.0.1 Generado el 05-07-2017 10:19:43
10:24:04.333,000,ERR:System.Exception: Error al inicializar la impresora: Printer open error
   en PipeComponent.Peripherals.ThermalPrinter..ctor() en E:\AVN\PipeComponent\PipeComponent\Peripherals\ThermalPrinter.cs:línea 30
   en PipeComponent.PipeServer..ctor(String pipeName) en E:\AVN\PipeComponent\PipeComponent\PipeServer.cs:línea 36
10:24:04.336,000,IOP:
10:24:04.745,000,REQ:107~1~UB9375,607465,14-01-2006,27-02-2008;UB9375,607465,15-01-2006,27-02-2008;UB9375,607465,16-01-2006,27-02-2008;UB9375,607465,17-01-2006,27-02-2008;UB9375,607465,18-01-2006,27-02-2008;UB9375,607465,19-01-2006,27-02-2008;UB9375,607465,20-01-2006,27-02-2008;UB9375,607465,21-01-2006,27-02-2008;UB9375,607465,22-01-2006,27-02-2008;UB9375,607465,23-01-2006,27-02-2008;UB9375,607465,24-01-2006,27-02-2008;UB9375,607465,25-01-2006,27-02-2008;UB9375,607465,26-01-2006,27-02-2008;UB9375,607465,27-01-2006,27-02-2008;UB9375,607465,28-01-2006,27-02-2008;UB9375,607465,29-01-2006,27-02-2008;UB9375,607465,30-01-2006,27-02-2008;UB9375,607465,31-01-2006,27-02-2008;UB9375,607465,01-02-2006,27-02-2008;UB9375,607465,02-02-2006,27-02-2008
10:24:05.469,000,RES:OK~Archivo creado

11:12:53.651,000,INI:Servicio alex PipeComponent v1.0.0.1 Generado el 05-07-2017 10:19:43
11:12:53.716,000,ERR:System.Exception: Error al inicializar la impresora: Printer open error
   en PipeComponent.Peripherals.ThermalPrinter..ctor() en E:\AVN\PipeComponent\PipeComponent\Peripherals\ThermalPrinter.cs:línea 30
   en PipeComponent.PipeServer..ctor(String pipeName) en E:\AVN\PipeComponent\PipeComponent\PipeServer.cs:línea 36
11:12:53.718,000,IOP:
11:12:55.795,000,REQ:107~1~UB9375,607465,14-01-2006,27-02-2008;UB9375,607465,15-01-2006,27-02-2008;UB9375,607465,16-01-2006,27-02-2008;UB9375,607465,17-01-2006,27-02-2008;UB9375,607465,18-01-2006,27-02-2008;UB9375,607465,19-01-2006,27-02-2008;UB9375,607465,20-01-2006,27-02-2008;UB9375,607465,21-01-2006,27-02-2008;UB9375,607465,22-01-2006,27-02-2008;UB9375,607465,23-01-2006,27-02-2008;UB9375,607465,24-01-2006,27-02-2008;UB9375,607465,25-01-2006,27-02-2008;UB9375,607465,26-01-2006,27-02-2008;UB9375,607465,27-01-2006,27-02-2008;UB9375,607465,28-01-2006,27-02-2008;UB9375,607465,29-01-2006,27-02-2008;UB9375,607465,30-01-2006,27-02-2008;UB9375,607465,31-01-2006,27-02-2008;UB9375,607465,01-02-2006,27-02-2008;UB9375,607465,02-02-2006,27-02-2008
11:12:56.571,000,RES:OK~Archivo creado
