
15:40:54.271,000,INI:Servicio PipeComponent v1.0.0.1 Generado el 03-03-2017 17:04:32
15:40:54.276,000,IOP:

15:43:59.193,000,INI:Servicio PipeComponent v1.0.0.1 Generado el 03-03-2017 17:04:32
15:43:59.200,000,IOP:

15:59:45.673,000,INI:Servicio PipeComponent v1.0.0.1 Generado el 03-03-2017 17:04:32
15:59:45.682,000,IOP:
15:59:52.024,000,REQ:100~12345678~5
15:59:56.122,000,RES:NOK~
16:00:02.707,000,REQ:100~12345678~5
16:00:07.094,000,RES:NOK~
16:00:26.073,000,REQ:100~12345678~5
16:00:52.019,000,RES:NOK~
16:01:02.430,000,REQ:100~12345678~5
16:01:37.248,000,RES:NOK~
16:02:03.965,000,REQ:100~12345678~5
16:02:10.819,000,RES:NOK~

16:03:41.512,000,INI:Servicio PipeComponent v1.0.0.1 Generado el 03-03-2017 17:04:32
16:03:41.520,000,IOP:
16:03:45.978,000,REQ:100~12345678~5
16:03:47.179,000,RES:NOK~
16:03:52.595,000,REQ:100~12345678~5
16:03:55.332,000,RES:NOK~

16:07:36.604,000,INI:Servicio PipeComponent v1.0.0.1 Generado el 03-03-2017 17:04:32
16:07:36.612,000,IOP:
16:07:41.378,000,REQ:100~12345678~5
16:07:44.232,000,RES:NOK~

16:08:16.509,000,INI:Servicio PipeComponent v1.0.0.1 Generado el 03-03-2017 17:04:32
16:08:16.518,000,IOP:
16:08:20.206,000,REQ:100~12345678~5
16:08:27.684,000,RES:NOK~

16:10:03.100,000,INI:Servicio PipeComponent v1.0.0.1 Generado el 03-03-2017 17:04:32
16:10:03.106,000,IOP:

16:40:44.035,000,INI:Servicio PipeComponent v1.0.0.1 Generado el 03-03-2017 17:04:32
16:40:44.059,000,IOP:

16:41:20.910,000,INI:Servicio PipeComponent v1.0.0.1 Generado el 03-03-2017 17:04:32
16:41:20.919,000,IOP:
16:41:23.465,000,REQ:100~12345678~5
16:42:24.919,000,RES:NOK~Operacion Cancelada.
16:43:01.156,000,REQ:100~15958339~2
16:43:12.094,000,RES:OK~Usuario valido
16:51:16.431,000,REQ:100~15958339~2
16:52:56.995,000,RES:OK~Usuario valido
16:53:15.231,000,REQ:100~15958339~1
16:53:43.124,000,RES:NOK~Rut Invalido Dígito Verificador no corresponde.

16:56:56.628,000,INI:Servicio PipeComponent v1.0.0.1 Generado el 03-03-2017 17:04:32
17:29:27.429,000,IOP:
17:30:16.916,000,REQ:100~15958339~2
17:30:22.315,000,RES:OK~Usuario valido
18:46:57.341,000,REQ:100~15958339~2
18:47:06.288,000,RES:OK~Usuario valido
