17:02:08.156,000,REQ:102~NII ExD NP-K3053~1100842626,5333275,13/02/2015,50.933,602488337,VALERIA ALEJANDRA MEZA
17:02:08.276,000,RES:OK~Voucher impreso
17:04:22.756,000,REQ:101~pdf~http://172.20.3.96:8080/Facturacion/webservices/ConsultaPDF.jsp?t=39&f=5184861&e=96992030&r=1,5184861
17:04:22.794,000,ERR:System.Net.WebException: The remote server returned an error: (404) Not Found.
   at System.Net.WebClient.DownloadFile(Uri address, String fileName)
   at System.Net.WebClient.DownloadFile(String address, String fileName)
   at PipeComponent.Peripherals.LaserPrinter.imprimir(String doc) in E:\00.- Proyectos\01.- Autopista Vespucio Norte\PipeComponent\PipeComponent\Peripherals\LaserPrinter.cs:line 107
17:04:22.794,000,RES:OK~5184861
17:04:33.804,000,REQ:101~pdf~http://172.20.3.96:8080/Facturacion/webservices/ConsultaPDF.jsp?t=39&f=5333275&e=96992030&r=1,5333275
17:04:33.815,000,ERR:System.Net.WebException: The remote server returned an error: (404) Not Found.
   at System.Net.WebClient.DownloadFile(Uri address, String fileName)
   at System.Net.WebClient.DownloadFile(String address, String fileName)
   at PipeComponent.Peripherals.LaserPrinter.imprimir(String doc) in E:\00.- Proyectos\01.- Autopista Vespucio Norte\PipeComponent\PipeComponent\Peripherals\LaserPrinter.cs:line 107
17:04:33.816,000,RES:OK~5333275
17:04:55.669,000,REQ:101~pdf~http://172.20.3.96:8080/Facturacion/webservices/ConsultaPDF.jsp?t=39&f=5333275&e=96992030&r=1,5333275
17:04:55.677,000,ERR:System.Net.WebException: The remote server returned an error: (404) Not Found.
   at System.Net.WebClient.DownloadFile(Uri address, String fileName)
   at System.Net.WebClient.DownloadFile(String address, String fileName)
   at PipeComponent.Peripherals.LaserPrinter.imprimir(String doc) in E:\00.- Proyectos\01.- Autopista Vespucio Norte\PipeComponent\PipeComponent\Peripherals\LaserPrinter.cs:line 107
17:04:55.677,000,RES:OK~5333275
17:05:06.719,000,REQ:101~pdf~http://172.20.3.96:8080/Facturacion/webservices/ConsultaPDF.jsp?t=39&f=5333275&e=96992030&r=1,5333275;http://172.20.3.96:8080/Facturacion/webservices/ConsultaPDF.jsp?t=39&f=5184861&e=96992030&r=1,5184861;http://172.20.3.96:8080/Facturacion/webservices/ConsultaPDF.jsp?t=39&f=5053504&e=96992030&r=1,5053504
17:05:06.725,000,ERR:System.Net.WebException: The remote server returned an error: (404) Not Found.
   at System.Net.WebClient.DownloadFile(Uri address, String fileName)
   at System.Net.WebClient.DownloadFile(String address, String fileName)
   at PipeComponent.Peripherals.LaserPrinter.imprimir(String doc) in E:\00.- Proyectos\01.- Autopista Vespucio Norte\PipeComponent\PipeComponent\Peripherals\LaserPrinter.cs:line 107
17:05:06.730,000,ERR:System.Net.WebException: The remote server returned an error: (404) Not Found.
   at System.Net.WebClient.DownloadFile(Uri address, String fileName)
   at System.Net.WebClient.DownloadFile(String address, String fileName)
   at PipeComponent.Peripherals.LaserPrinter.imprimir(String doc) in E:\00.- Proyectos\01.- Autopista Vespucio Norte\PipeComponent\PipeComponent\Peripherals\LaserPrinter.cs:line 107
17:05:06.734,000,ERR:System.Net.WebException: The remote server returned an error: (404) Not Found.
   at System.Net.WebClient.DownloadFile(Uri address, String fileName)
   at System.Net.WebClient.DownloadFile(String address, String fileName)
   at PipeComponent.Peripherals.LaserPrinter.imprimir(String doc) in E:\00.- Proyectos\01.- Autopista Vespucio Norte\PipeComponent\PipeComponent\Peripherals\LaserPrinter.cs:line 107
17:05:06.735,000,RES:OK~5333275,5184861,5053504
17:06:33.418,000,REQ:107~2~CPHH16,01/03/2013,00:05:32,8,AVN,27307690;CPHH16,01/03/2013,00:04:21,11,AVN,27307690;CPHH16,04/03/2013,14:01:51,8,AVN,27307690;CPHH16,04/03/2013,14:00:52,11,AVN,27307690;CPHH16,04/03/2013,19:55:11,7,AVN,27307690;CPHH16,04/03/2013,19:57:55,9,AVN,27307690;CPHH16,04/03/2013,19:58:22,10,AVN,27307690;CPHH16,04/03/2013,20:00:12,12,AVN,27307690;CPHH16,04/03/2013,20:48:00,13,AVN,27307690;CPHH16,04/03/2013,22:19:47,14,AVN,27307690;CPHH16,04/03/2013,22:17:49,12,AVN,27307690;CPHH16,05/03/2013,00:16:59,15,AVN,27307690;CPHH16,05/03/2013,00:18:55,13,AVN,27307690;CPHH16,05/03/2013,14:58:09,11,AVN,27307690;CPHH16,05/03/2013,15:53:08,8,AVN,27307690;CPHH16,05/03/2013,18:42:09,7,AVN,27307690;CPHH16,05/03/2013,18:45:33,9,AVN,27307690;CPHH16,05/03/2013,19:07:58,8,AVN,27307690;CPHH16,05/03/2013,22:37:01,15,AVN,27307690;CPHH16,05/03/2013,22:39:01,13,AVN,27307690;CPHH16,06/03/2013,05:19:33,11,AVN,27307690;CPHH16,06/03/2013,18:39:18,13,AVN,27307690;CPHH16,07/03/2013,01:48:18,11,AVN,27307690;CPHH16,11/03/2013,11:00:51,12,AVN,27307690;CPHH16,11/03/2013,14:01:37,11,AVN,27307690;CPHH16,11/03/2013,14:00:03,13,AVN,27307690;CPHH16,11/03/2013,18:40:54,7,AVN,27307690;CPHH16,11/03/2013,18:44:00,9,AVN,27307690;CPHH16,11/03/2013,18:44:30,10,AVN,27307690;CPHH16,11/03/2013,18:46:25,12,AVN,27307690;CPHH16,11/03/2013,18:59:34,13,AVN,27307690;CPHH16,12/03/2013,10:07:30,12,AVN,27307690;CPHH16,12/03/2013,13:59:47,11,AVN,27307690;CPHH16,13/03/2013,10:34:48,1,AVN,27307690;CPHH16,13/03/2013,10:37:55,3,AVN,27307690;CPHH16,13/03/2013,10:40:19,5,AVN,27307690;CPHH16,13/03/2013,10:41:45,7,AVN,27307690;CPHH16,13/03/2013,10:44:45,9,AVN,27307690;CPHH16,13/03/2013,10:45:12,10,AVN,27307690
17:06:33.849,000,RES:OK~Archivo creado
17:07:42.617,000,REQ:107~2~CPHH16,01/03/2013,00:05:32,8,AVN,27307690;CPHH16,01/03/2013,00:04:21,11,AVN,27307690;CPHH16,04/03/2013,14:01:51,8,AVN,27307690;CPHH16,04/03/2013,14:00:52,11,AVN,27307690;CPHH16,04/03/2013,19:55:11,7,AVN,27307690;CPHH16,04/03/2013,19:57:55,9,AVN,27307690;CPHH16,04/03/2013,19:58:22,10,AVN,27307690;CPHH16,04/03/2013,20:00:12,12,AVN,27307690;CPHH16,04/03/2013,20:48:00,13,AVN,27307690;CPHH16,04/03/2013,22:19:47,14,AVN,27307690;CPHH16,04/03/2013,22:17:49,12,AVN,27307690;CPHH16,05/03/2013,00:16:59,15,AVN,27307690;CPHH16,05/03/2013,00:18:55,13,AVN,27307690;CPHH16,05/03/2013,14:58:09,11,AVN,27307690;CPHH16,05/03/2013,15:53:08,8,AVN,27307690;CPHH16,05/03/2013,18:42:09,7,AVN,27307690;CPHH16,05/03/2013,18:45:33,9,AVN,27307690;CPHH16,05/03/2013,19:07:58,8,AVN,27307690;CPHH16,05/03/2013,22:37:01,15,AVN,27307690;CPHH16,05/03/2013,22:39:01,13,AVN,27307690;CPHH16,06/03/2013,05:19:33,11,AVN,27307690;CPHH16,06/03/2013,18:39:18,13,AVN,27307690;CPHH16,07/03/2013,01:48:18,11,AVN,27307690;CPHH16,11/03/2013,11:00:51,12,AVN,27307690;CPHH16,11/03/2013,14:01:37,11,AVN,27307690;CPHH16,11/03/2013,14:00:03,13,AVN,27307690;CPHH16,11/03/2013,18:40:54,7,AVN,27307690;CPHH16,11/03/2013,18:44:00,9,AVN,27307690;CPHH16,11/03/2013,18:44:30,10,AVN,27307690;CPHH16,11/03/2013,18:46:25,12,AVN,27307690;CPHH16,11/03/2013,18:59:34,13,AVN,27307690;CPHH16,12/03/2013,10:07:30,12,AVN,27307690;CPHH16,12/03/2013,13:59:47,11,AVN,27307690;CPHH16,13/03/2013,10:34:48,1,AVN,27307690;CPHH16,13/03/2013,10:37:55,3,AVN,27307690;CPHH16,13/03/2013,10:40:19,5,AVN,27307690;CPHH16,13/03/2013,10:41:45,7,AVN,27307690;CPHH16,13/03/2013,10:44:45,9,AVN,27307690;CPHH16,13/03/2013,10:45:12,10,AVN,27307690
17:07:42.855,000,RES:OK~Archivo creado
17:13:13.611,000,REQ:107~1~UB9375,607465,14/01/2006,27/02/2008;UB9375,607465,16/01/2006,27/02/2008;UB9375,607465,18/01/2006,27/02/2008;UB9375,607465,19/01/2006,27/02/2008;UB9375,607465,21/01/2006,27/02/2008;UB9375,607465,24/01/2006,27/02/2008;UB9375,607465,25/01/2006,27/02/2008;UB9375,603792,22/03/2006,06/09/2008;UB9375,603792,23/03/2006,06/09/2008;UB9375,603792,30/03/2006,06/09/2008;UB9375,603792,31/03/2006,06/09/2008;UB9375,603792,01/04/2006,06/09/2008;UB9375,603792,03/04/2006,06/09/2008;UB9375,603792,04/04/2006,06/09/2008;UB9375,603792,06/04/2006,06/09/2008;UB9375,603792,07/04/2006,06/09/2008;UB9375,603792,10/04/2006,06/09/2008;UB9375,603792,11/04/2006,06/09/2008;UB9375,603792,13/04/2006,06/09/2008;UB9375,603792,14/04/2006,06/09/2008;UB9375,603792,15/04/2006,06/09/2008;UB9375,603792,17/04/2006,06/09/2008;UB9375,603792,18/04/2006,06/09/2008
17:13:14.019,000,RES:OK~Archivo creado
17:16:06.870,000,REQ:104~1~30
17:16:16.909,000,ERR:TPAuto.HuellaCI.Exceptions.CardTimeoutException: El tiempo para esperar la lectura de la cédula ha expirado.
   at TPAuto.HuellaCI.ValidadorHuella.ObtenerRut(Int32 commPort, Int32 timeout) in E:\00.- Proyectos\01.- Autopista Vespucio Norte\PipeComponent\PipeComponent\HuellaCI\ValidadorHuella.cs:line 91
   at PipeComponent.PipeServer.WaitForConnectionCallBack(IAsyncResult iar) in E:\00.- Proyectos\01.- Autopista Vespucio Norte\PipeComponent\PipeComponent\PipeServer.cs:line 190
17:16:16.909,000,RES:NOK~El tiempo para esperar la lectura de la cédula ha expirado.
17:17:24.859,000,REQ:104~1~30
17:17:28.247,000,RES:OK~17122588-4
17:17:28.341,000,REQ:105~1~30
17:17:28.824,000,RES:OK~Indice Derecho
17:17:28.923,000,REQ:106~1~30
17:17:31.576,000,RES:OK~True
17:17:55.363,000,REQ:101~pdf~http://172.20.3.96:8080/Facturacion/webservices/ConsultaPDF.jsp?t=41&f=32630764&e=96992030&r=1,32630764
17:17:55.388,000,ERR:System.Net.WebException: The remote server returned an error: (404) Not Found.
   at System.Net.WebClient.DownloadFile(Uri address, String fileName)
   at System.Net.WebClient.DownloadFile(String address, String fileName)
   at PipeComponent.Peripherals.LaserPrinter.imprimir(String doc) in E:\00.- Proyectos\01.- Autopista Vespucio Norte\PipeComponent\PipeComponent\Peripherals\LaserPrinter.cs:line 107
17:17:55.389,000,RES:OK~32630764
17:18:05.366,000,REQ:101~pdf~http://172.20.3.96:8080/Facturacion/webservices/ConsultaPDF.jsp?t=41&f=32630764&e=96992030&r=1,32630764
17:18:05.374,000,ERR:System.Net.WebException: The remote server returned an error: (404) Not Found.
   at System.Net.WebClient.DownloadFile(Uri address, String fileName)
   at System.Net.WebClient.DownloadFile(String address, String fileName)
   at PipeComponent.Peripherals.LaserPrinter.imprimir(String doc) in E:\00.- Proyectos\01.- Autopista Vespucio Norte\PipeComponent\PipeComponent\Peripherals\LaserPrinter.cs:line 107
17:18:05.375,000,RES:OK~32630764
17:18:22.895,000,REQ:101~pdf~http://172.20.3.96:8080/Facturacion/webservices/ConsultaPDF.jsp?t=41&f=32630764&e=96992030&r=1,32630764
17:18:22.902,000,ERR:System.Net.WebException: The remote server returned an error: (404) Not Found.
   at System.Net.WebClient.DownloadFile(Uri address, String fileName)
   at System.Net.WebClient.DownloadFile(String address, String fileName)
   at PipeComponent.Peripherals.LaserPrinter.imprimir(String doc) in E:\00.- Proyectos\01.- Autopista Vespucio Norte\PipeComponent\PipeComponent\Peripherals\LaserPrinter.cs:line 107
17:18:22.902,000,RES:OK~32630764
17:18:43.291,000,REQ:104~1~30
17:18:46.445,000,RES:OK~17122588-4
17:18:46.523,000,REQ:105~1~30
17:18:47.024,000,RES:OK~Indice Derecho
17:18:47.132,000,REQ:106~1~30
17:18:57.537,000,ERR:TPAuto.HuellaCI.Exceptions.FingerprintTimeoutException: El tiempo para esperar la lectura de la huella ha expirado.
   at TPAuto.HuellaCI.ValidadorHuella.ValidarHuella(String readerName, Int32 timeout) in E:\00.- Proyectos\01.- Autopista Vespucio Norte\PipeComponent\PipeComponent\HuellaCI\ValidadorHuella.cs:line 290
   at PipeComponent.PipeServer.WaitForConnectionCallBack(IAsyncResult iar) in E:\00.- Proyectos\01.- Autopista Vespucio Norte\PipeComponent\PipeComponent\PipeServer.cs:line 214
17:18:57.537,000,RES:NOK~El tiempo para esperar la lectura de la huella ha expirado.
17:19:05.821,000,REQ:104~1~30
17:19:08.991,000,RES:OK~17122588-4
17:19:09.069,000,REQ:105~1~30
17:19:09.570,000,RES:OK~Indice Derecho
17:19:09.664,000,REQ:106~1~30
17:19:12.982,000,RES:OK~True
17:20:18.762,000,REQ:101~pdf~http://172.20.3.96:8080/Facturacion/webservices/ConsultaPDF.jsp?t=39&f=5220750&e=96992030&r=1,5220750
17:20:19.056,000,RES:OK~
17:20:53.546,000,REQ:101~pdf~http://172.20.3.96:8080/Facturacion/webservices/ConsultaPDF.jsp?t=39&f=5096627&e=96992030&r=1,5096627
17:20:53.781,000,RES:OK~
17:20:53.906,000,REQ:107~2~XS5663,29/11/2014,02:03:22,17,AVN,5096627;XS5663,29/11/2014,02:00:54,2,AVN,5096627;XS5663,28/11/2014,19:55:39,4,AVN,5096627;XS5663,28/11/2014,19:53:18,6,AVN,5096627;XS5663,28/11/2014,19:49:32,8,AVN,5096627;XS5663,28/11/2014,19:48:31,11,AVN,5096627;XS5663,28/11/2014,17:37:13,10,AVN,5096627;XS5663,28/11/2014,17:36:36,9,AVN,5096627;XS5663,28/11/2014,17:32:54,7,AVN,5096627;XS5663,28/11/2014,17:31:03,5,AVN,5096627;XS5663,28/11/2014,07:42:18,3,AVN,5096627;XS5663,27/11/2014,17:50:42,17,AVN,5096627;XS5663,27/11/2014,17:48:18,2,AVN,5096627;XS5663,27/11/2014,17:45:38,4,AVN,5096627;XS5663,27/11/2014,17:43:12,6,AVN,5096627;XS5663,27/11/2014,16:42:17,5,AVN,5096627;XS5663,27/11/2014,08:37:21,3,AVN,5096627;XS5663,27/11/2014,01:49:54,17,AVN,5096627;XS5663,27/11/2014,01:48:04,2,AVN,5096627;XS5663,26/11/2014,22:16:14,3,AVN,5096627;XS5663,26/11/2014,22:15:23,16,AVN,5096627;XS5663,26/11/2014,22:13:14,1,AVN,5096627;XS5663,26/11/2014,18:43:31,17,AVN,5096627;XS5663,26/11/2014,18:39:57,2,AVN,5096627;XS5663,26/11/2014,18:35:59,4,AVN,5096627;XS5663,26/11/2014,08:21:59,3,AVN,5096627;XS5663,25/11/2014,17:29:48,17,AVN,5096627;XS5663,25/11/2014,17:27:17,2,AVN,5096627;XS5663,25/11/2014,08:26:22,3,AVN,5096627;XS5663,24/11/2014,18:37:40,17,AVN,5096627;XS5663,24/11/2014,18:34:58,2,AVN,5096627;XS5663,24/11/2014,18:29:29,4,AVN,5096627;XS5663,24/11/2014,08:29:15,3,AVN,5096627;XS5663,20/11/2014,13:39:24,3,AVN,5096627;XS5663,20/11/2014,13:38:12,16,AVN,5096627;XS5663,20/11/2014,08:23:19,3,AVN,5096627;XS5663,19/11/2014,18:49:32,17,AVN,5096627;XS5663,19/11/2014,18:41:55,2,AVN,5096627;XS5663,19/11/2014,18:29:58,4,AVN,5096627;XS5663,19/11/2014,10:39:31,3,AVN,5096627;XS5663,18/11/2014,17:51:16,17,AVN,5096627;XS5663,18/11/2014,17:48:58,2,AVN,5096627;XS5663,18/11/2014,17:46:25,4,AVN,5096627;XS5663,18/11/2014,10:02:54,3,AVN,5096627;XS5663,18/11/2014,10:01:49,16,AVN,5096627;XS5663,18/11/2014,09:59:27,1,AVN,5096627;XS5663,17/11/2014,18:36:43,17,AVN,5096627;XS5663,17/11/2014,18:33:57,2,AVN,5096627;XS5663,17/11/2014,18:28:49,4,AVN,5096627;XS5663,17/11/2014,08:13:44,3,AVN,5096627;XS5663,14/11/2014,14:57:36,17,AVN,5096627;XS5663,14/11/2014,14:55:31,2,AVN,5096627;XS5663,14/11/2014,08:38:55,3,AVN,5096627;XS5663,14/11/2014,00:51:09,17,AVN,5096627;XS5663,14/11/2014,00:48:38,2,AVN,5096627;XS5663,13/11/2014,22:23:54,3,AVN,5096627;XS5663,13/11/2014,22:22:52,16,AVN,5096627;XS5663,13/11/2014,22:20:24,1,AVN,5096627;XS5663,13/11/2014,08:14:03,3,AVN,5096627;XS5663,12/11/2014,18:43:43,17,AVN,5096627;XS5663,12/11/2014,18:41:08,2,AVN,5096627;XS5663,12/11/2014,18:35:33,4,AVN,5096627;XS5663,12/11/2014,06:31:46,3,AVN,5096627;XS5663,12/11/2014,06:30:53,16,AVN,5096627;XS5663,12/11/2014,06:28:45,1,AVN,5096627;XS5663,11/11/2014,08:15:35,3,AVN,5096627;XS5663,10/11/2014,08:30:00,3,AVN,5096627;XS5663,07/11/2014,14:34:24,17,AVN,5096627;XS5663,07/11/2014,14:32:28,2,AVN,5096627;XS5663,07/11/2014,14:30:44,4,AVN,5096627;XS5663,07/11/2014,07:27:27,3,AVN,5096627;XS5663,06/11/2014,17:36:12,17,AVN,5096627;XS5663,06/11/2014,17:33:54,2,AVN,5096627;XS5663,06/11/2014,17:31:00,4,AVN,5096627;XS5663,06/11/2014,08:19:57,3,AVN,5096627;XS5663,05/11/2014,18:34:50,17,AVN,5096627;XS5663,05/11/2014,18:31:33,2,AVN,5096627;XS5663,05/11/2014,18:28:25,4,AVN,5096627;XS5663,05/11/2014,08:16:18,3,AVN,5096627;XS5663,04/11/2014,17:45:14,17,AVN,5096627;XS5663,04/11/2014,17:43:01,2,AVN,5096627;XS5663,04/11/2014,17:38:53,4,AVN,5096627;XS5663,04/11/2014,08:20:33,3,AVN,5096627;XS5663,03/11/2014,18:37:41,17,AVN,5096627;XS5663,03/11/2014,18:35:13,2,AVN,5096627;XS5663,03/11/2014,18:31:10,4,AVN,5096627
17:20:54.256,000,RES:OK~Archivo creado
