09:20:55.236,000,REQ:104~1~30
09:21:01.350,000,RES:OK~17122588-4
09:21:01.443,000,REQ:105~1~30
09:21:01.927,000,RES:OK~Indice Derecho
09:21:02.055,000,REQ:106~1~30
09:21:04.781,000,RES:OK~True
09:21:17.847,000,REQ:101~pdf~http://172.20.3.80:8080/Facturacion/webservices/ConsultaPDF.jsp?t=41&f=44559918&e=96992030&r=1,44559918
09:21:18.466,000,RES:OK~
09:21:18.614,000,REQ:107~2~FZXF36,04/07/2017,12:03:44,3,AVN,44559918;FZXF36,03/07/2017,08:53:17,3,AVN,44559918;FZXF36,01/07/2017,18:42:42,10,AVN,44559918;FZXF36,30/06/2017,08:53:37,3,AVN,44559918;FZXF36,29/06/2017,08:29:50,3,AVN,44559918;FZXF36,28/06/2017,08:49:07,3,AVN,44559918;FZXF36,27/06/2017,14:03:58,3,AVN,44559918;FZXF36,27/06/2017,14:01:27,16,AVN,44559918;FZXF36,27/06/2017,13:38:37,2,AVN,44559918;FZXF36,27/06/2017,08:49:21,3,AVN,44559918;FZXF36,23/06/2017,08:47:59,3,AVN,44559918;FZXF36,22/06/2017,08:50:20,3,AVN,44559918;FZXF36,21/06/2017,08:48:16,3,AVN,44559918;FZXF36,20/06/2017,08:51:58,3,AVN,44559918;FZXF36,19/06/2017,08:54:31,3,AVN,44559918;FZXF36,16/06/2017,16:52:14,10,AVN,44559918;FZXF36,16/06/2017,13:34:46,10,AVN,44559918;FZXF36,16/06/2017,13:34:04,9,AVN,44559918;FZXF36,16/06/2017,13:30:53,7,AVN,44559918;FZXF36,16/06/2017,13:29:13,5,AVN,44559918;FZXF36,16/06/2017,08:50:29,3,AVN,44559918;FZXF36,15/06/2017,08:48:08,3,AVN,44559918;FZXF36,14/06/2017,08:49:25,3,AVN,44559918;FZXF36,13/06/2017,08:55:21,3,AVN,44559918;FZXF36,12/06/2017,14:40:51,3,AVN,44559918;FZXF36,12/06/2017,14:39:38,16,AVN,44559918;FZXF36,12/06/2017,13:14:21,2,AVN,44559918;FZXF36,12/06/2017,08:50:17,3,AVN,44559918;FZXF36,10/06/2017,14:46:02,17,AVN,44559918;FZXF36,10/06/2017,14:43:54,2,AVN,44559918;FZXF36,10/06/2017,13:32:42,3,AVN,44559918;FZXF36,09/06/2017,08:49:55,3,AVN,44559918;FZXF36,08/06/2017,08:57:12,3,AVN,44559918;FZXF36,07/06/2017,08:46:27,3,AVN,44559918;FZXF36,06/06/2017,08:49:44,3,AVN,44559918
09:21:18.942,000,RES:OK~Archivo creado
09:23:12.212,000,REQ:101~pdf~http://172.20.3.80:8080/Facturacion/webservices/ConsultaPDF.jsp?t=41&f=44559918&e=96992030&r=1,44559918
09:23:12.400,000,RES:OK~
09:23:32.196,000,REQ:101~pdf~http://172.20.3.80:8080/Facturacion/webservices/ConsultaPDF.jsp?t=41&f=44559918&e=96992030&r=1,44559918
09:23:32.403,000,RES:OK~
09:23:54.432,000,REQ:101~pdf~http://172.20.3.80:8080/Facturacion/webservices/ConsultaPDF.jsp?t=41&f=44559918&e=96992030&r=1,44559918
09:23:54.642,000,RES:OK~
09:23:54.769,000,REQ:107~2~FZXF36,04/07/2017,12:03:44,3,AVN,44559918;FZXF36,03/07/2017,08:53:17,3,AVN,44559918;FZXF36,01/07/2017,18:42:42,10,AVN,44559918;FZXF36,30/06/2017,08:53:37,3,AVN,44559918;FZXF36,29/06/2017,08:29:50,3,AVN,44559918;FZXF36,28/06/2017,08:49:07,3,AVN,44559918;FZXF36,27/06/2017,14:03:58,3,AVN,44559918;FZXF36,27/06/2017,14:01:27,16,AVN,44559918;FZXF36,27/06/2017,13:38:37,2,AVN,44559918;FZXF36,27/06/2017,08:49:21,3,AVN,44559918;FZXF36,23/06/2017,08:47:59,3,AVN,44559918;FZXF36,22/06/2017,08:50:20,3,AVN,44559918;FZXF36,21/06/2017,08:48:16,3,AVN,44559918;FZXF36,20/06/2017,08:51:58,3,AVN,44559918;FZXF36,19/06/2017,08:54:31,3,AVN,44559918;FZXF36,16/06/2017,16:52:14,10,AVN,44559918;FZXF36,16/06/2017,13:34:46,10,AVN,44559918;FZXF36,16/06/2017,13:34:04,9,AVN,44559918;FZXF36,16/06/2017,13:30:53,7,AVN,44559918;FZXF36,16/06/2017,13:29:13,5,AVN,44559918;FZXF36,16/06/2017,08:50:29,3,AVN,44559918;FZXF36,15/06/2017,08:48:08,3,AVN,44559918;FZXF36,14/06/2017,08:49:25,3,AVN,44559918;FZXF36,13/06/2017,08:55:21,3,AVN,44559918;FZXF36,12/06/2017,14:40:51,3,AVN,44559918;FZXF36,12/06/2017,14:39:38,16,AVN,44559918;FZXF36,12/06/2017,13:14:21,2,AVN,44559918;FZXF36,12/06/2017,08:50:17,3,AVN,44559918;FZXF36,10/06/2017,14:46:02,17,AVN,44559918;FZXF36,10/06/2017,14:43:54,2,AVN,44559918;FZXF36,10/06/2017,13:32:42,3,AVN,44559918;FZXF36,09/06/2017,08:49:55,3,AVN,44559918;FZXF36,08/06/2017,08:57:12,3,AVN,44559918;FZXF36,07/06/2017,08:46:27,3,AVN,44559918;FZXF36,06/06/2017,08:49:44,3,AVN,44559918
09:23:55.078,000,RES:OK~Archivo creado
09:24:44.372,000,REQ:101~pdf~http://172.20.3.80:8080/Facturacion/webservices/ConsultaPDF.jsp?t=41&f=44559918&e=96992030&r=1,44559918
09:24:44.582,000,RES:OK~
09:24:44.707,000,REQ:107~2~FZXF36,04/07/2017,12:03:44,3,AVN,44559918;FZXF36,03/07/2017,08:53:17,3,AVN,44559918;FZXF36,01/07/2017,18:42:42,10,AVN,44559918;FZXF36,30/06/2017,08:53:37,3,AVN,44559918;FZXF36,29/06/2017,08:29:50,3,AVN,44559918;FZXF36,28/06/2017,08:49:07,3,AVN,44559918;FZXF36,27/06/2017,14:03:58,3,AVN,44559918;FZXF36,27/06/2017,14:01:27,16,AVN,44559918;FZXF36,27/06/2017,13:38:37,2,AVN,44559918;FZXF36,27/06/2017,08:49:21,3,AVN,44559918;FZXF36,23/06/2017,08:47:59,3,AVN,44559918;FZXF36,22/06/2017,08:50:20,3,AVN,44559918;FZXF36,21/06/2017,08:48:16,3,AVN,44559918;FZXF36,20/06/2017,08:51:58,3,AVN,44559918;FZXF36,19/06/2017,08:54:31,3,AVN,44559918;FZXF36,16/06/2017,16:52:14,10,AVN,44559918;FZXF36,16/06/2017,13:34:46,10,AVN,44559918;FZXF36,16/06/2017,13:34:04,9,AVN,44559918;FZXF36,16/06/2017,13:30:53,7,AVN,44559918;FZXF36,16/06/2017,13:29:13,5,AVN,44559918;FZXF36,16/06/2017,08:50:29,3,AVN,44559918;FZXF36,15/06/2017,08:48:08,3,AVN,44559918;FZXF36,14/06/2017,08:49:25,3,AVN,44559918;FZXF36,13/06/2017,08:55:21,3,AVN,44559918;FZXF36,12/06/2017,14:40:51,3,AVN,44559918;FZXF36,12/06/2017,14:39:38,16,AVN,44559918;FZXF36,12/06/2017,13:14:21,2,AVN,44559918;FZXF36,12/06/2017,08:50:17,3,AVN,44559918;FZXF36,10/06/2017,14:46:02,17,AVN,44559918;FZXF36,10/06/2017,14:43:54,2,AVN,44559918;FZXF36,10/06/2017,13:32:42,3,AVN,44559918;FZXF36,09/06/2017,08:49:55,3,AVN,44559918;FZXF36,08/06/2017,08:57:12,3,AVN,44559918;FZXF36,07/06/2017,08:46:27,3,AVN,44559918;FZXF36,06/06/2017,08:49:44,3,AVN,44559918
09:24:44.992,000,RES:OK~Archivo creado
09:24:57.075,000,REQ:101~pdf~http://172.20.3.80:8080/Facturacion/webservices/ConsultaPDF.jsp?t=41&f=44266816&e=96992030&r=1,44266816
09:24:57.668,000,RES:OK~
09:24:57.791,000,REQ:107~2~FZXF36,02/06/2017,08:52:13,3,AVN,44266816;FZXF36,01/06/2017,11:36:42,3,AVN,44266816;FZXF36,31/05/2017,18:44:17,10,AVN,44266816;FZXF36,31/05/2017,18:43:40,9,AVN,44266816;FZXF36,31/05/2017,18:39:27,7,AVN,44266816;FZXF36,31/05/2017,18:37:31,5,AVN,44266816;FZXF36,31/05/2017,14:00:22,3,AVN,44266816;FZXF36,31/05/2017,13:59:24,16,AVN,44266816;FZXF36,31/05/2017,12:33:02,2,AVN,44266816;FZXF36,31/05/2017,12:31:00,4,AVN,44266816;FZXF36,31/05/2017,08:49:33,3,AVN,44266816;FZXF36,30/05/2017,08:49:40,3,AVN,44266816;FZXF36,29/05/2017,08:51:44,3,AVN,44266816;FZXF36,28/05/2017,19:48:26,11,AVN,44266816;FZXF36,28/05/2017,16:43:04,10,AVN,44266816;FZXF36,26/05/2017,08:47:53,3,AVN,44266816;FZXF36,25/05/2017,08:43:00,3,AVN,44266816;FZXF36,24/05/2017,08:53:41,3,AVN,44266816;FZXF36,22/05/2017,18:47:28,9,AVN,44266816;FZXF36,22/05/2017,18:43:33,7,AVN,44266816;FZXF36,22/05/2017,18:41:12,5,AVN,44266816;FZXF36,22/05/2017,08:49:14,3,AVN,44266816;FZXF36,18/05/2017,08:54:16,3,AVN,44266816;FZXF36,17/05/2017,08:46:52,3,AVN,44266816;FZXF36,16/05/2017,08:48:07,3,AVN,44266816;FZXF36,15/05/2017,08:49:47,3,AVN,44266816;FZXF36,12/05/2017,08:45:21,3,AVN,44266816;FZXF36,11/05/2017,08:51:36,3,AVN,44266816;FZXF36,10/05/2017,08:52:59,3,AVN,44266816;FZXF36,09/05/2017,08:43:50,3,AVN,44266816;FZXF36,08/05/2017,13:45:47,6,AVN,44266816;FZXF36,08/05/2017,13:41:07,8,AVN,44266816;FZXF36,08/05/2017,12:30:04,10,AVN,44266816;FZXF36,08/05/2017,12:29:20,9,AVN,44266816;FZXF36,08/05/2017,12:26:02,7,AVN,44266816;FZXF36,08/05/2017,12:24:15,5,AVN,44266816;FZXF36,08/05/2017,08:56:33,3,AVN,44266816
09:24:58.011,000,RES:OK~Archivo creado
09:25:10.098,000,REQ:101~pdf~http://172.20.3.80:8080/Facturacion/webservices/ConsultaPDF.jsp?t=41&f=43993686&e=96992030&r=1,43993686
09:25:10.810,000,RES:OK~
09:25:10.928,000,REQ:107~2~FZXF36,04/05/2017,08:45:10,3,AVN,43993686;FZXF36,03/05/2017,08:42:34,3,AVN,43993686;FZXF36,02/05/2017,09:06:46,3,AVN,43993686;FZXF36,28/04/2017,08:54:19,3,AVN,43993686;FZXF36,27/04/2017,21:18:44,3,AVN,43993686;FZXF36,27/04/2017,08:45:52,3,AVN,43993686;FZXF36,26/04/2017,08:48:16,3,AVN,43993686;FZXF36,25/04/2017,09:22:44,3,AVN,43993686;FZXF36,24/04/2017,08:55:41,3,AVN,43993686;FZXF36,21/04/2017,08:47:17,3,AVN,43993686;FZXF36,20/04/2017,11:32:30,3,AVN,43993686;FZXF36,20/04/2017,08:51:23,3,AVN,43993686;FZXF36,17/04/2017,08:44:19,3,AVN,43993686;FZXF36,13/04/2017,08:52:41,3,AVN,43993686;FZXF36,12/04/2017,08:46:45,3,AVN,43993686;FZXF36,11/04/2017,13:23:38,6,AVN,43993686;FZXF36,11/04/2017,13:18:55,7,AVN,43993686;FZXF36,11/04/2017,13:17:06,5,AVN,43993686;FZXF36,11/04/2017,08:47:55,3,AVN,43993686;FZXF36,10/04/2017,08:41:06,3,AVN,43993686;FZXF36,07/04/2017,21:06:55,9,AVN,43993686;FZXF36,07/04/2017,21:02:11,8,AVN,43993686;FZXF36,07/04/2017,21:00:43,11,AVN,43993686;FZXF36,07/04/2017,08:44:22,3,AVN,43993686;FZXF36,06/04/2017,08:45:17,3,AVN,43993686
09:25:11.161,000,RES:OK~Archivo creado
09:27:13.791,000,REQ:102~NII ExD NP-K3053~1101786790,44559918,24/07/2017,13.253,105702472,PAOLA CAROLINA ROJAS
09:27:13.909,000,RES:OK~Voucher impreso
09:27:24.683,000,REQ:102~NII ExD NP-K3053~1101786790,44559918,24/07/2017,13.253,105702472,PAOLA CAROLINA ROJAS
09:27:24.806,000,RES:OK~Voucher impreso
09:30:28.853,000,REQ:102~NII ExD NP-K3053~1496638,31658561,18/08/2014,10.488,201718793,MICHELL ANTHONY POLANCO;991100013690,124019557,20/10/2011,358.341,0,MICHELL ANTHONY POLANCO
09:30:29.105,000,RES:OK~Voucher impreso
09:31:13.053,000,REQ:102~NII ExD NP-K3053~991100013690,124019557,20/10/2011,358.341,0,MICHELL ANTHONY POLANCO
09:31:13.179,000,RES:OK~Voucher impreso
09:31:27.364,000,REQ:102~NII ExD NP-K3053~1496638,31658561,18/08/2014,10.488,201718793,MICHELL ANTHONY POLANCO
09:31:27.482,000,RES:OK~Voucher impreso
09:36:29.490,000,REQ:102~NII ExD NP-K3053~1100713305,1104841,09/08/2017,14.698,11100581226,  CONSTRUCTORA MANQUEHUE BROTEC ICAFAL LTD
09:36:29.633,000,RES:OK~Voucher impreso
09:51:28.501,000,REQ:107~3~CXTX28,22/10/2015,11/11/2015,Fuera de Plazo,AVN;CXTX28,16/06/2017,06/07/2017,Fuera de Plazo,AVN-TSC;CXTX28,24/06/2017,14/07/2017,Fuera de Plazo,AVN-TSC;CXTX28,05/07/2017,25/07/2017,Fuera de Plazo,TSC;CXTX28,08/07/2017,28/07/2017,Fuera de Plazo,AVN;CXTX28,19/07/2017,08/08/2017,En Plazo,AVN-TSC;CXTX28,20/07/2017,09/08/2017,En Plazo,AVN
09:51:28.705,000,RES:OK~Archivo creado
09:52:14.320,000,REQ:107~2~CXTX28,14/05/2014,09:44:15,102,TSC,31661002;CXTX28,14/05/2014,17:25:25,3,AVN,31661002;CXTX28,20/05/2014,11:59:29,102,TSC,31661002
09:52:14.518,000,RES:OK~Archivo creado
10:02:18.526,000,REQ:107~2~CXTX28,02/08/2014,07:55:17,10,AVN,32559238
10:02:18.717,000,RES:OK~Archivo creado
10:38:19.841,000,REQ:107~3~HZSR54,10/08/2016,30/08/2016,Fuera de Plazo,AVN;HZSR54,19/08/2016,08/09/2016,Fuera de Plazo,AVN-TSC;HZSR54,21/10/2016,10/11/2016,Fuera de Plazo,AVN;HZSR54,14/11/2016,04/12/2016,Fuera de Plazo,AVN-TSC;HZSR54,06/12/2016,26/12/2016,Fuera de Plazo,AVN-TSC;HZSR54,08/12/2016,28/12/2016,Fuera de Plazo,AVN-TSC;HZSR54,14/12/2016,03/01/2017,Fuera de Plazo,AVN-TSC;HZSR54,16/12/2016,05/01/2017,Fuera de Plazo,AVN-TSC;HZSR54,27/12/2016,16/01/2017,Fuera de Plazo,AVN;HZSR54,28/12/2016,17/01/2017,Fuera de Plazo,AVN-TSC;HZSR54,29/12/2016,18/01/2017,Fuera de Plazo,AVN-TSC;HZSR54,06/01/2017,26/01/2017,Fuera de Plazo,AVN-TSC;HZSR54,18/01/2017,07/02/2017,Fuera de Plazo,AVN-TSC;HZSR54,01/02/2017,21/02/2017,Fuera de Plazo,AVN;HZSR54,05/02/2017,25/02/2017,Fuera de Plazo,AVN;HZSR54,20/02/2017,12/03/2017,Fuera de Plazo,AVN;HZSR54,21/02/2017,13/03/2017,Fuera de Plazo,AVN;HZSR54,25/02/2017,17/03/2017,Fuera de Plazo,AVN;HZSR54,26/02/2017,18/03/2017,Fuera de Plazo,AVN;HZSR54,02/03/2017,22/03/2017,Fuera de Plazo,AVN;HZSR54,07/03/2017,27/03/2017,Fuera de Plazo,AVN;HZSR54,22/03/2017,11/04/2017,Fuera de Plazo,AVN-TSC;HZSR54,31/03/2017,20/04/2017,Fuera de Plazo,AVN;HZSR54,01/04/2017,21/04/2017,Fuera de Plazo,AVN;HZSR54,05/04/2017,25/04/2017,Fuera de Plazo,AVN;HZSR54,07/04/2017,27/04/2017,Fuera de Plazo,AVN;HZSR54,10/04/2017,30/04/2017,Fuera de Plazo,AVN;HZSR54,16/04/2017,06/05/2017,Fuera de Plazo,AVN;HZSR54,17/04/2017,07/05/2017,Fuera de Plazo,AVN;HZSR54,24/04/2017,14/05/2017,Fuera de Plazo,AVN;HZSR54,25/04/2017,15/05/2017,Fuera de Plazo,AVN;HZSR54,26/04/2017,16/05/2017,Fuera de Plazo,AVN;HZSR54,06/05/2017,26/05/2017,Fuera de Plazo,AVN;HZSR54,08/05/2017,28/05/2017,Fuera de Plazo,AVN;HZSR54,11/05/2017,31/05/2017,Fuera de Plazo,AVN;HZSR54,12/05/2017,01/06/2017,Fuera de Plazo,AVN;HZSR54,17/05/2017,06/06/2017,Fuera de Plazo,AVN;HZSR54,18/05/2017,07/06/2017,Fuera de Plazo,AVN;HZSR54,21/05/2017,10/06/2017,Fuera de Plazo,AVN;HZSR54,01/06/2017,21/06/2017,Fuera de Plazo,AVN;HZSR54,02/06/2017,22/06/2017,Fuera de Plazo,AVN;HZSR54,03/06/2017,23/06/2017,Fuera de Plazo,AVN;HZSR54,07/06/2017,27/06/2017,Fuera de Plazo,AVN;HZSR54,08/06/2017,28/06/2017,Fuera de Plazo,AVN;HZSR54,09/06/2017,29/06/2017,Fuera de Plazo,AVN;HZSR54,10/06/2017,30/06/2017,Fuera de Plazo,AVN;HZSR54,12/06/2017,02/07/2017,Fuera de Plazo,AVN;HZSR54,13/06/2017,03/07/2017,Fuera de Plazo,AVN;HZSR54,14/06/2017,04/07/2017,Fuera de Plazo,AVN;HZSR54,15/06/2017,05/07/2017,Fuera de Plazo,AVN;HZSR54,16/06/2017,06/07/2017,Fuera de Plazo,AVN;HZSR54,19/06/2017,09/07/2017,Fuera de Plazo,AVN;HZSR54,20/06/2017,10/07/2017,Fuera de Plazo,AVN;HZSR54,23/06/2017,13/07/2017,Fuera de Plazo,AVN
10:38:20.131,000,RES:OK~Archivo creado
11:05:47.563,000,REQ:107~1~PK1089,8464994,03/08/2008,02/01/2009;PK1089,8741556,09/09/2008,02/01/2009;PK1089,9427579,03/11/2008,04/03/2009
11:05:47.807,000,RES:OK~Archivo creado
11:18:12.992,000,REQ:102~NII ExD NP-K3053~1101786790,44559918,24/07/2017,13.253,105702472,PAOLA CAROLINA ROJAS
11:18:13.114,000,RES:OK~Voucher impreso
11:21:00.675,000,REQ:104~1~30
11:21:06.888,000,RES:OK~17122588-4
11:21:06.966,000,REQ:105~1~30
11:21:07.465,000,RES:OK~Indice Derecho
11:21:07.569,000,REQ:106~1~30
11:21:10.429,000,RES:OK~True
11:23:36.529,000,REQ:101~pdf~http://172.20.3.80:8080/Facturacion/webservices/ConsultaPDF.jsp?t=41&f=44559918&e=96992030&r=1,44559918
11:23:37.109,000,RES:OK~
11:24:14.307,000,REQ:101~pdf~http://172.20.3.80:8080/Facturacion/webservices/ConsultaPDF.jsp?t=41&f=44559918&e=96992030&r=1,44559918
11:24:14.495,000,RES:OK~
11:25:35.691,000,REQ:101~pdf~http://172.20.3.80:8080/Facturacion/webservices/ConsultaPDF.jsp?t=41&f=44559918&e=96992030&r=1,44559918
11:25:35.862,000,RES:OK~
11:25:35.995,000,REQ:107~2~FZXF36,04/07/2017,12:03:44,3,AVN,44559918;FZXF36,03/07/2017,08:53:17,3,AVN,44559918;FZXF36,01/07/2017,18:42:42,10,AVN,44559918;FZXF36,30/06/2017,08:53:37,3,AVN,44559918;FZXF36,29/06/2017,08:29:50,3,AVN,44559918;FZXF36,28/06/2017,08:49:07,3,AVN,44559918;FZXF36,27/06/2017,14:03:58,3,AVN,44559918;FZXF36,27/06/2017,14:01:27,16,AVN,44559918;FZXF36,27/06/2017,13:38:37,2,AVN,44559918;FZXF36,27/06/2017,08:49:21,3,AVN,44559918;FZXF36,23/06/2017,08:47:59,3,AVN,44559918;FZXF36,22/06/2017,08:50:20,3,AVN,44559918;FZXF36,21/06/2017,08:48:16,3,AVN,44559918;FZXF36,20/06/2017,08:51:58,3,AVN,44559918;FZXF36,19/06/2017,08:54:31,3,AVN,44559918;FZXF36,16/06/2017,16:52:14,10,AVN,44559918;FZXF36,16/06/2017,13:34:46,10,AVN,44559918;FZXF36,16/06/2017,13:34:04,9,AVN,44559918;FZXF36,16/06/2017,13:30:53,7,AVN,44559918;FZXF36,16/06/2017,13:29:13,5,AVN,44559918;FZXF36,16/06/2017,08:50:29,3,AVN,44559918;FZXF36,15/06/2017,08:48:08,3,AVN,44559918;FZXF36,14/06/2017,08:49:25,3,AVN,44559918;FZXF36,13/06/2017,08:55:21,3,AVN,44559918;FZXF36,12/06/2017,14:40:51,3,AVN,44559918;FZXF36,12/06/2017,14:39:38,16,AVN,44559918;FZXF36,12/06/2017,13:14:21,2,AVN,44559918;FZXF36,12/06/2017,08:50:17,3,AVN,44559918;FZXF36,10/06/2017,14:46:02,17,AVN,44559918;FZXF36,10/06/2017,14:43:54,2,AVN,44559918;FZXF36,10/06/2017,13:32:42,3,AVN,44559918;FZXF36,09/06/2017,08:49:55,3,AVN,44559918;FZXF36,08/06/2017,08:57:12,3,AVN,44559918;FZXF36,07/06/2017,08:46:27,3,AVN,44559918;FZXF36,06/06/2017,08:49:44,3,AVN,44559918
11:25:36.308,000,RES:OK~Archivo creado
11:27:20.745,000,REQ:101~pdf~http://172.20.3.80:8080/Facturacion/webservices/ConsultaPDF.jsp?t=41&f=44559918&e=96992030&r=1,44559918
11:27:20.931,000,RES:OK~
11:27:21.057,000,REQ:107~2~FZXF36,04/07/2017,12:03:44,3,AVN,44559918;FZXF36,03/07/2017,08:53:17,3,AVN,44559918;FZXF36,01/07/2017,18:42:42,10,AVN,44559918;FZXF36,30/06/2017,08:53:37,3,AVN,44559918;FZXF36,29/06/2017,08:29:50,3,AVN,44559918;FZXF36,28/06/2017,08:49:07,3,AVN,44559918;FZXF36,27/06/2017,14:03:58,3,AVN,44559918;FZXF36,27/06/2017,14:01:27,16,AVN,44559918;FZXF36,27/06/2017,13:38:37,2,AVN,44559918;FZXF36,27/06/2017,08:49:21,3,AVN,44559918;FZXF36,23/06/2017,08:47:59,3,AVN,44559918;FZXF36,22/06/2017,08:50:20,3,AVN,44559918;FZXF36,21/06/2017,08:48:16,3,AVN,44559918;FZXF36,20/06/2017,08:51:58,3,AVN,44559918;FZXF36,19/06/2017,08:54:31,3,AVN,44559918;FZXF36,16/06/2017,16:52:14,10,AVN,44559918;FZXF36,16/06/2017,13:34:46,10,AVN,44559918;FZXF36,16/06/2017,13:34:04,9,AVN,44559918;FZXF36,16/06/2017,13:30:53,7,AVN,44559918;FZXF36,16/06/2017,13:29:13,5,AVN,44559918;FZXF36,16/06/2017,08:50:29,3,AVN,44559918;FZXF36,15/06/2017,08:48:08,3,AVN,44559918;FZXF36,14/06/2017,08:49:25,3,AVN,44559918;FZXF36,13/06/2017,08:55:21,3,AVN,44559918;FZXF36,12/06/2017,14:40:51,3,AVN,44559918;FZXF36,12/06/2017,14:39:38,16,AVN,44559918;FZXF36,12/06/2017,13:14:21,2,AVN,44559918;FZXF36,12/06/2017,08:50:17,3,AVN,44559918;FZXF36,10/06/2017,14:46:02,17,AVN,44559918;FZXF36,10/06/2017,14:43:54,2,AVN,44559918;FZXF36,10/06/2017,13:32:42,3,AVN,44559918;FZXF36,09/06/2017,08:49:55,3,AVN,44559918;FZXF36,08/06/2017,08:57:12,3,AVN,44559918;FZXF36,07/06/2017,08:46:27,3,AVN,44559918;FZXF36,06/06/2017,08:49:44,3,AVN,44559918
11:27:21.384,000,RES:OK~Archivo creado
11:27:33.467,000,REQ:101~pdf~http://172.20.3.80:8080/Facturacion/webservices/ConsultaPDF.jsp?t=41&f=44266816&e=96992030&r=1,44266816
11:27:33.998,000,RES:OK~
11:27:34.126,000,REQ:107~2~FZXF36,02/06/2017,08:52:13,3,AVN,44266816;FZXF36,01/06/2017,11:36:42,3,AVN,44266816;FZXF36,31/05/2017,18:44:17,10,AVN,44266816;FZXF36,31/05/2017,18:43:40,9,AVN,44266816;FZXF36,31/05/2017,18:39:27,7,AVN,44266816;FZXF36,31/05/2017,18:37:31,5,AVN,44266816;FZXF36,31/05/2017,14:00:22,3,AVN,44266816;FZXF36,31/05/2017,13:59:24,16,AVN,44266816;FZXF36,31/05/2017,12:33:02,2,AVN,44266816;FZXF36,31/05/2017,12:31:00,4,AVN,44266816;FZXF36,31/05/2017,08:49:33,3,AVN,44266816;FZXF36,30/05/2017,08:49:40,3,AVN,44266816;FZXF36,29/05/2017,08:51:44,3,AVN,44266816;FZXF36,28/05/2017,19:48:26,11,AVN,44266816;FZXF36,28/05/2017,16:43:04,10,AVN,44266816;FZXF36,26/05/2017,08:47:53,3,AVN,44266816;FZXF36,25/05/2017,08:43:00,3,AVN,44266816;FZXF36,24/05/2017,08:53:41,3,AVN,44266816;FZXF36,22/05/2017,18:47:28,9,AVN,44266816;FZXF36,22/05/2017,18:43:33,7,AVN,44266816;FZXF36,22/05/2017,18:41:12,5,AVN,44266816;FZXF36,22/05/2017,08:49:14,3,AVN,44266816;FZXF36,18/05/2017,08:54:16,3,AVN,44266816;FZXF36,17/05/2017,08:46:52,3,AVN,44266816;FZXF36,16/05/2017,08:48:07,3,AVN,44266816;FZXF36,15/05/2017,08:49:47,3,AVN,44266816;FZXF36,12/05/2017,08:45:21,3,AVN,44266816;FZXF36,11/05/2017,08:51:36,3,AVN,44266816;FZXF36,10/05/2017,08:52:59,3,AVN,44266816;FZXF36,09/05/2017,08:43:50,3,AVN,44266816;FZXF36,08/05/2017,13:45:47,6,AVN,44266816;FZXF36,08/05/2017,13:41:07,8,AVN,44266816;FZXF36,08/05/2017,12:30:04,10,AVN,44266816;FZXF36,08/05/2017,12:29:20,9,AVN,44266816;FZXF36,08/05/2017,12:26:02,7,AVN,44266816;FZXF36,08/05/2017,12:24:15,5,AVN,44266816;FZXF36,08/05/2017,08:56:33,3,AVN,44266816
11:27:34.329,000,RES:OK~Archivo creado
11:27:46.450,000,REQ:101~pdf~http://172.20.3.80:8080/Facturacion/webservices/ConsultaPDF.jsp?t=41&f=43993686&e=96992030&r=1,43993686
11:27:47.026,000,RES:OK~
11:27:47.154,000,REQ:107~2~FZXF36,04/05/2017,08:45:10,3,AVN,43993686;FZXF36,03/05/2017,08:42:34,3,AVN,43993686;FZXF36,02/05/2017,09:06:46,3,AVN,43993686;FZXF36,28/04/2017,08:54:19,3,AVN,43993686;FZXF36,27/04/2017,21:18:44,3,AVN,43993686;FZXF36,27/04/2017,08:45:52,3,AVN,43993686;FZXF36,26/04/2017,08:48:16,3,AVN,43993686;FZXF36,25/04/2017,09:22:44,3,AVN,43993686;FZXF36,24/04/2017,08:55:41,3,AVN,43993686;FZXF36,21/04/2017,08:47:17,3,AVN,43993686;FZXF36,20/04/2017,11:32:30,3,AVN,43993686;FZXF36,20/04/2017,08:51:23,3,AVN,43993686;FZXF36,17/04/2017,08:44:19,3,AVN,43993686;FZXF36,13/04/2017,08:52:41,3,AVN,43993686;FZXF36,12/04/2017,08:46:45,3,AVN,43993686;FZXF36,11/04/2017,13:23:38,6,AVN,43993686;FZXF36,11/04/2017,13:18:55,7,AVN,43993686;FZXF36,11/04/2017,13:17:06,5,AVN,43993686;FZXF36,11/04/2017,08:47:55,3,AVN,43993686;FZXF36,10/04/2017,08:41:06,3,AVN,43993686;FZXF36,07/04/2017,21:06:55,9,AVN,43993686;FZXF36,07/04/2017,21:02:11,8,AVN,43993686;FZXF36,07/04/2017,21:00:43,11,AVN,43993686;FZXF36,07/04/2017,08:44:22,3,AVN,43993686;FZXF36,06/04/2017,08:45:17,3,AVN,43993686
11:27:47.400,000,RES:OK~Archivo creado
11:33:58.436,000,REQ:102~NII ExD NP-K3053~1496638,31658561,18/08/2014,10.488,201718793,MICHELL ANTHONY POLANCO;991100013690,124019557,20/10/2011,358.341,0,MICHELL ANTHONY POLANCO
11:33:58.671,000,RES:OK~Voucher impreso
11:34:26.453,000,REQ:102~NII ExD NP-K3053~1496638,31658561,18/08/2014,10.488,201718793,MICHELL ANTHONY POLANCO;991100013690,124019557,20/10/2011,358.341,0,MICHELL ANTHONY POLANCO
11:34:26.710,000,RES:OK~Voucher impreso
11:38:49.882,000,REQ:102~NII ExD NP-K3053~1101667548,9843152,09/08/2017,3.211,12900315671,JAIME ADRIAN TAPIA;1101429133,9853997,09/08/2017,3.633,9401093745,JAIME ADRIAN TAPIA;1101205123,44667092,09/08/2017,8.156,11800382167,JAIME ADRIAN TAPIA;991100027723,44669174,09/08/2017,83.837,11500394819,JAIME ADRIAN TAPIA;991100046469,44669443,09/08/2017,92.941,301759797,JAIME ADRIAN TAPIA
11:38:50.542,000,RES:OK~Voucher impreso
11:42:11.793,000,REQ:101~pdf~http://172.20.3.80:8080/Facturacion/webservices/ConsultaPDF.jsp?t=41&f=3139179&e=96992030&r=1,3139179
11:42:12.386,000,RES:OK~
11:44:23.971,000,REQ:101~pdf~http://172.20.3.80:8080/Facturacion/webservices/ConsultaPDF.jsp?t=41&f=44370550&e=96992030&r=1,44370550
11:44:24.616,000,RES:OK~
11:48:10.574,000,REQ:101~pdf~http://172.20.3.80:8080/Facturacion/webservices/ConsultaPDF.jsp?t=41&f=3139179&e=96992030&r=1,3139179
11:48:10.617,000,RES:OK~
11:50:04.221,000,REQ:101~pdf~http://172.20.3.80:8080/Facturacion/webservices/ConsultaPDF.jsp?t=41&f=3139179&e=96992030&r=1,3139179
11:50:04.263,000,RES:OK~
11:51:57.434,000,REQ:101~pdf~http://172.20.3.80:8080/Facturacion/webservices/ConsultaPDF.jsp?t=39&f=9684775&e=96992030&r=1,9684775
11:51:58.062,000,RES:OK~
11:56:23.276,000,REQ:101~pdf~http://172.20.3.80:8080/Facturacion/webservices/ConsultaPDF.jsp?t=33&f=1107165&e=96992030&r=1,1107165
11:56:23.825,000,RES:OK~
11:57:03.149,000,REQ:101~pdf~http://172.20.3.80:8080/Facturacion/webservices/ConsultaPDF.jsp?t=33&f=1107165&e=96992030&r=1,1107165
11:57:03.344,000,RES:OK~
12:03:21.284,000,REQ:101~pdf~http://172.20.3.80:8080/Facturacion/webservices/ConsultaPDF.jsp?t=39&f=9357168&e=96992030&r=1,9357168
12:03:21.950,000,RES:OK~
12:22:06.082,000,REQ:107~1~PK1089,8464994,03/08/2008,02/01/2009;PK1089,8741556,09/09/2008,02/01/2009;PK1089,9427579,03/11/2008,04/03/2009
12:22:06.293,000,RES:OK~Archivo creado
13:59:12.405,000,REQ:102~NII ExD NP-K3053~1101814154,9891364,11/08/2017,32.407,13200210880,PRISCILLA MILENA PONCE
13:59:12.527,000,RES:OK~Voucher impreso
14:00:12.894,000,REQ:104~1~30
14:00:22.942,000,ERR:TPAuto.HuellaCI.Exceptions.CardTimeoutException: El tiempo para esperar la lectura de la cédula ha expirado.
   at TPAuto.HuellaCI.ValidadorHuella.ObtenerRut(Int32 commPort, Int32 timeout) in E:\00.- Proyectos\01.- Autopista Vespucio Norte\PipeComponent\PipeComponent\HuellaCI\ValidadorHuella.cs:line 91
   at PipeComponent.PipeServer.WaitForConnectionCallBack(IAsyncResult iar) in E:\00.- Proyectos\01.- Autopista Vespucio Norte\PipeComponent\PipeComponent\PipeServer.cs:line 190
14:00:22.942,000,RES:NOK~El tiempo para esperar la lectura de la cédula ha expirado.
14:05:06.222,000,REQ:104~1~30
14:05:12.893,000,RES:OK~13.567.078-2
14:05:12.986,000,REQ:105~1~30
14:05:12.986,000,RES:OK~Pulgar Derecho
14:05:13.098,000,REQ:106~1~30
14:05:13.112,000,ERR:System.Runtime.InteropServices.InvalidComObjectException: COM object that has been separated from its underlying RCW cannot be used.
   at System.StubHelpers.StubHelpers.GetCOMIPFromRCW(Object objSrc, IntPtr pCPCMD, IntPtr& ppTarget, Boolean& pfNeedsRelease)
   at PTLOCXCi._PTLOcx.set_Tiempo(Int16 )
   at AxPTLOCXCi.AxPTLOcx.set_Tiempo(Int16 value)
   at TPAuto.HuellaCI.ValidadorHuella.ValidarHuella(String readerName, Int32 timeout) in E:\00.- Proyectos\01.- Autopista Vespucio Norte\PipeComponent\PipeComponent\HuellaCI\ValidadorHuella.cs:line 214
   at PipeComponent.PipeServer.WaitForConnectionCallBack(IAsyncResult iar) in E:\00.- Proyectos\01.- Autopista Vespucio Norte\PipeComponent\PipeComponent\PipeServer.cs:line 214
14:05:13.114,000,RES:NOK~COM object that has been separated from its underlying RCW cannot be used.
14:05:32.349,000,REQ:104~1~30
14:05:35.729,000,RES:OK~13.567.078-2
14:05:35.822,000,REQ:105~1~30
14:05:35.822,000,RES:OK~Pulgar Derecho
14:05:35.900,000,REQ:106~1~30
14:05:35.923,000,ERR:System.Runtime.InteropServices.InvalidComObjectException: COM object that has been separated from its underlying RCW cannot be used.
   at System.StubHelpers.StubHelpers.GetCOMIPFromRCW(Object objSrc, IntPtr pCPCMD, IntPtr& ppTarget, Boolean& pfNeedsRelease)
   at PTLOCXCi._PTLOcx.set_Tiempo(Int16 )
   at AxPTLOCXCi.AxPTLOcx.set_Tiempo(Int16 value)
   at TPAuto.HuellaCI.ValidadorHuella.ValidarHuella(String readerName, Int32 timeout) in E:\00.- Proyectos\01.- Autopista Vespucio Norte\PipeComponent\PipeComponent\HuellaCI\ValidadorHuella.cs:line 214
   at PipeComponent.PipeServer.WaitForConnectionCallBack(IAsyncResult iar) in E:\00.- Proyectos\01.- Autopista Vespucio Norte\PipeComponent\PipeComponent\PipeServer.cs:line 214
14:05:35.926,000,RES:NOK~COM object that has been separated from its underlying RCW cannot be used.
14:05:43.782,000,REQ:104~1~30
14:05:45.550,000,RES:OK~13.567.078-2
14:05:45.628,000,REQ:105~1~30
14:05:45.643,000,RES:OK~Pulgar Derecho
14:05:45.721,000,REQ:106~1~30
14:05:45.744,000,ERR:System.Runtime.InteropServices.InvalidComObjectException: COM object that has been separated from its underlying RCW cannot be used.
   at System.StubHelpers.StubHelpers.GetCOMIPFromRCW(Object objSrc, IntPtr pCPCMD, IntPtr& ppTarget, Boolean& pfNeedsRelease)
   at PTLOCXCi._PTLOcx.set_Tiempo(Int16 )
   at AxPTLOCXCi.AxPTLOcx.set_Tiempo(Int16 value)
   at TPAuto.HuellaCI.ValidadorHuella.ValidarHuella(String readerName, Int32 timeout) in E:\00.- Proyectos\01.- Autopista Vespucio Norte\PipeComponent\PipeComponent\HuellaCI\ValidadorHuella.cs:line 214
   at PipeComponent.PipeServer.WaitForConnectionCallBack(IAsyncResult iar) in E:\00.- Proyectos\01.- Autopista Vespucio Norte\PipeComponent\PipeComponent\PipeServer.cs:line 214
14:05:45.748,000,RES:NOK~COM object that has been separated from its underlying RCW cannot be used.
14:05:58.800,000,REQ:104~1~30
14:06:07.332,000,RES:OK~13.567.078-2
14:06:07.425,000,REQ:105~1~30
14:06:07.425,000,RES:OK~Pulgar Derecho
14:06:07.522,000,REQ:106~1~30
14:06:07.528,000,ERR:System.Runtime.InteropServices.InvalidComObjectException: COM object that has been separated from its underlying RCW cannot be used.
   at System.StubHelpers.StubHelpers.GetCOMIPFromRCW(Object objSrc, IntPtr pCPCMD, IntPtr& ppTarget, Boolean& pfNeedsRelease)
   at PTLOCXCi._PTLOcx.set_Tiempo(Int16 )
   at AxPTLOCXCi.AxPTLOcx.set_Tiempo(Int16 value)
   at TPAuto.HuellaCI.ValidadorHuella.ValidarHuella(String readerName, Int32 timeout) in E:\00.- Proyectos\01.- Autopista Vespucio Norte\PipeComponent\PipeComponent\HuellaCI\ValidadorHuella.cs:line 214
   at PipeComponent.PipeServer.WaitForConnectionCallBack(IAsyncResult iar) in E:\00.- Proyectos\01.- Autopista Vespucio Norte\PipeComponent\PipeComponent\PipeServer.cs:line 214
14:06:07.529,000,RES:NOK~COM object that has been separated from its underlying RCW cannot be used.
14:06:15.631,000,REQ:104~1~30
14:06:18.272,000,RES:OK~13.567.078-2
14:06:18.350,000,REQ:105~1~30
14:06:18.366,000,RES:OK~Pulgar Derecho
14:06:18.444,000,REQ:106~1~30
14:06:18.467,000,ERR:System.Runtime.InteropServices.InvalidComObjectException: COM object that has been separated from its underlying RCW cannot be used.
   at System.StubHelpers.StubHelpers.GetCOMIPFromRCW(Object objSrc, IntPtr pCPCMD, IntPtr& ppTarget, Boolean& pfNeedsRelease)
   at PTLOCXCi._PTLOcx.set_Tiempo(Int16 )
   at AxPTLOCXCi.AxPTLOcx.set_Tiempo(Int16 value)
   at TPAuto.HuellaCI.ValidadorHuella.ValidarHuella(String readerName, Int32 timeout) in E:\00.- Proyectos\01.- Autopista Vespucio Norte\PipeComponent\PipeComponent\HuellaCI\ValidadorHuella.cs:line 214
   at PipeComponent.PipeServer.WaitForConnectionCallBack(IAsyncResult iar) in E:\00.- Proyectos\01.- Autopista Vespucio Norte\PipeComponent\PipeComponent\PipeServer.cs:line 214
14:06:18.469,000,RES:NOK~COM object that has been separated from its underlying RCW cannot be used.
14:06:36.192,000,REQ:104~1~30
14:06:36.305,000,RES:OK~13.567.078-2
14:06:36.385,000,REQ:105~1~30
14:06:36.400,000,RES:OK~Pulgar Derecho
14:06:36.478,000,REQ:106~1~30
14:06:36.497,000,ERR:System.Runtime.InteropServices.InvalidComObjectException: COM object that has been separated from its underlying RCW cannot be used.
   at System.StubHelpers.StubHelpers.GetCOMIPFromRCW(Object objSrc, IntPtr pCPCMD, IntPtr& ppTarget, Boolean& pfNeedsRelease)
   at PTLOCXCi._PTLOcx.set_Tiempo(Int16 )
   at AxPTLOCXCi.AxPTLOcx.set_Tiempo(Int16 value)
   at TPAuto.HuellaCI.ValidadorHuella.ValidarHuella(String readerName, Int32 timeout) in E:\00.- Proyectos\01.- Autopista Vespucio Norte\PipeComponent\PipeComponent\HuellaCI\ValidadorHuella.cs:line 214
   at PipeComponent.PipeServer.WaitForConnectionCallBack(IAsyncResult iar) in E:\00.- Proyectos\01.- Autopista Vespucio Norte\PipeComponent\PipeComponent\PipeServer.cs:line 214
14:06:36.498,000,RES:NOK~COM object that has been separated from its underlying RCW cannot be used.
14:07:58.076,000,REQ:104~1~30
14:08:08.127,000,ERR:TPAuto.HuellaCI.Exceptions.CardTimeoutException: El tiempo para esperar la lectura de la cédula ha expirado.
   at TPAuto.HuellaCI.ValidadorHuella.ObtenerRut(Int32 commPort, Int32 timeout) in E:\00.- Proyectos\01.- Autopista Vespucio Norte\PipeComponent\PipeComponent\HuellaCI\ValidadorHuella.cs:line 91
   at PipeComponent.PipeServer.WaitForConnectionCallBack(IAsyncResult iar) in E:\00.- Proyectos\01.- Autopista Vespucio Norte\PipeComponent\PipeComponent\PipeServer.cs:line 190
14:08:08.127,000,RES:NOK~El tiempo para esperar la lectura de la cédula ha expirado.
14:08:12.660,000,REQ:104~1~30
14:08:22.735,000,ERR:TPAuto.HuellaCI.Exceptions.CardTimeoutException: El tiempo para esperar la lectura de la cédula ha expirado.
   at TPAuto.HuellaCI.ValidadorHuella.ObtenerRut(Int32 commPort, Int32 timeout) in E:\00.- Proyectos\01.- Autopista Vespucio Norte\PipeComponent\PipeComponent\HuellaCI\ValidadorHuella.cs:line 91
   at PipeComponent.PipeServer.WaitForConnectionCallBack(IAsyncResult iar) in E:\00.- Proyectos\01.- Autopista Vespucio Norte\PipeComponent\PipeComponent\PipeServer.cs:line 190
14:08:22.735,000,RES:NOK~El tiempo para esperar la lectura de la cédula ha expirado.
14:09:24.979,000,REQ:104~1~30
14:09:27.404,000,RES:OK~13.567.078-2
14:09:27.498,000,REQ:105~1~30
14:09:27.498,000,RES:OK~Pulgar Derecho
14:09:27.591,000,REQ:106~1~30
14:09:27.607,000,ERR:System.Runtime.InteropServices.InvalidComObjectException: COM object that has been separated from its underlying RCW cannot be used.
   at System.StubHelpers.StubHelpers.GetCOMIPFromRCW(Object objSrc, IntPtr pCPCMD, IntPtr& ppTarget, Boolean& pfNeedsRelease)
   at PTLOCXCi._PTLOcx.set_Tiempo(Int16 )
   at AxPTLOCXCi.AxPTLOcx.set_Tiempo(Int16 value)
   at TPAuto.HuellaCI.ValidadorHuella.ValidarHuella(String readerName, Int32 timeout) in E:\00.- Proyectos\01.- Autopista Vespucio Norte\PipeComponent\PipeComponent\HuellaCI\ValidadorHuella.cs:line 214
   at PipeComponent.PipeServer.WaitForConnectionCallBack(IAsyncResult iar) in E:\00.- Proyectos\01.- Autopista Vespucio Norte\PipeComponent\PipeComponent\PipeServer.cs:line 214
14:09:27.609,000,RES:NOK~COM object that has been separated from its underlying RCW cannot be used.
14:10:19.741,000,REQ:104~1~30
14:10:29.798,000,ERR:TPAuto.HuellaCI.Exceptions.CardTimeoutException: El tiempo para esperar la lectura de la cédula ha expirado.
   at TPAuto.HuellaCI.ValidadorHuella.ObtenerRut(Int32 commPort, Int32 timeout) in E:\00.- Proyectos\01.- Autopista Vespucio Norte\PipeComponent\PipeComponent\HuellaCI\ValidadorHuella.cs:line 91
   at PipeComponent.PipeServer.WaitForConnectionCallBack(IAsyncResult iar) in E:\00.- Proyectos\01.- Autopista Vespucio Norte\PipeComponent\PipeComponent\PipeServer.cs:line 190
14:10:29.798,000,RES:NOK~El tiempo para esperar la lectura de la cédula ha expirado.
14:10:32.106,000,REQ:104~1~30
14:10:42.193,000,ERR:TPAuto.HuellaCI.Exceptions.CardTimeoutException: El tiempo para esperar la lectura de la cédula ha expirado.
   at TPAuto.HuellaCI.ValidadorHuella.ObtenerRut(Int32 commPort, Int32 timeout) in E:\00.- Proyectos\01.- Autopista Vespucio Norte\PipeComponent\PipeComponent\HuellaCI\ValidadorHuella.cs:line 91
   at PipeComponent.PipeServer.WaitForConnectionCallBack(IAsyncResult iar) in E:\00.- Proyectos\01.- Autopista Vespucio Norte\PipeComponent\PipeComponent\PipeServer.cs:line 190
14:10:42.193,000,RES:NOK~El tiempo para esperar la lectura de la cédula ha expirado.
14:11:14.232,000,REQ:104~1~30
14:11:17.944,000,RES:OK~17122588-4
14:11:18.037,000,REQ:105~1~30
14:11:18.521,000,RES:OK~Indice Derecho
14:11:18.614,000,REQ:106~1~30
14:11:29.023,000,ERR:TPAuto.HuellaCI.Exceptions.FingerprintTimeoutException: El tiempo para esperar la lectura de la huella ha expirado.
   at TPAuto.HuellaCI.ValidadorHuella.ValidarHuella(String readerName, Int32 timeout) in E:\00.- Proyectos\01.- Autopista Vespucio Norte\PipeComponent\PipeComponent\HuellaCI\ValidadorHuella.cs:line 290
   at PipeComponent.PipeServer.WaitForConnectionCallBack(IAsyncResult iar) in E:\00.- Proyectos\01.- Autopista Vespucio Norte\PipeComponent\PipeComponent\PipeServer.cs:line 214
14:11:29.023,000,RES:NOK~El tiempo para esperar la lectura de la huella ha expirado.
14:11:34.222,000,REQ:104~1~30
14:11:37.285,000,RES:OK~17122588-4
14:11:37.363,000,REQ:105~1~30
14:11:37.862,000,RES:OK~Indice Derecho
14:11:37.969,000,REQ:106~1~30
14:11:40.600,000,RES:OK~True
14:13:00.472,000,REQ:101~pdf~http://172.20.3.80:8080/Facturacion/webservices/ConsultaPDF.jsp?t=41&f=44559918&e=96992030&r=1,44559918
14:13:01.140,000,RES:OK~
14:13:20.777,000,REQ:101~pdf~http://172.20.3.80:8080/Facturacion/webservices/ConsultaPDF.jsp?t=41&f=44559918&e=96992030&r=1,44559918
14:13:20.948,000,RES:OK~
14:13:21.082,000,REQ:107~2~FZXF36,04/07/2017,12:03:44,3,AVN,44559918;FZXF36,03/07/2017,08:53:17,3,AVN,44559918;FZXF36,01/07/2017,18:42:42,10,AVN,44559918;FZXF36,30/06/2017,08:53:37,3,AVN,44559918;FZXF36,29/06/2017,08:29:50,3,AVN,44559918;FZXF36,28/06/2017,08:49:07,3,AVN,44559918;FZXF36,27/06/2017,14:03:58,3,AVN,44559918;FZXF36,27/06/2017,14:01:27,16,AVN,44559918;FZXF36,27/06/2017,13:38:37,2,AVN,44559918;FZXF36,27/06/2017,08:49:21,3,AVN,44559918;FZXF36,23/06/2017,08:47:59,3,AVN,44559918;FZXF36,22/06/2017,08:50:20,3,AVN,44559918;FZXF36,21/06/2017,08:48:16,3,AVN,44559918;FZXF36,20/06/2017,08:51:58,3,AVN,44559918;FZXF36,19/06/2017,08:54:31,3,AVN,44559918;FZXF36,16/06/2017,16:52:14,10,AVN,44559918;FZXF36,16/06/2017,13:34:46,10,AVN,44559918;FZXF36,16/06/2017,13:34:04,9,AVN,44559918;FZXF36,16/06/2017,13:30:53,7,AVN,44559918;FZXF36,16/06/2017,13:29:13,5,AVN,44559918;FZXF36,16/06/2017,08:50:29,3,AVN,44559918;FZXF36,15/06/2017,08:48:08,3,AVN,44559918;FZXF36,14/06/2017,08:49:25,3,AVN,44559918;FZXF36,13/06/2017,08:55:21,3,AVN,44559918;FZXF36,12/06/2017,14:40:51,3,AVN,44559918;FZXF36,12/06/2017,14:39:38,16,AVN,44559918;FZXF36,12/06/2017,13:14:21,2,AVN,44559918;FZXF36,12/06/2017,08:50:17,3,AVN,44559918;FZXF36,10/06/2017,14:46:02,17,AVN,44559918;FZXF36,10/06/2017,14:43:54,2,AVN,44559918;FZXF36,10/06/2017,13:32:42,3,AVN,44559918;FZXF36,09/06/2017,08:49:55,3,AVN,44559918;FZXF36,08/06/2017,08:57:12,3,AVN,44559918;FZXF36,07/06/2017,08:46:27,3,AVN,44559918;FZXF36,06/06/2017,08:49:44,3,AVN,44559918
14:13:21.372,000,RES:OK~Archivo creado
14:17:18.009,000,REQ:101~pdf~http://172.20.3.80:8080/Facturacion/webservices/ConsultaPDF.jsp?t=41&f=3139179&e=96992030&r=1,3139179
14:17:18.454,000,RES:OK~
14:23:37.284,000,REQ:102~NII ExD NP-K3053~1101786790,44559918,24/07/2017,13.253,105702472,PAOLA CAROLINA ROJAS
14:23:37.421,000,RES:OK~Voucher impreso
14:25:52.784,000,REQ:107~3~HZSR54,10/08/2016,30/08/2016,Fuera de Plazo,AVN;HZSR54,19/08/2016,08/09/2016,Fuera de Plazo,AVN-TSC;HZSR54,21/10/2016,10/11/2016,Fuera de Plazo,AVN;HZSR54,14/11/2016,04/12/2016,Fuera de Plazo,AVN-TSC;HZSR54,06/12/2016,26/12/2016,Fuera de Plazo,AVN-TSC;HZSR54,08/12/2016,28/12/2016,Fuera de Plazo,AVN-TSC;HZSR54,14/12/2016,03/01/2017,Fuera de Plazo,AVN-TSC;HZSR54,16/12/2016,05/01/2017,Fuera de Plazo,AVN-TSC;HZSR54,27/12/2016,16/01/2017,Fuera de Plazo,AVN;HZSR54,28/12/2016,17/01/2017,Fuera de Plazo,AVN-TSC;HZSR54,29/12/2016,18/01/2017,Fuera de Plazo,AVN-TSC;HZSR54,06/01/2017,26/01/2017,Fuera de Plazo,AVN-TSC;HZSR54,18/01/2017,07/02/2017,Fuera de Plazo,AVN-TSC;HZSR54,01/02/2017,21/02/2017,Fuera de Plazo,AVN;HZSR54,05/02/2017,25/02/2017,Fuera de Plazo,AVN;HZSR54,20/02/2017,12/03/2017,Fuera de Plazo,AVN;HZSR54,21/02/2017,13/03/2017,Fuera de Plazo,AVN;HZSR54,25/02/2017,17/03/2017,Fuera de Plazo,AVN;HZSR54,26/02/2017,18/03/2017,Fuera de Plazo,AVN;HZSR54,02/03/2017,22/03/2017,Fuera de Plazo,AVN;HZSR54,07/03/2017,27/03/2017,Fuera de Plazo,AVN;HZSR54,22/03/2017,11/04/2017,Fuera de Plazo,AVN-TSC;HZSR54,31/03/2017,20/04/2017,Fuera de Plazo,AVN;HZSR54,01/04/2017,21/04/2017,Fuera de Plazo,AVN;HZSR54,05/04/2017,25/04/2017,Fuera de Plazo,AVN;HZSR54,07/04/2017,27/04/2017,Fuera de Plazo,AVN;HZSR54,10/04/2017,30/04/2017,Fuera de Plazo,AVN;HZSR54,16/04/2017,06/05/2017,Fuera de Plazo,AVN;HZSR54,17/04/2017,07/05/2017,Fuera de Plazo,AVN;HZSR54,24/04/2017,14/05/2017,Fuera de Plazo,AVN;HZSR54,25/04/2017,15/05/2017,Fuera de Plazo,AVN;HZSR54,26/04/2017,16/05/2017,Fuera de Plazo,AVN;HZSR54,06/05/2017,26/05/2017,Fuera de Plazo,AVN;HZSR54,08/05/2017,28/05/2017,Fuera de Plazo,AVN;HZSR54,11/05/2017,31/05/2017,Fuera de Plazo,AVN;HZSR54,12/05/2017,01/06/2017,Fuera de Plazo,AVN;HZSR54,17/05/2017,06/06/2017,Fuera de Plazo,AVN;HZSR54,18/05/2017,07/06/2017,Fuera de Plazo,AVN;HZSR54,21/05/2017,10/06/2017,Fuera de Plazo,AVN;HZSR54,01/06/2017,21/06/2017,Fuera de Plazo,AVN;HZSR54,02/06/2017,22/06/2017,Fuera de Plazo,AVN;HZSR54,03/06/2017,23/06/2017,Fuera de Plazo,AVN;HZSR54,07/06/2017,27/06/2017,Fuera de Plazo,AVN;HZSR54,08/06/2017,28/06/2017,Fuera de Plazo,AVN;HZSR54,09/06/2017,29/06/2017,Fuera de Plazo,AVN;HZSR54,10/06/2017,30/06/2017,Fuera de Plazo,AVN;HZSR54,12/06/2017,02/07/2017,Fuera de Plazo,AVN;HZSR54,13/06/2017,03/07/2017,Fuera de Plazo,AVN;HZSR54,14/06/2017,04/07/2017,Fuera de Plazo,AVN;HZSR54,15/06/2017,05/07/2017,Fuera de Plazo,AVN;HZSR54,16/06/2017,06/07/2017,Fuera de Plazo,AVN;HZSR54,19/06/2017,09/07/2017,Fuera de Plazo,AVN;HZSR54,20/06/2017,10/07/2017,Fuera de Plazo,AVN;HZSR54,23/06/2017,13/07/2017,Fuera de Plazo,AVN
14:25:53.117,000,RES:OK~Archivo creado
14:52:29.976,000,REQ:107~1~PK1089,8464994,03/08/2008,02/01/2009;PK1089,8741556,09/09/2008,02/01/2009;PK1089,9427579,03/11/2008,04/03/2009
14:52:30.184,000,RES:OK~Archivo creado
17:27:08.896,000,REQ:102~NII ExD NP-K3053~1100842626,9885927,11/08/2017,28.965,1001477263,VALERIA ALEJANDRA MEZA
17:27:09.028,000,RES:OK~Voucher impreso
17:27:56.714,000,REQ:104~1~30
17:28:06.757,000,ERR:TPAuto.HuellaCI.Exceptions.CardTimeoutException: El tiempo para esperar la lectura de la cédula ha expirado.
   at TPAuto.HuellaCI.ValidadorHuella.ObtenerRut(Int32 commPort, Int32 timeout) in E:\00.- Proyectos\01.- Autopista Vespucio Norte\PipeComponent\PipeComponent\HuellaCI\ValidadorHuella.cs:line 91
   at PipeComponent.PipeServer.WaitForConnectionCallBack(IAsyncResult iar) in E:\00.- Proyectos\01.- Autopista Vespucio Norte\PipeComponent\PipeComponent\PipeServer.cs:line 190
17:28:06.757,000,RES:NOK~El tiempo para esperar la lectura de la cédula ha expirado.
17:28:11.600,000,REQ:104~1~30
17:28:18.477,000,RES:OK~13.510.848-0
17:28:18.571,000,REQ:105~1~30
17:28:18.571,000,RES:OK~Pulgar Derecho
17:28:18.649,000,REQ:106~1~30
17:28:18.649,000,ERR:System.Runtime.InteropServices.InvalidComObjectException: COM object that has been separated from its underlying RCW cannot be used.
   at System.StubHelpers.StubHelpers.GetCOMIPFromRCW(Object objSrc, IntPtr pCPCMD, IntPtr& ppTarget, Boolean& pfNeedsRelease)
   at PTLOCXCi._PTLOcx.set_Tiempo(Int16 )
   at AxPTLOCXCi.AxPTLOcx.set_Tiempo(Int16 value)
   at TPAuto.HuellaCI.ValidadorHuella.ValidarHuella(String readerName, Int32 timeout) in E:\00.- Proyectos\01.- Autopista Vespucio Norte\PipeComponent\PipeComponent\HuellaCI\ValidadorHuella.cs:line 214
   at PipeComponent.PipeServer.WaitForConnectionCallBack(IAsyncResult iar) in E:\00.- Proyectos\01.- Autopista Vespucio Norte\PipeComponent\PipeComponent\PipeServer.cs:line 214
17:28:18.649,000,RES:NOK~COM object that has been separated from its underlying RCW cannot be used.
17:29:12.083,000,REQ:104~1~30
17:29:14.934,000,RES:OK~17122588-4
17:29:15.028,000,REQ:105~1~30
17:29:15.527,000,RES:OK~Indice Derecho
17:29:15.621,000,REQ:106~1~30
17:29:18.419,000,RES:OK~True
17:30:43.977,000,REQ:101~pdf~http://172.20.3.80:8080/Facturacion/webservices/ConsultaPDF.jsp?t=41&f=44266816&e=96992030&r=1,44266816
17:30:47.217,000,RES:OK~
17:30:47.360,000,REQ:107~2~FZXF36,02/06/2017,08:52:13,3,AVN,44266816;FZXF36,01/06/2017,11:36:42,3,AVN,44266816;FZXF36,31/05/2017,18:44:17,10,AVN,44266816;FZXF36,31/05/2017,18:43:40,9,AVN,44266816;FZXF36,31/05/2017,18:39:27,7,AVN,44266816;FZXF36,31/05/2017,18:37:31,5,AVN,44266816;FZXF36,31/05/2017,14:00:22,3,AVN,44266816;FZXF36,31/05/2017,13:59:24,16,AVN,44266816;FZXF36,31/05/2017,12:33:02,2,AVN,44266816;FZXF36,31/05/2017,12:31:00,4,AVN,44266816;FZXF36,31/05/2017,08:49:33,3,AVN,44266816;FZXF36,30/05/2017,08:49:40,3,AVN,44266816;FZXF36,29/05/2017,08:51:44,3,AVN,44266816;FZXF36,28/05/2017,19:48:26,11,AVN,44266816;FZXF36,28/05/2017,16:43:04,10,AVN,44266816;FZXF36,26/05/2017,08:47:53,3,AVN,44266816;FZXF36,25/05/2017,08:43:00,3,AVN,44266816;FZXF36,24/05/2017,08:53:41,3,AVN,44266816;FZXF36,22/05/2017,18:47:28,9,AVN,44266816;FZXF36,22/05/2017,18:43:33,7,AVN,44266816;FZXF36,22/05/2017,18:41:12,5,AVN,44266816;FZXF36,22/05/2017,08:49:14,3,AVN,44266816;FZXF36,18/05/2017,08:54:16,3,AVN,44266816;FZXF36,17/05/2017,08:46:52,3,AVN,44266816;FZXF36,16/05/2017,08:48:07,3,AVN,44266816;FZXF36,15/05/2017,08:49:47,3,AVN,44266816;FZXF36,12/05/2017,08:45:21,3,AVN,44266816;FZXF36,11/05/2017,08:51:36,3,AVN,44266816;FZXF36,10/05/2017,08:52:59,3,AVN,44266816;FZXF36,09/05/2017,08:43:50,3,AVN,44266816;FZXF36,08/05/2017,13:45:47,6,AVN,44266816;FZXF36,08/05/2017,13:41:07,8,AVN,44266816;FZXF36,08/05/2017,12:30:04,10,AVN,44266816;FZXF36,08/05/2017,12:29:20,9,AVN,44266816;FZXF36,08/05/2017,12:26:02,7,AVN,44266816;FZXF36,08/05/2017,12:24:15,5,AVN,44266816;FZXF36,08/05/2017,08:56:33,3,AVN,44266816
17:30:47.655,000,RES:OK~Archivo creado
17:33:17.464,000,REQ:101~pdf~http://172.20.3.80:8080/Facturacion/webservices/ConsultaPDF.jsp?t=41&f=44559918&e=96992030&r=1,44559918
17:33:17.980,000,RES:OK~
17:34:17.838,000,REQ:101~pdf~http://172.20.3.80:8080/Facturacion/webservices/ConsultaPDF.jsp?t=41&f=44559918&e=96992030&r=1,44559918
17:34:18.055,000,RES:OK~
17:38:11.834,000,REQ:102~NII ExD NP-K3053~1101667548,9843152,09/08/2017,3.211,12900315671,JAIME ADRIAN TAPIA;1101429133,9853997,09/08/2017,3.633,9401093745,JAIME ADRIAN TAPIA;1101205123,44667092,09/08/2017,8.156,11800382167,JAIME ADRIAN TAPIA;991100027723,44669174,09/08/2017,83.837,11500394819,JAIME ADRIAN TAPIA;991100046469,44669443,09/08/2017,92.941,301759797,JAIME ADRIAN TAPIA
17:38:12.517,000,RES:OK~Voucher impreso
17:39:49.686,000,REQ:101~pdf~http://172.20.3.80:8080/Facturacion/webservices/ConsultaPDF.jsp?t=41&f=3139179&e=96992030&r=1,3139179
17:39:50.070,000,RES:OK~
18:01:26.702,000,REQ:107~1~PK1089,8464994,03/08/2008,02/01/2009;PK1089,8741556,09/09/2008,02/01/2009;PK1089,9427579,03/11/2008,04/03/2009
18:01:26.941,000,RES:OK~Archivo creado
18:09:22.718,000,REQ:104~1~30
18:09:32.768,000,ERR:TPAuto.HuellaCI.Exceptions.CardTimeoutException: El tiempo para esperar la lectura de la cédula ha expirado.
   at TPAuto.HuellaCI.ValidadorHuella.ObtenerRut(Int32 commPort, Int32 timeout) in E:\00.- Proyectos\01.- Autopista Vespucio Norte\PipeComponent\PipeComponent\HuellaCI\ValidadorHuella.cs:line 91
   at PipeComponent.PipeServer.WaitForConnectionCallBack(IAsyncResult iar) in E:\00.- Proyectos\01.- Autopista Vespucio Norte\PipeComponent\PipeComponent\PipeServer.cs:line 190
18:09:32.768,000,RES:NOK~El tiempo para esperar la lectura de la cédula ha expirado.
18:09:35.836,000,REQ:104~1~30
18:09:45.884,000,ERR:TPAuto.HuellaCI.Exceptions.CardTimeoutException: El tiempo para esperar la lectura de la cédula ha expirado.
   at TPAuto.HuellaCI.ValidadorHuella.ObtenerRut(Int32 commPort, Int32 timeout) in E:\00.- Proyectos\01.- Autopista Vespucio Norte\PipeComponent\PipeComponent\HuellaCI\ValidadorHuella.cs:line 91
   at PipeComponent.PipeServer.WaitForConnectionCallBack(IAsyncResult iar) in E:\00.- Proyectos\01.- Autopista Vespucio Norte\PipeComponent\PipeComponent\PipeServer.cs:line 190
18:09:45.884,000,RES:NOK~El tiempo para esperar la lectura de la cédula ha expirado.
