
09:11:11.329,000,INI:Servicio alex PipeComponent v1.0.0.1 Generado el 07-07-2017 18:56:17
09:11:11.398,000,ERR:System.Exception: Error al inicializar la impresora: Printer open error
   en PipeComponent.Peripherals.ThermalPrinter..ctor() en E:\00.- Proyectos\01.- Autopista Vespucio Norte\PipeComponent\PipeComponent\Peripherals\ThermalPrinter.cs:línea 30
   en PipeComponent.PipeServer..ctor(String pipeName) en E:\00.- Proyectos\01.- Autopista Vespucio Norte\PipeComponent\PipeComponent\PipeServer.cs:línea 36
09:11:11.688,000,IOP:

09:12:55.672,000,INI:Servicio alex PipeComponent v1.0.0.1 Generado el 07-07-2017 18:56:17
09:12:55.709,000,ERR:System.Exception: Error al inicializar la impresora: Printer open error
   en PipeComponent.Peripherals.ThermalPrinter..ctor() en E:\00.- Proyectos\01.- Autopista Vespucio Norte\PipeComponent\PipeComponent\Peripherals\ThermalPrinter.cs:línea 30
   en PipeComponent.PipeServer..ctor(String pipeName) en E:\00.- Proyectos\01.- Autopista Vespucio Norte\PipeComponent\PipeComponent\PipeServer.cs:línea 36
09:12:55.944,000,IOP:

09:13:35.062,000,INI:Servicio alex PipeComponent v1.0.0.1 Generado el 07-07-2017 18:56:17
09:13:35.113,000,ERR:System.Exception: Error al inicializar la impresora: Printer open error
   en PipeComponent.Peripherals.ThermalPrinter..ctor() en E:\00.- Proyectos\01.- Autopista Vespucio Norte\PipeComponent\PipeComponent\Peripherals\ThermalPrinter.cs:línea 30
   en PipeComponent.PipeServer..ctor(String pipeName) en E:\00.- Proyectos\01.- Autopista Vespucio Norte\PipeComponent\PipeComponent\PipeServer.cs:línea 36
09:13:37.444,000,IOP:

09:14:39.283,000,INI:Servicio alex PipeComponent v1.0.0.1 Generado el 07-07-2017 18:56:17
09:14:39.335,000,ERR:System.Exception: Error al inicializar la impresora: Printer open error
   en PipeComponent.Peripherals.ThermalPrinter..ctor() en E:\00.- Proyectos\01.- Autopista Vespucio Norte\PipeComponent\PipeComponent\Peripherals\ThermalPrinter.cs:línea 30
   en PipeComponent.PipeServer..ctor(String pipeName) en E:\00.- Proyectos\01.- Autopista Vespucio Norte\PipeComponent\PipeComponent\PipeServer.cs:línea 36
09:14:39.342,000,IOP:
09:14:48.661,000,REQ:107~2~CPHH16,01-03-2013,00:05:32,8,04;CPHH16,01-03-2013,00:04:21,11,04;CPHH16,04-03-2013,14:01:51,8,04;CPHH16,04-03-2013,14:00:52,11,04;CPHH16,04-03-2013,19:55:11,7,04;CPHH16,04-03-2013,19:57:55,9,04;CPHH16,04-03-2013,19:58:22,10,04
09:14:49.381,000,RES:OK~Archivo creado

10:12:00.978,000,INI:Servicio alex PipeComponent v1.0.0.1 Generado el 07-07-2017 18:56:17
10:12:01.046,000,ERR:System.Exception: Error al inicializar la impresora: Printer open error
   en PipeComponent.Peripherals.ThermalPrinter..ctor() en E:\00.- Proyectos\01.- Autopista Vespucio Norte\PipeComponent\PipeComponent\Peripherals\ThermalPrinter.cs:línea 30
   en PipeComponent.PipeServer..ctor(String pipeName) en E:\00.- Proyectos\01.- Autopista Vespucio Norte\PipeComponent\PipeComponent\PipeServer.cs:línea 36
10:12:01.052,000,IOP:
10:12:07.697,000,REQ:107~2~CPHH16,01-03-2013,00:05:32,8,04;CPHH16,01-03-2013,00:04:21,11,04;CPHH16,04-03-2013,14:01:51,8,04;CPHH16,04-03-2013,14:00:52,11,04;CPHH16,04-03-2013,19:55:11,7,04;CPHH16,04-03-2013,19:57:55,9,04;CPHH16,04-03-2013,19:58:22,10,04
10:12:08.420,000,RES:OK~Archivo creado
16:57:16.561,000,REQ:102~NII ExD NP-K3053~1100609834,34028045,04-01-2016,1.646,0,RODRIGO ECHEVERRIA
16:57:16.577,000,ERR:System.NullReferenceException: Referencia a objeto no establecida como instancia de un objeto.
   en PipeComponent.PipeServer.WaitForConnectionCallBack(IAsyncResult iar) en E:\00.- Proyectos\01.- Autopista Vespucio Norte\PipeComponent\PipeComponent\PipeServer.cs:línea 135
16:57:16.582,000,RES:NOK~Referencia a objeto no establecida como instancia de un objeto.
17:00:53.179,000,REQ:102~NII ExD NP-K3053~1100609834,34028045,04-01-2016,1.646,0,RODRIGO ECHEVERRIA
17:00:53.188,000,ERR:System.NullReferenceException: Referencia a objeto no establecida como instancia de un objeto.
   en PipeComponent.PipeServer.WaitForConnectionCallBack(IAsyncResult iar) en E:\00.- Proyectos\01.- Autopista Vespucio Norte\PipeComponent\PipeComponent\PipeServer.cs:línea 135
17:00:53.190,000,RES:NOK~Referencia a objeto no establecida como instancia de un objeto.
17:03:15.769,000,REQ:101~pdf~http://172.20.3.96:8080/Facturacion/webservices/ConsultaPDF.jsp?t=41&f=33213189&e=96992030&r=1,33213189;http://172.20.3.96:8080/Facturacion/webservices/ConsultaPDF.jsp?t=41&f=32872610&e=96992030&r=1,32872610;http://172.20.3.96:8080/Facturacion/webservices/ConsultaPDF.jsp?t=41&f=32600039&e=96992030&r=1,32600039
17:03:16.586,000,ERR:System.Net.WebException: Error en el servidor remoto: (404) No se encontró.
   en System.Net.WebClient.DownloadFile(Uri address, String fileName)
   en System.Net.WebClient.DownloadFile(String address, String fileName)
   en PipeComponent.Peripherals.LaserPrinter.imprimir(String doc) en E:\00.- Proyectos\01.- Autopista Vespucio Norte\PipeComponent\PipeComponent\Peripherals\LaserPrinter.cs:línea 107
17:03:16.783,000,ERR:System.Net.WebException: Error en el servidor remoto: (404) No se encontró.
   en System.Net.WebClient.DownloadFile(Uri address, String fileName)
   en System.Net.WebClient.DownloadFile(String address, String fileName)
   en PipeComponent.Peripherals.LaserPrinter.imprimir(String doc) en E:\00.- Proyectos\01.- Autopista Vespucio Norte\PipeComponent\PipeComponent\Peripherals\LaserPrinter.cs:línea 107
17:03:16.971,000,ERR:System.Net.WebException: Error en el servidor remoto: (404) No se encontró.
   en System.Net.WebClient.DownloadFile(Uri address, String fileName)
   en System.Net.WebClient.DownloadFile(String address, String fileName)
   en PipeComponent.Peripherals.LaserPrinter.imprimir(String doc) en E:\00.- Proyectos\01.- Autopista Vespucio Norte\PipeComponent\PipeComponent\Peripherals\LaserPrinter.cs:línea 107
17:03:16.972,000,RES:OK~33213189,32872610,32600039
17:24:26.041,000,REQ:101~pdf~http://172.20.3.96:8080/Facturacion/webservices/ConsultaPDF.jsp?t=41&f=33213189&e=96992030&r=1,33213189;http://172.20.3.96:8080/Facturacion/webservices/ConsultaPDF.jsp?t=41&f=32872610&e=96992030&r=1,32872610;http://172.20.3.96:8080/Facturacion/webservices/ConsultaPDF.jsp?t=41&f=32600039&e=96992030&r=1,32600039
17:24:26.173,000,ERR:System.Net.WebException: Error en el servidor remoto: (404) No se encontró.
   en System.Net.WebClient.DownloadFile(Uri address, String fileName)
   en System.Net.WebClient.DownloadFile(String address, String fileName)
   en PipeComponent.Peripherals.LaserPrinter.imprimir(String doc) en E:\00.- Proyectos\01.- Autopista Vespucio Norte\PipeComponent\PipeComponent\Peripherals\LaserPrinter.cs:línea 107
17:24:26.219,000,ERR:System.Net.WebException: Error en el servidor remoto: (404) No se encontró.
   en System.Net.WebClient.DownloadFile(Uri address, String fileName)
   en System.Net.WebClient.DownloadFile(String address, String fileName)
   en PipeComponent.Peripherals.LaserPrinter.imprimir(String doc) en E:\00.- Proyectos\01.- Autopista Vespucio Norte\PipeComponent\PipeComponent\Peripherals\LaserPrinter.cs:línea 107
17:24:26.250,000,ERR:System.Net.WebException: Error en el servidor remoto: (404) No se encontró.
   en System.Net.WebClient.DownloadFile(Uri address, String fileName)
   en System.Net.WebClient.DownloadFile(String address, String fileName)
   en PipeComponent.Peripherals.LaserPrinter.imprimir(String doc) en E:\00.- Proyectos\01.- Autopista Vespucio Norte\PipeComponent\PipeComponent\Peripherals\LaserPrinter.cs:línea 107
17:24:26.251,000,RES:OK~33213189,32872610,32600039
17:26:21.163,000,REQ:101~pdf~http://172.20.3.96:8080/Facturacion/webservices/ConsultaPDF.jsp?t=41&f=33213189&e=96992030&r=1,33213189;http://172.20.3.96:8080/Facturacion/webservices/ConsultaPDF.jsp?t=41&f=32872610&e=96992030&r=1,32872610;http://172.20.3.96:8080/Facturacion/webservices/ConsultaPDF.jsp?t=41&f=32600039&e=96992030&r=1,32600039
17:26:21.256,000,ERR:System.Net.WebException: Error en el servidor remoto: (404) No se encontró.
   en System.Net.WebClient.DownloadFile(Uri address, String fileName)
   en System.Net.WebClient.DownloadFile(String address, String fileName)
   en PipeComponent.Peripherals.LaserPrinter.imprimir(String doc) en E:\00.- Proyectos\01.- Autopista Vespucio Norte\PipeComponent\PipeComponent\Peripherals\LaserPrinter.cs:línea 107
17:26:21.284,000,ERR:System.Net.WebException: Error en el servidor remoto: (404) No se encontró.
   en System.Net.WebClient.DownloadFile(Uri address, String fileName)
   en System.Net.WebClient.DownloadFile(String address, String fileName)
   en PipeComponent.Peripherals.LaserPrinter.imprimir(String doc) en E:\00.- Proyectos\01.- Autopista Vespucio Norte\PipeComponent\PipeComponent\Peripherals\LaserPrinter.cs:línea 107
17:26:21.310,000,ERR:System.Net.WebException: Error en el servidor remoto: (404) No se encontró.
   en System.Net.WebClient.DownloadFile(Uri address, String fileName)
   en System.Net.WebClient.DownloadFile(String address, String fileName)
   en PipeComponent.Peripherals.LaserPrinter.imprimir(String doc) en E:\00.- Proyectos\01.- Autopista Vespucio Norte\PipeComponent\PipeComponent\Peripherals\LaserPrinter.cs:línea 107
17:26:21.311,000,RES:OK~33213189,32872610,32600039
17:26:31.387,000,REQ:101~pdf~http://172.20.3.96:8080/Facturacion/webservices/ConsultaPDF.jsp?t=41&f=33213189&e=96992030&r=1,33213189
17:26:31.463,000,ERR:System.Net.WebException: Error en el servidor remoto: (404) No se encontró.
   en System.Net.WebClient.DownloadFile(Uri address, String fileName)
   en System.Net.WebClient.DownloadFile(String address, String fileName)
   en PipeComponent.Peripherals.LaserPrinter.imprimir(String doc) en E:\00.- Proyectos\01.- Autopista Vespucio Norte\PipeComponent\PipeComponent\Peripherals\LaserPrinter.cs:línea 107
17:26:31.464,000,RES:OK~33213189
17:26:31.602,000,REQ:101~pdf~http://172.20.3.96:8080/Facturacion/webservices/ConsultaPDF.jsp?t=41&f=32872610&e=96992030&r=1,32872610
17:26:31.629,000,ERR:System.Net.WebException: Error en el servidor remoto: (404) No se encontró.
   en System.Net.WebClient.DownloadFile(Uri address, String fileName)
   en System.Net.WebClient.DownloadFile(String address, String fileName)
   en PipeComponent.Peripherals.LaserPrinter.imprimir(String doc) en E:\00.- Proyectos\01.- Autopista Vespucio Norte\PipeComponent\PipeComponent\Peripherals\LaserPrinter.cs:línea 107
17:26:31.629,000,RES:OK~32872610
17:26:31.818,000,REQ:101~pdf~http://172.20.3.96:8080/Facturacion/webservices/ConsultaPDF.jsp?t=41&f=32600039&e=96992030&r=1,32600039
17:26:32.171,000,ERR:System.Net.WebException: Error en el servidor remoto: (404) No se encontró.
   en System.Net.WebClient.DownloadFile(Uri address, String fileName)
   en System.Net.WebClient.DownloadFile(String address, String fileName)
   en PipeComponent.Peripherals.LaserPrinter.imprimir(String doc) en E:\00.- Proyectos\01.- Autopista Vespucio Norte\PipeComponent\PipeComponent\Peripherals\LaserPrinter.cs:línea 107
17:26:32.174,000,RES:OK~32600039
17:38:14.447,000,REQ:101~pdf~http://172.20.3.96:8080/Facturacion/webservices/ConsultaPDF.jsp?t=41&f=33213189&e=96992030&r=1,33213189
17:38:14.554,000,ERR:System.Net.WebException: Error en el servidor remoto: (404) No se encontró.
   en System.Net.WebClient.DownloadFile(Uri address, String fileName)
   en System.Net.WebClient.DownloadFile(String address, String fileName)
   en PipeComponent.Peripherals.LaserPrinter.imprimir(String doc) en E:\00.- Proyectos\01.- Autopista Vespucio Norte\PipeComponent\PipeComponent\Peripherals\LaserPrinter.cs:línea 107
17:38:14.555,000,RES:OK~33213189
17:38:14.696,000,REQ:101~pdf~http://172.20.3.96:8080/Facturacion/webservices/ConsultaPDF.jsp?t=41&f=32872610&e=96992030&r=1,32872610
17:38:15.006,000,ERR:System.Net.WebException: Error en el servidor remoto: (404) No se encontró.
   en System.Net.WebClient.DownloadFile(Uri address, String fileName)
   en System.Net.WebClient.DownloadFile(String address, String fileName)
   en PipeComponent.Peripherals.LaserPrinter.imprimir(String doc) en E:\00.- Proyectos\01.- Autopista Vespucio Norte\PipeComponent\PipeComponent\Peripherals\LaserPrinter.cs:línea 107
17:38:15.010,000,RES:OK~32872610
17:38:15.133,000,REQ:101~pdf~http://172.20.3.96:8080/Facturacion/webservices/ConsultaPDF.jsp?t=41&f=32600039&e=96992030&r=1,32600039
17:38:15.170,000,ERR:System.Net.WebException: Error en el servidor remoto: (404) No se encontró.
   en System.Net.WebClient.DownloadFile(Uri address, String fileName)
   en System.Net.WebClient.DownloadFile(String address, String fileName)
   en PipeComponent.Peripherals.LaserPrinter.imprimir(String doc) en E:\00.- Proyectos\01.- Autopista Vespucio Norte\PipeComponent\PipeComponent\Peripherals\LaserPrinter.cs:línea 107
17:38:15.171,000,RES:OK~32600039
17:39:19.716,000,REQ:101~pdf~http://172.20.3.96:8080/Facturacion/webservices/ConsultaPDF.jsp?t=41&f=33213189&e=96992030&r=1,33213189
17:39:19.800,000,ERR:System.Net.WebException: Error en el servidor remoto: (404) No se encontró.
   en System.Net.WebClient.DownloadFile(Uri address, String fileName)
   en System.Net.WebClient.DownloadFile(String address, String fileName)
   en PipeComponent.Peripherals.LaserPrinter.imprimir(String doc) en E:\00.- Proyectos\01.- Autopista Vespucio Norte\PipeComponent\PipeComponent\Peripherals\LaserPrinter.cs:línea 107
17:39:19.800,000,RES:OK~33213189
17:39:19.937,000,REQ:101~pdf~http://172.20.3.96:8080/Facturacion/webservices/ConsultaPDF.jsp?t=41&f=32872610&e=96992030&r=1,32872610
17:39:19.967,000,ERR:System.Net.WebException: Error en el servidor remoto: (404) No se encontró.
   en System.Net.WebClient.DownloadFile(Uri address, String fileName)
   en System.Net.WebClient.DownloadFile(String address, String fileName)
   en PipeComponent.Peripherals.LaserPrinter.imprimir(String doc) en E:\00.- Proyectos\01.- Autopista Vespucio Norte\PipeComponent\PipeComponent\Peripherals\LaserPrinter.cs:línea 107
17:39:19.967,000,RES:OK~32872610
17:39:20.089,000,REQ:101~pdf~http://172.20.3.96:8080/Facturacion/webservices/ConsultaPDF.jsp?t=41&f=32600039&e=96992030&r=1,32600039
17:39:20.143,000,ERR:System.Net.WebException: Error en el servidor remoto: (404) No se encontró.
   en System.Net.WebClient.DownloadFile(Uri address, String fileName)
   en System.Net.WebClient.DownloadFile(String address, String fileName)
   en PipeComponent.Peripherals.LaserPrinter.imprimir(String doc) en E:\00.- Proyectos\01.- Autopista Vespucio Norte\PipeComponent\PipeComponent\Peripherals\LaserPrinter.cs:línea 107
17:39:20.143,000,RES:OK~32600039
17:39:52.607,000,REQ:101~pdf~http://172.20.3.96:8080/Facturacion/webservices/ConsultaPDF.jsp?t=41&f=33213189&e=96992030&r=1,33213189
17:39:52.667,000,ERR:System.Net.WebException: Error en el servidor remoto: (404) No se encontró.
   en System.Net.WebClient.DownloadFile(Uri address, String fileName)
   en System.Net.WebClient.DownloadFile(String address, String fileName)
   en PipeComponent.Peripherals.LaserPrinter.imprimir(String doc) en E:\00.- Proyectos\01.- Autopista Vespucio Norte\PipeComponent\PipeComponent\Peripherals\LaserPrinter.cs:línea 107
17:39:52.668,000,RES:OK~33213189
17:39:52.835,000,REQ:101~pdf~http://172.20.3.96:8080/Facturacion/webservices/ConsultaPDF.jsp?t=41&f=32872610&e=96992030&r=1,32872610
17:39:52.860,000,ERR:System.Net.WebException: Error en el servidor remoto: (404) No se encontró.
   en System.Net.WebClient.DownloadFile(Uri address, String fileName)
   en System.Net.WebClient.DownloadFile(String address, String fileName)
   en PipeComponent.Peripherals.LaserPrinter.imprimir(String doc) en E:\00.- Proyectos\01.- Autopista Vespucio Norte\PipeComponent\PipeComponent\Peripherals\LaserPrinter.cs:línea 107
17:39:52.860,000,RES:OK~32872610
17:39:52.995,000,REQ:101~pdf~http://172.20.3.96:8080/Facturacion/webservices/ConsultaPDF.jsp?t=41&f=32600039&e=96992030&r=1,32600039
17:39:53.099,000,ERR:System.Net.WebException: Error en el servidor remoto: (404) No se encontró.
   en System.Net.WebClient.DownloadFile(Uri address, String fileName)
   en System.Net.WebClient.DownloadFile(String address, String fileName)
   en PipeComponent.Peripherals.LaserPrinter.imprimir(String doc) en E:\00.- Proyectos\01.- Autopista Vespucio Norte\PipeComponent\PipeComponent\Peripherals\LaserPrinter.cs:línea 107
17:39:53.100,000,RES:OK~32600039
17:40:51.326,000,REQ:101~pdf~http://172.20.3.96:8080/Facturacion/webservices/ConsultaPDF.jsp?t=41&f=33213189&e=96992030&r=1,33213189
17:40:52.004,000,ERR:System.Net.WebException: Error en el servidor remoto: (404) No se encontró.
   en System.Net.WebClient.DownloadFile(Uri address, String fileName)
   en System.Net.WebClient.DownloadFile(String address, String fileName)
   en PipeComponent.Peripherals.LaserPrinter.imprimir(String doc) en E:\00.- Proyectos\01.- Autopista Vespucio Norte\PipeComponent\PipeComponent\Peripherals\LaserPrinter.cs:línea 107
17:40:52.007,000,RES:OK~33213189
17:40:52.134,000,REQ:101~pdf~http://172.20.3.96:8080/Facturacion/webservices/ConsultaPDF.jsp?t=41&f=32872610&e=96992030&r=1,32872610
17:40:52.441,000,ERR:System.Net.WebException: Error en el servidor remoto: (404) No se encontró.
   en System.Net.WebClient.DownloadFile(Uri address, String fileName)
   en System.Net.WebClient.DownloadFile(String address, String fileName)
   en PipeComponent.Peripherals.LaserPrinter.imprimir(String doc) en E:\00.- Proyectos\01.- Autopista Vespucio Norte\PipeComponent\PipeComponent\Peripherals\LaserPrinter.cs:línea 107
17:40:52.442,000,RES:OK~32872610
17:40:52.574,000,REQ:101~pdf~http://172.20.3.96:8080/Facturacion/webservices/ConsultaPDF.jsp?t=41&f=32600039&e=96992030&r=1,32600039
17:40:52.683,000,ERR:System.Net.WebException: Error en el servidor remoto: (404) No se encontró.
   en System.Net.WebClient.DownloadFile(Uri address, String fileName)
   en System.Net.WebClient.DownloadFile(String address, String fileName)
   en PipeComponent.Peripherals.LaserPrinter.imprimir(String doc) en E:\00.- Proyectos\01.- Autopista Vespucio Norte\PipeComponent\PipeComponent\Peripherals\LaserPrinter.cs:línea 107
17:40:52.684,000,RES:OK~32600039
