10:31:56.103,000,REQ:107~2~YN9483,07/02/2013,17:46:38,15,AVN,27030251;YN9483,07/02/2013,17:49:03,13,AVN,27030251;YN9483,07/02/2013,17:51:13,11,AVN,27030251;YN9483,07/02/2013,19:12:04,14,AVN,27030251;YN9483,07/02/2013,19:08:50,12,AVN,27030251;YN9483,11/02/2013,08:26:22,13,AVN,27030251;YN9483,12/02/2013,09:58:44,14,AVN,27030251;YN9483,12/02/2013,09:53:35,10,AVN,27030251;YN9483,12/02/2013,09:56:16,12,AVN,27030251;YN9483,12/02/2013,16:17:11,15,AVN,27030251;YN9483,12/02/2013,16:19:41,13,AVN,27030251;YN9483,12/02/2013,16:21:49,11,AVN,27030251;YN9483,13/02/2013,08:15:44,15,AVN,27030251;YN9483,13/02/2013,08:18:15,13,AVN,27030251;YN9483,13/02/2013,08:20:26,11,AVN,27030251;YN9483,13/02/2013,09:37:52,14,AVN,27030251;YN9483,13/02/2013,09:35:14,12,AVN,27030251;YN9483,13/02/2013,17:10:15,15,AVN,27030251;YN9483,13/02/2013,17:12:48,13,AVN,27030251;YN9483,13/02/2013,17:15:07,11,AVN,27030251;YN9483,13/02/2013,23:17:20,12,AVN,27030251;YN9483,13/02/2013,23:21:37,14,AVN,27030251;YN9483,14/02/2013,08:45:42,8,AVN,27030251;YN9483,14/02/2013,08:51:03,6,AVN,27030251;YN9483,14/02/2013,08:39:51,15,AVN,27030251;YN9483,14/02/2013,08:44:22,11,AVN,27030251;YN9483,14/02/2013,08:42:17,13,AVN,27030251;YN9483,14/02/2013,09:08:20,5,AVN,27030251;YN9483,14/02/2013,09:10:37,7,AVN,27030251;YN9483,14/02/2013,09:20:32,14,AVN,27030251;YN9483,14/02/2013,09:15:34,10,AVN,27030251;YN9483,14/02/2013,09:18:00,12,AVN,27030251;YN9483,14/02/2013,09:14:55,9,AVN,27030251;YN9483,15/02/2013,08:16:37,13,AVN,27030251;YN9483,15/02/2013,09:24:37,14,AVN,27030251;YN9483,15/02/2013,09:22:33,12,AVN,27030251;YN9483,15/02/2013,16:52:22,15,AVN,27030251;YN9483,15/02/2013,16:54:57,13,AVN,27030251;YN9483,15/02/2013,16:57:17,11,AVN,27030251;YN9483,15/02/2013,17:49:54,14,AVN,27030251;YN9483,15/02/2013,17:47:04,12,AVN,27030251;YN9483,15/02/2013,17:44:34,10,AVN,27030251;YN9483,22/02/2013,10:18:53,10,AVN,27030251;YN9483,22/02/2013,11:42:36,9,AVN,27030251;YN9483,22/02/2013,11:47:31,14,AVN,27030251;YN9483,22/02/2013,11:45:20,12,AVN,27030251;YN9483,22/02/2013,11:43:14,10,AVN,27030251;YN9483,26/02/2013,08:56:45,15,AVN,27030251;YN9483,26/02/2013,09:01:11,11,AVN,27030251;YN9483,26/02/2013,08:59:01,13,AVN,27030251;YN9483,26/02/2013,17:25:12,8,AVN,27030251;YN9483,26/02/2013,17:18:50,15,AVN,27030251;YN9483,26/02/2013,17:21:24,13,AVN,27030251;YN9483,26/02/2013,17:23:40,11,AVN,27030251;YN9483,27/02/2013,08:32:17,15,AVN,27030251;YN9483,27/02/2013,08:36:15,11,AVN,27030251;YN9483,27/02/2013,08:34:22,13,AVN,27030251;YN9483,27/02/2013,10:28:32,14,AVN,27030251;YN9483,27/02/2013,10:23:38,10,AVN,27030251;YN9483,27/02/2013,10:26:06,12,AVN,27030251;YN9483,28/02/2013,09:39:48,15,AVN,27030251;YN9483,28/02/2013,09:42:42,13,AVN,27030251;YN9483,28/02/2013,17:38:19,14,AVN,27030251;YN9483,28/02/2013,17:35:30,12,AVN,27030251;YN9483,28/02/2013,17:32:45,10,AVN,27030251;YN9483,01/03/2013,08:47:09,13,AVN,27030251;YN9483,01/03/2013,10:14:58,14,AVN,27030251;YN9483,01/03/2013,10:09:41,10,AVN,27030251;YN9483,01/03/2013,10:12:21,12,AVN,27030251;YN9483,01/03/2013,17:26:16,15,AVN,27030251;YN9483,01/03/2013,17:28:55,13,AVN,27030251;YN9483,01/03/2013,18:37:06,10,AVN,27030251;YN9483,01/03/2013,19:50:00,14,AVN,27030251;YN9483,01/03/2013,19:46:47,12,AVN,27030251;YN9483,04/03/2013,10:21:56,14,AVN,27030251;YN9483,04/03/2013,10:16:02,10,AVN,27030251;YN9483,04/03/2013,10:19:02,12,AVN,27030251;YN9483,04/03/2013,16:42:46,15,AVN,27030251;YN9483,04/03/2013,16:46:06,13,AVN,27030251;YN9483,04/03/2013,16:48:59,11,AVN,27030251;YN9483,04/03/2013,17:53:50,10,AVN,27030251;YN9483,04/03/2013,17:59:49,14,AVN,27030251;YN9483,05/03/2013,08:13:40,15,AVN,27030251;YN9483,05/03/2013,08:18:45,11,AVN,27030251;YN9483,05/03/2013,08:16:27,13,AVN,27030251;YN9483,05/03/2013,09:29:12,9,AVN,27030251;YN9483,05/03/2013,09:35:15,14,AVN,27030251;YN9483,05/03/2013,09:29:57,10,AVN,27030251;YN9483,05/03/2013,09:32:33,12,AVN,27030251;YN9483,05/03/2013,17:00:10,15,AVN,27030251;YN9483,05/03/2013,17:05:29,11,AVN,27030251;YN9483,05/03/2013,17:03:02,13,AVN,27030251;YN9483,05/03/2013,18:16:40,9,AVN,27030251;YN9483,05/03/2013,18:23:31,14,AVN,27030251;YN9483,05/03/2013,18:17:26,10,AVN,27030251;YN9483,05/03/2013,18:20:17,12,AVN,27030251;YN9483,06/03/2013,10:50:34,14,AVN,27030251;YN9483,06/03/2013,10:44:50,10,AVN,27030251;YN9483,06/03/2013,10:47:48,12,AVN,27030251;YN9483,06/03/2013,17:02:21,15,AVN,27030251;YN9483,06/03/2013,17:07:43,11,AVN,27030251;YN9483,06/03/2013,17:05:15,13,AVN,27030251;YN9483,06/03/2013,18:42:25,9,AVN,27030251;YN9483,06/03/2013,18:43:00,10,AVN,27030251;YN9483,06/03/2013,18:45:19,12,AVN,27030251;YN9483,07/03/2013,07:26:43,15,AVN,27030251;YN9483,07/03/2013,07:29:20,13,AVN,27030251;YN9483,07/03/2013,07:31:28,11,AVN,27030251;YN9483,07/03/2013,08:26:43,10,AVN,27030251;YN9483,07/03/2013,08:34:03,14,AVN,27030251;YN9483,07/03/2013,08:29:18,12,AVN,27030251;YN9483,07/03/2013,17:47:41,15,AVN,27030251;YN9483,07/03/2013,17:52:23,11,AVN,27030251;YN9483,07/03/2013,17:50:10,13,AVN,27030251;YN9483,07/03/2013,19:50:04,9,AVN,27030251;YN9483,07/03/2013,19:50:39,10,AVN,27030251;YN9483,07/03/2013,19:52:57,12,AVN,27030251;YN9483,08/03/2013,08:15:42,11,AVN,27030251;YN9483,08/03/2013,08:13:21,13,AVN,27030251;YN9483,08/03/2013,10:44:18,14,AVN,27030251;YN9483,08/03/2013,10:38:18,10,AVN,27030251;YN9483,08/03/2013,10:41:12,12,AVN,27030251;YN9483,08/03/2013,17:30:03,15,AVN,27030251;YN9483,08/03/2013,17:35:04,11,AVN,27030251;YN9483,08/03/2013,17:32:48,13,AVN,27030251;YN9483,08/03/2013,21:44:40,14,AVN,27030251;YN9483,08/03/2013,21:41:28,12,AVN,27030251;YN9483,09/03/2013,08:36:53,15,AVN,27030251;YN9483,09/03/2013,08:39:35,13,AVN,27030251;YN9483,09/03/2013,08:42:00,11,AVN,27030251;YN9483,09/03/2013,14:44:22,9,AVN,27030251;YN9483,09/03/2013,14:45:04,10,AVN,27030251;YN9483,09/03/2013,14:47:39,12,AVN,27030251;YN9483,09/03/2013,14:50:32,14,AVN,27030251;YN9483,11/03/2013,10:34:25,9,AVN,27030251;YN9483,11/03/2013,10:39:03,14,AVN,27030251;YN9483,11/03/2013,10:34:54,10,AVN,27030251;YN9483,11/03/2013,10:36:56,12,AVN,27030251;YN9483,11/03/2013,17:20:22,15,AVN,27030251;YN9483,11/03/2013,17:25:44,11,AVN,27030251;YN9483,11/03/2013,17:23:12,13,AVN,27030251;YN9483,11/03/2013,18:41:44,9,AVN,27030251;YN9483,11/03/2013,18:48:01,14,AVN,27030251;YN9483,11/03/2013,18:42:26,10,AVN,27030251;YN9483,11/03/2013,18:45:13,12,AVN,27030251;YN9483,12/03/2013,08:14:48,11,AVN,27030251;YN9483,12/03/2013,08:11:29,13,AVN,27030251;YN9483,12/03/2013,09:35:04,10,AVN,27030251;YN9483,12/03/2013,09:56:59,14,AVN,27030251;YN9483,12/03/2013,09:54:31,12,AVN,27030251;YN9483,12/03/2013,17:30:21,15,AVN,27030251;YN9483,12/03/2013,17:35:11,11,AVN,27030251;YN9483,12/03/2013,17:33:01,13,AVN,27030251;YN9483,12/03/2013,18:59:43,9,AVN,27030251;YN9483,12/03/2013,19:00:15,10,AVN,27030251;YN9483,12/03/2013,19:02:28,12,AVN,27030251;YN9483,12/03/2013,20:13:05,15,AVN,27030251;YN9483,12/03/2013,20:16:00,13,AVN,27030251;YN9483,12/03/2013,20:55:47,14,AVN,27030251;YN9483,12/03/2013,20:52:37,12,AVN,27030251;YN9483,13/03/2013,07:51:28,11,AVN,27030251;YN9483,13/03/2013,07:46:12,13,AVN,27030251;YN9483,13/03/2013,09:46:05,10,AVN,27030251;YN9483,13/03/2013,10:06:17,14,AVN,27030251;YN9483,13/03/2013,10:03:31,12,AVN,27030251;YN9483,13/03/2013,16:38:52,15,AVN,27030251;YN9483,13/03/2013,16:44:28,11,AVN,27030251;YN9483,13/03/2013,16:41:58,13,AVN,27030251;YN9483,13/03/2013,18:34:56,9,AVN,27030251;YN9483,13/03/2013,18:40:43,14,AVN,27030251;YN9483,13/03/2013,18:35:32,10,AVN,27030251;YN9483,13/03/2013,18:37:52,12,AVN,27030251;YN9483,14/03/2013,08:29:03,15,AVN,27030251;YN9483,14/03/2013,08:33:31,11,AVN,27030251;YN9483,14/03/2013,08:31:25,13,AVN,27030251;YN9483,14/03/2013,09:53:32,9,AVN,27030251;YN9483,14/03/2013,09:54:03,10,AVN,27030251;YN9483,14/03/2013,09:58:04,14,AVN,27030251;YN9483,14/03/2013,09:55:56,12,AVN,27030251;YN9483,14/03/2013,17:44:00,15,AVN,27030251;YN9483,14/03/2013,17:48:33,11,AVN,27030251;YN9483,14/03/2013,19:00:34,9,AVN,27030251;YN9483,14/03/2013,19:05:49,14,AVN,27030251;YN9483,14/03/2013,19:01:09,10,AVN,27030251;YN9483,14/03/2013,19:03:25,12,AVN,27030251;YN9483,15/03/2013,08:53:24,15,AVN,27030251;YN9483,15/03/2013,08:55:58,13,AVN,27030251;YN9483,15/03/2013,10:23:54,9,AVN,27030251;YN9483,15/03/2013,10:28:55,14,AVN,27030251;YN9483,15/03/2013,10:24:33,10,AVN,27030251;YN9483,15/03/2013,10:26:45,12,AVN,27030251;YN9483,15/03/2013,17:38:22,15,AVN,27030251;YN9483,15/03/2013,17:48:52,11,AVN,27030251;YN9483,15/03/2013,17:41:16,13,AVN,27030251;YN9483,15/03/2013,19:14:06,14,AVN,27030251;YN9483,15/03/2013,19:11:17,12,AVN,27030251;YN9483,18/03/2013,08:43:00,11,AVN,27030251;YN9483,18/03/2013,09:58:58,14,AVN,27030251;YN9483,18/03/2013,09:54:04,10,AVN,27030251;YN9483,18/03/2013,09:56:31,12,AVN,27030251;YN9483,18/03/2013,17:46:36,15,AVN,27030251;YN9483,18/03/2013,17:51:21,11,AVN,27030251;YN9483,18/03/2013,17:49:08,13,AVN,27030251;YN9483,18/03/2013,19:08:47,9,AVN,27030251;YN9483,18/03/2013,19:14:26,14,AVN,27030251;YN9483,18/03/2013,19:09:24,10,AVN,27030251;YN9483,18/03/2013,19:11:49,12,AVN,27030251;YN9483,19/03/2013,08:27:00,15,AVN,27030251;YN9483,19/03/2013,08:31:25,11,AVN,27030251;YN9483,19/03/2013,08:29:20,13,AVN,27030251;YN9483,19/03/2013,09:52:10,10,AVN,27030251;YN9483,19/03/2013,09:56:28,14,AVN,27030251;YN9483,19/03/2013,09:54:28,12,AVN,27030251;YN9483,19/03/2013,17:41:30,15,AVN,27030251;YN9483,19/03/2013,17:55:12,11,AVN,27030251;YN9483,19/03/2013,17:45:31,13,AVN,27030251;YN9483,19/03/2013,18:57:53,9,AVN,27030251;YN9483,19/03/2013,19:03:57,14,AVN,27030251;YN9483,19/03/2013,18:58:34,10,AVN,27030251;YN9483,19/03/2013,19:01:07,12,AVN,27030251;YN9483,20/03/2013,09:14:11,13,AVN,27030251;YN9483,20/03/2013,11:08:49,14,AVN,27030251;YN9483,20/03/2013,11:04:46,10,AVN,27030251;YN9483,20/03/2013,11:06:48,12,AVN,27030251;YN9483,20/03/2013,17:31:26,15,AVN,27030251;YN9483,20/03/2013,17:38:19,11,AVN,27030251;YN9483,20/03/2013,19:00:32,14,AVN,27030251;YN9483,20/03/2013,18:54:52,10,AVN,27030251;YN9483,20/03/2013,18:57:47,12,AVN,27030251;YN9483,22/03/2013,07:33:16,13,AVN,27030251;YN9483,22/03/2013,07:35:36,11,AVN,27030251;YN9483,22/03/2013,08:45:51,10,AVN,27030251;YN9483,22/03/2013,08:52:20,14,AVN,27030251;YN9483,22/03/2013,08:48:19,12,AVN,27030251;YN9483,26/03/2013,08:39:57,11,AVN,27030251;YN9483,26/03/2013,09:48:34,9,AVN,27030251;YN9483,26/03/2013,09:49:08,10,AVN,27030251;YN9483,26/03/2013,09:53:50,14,AVN,27030251;YN9483,26/03/2013,09:51:29,12,AVN,27030251;YN9483,27/03/2013,08:16:38,13,AVN,27030251;YN9483,27/03/2013,09:55:08,14,AVN,27030251;YN9483,27/03/2013,09:51:11,10,AVN,27030251;YN9483,27/03/2013,09:53:09,12,AVN,27030251;YN9483,28/03/2013,08:35:24,11,AVN,27030251;YN9483,28/03/2013,08:33:06,13,AVN,27030251;YN9483,28/03/2013,09:37:28,10,AVN,27030251;YN9483,28/03/2013,09:48:13,14,AVN,27030251;YN9483,28/03/2013,09:45:37,12,AVN,27030251
10:32:09.987,000,RES:OK~Archivo creado
10:37:51.569,000,REQ:107~2~VE9413,09/04/2016,12:15:00,3,AVN,39594215;VE9413,09/04/2016,12:17:20,5,AVN,39594215;VE9413,09/04/2016,12:18:37,7,AVN,39594215;VE9413,09/04/2016,15:54:14,6,AVN,39594215;VE9413,09/04/2016,15:56:18,4,AVN,39594215;VE9413,15/04/2016,13:53:58,16,AVN,39594215;VE9413,15/04/2016,13:51:26,1,AVN,39594215;VE9413,28/04/2016,20:57:42,2,AVN,39594215;VE9413,28/04/2016,20:59:37,17,AVN,39594215
10:37:51.777,000,RES:OK~Archivo creado
10:39:42.631,000,REQ:107~2~ZS9890,09/08/2011,09:44:33,3,AVN,20320554;ZS9890,09/08/2011,09:41:11,1,AVN,20320554;ZS9890,09/08/2011,09:48:45,7,AVN,20320554;ZS9890,09/08/2011,09:51:56,9,AVN,20320554;ZS9890,09/08/2011,09:52:38,10,AVN,20320554;ZS9890,09/08/2011,15:49:38,8,AVN,20320554;ZS9890,09/08/2011,15:53:28,6,AVN,20320554;ZS9890,09/08/2011,15:48:36,11,AVN,20320554;ZS9890,09/08/2011,15:55:35,4,AVN,20320554;ZS9890,09/08/2011,15:57:24,2,AVN,20320554;ZS9890,11/08/2011,16:13:24,15,AVN,20320554;ZS9890,11/08/2011,16:15:29,13,AVN,20320554;ZS9890,11/08/2011,16:30:36,14,AVN,20320554;ZS9890,11/08/2011,16:28:27,12,AVN,20320554;ZS9890,11/08/2011,16:43:12,15,AVN,20320554;ZS9890,11/08/2011,16:45:23,13,AVN,20320554;ZS9890,12/08/2011,14:01:07,15,AVN,20320554;ZS9890,12/08/2011,14:03:08,13,AVN,20320554;ZS9890,12/08/2011,17:04:26,8,AVN,20320554;ZS9890,12/08/2011,17:08:34,6,AVN,20320554;ZS9890,12/08/2011,17:10:48,4,AVN,20320554;ZS9890,12/08/2011,17:13:12,2,AVN,20320554;ZS9890,12/08/2011,17:03:25,11,AVN,20320554;ZS9890,17/08/2011,15:31:43,6,AVN,20320554;ZS9890,17/08/2011,15:34:28,4,AVN,20320554;ZS9890,17/08/2011,15:36:35,2,AVN,20320554;ZS9890,20/08/2011,11:37:48,1,AVN,20320554;ZS9890,20/08/2011,12:38:24,2,AVN,20320554
10:39:42.859,000,RES:OK~Archivo creado
10:42:20.042,000,REQ:107~2~ZS9890,09/08/2011,09:44:33,3,AVN,20320554;ZS9890,09/08/2011,09:41:11,1,AVN,20320554;ZS9890,09/08/2011,09:48:45,7,AVN,20320554;ZS9890,09/08/2011,09:51:56,9,AVN,20320554;ZS9890,09/08/2011,09:52:38,10,AVN,20320554;ZS9890,09/08/2011,15:49:38,8,AVN,20320554;ZS9890,09/08/2011,15:53:28,6,AVN,20320554;ZS9890,09/08/2011,15:48:36,11,AVN,20320554;ZS9890,09/08/2011,15:55:35,4,AVN,20320554;ZS9890,09/08/2011,15:57:24,2,AVN,20320554;ZS9890,11/08/2011,16:13:24,15,AVN,20320554;ZS9890,11/08/2011,16:15:29,13,AVN,20320554;ZS9890,11/08/2011,16:30:36,14,AVN,20320554;ZS9890,11/08/2011,16:28:27,12,AVN,20320554;ZS9890,11/08/2011,16:43:12,15,AVN,20320554;ZS9890,11/08/2011,16:45:23,13,AVN,20320554;ZS9890,12/08/2011,14:01:07,15,AVN,20320554;ZS9890,12/08/2011,14:03:08,13,AVN,20320554;ZS9890,12/08/2011,17:04:26,8,AVN,20320554;ZS9890,12/08/2011,17:08:34,6,AVN,20320554;ZS9890,12/08/2011,17:10:48,4,AVN,20320554;ZS9890,12/08/2011,17:13:12,2,AVN,20320554;ZS9890,12/08/2011,17:03:25,11,AVN,20320554;ZS9890,17/08/2011,15:31:43,6,AVN,20320554;ZS9890,17/08/2011,15:34:28,4,AVN,20320554;ZS9890,17/08/2011,15:36:35,2,AVN,20320554;ZS9890,20/08/2011,11:37:48,1,AVN,20320554;ZS9890,20/08/2011,12:38:24,2,AVN,20320554
10:42:20.286,000,RES:OK~Archivo creado
10:45:03.821,000,REQ:107~2~PE6082,19/02/2012,08:40:05,1,AVN,22670751;PE6082,19/02/2012,08:44:47,3,AVN,22670751;PE6082,19/02/2012,08:48:35,5,AVN,22670751;PE6082,19/02/2012,08:50:52,7,AVN,22670751;PE6082,19/02/2012,09:14:46,8,AVN,22670751;PE6082,19/02/2012,09:20:04,6,AVN,22670751;PE6082,19/02/2012,09:22:55,4,AVN,22670751;PE6082,19/02/2012,09:25:32,2,AVN,22670751
10:45:04.041,000,RES:OK~Archivo creado
11:00:49.137,000,REQ:107~2~PE6082,19/02/2012,08:40:05,1,AVN,22670751;PE6082,19/02/2012,08:44:47,3,AVN,22670751;PE6082,19/02/2012,08:48:35,5,AVN,22670751;PE6082,19/02/2012,08:50:52,7,AVN,22670751;PE6082,19/02/2012,09:14:46,8,AVN,22670751;PE6082,19/02/2012,09:20:04,6,AVN,22670751;PE6082,19/02/2012,09:22:55,4,AVN,22670751;PE6082,19/02/2012,09:25:32,2,AVN,22670751
11:00:49.479,000,RES:OK~Archivo creado
11:04:31.969,000,REQ:107~1~YV3690,187186,07/01/2006,01/04/2007;YV3690,187186,08/01/2006,01/04/2007;YV3690,187186,09/01/2006,01/04/2007;YV3690,187186,10/01/2006,01/04/2007;YV3690,187186,11/01/2006,01/04/2007;YV3690,187186,12/01/2006,01/04/2007;YV3690,187186,13/01/2006,01/04/2007;YV3690,606019,14/01/2006,01/04/2007;YV3690,606019,15/01/2006,01/04/2007;YV3690,606019,16/01/2006,01/04/2007;YV3690,606019,17/01/2006,01/04/2007;YV3690,606019,18/01/2006,01/04/2007;YV3690,606019,19/01/2006,01/04/2007;YV3690,606019,20/01/2006,01/04/2007;YV3690,606019,21/01/2006,01/04/2007;YV3690,606019,22/01/2006,01/04/2007;YV3690,606019,23/01/2006,01/04/2007;YV3690,606019,24/01/2006,01/04/2007;YV3690,2034142,27/10/2006,19/12/2007;YV3690,2034142,22/11/2006,19/12/2007;YV3690,2034142,08/01/2007,19/12/2007;YV3690,2034142,09/01/2007,19/12/2007;YV3690,3845000,04/06/2007,24/12/2007;YV3690,3845000,09/06/2007,24/12/2007;YV3690,3845000,10/06/2007,24/12/2007;YV3690,35061907,13/03/2015,05/06/2015
11:04:34.460,000,RES:OK~Archivo creado
13:10:32.569,000,REQ:104~1~30
13:10:41.748,000,RES:OK~15.940.334-3
13:10:41.857,000,REQ:105~1~30
13:10:41.857,000,RES:OK~Pulgar Derecho
13:10:41.957,000,REQ:106~1~30

13:18:06.138,000,INI:Servicio alex PipeComponent v1.0.0.1 Generado el 29-08-2017 14:42:28
13:18:06.185,000,IOP:
13:18:06.200,000,REQ:104~1~30
13:18:06.200,000,ERR:System.NullReferenceException: Object reference not set to an instance of an object.
   at PipeComponent.PipeServer.WaitForConnectionCallBack(IAsyncResult iar) in E:\00.- Proyectos\01.- Autopista Vespucio Norte\PipeComponent\PipeComponent\PipeServer.cs:line 193
13:18:06.200,000,RES:NOK~Object reference not set to an instance of an object.
13:18:12.400,000,REQ:104~1~30
13:18:22.460,000,ERR:TPAuto.HuellaCI.Exceptions.CardTimeoutException: El tiempo para esperar la lectura de la cédula ha expirado.
   at TPAuto.HuellaCI.ValidadorHuella.ObtenerRut(Int32 commPort, Int32 timeout) in E:\00.- Proyectos\01.- Autopista Vespucio Norte\PipeComponent\PipeComponent\HuellaCI\ValidadorHuella.cs:line 91
   at PipeComponent.PipeServer.WaitForConnectionCallBack(IAsyncResult iar) in E:\00.- Proyectos\01.- Autopista Vespucio Norte\PipeComponent\PipeComponent\PipeServer.cs:line 193
13:18:22.460,000,RES:NOK~El tiempo para esperar la lectura de la cédula ha expirado.
13:18:38.777,000,REQ:104~1~30
13:18:48.830,000,ERR:TPAuto.HuellaCI.Exceptions.CardTimeoutException: El tiempo para esperar la lectura de la cédula ha expirado.
   at TPAuto.HuellaCI.ValidadorHuella.ObtenerRut(Int32 commPort, Int32 timeout) in E:\00.- Proyectos\01.- Autopista Vespucio Norte\PipeComponent\PipeComponent\HuellaCI\ValidadorHuella.cs:line 91
   at PipeComponent.PipeServer.WaitForConnectionCallBack(IAsyncResult iar) in E:\00.- Proyectos\01.- Autopista Vespucio Norte\PipeComponent\PipeComponent\PipeServer.cs:line 193
13:18:48.830,000,RES:NOK~El tiempo para esperar la lectura de la cédula ha expirado.
13:18:50.847,000,REQ:104~1~30
13:19:00.913,000,ERR:TPAuto.HuellaCI.Exceptions.CardTimeoutException: El tiempo para esperar la lectura de la cédula ha expirado.
   at TPAuto.HuellaCI.ValidadorHuella.ObtenerRut(Int32 commPort, Int32 timeout) in E:\00.- Proyectos\01.- Autopista Vespucio Norte\PipeComponent\PipeComponent\HuellaCI\ValidadorHuella.cs:line 91
   at PipeComponent.PipeServer.WaitForConnectionCallBack(IAsyncResult iar) in E:\00.- Proyectos\01.- Autopista Vespucio Norte\PipeComponent\PipeComponent\PipeServer.cs:line 193
13:19:00.913,000,RES:NOK~El tiempo para esperar la lectura de la cédula ha expirado.
13:19:44.008,000,REQ:104~1~30
13:19:54.066,000,ERR:TPAuto.HuellaCI.Exceptions.CardTimeoutException: El tiempo para esperar la lectura de la cédula ha expirado.
   at TPAuto.HuellaCI.ValidadorHuella.ObtenerRut(Int32 commPort, Int32 timeout) in E:\00.- Proyectos\01.- Autopista Vespucio Norte\PipeComponent\PipeComponent\HuellaCI\ValidadorHuella.cs:line 91
   at PipeComponent.PipeServer.WaitForConnectionCallBack(IAsyncResult iar) in E:\00.- Proyectos\01.- Autopista Vespucio Norte\PipeComponent\PipeComponent\PipeServer.cs:line 193
13:19:54.066,000,RES:NOK~El tiempo para esperar la lectura de la cédula ha expirado.
13:20:00.609,000,REQ:104~1~30
13:20:10.662,000,ERR:TPAuto.HuellaCI.Exceptions.CardTimeoutException: El tiempo para esperar la lectura de la cédula ha expirado.
   at TPAuto.HuellaCI.ValidadorHuella.ObtenerRut(Int32 commPort, Int32 timeout) in E:\00.- Proyectos\01.- Autopista Vespucio Norte\PipeComponent\PipeComponent\HuellaCI\ValidadorHuella.cs:line 91
   at PipeComponent.PipeServer.WaitForConnectionCallBack(IAsyncResult iar) in E:\00.- Proyectos\01.- Autopista Vespucio Norte\PipeComponent\PipeComponent\PipeServer.cs:line 193
13:20:10.662,000,RES:NOK~El tiempo para esperar la lectura de la cédula ha expirado.

13:30:54.825,000,INI:Servicio alex PipeComponent v1.0.0.1 Generado el 29-08-2017 14:42:28
13:30:54.875,000,IOP:
13:33:29.380,000,REQ:104~1~30
13:33:31.984,000,RES:OK~15.940.334-3
13:33:32.074,000,REQ:105~1~30
13:33:32.074,000,RES:OK~Pulgar Derecho
13:33:32.184,000,REQ:106~1~30
13:33:37.432,000,RES:OK~True
13:34:06.717,000,REQ:101~pdf~http://172.20.3.80:8080/Facturacion/webservices/ConsultaPDF.jsp?t=41&f=45046046&e=96992030&r=1,45046046
13:34:07.354,000,RES:OK~
13:38:28.785,000,REQ:101~pdf~http://172.20.3.80:8080/Facturacion/webservices/ConsultaPDF.jsp?t=41&f=44779923&e=96992030&r=1,44779923
13:38:29.358,000,RES:OK~
13:45:47.597,000,REQ:102~NII ExD NP-K3053~1101260410,45046046,11/09/2017,6.682,10001045376,GARY ANDRE MIRANDA GAVILAN
13:45:47.752,000,RES:OK~Voucher impreso
13:48:03.573,000,REQ:104~1~30
13:48:09.803,000,RES:OK~17122588-4
13:48:09.881,000,REQ:105~1~30
13:48:10.193,000,RES:OK~Indice Derecho
13:48:10.317,000,REQ:106~1~30
13:48:20.711,000,ERR:TPAuto.HuellaCI.Exceptions.FingerprintTimeoutException: El tiempo para esperar la lectura de la huella ha expirado.
   at TPAuto.HuellaCI.ValidadorHuella.ValidarHuella(String readerName, Int32 timeout) in E:\00.- Proyectos\01.- Autopista Vespucio Norte\PipeComponent\PipeComponent\HuellaCI\ValidadorHuella.cs:line 290
   at PipeComponent.PipeServer.WaitForConnectionCallBack(IAsyncResult iar) in E:\00.- Proyectos\01.- Autopista Vespucio Norte\PipeComponent\PipeComponent\PipeServer.cs:line 217
13:48:20.711,000,RES:NOK~El tiempo para esperar la lectura de la huella ha expirado.
13:48:38.596,000,REQ:104~1~30
13:48:42.646,000,RES:OK~17122588-4
13:48:42.724,000,REQ:105~1~30
13:48:43.223,000,RES:OK~Indice Derecho
13:48:43.316,000,REQ:106~1~30
13:48:44.974,000,RES:OK~True

13:52:21.200,000,INI:Servicio alex PipeComponent v1.0.0.1 Generado el 29-08-2017 14:42:28
13:52:21.231,000,IOP:
13:53:20.038,000,REQ:104~1~30
13:53:22.877,000,RES:OK~17122588-4
13:53:22.956,000,REQ:105~1~30
13:53:23.460,000,RES:OK~Indice Derecho
13:53:23.572,000,REQ:106~1~30
13:53:26.212,000,RES:OK~True
13:54:18.446,000,REQ:104~1~30
13:54:20.421,000,RES:OK~15.940.334-3
13:54:20.499,000,REQ:105~1~30
13:54:20.499,000,RES:OK~Pulgar Derecho
13:54:20.566,000,REQ:106~1~30
13:54:24.297,000,RES:OK~True
13:55:04.387,000,REQ:104~1~30
13:55:06.911,000,RES:OK~17122588-4
13:55:07.015,000,REQ:105~1~30
13:55:07.507,000,RES:OK~Indice Derecho
13:55:07.633,000,REQ:106~1~30
13:55:18.028,000,ERR:TPAuto.HuellaCI.Exceptions.FingerprintTimeoutException: El tiempo para esperar la lectura de la huella ha expirado.
   at TPAuto.HuellaCI.ValidadorHuella.ValidarHuella(String readerName, Int32 timeout) in E:\00.- Proyectos\01.- Autopista Vespucio Norte\PipeComponent\PipeComponent\HuellaCI\ValidadorHuella.cs:line 290
   at PipeComponent.PipeServer.WaitForConnectionCallBack(IAsyncResult iar) in E:\00.- Proyectos\01.- Autopista Vespucio Norte\PipeComponent\PipeComponent\PipeServer.cs:line 217
13:55:18.044,000,RES:NOK~El tiempo para esperar la lectura de la huella ha expirado.
13:55:27.451,000,REQ:104~1~30
13:55:27.678,000,RES:OK~17122588-4
13:55:27.773,000,REQ:105~1~30
13:55:27.835,000,RES:OK~Indice Derecho
13:55:27.941,000,REQ:106~1~30
13:55:30.656,000,RES:OK~True
13:55:44.379,000,REQ:104~1~30
13:55:46.452,000,RES:OK~15.940.334-3
13:55:46.546,000,REQ:105~1~30
13:55:46.546,000,RES:OK~Pulgar Derecho
13:55:46.619,000,REQ:106~1~30
13:55:50.410,000,RES:OK~True
13:56:16.992,000,REQ:104~1~30
13:56:19.502,000,RES:OK~17122588-4
13:56:19.596,000,REQ:105~1~30
13:56:20.088,000,RES:OK~Indice Derecho
13:56:20.202,000,REQ:106~1~30
13:56:21.845,000,RES:OK~True
13:56:31.586,000,REQ:104~1~30
13:56:35.851,000,RES:OK~17122588-4
13:56:35.945,000,REQ:105~1~30
13:56:36.437,000,RES:OK~Indice Derecho
13:56:36.561,000,REQ:106~1~30
13:56:39.692,000,RES:OK~False
13:57:12.180,000,REQ:104~1~30
13:57:14.702,000,RES:OK~15.940.334-3
13:57:14.795,000,REQ:105~1~30
13:57:14.795,000,RES:OK~Pulgar Derecho
13:57:14.864,000,REQ:106~1~30
13:57:26.303,000,ERR:TPAuto.HuellaCI.Exceptions.FingerprintTimeoutException: El tiempo para esperar la lectura de la huella ha expirado.
   at TPAuto.HuellaCI.ValidadorHuella.ValidarHuella(String readerName, Int32 timeout) in E:\00.- Proyectos\01.- Autopista Vespucio Norte\PipeComponent\PipeComponent\HuellaCI\ValidadorHuella.cs:line 225
   at PipeComponent.PipeServer.WaitForConnectionCallBack(IAsyncResult iar) in E:\00.- Proyectos\01.- Autopista Vespucio Norte\PipeComponent\PipeComponent\PipeServer.cs:line 217
13:57:26.303,000,RES:NOK~El tiempo para esperar la lectura de la huella ha expirado.
13:57:51.226,000,REQ:104~1~30
13:57:52.002,000,RES:OK~15.940.334-3
13:57:52.105,000,REQ:105~1~30
13:57:52.106,000,RES:OK~Pulgar Derecho
13:57:52.221,000,REQ:106~1~30
13:57:55.629,000,RES:OK~True
13:58:53.114,000,REQ:104~1~30
13:58:54.754,000,RES:OK~17122588-4
13:58:54.832,000,REQ:105~1~30
13:58:55.332,000,RES:OK~Indice Derecho
13:58:55.461,000,REQ:106~1~30
13:58:57.290,000,RES:OK~True
14:02:03.577,000,REQ:104~1~30
14:02:08.050,000,RES:OK~17122588-4
14:02:08.158,000,REQ:105~1~30
14:02:08.455,000,RES:OK~Indice Derecho
14:02:08.569,000,REQ:106~1~30
14:02:16.098,000,RES:OK~True

14:30:31.940,000,INI:Servicio alex PipeComponent v1.0.0.1 Generado el 29-08-2017 14:42:28
14:30:32.011,000,IOP:
14:31:48.465,000,REQ:104~1~30
14:31:50.660,000,RES:OK~17122588-4
14:31:50.753,000,REQ:105~1~30
14:31:51.065,000,RES:OK~Indice Derecho
14:31:51.183,000,REQ:106~1~30
14:31:53.815,000,RES:OK~True
14:32:05.190,000,REQ:104~1~30
14:32:05.634,000,RES:OK~17122588-4
14:32:05.696,000,REQ:105~1~30
14:32:05.743,000,RES:OK~Indice Derecho
14:32:05.821,000,REQ:106~1~30
14:32:16.218,000,ERR:TPAuto.HuellaCI.Exceptions.FingerprintTimeoutException: El tiempo para esperar la lectura de la huella ha expirado.
   at TPAuto.HuellaCI.ValidadorHuella.ValidarHuella(String readerName, Int32 timeout) in E:\00.- Proyectos\01.- Autopista Vespucio Norte\PipeComponent\PipeComponent\HuellaCI\ValidadorHuella.cs:line 290
   at PipeComponent.PipeServer.WaitForConnectionCallBack(IAsyncResult iar) in E:\00.- Proyectos\01.- Autopista Vespucio Norte\PipeComponent\PipeComponent\PipeServer.cs:line 217
14:32:16.218,000,RES:NOK~El tiempo para esperar la lectura de la huella ha expirado.
14:34:46.692,000,REQ:104~1~30
14:34:49.194,000,RES:OK~17122588-4
14:34:49.288,000,REQ:105~1~30
14:34:49.771,000,RES:OK~Indice Derecho
14:34:49.875,000,REQ:106~1~30
14:34:55.252,000,RES:OK~True
14:35:05.814,000,REQ:104~1~30
14:35:07.896,000,RES:OK~17122588-4
14:35:08.005,000,REQ:105~1~30
14:35:08.489,000,RES:OK~Indice Derecho
14:35:08.582,000,REQ:106~1~30
14:35:10.107,000,RES:OK~True
14:35:37.744,000,REQ:104~1~30
14:35:39.817,000,RES:OK~15.940.334-3
14:35:39.911,000,REQ:105~1~30
14:35:39.911,000,RES:OK~Pulgar Derecho
14:35:40.020,000,REQ:106~1~30
14:35:44.063,000,RES:OK~False
14:36:18.581,000,REQ:104~1~30
14:36:20.555,000,RES:OK~15.940.334-3
14:36:20.664,000,REQ:105~1~30
14:36:20.664,000,RES:OK~Pulgar Derecho
14:36:20.775,000,REQ:106~1~30
14:36:25.475,000,RES:OK~True
14:37:33.212,000,REQ:104~1~30
14:37:36.923,000,RES:OK~17122588-4
14:37:37.032,000,REQ:105~1~30
14:37:37.516,000,RES:OK~Indice Derecho
14:37:37.628,000,REQ:106~1~30
14:37:41.536,000,RES:OK~True
14:39:26.157,000,REQ:104~1~30
14:39:29.320,000,RES:OK~17122588-4
14:39:29.429,000,REQ:105~1~30
14:39:29.726,000,RES:OK~Indice Derecho
14:39:29.842,000,REQ:106~1~30
14:39:31.809,000,RES:OK~True
14:40:15.278,000,REQ:104~1~30
14:40:18.546,000,RES:OK~17122588-4
14:40:18.655,000,REQ:105~1~30
14:40:19.139,000,RES:OK~Indice Derecho
14:40:19.248,000,REQ:106~1~30
14:40:21.398,000,RES:OK~True
14:40:30.758,000,REQ:104~1~30
14:40:30.866,000,RES:OK~17122588-4
14:40:30.944,000,REQ:105~1~30
14:40:31.006,000,RES:OK~Indice Derecho
14:40:31.084,000,REQ:106~1~30
14:40:33.636,000,RES:OK~True
14:40:42.005,000,REQ:104~1~30
14:40:44.316,000,RES:OK~17122588-4
14:40:44.394,000,REQ:105~1~30
14:40:44.441,000,RES:OK~Indice Derecho
14:40:44.534,000,REQ:106~1~30
14:40:46.900,000,RES:OK~True
14:40:58.251,000,REQ:104~1~30
14:40:59.889,000,RES:OK~15.940.334-3
14:40:59.983,000,REQ:105~1~30
14:40:59.998,000,RES:OK~Pulgar Derecho
14:41:00.120,000,REQ:106~1~30
14:41:05.078,000,RES:OK~True
14:41:16.545,000,REQ:104~1~30
14:41:16.872,000,RES:OK~15.940.334-3
14:41:16.951,000,REQ:105~1~30
14:41:16.951,000,RES:OK~Pulgar Derecho
14:41:17.034,000,REQ:106~1~30
14:41:21.328,000,RES:OK~False
14:41:43.994,000,REQ:104~1~30
14:41:44.317,000,RES:OK~15.940.334-3
14:41:44.410,000,REQ:105~1~30
14:41:44.426,000,RES:OK~Pulgar Derecho
14:41:44.538,000,REQ:106~1~30
14:41:47.934,000,RES:OK~True
14:42:03.135,000,REQ:104~1~30
14:42:05.978,000,RES:OK~17122588-4
14:42:06.087,000,REQ:105~1~30
14:42:06.571,000,RES:OK~Indice Derecho
14:42:06.664,000,REQ:106~1~30
14:42:08.684,000,RES:OK~True
14:45:38.832,000,REQ:104~1~30
14:45:48.876,000,ERR:TPAuto.HuellaCI.Exceptions.CardTimeoutException: El tiempo para esperar la lectura de la cédula ha expirado.
   at TPAuto.HuellaCI.ValidadorHuella.ObtenerRut(Int32 commPort, Int32 timeout) in E:\00.- Proyectos\01.- Autopista Vespucio Norte\PipeComponent\PipeComponent\HuellaCI\ValidadorHuella.cs:line 91
   at PipeComponent.PipeServer.WaitForConnectionCallBack(IAsyncResult iar) in E:\00.- Proyectos\01.- Autopista Vespucio Norte\PipeComponent\PipeComponent\PipeServer.cs:line 193
14:45:48.876,000,RES:NOK~El tiempo para esperar la lectura de la cédula ha expirado.
14:46:17.577,000,REQ:104~1~30
14:46:27.622,000,ERR:TPAuto.HuellaCI.Exceptions.CardTimeoutException: El tiempo para esperar la lectura de la cédula ha expirado.
   at TPAuto.HuellaCI.ValidadorHuella.ObtenerRut(Int32 commPort, Int32 timeout) in E:\00.- Proyectos\01.- Autopista Vespucio Norte\PipeComponent\PipeComponent\HuellaCI\ValidadorHuella.cs:line 91
   at PipeComponent.PipeServer.WaitForConnectionCallBack(IAsyncResult iar) in E:\00.- Proyectos\01.- Autopista Vespucio Norte\PipeComponent\PipeComponent\PipeServer.cs:line 193
14:46:27.622,000,RES:NOK~El tiempo para esperar la lectura de la cédula ha expirado.
14:46:29.598,000,REQ:104~1~30
14:46:32.772,000,RES:OK~15.940.334-3
14:46:42.977,000,REQ:104~1~30
14:46:53.020,000,ERR:TPAuto.HuellaCI.Exceptions.CardTimeoutException: El tiempo para esperar la lectura de la cédula ha expirado.
   at TPAuto.HuellaCI.ValidadorHuella.ObtenerRut(Int32 commPort, Int32 timeout) in E:\00.- Proyectos\01.- Autopista Vespucio Norte\PipeComponent\PipeComponent\HuellaCI\ValidadorHuella.cs:line 91
   at PipeComponent.PipeServer.WaitForConnectionCallBack(IAsyncResult iar) in E:\00.- Proyectos\01.- Autopista Vespucio Norte\PipeComponent\PipeComponent\PipeServer.cs:line 193
14:46:53.020,000,RES:NOK~El tiempo para esperar la lectura de la cédula ha expirado.
14:46:56.361,000,REQ:104~1~30
14:47:00.837,000,RES:OK~17122588-4
14:47:00.915,000,REQ:105~1~30
14:47:03.989,000,RES:OK~Indice Derecho
14:47:04.083,000,REQ:106~1~30
14:47:09.318,000,ERR:TPAuto.HuellaCI.Exceptions.SmartCardException: SCardTransmit error: -2146434967
   at TPAuto.HuellaCI.SmartCard.Transmit(Byte[] apduCmd) in E:\00.- Proyectos\01.- Autopista Vespucio Norte\PipeComponent\PipeComponent\HuellaCI\SmartCard.cs:line 156
   at TPAuto.HuellaCI.ValidadorCedulaNueva.HuellaEsValida(Byte[] huella) in E:\00.- Proyectos\01.- Autopista Vespucio Norte\PipeComponent\PipeComponent\HuellaCI\ValidadorCedulaNueva.cs:line 37
   at TPAuto.HuellaCI.ValidadorHuella.ValidarHuella(String readerName, Int32 timeout) in E:\00.- Proyectos\01.- Autopista Vespucio Norte\PipeComponent\PipeComponent\HuellaCI\ValidadorHuella.cs:line 285
   at PipeComponent.PipeServer.WaitForConnectionCallBack(IAsyncResult iar) in E:\00.- Proyectos\01.- Autopista Vespucio Norte\PipeComponent\PipeComponent\PipeServer.cs:line 217
14:47:09.318,000,RES:NOK~SCardTransmit error: -2146434967
14:48:08.876,000,REQ:104~1~30
14:48:16.203,000,RES:OK~17122588-4
14:48:16.306,000,REQ:105~1~30
14:48:16.791,000,RES:OK~Indice Derecho
14:48:16.901,000,REQ:106~1~30
14:48:20.857,000,RES:OK~True
14:48:33.389,000,REQ:104~1~30
14:48:33.724,000,RES:OK~17122588-4
14:48:33.802,000,REQ:105~1~30
14:48:33.860,000,RES:OK~Indice Derecho
14:48:33.962,000,REQ:106~1~30
14:48:36.534,000,RES:OK~False
14:49:00.027,000,REQ:104~1~30
14:49:00.350,000,RES:OK~17122588-4
14:49:00.450,000,REQ:105~1~30
14:49:00.502,000,RES:OK~Indice Derecho
14:49:00.610,000,REQ:106~1~30
14:49:04.549,000,RES:OK~False
14:49:22.274,000,REQ:104~1~30
14:49:22.916,000,RES:OK~17122588-4
14:49:23.010,000,REQ:105~1~30
14:49:23.075,000,RES:OK~Indice Derecho
14:49:23.170,000,REQ:106~1~30
14:49:26.474,000,RES:OK~False
14:49:43.910,000,REQ:104~1~30
14:49:44.017,000,RES:OK~17122588-4
14:49:44.124,000,REQ:105~1~30
14:49:44.177,000,RES:OK~Indice Derecho
14:49:44.249,000,REQ:106~1~30
14:49:50.654,000,RES:OK~True
14:51:45.201,000,REQ:104~1~30
14:51:47.476,000,RES:OK~15.940.334-3
14:51:47.590,000,REQ:105~1~30
14:51:47.605,000,RES:OK~Pulgar Derecho
14:51:47.675,000,REQ:106~1~30
14:51:50.858,000,RES:OK~True
14:52:03.827,000,REQ:104~1~30
14:52:04.162,000,RES:OK~15.940.334-3
14:52:04.258,000,REQ:105~1~30
14:52:04.267,000,RES:OK~Pulgar Derecho
14:52:04.327,000,REQ:106~1~30
14:52:07.535,000,RES:OK~True
14:52:20.776,000,REQ:104~1~30
14:52:21.449,000,RES:OK~15.940.334-3
14:52:21.551,000,REQ:105~1~30
14:52:21.552,000,RES:OK~Pulgar Derecho
14:52:21.634,000,REQ:106~1~30
14:52:24.327,000,RES:OK~True
14:52:39.819,000,REQ:104~1~30
14:52:42.230,000,RES:OK~17122588-4
14:52:42.329,000,REQ:105~1~30
14:52:42.818,000,RES:OK~Indice Derecho
14:52:42.930,000,REQ:106~1~30
14:52:45.135,000,RES:OK~True
14:52:54.716,000,REQ:104~1~30
14:52:56.354,000,RES:OK~17122588-4
14:52:56.473,000,REQ:105~1~30
14:52:56.959,000,RES:OK~Indice Derecho
14:52:57.053,000,REQ:106~1~30
14:52:58.911,000,RES:OK~True
14:53:14.412,000,REQ:104~1~30
14:53:17.147,000,RES:OK~17122588-4
14:53:17.251,000,REQ:105~1~30
14:53:17.750,000,RES:OK~Indice Derecho
14:53:17.858,000,REQ:106~1~30
14:53:19.722,000,RES:OK~True

15:44:21.703,000,INI:Servicio alex PipeComponent v1.0.0.1 Generado el 29-08-2017 14:42:28
15:44:21.734,000,IOP:
15:44:21.749,000,REQ:104~1~30
15:44:21.765,000,ERR:System.NullReferenceException: Object reference not set to an instance of an object.
   at PipeComponent.PipeServer.WaitForConnectionCallBack(IAsyncResult iar) in E:\00.- Proyectos\01.- Autopista Vespucio Norte\PipeComponent\PipeComponent\PipeServer.cs:line 193
15:44:21.765,000,RES:NOK~Object reference not set to an instance of an object.
15:44:36.506,000,REQ:104~1~30
15:44:39.896,000,RES:OK~17122588-4
15:44:39.990,000,REQ:105~1~30
15:44:40.490,000,RES:OK~Indice Derecho
15:44:40.584,000,REQ:106~1~30
15:44:43.959,000,RES:OK~True
