
12:32:39.643,000,INI:Servicio alex PipeComponent v1.0.0.1 Generado el 27-06-2017 14:25:31
12:32:39.755,000,IOP:
12:41:18.206,000,REQ:101~pdf~http://172.20.3.96:8080/Facturacion/webservices/ConsultaPDF.jsp?t=41&f=32630764&e=96992030&r=1,32630764
12:41:39.350,000,ERR:System.Net.WebException: No es posible conectar con el servidor remoto ---> System.Net.Sockets.SocketException: Se produjo un error durante el intento de conexión ya que la parte conectada no respondió adecuadamente tras un periodo de tiempo, o bien se produjo un error en la conexión establecida ya que el host conectado no ha podido responder 172.20.3.96:8080
   en System.Net.Sockets.Socket.DoConnect(EndPoint endPointSnapshot, SocketAddress socketAddress)
   en System.Net.ServicePoint.ConnectSocketInternal(Boolean connectFailure, Socket s4, Socket s6, Socket& socket, IPAddress& address, ConnectSocketState state, IAsyncResult asyncResult, Exception& exception)
   --- Fin del seguimiento de la pila de la excepción interna ---
   en System.Net.WebClient.DownloadFile(Uri address, String fileName)
   en System.Net.WebClient.DownloadFile(String address, String fileName)
   en PipeComponent.Peripherals.LaserPrinter.imprimir(String doc) en E:\00.- Proyectos\01.- Autopista Vespucio Norte\PipeComponent\PipeComponent\Peripherals\LaserPrinter.cs:línea 106
12:41:39.352,000,RES:OK~32630764
13:06:47.704,000,REQ:101~pdf~http://172.20.3.96:8080/Facturacion/webservices/ConsultaPDF.jsp?t=39&f=5220750&e=96992030&r=1,5220750
13:07:25.305,000,ERR:System.Net.WebException: No es posible conectar con el servidor remoto ---> System.Net.Sockets.SocketException: Se produjo un error durante el intento de conexión ya que la parte conectada no respondió adecuadamente tras un periodo de tiempo, o bien se produjo un error en la conexión establecida ya que el host conectado no ha podido responder 172.20.3.96:8080
   en System.Net.Sockets.Socket.DoConnect(EndPoint endPointSnapshot, SocketAddress socketAddress)
   en System.Net.ServicePoint.ConnectSocketInternal(Boolean connectFailure, Socket s4, Socket s6, Socket& socket, IPAddress& address, ConnectSocketState state, IAsyncResult asyncResult, Exception& exception)
   --- Fin del seguimiento de la pila de la excepción interna ---
   en System.Net.WebClient.DownloadFile(Uri address, String fileName)
   en System.Net.WebClient.DownloadFile(String address, String fileName)
   en PipeComponent.Peripherals.LaserPrinter.imprimir(String doc) en E:\00.- Proyectos\01.- Autopista Vespucio Norte\PipeComponent\PipeComponent\Peripherals\LaserPrinter.cs:línea 106
13:07:35.874,000,RES:OK~5220750
13:23:51.828,000,REQ:101~pdf~http://172.20.3.96:8080/Facturacion/webservices/ConsultaPDF.jsp?t=39&f=5220750&e=96992030&r=1,5220750
13:24:15.812,000,ERR:System.Net.WebException: No es posible conectar con el servidor remoto ---> System.Net.Sockets.SocketException: Se produjo un error durante el intento de conexión ya que la parte conectada no respondió adecuadamente tras un periodo de tiempo, o bien se produjo un error en la conexión establecida ya que el host conectado no ha podido responder 172.20.3.96:8080
   en System.Net.Sockets.Socket.DoConnect(EndPoint endPointSnapshot, SocketAddress socketAddress)
   en System.Net.ServicePoint.ConnectSocketInternal(Boolean connectFailure, Socket s4, Socket s6, Socket& socket, IPAddress& address, ConnectSocketState state, IAsyncResult asyncResult, Exception& exception)
   --- Fin del seguimiento de la pila de la excepción interna ---
   en System.Net.WebClient.DownloadFile(Uri address, String fileName)
   en System.Net.WebClient.DownloadFile(String address, String fileName)
   en PipeComponent.Peripherals.LaserPrinter.imprimir(String doc) en E:\00.- Proyectos\01.- Autopista Vespucio Norte\PipeComponent\PipeComponent\Peripherals\LaserPrinter.cs:línea 106
13:24:15.812,000,RES:OK~5220750
13:25:46.661,000,REQ:101~pdf~http://172.20.3.96:8080/Facturacion/webservices/ConsultaPDF.jsp?t=39&f=5220750&e=96992030&r=1,5220750;http://172.20.3.96:8080/Facturacion/webservices/ConsultaPDF.jsp?t=39&f=5096627&e=96992030&r=1,5096627
13:26:14.714,000,ERR:System.Net.WebException: No es posible conectar con el servidor remoto ---> System.Net.Sockets.SocketException: Se produjo un error durante el intento de conexión ya que la parte conectada no respondió adecuadamente tras un periodo de tiempo, o bien se produjo un error en la conexión establecida ya que el host conectado no ha podido responder 172.20.3.96:8080
   en System.Net.Sockets.Socket.DoConnect(EndPoint endPointSnapshot, SocketAddress socketAddress)
   en System.Net.ServicePoint.ConnectSocketInternal(Boolean connectFailure, Socket s4, Socket s6, Socket& socket, IPAddress& address, ConnectSocketState state, IAsyncResult asyncResult, Exception& exception)
   --- Fin del seguimiento de la pila de la excepción interna ---
   en System.Net.WebClient.DownloadFile(Uri address, String fileName)
   en System.Net.WebClient.DownloadFile(String address, String fileName)
   en PipeComponent.Peripherals.LaserPrinter.imprimir(String doc) en E:\00.- Proyectos\01.- Autopista Vespucio Norte\PipeComponent\PipeComponent\Peripherals\LaserPrinter.cs:línea 106

14:53:35.770,000,INI:Servicio alex PipeComponent v1.0.0.1 Generado el 27-06-2017 14:25:31
14:53:35.947,000,IOP:
14:53:50.531,000,REQ:101~pdf~http://172.20.3.96:8080/Facturacion/webservices/ConsultaPDF.jsp?t=39&f=5220750&e=96992030&r=1,5220750
14:56:05.637,000,ERR:System.Net.WebException: No es posible conectar con el servidor remoto ---> System.Net.Sockets.SocketException: Se produjo un error durante el intento de conexión ya que la parte conectada no respondió adecuadamente tras un periodo de tiempo, o bien se produjo un error en la conexión establecida ya que el host conectado no ha podido responder 172.20.3.96:8080
   en System.Net.Sockets.Socket.DoConnect(EndPoint endPointSnapshot, SocketAddress socketAddress)
   en System.Net.ServicePoint.ConnectSocketInternal(Boolean connectFailure, Socket s4, Socket s6, Socket& socket, IPAddress& address, ConnectSocketState state, IAsyncResult asyncResult, Exception& exception)
   --- Fin del seguimiento de la pila de la excepción interna ---
   en System.Net.WebClient.DownloadFile(Uri address, String fileName)
   en System.Net.WebClient.DownloadFile(String address, String fileName)
   en PipeComponent.Peripherals.LaserPrinter.imprimir(String doc) en E:\00.- Proyectos\01.- Autopista Vespucio Norte\PipeComponent\PipeComponent\Peripherals\LaserPrinter.cs:línea 106
15:50:36.631,000,RES:OK~5220750
15:51:09.714,000,REQ:101~pdf~http://172.20.3.96:8080/Facturacion/webservices/ConsultaPDF.jsp?t=39&f=5096627&e=96992030&r=1,5096627
15:51:30.812,000,ERR:System.Net.WebException: No es posible conectar con el servidor remoto ---> System.Net.Sockets.SocketException: Se produjo un error durante el intento de conexión ya que la parte conectada no respondió adecuadamente tras un periodo de tiempo, o bien se produjo un error en la conexión establecida ya que el host conectado no ha podido responder 172.20.3.96:8080
   en System.Net.Sockets.Socket.DoConnect(EndPoint endPointSnapshot, SocketAddress socketAddress)
   en System.Net.ServicePoint.ConnectSocketInternal(Boolean connectFailure, Socket s4, Socket s6, Socket& socket, IPAddress& address, ConnectSocketState state, IAsyncResult asyncResult, Exception& exception)
   --- Fin del seguimiento de la pila de la excepción interna ---
   en System.Net.WebClient.DownloadFile(Uri address, String fileName)
   en System.Net.WebClient.DownloadFile(String address, String fileName)
   en PipeComponent.Peripherals.LaserPrinter.imprimir(String doc) en E:\00.- Proyectos\01.- Autopista Vespucio Norte\PipeComponent\PipeComponent\Peripherals\LaserPrinter.cs:línea 106
15:51:30.814,000,RES:OK~5096627
15:51:50.870,000,REQ:101~pdf~http://172.20.3.96:8080/Facturacion/webservices/ConsultaPDF.jsp?t=39&f=4980422&e=96992030&r=1,4980422
15:52:11.902,000,ERR:System.Net.WebException: No es posible conectar con el servidor remoto ---> System.Net.Sockets.SocketException: Se produjo un error durante el intento de conexión ya que la parte conectada no respondió adecuadamente tras un periodo de tiempo, o bien se produjo un error en la conexión establecida ya que el host conectado no ha podido responder 172.20.3.96:8080
   en System.Net.Sockets.Socket.DoConnect(EndPoint endPointSnapshot, SocketAddress socketAddress)
   en System.Net.ServicePoint.ConnectSocketInternal(Boolean connectFailure, Socket s4, Socket s6, Socket& socket, IPAddress& address, ConnectSocketState state, IAsyncResult asyncResult, Exception& exception)
   --- Fin del seguimiento de la pila de la excepción interna ---
   en System.Net.WebClient.DownloadFile(Uri address, String fileName)
   en System.Net.WebClient.DownloadFile(String address, String fileName)
   en PipeComponent.Peripherals.LaserPrinter.imprimir(String doc) en E:\00.- Proyectos\01.- Autopista Vespucio Norte\PipeComponent\PipeComponent\Peripherals\LaserPrinter.cs:línea 106
15:52:11.904,000,RES:OK~4980422
15:54:24.036,000,REQ:101~pdf~http://172.20.3.96:8080/Facturacion/webservices/ConsultaPDF.jsp?t=39&f=5220750&e=96992030&r=1,5220750
15:54:45.088,000,ERR:System.Net.WebException: No es posible conectar con el servidor remoto ---> System.Net.Sockets.SocketException: Se produjo un error durante el intento de conexión ya que la parte conectada no respondió adecuadamente tras un periodo de tiempo, o bien se produjo un error en la conexión establecida ya que el host conectado no ha podido responder 172.20.3.96:8080
   en System.Net.Sockets.Socket.DoConnect(EndPoint endPointSnapshot, SocketAddress socketAddress)
   en System.Net.ServicePoint.ConnectSocketInternal(Boolean connectFailure, Socket s4, Socket s6, Socket& socket, IPAddress& address, ConnectSocketState state, IAsyncResult asyncResult, Exception& exception)
   --- Fin del seguimiento de la pila de la excepción interna ---
   en System.Net.WebClient.DownloadFile(Uri address, String fileName)
   en System.Net.WebClient.DownloadFile(String address, String fileName)
   en PipeComponent.Peripherals.LaserPrinter.imprimir(String doc) en E:\00.- Proyectos\01.- Autopista Vespucio Norte\PipeComponent\PipeComponent\Peripherals\LaserPrinter.cs:línea 106
15:54:45.091,000,RES:OK~5220750
16:41:07.841,000,REQ:101~pdf~http://172.20.3.96:8080/Facturacion/webservices/ConsultaPDF.jsp?t=39&f=5096627&e=96992030&r=1,5096627
16:41:28.878,000,ERR:System.Net.WebException: No es posible conectar con el servidor remoto ---> System.Net.Sockets.SocketException: Se produjo un error durante el intento de conexión ya que la parte conectada no respondió adecuadamente tras un periodo de tiempo, o bien se produjo un error en la conexión establecida ya que el host conectado no ha podido responder 172.20.3.96:8080
   en System.Net.Sockets.Socket.DoConnect(EndPoint endPointSnapshot, SocketAddress socketAddress)
   en System.Net.ServicePoint.ConnectSocketInternal(Boolean connectFailure, Socket s4, Socket s6, Socket& socket, IPAddress& address, ConnectSocketState state, IAsyncResult asyncResult, Exception& exception)
   --- Fin del seguimiento de la pila de la excepción interna ---
   en System.Net.WebClient.DownloadFile(Uri address, String fileName)
   en System.Net.WebClient.DownloadFile(String address, String fileName)
   en PipeComponent.Peripherals.LaserPrinter.imprimir(String doc) en E:\00.- Proyectos\01.- Autopista Vespucio Norte\PipeComponent\PipeComponent\Peripherals\LaserPrinter.cs:línea 106
16:41:28.881,000,RES:OK~5096627
16:41:29.026,000,REQ:101~pdf~http://172.20.3.96:8080/Facturacion/webservices/ConsultaPDF.jsp?t=39&f=4980422&e=96992030&r=1,4980422
16:41:50.048,000,ERR:System.Net.WebException: No es posible conectar con el servidor remoto ---> System.Net.Sockets.SocketException: Se produjo un error durante el intento de conexión ya que la parte conectada no respondió adecuadamente tras un periodo de tiempo, o bien se produjo un error en la conexión establecida ya que el host conectado no ha podido responder 172.20.3.96:8080
   en System.Net.Sockets.Socket.DoConnect(EndPoint endPointSnapshot, SocketAddress socketAddress)
   en System.Net.ServicePoint.ConnectSocketInternal(Boolean connectFailure, Socket s4, Socket s6, Socket& socket, IPAddress& address, ConnectSocketState state, IAsyncResult asyncResult, Exception& exception)
   --- Fin del seguimiento de la pila de la excepción interna ---
   en System.Net.WebClient.DownloadFile(Uri address, String fileName)
   en System.Net.WebClient.DownloadFile(String address, String fileName)
   en PipeComponent.Peripherals.LaserPrinter.imprimir(String doc) en E:\00.- Proyectos\01.- Autopista Vespucio Norte\PipeComponent\PipeComponent\Peripherals\LaserPrinter.cs:línea 106
16:41:50.049,000,RES:OK~4980422
16:48:26.813,000,REQ:101~pdf~http://172.20.3.96:8080/Facturacion/webservices/ConsultaPDF.jsp?t=39&f=5220750&e=96992030&r=1,5220750
16:48:47.854,000,ERR:System.Net.WebException: No es posible conectar con el servidor remoto ---> System.Net.Sockets.SocketException: Se produjo un error durante el intento de conexión ya que la parte conectada no respondió adecuadamente tras un periodo de tiempo, o bien se produjo un error en la conexión establecida ya que el host conectado no ha podido responder 172.20.3.96:8080
   en System.Net.Sockets.Socket.DoConnect(EndPoint endPointSnapshot, SocketAddress socketAddress)
   en System.Net.ServicePoint.ConnectSocketInternal(Boolean connectFailure, Socket s4, Socket s6, Socket& socket, IPAddress& address, ConnectSocketState state, IAsyncResult asyncResult, Exception& exception)
   --- Fin del seguimiento de la pila de la excepción interna ---
   en System.Net.WebClient.DownloadFile(Uri address, String fileName)
   en System.Net.WebClient.DownloadFile(String address, String fileName)
   en PipeComponent.Peripherals.LaserPrinter.imprimir(String doc) en E:\00.- Proyectos\01.- Autopista Vespucio Norte\PipeComponent\PipeComponent\Peripherals\LaserPrinter.cs:línea 106
16:48:47.857,000,RES:OK~5220750
16:48:48.027,000,REQ:101~pdf~http://172.20.3.96:8080/Facturacion/webservices/ConsultaPDF.jsp?t=39&f=5096627&e=96992030&r=1,5096627
16:49:09.042,000,ERR:System.Net.WebException: No es posible conectar con el servidor remoto ---> System.Net.Sockets.SocketException: Se produjo un error durante el intento de conexión ya que la parte conectada no respondió adecuadamente tras un periodo de tiempo, o bien se produjo un error en la conexión establecida ya que el host conectado no ha podido responder 172.20.3.96:8080
   en System.Net.Sockets.Socket.DoConnect(EndPoint endPointSnapshot, SocketAddress socketAddress)
   en System.Net.ServicePoint.ConnectSocketInternal(Boolean connectFailure, Socket s4, Socket s6, Socket& socket, IPAddress& address, ConnectSocketState state, IAsyncResult asyncResult, Exception& exception)
   --- Fin del seguimiento de la pila de la excepción interna ---
   en System.Net.WebClient.DownloadFile(Uri address, String fileName)
   en System.Net.WebClient.DownloadFile(String address, String fileName)
   en PipeComponent.Peripherals.LaserPrinter.imprimir(String doc) en E:\00.- Proyectos\01.- Autopista Vespucio Norte\PipeComponent\PipeComponent\Peripherals\LaserPrinter.cs:línea 106
16:49:09.043,000,RES:OK~5096627
16:49:09.180,000,REQ:101~pdf~http://172.20.3.96:8080/Facturacion/webservices/ConsultaPDF.jsp?t=39&f=4980422&e=96992030&r=1,4980422

16:52:45.322,000,INI:Servicio alex PipeComponent v1.0.0.1 Generado el 28-06-2017 16:52:44
16:52:45.427,000,IOP:
16:53:05.091,000,REQ:101~pdf~http://172.20.3.96:8080/Facturacion/webservices/ConsultaPDF.jsp?t=39&f=5220750&e=96992030&r=1,5220750
16:53:26.256,000,ERR:System.Net.WebException: No es posible conectar con el servidor remoto ---> System.Net.Sockets.SocketException: Se produjo un error durante el intento de conexión ya que la parte conectada no respondió adecuadamente tras un periodo de tiempo, o bien se produjo un error en la conexión establecida ya que el host conectado no ha podido responder 172.20.3.96:8080
   en System.Net.Sockets.Socket.DoConnect(EndPoint endPointSnapshot, SocketAddress socketAddress)
   en System.Net.ServicePoint.ConnectSocketInternal(Boolean connectFailure, Socket s4, Socket s6, Socket& socket, IPAddress& address, ConnectSocketState state, IAsyncResult asyncResult, Exception& exception)
   --- Fin del seguimiento de la pila de la excepción interna ---
   en System.Net.WebClient.DownloadFile(Uri address, String fileName)
   en System.Net.WebClient.DownloadFile(String address, String fileName)
   en PipeComponent.Peripherals.LaserPrinter.imprimir(String doc) en E:\00.- Proyectos\01.- Autopista Vespucio Norte\PipeComponent\PipeComponent\Peripherals\LaserPrinter.cs:línea 106
16:53:26.259,000,RES:OK~5220750
16:53:26.419,000,REQ:101~pdf~http://172.20.3.96:8080/Facturacion/webservices/ConsultaPDF.jsp?t=39&f=5096627&e=96992030&r=1,5096627
16:53:47.427,000,ERR:System.Net.WebException: No es posible conectar con el servidor remoto ---> System.Net.Sockets.SocketException: Se produjo un error durante el intento de conexión ya que la parte conectada no respondió adecuadamente tras un periodo de tiempo, o bien se produjo un error en la conexión establecida ya que el host conectado no ha podido responder 172.20.3.96:8080
   en System.Net.Sockets.Socket.DoConnect(EndPoint endPointSnapshot, SocketAddress socketAddress)
   en System.Net.ServicePoint.ConnectSocketInternal(Boolean connectFailure, Socket s4, Socket s6, Socket& socket, IPAddress& address, ConnectSocketState state, IAsyncResult asyncResult, Exception& exception)
   --- Fin del seguimiento de la pila de la excepción interna ---
   en System.Net.WebClient.DownloadFile(Uri address, String fileName)
   en System.Net.WebClient.DownloadFile(String address, String fileName)
   en PipeComponent.Peripherals.LaserPrinter.imprimir(String doc) en E:\00.- Proyectos\01.- Autopista Vespucio Norte\PipeComponent\PipeComponent\Peripherals\LaserPrinter.cs:línea 106
16:53:47.427,000,RES:OK~5096627
16:53:47.549,000,REQ:101~pdf~http://172.20.3.96:8080/Facturacion/webservices/ConsultaPDF.jsp?t=39&f=4980422&e=96992030&r=1,4980422
16:54:08.586,000,ERR:System.Net.WebException: No es posible conectar con el servidor remoto ---> System.Net.Sockets.SocketException: Se produjo un error durante el intento de conexión ya que la parte conectada no respondió adecuadamente tras un periodo de tiempo, o bien se produjo un error en la conexión establecida ya que el host conectado no ha podido responder 172.20.3.96:8080
   en System.Net.Sockets.Socket.DoConnect(EndPoint endPointSnapshot, SocketAddress socketAddress)
   en System.Net.ServicePoint.ConnectSocketInternal(Boolean connectFailure, Socket s4, Socket s6, Socket& socket, IPAddress& address, ConnectSocketState state, IAsyncResult asyncResult, Exception& exception)
   --- Fin del seguimiento de la pila de la excepción interna ---
   en System.Net.WebClient.DownloadFile(Uri address, String fileName)
   en System.Net.WebClient.DownloadFile(String address, String fileName)
   en PipeComponent.Peripherals.LaserPrinter.imprimir(String doc) en E:\00.- Proyectos\01.- Autopista Vespucio Norte\PipeComponent\PipeComponent\Peripherals\LaserPrinter.cs:línea 106
16:54:08.588,000,RES:OK~4980422
17:08:25.366,000,REQ:101~pdf~http://172.20.3.96:8080/Facturacion/webservices/ConsultaPDF.jsp?t=39&f=5220750&e=96992030&r=1,5220750
17:08:46.513,000,ERR:System.Net.WebException: No es posible conectar con el servidor remoto ---> System.Net.Sockets.SocketException: Se produjo un error durante el intento de conexión ya que la parte conectada no respondió adecuadamente tras un periodo de tiempo, o bien se produjo un error en la conexión establecida ya que el host conectado no ha podido responder 172.20.3.96:8080
   en System.Net.Sockets.Socket.DoConnect(EndPoint endPointSnapshot, SocketAddress socketAddress)
   en System.Net.ServicePoint.ConnectSocketInternal(Boolean connectFailure, Socket s4, Socket s6, Socket& socket, IPAddress& address, ConnectSocketState state, IAsyncResult asyncResult, Exception& exception)
   --- Fin del seguimiento de la pila de la excepción interna ---
   en System.Net.WebClient.DownloadFile(Uri address, String fileName)
   en System.Net.WebClient.DownloadFile(String address, String fileName)
   en PipeComponent.Peripherals.LaserPrinter.imprimir(String doc) en E:\00.- Proyectos\01.- Autopista Vespucio Norte\PipeComponent\PipeComponent\Peripherals\LaserPrinter.cs:línea 106
17:08:46.516,000,RES:OK~5220750
17:08:46.660,000,REQ:101~pdf~http://172.20.3.96:8080/Facturacion/webservices/ConsultaPDF.jsp?t=39&f=5096627&e=96992030&r=1,5096627
17:09:07.693,000,ERR:System.Net.WebException: No es posible conectar con el servidor remoto ---> System.Net.Sockets.SocketException: Se produjo un error durante el intento de conexión ya que la parte conectada no respondió adecuadamente tras un periodo de tiempo, o bien se produjo un error en la conexión establecida ya que el host conectado no ha podido responder 172.20.3.96:8080
   en System.Net.Sockets.Socket.DoConnect(EndPoint endPointSnapshot, SocketAddress socketAddress)
   en System.Net.ServicePoint.ConnectSocketInternal(Boolean connectFailure, Socket s4, Socket s6, Socket& socket, IPAddress& address, ConnectSocketState state, IAsyncResult asyncResult, Exception& exception)
   --- Fin del seguimiento de la pila de la excepción interna ---
   en System.Net.WebClient.DownloadFile(Uri address, String fileName)
   en System.Net.WebClient.DownloadFile(String address, String fileName)
   en PipeComponent.Peripherals.LaserPrinter.imprimir(String doc) en E:\00.- Proyectos\01.- Autopista Vespucio Norte\PipeComponent\PipeComponent\Peripherals\LaserPrinter.cs:línea 106
17:09:07.694,000,RES:OK~5096627
17:09:07.826,000,REQ:101~pdf~http://172.20.3.96:8080/Facturacion/webservices/ConsultaPDF.jsp?t=39&f=4980422&e=96992030&r=1,4980422
17:09:28.883,000,ERR:System.Net.WebException: No es posible conectar con el servidor remoto ---> System.Net.Sockets.SocketException: Se produjo un error durante el intento de conexión ya que la parte conectada no respondió adecuadamente tras un periodo de tiempo, o bien se produjo un error en la conexión establecida ya que el host conectado no ha podido responder 172.20.3.96:8080
   en System.Net.Sockets.Socket.DoConnect(EndPoint endPointSnapshot, SocketAddress socketAddress)
   en System.Net.ServicePoint.ConnectSocketInternal(Boolean connectFailure, Socket s4, Socket s6, Socket& socket, IPAddress& address, ConnectSocketState state, IAsyncResult asyncResult, Exception& exception)
   --- Fin del seguimiento de la pila de la excepción interna ---
   en System.Net.WebClient.DownloadFile(Uri address, String fileName)
   en System.Net.WebClient.DownloadFile(String address, String fileName)
   en PipeComponent.Peripherals.LaserPrinter.imprimir(String doc) en E:\00.- Proyectos\01.- Autopista Vespucio Norte\PipeComponent\PipeComponent\Peripherals\LaserPrinter.cs:línea 106
17:09:28.884,000,RES:OK~4980422
17:19:58.319,000,REQ:101~pdf~http://172.20.3.96:8080/Facturacion/webservices/ConsultaPDF.jsp?t=39&f=5220750&e=96992030&r=1,5220750
17:20:19.474,000,ERR:System.Net.WebException: No es posible conectar con el servidor remoto ---> System.Net.Sockets.SocketException: Se produjo un error durante el intento de conexión ya que la parte conectada no respondió adecuadamente tras un periodo de tiempo, o bien se produjo un error en la conexión establecida ya que el host conectado no ha podido responder 172.20.3.96:8080
   en System.Net.Sockets.Socket.DoConnect(EndPoint endPointSnapshot, SocketAddress socketAddress)
   en System.Net.ServicePoint.ConnectSocketInternal(Boolean connectFailure, Socket s4, Socket s6, Socket& socket, IPAddress& address, ConnectSocketState state, IAsyncResult asyncResult, Exception& exception)
   --- Fin del seguimiento de la pila de la excepción interna ---
   en System.Net.WebClient.DownloadFile(Uri address, String fileName)
   en System.Net.WebClient.DownloadFile(String address, String fileName)
   en PipeComponent.Peripherals.LaserPrinter.imprimir(String doc) en E:\00.- Proyectos\01.- Autopista Vespucio Norte\PipeComponent\PipeComponent\Peripherals\LaserPrinter.cs:línea 106
17:20:19.478,000,RES:OK~5220750
17:20:19.619,000,REQ:101~pdf~http://172.20.3.96:8080/Facturacion/webservices/ConsultaPDF.jsp?t=39&f=5096627&e=96992030&r=1,5096627
17:20:40.667,000,ERR:System.Net.WebException: No es posible conectar con el servidor remoto ---> System.Net.Sockets.SocketException: Se produjo un error durante el intento de conexión ya que la parte conectada no respondió adecuadamente tras un periodo de tiempo, o bien se produjo un error en la conexión establecida ya que el host conectado no ha podido responder 172.20.3.96:8080
   en System.Net.Sockets.Socket.DoConnect(EndPoint endPointSnapshot, SocketAddress socketAddress)
   en System.Net.ServicePoint.ConnectSocketInternal(Boolean connectFailure, Socket s4, Socket s6, Socket& socket, IPAddress& address, ConnectSocketState state, IAsyncResult asyncResult, Exception& exception)
   --- Fin del seguimiento de la pila de la excepción interna ---
   en System.Net.WebClient.DownloadFile(Uri address, String fileName)
   en System.Net.WebClient.DownloadFile(String address, String fileName)
   en PipeComponent.Peripherals.LaserPrinter.imprimir(String doc) en E:\00.- Proyectos\01.- Autopista Vespucio Norte\PipeComponent\PipeComponent\Peripherals\LaserPrinter.cs:línea 106
17:20:40.668,000,RES:OK~5096627
17:20:40.803,000,REQ:101~pdf~http://172.20.3.96:8080/Facturacion/webservices/ConsultaPDF.jsp?t=39&f=4980422&e=96992030&r=1,4980422
17:21:01.841,000,ERR:System.Net.WebException: No es posible conectar con el servidor remoto ---> System.Net.Sockets.SocketException: Se produjo un error durante el intento de conexión ya que la parte conectada no respondió adecuadamente tras un periodo de tiempo, o bien se produjo un error en la conexión establecida ya que el host conectado no ha podido responder 172.20.3.96:8080
   en System.Net.Sockets.Socket.DoConnect(EndPoint endPointSnapshot, SocketAddress socketAddress)
   en System.Net.ServicePoint.ConnectSocketInternal(Boolean connectFailure, Socket s4, Socket s6, Socket& socket, IPAddress& address, ConnectSocketState state, IAsyncResult asyncResult, Exception& exception)
   --- Fin del seguimiento de la pila de la excepción interna ---
   en System.Net.WebClient.DownloadFile(Uri address, String fileName)
   en System.Net.WebClient.DownloadFile(String address, String fileName)
   en PipeComponent.Peripherals.LaserPrinter.imprimir(String doc) en E:\00.- Proyectos\01.- Autopista Vespucio Norte\PipeComponent\PipeComponent\Peripherals\LaserPrinter.cs:línea 106
17:21:01.842,000,RES:OK~4980422

17:59:11.172,000,INI:Servicio alex PipeComponent v1.0.0.1 Generado el 28-06-2017 16:52:44
17:59:11.360,000,IOP:
17:59:11.401,000,REQ:102~NII ExD NP-K3053~1101786790,800001310625,13-06-2017,25.674,0,PAOLA CAROLINA ROJAS
17:59:11.461,000,REQ:102~NII ExD NP-K3053~1101786790,800001310625,13-06-2017,25.674,0,PAOLA CAROLINA ROJAS
17:59:11.462,000,REQ:102~NII ExD NP-K3053~1101786790,800001310625,13-06-2017,25.674,0,PAOLA CAROLINA ROJAS
17:59:11.463,000,REQ:102~NII ExD NP-K3053~1101786790,800001310625,13-06-2017,25.674,0,PAOLA CAROLINA ROJAS
17:59:11.490,000,REQ:102~NII ExD NP-K3053~1101786790,800001310625,13-06-2017,25.674,0,PAOLA CAROLINA ROJAS
17:59:11.505,000,REQ:102~NII ExD NP-K3053~1101786790,800001310625,13-06-2017,25.674,0,PAOLA CAROLINA ROJAS
17:59:11.528,000,RES:OK~Voucher impreso
17:59:11.574,000,RES:OK~Voucher impreso
17:59:11.577,000,RES:OK~Voucher impreso
17:59:11.650,000,RES:OK~Voucher impreso
17:59:11.737,000,RES:OK~Voucher impreso
17:59:11.775,000,RES:OK~Voucher impreso
17:59:17.977,000,REQ:102~NII ExD NP-K3053~1101786790,800001310625,13-06-2017,25.674,0,PAOLA CAROLINA ROJAS
17:59:18.229,000,RES:OK~Voucher impreso
17:59:18.258,000,REQ:102~NII ExD NP-K3053~1101786790,800001310625,13-06-2017,25.674,0,PAOLA CAROLINA ROJAS
17:59:18.439,000,RES:OK~Voucher impreso
17:59:21.628,000,REQ:102~NII ExD NP-K3053~1101786790,800001310625,13-06-2017,25.674,0,PAOLA CAROLINA ROJAS
17:59:21.633,000,REQ:102~NII ExD NP-K3053~1101786790,800001310625,13-06-2017,25.674,0,PAOLA CAROLINA ROJAS
17:59:21.741,000,REQ:102~NII ExD NP-K3053~1101786790,800001310625,13-06-2017,25.674,0,PAOLA CAROLINA ROJAS
17:59:21.756,000,RES:OK~Voucher impreso
17:59:21.761,000,RES:OK~Voucher impreso
17:59:21.854,000,RES:OK~Voucher impreso
17:59:22.777,000,REQ:102~NII ExD NP-K3053~1101786790,800001310625,13-06-2017,25.674,0,PAOLA CAROLINA ROJAS
17:59:23.141,000,RES:OK~Voucher impreso

17:59:31.272,000,INI:Servicio alex PipeComponent v1.0.0.1 Generado el 28-06-2017 16:52:44
17:59:31.410,000,IOP:
18:00:04.401,000,REQ:102~NII ExD NP-K3053~1101786790,800001310625,13-06-2017,25.674,0,PAOLA CAROLINA ROJAS
18:00:04.520,000,RES:OK~Voucher impreso
18:00:48.565,000,REQ:102~NII ExD NP-K3053~1101786790,800001310625,13-06-2017,25.674,0,PAOLA CAROLINA ROJAS
18:00:48.677,000,RES:OK~Voucher impreso
18:06:34.865,000,REQ:102~NII ExD NP-K3053~1101786790,800001310625,13-06-2017,25.674,0,PAOLA CAROLINA ROJAS
18:06:34.990,000,RES:OK~Voucher impreso
18:19:52.612,000,REQ:102~NII ExD NP-K3053~1101786790,800001310625,13-06-2017,25.674,0,PAOLA CAROLINA ROJAS
18:19:52.741,000,RES:OK~Voucher impreso
18:20:50.814,000,REQ:102~NII ExD NP-K3053~1101786790,800001310625,13-06-2017,25.674,0,PAOLA CAROLINA ROJAS
18:20:51.058,000,RES:OK~Voucher impreso
18:23:37.958,000,REQ:102~NII ExD NP-K3053~1101786790,800001310625,13-06-2017,25.674,0,PAOLA CAROLINA ROJAS
18:23:38.072,000,RES:OK~Voucher impreso
18:23:43.854,000,REQ:102~NII ExD NP-K3053~1101786790,800001310625,13-06-2017,25.674,0,PAOLA CAROLINA ROJAS
18:23:43.965,000,RES:OK~Voucher impreso
18:31:40.048,000,REQ:102~NII ExD NP-K3053~1101786790,800001310625,13-06-2017,25.674,0,PAOLA CAROLINA ROJAS
18:31:40.189,000,RES:OK~Voucher impreso
18:37:20.576,000,REQ:104~1~30
18:37:20.617,000,ERR:System.IO.IOException: El puerto 'COM11' no existe.
   en System.IO.Ports.InternalResources.WinIOError(Int32 errorCode, String str)
   en System.IO.Ports.SerialStream..ctor(String portName, Int32 baudRate, Parity parity, Int32 dataBits, StopBits stopBits, Int32 readTimeout, Int32 writeTimeout, Handshake handshake, Boolean dtrEnable, Boolean rtsEnable, Boolean discardNull, Byte parityReplace)
   en System.IO.Ports.SerialPort.Open()
   en TPAuto.HuellaCI.ValidadorHuella.ObtenerRut(Int32 commPort, Int32 timeout) en E:\00.- Proyectos\01.- Autopista Vespucio Norte\PipeComponent\PipeComponent\HuellaCI\ValidadorHuella.cs:línea 78
   en PipeComponent.PipeServer.WaitForConnectionCallBack(IAsyncResult iar) en E:\00.- Proyectos\01.- Autopista Vespucio Norte\PipeComponent\PipeComponent\PipeServer.cs:línea 190
18:37:20.617,000,RES:NOK~El puerto 'COM11' no existe.
18:37:33.309,000,REQ:104~1~30
18:37:33.340,000,ERR:System.IO.IOException: El puerto 'COM11' no existe.
   en System.IO.Ports.InternalResources.WinIOError(Int32 errorCode, String str)
   en System.IO.Ports.SerialStream..ctor(String portName, Int32 baudRate, Parity parity, Int32 dataBits, StopBits stopBits, Int32 readTimeout, Int32 writeTimeout, Handshake handshake, Boolean dtrEnable, Boolean rtsEnable, Boolean discardNull, Byte parityReplace)
   en System.IO.Ports.SerialPort.Open()
   en TPAuto.HuellaCI.ValidadorHuella.ObtenerRut(Int32 commPort, Int32 timeout) en E:\00.- Proyectos\01.- Autopista Vespucio Norte\PipeComponent\PipeComponent\HuellaCI\ValidadorHuella.cs:línea 78
   en PipeComponent.PipeServer.WaitForConnectionCallBack(IAsyncResult iar) en E:\00.- Proyectos\01.- Autopista Vespucio Norte\PipeComponent\PipeComponent\PipeServer.cs:línea 190
18:37:33.341,000,RES:NOK~El puerto 'COM11' no existe.
18:37:34.825,000,REQ:104~1~30
18:37:34.831,000,ERR:System.IO.IOException: El puerto 'COM11' no existe.
   en System.IO.Ports.InternalResources.WinIOError(Int32 errorCode, String str)
   en System.IO.Ports.SerialStream..ctor(String portName, Int32 baudRate, Parity parity, Int32 dataBits, StopBits stopBits, Int32 readTimeout, Int32 writeTimeout, Handshake handshake, Boolean dtrEnable, Boolean rtsEnable, Boolean discardNull, Byte parityReplace)
   en System.IO.Ports.SerialPort.Open()
   en TPAuto.HuellaCI.ValidadorHuella.ObtenerRut(Int32 commPort, Int32 timeout) en E:\00.- Proyectos\01.- Autopista Vespucio Norte\PipeComponent\PipeComponent\HuellaCI\ValidadorHuella.cs:línea 78
   en PipeComponent.PipeServer.WaitForConnectionCallBack(IAsyncResult iar) en E:\00.- Proyectos\01.- Autopista Vespucio Norte\PipeComponent\PipeComponent\PipeServer.cs:línea 190
18:37:34.832,000,RES:NOK~El puerto 'COM11' no existe.
18:38:18.463,000,REQ:104~1~30
18:38:18.483,000,ERR:System.IO.IOException: El puerto 'COM11' no existe.
   en System.IO.Ports.InternalResources.WinIOError(Int32 errorCode, String str)
   en System.IO.Ports.SerialStream..ctor(String portName, Int32 baudRate, Parity parity, Int32 dataBits, StopBits stopBits, Int32 readTimeout, Int32 writeTimeout, Handshake handshake, Boolean dtrEnable, Boolean rtsEnable, Boolean discardNull, Byte parityReplace)
   en System.IO.Ports.SerialPort.Open()
   en TPAuto.HuellaCI.ValidadorHuella.ObtenerRut(Int32 commPort, Int32 timeout) en E:\00.- Proyectos\01.- Autopista Vespucio Norte\PipeComponent\PipeComponent\HuellaCI\ValidadorHuella.cs:línea 78
   en PipeComponent.PipeServer.WaitForConnectionCallBack(IAsyncResult iar) en E:\00.- Proyectos\01.- Autopista Vespucio Norte\PipeComponent\PipeComponent\PipeServer.cs:línea 190
18:38:18.486,000,RES:NOK~El puerto 'COM11' no existe.
18:38:19.353,000,REQ:104~1~30
18:38:19.358,000,ERR:System.IO.IOException: El puerto 'COM11' no existe.
   en System.IO.Ports.InternalResources.WinIOError(Int32 errorCode, String str)
   en System.IO.Ports.SerialStream..ctor(String portName, Int32 baudRate, Parity parity, Int32 dataBits, StopBits stopBits, Int32 readTimeout, Int32 writeTimeout, Handshake handshake, Boolean dtrEnable, Boolean rtsEnable, Boolean discardNull, Byte parityReplace)
   en System.IO.Ports.SerialPort.Open()
   en TPAuto.HuellaCI.ValidadorHuella.ObtenerRut(Int32 commPort, Int32 timeout) en E:\00.- Proyectos\01.- Autopista Vespucio Norte\PipeComponent\PipeComponent\HuellaCI\ValidadorHuella.cs:línea 78
   en PipeComponent.PipeServer.WaitForConnectionCallBack(IAsyncResult iar) en E:\00.- Proyectos\01.- Autopista Vespucio Norte\PipeComponent\PipeComponent\PipeServer.cs:línea 190
18:38:19.359,000,RES:NOK~El puerto 'COM11' no existe.
18:38:51.879,000,REQ:104~1~30
18:38:51.890,000,ERR:System.IO.IOException: El puerto 'COM11' no existe.
   en System.IO.Ports.InternalResources.WinIOError(Int32 errorCode, String str)
   en System.IO.Ports.SerialStream..ctor(String portName, Int32 baudRate, Parity parity, Int32 dataBits, StopBits stopBits, Int32 readTimeout, Int32 writeTimeout, Handshake handshake, Boolean dtrEnable, Boolean rtsEnable, Boolean discardNull, Byte parityReplace)
   en System.IO.Ports.SerialPort.Open()
   en TPAuto.HuellaCI.ValidadorHuella.ObtenerRut(Int32 commPort, Int32 timeout) en E:\00.- Proyectos\01.- Autopista Vespucio Norte\PipeComponent\PipeComponent\HuellaCI\ValidadorHuella.cs:línea 78
   en PipeComponent.PipeServer.WaitForConnectionCallBack(IAsyncResult iar) en E:\00.- Proyectos\01.- Autopista Vespucio Norte\PipeComponent\PipeComponent\PipeServer.cs:línea 190
18:38:51.896,000,RES:NOK~El puerto 'COM11' no existe.
18:42:21.745,000,REQ:101~pdf~http://172.20.3.96:8080/Facturacion/webservices/ConsultaPDF.jsp?t=41&f=32630764&e=96992030&r=1,32630764
18:42:22.174,000,ERR:System.Net.WebException: Error en el servidor remoto: (404) No se encontró.
   en System.Net.WebClient.DownloadFile(Uri address, String fileName)
   en System.Net.WebClient.DownloadFile(String address, String fileName)
   en PipeComponent.Peripherals.LaserPrinter.imprimir(String doc) en E:\00.- Proyectos\01.- Autopista Vespucio Norte\PipeComponent\PipeComponent\Peripherals\LaserPrinter.cs:línea 106
18:42:22.177,000,RES:OK~32630764

18:44:11.382,000,INI:Servicio alex PipeComponent v1.0.0.1 Generado el 28-06-2017 18:44:10
18:44:11.542,000,IOP:
18:44:29.544,000,REQ:101~pdf~http://172.20.3.96:8080/Facturacion/webservices/ConsultaPDF.jsp?t=41&f=32630764&e=96992030&r=1,32630764
18:44:29.732,000,ERR:System.Net.WebException: Error en el servidor remoto: (404) No se encontró.
   en System.Net.WebClient.DownloadFile(Uri address, String fileName)
   en System.Net.WebClient.DownloadFile(String address, String fileName)
   en PipeComponent.Peripherals.LaserPrinter.imprimir(String doc) en E:\00.- Proyectos\01.- Autopista Vespucio Norte\PipeComponent\PipeComponent\Peripherals\LaserPrinter.cs:línea 107
18:44:29.735,000,RES:OK~32630764
18:46:04.532,000,REQ:101~pdf~http://172.20.3.96:8080/Facturacion/webservices/ConsultaPDF.jsp?t=41&f=32630764&e=96992030&r=1,32630764
18:46:29.891,000,ERR:System.Net.WebException: Error en el servidor remoto: (404) No se encontró.
   en System.Net.WebClient.DownloadFile(Uri address, String fileName)
   en System.Net.WebClient.DownloadFile(String address, String fileName)
   en PipeComponent.Peripherals.LaserPrinter.imprimir(String doc) en E:\00.- Proyectos\01.- Autopista Vespucio Norte\PipeComponent\PipeComponent\Peripherals\LaserPrinter.cs:línea 107
18:46:29.903,000,RES:OK~32630764
18:47:38.709,000,REQ:101~pdf~http://172.20.3.96:8080/Facturacion/webservices/ConsultaPDF.jsp?t=41&f=32630764&e=96992030&r=1,32630764
18:48:27.256,000,ERR:System.Net.WebException: Error en el servidor remoto: (404) No se encontró.
   en System.Net.WebClient.DownloadFile(Uri address, String fileName)
   en System.Net.WebClient.DownloadFile(String address, String fileName)
   en PipeComponent.Peripherals.LaserPrinter.imprimir(String doc) en E:\00.- Proyectos\01.- Autopista Vespucio Norte\PipeComponent\PipeComponent\Peripherals\LaserPrinter.cs:línea 107
18:48:35.308,000,RES:OK~32630764
18:49:24.260,000,REQ:101~pdf~http://172.20.3.96:8080/Facturacion/webservices/ConsultaPDF.jsp?t=41&f=32630764&e=96992030&r=1,32630764
18:49:25.998,000,ERR:System.Net.WebException: Error en el servidor remoto: (404) No se encontró.
   en System.Net.WebClient.DownloadFile(Uri address, String fileName)
   en System.Net.WebClient.DownloadFile(String address, String fileName)
   en PipeComponent.Peripherals.LaserPrinter.imprimir(String doc) en E:\00.- Proyectos\01.- Autopista Vespucio Norte\PipeComponent\PipeComponent\Peripherals\LaserPrinter.cs:línea 107
18:49:26.003,000,RES:OK~32630764
18:50:41.748,000,REQ:101~pdf~http://172.20.3.96:8080/Facturacion/webservices/ConsultaPDF.jsp?t=41&f=32630764&e=96992030&r=1,32630764
18:50:42.852,000,ERR:System.Net.WebException: Error en el servidor remoto: (404) No se encontró.
   en System.Net.WebClient.DownloadFile(Uri address, String fileName)
   en System.Net.WebClient.DownloadFile(String address, String fileName)
   en PipeComponent.Peripherals.LaserPrinter.imprimir(String doc) en E:\00.- Proyectos\01.- Autopista Vespucio Norte\PipeComponent\PipeComponent\Peripherals\LaserPrinter.cs:línea 107
18:50:42.854,000,RES:OK~32630764
18:52:20.837,000,REQ:101~pdf~http://172.20.3.96:8080/Facturacion/webservices/ConsultaPDF.jsp?t=41&f=32630764&e=96992030&r=1,32630764
18:52:21.873,000,ERR:System.Net.WebException: Error en el servidor remoto: (404) No se encontró.
   en System.Net.WebClient.DownloadFile(Uri address, String fileName)
   en System.Net.WebClient.DownloadFile(String address, String fileName)
   en PipeComponent.Peripherals.LaserPrinter.imprimir(String doc) en E:\00.- Proyectos\01.- Autopista Vespucio Norte\PipeComponent\PipeComponent\Peripherals\LaserPrinter.cs:línea 107
18:52:21.875,000,RES:OK~32630764
18:54:07.384,000,REQ:101~pdf~http://172.20.3.96:8080/Facturacion/webservices/ConsultaPDF.jsp?t=41&f=32630764&e=96992030&r=1,32630764
18:54:07.463,000,ERR:System.Net.WebException: Error en el servidor remoto: (404) No se encontró.
   en System.Net.WebClient.DownloadFile(Uri address, String fileName)
   en System.Net.WebClient.DownloadFile(String address, String fileName)
   en PipeComponent.Peripherals.LaserPrinter.imprimir(String doc) en E:\00.- Proyectos\01.- Autopista Vespucio Norte\PipeComponent\PipeComponent\Peripherals\LaserPrinter.cs:línea 107
18:54:07.464,000,RES:OK~32630764
18:56:08.854,000,REQ:101~pdf~http://172.20.3.96:8080/Facturacion/webservices/ConsultaPDF.jsp?t=41&f=32630764&e=96992030&r=1,32630764
18:56:09.022,000,ERR:System.Net.WebException: Error en el servidor remoto: (404) No se encontró.
   en System.Net.WebClient.DownloadFile(Uri address, String fileName)
   en System.Net.WebClient.DownloadFile(String address, String fileName)
   en PipeComponent.Peripherals.LaserPrinter.imprimir(String doc) en E:\00.- Proyectos\01.- Autopista Vespucio Norte\PipeComponent\PipeComponent\Peripherals\LaserPrinter.cs:línea 107
18:56:09.022,000,RES:OK~32630764
18:57:08.280,000,REQ:101~pdf~http://172.20.3.96:8080/Facturacion/webservices/ConsultaPDF.jsp?t=39&f=5220750&e=96992030&r=1,5220750
18:57:37.078,000,RES:OK~
23:20:16.764,000,REQ:101~pdf~http://172.20.3.96:8080/Facturacion/webservices/ConsultaPDF.jsp?t=39&f=5220750&e=96992030&r=1,5220750
23:20:30.568,000,RES:OK~
23:30:22.007,000,REQ:101~pdf~http://172.20.3.96:8080/Facturacion/webservices/ConsultaPDF.jsp?t=39&f=5220750&e=96992030&r=1,5220750
23:30:24.072,000,RES:OK~
23:57:29.082,000,REQ:101~pdf~http://172.20.3.96:8080/Facturacion/webservices/ConsultaPDF.jsp?t=39&f=5220750&e=96992030&r=1,5220750
23:57:30.987,000,RES:OK~
23:59:04.043,000,REQ:101~pdf~http://172.20.3.96:8080/Facturacion/webservices/ConsultaPDF.jsp?t=39&f=4980422&e=96992030&r=1,4980422
23:59:07.106,000,RES:OK~
23:59:33.262,000,REQ:101~pdf~http://172.20.3.96:8080/Facturacion/webservices/ConsultaPDF.jsp?t=39&f=4980422&e=96992030&r=1,4980422
23:59:35.163,000,RES:OK~
