
09:00:36.124,000,INI:Servicio alex PipeComponent v1.0.0.1 Generado el 08-06-2017 09:00:33

09:01:33.994,000,INI:Servicio alex PipeComponent v1.0.0.1 Generado el 08-06-2017 09:00:33
09:01:34.129,000,IOP:
09:01:34.143,000,REQ:104~1~30
09:01:34.156,000,ERR:TPAuto.HuellaCI.Exceptions.InvalidLicenseException: El componente ID3 no se encuentra licenciado.
   at TPAuto.HuellaCI.ValidadorHuella.ObtenerRut(Int32 commPort, Int32 timeout) in E:\00.- Proyectos\01.- Autopista Vespucio Norte\PipeComponent\PipeComponent\HuellaCI\ValidadorHuella.cs:line 68
   at PipeComponent.PipeServer.WaitForConnectionCallBack(IAsyncResult iar) in E:\00.- Proyectos\01.- Autopista Vespucio Norte\PipeComponent\PipeComponent\PipeServer.cs:line 169
09:01:34.158,000,RES:NOK~El componente ID3 no se encuentra licenciado.
09:01:34.165,000,ERR:System.IO.IOException: Pipe is broken.
   at System.IO.Pipes.PipeStream.WinIOError(Int32 errorCode)
   at System.IO.Pipes.PipeStream.BeginWriteCore(Byte[] buffer, Int32 offset, Int32 count, AsyncCallback callback, Object state)
   at System.IO.Pipes.PipeStream.WriteCore(Byte[] buffer, Int32 offset, Int32 count)
   at System.IO.Pipes.PipeStream.Write(Byte[] buffer, Int32 offset, Int32 count)
   at PipeComponent.PipeServer.WaitForConnectionCallBack(IAsyncResult iar) in E:\00.- Proyectos\01.- Autopista Vespucio Norte\PipeComponent\PipeComponent\PipeServer.cs:line 197

09:02:38.039,000,INI:Servicio alex PipeComponent v1.0.0.1 Generado el 08-06-2017 09:00:33
09:02:38.170,000,IOP:

09:03:33.785,000,INI:Servicio alex PipeComponent v1.0.0.1 Generado el 08-06-2017 09:03:33
09:03:34.055,000,IOP:
09:03:52.011,000,REQ:104~1~30
09:04:22.071,000,ERR:TPAuto.HuellaCI.Exceptions.CardTimeoutException: El tiempo para esperar la lectura de la cédula ha expirado.
   at TPAuto.HuellaCI.ValidadorHuella.ObtenerRut(Int32 commPort, Int32 timeout) in E:\00.- Proyectos\01.- Autopista Vespucio Norte\PipeComponent\PipeComponent\HuellaCI\ValidadorHuella.cs:line 91
   at PipeComponent.PipeServer.WaitForConnectionCallBack(IAsyncResult iar) in E:\00.- Proyectos\01.- Autopista Vespucio Norte\PipeComponent\PipeComponent\PipeServer.cs:line 169
09:04:22.076,000,RES:NOK~El tiempo para esperar la lectura de la cédula ha expirado.
09:04:22.089,000,ERR:System.IO.IOException: Pipe is broken.
   at System.IO.Pipes.PipeStream.WinIOError(Int32 errorCode)
   at System.IO.Pipes.PipeStream.BeginWriteCore(Byte[] buffer, Int32 offset, Int32 count, AsyncCallback callback, Object state)
   at System.IO.Pipes.PipeStream.WriteCore(Byte[] buffer, Int32 offset, Int32 count)
   at System.IO.Pipes.PipeStream.Write(Byte[] buffer, Int32 offset, Int32 count)
   at PipeComponent.PipeServer.WaitForConnectionCallBack(IAsyncResult iar) in E:\00.- Proyectos\01.- Autopista Vespucio Norte\PipeComponent\PipeComponent\PipeServer.cs:line 197
09:04:40.405,000,REQ:104~1~30
09:05:00.714,000,RES:OK~16757822-5
09:05:00.738,000,ERR:System.IO.IOException: Pipe is broken.
   at System.IO.Pipes.PipeStream.WinIOError(Int32 errorCode)
   at System.IO.Pipes.PipeStream.BeginWriteCore(Byte[] buffer, Int32 offset, Int32 count, AsyncCallback callback, Object state)
   at System.IO.Pipes.PipeStream.WriteCore(Byte[] buffer, Int32 offset, Int32 count)
   at System.IO.Pipes.PipeStream.Write(Byte[] buffer, Int32 offset, Int32 count)
   at PipeComponent.PipeServer.WaitForConnectionCallBack(IAsyncResult iar) in E:\00.- Proyectos\01.- Autopista Vespucio Norte\PipeComponent\PipeComponent\PipeServer.cs:line 197

09:12:39.636,000,INI:Servicio alex PipeComponent v1.0.0.1 Generado el 08-06-2017 09:03:33
09:12:39.792,000,IOP:
09:12:39.802,000,REQ:104~1~30
09:12:42.519,000,RES:OK~16757822-5

09:15:00.867,000,INI:Servicio alex PipeComponent v1.0.0.1 Generado el 08-06-2017 09:15:00
09:15:00.998,000,IOP:
09:16:13.265,000,REQ:105~1~30
09:16:13.280,000,ERR:System.InvalidOperationException: La cédula es inválida o no se ha invocado el método ObtenerRut.
   at TPAuto.HuellaCI.ValidadorHuella.ObtenerDedo(String readerName, Int32 timeout) in E:\00.- Proyectos\01.- Autopista Vespucio Norte\PipeComponent\PipeComponent\HuellaCI\ValidadorHuella.cs:line 196
   at PipeComponent.PipeServer.WaitForConnectionCallBack(IAsyncResult iar) in E:\00.- Proyectos\01.- Autopista Vespucio Norte\PipeComponent\PipeComponent\PipeServer.cs:line 180
09:16:13.283,000,RES:NOK~La cédula es inválida o no se ha invocado el método ObtenerRut.
09:16:28.287,000,REQ:104~1~30
09:16:37.399,000,RES:OK~16757822-5
09:16:46.359,000,REQ:105~1~30
09:16:48.823,000,RES:OK~Indice Derecho
09:17:02.180,000,REQ:104~1~30
09:17:04.790,000,RES:OK~16757822-5
09:17:09.605,000,REQ:105~1~30
09:17:09.657,000,RES:OK~Indice Derecho

09:18:13.436,000,INI:Servicio alex PipeComponent v1.0.0.1 Generado el 08-06-2017 09:18:13
09:18:13.566,000,IOP:
09:19:04.058,000,REQ:104~1~30
09:19:07.575,000,RES:OK~16757822-5
09:19:12.608,000,REQ:105~1~30
09:19:15.074,000,RES:OK~Indice Derecho
09:19:29.702,000,REQ:106~1~30
09:19:39.694,000,RES:OK~False

09:20:34.263,000,INI:Servicio alex PipeComponent v1.0.0.1 Generado el 08-06-2017 09:18:13
09:20:34.407,000,IOP:
09:22:15.635,000,REQ:104~1~30
09:22:18.345,000,RES:OK~15958339-2
09:22:22.172,000,REQ:105~1~30
09:22:22.503,000,RES:OK~Indice Derecho
09:22:38.277,000,REQ:106~1~30
09:22:44.586,000,RES:OK~True

09:24:47.375,000,INI:Servicio alex PipeComponent v1.0.0.1 Generado el 08-06-2017 09:24:47
09:24:47.527,000,IOP:
09:24:50.985,000,REQ:104~1~30
09:24:56.000,000,ERR:TPAuto.HuellaCI.Exceptions.CardTimeoutException: El tiempo para esperar la lectura de la cédula ha expirado.
   at TPAuto.HuellaCI.ValidadorHuella.ObtenerRut(Int32 commPort, Int32 timeout) in E:\00.- Proyectos\01.- Autopista Vespucio Norte\PipeComponent\PipeComponent\HuellaCI\ValidadorHuella.cs:line 91
   at PipeComponent.PipeServer.WaitForConnectionCallBack(IAsyncResult iar) in E:\00.- Proyectos\01.- Autopista Vespucio Norte\PipeComponent\PipeComponent\PipeServer.cs:line 169
09:24:56.003,000,RES:NOK~El tiempo para esperar la lectura de la cédula ha expirado.
09:26:28.273,000,REQ:104~1~30
09:26:33.293,000,ERR:TPAuto.HuellaCI.Exceptions.CardTimeoutException: El tiempo para esperar la lectura de la cédula ha expirado.
   at TPAuto.HuellaCI.ValidadorHuella.ObtenerRut(Int32 commPort, Int32 timeout) in E:\00.- Proyectos\01.- Autopista Vespucio Norte\PipeComponent\PipeComponent\HuellaCI\ValidadorHuella.cs:line 91
   at PipeComponent.PipeServer.WaitForConnectionCallBack(IAsyncResult iar) in E:\00.- Proyectos\01.- Autopista Vespucio Norte\PipeComponent\PipeComponent\PipeServer.cs:line 169
09:26:33.302,000,RES:NOK~El tiempo para esperar la lectura de la cédula ha expirado.
09:27:33.404,000,REQ:104~1~30
09:27:38.426,000,ERR:TPAuto.HuellaCI.Exceptions.CardTimeoutException: El tiempo para esperar la lectura de la cédula ha expirado.
   at TPAuto.HuellaCI.ValidadorHuella.ObtenerRut(Int32 commPort, Int32 timeout) in E:\00.- Proyectos\01.- Autopista Vespucio Norte\PipeComponent\PipeComponent\HuellaCI\ValidadorHuella.cs:line 91
   at PipeComponent.PipeServer.WaitForConnectionCallBack(IAsyncResult iar) in E:\00.- Proyectos\01.- Autopista Vespucio Norte\PipeComponent\PipeComponent\PipeServer.cs:line 169
09:27:38.437,000,RES:NOK~El tiempo para esperar la lectura de la cédula ha expirado.
09:34:54.185,000,REQ:104~1~30
09:34:59.484,000,ERR:TPAuto.HuellaCI.Exceptions.CardTimeoutException: El tiempo para esperar la lectura de la cédula ha expirado.
   at TPAuto.HuellaCI.ValidadorHuella.ObtenerRut(Int32 commPort, Int32 timeout) in E:\00.- Proyectos\01.- Autopista Vespucio Norte\PipeComponent\PipeComponent\HuellaCI\ValidadorHuella.cs:line 91
   at PipeComponent.PipeServer.WaitForConnectionCallBack(IAsyncResult iar) in E:\00.- Proyectos\01.- Autopista Vespucio Norte\PipeComponent\PipeComponent\PipeServer.cs:line 169
09:34:59.491,000,RES:NOK~El tiempo para esperar la lectura de la cédula ha expirado.
09:36:08.702,000,REQ:104~1~30
09:36:13.724,000,ERR:TPAuto.HuellaCI.Exceptions.CardTimeoutException: El tiempo para esperar la lectura de la cédula ha expirado.
   at TPAuto.HuellaCI.ValidadorHuella.ObtenerRut(Int32 commPort, Int32 timeout) in E:\00.- Proyectos\01.- Autopista Vespucio Norte\PipeComponent\PipeComponent\HuellaCI\ValidadorHuella.cs:line 91
   at PipeComponent.PipeServer.WaitForConnectionCallBack(IAsyncResult iar) in E:\00.- Proyectos\01.- Autopista Vespucio Norte\PipeComponent\PipeComponent\PipeServer.cs:line 169
09:36:13.727,000,RES:NOK~El tiempo para esperar la lectura de la cédula ha expirado.
09:36:47.712,000,REQ:104~1~30
09:36:52.746,000,ERR:TPAuto.HuellaCI.Exceptions.CardTimeoutException: El tiempo para esperar la lectura de la cédula ha expirado.
   at TPAuto.HuellaCI.ValidadorHuella.ObtenerRut(Int32 commPort, Int32 timeout) in E:\00.- Proyectos\01.- Autopista Vespucio Norte\PipeComponent\PipeComponent\HuellaCI\ValidadorHuella.cs:line 91
   at PipeComponent.PipeServer.WaitForConnectionCallBack(IAsyncResult iar) in E:\00.- Proyectos\01.- Autopista Vespucio Norte\PipeComponent\PipeComponent\PipeServer.cs:line 169
09:36:52.750,000,RES:NOK~El tiempo para esperar la lectura de la cédula ha expirado.
09:47:01.311,000,REQ:104~1~30
09:47:06.351,000,ERR:TPAuto.HuellaCI.Exceptions.CardTimeoutException: El tiempo para esperar la lectura de la cédula ha expirado.
   at TPAuto.HuellaCI.ValidadorHuella.ObtenerRut(Int32 commPort, Int32 timeout) in E:\00.- Proyectos\01.- Autopista Vespucio Norte\PipeComponent\PipeComponent\HuellaCI\ValidadorHuella.cs:line 91
   at PipeComponent.PipeServer.WaitForConnectionCallBack(IAsyncResult iar) in E:\00.- Proyectos\01.- Autopista Vespucio Norte\PipeComponent\PipeComponent\PipeServer.cs:line 169
09:47:06.354,000,RES:NOK~El tiempo para esperar la lectura de la cédula ha expirado.
09:47:47.948,000,REQ:104~1~30
09:47:50.057,000,RES:OK~15958339-2
09:48:55.102,000,REQ:104~1~30
09:48:58.227,000,RES:OK~15958339-2
09:57:49.934,000,REQ:104~1~30
09:57:53.443,000,RES:OK~15958339-2
09:58:29.007,000,REQ:104~1~30
09:58:34.052,000,ERR:TPAuto.HuellaCI.Exceptions.CardTimeoutException: El tiempo para esperar la lectura de la cédula ha expirado.
   at TPAuto.HuellaCI.ValidadorHuella.ObtenerRut(Int32 commPort, Int32 timeout) in E:\00.- Proyectos\01.- Autopista Vespucio Norte\PipeComponent\PipeComponent\HuellaCI\ValidadorHuella.cs:line 91
   at PipeComponent.PipeServer.WaitForConnectionCallBack(IAsyncResult iar) in E:\00.- Proyectos\01.- Autopista Vespucio Norte\PipeComponent\PipeComponent\PipeServer.cs:line 169
09:58:34.055,000,RES:NOK~El tiempo para esperar la lectura de la cédula ha expirado.
10:00:51.958,000,REQ:104~1~30
10:00:56.974,000,ERR:TPAuto.HuellaCI.Exceptions.CardTimeoutException: El tiempo para esperar la lectura de la cédula ha expirado.
   at TPAuto.HuellaCI.ValidadorHuella.ObtenerRut(Int32 commPort, Int32 timeout) in E:\00.- Proyectos\01.- Autopista Vespucio Norte\PipeComponent\PipeComponent\HuellaCI\ValidadorHuella.cs:line 91
   at PipeComponent.PipeServer.WaitForConnectionCallBack(IAsyncResult iar) in E:\00.- Proyectos\01.- Autopista Vespucio Norte\PipeComponent\PipeComponent\PipeServer.cs:line 169
10:00:56.984,000,RES:NOK~El tiempo para esperar la lectura de la cédula ha expirado.
10:01:25.625,000,REQ:104~1~30
10:01:28.634,000,RES:OK~15958339-2
10:02:08.575,000,REQ:105~1~30
10:02:08.635,000,RES:OK~Indice Derecho
10:02:25.308,000,REQ:106~1~30
10:02:29.637,000,RES:OK~True
10:05:42.862,000,REQ:104~1~30
10:05:45.067,000,RES:OK~15958339-2
10:06:25.399,000,REQ:104~1~30
10:06:28.108,000,RES:OK~15958339-2
10:07:25.234,000,REQ:105~1~30
10:07:25.563,000,RES:OK~Indice Derecho
10:07:43.904,000,REQ:105~1~30
10:07:43.966,000,RES:OK~Indice Derecho
10:21:25.435,000,REQ:104~1~30
10:21:27.546,000,RES:OK~15958339-2
10:21:27.762,000,REQ:105~1~30
10:21:27.813,000,RES:OK~Indice Derecho
10:22:43.948,000,REQ:104~1~30
10:22:46.255,000,RES:OK~15958339-2
10:22:46.387,000,REQ:105~1~30
10:22:46.449,000,RES:OK~Indice Derecho
10:38:34.553,000,REQ:104~1~30
10:38:36.562,000,RES:OK~15958339-2
10:38:36.679,000,REQ:105~1~30
10:38:36.729,000,RES:OK~Indice Derecho
10:39:31.161,000,REQ:104~1~30
10:39:33.767,000,RES:OK~15958339-2
10:39:33.890,000,REQ:105~1~30
10:39:33.941,000,RES:OK~Indice Derecho
10:45:02.728,000,REQ:104~1~30
10:45:04.940,000,RES:OK~15958339-2
10:45:05.143,000,REQ:105~1~30
10:45:05.192,000,RES:OK~Indice Derecho

10:45:29.414,000,INI:Servicio alex PipeComponent v1.0.0.1 Generado el 08-06-2017 09:24:47
10:45:29.541,000,IOP:
10:46:16.282,000,REQ:104~1~30
10:46:19.487,000,RES:OK~15958339-2
10:46:19.619,000,REQ:105~1~30
10:46:22.076,000,RES:OK~Indice Derecho
10:46:22.221,000,REQ:106~1~30
10:46:27.670,000,RES:OK~True
10:54:28.034,000,REQ:104~1~30
10:54:30.445,000,RES:OK~15958339-2
10:54:30.579,000,REQ:105~1~30
10:54:30.653,000,RES:OK~Indice Derecho
10:54:30.755,000,REQ:106~1~30
10:54:36.350,000,RES:OK~True
10:56:02.920,000,REQ:104~1~30
10:56:05.829,000,RES:OK~15958339-2
10:56:06.004,000,REQ:105~1~30
10:56:06.051,000,RES:OK~Indice Derecho
10:56:06.156,000,REQ:106~1~30
10:56:11.403,000,RES:OK~True
10:57:28.004,000,REQ:104~1~30
10:57:30.416,000,RES:OK~15958339-2
10:57:30.548,000,REQ:105~1~30
10:57:30.660,000,RES:OK~Indice Derecho
10:57:30.745,000,REQ:106~1~30
10:57:36.007,000,RES:OK~True
10:58:33.484,000,REQ:104~1~30
10:58:36.489,000,RES:OK~15958339-2
10:58:36.613,000,REQ:105~1~30
10:58:36.678,000,RES:OK~Indice Derecho
10:58:36.757,000,REQ:106~1~30
10:58:42.208,000,RES:OK~True
10:59:02.916,000,REQ:104~1~30
10:59:05.924,000,RES:OK~15958339-2
10:59:06.057,000,REQ:105~1~30
10:59:06.105,000,RES:OK~Indice Derecho
10:59:06.194,000,REQ:106~1~30
10:59:12.012,000,RES:OK~True
12:18:19.336,000,REQ:104~1~30
12:18:24.371,000,ERR:TPAuto.HuellaCI.Exceptions.CardTimeoutException: El tiempo para esperar la lectura de la cédula ha expirado.
   at TPAuto.HuellaCI.ValidadorHuella.ObtenerRut(Int32 commPort, Int32 timeout) in E:\00.- Proyectos\01.- Autopista Vespucio Norte\PipeComponent\PipeComponent\HuellaCI\ValidadorHuella.cs:line 91
   at PipeComponent.PipeServer.WaitForConnectionCallBack(IAsyncResult iar) in E:\00.- Proyectos\01.- Autopista Vespucio Norte\PipeComponent\PipeComponent\PipeServer.cs:line 169
12:18:24.376,000,RES:NOK~El tiempo para esperar la lectura de la cédula ha expirado.
12:21:56.761,000,REQ:104~1~30
12:21:59.373,000,RES:OK~15958339-2
12:21:59.485,000,REQ:105~1~30
12:21:59.550,000,RES:OK~Indice Derecho
12:21:59.632,000,REQ:106~1~30
12:22:05.151,000,RES:OK~True
12:27:54.628,000,REQ:104~1~30
12:27:59.654,000,ERR:TPAuto.HuellaCI.Exceptions.CardTimeoutException: El tiempo para esperar la lectura de la cédula ha expirado.
   at TPAuto.HuellaCI.ValidadorHuella.ObtenerRut(Int32 commPort, Int32 timeout) in E:\00.- Proyectos\01.- Autopista Vespucio Norte\PipeComponent\PipeComponent\HuellaCI\ValidadorHuella.cs:line 91
   at PipeComponent.PipeServer.WaitForConnectionCallBack(IAsyncResult iar) in E:\00.- Proyectos\01.- Autopista Vespucio Norte\PipeComponent\PipeComponent\PipeServer.cs:line 169
12:27:59.659,000,RES:NOK~El tiempo para esperar la lectura de la cédula ha expirado.
12:31:37.641,000,REQ:104~1~30
12:31:42.649,000,ERR:TPAuto.HuellaCI.Exceptions.CardTimeoutException: El tiempo para esperar la lectura de la cédula ha expirado.
   at TPAuto.HuellaCI.ValidadorHuella.ObtenerRut(Int32 commPort, Int32 timeout) in E:\00.- Proyectos\01.- Autopista Vespucio Norte\PipeComponent\PipeComponent\HuellaCI\ValidadorHuella.cs:line 91
   at PipeComponent.PipeServer.WaitForConnectionCallBack(IAsyncResult iar) in E:\00.- Proyectos\01.- Autopista Vespucio Norte\PipeComponent\PipeComponent\PipeServer.cs:line 169
12:31:42.654,000,RES:NOK~El tiempo para esperar la lectura de la cédula ha expirado.
12:35:52.632,000,REQ:104~1~30
12:35:57.657,000,ERR:TPAuto.HuellaCI.Exceptions.CardTimeoutException: El tiempo para esperar la lectura de la cédula ha expirado.
   at TPAuto.HuellaCI.ValidadorHuella.ObtenerRut(Int32 commPort, Int32 timeout) in E:\00.- Proyectos\01.- Autopista Vespucio Norte\PipeComponent\PipeComponent\HuellaCI\ValidadorHuella.cs:line 91
   at PipeComponent.PipeServer.WaitForConnectionCallBack(IAsyncResult iar) in E:\00.- Proyectos\01.- Autopista Vespucio Norte\PipeComponent\PipeComponent\PipeServer.cs:line 169
12:35:57.662,000,RES:NOK~El tiempo para esperar la lectura de la cédula ha expirado.
12:36:00.771,000,REQ:104~1~30
12:36:05.797,000,ERR:TPAuto.HuellaCI.Exceptions.CardTimeoutException: El tiempo para esperar la lectura de la cédula ha expirado.
   at TPAuto.HuellaCI.ValidadorHuella.ObtenerRut(Int32 commPort, Int32 timeout) in E:\00.- Proyectos\01.- Autopista Vespucio Norte\PipeComponent\PipeComponent\HuellaCI\ValidadorHuella.cs:line 91
   at PipeComponent.PipeServer.WaitForConnectionCallBack(IAsyncResult iar) in E:\00.- Proyectos\01.- Autopista Vespucio Norte\PipeComponent\PipeComponent\PipeServer.cs:line 169
12:36:05.804,000,RES:NOK~El tiempo para esperar la lectura de la cédula ha expirado.
12:36:13.688,000,REQ:104~1~30
12:36:18.708,000,ERR:TPAuto.HuellaCI.Exceptions.CardTimeoutException: El tiempo para esperar la lectura de la cédula ha expirado.
   at TPAuto.HuellaCI.ValidadorHuella.ObtenerRut(Int32 commPort, Int32 timeout) in E:\00.- Proyectos\01.- Autopista Vespucio Norte\PipeComponent\PipeComponent\HuellaCI\ValidadorHuella.cs:line 91
   at PipeComponent.PipeServer.WaitForConnectionCallBack(IAsyncResult iar) in E:\00.- Proyectos\01.- Autopista Vespucio Norte\PipeComponent\PipeComponent\PipeServer.cs:line 169
12:36:18.714,000,RES:NOK~El tiempo para esperar la lectura de la cédula ha expirado.
12:36:21.400,000,REQ:104~1~30
12:36:25.313,000,RES:OK~13.418.314-4
12:36:25.456,000,REQ:105~1~30
12:36:25.460,000,RES:OK~Pulgar Derecho
12:36:25.552,000,REQ:106~1~30
12:39:06.155,000,REQ:104~1~30
12:39:11.186,000,ERR:TPAuto.HuellaCI.Exceptions.CardTimeoutException: El tiempo para esperar la lectura de la cédula ha expirado.
   at TPAuto.HuellaCI.ValidadorHuella.ObtenerRut(Int32 commPort, Int32 timeout) in E:\00.- Proyectos\01.- Autopista Vespucio Norte\PipeComponent\PipeComponent\HuellaCI\ValidadorHuella.cs:line 91
   at PipeComponent.PipeServer.WaitForConnectionCallBack(IAsyncResult iar) in E:\00.- Proyectos\01.- Autopista Vespucio Norte\PipeComponent\PipeComponent\PipeServer.cs:line 169
12:39:11.188,000,RES:NOK~El tiempo para esperar la lectura de la cédula ha expirado.
12:39:13.618,000,REQ:104~1~30
12:39:18.646,000,ERR:TPAuto.HuellaCI.Exceptions.CardTimeoutException: El tiempo para esperar la lectura de la cédula ha expirado.
   at TPAuto.HuellaCI.ValidadorHuella.ObtenerRut(Int32 commPort, Int32 timeout) in E:\00.- Proyectos\01.- Autopista Vespucio Norte\PipeComponent\PipeComponent\HuellaCI\ValidadorHuella.cs:line 91
   at PipeComponent.PipeServer.WaitForConnectionCallBack(IAsyncResult iar) in E:\00.- Proyectos\01.- Autopista Vespucio Norte\PipeComponent\PipeComponent\PipeServer.cs:line 169
12:39:18.655,000,RES:NOK~El tiempo para esperar la lectura de la cédula ha expirado.
12:39:20.842,000,REQ:104~1~30
12:39:25.859,000,ERR:TPAuto.HuellaCI.Exceptions.CardTimeoutException: El tiempo para esperar la lectura de la cédula ha expirado.
   at TPAuto.HuellaCI.ValidadorHuella.ObtenerRut(Int32 commPort, Int32 timeout) in E:\00.- Proyectos\01.- Autopista Vespucio Norte\PipeComponent\PipeComponent\HuellaCI\ValidadorHuella.cs:line 91
   at PipeComponent.PipeServer.WaitForConnectionCallBack(IAsyncResult iar) in E:\00.- Proyectos\01.- Autopista Vespucio Norte\PipeComponent\PipeComponent\PipeServer.cs:line 169
12:39:25.865,000,RES:NOK~El tiempo para esperar la lectura de la cédula ha expirado.
12:39:29.810,000,REQ:104~1~30
12:39:34.825,000,ERR:TPAuto.HuellaCI.Exceptions.CardTimeoutException: El tiempo para esperar la lectura de la cédula ha expirado.
   at TPAuto.HuellaCI.ValidadorHuella.ObtenerRut(Int32 commPort, Int32 timeout) in E:\00.- Proyectos\01.- Autopista Vespucio Norte\PipeComponent\PipeComponent\HuellaCI\ValidadorHuella.cs:line 91
   at PipeComponent.PipeServer.WaitForConnectionCallBack(IAsyncResult iar) in E:\00.- Proyectos\01.- Autopista Vespucio Norte\PipeComponent\PipeComponent\PipeServer.cs:line 169
12:39:34.836,000,RES:NOK~El tiempo para esperar la lectura de la cédula ha expirado.
12:39:37.561,000,REQ:104~1~30
12:39:42.575,000,ERR:TPAuto.HuellaCI.Exceptions.CardTimeoutException: El tiempo para esperar la lectura de la cédula ha expirado.
   at TPAuto.HuellaCI.ValidadorHuella.ObtenerRut(Int32 commPort, Int32 timeout) in E:\00.- Proyectos\01.- Autopista Vespucio Norte\PipeComponent\PipeComponent\HuellaCI\ValidadorHuella.cs:line 91
   at PipeComponent.PipeServer.WaitForConnectionCallBack(IAsyncResult iar) in E:\00.- Proyectos\01.- Autopista Vespucio Norte\PipeComponent\PipeComponent\PipeServer.cs:line 169
12:39:42.584,000,RES:NOK~El tiempo para esperar la lectura de la cédula ha expirado.
12:39:45.658,000,REQ:104~1~30
12:39:50.264,000,RES:OK~13.418.314-4
12:39:50.375,000,REQ:105~1~30
12:39:50.378,000,RES:OK~Pulgar Derecho
12:39:50.468,000,REQ:106~1~30

12:40:16.124,000,INI:Servicio alex PipeComponent v1.0.0.1 Generado el 08-06-2017 09:24:47
12:40:16.253,000,IOP:
12:40:57.856,000,REQ:104~1~30
12:41:01.272,000,RES:OK~13.418.314-4
12:41:01.382,000,REQ:105~1~30
12:41:01.386,000,RES:OK~Pulgar Derecho
12:41:01.470,000,REQ:106~1~30
12:43:56.390,000,REQ:104~1~30
12:44:00.405,000,RES:OK~13.418.314-4
12:44:00.504,000,REQ:105~1~30
12:44:00.508,000,RES:OK~Pulgar Derecho
12:44:00.590,000,REQ:106~1~30
12:44:25.168,000,REQ:104~1~30
12:44:28.179,000,RES:OK~15958339-2
12:44:28.285,000,REQ:105~1~30
12:44:58.379,000,ERR:TPAuto.HuellaCI.Exceptions.CardTimeoutException: El tiempo para esperar la lectura de la cédula ha expirado --> SCardConnect error: FFFFFFFF80100069
   at TPAuto.HuellaCI.ValidadorHuella.ObtenerDedo(String readerName, Int32 timeout) in E:\00.- Proyectos\01.- Autopista Vespucio Norte\PipeComponent\PipeComponent\HuellaCI\ValidadorHuella.cs:line 190
   at PipeComponent.PipeServer.WaitForConnectionCallBack(IAsyncResult iar) in E:\00.- Proyectos\01.- Autopista Vespucio Norte\PipeComponent\PipeComponent\PipeServer.cs:line 180
12:44:58.389,000,RES:NOK~El tiempo para esperar la lectura de la cédula ha expirado --> SCardConnect error: FFFFFFFF80100069

12:45:57.153,000,INI:Servicio alex PipeComponent v1.0.0.1 Generado el 08-06-2017 09:24:47
12:45:57.282,000,IOP:
12:46:13.726,000,REQ:104~1~30
12:46:17.941,000,RES:OK~15958339-2
12:46:18.052,000,REQ:105~1~30
12:46:48.150,000,ERR:TPAuto.HuellaCI.Exceptions.CardTimeoutException: El tiempo para esperar la lectura de la cédula ha expirado --> SCardConnect error: FFFFFFFF80100069
   at TPAuto.HuellaCI.ValidadorHuella.ObtenerDedo(String readerName, Int32 timeout) in E:\00.- Proyectos\01.- Autopista Vespucio Norte\PipeComponent\PipeComponent\HuellaCI\ValidadorHuella.cs:line 190
   at PipeComponent.PipeServer.WaitForConnectionCallBack(IAsyncResult iar) in E:\00.- Proyectos\01.- Autopista Vespucio Norte\PipeComponent\PipeComponent\PipeServer.cs:line 180
12:46:48.154,000,RES:NOK~El tiempo para esperar la lectura de la cédula ha expirado --> SCardConnect error: FFFFFFFF80100069
12:49:32.473,000,REQ:104~1~30
12:49:35.294,000,RES:OK~15958339-2
12:49:35.409,000,REQ:105~1~30
12:49:35.730,000,RES:OK~Indice Derecho
12:49:35.850,000,REQ:106~1~30
12:49:43.829,000,RES:OK~True
12:50:09.505,000,REQ:104~1~30
12:50:14.007,000,RES:OK~13.418.314-4
12:50:14.141,000,REQ:105~1~30
12:50:14.145,000,RES:OK~Pulgar Derecho
12:50:14.231,000,REQ:106~1~30
12:50:40.291,000,REQ:104~1~30
12:50:42.811,000,RES:OK~15958339-2
12:50:42.940,000,REQ:105~1~30
12:51:11.798,000,RES:OK~Indice Derecho
12:51:11.914,000,REQ:106~1~30
12:51:26.501,000,RES:OK~True
12:51:55.545,000,REQ:104~1~30
12:51:58.353,000,RES:OK~13.418.314-4
12:51:58.476,000,REQ:105~1~30
12:51:58.479,000,RES:OK~Pulgar Derecho
12:51:58.558,000,REQ:106~1~30
12:53:28.225,000,REQ:104~1~30
12:53:33.286,000,ERR:TPAuto.HuellaCI.Exceptions.CardTimeoutException: El tiempo para esperar la lectura de la cédula ha expirado.
   at TPAuto.HuellaCI.ValidadorHuella.ObtenerRut(Int32 commPort, Int32 timeout) in E:\00.- Proyectos\01.- Autopista Vespucio Norte\PipeComponent\PipeComponent\HuellaCI\ValidadorHuella.cs:line 91
   at PipeComponent.PipeServer.WaitForConnectionCallBack(IAsyncResult iar) in E:\00.- Proyectos\01.- Autopista Vespucio Norte\PipeComponent\PipeComponent\PipeServer.cs:line 169
12:53:33.292,000,RES:NOK~El tiempo para esperar la lectura de la cédula ha expirado.
12:53:36.836,000,REQ:104~1~30
12:53:41.850,000,ERR:TPAuto.HuellaCI.Exceptions.CardTimeoutException: El tiempo para esperar la lectura de la cédula ha expirado.
   at TPAuto.HuellaCI.ValidadorHuella.ObtenerRut(Int32 commPort, Int32 timeout) in E:\00.- Proyectos\01.- Autopista Vespucio Norte\PipeComponent\PipeComponent\HuellaCI\ValidadorHuella.cs:line 91
   at PipeComponent.PipeServer.WaitForConnectionCallBack(IAsyncResult iar) in E:\00.- Proyectos\01.- Autopista Vespucio Norte\PipeComponent\PipeComponent\PipeServer.cs:line 169
12:53:41.856,000,RES:NOK~El tiempo para esperar la lectura de la cédula ha expirado.
12:53:43.420,000,REQ:104~1~30
12:53:48.432,000,ERR:TPAuto.HuellaCI.Exceptions.CardTimeoutException: El tiempo para esperar la lectura de la cédula ha expirado.
   at TPAuto.HuellaCI.ValidadorHuella.ObtenerRut(Int32 commPort, Int32 timeout) in E:\00.- Proyectos\01.- Autopista Vespucio Norte\PipeComponent\PipeComponent\HuellaCI\ValidadorHuella.cs:line 91
   at PipeComponent.PipeServer.WaitForConnectionCallBack(IAsyncResult iar) in E:\00.- Proyectos\01.- Autopista Vespucio Norte\PipeComponent\PipeComponent\PipeServer.cs:line 169
12:53:48.466,000,RES:NOK~El tiempo para esperar la lectura de la cédula ha expirado.
12:53:49.702,000,REQ:104~1~30
12:53:54.721,000,ERR:TPAuto.HuellaCI.Exceptions.CardTimeoutException: El tiempo para esperar la lectura de la cédula ha expirado.
   at TPAuto.HuellaCI.ValidadorHuella.ObtenerRut(Int32 commPort, Int32 timeout) in E:\00.- Proyectos\01.- Autopista Vespucio Norte\PipeComponent\PipeComponent\HuellaCI\ValidadorHuella.cs:line 91
   at PipeComponent.PipeServer.WaitForConnectionCallBack(IAsyncResult iar) in E:\00.- Proyectos\01.- Autopista Vespucio Norte\PipeComponent\PipeComponent\PipeServer.cs:line 169
12:53:54.733,000,RES:NOK~El tiempo para esperar la lectura de la cédula ha expirado.
13:06:01.699,000,REQ:104~1~30
13:06:06.717,000,ERR:TPAuto.HuellaCI.Exceptions.CardTimeoutException: El tiempo para esperar la lectura de la cédula ha expirado.
   at TPAuto.HuellaCI.ValidadorHuella.ObtenerRut(Int32 commPort, Int32 timeout) in E:\00.- Proyectos\01.- Autopista Vespucio Norte\PipeComponent\PipeComponent\HuellaCI\ValidadorHuella.cs:line 91
   at PipeComponent.PipeServer.WaitForConnectionCallBack(IAsyncResult iar) in E:\00.- Proyectos\01.- Autopista Vespucio Norte\PipeComponent\PipeComponent\PipeServer.cs:line 169
13:06:06.722,000,RES:NOK~El tiempo para esperar la lectura de la cédula ha expirado.
13:06:08.796,000,REQ:104~1~30
13:06:13.812,000,ERR:TPAuto.HuellaCI.Exceptions.CardTimeoutException: El tiempo para esperar la lectura de la cédula ha expirado.
   at TPAuto.HuellaCI.ValidadorHuella.ObtenerRut(Int32 commPort, Int32 timeout) in E:\00.- Proyectos\01.- Autopista Vespucio Norte\PipeComponent\PipeComponent\HuellaCI\ValidadorHuella.cs:line 91
   at PipeComponent.PipeServer.WaitForConnectionCallBack(IAsyncResult iar) in E:\00.- Proyectos\01.- Autopista Vespucio Norte\PipeComponent\PipeComponent\PipeServer.cs:line 169
13:06:13.848,000,RES:NOK~El tiempo para esperar la lectura de la cédula ha expirado.
13:07:24.710,000,REQ:104~1~30
13:07:29.745,000,ERR:TPAuto.HuellaCI.Exceptions.CardTimeoutException: El tiempo para esperar la lectura de la cédula ha expirado.
   at TPAuto.HuellaCI.ValidadorHuella.ObtenerRut(Int32 commPort, Int32 timeout) in E:\00.- Proyectos\01.- Autopista Vespucio Norte\PipeComponent\PipeComponent\HuellaCI\ValidadorHuella.cs:line 91
   at PipeComponent.PipeServer.WaitForConnectionCallBack(IAsyncResult iar) in E:\00.- Proyectos\01.- Autopista Vespucio Norte\PipeComponent\PipeComponent\PipeServer.cs:line 169
13:07:29.751,000,RES:NOK~El tiempo para esperar la lectura de la cédula ha expirado.
13:07:32.098,000,REQ:104~1~30
13:07:37.126,000,ERR:TPAuto.HuellaCI.Exceptions.CardTimeoutException: El tiempo para esperar la lectura de la cédula ha expirado.
   at TPAuto.HuellaCI.ValidadorHuella.ObtenerRut(Int32 commPort, Int32 timeout) in E:\00.- Proyectos\01.- Autopista Vespucio Norte\PipeComponent\PipeComponent\HuellaCI\ValidadorHuella.cs:line 91
   at PipeComponent.PipeServer.WaitForConnectionCallBack(IAsyncResult iar) in E:\00.- Proyectos\01.- Autopista Vespucio Norte\PipeComponent\PipeComponent\PipeServer.cs:line 169
13:07:37.132,000,RES:NOK~El tiempo para esperar la lectura de la cédula ha expirado.
13:07:40.358,000,REQ:104~1~30
13:07:45.377,000,ERR:TPAuto.HuellaCI.Exceptions.CardTimeoutException: El tiempo para esperar la lectura de la cédula ha expirado.
   at TPAuto.HuellaCI.ValidadorHuella.ObtenerRut(Int32 commPort, Int32 timeout) in E:\00.- Proyectos\01.- Autopista Vespucio Norte\PipeComponent\PipeComponent\HuellaCI\ValidadorHuella.cs:line 91
   at PipeComponent.PipeServer.WaitForConnectionCallBack(IAsyncResult iar) in E:\00.- Proyectos\01.- Autopista Vespucio Norte\PipeComponent\PipeComponent\PipeServer.cs:line 169
13:07:45.385,000,RES:NOK~El tiempo para esperar la lectura de la cédula ha expirado.
13:13:06.545,000,REQ:104~1~30
13:13:11.567,000,ERR:TPAuto.HuellaCI.Exceptions.CardTimeoutException: El tiempo para esperar la lectura de la cédula ha expirado.
   at TPAuto.HuellaCI.ValidadorHuella.ObtenerRut(Int32 commPort, Int32 timeout) in E:\00.- Proyectos\01.- Autopista Vespucio Norte\PipeComponent\PipeComponent\HuellaCI\ValidadorHuella.cs:line 91
   at PipeComponent.PipeServer.WaitForConnectionCallBack(IAsyncResult iar) in E:\00.- Proyectos\01.- Autopista Vespucio Norte\PipeComponent\PipeComponent\PipeServer.cs:line 169
13:13:11.570,000,RES:NOK~El tiempo para esperar la lectura de la cédula ha expirado.
13:13:12.633,000,REQ:104~1~30
13:13:17.645,000,ERR:TPAuto.HuellaCI.Exceptions.CardTimeoutException: El tiempo para esperar la lectura de la cédula ha expirado.
   at TPAuto.HuellaCI.ValidadorHuella.ObtenerRut(Int32 commPort, Int32 timeout) in E:\00.- Proyectos\01.- Autopista Vespucio Norte\PipeComponent\PipeComponent\HuellaCI\ValidadorHuella.cs:line 91
   at PipeComponent.PipeServer.WaitForConnectionCallBack(IAsyncResult iar) in E:\00.- Proyectos\01.- Autopista Vespucio Norte\PipeComponent\PipeComponent\PipeServer.cs:line 169
13:13:17.650,000,RES:NOK~El tiempo para esperar la lectura de la cédula ha expirado.
13:13:22.126,000,REQ:104~1~30
13:13:27.154,000,ERR:TPAuto.HuellaCI.Exceptions.CardTimeoutException: El tiempo para esperar la lectura de la cédula ha expirado.
   at TPAuto.HuellaCI.ValidadorHuella.ObtenerRut(Int32 commPort, Int32 timeout) in E:\00.- Proyectos\01.- Autopista Vespucio Norte\PipeComponent\PipeComponent\HuellaCI\ValidadorHuella.cs:line 91
   at PipeComponent.PipeServer.WaitForConnectionCallBack(IAsyncResult iar) in E:\00.- Proyectos\01.- Autopista Vespucio Norte\PipeComponent\PipeComponent\PipeServer.cs:line 169
13:13:27.162,000,RES:NOK~El tiempo para esperar la lectura de la cédula ha expirado.
13:14:00.825,000,REQ:104~1~30
13:14:05.836,000,ERR:TPAuto.HuellaCI.Exceptions.CardTimeoutException: El tiempo para esperar la lectura de la cédula ha expirado.
   at TPAuto.HuellaCI.ValidadorHuella.ObtenerRut(Int32 commPort, Int32 timeout) in E:\00.- Proyectos\01.- Autopista Vespucio Norte\PipeComponent\PipeComponent\HuellaCI\ValidadorHuella.cs:line 91
   at PipeComponent.PipeServer.WaitForConnectionCallBack(IAsyncResult iar) in E:\00.- Proyectos\01.- Autopista Vespucio Norte\PipeComponent\PipeComponent\PipeServer.cs:line 169
13:14:05.842,000,RES:NOK~El tiempo para esperar la lectura de la cédula ha expirado.
13:14:08.070,000,REQ:104~1~30
13:14:13.089,000,ERR:TPAuto.HuellaCI.Exceptions.CardTimeoutException: El tiempo para esperar la lectura de la cédula ha expirado.
   at TPAuto.HuellaCI.ValidadorHuella.ObtenerRut(Int32 commPort, Int32 timeout) in E:\00.- Proyectos\01.- Autopista Vespucio Norte\PipeComponent\PipeComponent\HuellaCI\ValidadorHuella.cs:line 91
   at PipeComponent.PipeServer.WaitForConnectionCallBack(IAsyncResult iar) in E:\00.- Proyectos\01.- Autopista Vespucio Norte\PipeComponent\PipeComponent\PipeServer.cs:line 169
13:14:13.095,000,RES:NOK~El tiempo para esperar la lectura de la cédula ha expirado.
13:14:13.777,000,REQ:104~1~30
13:14:18.786,000,ERR:TPAuto.HuellaCI.Exceptions.CardTimeoutException: El tiempo para esperar la lectura de la cédula ha expirado.
   at TPAuto.HuellaCI.ValidadorHuella.ObtenerRut(Int32 commPort, Int32 timeout) in E:\00.- Proyectos\01.- Autopista Vespucio Norte\PipeComponent\PipeComponent\HuellaCI\ValidadorHuella.cs:line 91
   at PipeComponent.PipeServer.WaitForConnectionCallBack(IAsyncResult iar) in E:\00.- Proyectos\01.- Autopista Vespucio Norte\PipeComponent\PipeComponent\PipeServer.cs:line 169
13:14:18.790,000,RES:NOK~El tiempo para esperar la lectura de la cédula ha expirado.
13:14:22.924,000,REQ:104~1~30
13:14:27.948,000,ERR:TPAuto.HuellaCI.Exceptions.CardTimeoutException: El tiempo para esperar la lectura de la cédula ha expirado.
   at TPAuto.HuellaCI.ValidadorHuella.ObtenerRut(Int32 commPort, Int32 timeout) in E:\00.- Proyectos\01.- Autopista Vespucio Norte\PipeComponent\PipeComponent\HuellaCI\ValidadorHuella.cs:line 91
   at PipeComponent.PipeServer.WaitForConnectionCallBack(IAsyncResult iar) in E:\00.- Proyectos\01.- Autopista Vespucio Norte\PipeComponent\PipeComponent\PipeServer.cs:line 169
13:14:27.956,000,RES:NOK~El tiempo para esperar la lectura de la cédula ha expirado.
13:14:57.179,000,REQ:104~1~30
13:15:01.014,000,RES:OK~15958339-2
13:15:01.186,000,REQ:105~1~30
13:15:01.232,000,RES:OK~Indice Derecho
13:15:01.317,000,REQ:106~1~30
13:15:05.208,000,ERR:TPAuto.HuellaCI.Exceptions.MismatchValidationException: Tamaño especificado incorrecto
   at TPAuto.HuellaCI.ValidadorCedulaNueva.HuellaEsValida(Byte[] huella) in E:\00.- Proyectos\01.- Autopista Vespucio Norte\PipeComponent\PipeComponent\HuellaCI\ValidadorCedulaNueva.cs:line 59
   at TPAuto.HuellaCI.ValidadorHuella.ValidarHuella(String readerName, Int32 timeout) in E:\00.- Proyectos\01.- Autopista Vespucio Norte\PipeComponent\PipeComponent\HuellaCI\ValidadorHuella.cs:line 285
   at PipeComponent.PipeServer.WaitForConnectionCallBack(IAsyncResult iar) in E:\00.- Proyectos\01.- Autopista Vespucio Norte\PipeComponent\PipeComponent\PipeServer.cs:line 191
13:15:05.211,000,RES:NOK~Tamaño especificado incorrecto
13:15:29.705,000,REQ:104~1~30
13:15:32.877,000,RES:OK~15958339-2
13:15:33.002,000,REQ:105~1~30
13:15:33.049,000,RES:OK~Indice Derecho
13:15:33.127,000,REQ:106~1~30
13:15:38.708,000,RES:OK~True
13:16:34.815,000,REQ:104~1~30
13:16:37.426,000,RES:OK~15958339-2
13:16:37.534,000,REQ:105~1~30
13:16:37.582,000,RES:OK~Indice Derecho
13:16:37.678,000,REQ:106~1~30
13:16:46.126,000,RES:OK~True
13:17:27.406,000,REQ:104~1~30
13:17:29.314,000,RES:OK~15958339-2
13:17:29.437,000,REQ:105~1~30
13:17:29.494,000,RES:OK~Indice Derecho
13:17:29.581,000,REQ:106~1~30
13:17:35.692,000,RES:OK~True
13:18:36.638,000,REQ:104~1~30
13:18:39.242,000,RES:OK~15958339-2
13:18:39.372,000,REQ:105~1~30
13:18:39.427,000,RES:OK~Indice Derecho
13:18:39.510,000,REQ:106~1~30
13:18:50.865,000,RES:OK~True
13:19:36.307,000,REQ:104~1~30
13:19:40.616,000,RES:OK~15958339-2
13:19:40.747,000,REQ:105~1~30
13:19:40.807,000,RES:OK~Indice Derecho
13:19:40.883,000,REQ:106~1~30
13:19:46.866,000,RES:OK~True
15:33:49.063,000,REQ:104~1~30
15:33:53.081,000,RES:OK~15958339-2
15:33:53.206,000,REQ:105~1~30
15:33:53.259,000,RES:OK~Indice Derecho
15:33:53.346,000,REQ:106~1~30
15:33:58.793,000,RES:OK~True
15:36:10.336,000,REQ:104~1~30
15:36:15.349,000,ERR:TPAuto.HuellaCI.Exceptions.CardTimeoutException: El tiempo para esperar la lectura de la cédula ha expirado.
   at TPAuto.HuellaCI.ValidadorHuella.ObtenerRut(Int32 commPort, Int32 timeout) in E:\00.- Proyectos\01.- Autopista Vespucio Norte\PipeComponent\PipeComponent\HuellaCI\ValidadorHuella.cs:line 91
   at PipeComponent.PipeServer.WaitForConnectionCallBack(IAsyncResult iar) in E:\00.- Proyectos\01.- Autopista Vespucio Norte\PipeComponent\PipeComponent\PipeServer.cs:line 169
15:36:15.354,000,RES:NOK~El tiempo para esperar la lectura de la cédula ha expirado.
15:36:18.907,000,REQ:104~1~30
15:36:21.920,000,RES:OK~15958339-2
15:36:22.027,000,REQ:105~1~30
15:36:22.100,000,RES:OK~Indice Derecho
15:36:22.200,000,REQ:106~1~30
15:36:26.292,000,ERR:TPAuto.HuellaCI.Exceptions.MismatchValidationException: Tamaño especificado incorrecto
   at TPAuto.HuellaCI.ValidadorCedulaNueva.HuellaEsValida(Byte[] huella) in E:\00.- Proyectos\01.- Autopista Vespucio Norte\PipeComponent\PipeComponent\HuellaCI\ValidadorCedulaNueva.cs:line 59
   at TPAuto.HuellaCI.ValidadorHuella.ValidarHuella(String readerName, Int32 timeout) in E:\00.- Proyectos\01.- Autopista Vespucio Norte\PipeComponent\PipeComponent\HuellaCI\ValidadorHuella.cs:line 285
   at PipeComponent.PipeServer.WaitForConnectionCallBack(IAsyncResult iar) in E:\00.- Proyectos\01.- Autopista Vespucio Norte\PipeComponent\PipeComponent\PipeServer.cs:line 191
15:36:26.295,000,RES:NOK~Tamaño especificado incorrecto
15:36:48.011,000,REQ:104~1~30
15:36:52.225,000,RES:OK~15958339-2
15:36:52.325,000,REQ:105~1~30
15:36:52.400,000,RES:OK~Indice Derecho
15:36:52.497,000,REQ:106~1~30
15:37:01.362,000,RES:OK~True
18:35:16.011,000,REQ:104~1~30
18:35:21.022,000,ERR:TPAuto.HuellaCI.Exceptions.CardTimeoutException: El tiempo para esperar la lectura de la cédula ha expirado.
   at TPAuto.HuellaCI.ValidadorHuella.ObtenerRut(Int32 commPort, Int32 timeout) in E:\00.- Proyectos\01.- Autopista Vespucio Norte\PipeComponent\PipeComponent\HuellaCI\ValidadorHuella.cs:line 91
   at PipeComponent.PipeServer.WaitForConnectionCallBack(IAsyncResult iar) in E:\00.- Proyectos\01.- Autopista Vespucio Norte\PipeComponent\PipeComponent\PipeServer.cs:line 169
18:35:21.028,000,RES:NOK~El tiempo para esperar la lectura de la cédula ha expirado.
18:35:25.738,000,REQ:104~1~30
18:35:29.841,000,RES:OK~15958339-2
18:35:29.920,000,REQ:105~1~30
18:35:58.733,000,REQ:104~1~30
18:36:00.126,000,ERR:TPAuto.HuellaCI.Exceptions.CardTimeoutException: El tiempo para esperar la lectura de la cédula ha expirado --> SCardConnect error: FFFFFFFF80100069
   at TPAuto.HuellaCI.ValidadorHuella.ObtenerDedo(String readerName, Int32 timeout) in E:\00.- Proyectos\01.- Autopista Vespucio Norte\PipeComponent\PipeComponent\HuellaCI\ValidadorHuella.cs:line 190
   at PipeComponent.PipeServer.WaitForConnectionCallBack(IAsyncResult iar) in E:\00.- Proyectos\01.- Autopista Vespucio Norte\PipeComponent\PipeComponent\PipeServer.cs:line 180
18:36:00.131,000,RES:NOK~El tiempo para esperar la lectura de la cédula ha expirado --> SCardConnect error: FFFFFFFF80100069
18:36:03.541,000,RES:OK~15958339-2
18:36:03.659,000,REQ:105~1~30
18:36:20.794,000,REQ:104~1~30
18:36:25.703,000,RES:OK~15958339-2
18:36:25.786,000,REQ:105~1~30
18:36:33.869,000,ERR:TPAuto.HuellaCI.Exceptions.CardTimeoutException: El tiempo para esperar la lectura de la cédula ha expirado --> SCardConnect error: FFFFFFFF80100069
   at TPAuto.HuellaCI.ValidadorHuella.ObtenerDedo(String readerName, Int32 timeout) in E:\00.- Proyectos\01.- Autopista Vespucio Norte\PipeComponent\PipeComponent\HuellaCI\ValidadorHuella.cs:line 190
   at PipeComponent.PipeServer.WaitForConnectionCallBack(IAsyncResult iar) in E:\00.- Proyectos\01.- Autopista Vespucio Norte\PipeComponent\PipeComponent\PipeServer.cs:line 180
18:36:33.874,000,RES:NOK~El tiempo para esperar la lectura de la cédula ha expirado --> SCardConnect error: FFFFFFFF80100069
18:36:55.917,000,ERR:TPAuto.HuellaCI.Exceptions.CardTimeoutException: El tiempo para esperar la lectura de la cédula ha expirado --> SCardConnect error: FFFFFFFF80100069
   at TPAuto.HuellaCI.ValidadorHuella.ObtenerDedo(String readerName, Int32 timeout) in E:\00.- Proyectos\01.- Autopista Vespucio Norte\PipeComponent\PipeComponent\HuellaCI\ValidadorHuella.cs:line 190
   at PipeComponent.PipeServer.WaitForConnectionCallBack(IAsyncResult iar) in E:\00.- Proyectos\01.- Autopista Vespucio Norte\PipeComponent\PipeComponent\PipeServer.cs:line 180
18:36:55.923,000,RES:NOK~El tiempo para esperar la lectura de la cédula ha expirado --> SCardConnect error: FFFFFFFF80100069

18:40:52.957,000,INI:Servicio alex PipeComponent v1.0.0.1 Generado el 08-06-2017 18:40:52
18:40:53.217,000,IOP:
18:41:15.106,000,REQ:104~1~30
18:41:19.517,000,RES:OK~15958339-2
18:41:19.599,000,REQ:105~1~30
18:41:21.976,000,RES:OK~Indice Derecho
18:41:22.075,000,REQ:106~1~30
18:41:29.293,000,RES:OK~True
