10:19:46.999,000,REQ:102~NII ExD NP-K3053~1101520059,31022304,23/06/2014,162.978,9401097585,ALEX ANTONIO RIVERA
10:19:47.131,000,RES:OK~Voucher impreso
10:22:15.465,000,REQ:104~1~30
10:22:23.337,000,RES:OK~17122588-4
10:22:23.431,000,REQ:105~1~30
10:22:23.930,000,RES:OK~Indice Derecho
10:22:24.030,000,REQ:106~1~30
10:22:27.224,000,RES:OK~True
10:23:04.590,000,REQ:101~pdf~http://172.20.3.80:8080/Facturacion/webservices/ConsultaPDF.jsp?t=41&f=44848527&e=96992030&r=1,44848527
10:23:05.459,000,RES:OK~
10:23:08.614,000,REQ:107~2~FZXF36,01/08/2017,21:08:31,3,AVN,44848527;FZXF36,28/07/2017,08:13:52,3,AVN,44848527;FZXF36,27/07/2017,08:38:24,3,AVN,44848527;FZXF36,26/07/2017,08:57:38,3,AVN,44848527;FZXF36,25/07/2017,08:33:45,3,AVN,44848527;FZXF36,24/07/2017,08:57:05,3,AVN,44848527;FZXF36,21/07/2017,14:25:43,14,AVN,44848527;FZXF36,21/07/2017,14:23:31,12,AVN,44848527;FZXF36,21/07/2017,14:21:29,10,AVN,44848527;FZXF36,21/07/2017,14:20:58,9,AVN,44848527;FZXF36,21/07/2017,14:17:41,7,AVN,44848527;FZXF36,21/07/2017,14:16:05,5,AVN,44848527;FZXF36,21/07/2017,08:55:18,3,AVN,44848527;FZXF36,20/07/2017,08:43:26,3,AVN,44848527;FZXF36,19/07/2017,08:51:59,3,AVN,44848527;FZXF36,18/07/2017,08:53:11,3,AVN,44848527;FZXF36,17/07/2017,08:47:20,3,AVN,44848527;FZXF36,14/07/2017,08:36:21,3,AVN,44848527;FZXF36,13/07/2017,08:54:05,3,AVN,44848527;FZXF36,12/07/2017,08:37:32,3,AVN,44848527;FZXF36,11/07/2017,08:50:17,3,AVN,44848527;FZXF36,07/07/2017,08:47:37,3,AVN,44848527;FZXF36,06/07/2017,08:43:39,3,AVN,44848527
10:23:09.013,000,RES:OK~Archivo creado
10:30:14.753,000,REQ:101~pdf~http://172.20.3.80:8080/Facturacion/webservices/ConsultaPDF.jsp?t=41&f=44848527&e=96992030&r=1,44848527
10:30:14.957,000,RES:OK~
10:30:18.101,000,REQ:107~2~FZXF36,01/08/2017,21:08:31,3,AVN,44848527;FZXF36,28/07/2017,08:13:52,3,AVN,44848527;FZXF36,27/07/2017,08:38:24,3,AVN,44848527;FZXF36,26/07/2017,08:57:38,3,AVN,44848527;FZXF36,25/07/2017,08:33:45,3,AVN,44848527;FZXF36,24/07/2017,08:57:05,3,AVN,44848527;FZXF36,21/07/2017,14:25:43,14,AVN,44848527;FZXF36,21/07/2017,14:23:31,12,AVN,44848527;FZXF36,21/07/2017,14:21:29,10,AVN,44848527;FZXF36,21/07/2017,14:20:58,9,AVN,44848527;FZXF36,21/07/2017,14:17:41,7,AVN,44848527;FZXF36,21/07/2017,14:16:05,5,AVN,44848527;FZXF36,21/07/2017,08:55:18,3,AVN,44848527;FZXF36,20/07/2017,08:43:26,3,AVN,44848527;FZXF36,19/07/2017,08:51:59,3,AVN,44848527;FZXF36,18/07/2017,08:53:11,3,AVN,44848527;FZXF36,17/07/2017,08:47:20,3,AVN,44848527;FZXF36,14/07/2017,08:36:21,3,AVN,44848527;FZXF36,13/07/2017,08:54:05,3,AVN,44848527;FZXF36,12/07/2017,08:37:32,3,AVN,44848527;FZXF36,11/07/2017,08:50:17,3,AVN,44848527;FZXF36,07/07/2017,08:47:37,3,AVN,44848527;FZXF36,06/07/2017,08:43:39,3,AVN,44848527
10:30:18.501,000,RES:OK~Archivo creado
10:36:48.804,000,REQ:101~pdf~http://172.20.3.80:8080/Facturacion/webservices/ConsultaPDF.jsp?t=41&f=44848527&e=96992030&r=1,44848527
10:36:49.114,000,RES:OK~
10:39:19.922,000,REQ:104~1~30
10:39:22.551,000,RES:OK~17122588-4
10:39:22.629,000,REQ:105~1~30
10:39:23.128,000,RES:OK~Indice Derecho
10:39:23.227,000,REQ:106~1~30
10:39:26.989,000,RES:OK~True
10:46:05.623,000,REQ:101~pdf~http://172.20.3.80:8080/Facturacion/webservices/ConsultaPDF.jsp?t=41&f=3139179&e=96992030&r=1,3139179
10:46:06.325,000,RES:OK~
10:46:33.865,000,REQ:101~pdf~http://172.20.3.80:8080/Facturacion/webservices/ConsultaPDF.jsp?t=41&f=3232806&e=96992030&r=1,3232806
10:46:34.405,000,RES:OK~
10:54:14.218,000,REQ:101~pdf~http://172.20.3.80:8080/Facturacion/webservices/ConsultaPDF.jsp?t=41&f=44667092&e=96992030&r=1,44667092
10:54:15.841,000,RES:OK~
10:54:18.989,000,REQ:107~2~IUF030,12/07/2017,17:55:52,10,AVN,44667092;IUF030,12/07/2017,17:55:13,9,AVN,44667092;IUF030,12/07/2017,17:49:25,7,AVN,44667092;IUF030,12/07/2017,17:47:28,5,AVN,44667092;IUF030,12/07/2017,17:44:22,3,AVN,44667092;IUF030,12/07/2017,17:42:59,16,AVN,44667092;IUF030,12/07/2017,17:39:53,1,AVN,44667092;IUF030,10/07/2017,17:03:44,4,AVN,44667092;IUF030,10/07/2017,17:00:42,6,AVN,44667092;IUF030,10/07/2017,16:55:26,8,AVN,44667092
10:54:19.312,000,RES:OK~Archivo creado
11:36:42.916,000,REQ:101~pdf~http://172.20.3.80:8080/Facturacion/webservices/ConsultaPDF.jsp?t=41&f=44370550&e=96992030&r=1,44370550
11:36:43.466,000,RES:OK~
11:37:20.419,000,REQ:101~pdf~http://172.20.3.80:8080/Facturacion/webservices/ConsultaPDF.jsp?t=41&f=44370550&e=96992030&r=1,44370550
11:37:20.571,000,RES:OK~
11:38:40.024,000,REQ:101~pdf~http://172.20.3.80:8080/Facturacion/webservices/ConsultaPDF.jsp?t=41&f=44093981&e=96992030&r=1,44093981
11:38:40.564,000,RES:OK~
11:38:43.721,000,REQ:107~2~GYJ054,08/05/2017,23:16:16,10,AVN,44093981;GYJ054,08/05/2017,23:15:36,9,AVN,44093981;GYJ054,08/05/2017,23:11:29,7,AVN,44093981;GYJ054,08/05/2017,23:09:23,5,AVN,44093981;GYJ054,08/05/2017,23:04:41,16,AVN,44093981;GYJ054,08/05/2017,23:01:34,1,AVN,44093981;GYJ054,04/05/2017,06:34:48,8,AVN,44093981;KQE652,08/05/2017,23:04:17,10,AVN,44093981;KQE652,08/05/2017,23:03:34,9,AVN,44093981;KQE652,08/05/2017,22:59:26,7,AVN,44093981;KQE652,08/05/2017,22:53:56,3,AVN,44093981;KQE652,08/05/2017,22:52:43,16,AVN,44093981;KQE652,06/05/2017,16:53:32,17,AVN,44093981;KQE652,06/05/2017,16:50:27,2,AVN,44093981;KQE652,06/05/2017,12:23:47,4,AVN,44093981;KQE652,06/05/2017,12:20:39,6,AVN,44093981;KQE652,06/05/2017,12:14:04,11,AVN,44093981;KQE652,26/04/2017,15:19:07,10,AVN,44093981;KQE652,26/04/2017,15:17:49,9,AVN,44093981;KQE652,26/04/2017,15:13:59,7,AVN,44093981;KQE652,26/04/2017,15:11:57,5,AVN,44093981;KQE652,26/04/2017,15:08:43,3,AVN,44093981;KQE652,26/04/2017,15:07:26,16,AVN,44093981;KQE652,26/04/2017,15:04:28,1,AVN,44093981;KQE652,19/04/2017,18:29:58,17,AVN,44093981;KQE652,19/04/2017,18:27:41,2,AVN,44093981;KQE652,19/04/2017,18:25:21,4,AVN,44093981;KQE652,19/04/2017,18:22:38,6,AVN,44093981;KQE652,19/04/2017,18:17:33,8,AVN,44093981;KQE652,19/04/2017,18:16:18,11,AVN,44093981;LKF159,04/05/2017,21:55:06,10,AVN,44093981;LKF159,04/05/2017,21:54:26,9,AVN,44093981;LKF159,04/05/2017,21:50:34,7,AVN,44093981;LKF159,04/05/2017,21:43:48,16,AVN,44093981;LKF159,04/05/2017,21:40:44,1,AVN,44093981;LKF159,03/05/2017,21:28:26,17,AVN,44093981;LKF159,03/05/2017,21:26:05,2,AVN,44093981;LKF159,03/05/2017,21:23:40,4,AVN,44093981;LKF159,03/05/2017,21:20:55,6,AVN,44093981;LKF159,18/04/2017,15:52:05,10,AVN,44093981;LKF159,18/04/2017,15:47:31,7,AVN,44093981;LKF159,18/04/2017,15:45:25,5,AVN,44093981;LKF159,18/04/2017,15:41:50,3,AVN,44093981;LKF159,18/04/2017,15:40:36,16,AVN,44093981;LKF159,18/04/2017,15:37:39,1,AVN,44093981;LKF159,17/04/2017,16:45:04,17,AVN,44093981;LKF159,17/04/2017,16:42:40,2,AVN,44093981;LKF159,17/04/2017,16:40:15,4,AVN,44093981;LKF159,17/04/2017,16:32:26,8,AVN,44093981;LKF159,17/04/2017,12:36:21,9,AVN,44093981;LKF159,17/04/2017,12:27:09,3,AVN,44093981;LKF159,17/04/2017,12:25:54,16,AVN,44093981;LKF159,17/04/2017,12:23:03,1,AVN,44093981;LOS652,18/05/2017,15:08:59,17,AVN,44093981;LOS652,08/05/2017,23:15:30,9,AVN,44093981;LOS652,08/05/2017,23:09:16,5,AVN,44093981;LOS652,08/05/2017,23:05:49,3,AVN,44093981;LOS652,08/05/2017,23:04:36,16,AVN,44093981;LOS652,08/05/2017,23:01:29,1,AVN,44093981;LOS652,06/05/2017,22:04:17,17,AVN,44093981;LOS652,06/05/2017,22:01:51,2,AVN,44093981;LOS652,06/05/2017,21:59:24,4,AVN,44093981;LOS652,06/05/2017,21:56:28,6,AVN,44093981;LOS652,06/05/2017,21:50:59,8,AVN,44093981;LOS652,24/04/2017,18:34:00,10,AVN,44093981;LOS652,24/04/2017,18:33:21,9,AVN,44093981;LOS652,24/04/2017,18:29:28,7,AVN,44093981;LOS652,24/04/2017,18:27:23,5,AVN,44093981;LOS652,24/04/2017,18:24:01,3,AVN,44093981;LOS652,24/04/2017,18:22:47,16,AVN,44093981;LOS652,24/04/2017,18:19:42,1,AVN,44093981;LOS652,18/04/2017,00:04:35,11,AVN,44093981;LZC971,08/05/2017,23:04:14,10,AVN,44093981;LZC971,08/05/2017,23:03:31,9,AVN,44093981;LZC971,08/05/2017,22:59:22,7,AVN,44093981;LZC971,08/05/2017,22:57:18,5,AVN,44093981;LZC971,08/05/2017,22:53:51,3,AVN,44093981;LZC971,08/05/2017,22:52:39,16,AVN,44093981;LZC971,08/05/2017,22:49:42,1,AVN,44093981;LZC971,05/05/2017,05:58:10,17,AVN,44093981;LZC971,05/05/2017,05:55:49,2,AVN,44093981;LZC971,05/05/2017,05:53:22,4,AVN,44093981;LZC971,05/05/2017,05:50:36,6,AVN,44093981;LZC971,05/05/2017,05:45:12,8,AVN,44093981;LZC971,05/05/2017,05:43:48,11,AVN,44093981;LZC971,18/04/2017,15:41:55,3,AVN,44093981
11:38:44.880,000,RES:OK~Archivo creado
11:46:12.461,000,REQ:104~1~30
11:46:14.975,000,RES:OK~17122588-4
11:46:15.068,000,REQ:105~1~30
11:46:15.568,000,RES:OK~Indice Derecho
11:46:15.673,000,REQ:106~1~30
11:46:26.078,000,ERR:TPAuto.HuellaCI.Exceptions.FingerprintTimeoutException: El tiempo para esperar la lectura de la huella ha expirado.
   at TPAuto.HuellaCI.ValidadorHuella.ValidarHuella(String readerName, Int32 timeout) in E:\00.- Proyectos\01.- Autopista Vespucio Norte\PipeComponent\PipeComponent\HuellaCI\ValidadorHuella.cs:line 290
   at PipeComponent.PipeServer.WaitForConnectionCallBack(IAsyncResult iar) in E:\00.- Proyectos\01.- Autopista Vespucio Norte\PipeComponent\PipeComponent\PipeServer.cs:line 217
11:46:26.094,000,RES:NOK~El tiempo para esperar la lectura de la huella ha expirado.
11:46:32.270,000,REQ:104~1~30
11:46:34.788,000,RES:OK~17122588-4
11:46:34.866,000,REQ:105~1~30
11:46:35.365,000,RES:OK~Indice Derecho
11:46:35.474,000,REQ:106~1~30
11:46:45.862,000,ERR:TPAuto.HuellaCI.Exceptions.FingerprintTimeoutException: El tiempo para esperar la lectura de la huella ha expirado.
   at TPAuto.HuellaCI.ValidadorHuella.ValidarHuella(String readerName, Int32 timeout) in E:\00.- Proyectos\01.- Autopista Vespucio Norte\PipeComponent\PipeComponent\HuellaCI\ValidadorHuella.cs:line 290
   at PipeComponent.PipeServer.WaitForConnectionCallBack(IAsyncResult iar) in E:\00.- Proyectos\01.- Autopista Vespucio Norte\PipeComponent\PipeComponent\PipeServer.cs:line 217
11:46:45.862,000,RES:NOK~El tiempo para esperar la lectura de la huella ha expirado.
11:46:56.279,000,REQ:104~1~30
11:46:58.356,000,RES:OK~17122588-4
11:46:58.434,000,REQ:105~1~30
11:46:58.933,000,RES:OK~Indice Derecho
11:46:59.011,000,REQ:106~1~30
11:47:04.043,000,RES:OK~True
11:47:25.856,000,REQ:101~pdf~http://172.20.3.80:8080/Facturacion/webservices/ConsultaPDF.jsp?t=41&f=44848527&e=96992030&r=1,44848527
11:47:27.511,000,RES:OK~
11:57:27.054,000,REQ:107~3~NB1633,03/11/2016,23/11/2016,Fuera de Plazo,AVN
11:57:27.378,000,RES:OK~Archivo creado
11:57:56.368,000,REQ:107~2~NB1633,01/10/2016,08:02:41,10,AVN,41746466;NB1633,01/10/2016,08:05:07,12,AVN,41746466;NB1633,01/10/2016,18:06:20,13,AVN,41746466;NB1633,01/10/2016,18:08:39,11,AVN,41746466;NB1633,02/10/2016,09:54:34,12,AVN,41746466;NB1633,02/10/2016,09:52:21,10,AVN,41746466;NB1633,05/10/2016,07:45:07,12,AVN,41746466;NB1633,05/10/2016,07:42:25,10,AVN,41746466;NB1633,05/10/2016,17:32:13,11,AVN,41746466;NB1633,05/10/2016,17:29:24,13,AVN,41746466;NB1633,07/10/2016,17:30:53,2,AVN,41746466;NB1633,07/10/2016,17:35:29,17,AVN,41746466;NB1633,09/10/2016,18:11:55,13,AVN,41746466;NB1633,09/10/2016,18:13:57,11,AVN,41746466;NB1633,14/10/2016,09:10:44,16,AVN,41746466;NB1633,14/10/2016,09:12:21,3,AVN,41746466;NB1633,14/10/2016,11:11:50,10,AVN,41746466;NB1633,14/10/2016,11:14:14,12,AVN,41746466;NB1633,14/10/2016,18:44:33,13,AVN,41746466;NB1633,14/10/2016,18:49:55,11,AVN,41746466;NB1633,20/10/2016,18:24:27,13,AVN,41746466;NB1633,20/10/2016,18:26:46,11,AVN,41746466;NB1633,20/10/2016,18:28:07,8,AVN,41746466;NB1633,20/10/2016,18:42:52,4,AVN,41746466;NB1633,20/10/2016,19:01:03,17,AVN,41746466;NB1633,22/10/2016,10:00:24,10,AVN,41746466;NB1633,22/10/2016,10:02:23,12,AVN,41746466;NB1633,22/10/2016,10:04:12,14,AVN,41746466;NB1633,25/10/2016,18:04:04,13,AVN,41746466;NB1633,25/10/2016,18:08:41,11,AVN,41746466;NB1633,26/10/2016,08:01:41,12,AVN,41746466;NB1633,26/10/2016,14:56:28,13,AVN,41746466;NB1633,26/10/2016,14:58:28,11,AVN,41746466;NB1633,26/10/2016,14:59:33,8,AVN,41746466;NB1633,26/10/2016,15:04:06,6,AVN,41746466;NB1633,26/10/2016,15:09:23,3,AVN,41746466;NB1633,26/10/2016,15:55:24,4,AVN,41746466;NB1633,26/10/2016,16:03:24,5,AVN,41746466;NB1633,26/10/2016,16:05:02,7,AVN,41746466;NB1633,26/10/2016,16:10:24,12,AVN,41746466;NB1633,26/10/2016,16:08:40,10,AVN,41746466;NB1633,26/10/2016,17:20:54,13,AVN,41746466;NB1633,31/10/2016,12:28:28,4,AVN,41746466
11:57:56.816,000,RES:OK~Archivo creado
11:57:56.877,000,REQ:107~2~NB1633,26/09/2016,08:34:55,10,AVN,41442154;NB1633,26/09/2016,08:44:08,12,AVN,41442154;NB1633,26/09/2016,16:58:17,13,AVN,41442154;NB1633,30/09/2016,08:21:02,12,AVN,41442154
11:57:57.047,000,RES:OK~Archivo creado
12:00:08.153,000,REQ:107~1~PK1089,8464994,03/08/2008,02/01/2009;PK1089,8741556,09/09/2008,02/01/2009;PK1089,9427579,03/11/2008,04/03/2009
12:00:08.391,000,RES:OK~Archivo creado
12:06:57.713,000,REQ:107~1~YV3690,187186,07/01/2006,01/04/2007;YV3690,187186,08/01/2006,01/04/2007;YV3690,187186,09/01/2006,01/04/2007;YV3690,187186,10/01/2006,01/04/2007;YV3690,187186,11/01/2006,01/04/2007;YV3690,187186,12/01/2006,01/04/2007;YV3690,187186,13/01/2006,01/04/2007;YV3690,606019,14/01/2006,01/04/2007;YV3690,606019,15/01/2006,01/04/2007;YV3690,606019,16/01/2006,01/04/2007;YV3690,606019,17/01/2006,01/04/2007;YV3690,606019,18/01/2006,01/04/2007;YV3690,606019,19/01/2006,01/04/2007;YV3690,606019,20/01/2006,01/04/2007;YV3690,606019,21/01/2006,01/04/2007;YV3690,606019,22/01/2006,01/04/2007;YV3690,606019,23/01/2006,01/04/2007;YV3690,606019,24/01/2006,01/04/2007;YV3690,2034142,27/10/2006,19/12/2007;YV3690,2034142,22/11/2006,19/12/2007;YV3690,2034142,08/01/2007,19/12/2007;YV3690,2034142,09/01/2007,19/12/2007;YV3690,3845000,04/06/2007,24/12/2007;YV3690,3845000,09/06/2007,24/12/2007;YV3690,3845000,10/06/2007,24/12/2007;YV3690,35061907,13/03/2015,05/06/2015
12:06:58.157,000,RES:OK~Archivo creado
12:25:30.114,000,REQ:102~NII ExD NP-K3053~1100130929,9953381,23/08/2017,85.793,801541346,SANDRA DEL CARMEN AGUILERA
12:25:30.246,000,RES:OK~Voucher impreso
12:25:47.956,000,REQ:102~NII ExD NP-K3053~1100130929,9953381,23/08/2017,85.793,801541346,SANDRA DEL CARMEN AGUILERA
12:25:48.080,000,RES:OK~Voucher impreso
12:27:35.759,000,REQ:102~NII ExD NP-K3053~1101667548,9843152,09/08/2017,3.211,12900315671,JAIME ADRIAN TAPIA;1101429133,9853997,09/08/2017,3.633,9401093745,JAIME ADRIAN TAPIA;1101205123,44667092,09/08/2017,8.156,11800382167,JAIME ADRIAN TAPIA;991100027723,44669174,09/08/2017,83.837,11500394819,JAIME ADRIAN TAPIA;991100046469,44669443,09/08/2017,92.941,301759797,JAIME ADRIAN TAPIA
12:27:36.432,000,RES:OK~Voucher impreso
12:28:17.050,000,REQ:102~NII ExD NP-K3053~1101205123,44667092,09/08/2017,8.156,11800382167,JAIME ADRIAN TAPIA
12:28:17.176,000,RES:OK~Voucher impreso
12:29:00.674,000,REQ:104~1~30
12:29:03.303,000,RES:OK~17122588-4
12:29:03.396,000,REQ:105~1~30
12:29:03.880,000,RES:OK~Indice Derecho
12:29:03.976,000,REQ:106~1~30
12:29:06.808,000,RES:OK~True
12:29:44.039,000,REQ:101~pdf~http://172.20.3.80:8080/Facturacion/webservices/ConsultaPDF.jsp?t=41&f=44848527&e=96992030&r=1,44848527
12:29:44.242,000,RES:OK~
12:30:09.042,000,REQ:101~pdf~http://172.20.3.80:8080/Facturacion/webservices/ConsultaPDF.jsp?t=41&f=44559918&e=96992030&r=1,44559918
12:30:09.647,000,RES:OK~
12:30:12.794,000,REQ:107~2~FZXF36,04/07/2017,12:03:44,3,AVN,44559918;FZXF36,03/07/2017,08:53:17,3,AVN,44559918;FZXF36,01/07/2017,18:42:42,10,AVN,44559918;FZXF36,30/06/2017,08:53:37,3,AVN,44559918;FZXF36,29/06/2017,08:29:50,3,AVN,44559918;FZXF36,28/06/2017,08:49:07,3,AVN,44559918;FZXF36,27/06/2017,14:03:58,3,AVN,44559918;FZXF36,27/06/2017,14:01:27,16,AVN,44559918;FZXF36,27/06/2017,13:38:37,2,AVN,44559918;FZXF36,27/06/2017,08:49:21,3,AVN,44559918;FZXF36,23/06/2017,08:47:59,3,AVN,44559918;FZXF36,22/06/2017,08:50:20,3,AVN,44559918;FZXF36,21/06/2017,08:48:16,3,AVN,44559918;FZXF36,20/06/2017,08:51:58,3,AVN,44559918;FZXF36,19/06/2017,08:54:31,3,AVN,44559918;FZXF36,16/06/2017,16:52:14,10,AVN,44559918;FZXF36,16/06/2017,13:34:46,10,AVN,44559918;FZXF36,16/06/2017,13:34:04,9,AVN,44559918;FZXF36,16/06/2017,13:30:53,7,AVN,44559918;FZXF36,16/06/2017,13:29:13,5,AVN,44559918;FZXF36,16/06/2017,08:50:29,3,AVN,44559918;FZXF36,15/06/2017,08:48:08,3,AVN,44559918;FZXF36,14/06/2017,08:49:25,3,AVN,44559918;FZXF36,13/06/2017,08:55:21,3,AVN,44559918;FZXF36,12/06/2017,14:40:51,3,AVN,44559918;FZXF36,12/06/2017,14:39:38,16,AVN,44559918;FZXF36,12/06/2017,13:14:21,2,AVN,44559918;FZXF36,12/06/2017,08:50:17,3,AVN,44559918;FZXF36,10/06/2017,14:46:02,17,AVN,44559918;FZXF36,10/06/2017,14:43:54,2,AVN,44559918;FZXF36,10/06/2017,13:32:42,3,AVN,44559918;FZXF36,09/06/2017,08:49:55,3,AVN,44559918;FZXF36,08/06/2017,08:57:12,3,AVN,44559918;FZXF36,07/06/2017,08:46:27,3,AVN,44559918;FZXF36,06/06/2017,08:49:44,3,AVN,44559918
12:30:13.313,000,RES:OK~Archivo creado
12:32:48.635,000,REQ:101~pdf~http://172.20.3.80:8080/Facturacion/webservices/ConsultaPDF.jsp?t=39&f=9953381&e=96992030&r=1,9953381
12:32:49.409,000,RES:OK~
12:33:11.270,000,REQ:101~pdf~http://172.20.3.80:8080/Facturacion/webservices/ConsultaPDF.jsp?t=39&f=9953381&e=96992030&r=1,9953381
12:33:11.492,000,RES:OK~
12:33:14.608,000,REQ:107~2~HTSX11,04/08/2017,18:57:46,17,AVN,9953381;HTSX11,04/08/2017,18:49:36,2,AVN,9953381;HTSX11,04/08/2017,18:42:08,4,AVN,9953381;HTSX11,04/08/2017,18:25:09,6,AVN,9953381;HTSX11,04/08/2017,18:18:21,8,AVN,9953381;HTSX11,04/08/2017,18:17:06,11,AVN,9953381;HTSX11,04/08/2017,08:44:49,10,AVN,9953381;HTSX11,03/08/2017,19:13:48,17,AVN,9953381;HTSX11,03/08/2017,19:08:25,2,AVN,9953381;HTSX11,03/08/2017,18:59:15,4,AVN,9953381;HTSX11,03/08/2017,13:12:59,6,AVN,9953381;HTSX11,03/08/2017,13:08:41,8,AVN,9953381;HTSX11,03/08/2017,13:07:37,11,AVN,9953381;HTSX11,03/08/2017,09:13:00,10,AVN,9953381;HTSX11,02/08/2017,13:28:39,17,AVN,9953381;HTSX11,02/08/2017,13:26:51,2,AVN,9953381;HTSX11,02/08/2017,13:24:49,4,AVN,9953381;HTSX11,02/08/2017,13:22:41,6,AVN,9953381;HTSX11,02/08/2017,13:18:28,8,AVN,9953381;HTSX11,02/08/2017,13:17:32,11,AVN,9953381;HTSX11,02/08/2017,08:54:08,10,AVN,9953381;HTSX11,01/08/2017,18:44:46,17,AVN,9953381;HTSX11,01/08/2017,18:41:48,2,AVN,9953381;HTSX11,01/08/2017,18:35:09,4,AVN,9953381;HTSX11,01/08/2017,18:30:10,6,AVN,9953381;HTSX11,01/08/2017,18:25:21,8,AVN,9953381;HTSX11,01/08/2017,18:24:01,11,AVN,9953381;HTSX11,01/08/2017,08:42:44,10,AVN,9953381;HTSX11,31/07/2017,19:06:40,17,AVN,9953381;HTSX11,31/07/2017,19:01:54,2,AVN,9953381;HTSX11,31/07/2017,18:52:22,4,AVN,9953381;HTSX11,31/07/2017,13:42:50,6,AVN,9953381;HTSX11,31/07/2017,13:38:54,8,AVN,9953381;HTSX11,31/07/2017,13:37:50,11,AVN,9953381;HTSX11,31/07/2017,08:36:29,10,AVN,9953381;HTSX11,28/07/2017,19:32:18,11,AVN,9953381;HTSX11,28/07/2017,09:29:59,10,AVN,9953381;HTSX11,28/07/2017,09:29:26,9,AVN,9953381;HTSX11,28/07/2017,09:26:12,7,AVN,9953381;HTSX11,28/07/2017,09:24:35,5,AVN,9953381;HTSX11,28/07/2017,08:37:14,3,AVN,9953381;HTSX11,28/07/2017,08:35:22,16,AVN,9953381;HTSX11,28/07/2017,08:26:32,1,AVN,9953381;HTSX11,27/07/2017,19:08:05,17,AVN,9953381;HTSX11,27/07/2017,19:02:54,2,AVN,9953381;HTSX11,27/07/2017,18:56:11,4,AVN,9953381;HTSX11,27/07/2017,13:47:47,3,AVN,9953381;HTSX11,27/07/2017,13:46:45,16,AVN,9953381;HTSX11,27/07/2017,13:44:15,1,AVN,9953381;HTSX11,26/07/2017,18:43:25,17,AVN,9953381;HTSX11,26/07/2017,18:37:51,2,AVN,9953381;HTSX11,26/07/2017,18:28:23,4,AVN,9953381;HTSX11,26/07/2017,14:29:42,6,AVN,9953381;HTSX11,26/07/2017,14:25:50,8,AVN,9953381;HTSX11,26/07/2017,14:24:52,11,AVN,9953381;HTSX11,26/07/2017,14:22:55,13,AVN,9953381;HTSX11,26/07/2017,14:20:55,15,AVN,9953381;HTSX11,26/07/2017,13:07:57,14,AVN,9953381;HTSX11,26/07/2017,13:06:09,12,AVN,9953381;HTSX11,26/07/2017,08:51:38,10,AVN,9953381;HTSX11,25/07/2017,18:46:56,17,AVN,9953381;HTSX11,25/07/2017,18:42:04,2,AVN,9953381;HTSX11,25/07/2017,18:35:22,4,AVN,9953381;HTSX11,25/07/2017,18:31:14,6,AVN,9953381;HTSX11,25/07/2017,18:25:12,8,AVN,9953381;HTSX11,25/07/2017,18:24:05,11,AVN,9953381;HTSX11,25/07/2017,08:44:08,10,AVN,9953381;HTSX11,24/07/2017,18:51:42,17,AVN,9953381;HTSX11,24/07/2017,18:48:23,2,AVN,9953381;HTSX11,24/07/2017,18:42:09,4,AVN,9953381;HTSX11,24/07/2017,13:39:58,6,AVN,9953381;HTSX11,24/07/2017,13:35:37,8,AVN,9953381;HTSX11,24/07/2017,13:34:41,11,AVN,9953381;HTSX11,24/07/2017,08:58:40,10,AVN,9953381;HTSX11,21/07/2017,14:04:28,17,AVN,9953381;HTSX11,21/07/2017,14:02:10,2,AVN,9953381;HTSX11,21/07/2017,14:00:00,4,AVN,9953381;HTSX11,21/07/2017,13:57:27,6,AVN,9953381;HTSX11,21/07/2017,13:53:00,8,AVN,9953381;HTSX11,21/07/2017,13:52:00,11,AVN,9953381;HTSX11,21/07/2017,08:56:21,10,AVN,9953381;HTSX11,21/07/2017,08:55:49,9,AVN,9953381;HTSX11,21/07/2017,08:52:40,7,AVN,9953381;HTSX11,21/07/2017,08:51:02,5,AVN,9953381;HTSX11,21/07/2017,08:48:12,3,AVN,9953381;HTSX11,21/07/2017,08:47:05,16,AVN,9953381;HTSX11,21/07/2017,08:44:25,1,AVN,9953381;HTSX11,20/07/2017,18:53:25,17,AVN,9953381;HTSX11,20/07/2017,18:49:50,2,AVN,9953381;HTSX11,20/07/2017,18:41:36,4,AVN,9953381;HTSX11,20/07/2017,18:19:52,6,AVN,9953381;HTSX11,20/07/2017,18:12:25,8,AVN,9953381;HTSX11,20/07/2017,18:11:16,11,AVN,9953381;HTSX11,20/07/2017,08:57:31,10,AVN,9953381;HTSX11,19/07/2017,18:32:26,17,AVN,9953381;HTSX11,19/07/2017,18:27:26,2,AVN,9953381;HTSX11,19/07/2017,18:21:16,4,AVN,9953381;HTSX11,19/07/2017,18:18:46,6,AVN,9953381;HTSX11,19/07/2017,18:13:45,8,AVN,9953381;HTSX11,19/07/2017,18:12:39,11,AVN,9953381;HTSX11,19/07/2017,08:48:26,10,AVN,9953381;HTSX11,19/07/2017,08:47:46,9,AVN,9953381;HTSX11,19/07/2017,08:44:27,7,AVN,9953381;HTSX11,19/07/2017,08:42:33,5,AVN,9953381;HTSX11,19/07/2017,08:39:40,3,AVN,9953381;HTSX11,19/07/2017,08:38:05,16,AVN,9953381;HTSX11,19/07/2017,08:35:21,1,AVN,9953381;HTSX11,18/07/2017,19:27:41,17,AVN,9953381;HTSX11,18/07/2017,19:23:01,2,AVN,9953381;HTSX11,18/07/2017,19:03:15,4,AVN,9953381;HTSX11,18/07/2017,14:07:41,6,AVN,9953381;HTSX11,18/07/2017,14:03:49,8,AVN,9953381;HTSX11,18/07/2017,14:02:49,11,AVN,9953381;HTSX11,18/07/2017,10:55:24,13,AVN,9953381;HTSX11,18/07/2017,10:53:24,15,AVN,9953381;HTSX11,17/07/2017,18:45:41,17,AVN,9953381;HTSX11,17/07/2017,18:39:51,2,AVN,9953381;HTSX11,17/07/2017,18:29:12,4,AVN,9953381;HTSX11,17/07/2017,18:21:11,6,AVN,9953381;HTSX11,17/07/2017,18:15:59,8,AVN,9953381;HTSX11,17/07/2017,18:14:50,11,AVN,9953381;HTSX11,17/07/2017,08:52:58,10,AVN,9953381;HTSX11,17/07/2017,08:52:24,9,AVN,9953381;HTSX11,17/07/2017,08:48:54,7,AVN,9953381;HTSX11,17/07/2017,08:46:27,5,AVN,9953381;HTSX11,17/07/2017,08:43:16,3,AVN,9953381;HTSX11,17/07/2017,08:42:10,16,AVN,9953381;HTSX11,17/07/2017,08:39:33,1,AVN,9953381;HTSX11,14/07/2017,14:14:01,17,AVN,9953381;HTSX11,14/07/2017,14:12:07,2,AVN,9953381;HTSX11,14/07/2017,14:09:52,4,AVN,9953381;HTSX11,14/07/2017,11:55:57,6,AVN,9953381;HTSX11,14/07/2017,11:51:39,8,AVN,9953381;HTSX11,14/07/2017,11:50:36,11,AVN,9953381;HTSX11,14/07/2017,08:53:23,10,AVN,9953381;HTSX11,14/07/2017,08:52:48,9,AVN,9953381;HTSX11,14/07/2017,08:49:24,7,AVN,9953381;HTSX11,14/07/2017,08:47:22,5,AVN,9953381;HTSX11,14/07/2017,08:44:28,3,AVN,9953381;HTSX11,14/07/2017,08:42:49,16,AVN,9953381;HTSX11,14/07/2017,08:39:30,1,AVN,9953381;HTSX11,13/07/2017,19:06:41,17,AVN,9953381;HTSX11,13/07/2017,19:01:19,2,AVN,9953381;HTSX11,13/07/2017,18:56:59,4,AVN,9953381;HTSX11,13/07/2017,18:54:24,6,AVN,9953381;HTSX11,13/07/2017,18:49:27,8,AVN,9953381;HTSX11,13/07/2017,18:48:13,11,AVN,9953381;HTSX11,13/07/2017,09:03:34,10,AVN,9953381;HTSX11,13/07/2017,09:02:57,9,AVN,9953381;HTSX11,13/07/2017,08:59:14,7,AVN,9953381;HTSX11,13/07/2017,08:56:29,5,AVN,9953381;HTSX11,13/07/2017,08:53:17,3,AVN,9953381;HTSX11,13/07/2017,08:51:37,16,AVN,9953381;HTSX11,13/07/2017,08:42:41,1,AVN,9953381;HTSX11,12/07/2017,12:11:41,17,AVN,9953381;HTSX11,12/07/2017,12:09:56,2,AVN,9953381;HTSX11,12/07/2017,12:08:00,4,AVN,9953381;HTSX11,12/07/2017,12:05:43,6,AVN,9953381;HTSX11,12/07/2017,12:01:23,8,AVN,9953381;HTSX11,12/07/2017,12:00:26,11,AVN,9953381;HTSX11,12/07/2017,08:34:15,10,AVN,9953381;HTSX11,12/07/2017,08:33:41,9,AVN,9953381;HTSX11,12/07/2017,08:30:30,7,AVN,9953381;HTSX11,12/07/2017,08:28:47,5,AVN,9953381;HTSX11,12/07/2017,08:26:01,3,AVN,9953381;HTSX11,12/07/2017,08:24:26,16,AVN,9953381;HTSX11,12/07/2017,08:17:40,1,AVN,9953381;HTSX11,11/07/2017,18:58:36,17,AVN,9953381;HTSX11,11/07/2017,18:56:31,2,AVN,9953381;HTSX11,11/07/2017,13:16:27,6,AVN,9953381;HTSX11,11/07/2017,13:12:13,8,AVN,9953381;HTSX11,11/07/2017,13:11:06,11,AVN,9953381;HTSX11,11/07/2017,08:47:58,10,AVN,9953381;HTSX11,11/07/2017,08:47:29,9,AVN,9953381;HTSX11,11/07/2017,08:44:23,7,AVN,9953381;HTSX11,11/07/2017,08:42:38,5,AVN,9953381;HTSX11,11/07/2017,08:39:43,3,AVN,9953381;HTSX11,11/07/2017,08:38:15,16,AVN,9953381;HTSX11,11/07/2017,08:35:20,1,AVN,9953381;HTSX11,08/07/2017,20:55:43,17,AVN,9953381;HTSX11,08/07/2017,20:53:51,2,AVN,9953381;HTSX11,08/07/2017,20:31:21,16,AVN,9953381;HTSX11,08/07/2017,20:28:40,1,AVN,9953381;HTSX11,08/07/2017,12:52:30,17,AVN,9953381;HTSX11,08/07/2017,12:50:37,2,AVN,9953381;HTSX11,08/07/2017,12:26:29,16,AVN,9953381;HTSX11,08/07/2017,12:24:11,1,AVN,9953381;HTSX11,07/07/2017,14:13:59,17,AVN,9953381;HTSX11,07/07/2017,14:11:57,2,AVN,9953381;HTSX11,07/07/2017,14:09:58,4,AVN,9953381;HTSX11,07/07/2017,11:04:47,6,AVN,9953381;HTSX11,07/07/2017,11:00:28,8,AVN,9953381;HTSX11,07/07/2017,10:59:26,11,AVN,9953381;HTSX11,07/07/2017,08:55:41,10,AVN,9953381;HTSX11,07/07/2017,08:55:05,9,AVN,9953381;HTSX11,07/07/2017,08:52:05,7,AVN,9953381;HTSX11,07/07/2017,08:50:16,5,AVN,9953381;HTSX11,07/07/2017,08:47:14,3,AVN,9953381;HTSX11,07/07/2017,08:45:32,16,AVN,9953381;HTSX11,07/07/2017,08:37:25,1,AVN,9953381;HTSX11,06/07/2017,18:43:23,17,AVN,9953381;HTSX11,06/07/2017,18:38:39,2,AVN,9953381;HTSX11,06/07/2017,18:25:27,4,AVN,9953381;HTSX11,06/07/2017,18:13:13,6,AVN,9953381;HTSX11,06/07/2017,18:06:08,8,AVN,9953381;HTSX11,06/07/2017,18:04:57,11,AVN,9953381;HTSX11,06/07/2017,08:56:59,10,AVN,9953381;HTSX11,06/07/2017,08:56:28,9,AVN,9953381;HTSX11,06/07/2017,08:53:20,7,AVN,9953381;HTSX11,06/07/2017,08:51:19,5,AVN,9953381;HTSX11,06/07/2017,08:48:21,3,AVN,9953381;HTSX11,06/07/2017,08:46:31,16,AVN,9953381;HTSX11,06/07/2017,08:38:17,1,AVN,9953381;HTSX11,05/07/2017,19:04:14,17,AVN,9953381;HTSX11,05/07/2017,18:57:57,2,AVN,9953381;HTSX11,05/07/2017,18:47:05,4,AVN,9953381;HTSX11,05/07/2017,18:33:58,6,AVN,9953381;HTSX11,05/07/2017,18:29:19,8,AVN,9953381;HTSX11,05/07/2017,18:28:11,11,AVN,9953381;HTSX11,05/07/2017,09:04:25,10,AVN,9953381;HTSX11,05/07/2017,09:03:54,9,AVN,9953381;HTSX11,05/07/2017,09:00:39,7,AVN,9953381;HTSX11,05/07/2017,08:58:59,5,AVN,9953381;HTSX11,05/07/2017,08:56:22,3,AVN,9953381;HTSX11,05/07/2017,08:54:40,16,AVN,9953381
12:33:16.240,000,RES:OK~Archivo creado
12:36:13.417,000,REQ:101~pdf~http://172.20.3.80:8080/Facturacion/webservices/ConsultaPDF.jsp?t=41&f=3232806&e=96992030&r=1,3232806
12:36:13.911,000,RES:OK~
12:36:47.579,000,REQ:101~pdf~http://172.20.3.80:8080/Facturacion/webservices/ConsultaPDF.jsp?t=41&f=44667092&e=96992030&r=1,44667092
12:36:49.247,000,RES:OK~
12:38:05.102,000,REQ:101~pdf~http://172.20.3.80:8080/Facturacion/webservices/ConsultaPDF.jsp?t=39&f=9686550&e=96992030&r=1,9686550
12:38:05.723,000,RES:OK~
12:38:38.996,000,REQ:101~pdf~http://172.20.3.80:8080/Facturacion/webservices/ConsultaPDF.jsp?t=41&f=44370550&e=96992030&r=1,44370550
12:38:39.533,000,RES:OK~
12:42:47.776,000,REQ:107~3~NB1633,03/11/2016,23/11/2016,Fuera de Plazo,AVN
12:42:47.976,000,RES:OK~Archivo creado
12:43:15.547,000,REQ:107~2~NB1633,01/11/2016,10:52:22,12,AVN,42116974;NB1633,02/11/2016,18:18:05,13,AVN,42116974;NB1633,02/11/2016,18:21:44,11,AVN,42116974;NB1633,03/11/2016,08:04:51,3,AVN,42116974;NB1633,03/11/2016,08:03:08,16,AVN,42116974;NB1633,03/11/2016,08:08:06,5,AVN,42116974;NB1633,03/11/2016,08:10:28,7,AVN,42116974;NB1633,03/11/2016,08:18:32,12,AVN,42116974;NB1633,03/11/2016,18:00:34,13,AVN,42116974;NB1633,03/11/2016,18:10:29,11,AVN,42116974;NB1633,04/11/2016,07:42:53,16,AVN,42116974;NB1633,04/11/2016,07:45:07,3,AVN,42116974;NB1633,04/11/2016,07:48:32,5,AVN,42116974;NB1633,04/11/2016,07:50:15,7,AVN,42116974;NB1633,04/11/2016,07:58:21,9,AVN,42116974;NB1633,04/11/2016,07:59:19,10,AVN,42116974;NB1633,04/11/2016,08:01:11,12,AVN,42116974;NB1633,04/11/2016,18:46:41,13,AVN,42116974;NB1633,04/11/2016,18:49:39,11,AVN,42116974;NB1633,05/11/2016,09:34:19,16,AVN,42116974;NB1633,05/11/2016,09:35:20,3,AVN,42116974;NB1633,05/11/2016,09:37:47,5,AVN,42116974;NB1633,05/11/2016,09:39:18,7,AVN,42116974;NB1633,05/11/2016,09:42:05,9,AVN,42116974;NB1633,05/11/2016,09:42:31,10,AVN,42116974;NB1633,05/11/2016,09:44:13,12,AVN,42116974;NB1633,05/11/2016,18:21:03,13,AVN,42116974;NB1633,05/11/2016,18:22:58,11,AVN,42116974;NB1633,06/11/2016,08:17:06,10,AVN,42116974;NB1633,06/11/2016,08:19:02,12,AVN,42116974;NB1633,07/11/2016,09:56:21,12,AVN,42116974;NB1633,07/11/2016,18:12:44,13,AVN,42116974;NB1633,07/11/2016,18:15:05,11,AVN,42116974;NB1633,08/11/2016,08:34:22,10,AVN,42116974;NB1633,08/11/2016,09:23:26,12,AVN,42116974;NB1633,08/11/2016,10:16:26,14,AVN,42116974;NB1633,08/11/2016,11:09:21,13,AVN,42116974;NB1633,08/11/2016,12:09:54,12,AVN,42116974;NB1633,17/11/2016,12:54:38,2,AVN,42116974;NB1633,17/11/2016,12:56:37,17,AVN,42116974
12:43:15.776,000,RES:OK~Archivo creado
12:44:49.295,000,REQ:107~3~HZSR54,10/08/2016,30/08/2016,Fuera de Plazo,AVN;HZSR54,19/08/2016,08/09/2016,Fuera de Plazo,AVN-TSC;HZSR54,21/10/2016,10/11/2016,Fuera de Plazo,AVN;HZSR54,14/11/2016,04/12/2016,Fuera de Plazo,AVN-TSC;HZSR54,06/12/2016,26/12/2016,Fuera de Plazo,AVN-TSC;HZSR54,08/12/2016,28/12/2016,Fuera de Plazo,AVN-TSC;HZSR54,14/12/2016,03/01/2017,Fuera de Plazo,AVN-TSC;HZSR54,16/12/2016,05/01/2017,Fuera de Plazo,AVN-TSC;HZSR54,27/12/2016,16/01/2017,Fuera de Plazo,AVN;HZSR54,28/12/2016,17/01/2017,Fuera de Plazo,AVN-TSC;HZSR54,29/12/2016,18/01/2017,Fuera de Plazo,AVN-TSC;HZSR54,06/01/2017,26/01/2017,Fuera de Plazo,AVN-TSC;HZSR54,18/01/2017,07/02/2017,Fuera de Plazo,AVN-TSC;HZSR54,01/02/2017,21/02/2017,Fuera de Plazo,AVN;HZSR54,05/02/2017,25/02/2017,Fuera de Plazo,AVN;HZSR54,20/02/2017,12/03/2017,Fuera de Plazo,AVN;HZSR54,21/02/2017,13/03/2017,Fuera de Plazo,AVN;HZSR54,25/02/2017,17/03/2017,Fuera de Plazo,AVN;HZSR54,26/02/2017,18/03/2017,Fuera de Plazo,AVN;HZSR54,02/03/2017,22/03/2017,Fuera de Plazo,AVN;HZSR54,07/03/2017,27/03/2017,Fuera de Plazo,AVN;HZSR54,22/03/2017,11/04/2017,Fuera de Plazo,AVN-TSC;HZSR54,31/03/2017,20/04/2017,Fuera de Plazo,AVN;HZSR54,01/04/2017,21/04/2017,Fuera de Plazo,AVN;HZSR54,05/04/2017,25/04/2017,Fuera de Plazo,AVN;HZSR54,07/04/2017,27/04/2017,Fuera de Plazo,AVN;HZSR54,10/04/2017,30/04/2017,Fuera de Plazo,AVN;HZSR54,16/04/2017,06/05/2017,Fuera de Plazo,AVN;HZSR54,17/04/2017,07/05/2017,Fuera de Plazo,AVN;HZSR54,24/04/2017,14/05/2017,Fuera de Plazo,AVN;HZSR54,25/04/2017,15/05/2017,Fuera de Plazo,AVN;HZSR54,26/04/2017,16/05/2017,Fuera de Plazo,AVN;HZSR54,06/05/2017,26/05/2017,Fuera de Plazo,AVN;HZSR54,08/05/2017,28/05/2017,Fuera de Plazo,AVN;HZSR54,11/05/2017,31/05/2017,Fuera de Plazo,AVN;HZSR54,12/05/2017,01/06/2017,Fuera de Plazo,AVN;HZSR54,17/05/2017,06/06/2017,Fuera de Plazo,AVN;HZSR54,18/05/2017,07/06/2017,Fuera de Plazo,AVN;HZSR54,21/05/2017,10/06/2017,Fuera de Plazo,AVN;HZSR54,01/06/2017,21/06/2017,Fuera de Plazo,AVN;HZSR54,02/06/2017,22/06/2017,Fuera de Plazo,AVN;HZSR54,03/06/2017,23/06/2017,Fuera de Plazo,AVN;HZSR54,07/06/2017,27/06/2017,Fuera de Plazo,AVN;HZSR54,08/06/2017,28/06/2017,Fuera de Plazo,AVN;HZSR54,09/06/2017,29/06/2017,Fuera de Plazo,AVN;HZSR54,10/06/2017,30/06/2017,Fuera de Plazo,AVN;HZSR54,12/06/2017,02/07/2017,Fuera de Plazo,AVN;HZSR54,13/06/2017,03/07/2017,Fuera de Plazo,AVN;HZSR54,14/06/2017,04/07/2017,Fuera de Plazo,AVN;HZSR54,15/06/2017,05/07/2017,Fuera de Plazo,AVN;HZSR54,16/06/2017,06/07/2017,Fuera de Plazo,AVN;HZSR54,19/06/2017,09/07/2017,Fuera de Plazo,AVN;HZSR54,20/06/2017,10/07/2017,Fuera de Plazo,AVN;HZSR54,23/06/2017,13/07/2017,Fuera de Plazo,AVN
12:44:49.927,000,RES:OK~Archivo creado
12:48:11.691,000,REQ:107~1~PK1089,8464994,03/08/2008,02/01/2009;PK1089,8741556,09/09/2008,02/01/2009;PK1089,9427579,03/11/2008,04/03/2009
12:48:11.937,000,RES:OK~Archivo creado
