10:32:56.621,000,REQ:104~1~30
10:32:59.889,000,RES:OK~17122588-4
10:32:59.998,000,REQ:105~1~30
10:33:00.481,000,RES:OK~Indice Derecho
10:33:00.593,000,REQ:106~1~30
10:33:04.591,000,RES:OK~False
10:33:21.306,000,REQ:104~1~30
10:33:23.804,000,RES:OK~17122588-4
10:33:23.882,000,REQ:105~1~30
10:33:24.382,000,RES:OK~Indice Derecho
10:33:24.476,000,REQ:106~1~30
10:33:34.914,000,ERR:TPAuto.HuellaCI.Exceptions.FingerprintTimeoutException: El tiempo para esperar la lectura de la huella ha expirado.
   at TPAuto.HuellaCI.ValidadorHuella.ValidarHuella(String readerName, Int32 timeout) in E:\00.- Proyectos\01.- Autopista Vespucio Norte\PipeComponent\PipeComponent\HuellaCI\ValidadorHuella.cs:line 290
   at PipeComponent.PipeServer.WaitForConnectionCallBack(IAsyncResult iar) in E:\00.- Proyectos\01.- Autopista Vespucio Norte\PipeComponent\PipeComponent\PipeServer.cs:line 217
10:33:34.914,000,RES:NOK~El tiempo para esperar la lectura de la huella ha expirado.
10:33:43.835,000,REQ:104~1~30
10:33:49.960,000,RES:OK~17122588-4
10:33:50.038,000,REQ:105~1~30
10:33:50.537,000,RES:OK~Indice Derecho
10:33:50.632,000,REQ:106~1~30
10:34:01.061,000,ERR:TPAuto.HuellaCI.Exceptions.FingerprintTimeoutException: El tiempo para esperar la lectura de la huella ha expirado.
   at TPAuto.HuellaCI.ValidadorHuella.ValidarHuella(String readerName, Int32 timeout) in E:\00.- Proyectos\01.- Autopista Vespucio Norte\PipeComponent\PipeComponent\HuellaCI\ValidadorHuella.cs:line 290
   at PipeComponent.PipeServer.WaitForConnectionCallBack(IAsyncResult iar) in E:\00.- Proyectos\01.- Autopista Vespucio Norte\PipeComponent\PipeComponent\PipeServer.cs:line 217
10:34:01.061,000,RES:NOK~El tiempo para esperar la lectura de la huella ha expirado.
10:34:11.774,000,REQ:104~1~30
10:34:13.301,000,RES:OK~17122588-4
10:34:13.379,000,REQ:105~1~30
10:34:13.878,000,RES:OK~Indice Derecho
10:34:13.978,000,REQ:106~1~30
10:34:15.984,000,RES:OK~True
10:34:28.735,000,REQ:104~1~30
10:34:30.936,000,RES:OK~17122588-4
10:34:31.030,000,REQ:105~1~30
10:34:31.328,000,RES:OK~Indice Derecho
10:34:31.424,000,REQ:106~1~30
10:34:33.125,000,RES:OK~True
10:34:43.259,000,REQ:104~1~30
10:34:45.560,000,RES:OK~17122588-4
10:34:45.638,000,REQ:105~1~30
10:34:46.137,000,RES:OK~Indice Derecho
10:34:46.239,000,REQ:106~1~30
10:34:47.846,000,RES:OK~True
10:35:05.132,000,REQ:104~1~30
10:35:08.082,000,RES:OK~17083784-3
10:35:08.175,000,REQ:105~1~30
10:35:18.315,000,ERR:TPAuto.HuellaCI.Exceptions.CardTimeoutException: El tiempo para esperar la lectura de la cédula ha expirado --> SCardConnect error: FFFFFFFF80100069
   at TPAuto.HuellaCI.ValidadorHuella.ObtenerDedo(String readerName, Int32 timeout) in E:\00.- Proyectos\01.- Autopista Vespucio Norte\PipeComponent\PipeComponent\HuellaCI\ValidadorHuella.cs:line 190
   at PipeComponent.PipeServer.WaitForConnectionCallBack(IAsyncResult iar) in E:\00.- Proyectos\01.- Autopista Vespucio Norte\PipeComponent\PipeComponent\PipeServer.cs:line 205
10:35:18.315,000,RES:NOK~El tiempo para esperar la lectura de la cédula ha expirado --> SCardConnect error: FFFFFFFF80100069
10:36:14.263,000,REQ:104~1~30
10:36:17.312,000,RES:OK~17083784-3
10:36:17.406,000,REQ:105~1~30
10:36:27.546,000,ERR:TPAuto.HuellaCI.Exceptions.CardTimeoutException: El tiempo para esperar la lectura de la cédula ha expirado --> SCardConnect error: FFFFFFFF80100069
   at TPAuto.HuellaCI.ValidadorHuella.ObtenerDedo(String readerName, Int32 timeout) in E:\00.- Proyectos\01.- Autopista Vespucio Norte\PipeComponent\PipeComponent\HuellaCI\ValidadorHuella.cs:line 190
   at PipeComponent.PipeServer.WaitForConnectionCallBack(IAsyncResult iar) in E:\00.- Proyectos\01.- Autopista Vespucio Norte\PipeComponent\PipeComponent\PipeServer.cs:line 205
10:36:27.546,000,RES:NOK~El tiempo para esperar la lectura de la cédula ha expirado --> SCardConnect error: FFFFFFFF80100069
10:37:54.359,000,REQ:104~1~30
10:37:57.855,000,RES:OK~17083784-3
10:37:57.948,000,REQ:105~1~30
10:38:08.104,000,ERR:TPAuto.HuellaCI.Exceptions.CardTimeoutException: El tiempo para esperar la lectura de la cédula ha expirado --> SCardConnect error: FFFFFFFF80100069
   at TPAuto.HuellaCI.ValidadorHuella.ObtenerDedo(String readerName, Int32 timeout) in E:\00.- Proyectos\01.- Autopista Vespucio Norte\PipeComponent\PipeComponent\HuellaCI\ValidadorHuella.cs:line 190
   at PipeComponent.PipeServer.WaitForConnectionCallBack(IAsyncResult iar) in E:\00.- Proyectos\01.- Autopista Vespucio Norte\PipeComponent\PipeComponent\PipeServer.cs:line 205
10:38:08.104,000,RES:NOK~El tiempo para esperar la lectura de la cédula ha expirado --> SCardConnect error: FFFFFFFF80100069
10:38:40.496,000,REQ:104~1~30
10:38:43.112,000,RES:OK~17122588-4
10:38:43.205,000,REQ:105~1~30
10:38:43.683,000,RES:OK~Indice Derecho
10:38:43.777,000,REQ:106~1~30
10:38:46.310,000,RES:OK~True
10:39:18.922,000,REQ:101~pdf~http://asp4.paperless.cl/Facturacion/webservices/ConsultaPDF.jsp?t=41&f=45022703&e=96992030&r=1,45022703
10:39:19.844,000,RES:OK~
10:39:23.069,000,REQ:107~2~HVCY44,24/08/2017,09:00:21,6,AVN,45022703;HVCY44,24/08/2017,08:55:53,8,AVN,45022703;HVCY44,24/08/2017,08:54:48,11,AVN,45022703;HVCY44,23/08/2017,20:37:29,10,AVN,45022703;HVCY44,23/08/2017,20:36:56,9,AVN,45022703;HVCY44,23/08/2017,20:33:48,7,AVN,45022703;HVCY44,23/08/2017,20:32:06,5,AVN,45022703;HVCY44,23/08/2017,08:53:32,6,AVN,45022703;HVCY44,23/08/2017,08:49:33,8,AVN,45022703;HVCY44,23/08/2017,08:48:27,11,AVN,45022703;HVCY44,22/08/2017,18:33:49,10,AVN,45022703;HVCY44,22/08/2017,18:33:21,9,AVN,45022703;HVCY44,22/08/2017,18:30:18,7,AVN,45022703;HVCY44,22/08/2017,18:28:40,5,AVN,45022703;HVCY44,22/08/2017,08:51:38,6,AVN,45022703;HVCY44,22/08/2017,08:47:21,8,AVN,45022703;HVCY44,22/08/2017,08:46:11,11,AVN,45022703;HVCY44,21/08/2017,18:34:03,10,AVN,45022703;HVCY44,21/08/2017,18:33:27,9,AVN,45022703;HVCY44,21/08/2017,18:30:10,7,AVN,45022703;HVCY44,21/08/2017,18:28:38,5,AVN,45022703;HVCY44,21/08/2017,09:09:46,6,AVN,45022703;HVCY44,21/08/2017,09:05:26,8,AVN,45022703;HVCY44,21/08/2017,09:04:25,11,AVN,45022703;HVCY44,21/08/2017,09:02:33,13,AVN,45022703;HVCY44,21/08/2017,08:49:12,12,AVN,45022703;HVCY44,20/08/2017,18:33:27,13,AVN,45022703;HVCY44,20/08/2017,18:31:39,15,AVN,45022703;HVCY44,20/08/2017,18:30:39,102,TSC,45022703;HVCY44,20/08/2017,14:02:02,11,AVN,45022703;HVCY44,18/08/2017,20:51:25,10,AVN,45022703;HVCY44,18/08/2017,20:18:53,11,AVN,45022703;HVCY44,18/08/2017,14:25:09,10,AVN,45022703;HVCY44,18/08/2017,14:23:58,9,AVN,45022703;HVCY44,18/08/2017,14:10:00,7,AVN,45022703;HVCY44,18/08/2017,14:08:34,5,AVN,45022703;HVCY44,18/08/2017,08:45:25,6,AVN,45022703;HVCY44,18/08/2017,08:41:06,8,AVN,45022703;HVCY44,18/08/2017,08:39:55,11,AVN,45022703;HVCY44,17/08/2017,18:45:35,10,AVN,45022703;HVCY44,17/08/2017,18:45:05,9,AVN,45022703;HVCY44,17/08/2017,18:41:53,7,AVN,45022703;HVCY44,17/08/2017,18:40:18,5,AVN,45022703;HVCY44,17/08/2017,08:49:42,6,AVN,45022703;HVCY44,17/08/2017,08:45:43,8,AVN,45022703;HVCY44,17/08/2017,08:44:36,11,AVN,45022703;HVCY44,16/08/2017,18:35:38,10,AVN,45022703;HVCY44,16/08/2017,18:35:08,9,AVN,45022703;HVCY44,16/08/2017,18:31:45,7,AVN,45022703;HVCY44,16/08/2017,18:30:06,5,AVN,45022703;HVCY44,16/08/2017,10:18:41,6,AVN,45022703;HVCY44,16/08/2017,10:14:30,8,AVN,45022703;HVCY44,16/08/2017,10:13:30,11,AVN,45022703;HVCY44,16/08/2017,10:11:52,13,AVN,45022703;HVCY44,16/08/2017,10:10:07,15,AVN,45022703;HVCY44,16/08/2017,08:38:53,101,TSC,45022703;HVCY44,16/08/2017,08:35:02,14,AVN,45022703;HVCY44,16/08/2017,08:26:20,12,AVN,45022703;HVCY44,15/08/2017,19:22:30,10,AVN,45022703;HVCY44,12/08/2017,00:55:12,101,TSC,45022703;HVCY44,12/08/2017,00:53:57,14,AVN,45022703;HVCY44,12/08/2017,00:51:52,12,AVN,45022703;HVCY44,11/08/2017,17:11:35,13,AVN,45022703;HVCY44,11/08/2017,16:51:25,12,AVN,45022703;HVCY44,11/08/2017,14:17:12,10,AVN,45022703;HVCY44,11/08/2017,14:16:14,9,AVN,45022703;HVCY44,11/08/2017,14:10:50,7,AVN,45022703;HVCY44,11/08/2017,14:08:56,5,AVN,45022703;HVCY44,11/08/2017,08:44:41,6,AVN,45022703;HVCY44,11/08/2017,08:40:19,8,AVN,45022703;HVCY44,11/08/2017,08:39:09,11,AVN,45022703;HVCY44,10/08/2017,18:40:31,10,AVN,45022703;HVCY44,10/08/2017,18:39:55,9,AVN,45022703;HVCY44,10/08/2017,18:35:33,7,AVN,45022703;HVCY44,10/08/2017,18:33:42,5,AVN,45022703;HVCY44,10/08/2017,08:55:28,6,AVN,45022703;HVCY44,10/08/2017,08:50:56,8,AVN,45022703;HVCY44,10/08/2017,08:49:48,11,AVN,45022703;HVCY44,09/08/2017,18:33:05,10,AVN,45022703;HVCY44,09/08/2017,18:32:25,9,AVN,45022703;HVCY44,09/08/2017,18:29:00,7,AVN,45022703;HVCY44,09/08/2017,18:27:17,5,AVN,45022703;HVCY44,09/08/2017,08:54:24,6,AVN,45022703;HVCY44,09/08/2017,08:50:24,8,AVN,45022703;HVCY44,09/08/2017,08:49:20,11,AVN,45022703;HVCY44,08/08/2017,22:07:27,10,AVN,45022703;HVCY44,08/08/2017,21:35:11,11,AVN,45022703;HVCY44,02/08/2017,19:36:03,10,AVN,45022703;HVCY44,02/08/2017,08:56:35,6,AVN,45022703;HVCY44,02/08/2017,08:52:40,8,AVN,45022703;HVCY44,02/08/2017,08:51:34,11,AVN,45022703;HVCY44,01/08/2017,18:32:57,10,AVN,45022703;HVCY44,01/08/2017,18:32:18,9,AVN,45022703;HVCY44,01/08/2017,18:28:59,7,AVN,45022703;HVCY44,01/08/2017,18:27:12,5,AVN,45022703;HVCY44,01/08/2017,08:46:32,6,AVN,45022703;HVCY44,01/08/2017,08:42:36,8,AVN,45022703;HVCY44,01/08/2017,08:41:29,11,AVN,45022703;HVCY44,31/07/2017,18:43:31,10,AVN,45022703;HVCY44,31/07/2017,18:43:04,9,AVN,45022703;HVCY44,31/07/2017,18:39:50,7,AVN,45022703;HVCY44,31/07/2017,18:38:10,5,AVN,45022703;HVCY44,31/07/2017,08:51:47,6,AVN,45022703;HVCY44,31/07/2017,08:47:27,8,AVN,45022703;HVCY44,31/07/2017,08:46:24,11,AVN,45022703;HVCY44,31/07/2017,08:44:22,13,AVN,45022703;HVCY44,31/07/2017,08:42:17,15,AVN,45022703;HVCY44,31/07/2017,08:40:25,102,TSC,45022703;HVCY44,30/07/2017,17:17:07,101,TSC,45022703;HVCY44,30/07/2017,17:15:57,14,AVN,45022703;HVCY44,30/07/2017,17:14:00,12,AVN,45022703;HVCY44,30/07/2017,12:59:19,13,AVN,45022703;HVCY44,30/07/2017,12:57:40,15,AVN,45022703;HVCY44,30/07/2017,12:56:31,102,TSC,45022703;HVCY44,27/07/2017,09:24:35,6,AVN,45022703;HVCY44,27/07/2017,09:20:26,8,AVN,45022703;HVCY44,27/07/2017,09:19:21,11,AVN,45022703;HVCY44,27/07/2017,09:17:48,13,AVN,45022703;HVCY44,27/07/2017,08:50:12,12,AVN,45022703;HVCY44,26/07/2017,23:09:28,10,AVN,45022703;HVCY44,26/07/2017,08:56:45,6,AVN,45022703;HVCY44,26/07/2017,08:51:57,8,AVN,45022703;HVCY44,26/07/2017,08:50:52,11,AVN,45022703;HVCY44,25/07/2017,18:44:09,10,AVN,45022703;HVCY44,25/07/2017,18:43:36,9,AVN,45022703;HVCY44,25/07/2017,18:27:48,7,AVN,45022703;HVCY44,25/07/2017,18:25:56,5,AVN,45022703;HVCY44,25/07/2017,08:48:23,6,AVN,45022703;HVCY44,25/07/2017,08:43:26,8,AVN,45022703;HVCY44,25/07/2017,08:42:23,11,AVN,45022703
10:39:30.778,000,RES:OK~Archivo creado
10:39:30.851,000,REQ:101~pdf~http://asp4.paperless.cl/Facturacion/webservices/ConsultaPDF.jsp?t=41&f=44740089&e=96992030&r=1,44740089
10:39:31.751,000,RES:OK~
10:39:34.887,000,REQ:107~2~HVCY44,24/07/2017,18:26:20,10,AVN,44740089;HVCY44,24/07/2017,18:25:53,9,AVN,44740089;HVCY44,24/07/2017,18:22:35,7,AVN,44740089;HVCY44,24/07/2017,18:20:56,5,AVN,44740089;HVCY44,24/07/2017,08:50:11,6,AVN,44740089;HVCY44,24/07/2017,08:45:54,8,AVN,44740089;HVCY44,24/07/2017,08:44:56,11,AVN,44740089;HVCY44,23/07/2017,20:06:16,10,AVN,44740089;HVCY44,23/07/2017,19:31:08,11,AVN,44740089;HVCY44,22/07/2017,17:55:25,13,AVN,44740089;HVCY44,22/07/2017,17:53:38,15,AVN,44740089;HVCY44,22/07/2017,17:52:36,102,TSC,44740089;HVCY44,22/07/2017,13:33:38,11,AVN,44740089;HVCY44,21/07/2017,22:34:46,10,AVN,44740089;HVCY44,19/07/2017,08:56:25,6,AVN,44740089;HVCY44,19/07/2017,08:52:15,8,AVN,44740089;HVCY44,19/07/2017,08:51:13,11,AVN,44740089;HVCY44,18/07/2017,22:00:41,10,AVN,44740089;HVCY44,18/07/2017,08:59:25,6,AVN,44740089;HVCY44,18/07/2017,08:54:41,8,AVN,44740089;HVCY44,18/07/2017,08:53:04,11,AVN,44740089;HVCY44,17/07/2017,18:57:05,10,AVN,44740089;HVCY44,17/07/2017,18:56:30,9,AVN,44740089;HVCY44,17/07/2017,18:53:00,7,AVN,44740089;HVCY44,17/07/2017,18:51:12,5,AVN,44740089;HVCY44,17/07/2017,08:58:51,6,AVN,44740089;HVCY44,17/07/2017,08:54:53,8,AVN,44740089;HVCY44,17/07/2017,08:53:43,11,AVN,44740089;HVCY44,16/07/2017,20:49:34,10,AVN,44740089;HVCY44,15/07/2017,20:50:10,101,TSC,44740089;HVCY44,15/07/2017,20:48:45,14,AVN,44740089;HVCY44,15/07/2017,20:46:24,12,AVN,44740089;HVCY44,14/07/2017,19:03:01,10,AVN,44740089;HVCY44,14/07/2017,08:48:05,6,AVN,44740089;HVCY44,14/07/2017,08:44:06,8,AVN,44740089;HVCY44,14/07/2017,08:43:07,11,AVN,44740089;HVCY44,13/07/2017,18:31:23,10,AVN,44740089;HVCY44,13/07/2017,18:30:42,9,AVN,44740089;HVCY44,13/07/2017,18:27:04,7,AVN,44740089;HVCY44,13/07/2017,18:25:25,5,AVN,44740089;HVCY44,13/07/2017,08:43:10,6,AVN,44740089;HVCY44,13/07/2017,08:38:54,8,AVN,44740089;HVCY44,13/07/2017,08:37:43,11,AVN,44740089;HVCY44,12/07/2017,20:30:38,13,AVN,44740089;HVCY44,12/07/2017,20:28:26,15,AVN,44740089;HVCY44,12/07/2017,20:27:09,102,TSC,44740089;HVCY44,12/07/2017,08:46:01,6,AVN,44740089;HVCY44,12/07/2017,08:42:03,8,AVN,44740089;HVCY44,12/07/2017,08:40:59,11,AVN,44740089;HVCY44,11/07/2017,23:12:21,13,AVN,44740089;HVCY44,11/07/2017,23:10:33,15,AVN,44740089;HVCY44,11/07/2017,23:09:31,102,TSC,44740089;HVCY44,11/07/2017,08:42:19,6,AVN,44740089;HVCY44,11/07/2017,08:37:58,8,AVN,44740089;HVCY44,11/07/2017,08:36:46,11,AVN,44740089;HVCY44,10/07/2017,18:35:44,10,AVN,44740089;HVCY44,10/07/2017,18:35:07,9,AVN,44740089;HVCY44,10/07/2017,18:31:41,7,AVN,44740089;HVCY44,10/07/2017,18:29:56,5,AVN,44740089;HVCY44,10/07/2017,08:50:15,6,AVN,44740089;HVCY44,10/07/2017,08:46:02,8,AVN,44740089;HVCY44,10/07/2017,08:44:58,11,AVN,44740089;HVCY44,09/07/2017,21:08:16,10,AVN,44740089;HVCY44,09/07/2017,20:18:20,11,AVN,44740089;HVCY44,07/07/2017,21:11:47,10,AVN,44740089;HVCY44,07/07/2017,08:45:52,6,AVN,44740089;HVCY44,07/07/2017,08:41:26,8,AVN,44740089;HVCY44,07/07/2017,08:40:24,11,AVN,44740089;HVCY44,06/07/2017,21:33:16,10,AVN,44740089;HVCY44,06/07/2017,08:47:30,6,AVN,44740089;HVCY44,06/07/2017,08:43:21,8,AVN,44740089;HVCY44,06/07/2017,08:42:25,11,AVN,44740089;HVCY44,06/07/2017,08:40:49,13,AVN,44740089;HVCY44,06/07/2017,08:30:57,12,AVN,44740089;HVCY44,05/07/2017,22:07:21,10,AVN,44740089;HVCY44,05/07/2017,09:09:19,6,AVN,44740089;HVCY44,05/07/2017,09:05:08,8,AVN,44740089;HVCY44,05/07/2017,09:04:02,11,AVN,44740089;HVCY44,05/07/2017,09:02:25,13,AVN,44740089;HVCY44,05/07/2017,08:46:33,12,AVN,44740089;HVCY44,04/07/2017,20:09:04,10,AVN,44740089;HVCY44,04/07/2017,08:56:36,6,AVN,44740089;HVCY44,04/07/2017,08:52:18,8,AVN,44740089;HVCY44,04/07/2017,08:51:02,11,AVN,44740089;HVCY44,03/07/2017,18:33:27,10,AVN,44740089;HVCY44,03/07/2017,18:32:56,9,AVN,44740089;HVCY44,03/07/2017,18:29:40,7,AVN,44740089;HVCY44,03/07/2017,18:27:54,5,AVN,44740089;HVCY44,03/07/2017,08:50:19,6,AVN,44740089;HVCY44,03/07/2017,08:46:24,8,AVN,44740089;HVCY44,03/07/2017,08:45:24,11,AVN,44740089;HVCY44,02/07/2017,20:35:45,10,AVN,44740089;HVCY44,02/07/2017,16:29:52,101,TSC,44740089;HVCY44,02/07/2017,16:28:41,14,AVN,44740089;HVCY44,02/07/2017,16:26:58,12,AVN,44740089;HVCY44,02/07/2017,12:02:32,101,TSC,44740089;HVCY44,02/07/2017,12:01:26,14,AVN,44740089;HVCY44,02/07/2017,11:59:39,12,AVN,44740089;HVCY44,01/07/2017,01:10:13,10,AVN,44740089;HVCY44,01/07/2017,01:09:41,9,AVN,44740089;HVCY44,01/07/2017,01:06:41,7,AVN,44740089;HVCY44,01/07/2017,01:05:02,5,AVN,44740089;HVCY44,01/07/2017,01:02:06,3,AVN,44740089;HVCY44,30/06/2017,21:07:07,4,AVN,44740089;HVCY44,30/06/2017,08:49:36,6,AVN,44740089;HVCY44,30/06/2017,08:45:40,8,AVN,44740089;HVCY44,30/06/2017,08:44:37,11,AVN,44740089;HVCY44,29/06/2017,18:34:42,10,AVN,44740089;HVCY44,29/06/2017,18:33:46,9,AVN,44740089;HVCY44,29/06/2017,18:29:54,7,AVN,44740089;HVCY44,29/06/2017,18:28:11,5,AVN,44740089;HVCY44,29/06/2017,13:55:45,6,AVN,44740089;HVCY44,29/06/2017,13:51:40,8,AVN,44740089;HVCY44,29/06/2017,13:50:28,11,AVN,44740089;HVCY44,29/06/2017,13:48:36,13,AVN,44740089;HVCY44,29/06/2017,13:46:43,15,AVN,44740089;HVCY44,29/06/2017,13:45:27,102,TSC,44740089;HVCY44,29/06/2017,08:44:16,6,AVN,44740089;HVCY44,29/06/2017,08:40:07,8,AVN,44740089;HVCY44,29/06/2017,08:39:02,11,AVN,44740089;HVCY44,28/06/2017,18:32:52,10,AVN,44740089;HVCY44,28/06/2017,18:32:17,9,AVN,44740089;HVCY44,28/06/2017,18:29:04,7,AVN,44740089;HVCY44,28/06/2017,18:27:18,5,AVN,44740089;HVCY44,28/06/2017,08:48:15,6,AVN,44740089;HVCY44,28/06/2017,08:43:38,8,AVN,44740089;HVCY44,28/06/2017,08:42:35,11,AVN,44740089;HVCY44,27/06/2017,18:24:30,10,AVN,44740089;HVCY44,27/06/2017,18:23:59,9,AVN,44740089;HVCY44,27/06/2017,18:20:30,7,AVN,44740089;HVCY44,27/06/2017,18:18:36,5,AVN,44740089;HVCY44,27/06/2017,08:54:57,6,AVN,44740089;HVCY44,27/06/2017,08:50:54,8,AVN,44740089;HVCY44,27/06/2017,08:49:53,11,AVN,44740089;HVCY44,26/06/2017,20:37:21,10,AVN,44740089;HVCY44,26/06/2017,20:04:23,101,TSC,44740089;HVCY44,26/06/2017,20:03:09,14,AVN,44740089;HVCY44,26/06/2017,20:01:13,12,AVN,44740089;HVCY44,25/06/2017,20:23:37,13,AVN,44740089;HVCY44,25/06/2017,20:22:03,15,AVN,44740089;HVCY44,25/06/2017,20:21:07,102,TSC,44740089;HVCY44,25/06/2017,16:29:57,101,TSC,44740089;HVCY44,25/06/2017,16:28:36,14,AVN,44740089;HVCY44,25/06/2017,16:26:54,12,AVN,44740089;HVCY44,24/06/2017,14:14:24,13,AVN,44740089;HVCY44,24/06/2017,14:12:26,15,AVN,44740089;HVCY44,24/06/2017,14:11:13,102,TSC,44740089;HVCY44,24/06/2017,11:14:03,11,AVN,44740089
10:39:44.590,000,RES:OK~Archivo creado
10:39:44.647,000,REQ:101~pdf~http://asp4.paperless.cl/Facturacion/webservices/ConsultaPDF.jsp?t=41&f=44486590&e=96992030&r=1,44486590
10:39:45.560,000,RES:OK~
10:39:48.686,000,REQ:107~2~HVCY44,23/06/2017,14:15:03,10,AVN,44486590;HVCY44,23/06/2017,14:14:37,9,AVN,44486590;HVCY44,23/06/2017,14:11:49,7,AVN,44486590;HVCY44,23/06/2017,14:10:11,5,AVN,44486590;HVCY44,23/06/2017,08:54:57,6,AVN,44486590;HVCY44,23/06/2017,08:50:52,8,AVN,44486590;HVCY44,23/06/2017,08:49:50,11,AVN,44486590;HVCY44,22/06/2017,18:31:04,10,AVN,44486590;HVCY44,22/06/2017,18:30:31,9,AVN,44486590;HVCY44,22/06/2017,18:27:06,7,AVN,44486590;HVCY44,22/06/2017,18:25:24,5,AVN,44486590;HVCY44,22/06/2017,08:52:02,6,AVN,44486590;HVCY44,22/06/2017,08:47:53,8,AVN,44486590;HVCY44,22/06/2017,08:46:44,11,AVN,44486590;HVCY44,21/06/2017,18:30:13,10,AVN,44486590;HVCY44,21/06/2017,18:29:38,9,AVN,44486590;HVCY44,21/06/2017,18:26:04,7,AVN,44486590;HVCY44,21/06/2017,18:23:59,5,AVN,44486590;HVCY44,21/06/2017,13:42:45,6,AVN,44486590;HVCY44,21/06/2017,13:38:42,8,AVN,44486590;HVCY44,21/06/2017,13:37:39,11,AVN,44486590;HVCY44,21/06/2017,12:55:32,10,AVN,44486590;HVCY44,21/06/2017,12:55:03,9,AVN,44486590;HVCY44,21/06/2017,12:52:07,7,AVN,44486590;HVCY44,21/06/2017,12:50:34,5,AVN,44486590;HVCY44,21/06/2017,08:41:05,6,AVN,44486590;HVCY44,21/06/2017,08:36:28,8,AVN,44486590;HVCY44,21/06/2017,08:35:28,11,AVN,44486590;HVCY44,20/06/2017,18:38:03,10,AVN,44486590;HVCY44,20/06/2017,18:37:27,9,AVN,44486590;HVCY44,20/06/2017,18:33:42,7,AVN,44486590;HVCY44,20/06/2017,18:32:04,5,AVN,44486590;HVCY44,20/06/2017,08:57:51,6,AVN,44486590;HVCY44,20/06/2017,08:53:42,8,AVN,44486590;HVCY44,20/06/2017,08:52:40,11,AVN,44486590;HVCY44,19/06/2017,18:31:37,10,AVN,44486590;HVCY44,19/06/2017,18:30:34,9,AVN,44486590;HVCY44,19/06/2017,18:22:48,7,AVN,44486590;HVCY44,19/06/2017,18:20:11,5,AVN,44486590;HVCY44,19/06/2017,08:57:22,6,AVN,44486590;HVCY44,19/06/2017,08:53:30,8,AVN,44486590;HVCY44,19/06/2017,08:52:26,11,AVN,44486590;HVCY44,18/06/2017,20:50:23,10,AVN,44486590;HVCY44,18/06/2017,12:23:46,101,TSC,44486590;HVCY44,18/06/2017,12:22:25,14,AVN,44486590;HVCY44,18/06/2017,12:20:27,12,AVN,44486590;HVCY44,17/06/2017,17:13:16,13,AVN,44486590;HVCY44,17/06/2017,17:11:09,15,AVN,44486590;HVCY44,17/06/2017,17:09:51,102,TSC,44486590;HVCY44,16/06/2017,22:39:23,11,AVN,44486590;HVCY44,16/06/2017,14:14:14,10,AVN,44486590;HVCY44,16/06/2017,14:13:39,9,AVN,44486590;HVCY44,16/06/2017,14:10:38,7,AVN,44486590;HVCY44,16/06/2017,14:09:02,5,AVN,44486590;HVCY44,16/06/2017,08:50:53,6,AVN,44486590;HVCY44,16/06/2017,08:46:32,8,AVN,44486590;HVCY44,16/06/2017,08:45:14,11,AVN,44486590;HVCY44,15/06/2017,18:34:21,10,AVN,44486590;HVCY44,15/06/2017,18:33:50,9,AVN,44486590;HVCY44,15/06/2017,18:30:24,7,AVN,44486590;HVCY44,15/06/2017,18:28:39,5,AVN,44486590;HVCY44,15/06/2017,08:45:23,6,AVN,44486590;HVCY44,15/06/2017,08:41:05,8,AVN,44486590;HVCY44,15/06/2017,08:39:50,11,AVN,44486590;HVCY44,14/06/2017,18:35:13,10,AVN,44486590;HVCY44,14/06/2017,18:34:39,9,AVN,44486590;HVCY44,14/06/2017,18:31:21,7,AVN,44486590;HVCY44,14/06/2017,18:29:42,5,AVN,44486590;HVCY44,14/06/2017,08:55:40,6,AVN,44486590;HVCY44,14/06/2017,08:51:22,8,AVN,44486590;HVCY44,14/06/2017,08:50:15,11,AVN,44486590;HVCY44,06/06/2017,18:37:18,10,AVN,44486590;HVCY44,06/06/2017,18:36:39,9,AVN,44486590;HVCY44,06/06/2017,18:33:18,7,AVN,44486590;HVCY44,06/06/2017,18:31:28,5,AVN,44486590;HVCY44,06/06/2017,08:56:04,6,AVN,44486590;HVCY44,06/06/2017,08:51:58,8,AVN,44486590;HVCY44,06/06/2017,08:50:47,11,AVN,44486590;HVCY44,04/06/2017,19:05:00,10,AVN,44486590;HVCY44,04/06/2017,18:34:12,11,AVN,44486590;HVCY44,02/06/2017,18:30:39,10,AVN,44486590;HVCY44,02/06/2017,16:30:44,14,AVN,44486590;HVCY44,02/06/2017,16:28:35,12,AVN,44486590;HVCY44,02/06/2017,14:12:47,10,AVN,44486590;HVCY44,02/06/2017,14:12:08,9,AVN,44486590;HVCY44,02/06/2017,14:09:23,7,AVN,44486590;HVCY44,02/06/2017,14:07:59,5,AVN,44486590;HVCY44,02/06/2017,08:48:54,6,AVN,44486590;HVCY44,02/06/2017,08:44:55,8,AVN,44486590;HVCY44,02/06/2017,08:43:51,11,AVN,44486590;HVCY44,01/06/2017,18:21:42,10,AVN,44486590;HVCY44,01/06/2017,18:21:07,9,AVN,44486590;HVCY44,01/06/2017,18:17:40,7,AVN,44486590;HVCY44,01/06/2017,18:15:47,5,AVN,44486590;HVCY44,01/06/2017,08:46:38,6,AVN,44486590;HVCY44,01/06/2017,08:42:30,8,AVN,44486590;HVCY44,01/06/2017,08:41:24,11,AVN,44486590;HVCY44,31/05/2017,18:38:02,10,AVN,44486590;HVCY44,31/05/2017,18:37:25,9,AVN,44486590;HVCY44,31/05/2017,18:34:01,7,AVN,44486590;HVCY44,31/05/2017,18:32:27,5,AVN,44486590;HVCY44,31/05/2017,08:52:20,6,AVN,44486590;HVCY44,31/05/2017,08:48:04,8,AVN,44486590;HVCY44,31/05/2017,08:47:00,11,AVN,44486590;HVCY44,30/05/2017,18:36:27,10,AVN,44486590;HVCY44,30/05/2017,18:35:57,9,AVN,44486590;HVCY44,30/05/2017,18:32:36,7,AVN,44486590;HVCY44,30/05/2017,18:30:51,5,AVN,44486590;HVCY44,30/05/2017,08:52:47,6,AVN,44486590;HVCY44,30/05/2017,08:48:32,8,AVN,44486590;HVCY44,30/05/2017,08:47:27,11,AVN,44486590;HVCY44,29/05/2017,18:34:24,10,AVN,44486590;HVCY44,29/05/2017,18:33:47,9,AVN,44486590;HVCY44,29/05/2017,18:30:23,7,AVN,44486590;HVCY44,29/05/2017,18:28:27,5,AVN,44486590;HVCY44,29/05/2017,09:05:15,6,AVN,44486590;HVCY44,29/05/2017,09:01:03,8,AVN,44486590;HVCY44,29/05/2017,08:59:59,11,AVN,44486590;HVCY44,28/05/2017,20:20:16,10,AVN,44486590;HVCY44,26/05/2017,16:43:33,14,AVN,44486590;HVCY44,26/05/2017,16:41:04,12,AVN,44486590;HVCY44,26/05/2017,14:13:20,10,AVN,44486590;HVCY44,26/05/2017,14:12:51,9,AVN,44486590;HVCY44,26/05/2017,14:09:41,7,AVN,44486590;HVCY44,26/05/2017,14:08:01,5,AVN,44486590;HVCY44,26/05/2017,08:42:44,6,AVN,44486590;HVCY44,26/05/2017,08:38:34,8,AVN,44486590;HVCY44,26/05/2017,08:37:32,11,AVN,44486590;HVCY44,25/05/2017,18:35:52,10,AVN,44486590;HVCY44,25/05/2017,18:35:16,9,AVN,44486590;HVCY44,25/05/2017,18:29:22,7,AVN,44486590;HVCY44,25/05/2017,18:27:28,5,AVN,44486590;HVCY44,25/05/2017,08:47:50,6,AVN,44486590;HVCY44,25/05/2017,08:43:13,8,AVN,44486590;HVCY44,25/05/2017,08:42:03,11,AVN,44486590;HVCY44,24/05/2017,18:33:01,10,AVN,44486590;HVCY44,24/05/2017,18:32:31,9,AVN,44486590;HVCY44,24/05/2017,18:28:58,7,AVN,44486590;HVCY44,24/05/2017,18:27:18,5,AVN,44486590
10:39:55.903,000,RES:OK~Archivo creado
10:45:18.113,000,REQ:101~pdf~http://asp4.paperless.cl/Facturacion/webservices/ConsultaPDF.jsp?t=41&f=13308830&e=96992030&r=1,13308830
10:45:19.015,000,RES:OK~
10:45:22.224,000,REQ:101~pdf~http://asp4.paperless.cl/Facturacion/webservices/ConsultaPDF.jsp?t=41&f=4963143&e=96992030&r=1,4963143
10:45:23.232,000,RES:OK~
10:45:26.379,000,REQ:101~pdf~http://asp4.paperless.cl/Facturacion/webservices/ConsultaPDF.jsp?t=39&f=10109987&e=96992030&r=1,10109987
10:45:29.085,000,ERR:System.Net.WebException: The remote server returned an error: (404) Not Found.
   at System.Net.WebClient.DownloadFile(Uri address, String fileName)
   at System.Net.WebClient.DownloadFile(String address, String fileName)
   at PipeComponent.Peripherals.LaserPrinter.imprimir(String doc) in E:\00.- Proyectos\01.- Autopista Vespucio Norte\PipeComponent\PipeComponent\Peripherals\LaserPrinter.cs:line 107
10:45:29.086,000,RES:OK~10109987
10:45:32.217,000,REQ:101~pdf~http://asp4.paperless.cl/Facturacion/webservices/ConsultaPDF.jsp?t=39&f=9925192&e=96992030&r=1,9925192
10:45:33.811,000,RES:OK~
10:45:37.000,000,REQ:101~pdf~http://asp4.paperless.cl/Facturacion/webservices/ConsultaPDF.jsp?t=39&f=8389183&e=96992030&r=1,8389183
10:45:38.021,000,RES:OK~
10:45:41.158,000,REQ:107~2~ZC3359,30/10/2016,05:20:42,12,AVN,8389183;ZC3359,30/10/2016,05:18:25,10,AVN,8389183;ZC3359,30/10/2016,05:17:49,9,AVN,8389183;ZC3359,29/10/2016,15:08:09,11,AVN,8389183;ZC3359,23/10/2016,10:02:49,10,AVN,8389183;ZC3359,23/10/2016,10:02:18,9,AVN,8389183;ZC3359,22/10/2016,22:27:03,11,AVN,8389183;ZC3359,16/10/2016,13:44:31,12,AVN,8389183;ZC3359,16/10/2016,13:42:11,10,AVN,8389183;ZC3359,16/10/2016,13:41:35,9,AVN,8389183;ZC3359,15/10/2016,14:04:27,12,AVN,8389183;ZC3359,15/10/2016,14:02:14,10,AVN,8389183;ZC3359,15/10/2016,14:01:40,9,AVN,8389183;ZC3359,03/10/2016,18:58:01,11,AVN,8389183;ZC3359,03/10/2016,18:50:19,13,AVN,8389183
10:45:41.726,000,RES:OK~Archivo creado
10:47:44.522,000,REQ:101~pdf~http://asp4.paperless.cl/Facturacion/webservices/ConsultaPDF.jsp?t=39&f=10109987&e=96992030&r=1,10109987
10:47:44.794,000,ERR:System.Net.WebException: The remote server returned an error: (404) Not Found.
   at System.Net.WebClient.DownloadFile(Uri address, String fileName)
   at System.Net.WebClient.DownloadFile(String address, String fileName)
   at PipeComponent.Peripherals.LaserPrinter.imprimir(String doc) in E:\00.- Proyectos\01.- Autopista Vespucio Norte\PipeComponent\PipeComponent\Peripherals\LaserPrinter.cs:line 107
10:47:44.795,000,RES:OK~10109987
10:58:23.395,000,REQ:107~2~NB1633,01/11/2016,10:52:22,12,AVN,42116974;NB1633,02/11/2016,18:18:05,13,AVN,42116974;NB1633,02/11/2016,18:21:44,11,AVN,42116974;NB1633,03/11/2016,08:04:51,3,AVN,42116974;NB1633,03/11/2016,08:03:08,16,AVN,42116974;NB1633,03/11/2016,08:08:06,5,AVN,42116974;NB1633,03/11/2016,08:10:28,7,AVN,42116974;NB1633,03/11/2016,08:18:32,12,AVN,42116974;NB1633,03/11/2016,18:00:34,13,AVN,42116974;NB1633,03/11/2016,18:10:29,11,AVN,42116974;NB1633,04/11/2016,07:42:53,16,AVN,42116974;NB1633,04/11/2016,07:45:07,3,AVN,42116974;NB1633,04/11/2016,07:48:32,5,AVN,42116974;NB1633,04/11/2016,07:50:15,7,AVN,42116974;NB1633,04/11/2016,07:58:21,9,AVN,42116974;NB1633,04/11/2016,07:59:19,10,AVN,42116974;NB1633,04/11/2016,08:01:11,12,AVN,42116974;NB1633,04/11/2016,18:46:41,13,AVN,42116974;NB1633,04/11/2016,18:49:39,11,AVN,42116974;NB1633,05/11/2016,09:34:19,16,AVN,42116974;NB1633,05/11/2016,09:35:20,3,AVN,42116974;NB1633,05/11/2016,09:37:47,5,AVN,42116974;NB1633,05/11/2016,09:39:18,7,AVN,42116974;NB1633,05/11/2016,09:42:05,9,AVN,42116974;NB1633,05/11/2016,09:42:31,10,AVN,42116974;NB1633,05/11/2016,09:44:13,12,AVN,42116974;NB1633,05/11/2016,18:21:03,13,AVN,42116974;NB1633,05/11/2016,18:22:58,11,AVN,42116974;NB1633,06/11/2016,08:17:06,10,AVN,42116974;NB1633,06/11/2016,08:19:02,12,AVN,42116974;NB1633,07/11/2016,09:56:21,12,AVN,42116974;NB1633,07/11/2016,18:12:44,13,AVN,42116974;NB1633,07/11/2016,18:15:05,11,AVN,42116974;NB1633,08/11/2016,08:34:22,10,AVN,42116974;NB1633,08/11/2016,09:23:26,12,AVN,42116974;NB1633,08/11/2016,10:16:26,14,AVN,42116974;NB1633,08/11/2016,11:09:21,13,AVN,42116974;NB1633,08/11/2016,12:09:54,12,AVN,42116974;NB1633,17/11/2016,12:54:38,2,AVN,42116974;NB1633,17/11/2016,12:56:37,17,AVN,42116974;NB1633,17/11/2016,16:05:32,10,AVN,42116974;NB1633,17/11/2016,16:07:25,12,AVN,42116974
10:58:28.135,000,RES:OK~Archivo creado
10:58:28.198,000,REQ:107~2~NB1633,01/10/2016,08:02:41,10,AVN,41746466;NB1633,01/10/2016,08:05:07,12,AVN,41746466;NB1633,01/10/2016,18:06:20,13,AVN,41746466;NB1633,01/10/2016,18:08:39,11,AVN,41746466;NB1633,02/10/2016,09:54:34,12,AVN,41746466;NB1633,02/10/2016,09:52:21,10,AVN,41746466;NB1633,05/10/2016,07:45:07,12,AVN,41746466;NB1633,05/10/2016,07:42:25,10,AVN,41746466;NB1633,05/10/2016,17:32:13,11,AVN,41746466;NB1633,05/10/2016,17:29:24,13,AVN,41746466;NB1633,07/10/2016,17:30:53,2,AVN,41746466;NB1633,07/10/2016,17:35:29,17,AVN,41746466;NB1633,09/10/2016,18:11:55,13,AVN,41746466;NB1633,09/10/2016,18:13:57,11,AVN,41746466;NB1633,14/10/2016,09:10:44,16,AVN,41746466;NB1633,14/10/2016,09:12:21,3,AVN,41746466;NB1633,14/10/2016,11:11:50,10,AVN,41746466;NB1633,14/10/2016,11:14:14,12,AVN,41746466;NB1633,14/10/2016,18:44:33,13,AVN,41746466;NB1633,14/10/2016,18:49:55,11,AVN,41746466;NB1633,20/10/2016,18:24:27,13,AVN,41746466;NB1633,20/10/2016,18:26:46,11,AVN,41746466;NB1633,20/10/2016,18:28:07,8,AVN,41746466;NB1633,20/10/2016,18:42:52,4,AVN,41746466;NB1633,20/10/2016,19:01:03,17,AVN,41746466;NB1633,22/10/2016,10:00:24,10,AVN,41746466;NB1633,22/10/2016,10:02:23,12,AVN,41746466;NB1633,22/10/2016,10:04:12,14,AVN,41746466;NB1633,25/10/2016,18:04:04,13,AVN,41746466;NB1633,25/10/2016,18:08:41,11,AVN,41746466;NB1633,26/10/2016,08:01:41,12,AVN,41746466;NB1633,26/10/2016,14:56:28,13,AVN,41746466;NB1633,26/10/2016,14:58:28,11,AVN,41746466;NB1633,26/10/2016,14:59:33,8,AVN,41746466;NB1633,26/10/2016,15:04:06,6,AVN,41746466;NB1633,26/10/2016,15:09:23,3,AVN,41746466;NB1633,26/10/2016,15:55:24,4,AVN,41746466;NB1633,26/10/2016,16:03:24,5,AVN,41746466;NB1633,26/10/2016,16:05:02,7,AVN,41746466;NB1633,26/10/2016,16:10:24,12,AVN,41746466;NB1633,26/10/2016,16:08:40,10,AVN,41746466;NB1633,26/10/2016,17:20:54,13,AVN,41746466;NB1633,31/10/2016,12:28:28,4,AVN,41746466;NB1633,31/10/2016,12:45:05,17,AVN,41746466
10:58:33.022,000,RES:OK~Archivo creado
10:58:33.080,000,REQ:107~2~NB1633,26/09/2016,08:34:55,10,AVN,41442154;NB1633,26/09/2016,08:44:08,12,AVN,41442154;NB1633,26/09/2016,16:58:17,13,AVN,41442154;NB1633,30/09/2016,08:21:02,12,AVN,41442154;NB1633,30/09/2016,17:31:32,13,AVN,41442154
10:58:33.408,000,RES:OK~Archivo creado
11:00:01.283,000,REQ:107~2~KJ1393,18/04/2012,13:44:34,3,AVN,23408547;KJ1393,18/04/2012,13:47:44,5,AVN,23408547;KJ1393,18/04/2012,13:49:35,7,AVN,23408547;KJ1393,18/04/2012,13:53:10,9,AVN,23408547;KJ1393,18/04/2012,15:18:58,8,AVN,23408547;KJ1393,18/04/2012,15:23:24,6,AVN,23408547;KJ1393,18/04/2012,15:25:43,4,AVN,23408547;KJ1393,23/04/2012,11:08:36,2,AVN,23408547
11:00:01.539,000,RES:OK~Archivo creado
11:00:01.613,000,REQ:107~2~KJ1393,01/12/2011,08:34:12,3,AVN,21918084;KJ1393,01/12/2011,08:43:49,5,AVN,21918084;KJ1393,01/12/2011,08:46:24,7,AVN,21918084;KJ1393,01/12/2011,08:50:49,9,AVN,21918084;KJ1393,01/12/2011,13:11:44,8,AVN,21918084;KJ1393,05/12/2011,12:34:20,3,AVN,21918084;KJ1393,05/12/2011,12:38:03,5,AVN,21918084;KJ1393,05/12/2011,12:40:11,7,AVN,21918084;KJ1393,05/12/2011,12:44:14,9,AVN,21918084;KJ1393,05/12/2011,16:09:06,8,AVN,21918084;KJ1393,05/12/2011,16:13:58,6,AVN,21918084;KJ1393,05/12/2011,16:16:31,4,AVN,21918084;KJ1393,05/12/2011,16:18:45,2,AVN,21918084;KJ1393,05/12/2011,16:07:50,11,AVN,21918084;KJ1393,05/12/2011,17:57:28,1,AVN,21918084;KJ1393,05/12/2011,18:02:36,3,AVN,21918084;KJ1393,05/12/2011,18:53:42,2,AVN,21918084;KJ1393,06/12/2011,12:42:16,3,AVN,21918084;KJ1393,06/12/2011,12:46:05,5,AVN,21918084;KJ1393,06/12/2011,12:48:20,7,AVN,21918084;KJ1393,06/12/2011,12:52:24,9,AVN,21918084;KJ1393,06/12/2011,18:37:06,8,AVN,21918084;KJ1393,06/12/2011,18:42:36,6,AVN,21918084;KJ1393,07/12/2011,02:16:14,3,AVN,21918084;KJ1393,07/12/2011,02:19:53,5,AVN,21918084;KJ1393,07/12/2011,02:22:09,7,AVN,21918084;KJ1393,07/12/2011,02:26:59,9,AVN,21918084;KJ1393,07/12/2011,02:27:52,10,AVN,21918084;KJ1393,07/12/2011,15:07:54,8,AVN,21918084;KJ1393,07/12/2011,15:13:00,6,AVN,21918084;KJ1393,07/12/2011,15:15:36,4,AVN,21918084;KJ1393,07/12/2011,15:17:49,2,AVN,21918084;KJ1393,07/12/2011,15:53:35,1,AVN,21918084;KJ1393,07/12/2011,15:58:37,3,AVN,21918084;KJ1393,09/12/2011,12:49:59,3,AVN,21918084;KJ1393,09/12/2011,13:41:34,2,AVN,21918084;KJ1393,12/12/2011,14:05:14,2,AVN,21918084;KJ1393,12/12/2011,17:52:37,1,AVN,21918084;KJ1393,13/12/2011,05:11:25,2,AVN,21918084;KJ1393,13/12/2011,09:39:31,1,AVN,21918084;KJ1393,14/12/2011,07:19:35,2,AVN,21918084;KJ1393,14/12/2011,11:02:56,1,AVN,21918084;KJ1393,14/12/2011,15:24:16,3,AVN,21918084;KJ1393,14/12/2011,15:27:47,5,AVN,21918084;KJ1393,14/12/2011,15:29:49,7,AVN,21918084;KJ1393,14/12/2011,15:33:45,9,AVN,21918084;KJ1393,15/12/2011,18:55:04,8,AVN,21918084;KJ1393,15/12/2011,19:00:37,6,AVN,21918084
11:00:06.213,000,RES:OK~Archivo creado
11:00:06.292,000,REQ:107~2~KJ1393,07/11/2011,13:09:47,7,AVN,21539220;KJ1393,07/11/2011,13:13:39,9,AVN,21539220;KJ1393,07/11/2011,13:04:06,3,AVN,21539220;KJ1393,07/11/2011,13:07:38,5,AVN,21539220;KJ1393,07/11/2011,13:14:15,10,AVN,21539220;KJ1393,07/11/2011,20:04:07,8,AVN,21539220;KJ1393,07/11/2011,20:09:25,6,AVN,21539220;KJ1393,07/11/2011,20:02:43,11,AVN,21539220;KJ1393,08/11/2011,08:15:11,2,AVN,21539220;KJ1393,10/11/2011,18:27:08,1,AVN,21539220;KJ1393,11/11/2011,08:21:13,2,AVN,21539220;KJ1393,16/11/2011,19:17:27,8,AVN,21539220;KJ1393,16/11/2011,19:22:00,6,AVN,21539220;KJ1393,17/11/2011,07:37:55,3,AVN,21539220;KJ1393,17/11/2011,07:40:51,5,AVN,21539220;KJ1393,17/11/2011,07:42:39,7,AVN,21539220;KJ1393,17/11/2011,07:45:42,9,AVN,21539220;KJ1393,17/11/2011,18:48:06,1,AVN,21539220;KJ1393,17/11/2011,18:52:20,3,AVN,21539220;KJ1393,17/11/2011,18:55:38,5,AVN,21539220;KJ1393,17/11/2011,18:57:36,7,AVN,21539220;KJ1393,17/11/2011,19:01:22,9,AVN,21539220;KJ1393,17/11/2011,19:02:04,10,AVN,21539220;KJ1393,17/11/2011,20:55:35,8,AVN,21539220;KJ1393,17/11/2011,21:00:13,6,AVN,21539220;KJ1393,17/11/2011,20:54:16,11,AVN,21539220;KJ1393,18/11/2011,08:43:13,2,AVN,21539220;KJ1393,18/11/2011,18:24:25,1,AVN,21539220;KJ1393,22/11/2011,07:10:38,3,AVN,21539220;KJ1393,22/11/2011,07:14:16,5,AVN,21539220;KJ1393,22/11/2011,07:16:21,7,AVN,21539220;KJ1393,22/11/2011,07:20:12,9,AVN,21539220;KJ1393,22/11/2011,07:21:00,10,AVN,21539220;KJ1393,22/11/2011,14:24:36,8,AVN,21539220;KJ1393,22/11/2011,14:30:29,6,AVN,21539220;KJ1393,22/11/2011,14:33:38,4,AVN,21539220;KJ1393,22/11/2011,14:23:04,11,AVN,21539220;KJ1393,24/11/2011,10:28:28,3,AVN,21539220;KJ1393,24/11/2011,10:31:55,5,AVN,21539220;KJ1393,24/11/2011,10:33:53,7,AVN,21539220;KJ1393,24/11/2011,10:37:35,9,AVN,21539220;KJ1393,24/11/2011,10:38:18,10,AVN,21539220;KJ1393,24/11/2011,13:12:17,8,AVN,21539220;KJ1393,24/11/2011,13:10:56,11,AVN,21539220;KJ1393,24/11/2011,13:21:56,2,AVN,21539220;KJ1393,24/11/2011,19:18:49,1,AVN,21539220;KJ1393,25/11/2011,10:57:52,3,AVN,21539220;KJ1393,25/11/2011,11:01:37,5,AVN,21539220;KJ1393,25/11/2011,11:03:51,7,AVN,21539220;KJ1393,25/11/2011,11:07:56,9,AVN,21539220;KJ1393,25/11/2011,17:38:59,8,AVN,21539220;KJ1393,25/11/2011,17:44:38,6,AVN,21539220;KJ1393,28/11/2011,13:54:44,3,AVN,21539220;KJ1393,28/11/2011,13:58:23,5,AVN,21539220;KJ1393,28/11/2011,14:04:24,9,AVN,21539220;KJ1393,28/11/2011,14:05:13,10,AVN,21539220;KJ1393,28/11/2011,17:09:30,8,AVN,21539220;KJ1393,28/11/2011,17:15:09,6,AVN,21539220;KJ1393,28/11/2011,17:07:57,11,AVN,21539220;KJ1393,29/11/2011,08:23:04,3,AVN,21539220;KJ1393,29/11/2011,08:26:36,5,AVN,21539220;KJ1393,29/11/2011,08:29:24,7,AVN,21539220;KJ1393,29/11/2011,08:33:08,9,AVN,21539220;KJ1393,29/11/2011,13:32:18,1,AVN,21539220;KJ1393,30/11/2011,07:11:56,3,AVN,21539220;KJ1393,30/11/2011,07:15:27,5,AVN,21539220;KJ1393,30/11/2011,07:21:31,9,AVN,21539220;KJ1393,30/11/2011,07:22:20,10,AVN,21539220;KJ1393,30/11/2011,16:15:42,1,AVN,21539220
11:00:10.974,000,RES:OK~Archivo creado
11:12:03.707,000,REQ:107~1~UB9375,607465,14/01/2006,27/02/2008;UB9375,607465,16/01/2006,27/02/2008;UB9375,607465,18/01/2006,27/02/2008;UB9375,607465,19/01/2006,27/02/2008;UB9375,607465,21/01/2006,27/02/2008;UB9375,607465,24/01/2006,27/02/2008;UB9375,607465,25/01/2006,27/02/2008;UB9375,603792,22/03/2006,06/09/2008;UB9375,603792,23/03/2006,06/09/2008;UB9375,603792,30/03/2006,06/09/2008;UB9375,603792,31/03/2006,06/09/2008;UB9375,603792,01/04/2006,06/09/2008;UB9375,603792,03/04/2006,06/09/2008;UB9375,603792,04/04/2006,06/09/2008;UB9375,603792,06/04/2006,06/09/2008;UB9375,603792,07/04/2006,06/09/2008;UB9375,603792,10/04/2006,06/09/2008;UB9375,603792,11/04/2006,06/09/2008;UB9375,603792,13/04/2006,06/09/2008;UB9375,603792,14/04/2006,06/09/2008;UB9375,603792,15/04/2006,06/09/2008;UB9375,603792,17/04/2006,06/09/2008;UB9375,603792,18/04/2006,06/09/2008
11:12:06.376,000,RES:OK~Archivo creado
11:18:21.476,000,REQ:101~pdf~http://asp4.paperless.cl/Facturacion/webservices/ConsultaPDF.jsp?t=41&f=44667092&e=96992030&r=1,44667092
11:18:22.297,000,RES:OK~
11:18:25.490,000,REQ:107~2~IUF030,12/07/2017,17:55:52,10,AVN,44667092;IUF030,12/07/2017,17:55:13,9,AVN,44667092;IUF030,12/07/2017,17:49:25,7,AVN,44667092;IUF030,12/07/2017,17:47:28,5,AVN,44667092;IUF030,12/07/2017,17:44:22,3,AVN,44667092;IUF030,12/07/2017,17:42:59,16,AVN,44667092;IUF030,12/07/2017,17:39:53,1,AVN,44667092;IUF030,10/07/2017,17:03:44,4,AVN,44667092;IUF030,10/07/2017,17:00:42,6,AVN,44667092;IUF030,10/07/2017,16:55:26,8,AVN,44667092;IUF030,10/07/2017,16:54:06,11,AVN,44667092
11:18:26.005,000,RES:OK~Archivo creado
11:18:26.090,000,REQ:101~pdf~http://asp4.paperless.cl/Facturacion/webservices/ConsultaPDF.jsp?t=41&f=44358195&e=96992030&r=1,44358195
11:18:27.088,000,RES:OK~
11:18:30.276,000,REQ:107~2~IUF030,14/06/2017,06:20:31,10,AVN,44358195;IUF030,14/06/2017,06:19:52,9,AVN,44358195;IUF030,14/06/2017,06:15:57,7,AVN,44358195;IUF030,14/06/2017,06:13:50,5,AVN,44358195;IUF030,14/06/2017,06:10:21,3,AVN,44358195;IUF030,14/06/2017,06:09:05,16,AVN,44358195;IUF030,14/06/2017,06:06:11,1,AVN,44358195;IUF030,12/06/2017,16:11:15,17,AVN,44358195;IUF030,12/06/2017,16:08:43,2,AVN,44358195;IUF030,12/06/2017,16:06:06,4,AVN,44358195;IUF030,12/06/2017,16:03:17,6,AVN,44358195;IUF030,12/06/2017,15:58:42,8,AVN,44358195;IUF030,12/06/2017,15:57:31,11,AVN,44358195;IUF030,04/06/2017,19:16:06,10,AVN,44358195;IUF030,04/06/2017,19:15:30,9,AVN,44358195;IUF030,04/06/2017,19:11:42,7,AVN,44358195;IUF030,04/06/2017,19:09:41,5,AVN,44358195;IUF030,04/06/2017,19:06:17,3,AVN,44358195;IUF030,04/06/2017,19:05:03,16,AVN,44358195;IUF030,02/06/2017,21:18:33,17,AVN,44358195;IUF030,02/06/2017,21:15:56,2,AVN,44358195;IUF030,02/06/2017,21:13:19,4,AVN,44358195;IUF030,02/06/2017,21:10:23,6,AVN,44358195;IUF030,02/06/2017,21:04:36,8,AVN,44358195;IUF030,02/06/2017,21:03:12,11,AVN,44358195;IUF030,28/05/2017,15:24:58,10,AVN,44358195;IUF030,28/05/2017,15:24:25,9,AVN,44358195;IUF030,28/05/2017,15:21:17,7,AVN,44358195;IUF030,28/05/2017,15:19:34,5,AVN,44358195;IUF030,28/05/2017,15:16:42,3,AVN,44358195;IUF030,28/05/2017,15:15:38,16,AVN,44358195;IUF030,28/05/2017,15:13:05,1,AVN,44358195
11:18:30.854,000,RES:OK~Archivo creado
11:18:30.965,000,REQ:101~pdf~http://asp4.paperless.cl/Facturacion/webservices/ConsultaPDF.jsp?t=41&f=26294966&e=96992030&r=1,26294966
11:18:31.870,000,RES:OK~
11:18:34.990,000,REQ:101~pdf~http://asp4.paperless.cl/Facturacion/webservices/ConsultaPDF.jsp?t=41&f=25882465&e=96992030&r=1,25882465
11:18:35.859,000,RES:OK~
11:18:39.064,000,REQ:101~pdf~http://asp4.paperless.cl/Facturacion/webservices/ConsultaPDF.jsp?t=41&f=25468243&e=96992030&r=1,25468243
11:18:40.317,000,RES:OK~
11:18:43.442,000,REQ:107~2~FVP114,29/11/2012,18:38:52,9,AVN,25468243;FVP114,29/11/2012,18:35:04,7,AVN,25468243;FVP114,29/11/2012,18:33:01,5,AVN,25468243;FVP114,29/11/2012,18:29:37,3,AVN,25468243;FVP114,29/11/2012,18:25:27,1,AVN,25468243;FVP114,29/11/2012,14:18:57,2,AVN,25468243;FVP114,29/11/2012,14:16:14,4,AVN,25468243;FVP114,29/11/2012,14:12:47,6,AVN,25468243;FVP114,29/11/2012,14:03:34,8,AVN,25468243;FVP114,29/11/2012,14:02:15,11,AVN,25468243;FVP114,27/11/2012,13:11:28,9,AVN,25468243;FVP114,27/11/2012,13:07:41,7,AVN,25468243;FVP114,27/11/2012,13:05:42,5,AVN,25468243;FVP114,27/11/2012,13:02:28,3,AVN,25468243;FVP114,27/11/2012,12:58:26,1,AVN,25468243;FVP114,26/11/2012,15:34:49,11,AVN,25468243
11:18:43.808,000,RES:OK~Archivo creado
11:18:43.880,000,REQ:101~pdf~http://asp4.paperless.cl/Facturacion/webservices/ConsultaPDF.jsp?t=39&f=9853997&e=96992030&r=1,9853997
11:18:44.684,000,RES:OK~
11:18:47.813,000,REQ:101~pdf~http://asp4.paperless.cl/Facturacion/webservices/ConsultaPDF.jsp?t=39&f=9512733&e=96992030&r=1,9512733
11:18:48.457,000,RES:OK~
11:18:51.605,000,REQ:107~2~RGS923,10/05/2017,17:45:32,10,AVN,9512733;RGS923,10/05/2017,17:44:41,9,AVN,9512733;RGS923,10/05/2017,17:39:24,7,AVN,9512733;RGS923,10/05/2017,17:36:26,5,AVN,9512733;RGS923,10/05/2017,17:31:37,3,AVN,9512733;RGS923,10/05/2017,17:29:36,16,AVN,9512733;RGS923,10/05/2017,17:25:28,1,AVN,9512733;RGS923,09/05/2017,07:33:09,11,AVN,9512733
11:18:52.020,000,RES:OK~Archivo creado
11:18:52.107,000,REQ:101~pdf~http://asp4.paperless.cl/Facturacion/webservices/ConsultaPDF.jsp?t=39&f=10008614&e=96992030&r=1,10008614
11:18:52.897,000,RES:OK~
11:18:56.049,000,REQ:101~pdf~http://asp4.paperless.cl/Facturacion/webservices/ConsultaPDF.jsp?t=39&f=9843152&e=96992030&r=1,9843152
11:18:57.063,000,RES:OK~
11:22:42.415,000,REQ:104~1~30
11:22:44.814,000,RES:OK~17083784-3
11:22:44.908,000,REQ:105~1~30
11:22:55.048,000,ERR:TPAuto.HuellaCI.Exceptions.CardTimeoutException: El tiempo para esperar la lectura de la cédula ha expirado --> SCardConnect error: FFFFFFFF80100069
   at TPAuto.HuellaCI.ValidadorHuella.ObtenerDedo(String readerName, Int32 timeout) in E:\00.- Proyectos\01.- Autopista Vespucio Norte\PipeComponent\PipeComponent\HuellaCI\ValidadorHuella.cs:line 190
   at PipeComponent.PipeServer.WaitForConnectionCallBack(IAsyncResult iar) in E:\00.- Proyectos\01.- Autopista Vespucio Norte\PipeComponent\PipeComponent\PipeServer.cs:line 205
11:22:55.048,000,RES:NOK~El tiempo para esperar la lectura de la cédula ha expirado --> SCardConnect error: FFFFFFFF80100069
11:24:29.468,000,REQ:104~1~30
11:24:33.300,000,RES:OK~17122588-4
11:24:33.363,000,REQ:105~1~30
11:24:33.856,000,RES:OK~Indice Derecho
11:24:33.967,000,REQ:106~1~30
11:24:36.994,000,RES:OK~True
11:24:48.587,000,REQ:104~1~30
11:24:51.312,000,RES:OK~17122588-4
11:24:51.382,000,REQ:105~1~30
11:24:51.872,000,RES:OK~Indice Derecho
11:24:51.949,000,REQ:106~1~30
11:25:02.395,000,ERR:TPAuto.HuellaCI.Exceptions.FingerprintTimeoutException: El tiempo para esperar la lectura de la huella ha expirado.
   at TPAuto.HuellaCI.ValidadorHuella.ValidarHuella(String readerName, Int32 timeout) in E:\00.- Proyectos\01.- Autopista Vespucio Norte\PipeComponent\PipeComponent\HuellaCI\ValidadorHuella.cs:line 290
   at PipeComponent.PipeServer.WaitForConnectionCallBack(IAsyncResult iar) in E:\00.- Proyectos\01.- Autopista Vespucio Norte\PipeComponent\PipeComponent\PipeServer.cs:line 217
11:25:02.400,000,RES:NOK~El tiempo para esperar la lectura de la huella ha expirado.
11:25:10.326,000,REQ:104~1~30
11:25:12.042,000,RES:OK~17122588-4
11:25:12.122,000,REQ:105~1~30
11:25:12.612,000,RES:OK~Indice Derecho
11:25:12.700,000,REQ:106~1~30
11:25:23.145,000,ERR:TPAuto.HuellaCI.Exceptions.FingerprintTimeoutException: El tiempo para esperar la lectura de la huella ha expirado.
   at TPAuto.HuellaCI.ValidadorHuella.ValidarHuella(String readerName, Int32 timeout) in E:\00.- Proyectos\01.- Autopista Vespucio Norte\PipeComponent\PipeComponent\HuellaCI\ValidadorHuella.cs:line 290
   at PipeComponent.PipeServer.WaitForConnectionCallBack(IAsyncResult iar) in E:\00.- Proyectos\01.- Autopista Vespucio Norte\PipeComponent\PipeComponent\PipeServer.cs:line 217
11:25:23.150,000,RES:NOK~El tiempo para esperar la lectura de la huella ha expirado.
11:25:31.389,000,REQ:104~1~30
11:25:34.194,000,RES:OK~17122588-4
11:25:34.274,000,REQ:105~1~30
11:25:34.764,000,RES:OK~Indice Derecho
11:25:34.832,000,REQ:106~1~30
11:25:37.124,000,RES:OK~True
11:25:46.091,000,REQ:104~1~30
11:25:48.915,000,RES:OK~17122588-4
11:25:48.990,000,REQ:105~1~30
11:25:49.475,000,RES:OK~Indice Derecho
11:25:49.558,000,REQ:106~1~30
11:26:00.008,000,ERR:TPAuto.HuellaCI.Exceptions.FingerprintTimeoutException: El tiempo para esperar la lectura de la huella ha expirado.
   at TPAuto.HuellaCI.ValidadorHuella.ValidarHuella(String readerName, Int32 timeout) in E:\00.- Proyectos\01.- Autopista Vespucio Norte\PipeComponent\PipeComponent\HuellaCI\ValidadorHuella.cs:line 290
   at PipeComponent.PipeServer.WaitForConnectionCallBack(IAsyncResult iar) in E:\00.- Proyectos\01.- Autopista Vespucio Norte\PipeComponent\PipeComponent\PipeServer.cs:line 217
11:26:00.008,000,RES:NOK~El tiempo para esperar la lectura de la huella ha expirado.
11:26:08.425,000,REQ:104~1~30
11:26:11.232,000,RES:OK~17122588-4
11:26:11.302,000,REQ:105~1~30
11:26:11.802,000,RES:OK~Indice Derecho
11:26:11.884,000,REQ:106~1~30
11:26:13.593,000,RES:OK~True
11:26:47.680,000,REQ:104~1~30
11:26:49.396,000,RES:OK~17122588-4
11:26:49.476,000,REQ:105~1~30
11:26:49.961,000,RES:OK~Indice Derecho
11:26:50.049,000,REQ:106~1~30
11:27:00.473,000,ERR:TPAuto.HuellaCI.Exceptions.FingerprintTimeoutException: El tiempo para esperar la lectura de la huella ha expirado.
   at TPAuto.HuellaCI.ValidadorHuella.ValidarHuella(String readerName, Int32 timeout) in E:\00.- Proyectos\01.- Autopista Vespucio Norte\PipeComponent\PipeComponent\HuellaCI\ValidadorHuella.cs:line 290
   at PipeComponent.PipeServer.WaitForConnectionCallBack(IAsyncResult iar) in E:\00.- Proyectos\01.- Autopista Vespucio Norte\PipeComponent\PipeComponent\PipeServer.cs:line 217
11:27:00.478,000,RES:NOK~El tiempo para esperar la lectura de la huella ha expirado.
11:28:17.927,000,REQ:104~1~30
11:28:20.433,000,RES:OK~17083784-3
11:28:20.513,000,REQ:105~1~30
11:28:30.523,000,ERR:TPAuto.HuellaCI.Exceptions.CardTimeoutException: El tiempo para esperar la lectura de la cédula ha expirado --> SCardConnect error: FFFFFFFF80100069
   at TPAuto.HuellaCI.ValidadorHuella.ObtenerDedo(String readerName, Int32 timeout) in E:\00.- Proyectos\01.- Autopista Vespucio Norte\PipeComponent\PipeComponent\HuellaCI\ValidadorHuella.cs:line 190
   at PipeComponent.PipeServer.WaitForConnectionCallBack(IAsyncResult iar) in E:\00.- Proyectos\01.- Autopista Vespucio Norte\PipeComponent\PipeComponent\PipeServer.cs:line 205
11:28:30.523,000,RES:NOK~El tiempo para esperar la lectura de la cédula ha expirado --> SCardConnect error: FFFFFFFF80100069
11:43:36.816,000,REQ:104~1~30
11:43:41.025,000,RES:OK~17122588-4
11:43:41.100,000,REQ:105~1~30
11:43:41.585,000,RES:OK~Indice Derecho
11:43:41.663,000,REQ:106~1~30
11:43:44.497,000,RES:OK~True
11:43:52.895,000,REQ:104~1~30
11:43:56.013,000,RES:OK~17122588-4
11:43:56.078,000,REQ:105~1~30
11:43:56.563,000,RES:OK~Indice Derecho
11:43:56.641,000,REQ:106~1~30
11:44:07.101,000,ERR:TPAuto.HuellaCI.Exceptions.FingerprintTimeoutException: El tiempo para esperar la lectura de la huella ha expirado.
   at TPAuto.HuellaCI.ValidadorHuella.ValidarHuella(String readerName, Int32 timeout) in E:\00.- Proyectos\01.- Autopista Vespucio Norte\PipeComponent\PipeComponent\HuellaCI\ValidadorHuella.cs:line 290
   at PipeComponent.PipeServer.WaitForConnectionCallBack(IAsyncResult iar) in E:\00.- Proyectos\01.- Autopista Vespucio Norte\PipeComponent\PipeComponent\PipeServer.cs:line 217
11:44:07.106,000,RES:NOK~El tiempo para esperar la lectura de la huella ha expirado.
11:44:17.237,000,REQ:104~1~30
11:44:19.144,000,RES:OK~17122588-4
11:44:19.224,000,REQ:105~1~30
11:44:19.714,000,RES:OK~Indice Derecho
11:44:19.797,000,REQ:106~1~30
11:44:21.433,000,RES:OK~True
11:44:34.101,000,REQ:104~1~30
11:44:36.508,000,RES:OK~17122588-4
11:44:44.948,000,REQ:104~1~30
11:44:49.658,000,RES:OK~17122588-4
11:44:49.733,000,REQ:105~1~30
11:44:50.223,000,RES:OK~Indice Derecho
11:44:50.299,000,REQ:106~1~30
11:45:00.751,000,ERR:TPAuto.HuellaCI.Exceptions.FingerprintTimeoutException: El tiempo para esperar la lectura de la huella ha expirado.
   at TPAuto.HuellaCI.ValidadorHuella.ValidarHuella(String readerName, Int32 timeout) in E:\00.- Proyectos\01.- Autopista Vespucio Norte\PipeComponent\PipeComponent\HuellaCI\ValidadorHuella.cs:line 290
   at PipeComponent.PipeServer.WaitForConnectionCallBack(IAsyncResult iar) in E:\00.- Proyectos\01.- Autopista Vespucio Norte\PipeComponent\PipeComponent\PipeServer.cs:line 217
11:45:00.756,000,RES:NOK~El tiempo para esperar la lectura de la huella ha expirado.
