11:13:53.561,000,REQ:104~1~30
11:14:01.974,000,RES:OK~17122588-4
11:14:02.068,000,REQ:105~1~30
11:14:02.567,000,RES:OK~Indice Derecho
11:14:02.692,000,REQ:106~1~30
11:14:13.102,000,ERR:TPAuto.HuellaCI.Exceptions.FingerprintTimeoutException: El tiempo para esperar la lectura de la huella ha expirado.
   at TPAuto.HuellaCI.ValidadorHuella.ValidarHuella(String readerName, Int32 timeout) in E:\00.- Proyectos\01.- Autopista Vespucio Norte\PipeComponent\PipeComponent\HuellaCI\ValidadorHuella.cs:line 290
   at PipeComponent.PipeServer.WaitForConnectionCallBack(IAsyncResult iar) in E:\00.- Proyectos\01.- Autopista Vespucio Norte\PipeComponent\PipeComponent\PipeServer.cs:line 217
11:14:13.102,000,RES:NOK~El tiempo para esperar la lectura de la huella ha expirado.
11:14:25.113,000,REQ:104~1~30
11:14:27.976,000,RES:OK~17122588-4
11:14:28.069,000,REQ:105~1~30
11:14:28.553,000,RES:OK~Indice Derecho
11:14:28.631,000,REQ:106~1~30
11:14:39.030,000,ERR:TPAuto.HuellaCI.Exceptions.FingerprintTimeoutException: El tiempo para esperar la lectura de la huella ha expirado.
   at TPAuto.HuellaCI.ValidadorHuella.ValidarHuella(String readerName, Int32 timeout) in E:\00.- Proyectos\01.- Autopista Vespucio Norte\PipeComponent\PipeComponent\HuellaCI\ValidadorHuella.cs:line 290
   at PipeComponent.PipeServer.WaitForConnectionCallBack(IAsyncResult iar) in E:\00.- Proyectos\01.- Autopista Vespucio Norte\PipeComponent\PipeComponent\PipeServer.cs:line 217
11:14:39.030,000,RES:NOK~El tiempo para esperar la lectura de la huella ha expirado.
11:15:10.924,000,REQ:104~1~30
11:15:14.530,000,RES:OK~17122588-4
11:15:14.623,000,REQ:105~1~30
11:15:15.107,000,RES:OK~Indice Derecho
11:15:15.214,000,REQ:106~1~30
11:15:17.739,000,RES:OK~True
11:15:28.802,000,REQ:101~pdf~http://172.20.3.80:8080/Facturacion/webservices/ConsultaPDF.jsp?t=41&f=44848527&e=96992030&r=1,44848527
11:15:29.454,000,RES:OK~
11:15:32.570,000,REQ:107~2~FZXF36,01/08/2017,21:08:31,3,AVN,44848527;FZXF36,28/07/2017,08:13:52,3,AVN,44848527;FZXF36,27/07/2017,08:38:24,3,AVN,44848527;FZXF36,26/07/2017,08:57:38,3,AVN,44848527;FZXF36,25/07/2017,08:33:45,3,AVN,44848527;FZXF36,24/07/2017,08:57:05,3,AVN,44848527;FZXF36,21/07/2017,14:25:43,14,AVN,44848527;FZXF36,21/07/2017,14:23:31,12,AVN,44848527;FZXF36,21/07/2017,14:21:29,10,AVN,44848527;FZXF36,21/07/2017,14:20:58,9,AVN,44848527;FZXF36,21/07/2017,14:17:41,7,AVN,44848527;FZXF36,21/07/2017,14:16:05,5,AVN,44848527;FZXF36,21/07/2017,08:55:18,3,AVN,44848527;FZXF36,20/07/2017,08:43:26,3,AVN,44848527;FZXF36,19/07/2017,08:51:59,3,AVN,44848527;FZXF36,18/07/2017,08:53:11,3,AVN,44848527;FZXF36,17/07/2017,08:47:20,3,AVN,44848527;FZXF36,14/07/2017,08:36:21,3,AVN,44848527;FZXF36,13/07/2017,08:54:05,3,AVN,44848527;FZXF36,12/07/2017,08:37:32,3,AVN,44848527;FZXF36,11/07/2017,08:50:17,3,AVN,44848527;FZXF36,07/07/2017,08:47:37,3,AVN,44848527;FZXF36,06/07/2017,08:43:39,3,AVN,44848527;FZXF36,05/07/2017,08:52:09,3,AVN,44848527
11:15:33.509,000,RES:OK~Archivo creado
11:15:54.144,000,REQ:101~pdf~http://172.20.3.80:8080/Facturacion/webservices/ConsultaPDF.jsp?t=41&f=44848527&e=96992030&r=1,44848527
11:15:54.320,000,RES:OK~
11:15:57.441,000,REQ:107~2~FZXF36,01/08/2017,21:08:31,3,AVN,44848527;FZXF36,28/07/2017,08:13:52,3,AVN,44848527;FZXF36,27/07/2017,08:38:24,3,AVN,44848527;FZXF36,26/07/2017,08:57:38,3,AVN,44848527;FZXF36,25/07/2017,08:33:45,3,AVN,44848527;FZXF36,24/07/2017,08:57:05,3,AVN,44848527;FZXF36,21/07/2017,14:25:43,14,AVN,44848527;FZXF36,21/07/2017,14:23:31,12,AVN,44848527;FZXF36,21/07/2017,14:21:29,10,AVN,44848527;FZXF36,21/07/2017,14:20:58,9,AVN,44848527;FZXF36,21/07/2017,14:17:41,7,AVN,44848527;FZXF36,21/07/2017,14:16:05,5,AVN,44848527;FZXF36,21/07/2017,08:55:18,3,AVN,44848527;FZXF36,20/07/2017,08:43:26,3,AVN,44848527;FZXF36,19/07/2017,08:51:59,3,AVN,44848527;FZXF36,18/07/2017,08:53:11,3,AVN,44848527;FZXF36,17/07/2017,08:47:20,3,AVN,44848527;FZXF36,14/07/2017,08:36:21,3,AVN,44848527;FZXF36,13/07/2017,08:54:05,3,AVN,44848527;FZXF36,12/07/2017,08:37:32,3,AVN,44848527;FZXF36,11/07/2017,08:50:17,3,AVN,44848527;FZXF36,07/07/2017,08:47:37,3,AVN,44848527;FZXF36,06/07/2017,08:43:39,3,AVN,44848527;FZXF36,05/07/2017,08:52:09,3,AVN,44848527
11:15:57.903,000,RES:OK~Archivo creado
11:16:49.525,000,REQ:101~pdf~http://172.20.3.80:8080/Facturacion/webservices/ConsultaPDF.jsp?t=41&f=44848527&e=96992030&r=1,44848527
11:16:49.703,000,RES:OK~
11:16:52.863,000,REQ:107~2~FZXF36,01/08/2017,21:08:31,3,AVN,44848527;FZXF36,28/07/2017,08:13:52,3,AVN,44848527;FZXF36,27/07/2017,08:38:24,3,AVN,44848527;FZXF36,26/07/2017,08:57:38,3,AVN,44848527;FZXF36,25/07/2017,08:33:45,3,AVN,44848527;FZXF36,24/07/2017,08:57:05,3,AVN,44848527;FZXF36,21/07/2017,14:25:43,14,AVN,44848527;FZXF36,21/07/2017,14:23:31,12,AVN,44848527;FZXF36,21/07/2017,14:21:29,10,AVN,44848527;FZXF36,21/07/2017,14:20:58,9,AVN,44848527;FZXF36,21/07/2017,14:17:41,7,AVN,44848527;FZXF36,21/07/2017,14:16:05,5,AVN,44848527;FZXF36,21/07/2017,08:55:18,3,AVN,44848527;FZXF36,20/07/2017,08:43:26,3,AVN,44848527;FZXF36,19/07/2017,08:51:59,3,AVN,44848527;FZXF36,18/07/2017,08:53:11,3,AVN,44848527;FZXF36,17/07/2017,08:47:20,3,AVN,44848527;FZXF36,14/07/2017,08:36:21,3,AVN,44848527;FZXF36,13/07/2017,08:54:05,3,AVN,44848527;FZXF36,12/07/2017,08:37:32,3,AVN,44848527;FZXF36,11/07/2017,08:50:17,3,AVN,44848527;FZXF36,07/07/2017,08:47:37,3,AVN,44848527;FZXF36,06/07/2017,08:43:39,3,AVN,44848527;FZXF36,05/07/2017,08:52:09,3,AVN,44848527
11:16:53.344,000,RES:OK~Archivo creado
11:18:31.903,000,REQ:104~1~30
11:18:35.281,000,RES:OK~12877648-6
11:18:35.359,000,REQ:105~1~30
11:18:35.905,000,RES:OK~Indice Derecho
11:18:36.007,000,REQ:106~1~30
11:18:38.360,000,RES:OK~True
11:23:59.697,000,REQ:102~NII ExD NP-K3053~1496638,31658561,18/08/2014,10.488,201718793,MICHELL ANTHONY POLANCO;991100013690,124019557,20/10/2011,358.341,0,MICHELL ANTHONY POLANCO
11:23:59.941,000,RES:OK~Voucher impreso
11:24:18.218,000,REQ:102~NII ExD NP-K3053~1496638,31658561,18/08/2014,10.488,201718793,MICHELL ANTHONY POLANCO
11:24:18.354,000,RES:OK~Voucher impreso
11:33:42.170,000,REQ:107~2~YV3690,04/06/2007,07:07:47,1,00,3845000;YV3690,04/06/2007,07:16:09,3,00,3845000;YV3690,04/06/2007,08:59:34,6,00,3845000;YV3690,04/06/2007,15:58:33,4,00,3845000;YV3690,04/06/2007,16:54:37,1,00,3845000;YV3690,04/06/2007,21:28:55,4,00,3845000;YV3690,04/06/2007,21:30:58,2,00,3845000;YV3690,09/06/2007,17:25:55,1,00,3845000;YV3690,09/06/2007,17:38:06,3,00,3845000;YV3690,09/06/2007,20:20:13,4,00,3845000;YV3690,09/06/2007,20:22:58,2,00,3845000;YV3690,10/06/2007,15:56:55,1,00,3845000;YV3690,10/06/2007,16:03:16,3,00,3845000;YV3690,10/06/2007,18:26:31,2,00,3845000;YV3690,10/06/2007,18:23:27,4,00,3845000
11:33:42.379,000,RES:OK~Archivo creado
11:35:32.373,000,REQ:107~2~BGXT65,23/01/2016,10:02:31,17,AVN,39036486;BGXT65,23/01/2016,23:32:10,17,AVN,39036486;BGXT65,24/01/2016,03:15:13,17,AVN,39036486;BGXT65,24/01/2016,22:10:49,17,AVN,39036486
11:35:32.565,000,RES:OK~Archivo creado
11:36:35.053,000,REQ:107~3~HZSR54,10/08/2016,30/08/2016,Fuera de Plazo,AVN;HZSR54,19/08/2016,08/09/2016,Fuera de Plazo,AVN-TSC;HZSR54,21/10/2016,10/11/2016,Fuera de Plazo,AVN;HZSR54,14/11/2016,04/12/2016,Fuera de Plazo,AVN-TSC;HZSR54,06/12/2016,26/12/2016,Fuera de Plazo,AVN-TSC;HZSR54,08/12/2016,28/12/2016,Fuera de Plazo,AVN-TSC;HZSR54,14/12/2016,03/01/2017,Fuera de Plazo,AVN-TSC;HZSR54,16/12/2016,05/01/2017,Fuera de Plazo,AVN-TSC;HZSR54,27/12/2016,16/01/2017,Fuera de Plazo,AVN;HZSR54,28/12/2016,17/01/2017,Fuera de Plazo,AVN-TSC;HZSR54,29/12/2016,18/01/2017,Fuera de Plazo,AVN-TSC;HZSR54,06/01/2017,26/01/2017,Fuera de Plazo,AVN-TSC;HZSR54,18/01/2017,07/02/2017,Fuera de Plazo,AVN-TSC;HZSR54,01/02/2017,21/02/2017,Fuera de Plazo,AVN;HZSR54,05/02/2017,25/02/2017,Fuera de Plazo,AVN;HZSR54,20/02/2017,12/03/2017,Fuera de Plazo,AVN;HZSR54,21/02/2017,13/03/2017,Fuera de Plazo,AVN;HZSR54,25/02/2017,17/03/2017,Fuera de Plazo,AVN;HZSR54,26/02/2017,18/03/2017,Fuera de Plazo,AVN;HZSR54,02/03/2017,22/03/2017,Fuera de Plazo,AVN;HZSR54,07/03/2017,27/03/2017,Fuera de Plazo,AVN;HZSR54,22/03/2017,11/04/2017,Fuera de Plazo,AVN-TSC;HZSR54,31/03/2017,20/04/2017,Fuera de Plazo,AVN;HZSR54,01/04/2017,21/04/2017,Fuera de Plazo,AVN;HZSR54,05/04/2017,25/04/2017,Fuera de Plazo,AVN;HZSR54,07/04/2017,27/04/2017,Fuera de Plazo,AVN;HZSR54,10/04/2017,30/04/2017,Fuera de Plazo,AVN;HZSR54,16/04/2017,06/05/2017,Fuera de Plazo,AVN;HZSR54,17/04/2017,07/05/2017,Fuera de Plazo,AVN;HZSR54,24/04/2017,14/05/2017,Fuera de Plazo,AVN;HZSR54,25/04/2017,15/05/2017,Fuera de Plazo,AVN;HZSR54,26/04/2017,16/05/2017,Fuera de Plazo,AVN;HZSR54,06/05/2017,26/05/2017,Fuera de Plazo,AVN;HZSR54,08/05/2017,28/05/2017,Fuera de Plazo,AVN;HZSR54,11/05/2017,31/05/2017,Fuera de Plazo,AVN;HZSR54,12/05/2017,01/06/2017,Fuera de Plazo,AVN;HZSR54,17/05/2017,06/06/2017,Fuera de Plazo,AVN;HZSR54,18/05/2017,07/06/2017,Fuera de Plazo,AVN;HZSR54,21/05/2017,10/06/2017,Fuera de Plazo,AVN;HZSR54,01/06/2017,21/06/2017,Fuera de Plazo,AVN;HZSR54,02/06/2017,22/06/2017,Fuera de Plazo,AVN;HZSR54,03/06/2017,23/06/2017,Fuera de Plazo,AVN;HZSR54,07/06/2017,27/06/2017,Fuera de Plazo,AVN;HZSR54,08/06/2017,28/06/2017,Fuera de Plazo,AVN;HZSR54,09/06/2017,29/06/2017,Fuera de Plazo,AVN;HZSR54,10/06/2017,30/06/2017,Fuera de Plazo,AVN;HZSR54,12/06/2017,02/07/2017,Fuera de Plazo,AVN;HZSR54,13/06/2017,03/07/2017,Fuera de Plazo,AVN;HZSR54,14/06/2017,04/07/2017,Fuera de Plazo,AVN;HZSR54,15/06/2017,05/07/2017,Fuera de Plazo,AVN;HZSR54,16/06/2017,06/07/2017,Fuera de Plazo,AVN;HZSR54,19/06/2017,09/07/2017,Fuera de Plazo,AVN;HZSR54,20/06/2017,10/07/2017,Fuera de Plazo,AVN;HZSR54,23/06/2017,13/07/2017,Fuera de Plazo,AVN
11:36:39.591,000,RES:OK~Archivo creado
11:41:33.423,000,REQ:107~3~CXTX28,22/10/2015,11/11/2015,Fuera de Plazo,AVN;CXTX28,19/07/2017,08/08/2017,Fuera de Plazo,AVN-TSC;CXTX28,20/07/2017,09/08/2017,Fuera de Plazo,AVN
11:41:33.622,000,RES:OK~Archivo creado
11:44:34.351,000,REQ:107~1~PK1089,8464994,03/08/2008,02/01/2009;PK1089,8741556,09/09/2008,02/01/2009;PK1089,9427579,03/11/2008,04/03/2009
11:44:34.571,000,RES:OK~Archivo creado
11:46:06.054,000,REQ:107~1~YV3690,187186,07/01/2006,01/04/2007;YV3690,187186,08/01/2006,01/04/2007;YV3690,187186,09/01/2006,01/04/2007;YV3690,187186,10/01/2006,01/04/2007;YV3690,187186,11/01/2006,01/04/2007;YV3690,187186,12/01/2006,01/04/2007;YV3690,187186,13/01/2006,01/04/2007;YV3690,606019,14/01/2006,01/04/2007;YV3690,606019,15/01/2006,01/04/2007;YV3690,606019,16/01/2006,01/04/2007;YV3690,606019,17/01/2006,01/04/2007;YV3690,606019,18/01/2006,01/04/2007;YV3690,606019,19/01/2006,01/04/2007;YV3690,606019,20/01/2006,01/04/2007;YV3690,606019,21/01/2006,01/04/2007;YV3690,606019,22/01/2006,01/04/2007;YV3690,606019,23/01/2006,01/04/2007;YV3690,606019,24/01/2006,01/04/2007;YV3690,2034142,27/10/2006,19/12/2007;YV3690,2034142,22/11/2006,19/12/2007;YV3690,2034142,08/01/2007,19/12/2007;YV3690,2034142,09/01/2007,19/12/2007;YV3690,3845000,04/06/2007,24/12/2007;YV3690,3845000,09/06/2007,24/12/2007;YV3690,3845000,10/06/2007,24/12/2007;YV3690,35061907,13/03/2015,05/06/2015
11:46:08.550,000,RES:OK~Archivo creado
11:52:45.894,000,REQ:102~NII ExD NP-K3053~1100713305,1125411,06/09/2017,28.006,9301120166,  CONSTRUCTORA MANQUEHUE BROTEC ICAFAL LTD
11:52:46.021,000,RES:OK~Voucher impreso
11:53:29.087,000,REQ:104~1~30
11:53:36.855,000,RES:OK~17122588-4
11:53:36.948,000,REQ:105~1~30
11:53:37.432,000,RES:OK~Indice Derecho
11:53:37.530,000,REQ:106~1~30
11:53:41.201,000,RES:OK~True
11:57:05.289,000,REQ:101~pdf~http://172.20.3.80:8080/Facturacion/webservices/ConsultaPDF.jsp?t=41&f=44667092&e=96992030&r=1,44667092
11:57:05.913,000,RES:OK~
11:57:09.100,000,REQ:107~2~IUF030,12/07/2017,17:55:52,10,AVN,44667092;IUF030,12/07/2017,17:55:13,9,AVN,44667092;IUF030,12/07/2017,17:49:25,7,AVN,44667092;IUF030,12/07/2017,17:47:28,5,AVN,44667092;IUF030,12/07/2017,17:44:22,3,AVN,44667092;IUF030,12/07/2017,17:42:59,16,AVN,44667092;IUF030,12/07/2017,17:39:53,1,AVN,44667092;IUF030,10/07/2017,17:03:44,4,AVN,44667092;IUF030,10/07/2017,17:00:42,6,AVN,44667092;IUF030,10/07/2017,16:55:26,8,AVN,44667092;IUF030,10/07/2017,16:54:06,11,AVN,44667092
11:57:09.608,000,RES:OK~Archivo creado
11:59:32.306,000,REQ:101~pdf~http://172.20.3.80:8080/Facturacion/webservices/ConsultaPDF.jsp?t=39&f=10020859&e=96992030&r=1,10020859
11:59:32.962,000,RES:OK~
11:59:36.104,000,REQ:107~2~RGS923,02/08/2017,11:55:54,10,AVN,10020859;RGS923,02/08/2017,11:55:02,9,AVN,10020859;RGS923,02/08/2017,11:49:39,7,AVN,10020859;RGS923,02/08/2017,11:46:43,5,AVN,10020859;RGS923,02/08/2017,11:41:43,3,AVN,10020859;RGS923,02/08/2017,11:39:29,16,AVN,10020859;RGS923,02/08/2017,11:34:54,1,AVN,10020859;RGS923,31/07/2017,21:46:54,17,AVN,10020859;RGS923,31/07/2017,21:43:44,2,AVN,10020859;RGS923,31/07/2017,21:40:23,4,AVN,10020859;RGS923,31/07/2017,21:36:39,6,AVN,10020859;RGS923,31/07/2017,21:29:42,8,AVN,10020859;RGS923,27/07/2017,15:47:01,10,AVN,10020859;RGS923,27/07/2017,15:41:23,7,AVN,10020859;RGS923,27/07/2017,15:38:44,5,AVN,10020859;RGS923,27/07/2017,15:34:38,3,AVN,10020859;RGS923,27/07/2017,15:32:48,16,AVN,10020859;RGS923,27/07/2017,15:28:43,1,AVN,10020859;RGS923,27/07/2017,13:19:47,17,AVN,10020859;RGS923,27/07/2017,13:16:59,2,AVN,10020859;RGS923,27/07/2017,13:14:02,4,AVN,10020859;RGS923,27/07/2017,13:10:53,6,AVN,10020859;RGS923,27/07/2017,13:04:53,8,AVN,10020859;RGS923,27/07/2017,13:03:20,11,AVN,10020859
11:59:36.544,000,RES:OK~Archivo creado
11:59:36.657,000,REQ:101~pdf~http://172.20.3.80:8080/Facturacion/webservices/ConsultaPDF.jsp?t=39&f=9853997&e=96992030&r=1,9853997
11:59:37.349,000,RES:OK~
11:59:40.503,000,REQ:101~pdf~http://172.20.3.80:8080/Facturacion/webservices/ConsultaPDF.jsp?t=39&f=9684775&e=96992030&r=1,9684775
11:59:41.467,000,RES:OK~
12:02:19.746,000,REQ:101~pdf~http://172.20.3.80:8080/Facturacion/webservices/ConsultaPDF.jsp?t=41&f=44370550&e=96992030&r=1,44370550
12:02:20.395,000,RES:OK~
15:00:35.842,000,REQ:102~NII ExD NP-K3053~1101246610,3322024,10/03/2016,1.409,10900495354,  FUNDACION DEM
15:00:35.962,000,RES:OK~Voucher impreso
15:11:36.336,000,REQ:107~1~XD5222,3845591,20/06/2007,28/10/2009;XD5222,4102290,12/07/2007,28/10/2009;XD5222,4102290,14/07/2007,28/10/2009;XD5222,4102290,18/07/2007,28/10/2009;XD5222,4102290,19/07/2007,28/10/2009;XD5222,4102290,26/07/2007,28/10/2009;XD5222,4102290,27/07/2007,28/10/2009;XD5222,4413727,18/08/2007,28/10/2009;XD5222,4413727,19/08/2007,28/10/2009;XD5222,4413727,25/08/2007,28/10/2009;XD5222,4413727,31/08/2007,28/10/2009;XD5222,4665740,01/09/2007,28/10/2009;XD5222,4665740,11/09/2007,28/10/2009;XD5222,4665740,25/09/2007,28/10/2009;XD5222,5293873,12/11/2007,28/10/2009;XD5222,5293873,16/11/2007,28/10/2009;XD5222,5293873,19/11/2007,28/10/2009;XD5222,5293873,20/11/2007,28/10/2009;XD5222,5293873,26/11/2007,28/10/2009;XD5222,5293873,28/11/2007,28/10/2009;XD5222,5576252,01/12/2007,28/10/2009;XD5222,5576252,05/12/2007,28/10/2009;XD5222,5584487,14/12/2007,13/02/2008;XD5222,33707009,29/11/2014,19/03/2015;XD5222,35634586,13/05/2015,21/08/2015
15:11:38.801,000,RES:OK~Archivo creado
15:13:12.315,000,REQ:107~1~NK3791,43399355,12/01/2017,03/07/2017;NK3791,43650491,05/02/2017,03/07/2017;NK3791,43650491,19/02/2017,03/07/2017;NK3791,44193558,08/04/2017,03/07/2017;NK3791,44193558,09/04/2017,03/07/2017;NK3791,44193558,13/04/2017,03/07/2017;NK3791,44193558,18/04/2017,03/07/2017;NK3791,44193558,19/04/2017,03/07/2017;NK3791,44193558,25/04/2017,03/07/2017;NK3791,44193558,26/04/2017,03/07/2017
15:13:12.521,000,RES:OK~Archivo creado
15:16:19.686,000,REQ:107~3~VU6717,30/12/2016,19/01/2017,Fuera de Plazo,AVN;VU6717,31/07/2017,20/08/2017,Fuera de Plazo,AVN-TSC;VU6717,03/08/2017,23/08/2017,Fuera de Plazo,AVN;VU6717,05/08/2017,25/08/2017,Fuera de Plazo,AVN-TSC;VU6717,06/08/2017,26/08/2017,Fuera de Plazo,AVN;VU6717,08/08/2017,28/08/2017,Fuera de Plazo,AVN;VU6717,11/08/2017,31/08/2017,En Plazo,AVN-TSC;VU6717,14/08/2017,03/09/2017,En Plazo,AVN;VU6717,16/08/2017,05/09/2017,En Plazo,AVN-TSC;VU6717,19/08/2017,08/09/2017,En Plazo,AVN;VU6717,26/08/2017,15/09/2017,En Plazo,AVN-TSC
15:16:20.104,000,RES:OK~Archivo creado
15:16:41.161,000,REQ:107~2~VU6717,11/07/2017,10:01:34,101,TSC,44957348;VU6717,11/07/2017,11:40:32,15,AVN,44957348;VU6717,11/07/2017,11:42:38,13,AVN,44957348;VU6717,11/07/2017,11:44:34,11,AVN,44957348
15:16:41.359,000,RES:OK~Archivo creado
15:21:05.210,000,REQ:101~pdf~http://172.20.3.80:8080/Facturacion/webservices/ConsultaPDF.jsp?t=41&f=44972072&e=96992030&r=1,44972072
15:21:05.832,000,RES:OK~
15:22:42.757,000,REQ:101~pdf~http://172.20.3.80:8080/Facturacion/webservices/ConsultaPDF.jsp?t=39&f=10035704&e=96992030&r=1,10035704;http://172.20.3.80:8080/Facturacion/webservices/ConsultaPDF.jsp?t=39&f=10052058&e=96992030&r=1,10052058;http://172.20.3.80:8080/Facturacion/webservices/ConsultaPDF.jsp?t=39&f=9897465&e=96992030&r=1,9897465
15:22:44.643,000,RES:OK~
15:23:43.318,000,REQ:102~NII ExD NP-K3053~1101990437,10035704,11/09/2017,2.137,10300749595,MANUEL ALBERTO COLLANTE;1102180996,9897465,11/08/2017,36.664,11100592319,MANUEL ALBERTO COLLANTE
15:23:43.553,000,RES:OK~Voucher impreso
15:26:29.008,000,REQ:102~NII ExD NP-K3053~991100023186,10031941,11/09/2017,44.254,11700397451,JONATHAN ESTEBAN LASSNIBATT
15:26:29.129,000,RES:OK~Voucher impreso
15:29:01.045,000,REQ:101~pdf~http://172.20.3.80:8080/Facturacion/webservices/ConsultaPDF.jsp?t=39&f=10031941&e=96992030&r=1,10031941
15:29:02.171,000,RES:OK~
15:30:49.433,000,REQ:101~pdf~http://172.20.3.80:8080/Facturacion/webservices/ConsultaPDF.jsp?t=34&f=4053518&e=96992030&r=1,4053518
15:30:50.054,000,RES:OK~
15:30:58.996,000,REQ:102~NII ExD NP-K3053~1100242724,4053518,06/09/2017,139.147,202210703,  TRANSPORTES TRANSELVA S.A. .
15:30:59.115,000,RES:OK~Voucher impreso
