12:00:40.846,000,REQ:104~1~30
12:00:45.322,000,RES:OK~17122588-4
12:00:45.416,000,REQ:105~1~30
12:00:45.899,000,RES:OK~Indice Derecho
12:00:46.000,000,REQ:106~1~30
12:00:48.707,000,RES:OK~True
12:01:31.060,000,REQ:101~pdf~http://172.20.3.96:8080/Facturacion/webservices/ConsultaPDF.jsp?t=41&f=32630764&e=96992030&r=1,32630764
12:01:31.091,000,ERR:System.Net.WebException: The remote server returned an error: (404) Not Found.
   at System.Net.WebClient.DownloadFile(Uri address, String fileName)
   at System.Net.WebClient.DownloadFile(String address, String fileName)
   at PipeComponent.Peripherals.LaserPrinter.imprimir(String doc) in E:\00.- Proyectos\01.- Autopista Vespucio Norte\PipeComponent\PipeComponent\Peripherals\LaserPrinter.cs:line 107
12:01:31.092,000,RES:OK~32630764
12:02:38.201,000,REQ:101~pdf~http://172.20.3.96:8080/Facturacion/webservices/ConsultaPDF.jsp?t=41&f=32630764&e=96992030&r=1,32630764
12:02:38.222,000,ERR:System.Net.WebException: The remote server returned an error: (404) Not Found.
   at System.Net.WebClient.DownloadFile(Uri address, String fileName)
   at System.Net.WebClient.DownloadFile(String address, String fileName)
   at PipeComponent.Peripherals.LaserPrinter.imprimir(String doc) in E:\00.- Proyectos\01.- Autopista Vespucio Norte\PipeComponent\PipeComponent\Peripherals\LaserPrinter.cs:line 107
12:02:38.222,000,RES:OK~32630764
12:02:44.419,000,REQ:101~pdf~http://172.20.3.96:8080/Facturacion/webservices/ConsultaPDF.jsp?t=41&f=32630764&e=96992030&r=1,32630764
12:02:44.443,000,ERR:System.Net.WebException: The remote server returned an error: (404) Not Found.
   at System.Net.WebClient.DownloadFile(Uri address, String fileName)
   at System.Net.WebClient.DownloadFile(String address, String fileName)
   at PipeComponent.Peripherals.LaserPrinter.imprimir(String doc) in E:\00.- Proyectos\01.- Autopista Vespucio Norte\PipeComponent\PipeComponent\Peripherals\LaserPrinter.cs:line 107
12:02:44.443,000,RES:OK~32630764
12:02:54.498,000,REQ:101~pdf~http://172.20.3.96:8080/Facturacion/webservices/ConsultaPDF.jsp?t=41&f=32630764&e=96992030&r=1,32630764
12:02:54.506,000,ERR:System.Net.WebException: The remote server returned an error: (404) Not Found.
   at System.Net.WebClient.DownloadFile(Uri address, String fileName)
   at System.Net.WebClient.DownloadFile(String address, String fileName)
   at PipeComponent.Peripherals.LaserPrinter.imprimir(String doc) in E:\00.- Proyectos\01.- Autopista Vespucio Norte\PipeComponent\PipeComponent\Peripherals\LaserPrinter.cs:line 107
12:02:54.506,000,RES:OK~32630764
12:03:08.577,000,REQ:101~pdf~http://172.20.3.96:8080/Facturacion/webservices/ConsultaPDF.jsp?t=41&f=32630764&e=96992030&r=1,32630764
12:03:08.585,000,ERR:System.Net.WebException: The remote server returned an error: (404) Not Found.
   at System.Net.WebClient.DownloadFile(Uri address, String fileName)
   at System.Net.WebClient.DownloadFile(String address, String fileName)
   at PipeComponent.Peripherals.LaserPrinter.imprimir(String doc) in E:\00.- Proyectos\01.- Autopista Vespucio Norte\PipeComponent\PipeComponent\Peripherals\LaserPrinter.cs:line 107
12:03:08.586,000,RES:OK~32630764
12:04:47.015,000,REQ:104~1~30
12:04:57.084,000,ERR:TPAuto.HuellaCI.Exceptions.CardTimeoutException: El tiempo para esperar la lectura de la cédula ha expirado.
   at TPAuto.HuellaCI.ValidadorHuella.ObtenerRut(Int32 commPort, Int32 timeout) in E:\00.- Proyectos\01.- Autopista Vespucio Norte\PipeComponent\PipeComponent\HuellaCI\ValidadorHuella.cs:line 91
   at PipeComponent.PipeServer.WaitForConnectionCallBack(IAsyncResult iar) in E:\00.- Proyectos\01.- Autopista Vespucio Norte\PipeComponent\PipeComponent\PipeServer.cs:line 190
12:04:57.084,000,RES:NOK~El tiempo para esperar la lectura de la cédula ha expirado.
12:05:02.661,000,REQ:104~1~30
12:05:10.310,000,RES:OK~17122588-4
12:05:10.404,000,REQ:105~1~30
12:05:10.888,000,RES:OK~Indice Derecho
12:05:10.982,000,REQ:106~1~30
12:05:18.191,000,RES:OK~True
12:05:48.051,000,REQ:101~pdf~http://172.20.3.96:8080/Facturacion/webservices/ConsultaPDF.jsp?t=41&f=32630764&e=96992030&r=1,32630764
12:05:48.073,000,ERR:System.Net.WebException: The remote server returned an error: (404) Not Found.
   at System.Net.WebClient.DownloadFile(Uri address, String fileName)
   at System.Net.WebClient.DownloadFile(String address, String fileName)
   at PipeComponent.Peripherals.LaserPrinter.imprimir(String doc) in E:\00.- Proyectos\01.- Autopista Vespucio Norte\PipeComponent\PipeComponent\Peripherals\LaserPrinter.cs:line 107
12:05:48.074,000,RES:OK~32630764
12:07:21.836,000,REQ:107~3~CPHH16,06/11/2014,26/11/2014,Fuera de Plazo,TSC;CPHH16,21/11/2014,11/12/2014,Fuera de Plazo,TSC;CPHH16,01/12/2014,21/12/2014,Fuera de Plazo,TSC;CPHH16,04/12/2014,24/12/2014,Fuera de Plazo,TSC;CPHH16,05/12/2014,25/12/2014,Fuera de Plazo,TSC;CPHH16,06/12/2014,26/12/2014,Fuera de Plazo,TSC;CPHH16,08/12/2014,28/12/2014,Fuera de Plazo,TSC;CPHH16,09/12/2014,29/12/2014,Fuera de Plazo,TSC;CPHH16,10/12/2014,30/12/2014,Fuera de Plazo,TSC;CPHH16,11/12/2014,31/12/2014,Fuera de Plazo,TSC;CPHH16,12/12/2014,01/01/2015,Fuera de Plazo,TSC;CPHH16,13/12/2014,02/01/2015,Fuera de Plazo,TSC;CPHH16,14/12/2014,03/01/2015,Fuera de Plazo,TSC;CPHH16,15/12/2014,04/01/2015,Fuera de Plazo,TSC;CPHH16,16/12/2014,05/01/2015,Fuera de Plazo,TSC;CPHH16,18/12/2014,07/01/2015,Fuera de Plazo,TSC;CPHH16,19/12/2014,08/01/2015,Fuera de Plazo,TSC;CPHH16,20/12/2014,09/01/2015,Fuera de Plazo,TSC;CPHH16,21/12/2014,10/01/2015,Fuera de Plazo,TSC;CPHH16,22/12/2014,11/01/2015,Fuera de Plazo,TSC;CPHH16,23/12/2014,12/01/2015,Fuera de Plazo,TSC;CPHH16,24/12/2014,13/01/2015,Fuera de Plazo,TSC;CPHH16,27/12/2014,16/01/2015,Fuera de Plazo,TSC;CPHH16,28/12/2014,17/01/2015,Fuera de Plazo,TSC;CPHH16,30/12/2014,19/01/2015,Fuera de Plazo,TSC;CPHH16,31/12/2014,20/01/2015,Fuera de Plazo,TSC;CPHH16,01/01/2015,21/01/2015,Fuera de Plazo,TSC;CPHH16,02/01/2015,22/01/2015,Fuera de Plazo,TSC;CPHH16,03/01/2015,23/01/2015,Fuera de Plazo,TSC;CPHH16,05/01/2015,25/01/2015,Fuera de Plazo,TSC;CPHH16,06/01/2015,26/01/2015,Fuera de Plazo,TSC;CPHH16,07/01/2015,27/01/2015,Fuera de Plazo,TSC;CPHH16,08/01/2015,28/01/2015,Fuera de Plazo,TSC;CPHH16,09/01/2015,29/01/2015,Fuera de Plazo,TSC;CPHH16,17/01/2015,06/02/2015,Fuera de Plazo,TSC;CPHH16,18/01/2015,07/02/2015,Fuera de Plazo,TSC;CPHH16,19/01/2015,08/02/2015,Fuera de Plazo,TSC;CPHH16,20/01/2015,09/02/2015,Fuera de Plazo,TSC;CPHH16,21/01/2015,10/02/2015,Fuera de Plazo,TSC
12:07:22.059,000,RES:OK~Archivo creado
12:07:36.907,000,REQ:107~3~CPHH16,06/11/2014,26/11/2014,Fuera de Plazo,TSC;CPHH16,21/11/2014,11/12/2014,Fuera de Plazo,TSC;CPHH16,01/12/2014,21/12/2014,Fuera de Plazo,TSC;CPHH16,04/12/2014,24/12/2014,Fuera de Plazo,TSC;CPHH16,05/12/2014,25/12/2014,Fuera de Plazo,TSC;CPHH16,06/12/2014,26/12/2014,Fuera de Plazo,TSC;CPHH16,08/12/2014,28/12/2014,Fuera de Plazo,TSC;CPHH16,09/12/2014,29/12/2014,Fuera de Plazo,TSC;CPHH16,10/12/2014,30/12/2014,Fuera de Plazo,TSC;CPHH16,11/12/2014,31/12/2014,Fuera de Plazo,TSC;CPHH16,12/12/2014,01/01/2015,Fuera de Plazo,TSC;CPHH16,13/12/2014,02/01/2015,Fuera de Plazo,TSC;CPHH16,14/12/2014,03/01/2015,Fuera de Plazo,TSC;CPHH16,15/12/2014,04/01/2015,Fuera de Plazo,TSC;CPHH16,16/12/2014,05/01/2015,Fuera de Plazo,TSC;CPHH16,18/12/2014,07/01/2015,Fuera de Plazo,TSC;CPHH16,19/12/2014,08/01/2015,Fuera de Plazo,TSC;CPHH16,20/12/2014,09/01/2015,Fuera de Plazo,TSC;CPHH16,21/12/2014,10/01/2015,Fuera de Plazo,TSC;CPHH16,22/12/2014,11/01/2015,Fuera de Plazo,TSC;CPHH16,23/12/2014,12/01/2015,Fuera de Plazo,TSC;CPHH16,24/12/2014,13/01/2015,Fuera de Plazo,TSC;CPHH16,27/12/2014,16/01/2015,Fuera de Plazo,TSC;CPHH16,28/12/2014,17/01/2015,Fuera de Plazo,TSC;CPHH16,30/12/2014,19/01/2015,Fuera de Plazo,TSC;CPHH16,31/12/2014,20/01/2015,Fuera de Plazo,TSC;CPHH16,01/01/2015,21/01/2015,Fuera de Plazo,TSC;CPHH16,02/01/2015,22/01/2015,Fuera de Plazo,TSC;CPHH16,03/01/2015,23/01/2015,Fuera de Plazo,TSC;CPHH16,05/01/2015,25/01/2015,Fuera de Plazo,TSC;CPHH16,06/01/2015,26/01/2015,Fuera de Plazo,TSC;CPHH16,07/01/2015,27/01/2015,Fuera de Plazo,TSC;CPHH16,08/01/2015,28/01/2015,Fuera de Plazo,TSC;CPHH16,09/01/2015,29/01/2015,Fuera de Plazo,TSC;CPHH16,17/01/2015,06/02/2015,Fuera de Plazo,TSC;CPHH16,18/01/2015,07/02/2015,Fuera de Plazo,TSC;CPHH16,19/01/2015,08/02/2015,Fuera de Plazo,TSC;CPHH16,20/01/2015,09/02/2015,Fuera de Plazo,TSC;CPHH16,21/01/2015,10/02/2015,Fuera de Plazo,TSC
12:07:37.126,000,RES:OK~Archivo creado
12:08:24.822,000,REQ:107~2~CPHH16,01/03/2013,00:05:32,8,AVN,27307690;CPHH16,01/03/2013,00:04:21,11,AVN,27307690;CPHH16,04/03/2013,14:01:51,8,AVN,27307690;CPHH16,04/03/2013,14:00:52,11,AVN,27307690;CPHH16,04/03/2013,19:55:11,7,AVN,27307690;CPHH16,04/03/2013,19:57:55,9,AVN,27307690;CPHH16,04/03/2013,19:58:22,10,AVN,27307690;CPHH16,04/03/2013,20:00:12,12,AVN,27307690;CPHH16,04/03/2013,20:48:00,13,AVN,27307690;CPHH16,04/03/2013,22:19:47,14,AVN,27307690;CPHH16,04/03/2013,22:17:49,12,AVN,27307690;CPHH16,05/03/2013,00:16:59,15,AVN,27307690;CPHH16,05/03/2013,00:18:55,13,AVN,27307690;CPHH16,05/03/2013,14:58:09,11,AVN,27307690;CPHH16,05/03/2013,15:53:08,8,AVN,27307690;CPHH16,05/03/2013,18:42:09,7,AVN,27307690;CPHH16,05/03/2013,18:45:33,9,AVN,27307690;CPHH16,05/03/2013,19:07:58,8,AVN,27307690;CPHH16,05/03/2013,22:37:01,15,AVN,27307690;CPHH16,05/03/2013,22:39:01,13,AVN,27307690;CPHH16,06/03/2013,05:19:33,11,AVN,27307690;CPHH16,06/03/2013,18:39:18,13,AVN,27307690;CPHH16,07/03/2013,01:48:18,11,AVN,27307690;CPHH16,11/03/2013,11:00:51,12,AVN,27307690;CPHH16,11/03/2013,14:01:37,11,AVN,27307690;CPHH16,11/03/2013,14:00:03,13,AVN,27307690;CPHH16,11/03/2013,18:40:54,7,AVN,27307690;CPHH16,11/03/2013,18:44:00,9,AVN,27307690;CPHH16,11/03/2013,18:44:30,10,AVN,27307690;CPHH16,11/03/2013,18:46:25,12,AVN,27307690;CPHH16,11/03/2013,18:59:34,13,AVN,27307690;CPHH16,12/03/2013,10:07:30,12,AVN,27307690;CPHH16,12/03/2013,13:59:47,11,AVN,27307690;CPHH16,13/03/2013,10:34:48,1,AVN,27307690;CPHH16,13/03/2013,10:37:55,3,AVN,27307690;CPHH16,13/03/2013,10:40:19,5,AVN,27307690;CPHH16,13/03/2013,10:41:45,7,AVN,27307690;CPHH16,13/03/2013,10:44:45,9,AVN,27307690;CPHH16,13/03/2013,10:45:12,10,AVN,27307690
12:08:25.031,000,RES:OK~Archivo creado
12:11:48.552,000,REQ:107~1~UB9375,607465,14/01/2006,27/02/2008;UB9375,607465,16/01/2006,27/02/2008;UB9375,607465,18/01/2006,27/02/2008;UB9375,607465,19/01/2006,27/02/2008;UB9375,607465,21/01/2006,27/02/2008;UB9375,607465,24/01/2006,27/02/2008;UB9375,607465,25/01/2006,27/02/2008;UB9375,603792,22/03/2006,06/09/2008;UB9375,603792,23/03/2006,06/09/2008;UB9375,603792,30/03/2006,06/09/2008;UB9375,603792,31/03/2006,06/09/2008;UB9375,603792,01/04/2006,06/09/2008;UB9375,603792,03/04/2006,06/09/2008;UB9375,603792,04/04/2006,06/09/2008;UB9375,603792,06/04/2006,06/09/2008;UB9375,603792,07/04/2006,06/09/2008;UB9375,603792,10/04/2006,06/09/2008;UB9375,603792,11/04/2006,06/09/2008;UB9375,603792,13/04/2006,06/09/2008;UB9375,603792,14/04/2006,06/09/2008;UB9375,603792,15/04/2006,06/09/2008;UB9375,603792,17/04/2006,06/09/2008;UB9375,603792,18/04/2006,06/09/2008
12:11:48.987,000,RES:OK~Archivo creado
12:12:30.909,000,REQ:107~1~UB9375,607465,14/01/2006,27/02/2008;UB9375,607465,16/01/2006,27/02/2008;UB9375,607465,18/01/2006,27/02/2008;UB9375,607465,19/01/2006,27/02/2008;UB9375,607465,21/01/2006,27/02/2008;UB9375,607465,24/01/2006,27/02/2008;UB9375,607465,25/01/2006,27/02/2008;UB9375,603792,22/03/2006,06/09/2008;UB9375,603792,23/03/2006,06/09/2008;UB9375,603792,30/03/2006,06/09/2008;UB9375,603792,31/03/2006,06/09/2008;UB9375,603792,01/04/2006,06/09/2008;UB9375,603792,03/04/2006,06/09/2008;UB9375,603792,04/04/2006,06/09/2008;UB9375,603792,06/04/2006,06/09/2008;UB9375,603792,07/04/2006,06/09/2008;UB9375,603792,10/04/2006,06/09/2008;UB9375,603792,11/04/2006,06/09/2008;UB9375,603792,13/04/2006,06/09/2008;UB9375,603792,14/04/2006,06/09/2008;UB9375,603792,15/04/2006,06/09/2008;UB9375,603792,17/04/2006,06/09/2008;UB9375,603792,18/04/2006,06/09/2008
12:12:31.394,000,RES:OK~Archivo creado
12:30:03.226,000,REQ:102~NII ExD NP-K3053~1000080435,33771247,13/02/2015,42.032,106090002,CARLOS RODOLFO BELTRAN
12:30:03.348,000,RES:OK~Voucher impreso
