
09:34:27.795,000,INI:Servicio alex PipeComponent v1.0.0.1 Generado el 24-05-2017 12:35:44
09:34:27.801,000,IOP:

16:57:13.938,000,INI:Servicio alex PipeComponent v1.0.0.1 Generado el 24-05-2017 12:35:44
16:57:13.945,000,IOP:
17:03:29.558,000,REQ:102~pdf~System.String[]
17:04:07.573,000,ERR:System.Exception: Error al inicializar la impresora: Printer open error
   at PipeComponent.Peripherals.ThermalPrinter.PrintVoucher(String printerName, String voucher) in E:\2017\ApiRest-PipeComponent\PipeComponent\PipeComponent\Peripherals\ThermalPrinter.cs:line 50
   at PipeComponent.PipeServer.WaitForConnectionCallBack(IAsyncResult iar) in E:\2017\ApiRest-PipeComponent\PipeComponent\PipeComponent\PipeServer.cs:line 111
17:04:07.587,000,RES:NOK~Error al inicializar la impresora: Printer open error
17:04:16.363,000,ERR:System.IO.IOException: Pipe is broken.
   at System.IO.Pipes.PipeStream.WinIOError(Int32 errorCode)
   at System.IO.Pipes.PipeStream.EndWrite(IAsyncResult asyncResult)
   at System.IO.Pipes.PipeStream.WriteCore(Byte[] buffer, Int32 offset, Int32 count)
   at System.IO.Pipes.PipeStream.Write(Byte[] buffer, Int32 offset, Int32 count)
   at PipeComponent.PipeServer.WaitForConnectionCallBack(IAsyncResult iar) in E:\2017\ApiRest-PipeComponent\PipeComponent\PipeComponent\PipeServer.cs:line 181
17:04:21.882,000,REQ:102~pdf~System.String[]
17:25:26.972,000,ERR:System.Exception: Error al inicializar la impresora: Printer open error
   at PipeComponent.Peripherals.ThermalPrinter.PrintVoucher(String printerName, String voucher) in E:\2017\ApiRest-PipeComponent\PipeComponent\PipeComponent\Peripherals\ThermalPrinter.cs:line 50
   at PipeComponent.PipeServer.WaitForConnectionCallBack(IAsyncResult iar) in E:\2017\ApiRest-PipeComponent\PipeComponent\PipeComponent\PipeServer.cs:line 111
17:25:26.979,000,RES:NOK~Error al inicializar la impresora: Printer open error
17:25:26.989,000,ERR:System.IO.IOException: Pipe is broken.
   at System.IO.Pipes.PipeStream.WinIOError(Int32 errorCode)
   at System.IO.Pipes.PipeStream.BeginWriteCore(Byte[] buffer, Int32 offset, Int32 count, AsyncCallback callback, Object state)
   at System.IO.Pipes.PipeStream.WriteCore(Byte[] buffer, Int32 offset, Int32 count)
   at System.IO.Pipes.PipeStream.Write(Byte[] buffer, Int32 offset, Int32 count)
   at PipeComponent.PipeServer.WaitForConnectionCallBack(IAsyncResult iar) in E:\2017\ApiRest-PipeComponent\PipeComponent\PipeComponent\PipeServer.cs:line 181
17:26:02.191,000,REQ:102~NII ExD NP-K305~System.String[]

17:33:57.398,000,INI:Servicio alex PipeComponent v1.0.0.1 Generado el 24-05-2017 12:35:44
17:33:57.405,000,IOP:
17:34:18.994,000,REQ:102~NII ExD NP-K305~System.String[]
17:34:19.271,000,RES:OK~Voucher impreso
17:34:19.321,000,ERR:System.IO.IOException: Pipe is broken.
   at System.IO.Pipes.PipeStream.WinIOError(Int32 errorCode)
   at System.IO.Pipes.PipeStream.BeginWriteCore(Byte[] buffer, Int32 offset, Int32 count, AsyncCallback callback, Object state)
   at System.IO.Pipes.PipeStream.WriteCore(Byte[] buffer, Int32 offset, Int32 count)
   at System.IO.Pipes.PipeStream.Write(Byte[] buffer, Int32 offset, Int32 count)
   at PipeComponent.PipeServer.WaitForConnectionCallBack(IAsyncResult iar) in E:\2017\ApiRest-PipeComponent\PipeComponent\PipeComponent\PipeServer.cs:line 181

17:34:42.387,000,INI:Servicio alex PipeComponent v1.0.0.1 Generado el 24-05-2017 12:35:44
17:34:42.396,000,IOP:

17:34:53.607,000,INI:Servicio alex PipeComponent v1.0.0.1 Generado el 24-05-2017 12:35:44
17:34:53.617,000,IOP:

17:35:58.274,000,INI:Servicio alex PipeComponent v1.0.0.1 Generado el 07-06-2017 17:35:55
17:35:58.288,000,IOP:
17:36:11.070,000,REQ:102~NII ExD NP-K305~System.String[]
17:37:52.341,000,RES:OK~Voucher impreso

17:38:29.662,000,INI:Servicio alex PipeComponent v1.0.0.1 Generado el 07-06-2017 17:38:29
17:38:29.673,000,IOP:
17:38:41.753,000,REQ:102~NII ExD NP-K305~System.String[]
17:39:07.254,000,RES:OK~Voucher impreso
17:39:07.296,000,ERR:System.IO.IOException: Pipe is broken.
   at System.IO.Pipes.PipeStream.WinIOError(Int32 errorCode)
   at System.IO.Pipes.PipeStream.BeginWriteCore(Byte[] buffer, Int32 offset, Int32 count, AsyncCallback callback, Object state)
   at System.IO.Pipes.PipeStream.WriteCore(Byte[] buffer, Int32 offset, Int32 count)
   at System.IO.Pipes.PipeStream.Write(Byte[] buffer, Int32 offset, Int32 count)
   at PipeComponent.PipeServer.WaitForConnectionCallBack(IAsyncResult iar) in E:\00.- Proyectos\01.- Autopista Vespucio Norte\PipeComponent\PipeComponent\PipeServer.cs:line 182
17:39:14.590,000,REQ:102~NII ExD NP-K305~System.String[]
17:39:16.218,000,RES:OK~Voucher impreso
17:39:16.222,000,ERR:System.IO.IOException: Pipe is broken.
   at System.IO.Pipes.PipeStream.WinIOError(Int32 errorCode)
   at System.IO.Pipes.PipeStream.BeginWriteCore(Byte[] buffer, Int32 offset, Int32 count, AsyncCallback callback, Object state)
   at System.IO.Pipes.PipeStream.WriteCore(Byte[] buffer, Int32 offset, Int32 count)
   at System.IO.Pipes.PipeStream.Write(Byte[] buffer, Int32 offset, Int32 count)
   at PipeComponent.PipeServer.WaitForConnectionCallBack(IAsyncResult iar) in E:\00.- Proyectos\01.- Autopista Vespucio Norte\PipeComponent\PipeComponent\PipeServer.cs:line 182
17:39:26.801,000,REQ:102~NII ExD NP-K305~System.String[]
17:40:16.871,000,RES:OK~Voucher impreso
17:40:16.887,000,ERR:System.IO.IOException: Pipe is broken.
   at System.IO.Pipes.PipeStream.WinIOError(Int32 errorCode)
   at System.IO.Pipes.PipeStream.BeginWriteCore(Byte[] buffer, Int32 offset, Int32 count, AsyncCallback callback, Object state)
   at System.IO.Pipes.PipeStream.WriteCore(Byte[] buffer, Int32 offset, Int32 count)
   at System.IO.Pipes.PipeStream.Write(Byte[] buffer, Int32 offset, Int32 count)
   at PipeComponent.PipeServer.WaitForConnectionCallBack(IAsyncResult iar) in E:\00.- Proyectos\01.- Autopista Vespucio Norte\PipeComponent\PipeComponent\PipeServer.cs:line 182
17:41:00.261,000,REQ:102~NII ExD NP-K305~System.String[]
17:41:05.621,000,RES:OK~Voucher impreso
17:41:05.635,000,ERR:System.IO.IOException: Pipe is broken.
   at System.IO.Pipes.PipeStream.WinIOError(Int32 errorCode)
   at System.IO.Pipes.PipeStream.BeginWriteCore(Byte[] buffer, Int32 offset, Int32 count, AsyncCallback callback, Object state)
   at System.IO.Pipes.PipeStream.WriteCore(Byte[] buffer, Int32 offset, Int32 count)
   at System.IO.Pipes.PipeStream.Write(Byte[] buffer, Int32 offset, Int32 count)
   at PipeComponent.PipeServer.WaitForConnectionCallBack(IAsyncResult iar) in E:\00.- Proyectos\01.- Autopista Vespucio Norte\PipeComponent\PipeComponent\PipeServer.cs:line 182
17:41:24.559,000,REQ:102~NII ExD NP-K305~System.String[]
17:41:35.764,000,RES:OK~Voucher impreso
17:41:35.785,000,ERR:System.IO.IOException: Pipe is broken.
   at System.IO.Pipes.PipeStream.WinIOError(Int32 errorCode)
   at System.IO.Pipes.PipeStream.BeginWriteCore(Byte[] buffer, Int32 offset, Int32 count, AsyncCallback callback, Object state)
   at System.IO.Pipes.PipeStream.WriteCore(Byte[] buffer, Int32 offset, Int32 count)
   at System.IO.Pipes.PipeStream.Write(Byte[] buffer, Int32 offset, Int32 count)
   at PipeComponent.PipeServer.WaitForConnectionCallBack(IAsyncResult iar) in E:\00.- Proyectos\01.- Autopista Vespucio Norte\PipeComponent\PipeComponent\PipeServer.cs:line 182

17:42:46.422,000,INI:Servicio alex PipeComponent v1.0.0.1 Generado el 07-06-2017 17:42:45
17:42:46.433,000,IOP:
17:42:49.716,000,REQ:102~NII ExD NP-K305~System.String[]
17:42:52.003,000,RES:OK~Voucher impreso
17:42:52.022,000,ERR:System.IO.IOException: Pipe is broken.
   at System.IO.Pipes.PipeStream.WinIOError(Int32 errorCode)
   at System.IO.Pipes.PipeStream.BeginWriteCore(Byte[] buffer, Int32 offset, Int32 count, AsyncCallback callback, Object state)
   at System.IO.Pipes.PipeStream.WriteCore(Byte[] buffer, Int32 offset, Int32 count)
   at System.IO.Pipes.PipeStream.Write(Byte[] buffer, Int32 offset, Int32 count)
   at PipeComponent.PipeServer.WaitForConnectionCallBack(IAsyncResult iar) in E:\00.- Proyectos\01.- Autopista Vespucio Norte\PipeComponent\PipeComponent\PipeServer.cs:line 182
17:43:40.209,000,REQ:102~NII ExD NP-K305~System.String[]
17:43:40.437,000,RES:OK~Voucher impreso
17:43:40.441,000,ERR:System.IO.IOException: Pipe is broken.
   at System.IO.Pipes.PipeStream.WinIOError(Int32 errorCode)
   at System.IO.Pipes.PipeStream.BeginWriteCore(Byte[] buffer, Int32 offset, Int32 count, AsyncCallback callback, Object state)
   at System.IO.Pipes.PipeStream.WriteCore(Byte[] buffer, Int32 offset, Int32 count)
   at System.IO.Pipes.PipeStream.Write(Byte[] buffer, Int32 offset, Int32 count)
   at PipeComponent.PipeServer.WaitForConnectionCallBack(IAsyncResult iar) in E:\00.- Proyectos\01.- Autopista Vespucio Norte\PipeComponent\PipeComponent\PipeServer.cs:line 182
17:44:19.500,000,REQ:102~NII ExD NP-K305~System.String[]
17:44:19.724,000,RES:OK~Voucher impreso
17:44:19.729,000,ERR:System.IO.IOException: Pipe is broken.
   at System.IO.Pipes.PipeStream.WinIOError(Int32 errorCode)
   at System.IO.Pipes.PipeStream.BeginWriteCore(Byte[] buffer, Int32 offset, Int32 count, AsyncCallback callback, Object state)
   at System.IO.Pipes.PipeStream.WriteCore(Byte[] buffer, Int32 offset, Int32 count)
   at System.IO.Pipes.PipeStream.Write(Byte[] buffer, Int32 offset, Int32 count)
   at PipeComponent.PipeServer.WaitForConnectionCallBack(IAsyncResult iar) in E:\00.- Proyectos\01.- Autopista Vespucio Norte\PipeComponent\PipeComponent\PipeServer.cs:line 182
17:45:04.351,000,REQ:102~NII ExD NP-K305~System.String[]

17:49:27.027,000,INI:Servicio alex PipeComponent v1.0.0.1 Generado el 07-06-2017 17:49:26
17:49:27.039,000,IOP:
17:49:29.016,000,REQ:102~NII ExD NP-K305~System.String[]
17:49:29.040,000,ERR:System.Exception: Error al inicializar la impresora: Printer open error
   at PipeComponent.Peripherals.ThermalPrinter.PrintVoucher(String printerName, String voucher) in E:\00.- Proyectos\01.- Autopista Vespucio Norte\PipeComponent\PipeComponent\Peripherals\ThermalPrinter.cs:line 50
   at PipeComponent.PipeServer.WaitForConnectionCallBack(IAsyncResult iar) in E:\00.- Proyectos\01.- Autopista Vespucio Norte\PipeComponent\PipeComponent\PipeServer.cs:line 112
17:49:29.045,000,RES:NOK~Error al inicializar la impresora: Printer open error
17:49:29.057,000,ERR:System.IO.IOException: Pipe is broken.
   at System.IO.Pipes.PipeStream.WinIOError(Int32 errorCode)
   at System.IO.Pipes.PipeStream.BeginWriteCore(Byte[] buffer, Int32 offset, Int32 count, AsyncCallback callback, Object state)
   at System.IO.Pipes.PipeStream.WriteCore(Byte[] buffer, Int32 offset, Int32 count)
   at System.IO.Pipes.PipeStream.Write(Byte[] buffer, Int32 offset, Int32 count)
   at PipeComponent.PipeServer.WaitForConnectionCallBack(IAsyncResult iar) in E:\00.- Proyectos\01.- Autopista Vespucio Norte\PipeComponent\PipeComponent\PipeServer.cs:line 182
17:49:52.569,000,REQ:102~NII ExD NP-K305~System.String[]
17:49:52.575,000,ERR:System.Exception: Error al inicializar la impresora: Printer open error
   at PipeComponent.Peripherals.ThermalPrinter.PrintVoucher(String printerName, String voucher) in E:\00.- Proyectos\01.- Autopista Vespucio Norte\PipeComponent\PipeComponent\Peripherals\ThermalPrinter.cs:line 50
   at PipeComponent.PipeServer.WaitForConnectionCallBack(IAsyncResult iar) in E:\00.- Proyectos\01.- Autopista Vespucio Norte\PipeComponent\PipeComponent\PipeServer.cs:line 112
17:49:52.576,000,RES:NOK~Error al inicializar la impresora: Printer open error
17:50:05.943,000,ERR:System.IO.IOException: Pipe is broken.
   at System.IO.Pipes.PipeStream.WinIOError(Int32 errorCode)
   at System.IO.Pipes.PipeStream.EndWrite(IAsyncResult asyncResult)
   at System.IO.Pipes.PipeStream.WriteCore(Byte[] buffer, Int32 offset, Int32 count)
   at System.IO.Pipes.PipeStream.Write(Byte[] buffer, Int32 offset, Int32 count)
   at PipeComponent.PipeServer.WaitForConnectionCallBack(IAsyncResult iar) in E:\00.- Proyectos\01.- Autopista Vespucio Norte\PipeComponent\PipeComponent\PipeServer.cs:line 182
17:50:17.376,000,REQ:102~NII ExD NP-K305~System.String[]
17:50:23.150,000,ERR:System.Exception: Error al inicializar la impresora: Printer open error
   at PipeComponent.Peripherals.ThermalPrinter.PrintVoucher(String printerName, String voucher) in E:\00.- Proyectos\01.- Autopista Vespucio Norte\PipeComponent\PipeComponent\Peripherals\ThermalPrinter.cs:line 50
   at PipeComponent.PipeServer.WaitForConnectionCallBack(IAsyncResult iar) in E:\00.- Proyectos\01.- Autopista Vespucio Norte\PipeComponent\PipeComponent\PipeServer.cs:line 112
17:50:23.162,000,RES:NOK~Error al inicializar la impresora: Printer open error
17:50:23.194,000,ERR:System.IO.IOException: Pipe is broken.
   at System.IO.Pipes.PipeStream.WinIOError(Int32 errorCode)
   at System.IO.Pipes.PipeStream.BeginWriteCore(Byte[] buffer, Int32 offset, Int32 count, AsyncCallback callback, Object state)
   at System.IO.Pipes.PipeStream.WriteCore(Byte[] buffer, Int32 offset, Int32 count)
   at System.IO.Pipes.PipeStream.Write(Byte[] buffer, Int32 offset, Int32 count)
   at PipeComponent.PipeServer.WaitForConnectionCallBack(IAsyncResult iar) in E:\00.- Proyectos\01.- Autopista Vespucio Norte\PipeComponent\PipeComponent\PipeServer.cs:line 182
17:50:29.756,000,REQ:102~NII ExD NP-K305~System.String[]

17:50:57.815,000,INI:Servicio alex PipeComponent v1.0.0.1 Generado el 07-06-2017 17:50:57
17:50:57.824,000,IOP:
17:51:26.152,000,REQ:102~NII ExD NP-K305~System.String[]
17:51:42.276,000,REQ:102~NII ExD NP-K305~System.String[]
17:51:42.950,000,ERR:System.Exception: Error al inicializar la impresora: Data expansion error
   at PipeComponent.Peripherals.ThermalPrinter.PrintVoucher(String printerName, String voucher) in E:\00.- Proyectos\01.- Autopista Vespucio Norte\PipeComponent\PipeComponent\Peripherals\ThermalPrinter.cs:line 50
   at PipeComponent.PipeServer.WaitForConnectionCallBack(IAsyncResult iar) in E:\00.- Proyectos\01.- Autopista Vespucio Norte\PipeComponent\PipeComponent\PipeServer.cs:line 112
17:51:42.959,000,RES:NOK~Error al inicializar la impresora: Data expansion error
17:51:42.970,000,ERR:System.IO.IOException: Pipe is broken.
   at System.IO.Pipes.PipeStream.WinIOError(Int32 errorCode)
   at System.IO.Pipes.PipeStream.BeginWriteCore(Byte[] buffer, Int32 offset, Int32 count, AsyncCallback callback, Object state)
   at System.IO.Pipes.PipeStream.WriteCore(Byte[] buffer, Int32 offset, Int32 count)
   at System.IO.Pipes.PipeStream.Write(Byte[] buffer, Int32 offset, Int32 count)
   at PipeComponent.PipeServer.WaitForConnectionCallBack(IAsyncResult iar) in E:\00.- Proyectos\01.- Autopista Vespucio Norte\PipeComponent\PipeComponent\PipeServer.cs:line 182
17:51:56.856,000,RES:OK~Voucher impreso
17:51:56.880,000,ERR:System.IO.IOException: Pipe is broken.
   at System.IO.Pipes.PipeStream.WinIOError(Int32 errorCode)
   at System.IO.Pipes.PipeStream.BeginWriteCore(Byte[] buffer, Int32 offset, Int32 count, AsyncCallback callback, Object state)
   at System.IO.Pipes.PipeStream.WriteCore(Byte[] buffer, Int32 offset, Int32 count)
   at System.IO.Pipes.PipeStream.Write(Byte[] buffer, Int32 offset, Int32 count)
   at PipeComponent.PipeServer.WaitForConnectionCallBack(IAsyncResult iar) in E:\00.- Proyectos\01.- Autopista Vespucio Norte\PipeComponent\PipeComponent\PipeServer.cs:line 182
17:58:46.914,000,REQ:102~NII ExD NP-K305~System.String[]
17:58:47.901,000,RES:OK~Voucher impreso
17:58:47.916,000,ERR:System.IO.IOException: Pipe is broken.
   at System.IO.Pipes.PipeStream.WinIOError(Int32 errorCode)
   at System.IO.Pipes.PipeStream.BeginWriteCore(Byte[] buffer, Int32 offset, Int32 count, AsyncCallback callback, Object state)
   at System.IO.Pipes.PipeStream.WriteCore(Byte[] buffer, Int32 offset, Int32 count)
   at System.IO.Pipes.PipeStream.Write(Byte[] buffer, Int32 offset, Int32 count)
   at PipeComponent.PipeServer.WaitForConnectionCallBack(IAsyncResult iar) in E:\00.- Proyectos\01.- Autopista Vespucio Norte\PipeComponent\PipeComponent\PipeServer.cs:line 182

17:59:01.702,000,INI:Servicio alex PipeComponent v1.0.0.1 Generado el 07-06-2017 17:59:01
17:59:01.726,000,IOP:
17:59:10.898,000,REQ:102~NII ExD NP-K305~System.String[]
17:59:13.427,000,RES:OK~Voucher impreso
17:59:13.440,000,ERR:System.IO.IOException: Pipe is broken.
   at System.IO.Pipes.PipeStream.WinIOError(Int32 errorCode)
   at System.IO.Pipes.PipeStream.BeginWriteCore(Byte[] buffer, Int32 offset, Int32 count, AsyncCallback callback, Object state)
   at System.IO.Pipes.PipeStream.WriteCore(Byte[] buffer, Int32 offset, Int32 count)
   at System.IO.Pipes.PipeStream.Write(Byte[] buffer, Int32 offset, Int32 count)
   at PipeComponent.PipeServer.WaitForConnectionCallBack(IAsyncResult iar) in E:\00.- Proyectos\01.- Autopista Vespucio Norte\PipeComponent\PipeComponent\PipeServer.cs:line 182
17:59:30.954,000,REQ:102~NII ExD NP-K305~System.String[]
17:59:31.386,000,RES:OK~Voucher impreso
17:59:31.396,000,ERR:System.IO.IOException: Pipe is broken.
   at System.IO.Pipes.PipeStream.WinIOError(Int32 errorCode)
   at System.IO.Pipes.PipeStream.BeginWriteCore(Byte[] buffer, Int32 offset, Int32 count, AsyncCallback callback, Object state)
   at System.IO.Pipes.PipeStream.WriteCore(Byte[] buffer, Int32 offset, Int32 count)
   at System.IO.Pipes.PipeStream.Write(Byte[] buffer, Int32 offset, Int32 count)
   at PipeComponent.PipeServer.WaitForConnectionCallBack(IAsyncResult iar) in E:\00.- Proyectos\01.- Autopista Vespucio Norte\PipeComponent\PipeComponent\PipeServer.cs:line 182
17:59:34.758,000,REQ:102~NII ExD NP-K305~System.String[]
17:59:35.232,000,RES:OK~Voucher impreso
17:59:35.236,000,ERR:System.IO.IOException: Pipe is broken.
   at System.IO.Pipes.PipeStream.WinIOError(Int32 errorCode)
   at System.IO.Pipes.PipeStream.BeginWriteCore(Byte[] buffer, Int32 offset, Int32 count, AsyncCallback callback, Object state)
   at System.IO.Pipes.PipeStream.WriteCore(Byte[] buffer, Int32 offset, Int32 count)
   at System.IO.Pipes.PipeStream.Write(Byte[] buffer, Int32 offset, Int32 count)
   at PipeComponent.PipeServer.WaitForConnectionCallBack(IAsyncResult iar) in E:\00.- Proyectos\01.- Autopista Vespucio Norte\PipeComponent\PipeComponent\PipeServer.cs:line 182
17:59:42.061,000,REQ:102~NII ExD NP-K305~System.String[]
17:59:42.512,000,RES:OK~Voucher impreso
17:59:42.522,000,ERR:System.IO.IOException: Pipe is broken.
   at System.IO.Pipes.PipeStream.WinIOError(Int32 errorCode)
   at System.IO.Pipes.PipeStream.BeginWriteCore(Byte[] buffer, Int32 offset, Int32 count, AsyncCallback callback, Object state)
   at System.IO.Pipes.PipeStream.WriteCore(Byte[] buffer, Int32 offset, Int32 count)
   at System.IO.Pipes.PipeStream.Write(Byte[] buffer, Int32 offset, Int32 count)
   at PipeComponent.PipeServer.WaitForConnectionCallBack(IAsyncResult iar) in E:\00.- Proyectos\01.- Autopista Vespucio Norte\PipeComponent\PipeComponent\PipeServer.cs:line 182
18:00:03.440,000,REQ:102~NII ExD NP-K305~System.String[]
18:00:03.868,000,RES:OK~Voucher impreso
18:00:03.872,000,ERR:System.IO.IOException: Pipe is broken.
   at System.IO.Pipes.PipeStream.WinIOError(Int32 errorCode)
   at System.IO.Pipes.PipeStream.BeginWriteCore(Byte[] buffer, Int32 offset, Int32 count, AsyncCallback callback, Object state)
   at System.IO.Pipes.PipeStream.WriteCore(Byte[] buffer, Int32 offset, Int32 count)
   at System.IO.Pipes.PipeStream.Write(Byte[] buffer, Int32 offset, Int32 count)
   at PipeComponent.PipeServer.WaitForConnectionCallBack(IAsyncResult iar) in E:\00.- Proyectos\01.- Autopista Vespucio Norte\PipeComponent\PipeComponent\PipeServer.cs:line 182
18:03:05.342,000,REQ:102~NII ExD NP-K305~System.String[]
18:03:05.799,000,RES:OK~Voucher impreso
18:03:05.807,000,ERR:System.IO.IOException: Pipe is broken.
   at System.IO.Pipes.PipeStream.WinIOError(Int32 errorCode)
   at System.IO.Pipes.PipeStream.BeginWriteCore(Byte[] buffer, Int32 offset, Int32 count, AsyncCallback callback, Object state)
   at System.IO.Pipes.PipeStream.WriteCore(Byte[] buffer, Int32 offset, Int32 count)
   at System.IO.Pipes.PipeStream.Write(Byte[] buffer, Int32 offset, Int32 count)
   at PipeComponent.PipeServer.WaitForConnectionCallBack(IAsyncResult iar) in E:\00.- Proyectos\01.- Autopista Vespucio Norte\PipeComponent\PipeComponent\PipeServer.cs:line 182
18:03:07.032,000,REQ:102~NII ExD NP-K305~System.String[]
18:03:07.459,000,RES:OK~Voucher impreso
18:03:07.471,000,ERR:System.IO.IOException: Pipe is broken.
   at System.IO.Pipes.PipeStream.WinIOError(Int32 errorCode)
   at System.IO.Pipes.PipeStream.BeginWriteCore(Byte[] buffer, Int32 offset, Int32 count, AsyncCallback callback, Object state)
   at System.IO.Pipes.PipeStream.WriteCore(Byte[] buffer, Int32 offset, Int32 count)
   at System.IO.Pipes.PipeStream.Write(Byte[] buffer, Int32 offset, Int32 count)
   at PipeComponent.PipeServer.WaitForConnectionCallBack(IAsyncResult iar) in E:\00.- Proyectos\01.- Autopista Vespucio Norte\PipeComponent\PipeComponent\PipeServer.cs:line 182
18:03:07.536,000,REQ:102~NII ExD NP-K305~System.String[]
18:03:07.679,000,REQ:102~NII ExD NP-K305~System.String[]
18:03:07.887,000,REQ:102~NII ExD NP-K305~System.String[]
18:03:07.959,000,RES:OK~Voucher impreso
18:03:07.979,000,ERR:System.IO.IOException: Pipe is broken.
   at System.IO.Pipes.PipeStream.WinIOError(Int32 errorCode)
   at System.IO.Pipes.PipeStream.BeginWriteCore(Byte[] buffer, Int32 offset, Int32 count, AsyncCallback callback, Object state)
   at System.IO.Pipes.PipeStream.WriteCore(Byte[] buffer, Int32 offset, Int32 count)
   at System.IO.Pipes.PipeStream.Write(Byte[] buffer, Int32 offset, Int32 count)
   at PipeComponent.PipeServer.WaitForConnectionCallBack(IAsyncResult iar) in E:\00.- Proyectos\01.- Autopista Vespucio Norte\PipeComponent\PipeComponent\PipeServer.cs:line 182
18:03:08.117,000,RES:OK~Voucher impreso
18:03:08.123,000,REQ:102~NII ExD NP-K305~System.String[]
18:03:08.132,000,ERR:System.IO.IOException: Pipe is broken.
   at System.IO.Pipes.PipeStream.WinIOError(Int32 errorCode)
   at System.IO.Pipes.PipeStream.BeginWriteCore(Byte[] buffer, Int32 offset, Int32 count, AsyncCallback callback, Object state)
   at System.IO.Pipes.PipeStream.WriteCore(Byte[] buffer, Int32 offset, Int32 count)
   at System.IO.Pipes.PipeStream.Write(Byte[] buffer, Int32 offset, Int32 count)
   at PipeComponent.PipeServer.WaitForConnectionCallBack(IAsyncResult iar) in E:\00.- Proyectos\01.- Autopista Vespucio Norte\PipeComponent\PipeComponent\PipeServer.cs:line 182
18:03:08.256,000,REQ:102~NII ExD NP-K305~System.String[]
18:03:08.313,000,RES:OK~Voucher impreso
18:03:08.318,000,ERR:System.IO.IOException: Pipe is broken.
   at System.IO.Pipes.PipeStream.WinIOError(Int32 errorCode)
   at System.IO.Pipes.PipeStream.BeginWriteCore(Byte[] buffer, Int32 offset, Int32 count, AsyncCallback callback, Object state)
   at System.IO.Pipes.PipeStream.WriteCore(Byte[] buffer, Int32 offset, Int32 count)
   at System.IO.Pipes.PipeStream.Write(Byte[] buffer, Int32 offset, Int32 count)
   at PipeComponent.PipeServer.WaitForConnectionCallBack(IAsyncResult iar) in E:\00.- Proyectos\01.- Autopista Vespucio Norte\PipeComponent\PipeComponent\PipeServer.cs:line 182
18:03:08.399,000,REQ:102~NII ExD NP-K305~System.String[]
18:03:08.547,000,RES:OK~Voucher impreso
18:03:08.562,000,ERR:System.IO.IOException: Pipe is broken.
   at System.IO.Pipes.PipeStream.WinIOError(Int32 errorCode)
   at System.IO.Pipes.PipeStream.BeginWriteCore(Byte[] buffer, Int32 offset, Int32 count, AsyncCallback callback, Object state)
   at System.IO.Pipes.PipeStream.WriteCore(Byte[] buffer, Int32 offset, Int32 count)
   at System.IO.Pipes.PipeStream.Write(Byte[] buffer, Int32 offset, Int32 count)
   at PipeComponent.PipeServer.WaitForConnectionCallBack(IAsyncResult iar) in E:\00.- Proyectos\01.- Autopista Vespucio Norte\PipeComponent\PipeComponent\PipeServer.cs:line 182
18:03:08.569,000,REQ:102~NII ExD NP-K305~System.String[]
18:03:08.681,000,RES:OK~Voucher impreso
18:03:08.697,000,REQ:102~NII ExD NP-K305~System.String[]
18:03:08.701,000,ERR:System.IO.IOException: Pipe is broken.
   at System.IO.Pipes.PipeStream.WinIOError(Int32 errorCode)
   at System.IO.Pipes.PipeStream.BeginWriteCore(Byte[] buffer, Int32 offset, Int32 count, AsyncCallback callback, Object state)
   at System.IO.Pipes.PipeStream.WriteCore(Byte[] buffer, Int32 offset, Int32 count)
   at System.IO.Pipes.PipeStream.Write(Byte[] buffer, Int32 offset, Int32 count)
   at PipeComponent.PipeServer.WaitForConnectionCallBack(IAsyncResult iar) in E:\00.- Proyectos\01.- Autopista Vespucio Norte\PipeComponent\PipeComponent\PipeServer.cs:line 182
18:03:08.843,000,REQ:102~NII ExD NP-K305~System.String[]
18:03:08.863,000,RES:OK~Voucher impreso
18:03:08.878,000,ERR:System.IO.IOException: Pipe is broken.
   at System.IO.Pipes.PipeStream.WinIOError(Int32 errorCode)
   at System.IO.Pipes.PipeStream.BeginWriteCore(Byte[] buffer, Int32 offset, Int32 count, AsyncCallback callback, Object state)
   at System.IO.Pipes.PipeStream.WriteCore(Byte[] buffer, Int32 offset, Int32 count)
   at System.IO.Pipes.PipeStream.Write(Byte[] buffer, Int32 offset, Int32 count)
   at PipeComponent.PipeServer.WaitForConnectionCallBack(IAsyncResult iar) in E:\00.- Proyectos\01.- Autopista Vespucio Norte\PipeComponent\PipeComponent\PipeServer.cs:line 182
18:03:09.006,000,RES:OK~Voucher impreso
18:03:09.009,000,ERR:System.IO.IOException: Pipe is broken.
   at System.IO.Pipes.PipeStream.WinIOError(Int32 errorCode)
   at System.IO.Pipes.PipeStream.BeginWriteCore(Byte[] buffer, Int32 offset, Int32 count, AsyncCallback callback, Object state)
   at System.IO.Pipes.PipeStream.WriteCore(Byte[] buffer, Int32 offset, Int32 count)
   at System.IO.Pipes.PipeStream.Write(Byte[] buffer, Int32 offset, Int32 count)
   at PipeComponent.PipeServer.WaitForConnectionCallBack(IAsyncResult iar) in E:\00.- Proyectos\01.- Autopista Vespucio Norte\PipeComponent\PipeComponent\PipeServer.cs:line 182
18:03:09.117,000,RES:OK~Voucher impreso
18:03:09.121,000,ERR:System.IO.IOException: Pipe is broken.
   at System.IO.Pipes.PipeStream.WinIOError(Int32 errorCode)
   at System.IO.Pipes.PipeStream.BeginWriteCore(Byte[] buffer, Int32 offset, Int32 count, AsyncCallback callback, Object state)
   at System.IO.Pipes.PipeStream.WriteCore(Byte[] buffer, Int32 offset, Int32 count)
   at System.IO.Pipes.PipeStream.Write(Byte[] buffer, Int32 offset, Int32 count)
   at PipeComponent.PipeServer.WaitForConnectionCallBack(IAsyncResult iar) in E:\00.- Proyectos\01.- Autopista Vespucio Norte\PipeComponent\PipeComponent\PipeServer.cs:line 182
18:03:09.285,000,RES:OK~Voucher impreso
18:03:09.289,000,ERR:System.IO.IOException: Pipe is broken.
   at System.IO.Pipes.PipeStream.WinIOError(Int32 errorCode)
   at System.IO.Pipes.PipeStream.BeginWriteCore(Byte[] buffer, Int32 offset, Int32 count, AsyncCallback callback, Object state)
   at System.IO.Pipes.PipeStream.WriteCore(Byte[] buffer, Int32 offset, Int32 count)
   at System.IO.Pipes.PipeStream.Write(Byte[] buffer, Int32 offset, Int32 count)
   at PipeComponent.PipeServer.WaitForConnectionCallBack(IAsyncResult iar) in E:\00.- Proyectos\01.- Autopista Vespucio Norte\PipeComponent\PipeComponent\PipeServer.cs:line 182
18:03:32.008,000,REQ:102~NII ExD NP-K305~System.String[]
18:03:32.444,000,RES:OK~Voucher impreso
18:03:32.454,000,ERR:System.IO.IOException: Pipe is broken.
   at System.IO.Pipes.PipeStream.WinIOError(Int32 errorCode)
   at System.IO.Pipes.PipeStream.BeginWriteCore(Byte[] buffer, Int32 offset, Int32 count, AsyncCallback callback, Object state)
   at System.IO.Pipes.PipeStream.WriteCore(Byte[] buffer, Int32 offset, Int32 count)
   at System.IO.Pipes.PipeStream.Write(Byte[] buffer, Int32 offset, Int32 count)
   at PipeComponent.PipeServer.WaitForConnectionCallBack(IAsyncResult iar) in E:\00.- Proyectos\01.- Autopista Vespucio Norte\PipeComponent\PipeComponent\PipeServer.cs:line 182
18:04:06.977,000,REQ:102~NII ExD NP-K305~System.String[]
18:04:07.398,000,RES:OK~Voucher impreso
18:04:07.406,000,ERR:System.IO.IOException: Pipe is broken.
   at System.IO.Pipes.PipeStream.WinIOError(Int32 errorCode)
   at System.IO.Pipes.PipeStream.BeginWriteCore(Byte[] buffer, Int32 offset, Int32 count, AsyncCallback callback, Object state)
   at System.IO.Pipes.PipeStream.WriteCore(Byte[] buffer, Int32 offset, Int32 count)
   at System.IO.Pipes.PipeStream.Write(Byte[] buffer, Int32 offset, Int32 count)
   at PipeComponent.PipeServer.WaitForConnectionCallBack(IAsyncResult iar) in E:\00.- Proyectos\01.- Autopista Vespucio Norte\PipeComponent\PipeComponent\PipeServer.cs:line 182

18:12:46.290,000,INI:Servicio alex PipeComponent v1.0.0.1 Generado el 07-06-2017 17:59:01
18:12:46.296,000,IOP:
18:12:49.728,000,REQ:102~NII ExD NP-K305~System.String[]
18:12:50.221,000,RES:OK~Voucher impreso
18:12:50.238,000,ERR:System.IO.IOException: Pipe is broken.
   at System.IO.Pipes.PipeStream.WinIOError(Int32 errorCode)
   at System.IO.Pipes.PipeStream.BeginWriteCore(Byte[] buffer, Int32 offset, Int32 count, AsyncCallback callback, Object state)
   at System.IO.Pipes.PipeStream.WriteCore(Byte[] buffer, Int32 offset, Int32 count)
   at System.IO.Pipes.PipeStream.Write(Byte[] buffer, Int32 offset, Int32 count)
   at PipeComponent.PipeServer.WaitForConnectionCallBack(IAsyncResult iar) in E:\00.- Proyectos\01.- Autopista Vespucio Norte\PipeComponent\PipeComponent\PipeServer.cs:line 182
18:12:55.883,000,REQ:102~NII ExD NP-K305~System.String[]
18:12:55.903,000,ERR:System.Exception: Error al inicializar la impresora: Data expansion error
   at PipeComponent.Peripherals.ThermalPrinter.PrintVoucher(String printerName, String voucher) in E:\00.- Proyectos\01.- Autopista Vespucio Norte\PipeComponent\PipeComponent\Peripherals\ThermalPrinter.cs:line 50
   at PipeComponent.PipeServer.WaitForConnectionCallBack(IAsyncResult iar) in E:\00.- Proyectos\01.- Autopista Vespucio Norte\PipeComponent\PipeComponent\PipeServer.cs:line 112
18:12:55.908,000,RES:NOK~Error al inicializar la impresora: Data expansion error
18:12:55.916,000,ERR:System.IO.IOException: Pipe is broken.
   at System.IO.Pipes.PipeStream.WinIOError(Int32 errorCode)
   at System.IO.Pipes.PipeStream.BeginWriteCore(Byte[] buffer, Int32 offset, Int32 count, AsyncCallback callback, Object state)
   at System.IO.Pipes.PipeStream.WriteCore(Byte[] buffer, Int32 offset, Int32 count)
   at System.IO.Pipes.PipeStream.Write(Byte[] buffer, Int32 offset, Int32 count)
   at PipeComponent.PipeServer.WaitForConnectionCallBack(IAsyncResult iar) in E:\00.- Proyectos\01.- Autopista Vespucio Norte\PipeComponent\PipeComponent\PipeServer.cs:line 182
18:13:06.832,000,REQ:102~NII ExD NP-K305~System.String[]
18:13:55.885,000,ERR:System.Exception: Error al inicializar la impresora: Data expansion error
   at PipeComponent.Peripherals.ThermalPrinter.PrintVoucher(String printerName, String voucher) in E:\00.- Proyectos\01.- Autopista Vespucio Norte\PipeComponent\PipeComponent\Peripherals\ThermalPrinter.cs:line 50
   at PipeComponent.PipeServer.WaitForConnectionCallBack(IAsyncResult iar) in E:\00.- Proyectos\01.- Autopista Vespucio Norte\PipeComponent\PipeComponent\PipeServer.cs:line 112
18:14:01.564,000,RES:NOK~Error al inicializar la impresora: Data expansion error
18:14:01.586,000,ERR:System.IO.IOException: Pipe is broken.
   at System.IO.Pipes.PipeStream.WinIOError(Int32 errorCode)
   at System.IO.Pipes.PipeStream.BeginWriteCore(Byte[] buffer, Int32 offset, Int32 count, AsyncCallback callback, Object state)
   at System.IO.Pipes.PipeStream.WriteCore(Byte[] buffer, Int32 offset, Int32 count)
   at System.IO.Pipes.PipeStream.Write(Byte[] buffer, Int32 offset, Int32 count)
   at PipeComponent.PipeServer.WaitForConnectionCallBack(IAsyncResult iar) in E:\00.- Proyectos\01.- Autopista Vespucio Norte\PipeComponent\PipeComponent\PipeServer.cs:line 182

18:14:07.388,000,INI:Servicio alex PipeComponent v1.0.0.1 Generado el 07-06-2017 17:59:01
18:14:07.397,000,IOP:
18:14:11.105,000,REQ:102~NII ExD NP-K305~System.String[]
18:14:40.414,000,RES:OK~Voucher impreso
18:14:40.461,000,ERR:System.IO.IOException: Pipe is broken.
   at System.IO.Pipes.PipeStream.WinIOError(Int32 errorCode)
   at System.IO.Pipes.PipeStream.BeginWriteCore(Byte[] buffer, Int32 offset, Int32 count, AsyncCallback callback, Object state)
   at System.IO.Pipes.PipeStream.WriteCore(Byte[] buffer, Int32 offset, Int32 count)
   at System.IO.Pipes.PipeStream.Write(Byte[] buffer, Int32 offset, Int32 count)
   at PipeComponent.PipeServer.WaitForConnectionCallBack(IAsyncResult iar) in E:\00.- Proyectos\01.- Autopista Vespucio Norte\PipeComponent\PipeComponent\PipeServer.cs:line 182
18:15:08.527,000,REQ:102~NII ExD NP-K305~System.String[]
18:15:11.222,000,RES:OK~Voucher impreso
18:15:11.254,000,ERR:System.IO.IOException: Pipe is broken.
   at System.IO.Pipes.PipeStream.WinIOError(Int32 errorCode)
   at System.IO.Pipes.PipeStream.BeginWriteCore(Byte[] buffer, Int32 offset, Int32 count, AsyncCallback callback, Object state)
   at System.IO.Pipes.PipeStream.WriteCore(Byte[] buffer, Int32 offset, Int32 count)
   at System.IO.Pipes.PipeStream.Write(Byte[] buffer, Int32 offset, Int32 count)
   at PipeComponent.PipeServer.WaitForConnectionCallBack(IAsyncResult iar) in E:\00.- Proyectos\01.- Autopista Vespucio Norte\PipeComponent\PipeComponent\PipeServer.cs:line 182
18:19:00.167,000,REQ:102~NII ExD NP-K305~System.String[]
18:19:05.585,000,RES:OK~Voucher impreso
18:19:05.601,000,ERR:System.IO.IOException: Pipe is broken.
   at System.IO.Pipes.PipeStream.WinIOError(Int32 errorCode)
   at System.IO.Pipes.PipeStream.BeginWriteCore(Byte[] buffer, Int32 offset, Int32 count, AsyncCallback callback, Object state)
   at System.IO.Pipes.PipeStream.WriteCore(Byte[] buffer, Int32 offset, Int32 count)
   at System.IO.Pipes.PipeStream.Write(Byte[] buffer, Int32 offset, Int32 count)
   at PipeComponent.PipeServer.WaitForConnectionCallBack(IAsyncResult iar) in E:\00.- Proyectos\01.- Autopista Vespucio Norte\PipeComponent\PipeComponent\PipeServer.cs:line 182
18:19:31.493,000,REQ:102~NII ExD NP-K305~System.String[]
18:19:48.889,000,RES:OK~Voucher impreso
18:19:48.952,000,ERR:System.IO.IOException: Pipe is broken.
   at System.IO.Pipes.PipeStream.WinIOError(Int32 errorCode)
   at System.IO.Pipes.PipeStream.BeginWriteCore(Byte[] buffer, Int32 offset, Int32 count, AsyncCallback callback, Object state)
   at System.IO.Pipes.PipeStream.WriteCore(Byte[] buffer, Int32 offset, Int32 count)
   at System.IO.Pipes.PipeStream.Write(Byte[] buffer, Int32 offset, Int32 count)
   at PipeComponent.PipeServer.WaitForConnectionCallBack(IAsyncResult iar) in E:\00.- Proyectos\01.- Autopista Vespucio Norte\PipeComponent\PipeComponent\PipeServer.cs:line 182
18:21:41.540,000,REQ:102~NII ExD NP-K305~System.String[]
18:21:55.118,000,RES:OK~Voucher impreso
18:21:55.149,000,ERR:System.IO.IOException: Pipe is broken.
   at System.IO.Pipes.PipeStream.WinIOError(Int32 errorCode)
   at System.IO.Pipes.PipeStream.BeginWriteCore(Byte[] buffer, Int32 offset, Int32 count, AsyncCallback callback, Object state)
   at System.IO.Pipes.PipeStream.WriteCore(Byte[] buffer, Int32 offset, Int32 count)
   at System.IO.Pipes.PipeStream.Write(Byte[] buffer, Int32 offset, Int32 count)
   at PipeComponent.PipeServer.WaitForConnectionCallBack(IAsyncResult iar) in E:\00.- Proyectos\01.- Autopista Vespucio Norte\PipeComponent\PipeComponent\PipeServer.cs:line 182

18:29:52.357,000,INI:Servicio alex PipeComponent v1.0.0.1 Generado el 07-06-2017 18:29:51
18:29:52.369,000,IOP:
18:29:53.784,000,REQ:102~NII ExD NP-K305~System.String[]
18:29:56.095,000,RES:OK~Voucher impreso
18:29:56.129,000,ERR:System.IO.IOException: Pipe is broken.
   at System.IO.Pipes.PipeStream.WinIOError(Int32 errorCode)
   at System.IO.Pipes.PipeStream.BeginWriteCore(Byte[] buffer, Int32 offset, Int32 count, AsyncCallback callback, Object state)
   at System.IO.Pipes.PipeStream.WriteCore(Byte[] buffer, Int32 offset, Int32 count)
   at System.IO.Pipes.PipeStream.Write(Byte[] buffer, Int32 offset, Int32 count)
   at PipeComponent.PipeServer.WaitForConnectionCallBack(IAsyncResult iar) in E:\00.- Proyectos\01.- Autopista Vespucio Norte\PipeComponent\PipeComponent\PipeServer.cs:line 182

18:30:19.150,000,INI:Servicio alex PipeComponent v1.0.0.1 Generado el 07-06-2017 18:30:18
18:30:19.157,000,IOP:
18:30:28.317,000,REQ:102~NII ExD NP-K305~System.String[]
18:30:41.494,000,RES:OK~Voucher impreso
18:30:41.515,000,ERR:System.IO.IOException: Pipe is broken.
   at System.IO.Pipes.PipeStream.WinIOError(Int32 errorCode)
   at System.IO.Pipes.PipeStream.BeginWriteCore(Byte[] buffer, Int32 offset, Int32 count, AsyncCallback callback, Object state)
   at System.IO.Pipes.PipeStream.WriteCore(Byte[] buffer, Int32 offset, Int32 count)
   at System.IO.Pipes.PipeStream.Write(Byte[] buffer, Int32 offset, Int32 count)
   at PipeComponent.PipeServer.WaitForConnectionCallBack(IAsyncResult iar) in E:\00.- Proyectos\01.- Autopista Vespucio Norte\PipeComponent\PipeComponent\PipeServer.cs:line 182

18:31:58.886,000,INI:Servicio alex PipeComponent v1.0.0.1 Generado el 07-06-2017 18:31:58
18:31:58.891,000,IOP:
18:32:02.956,000,REQ:102~NII ExD NP-K305~System.String[]
18:32:09.078,000,RES:OK~Voucher impreso
18:32:09.102,000,ERR:System.IO.IOException: Pipe is broken.
   at System.IO.Pipes.PipeStream.WinIOError(Int32 errorCode)
   at System.IO.Pipes.PipeStream.BeginWriteCore(Byte[] buffer, Int32 offset, Int32 count, AsyncCallback callback, Object state)
   at System.IO.Pipes.PipeStream.WriteCore(Byte[] buffer, Int32 offset, Int32 count)
   at System.IO.Pipes.PipeStream.Write(Byte[] buffer, Int32 offset, Int32 count)
   at PipeComponent.PipeServer.WaitForConnectionCallBack(IAsyncResult iar) in E:\00.- Proyectos\01.- Autopista Vespucio Norte\PipeComponent\PipeComponent\PipeServer.cs:line 182

18:32:42.636,000,INI:Servicio alex PipeComponent v1.0.0.1 Generado el 07-06-2017 18:32:42
18:32:42.642,000,IOP:
18:32:45.655,000,REQ:102~NII ExD NP-K305~System.String[]
18:32:47.608,000,RES:OK~Voucher impreso
18:32:47.624,000,ERR:System.IO.IOException: Pipe is broken.
   at System.IO.Pipes.PipeStream.WinIOError(Int32 errorCode)
   at System.IO.Pipes.PipeStream.BeginWriteCore(Byte[] buffer, Int32 offset, Int32 count, AsyncCallback callback, Object state)
   at System.IO.Pipes.PipeStream.WriteCore(Byte[] buffer, Int32 offset, Int32 count)
   at System.IO.Pipes.PipeStream.Write(Byte[] buffer, Int32 offset, Int32 count)
   at PipeComponent.PipeServer.WaitForConnectionCallBack(IAsyncResult iar) in E:\00.- Proyectos\01.- Autopista Vespucio Norte\PipeComponent\PipeComponent\PipeServer.cs:line 182
18:33:00.498,000,REQ:102~NII ExD NP-K305~System.String[]
18:33:41.267,000,RES:OK~Voucher impreso
18:33:41.299,000,ERR:System.IO.IOException: Pipe is broken.
   at System.IO.Pipes.PipeStream.WinIOError(Int32 errorCode)
   at System.IO.Pipes.PipeStream.BeginWriteCore(Byte[] buffer, Int32 offset, Int32 count, AsyncCallback callback, Object state)
   at System.IO.Pipes.PipeStream.WriteCore(Byte[] buffer, Int32 offset, Int32 count)
   at System.IO.Pipes.PipeStream.Write(Byte[] buffer, Int32 offset, Int32 count)
   at PipeComponent.PipeServer.WaitForConnectionCallBack(IAsyncResult iar) in E:\00.- Proyectos\01.- Autopista Vespucio Norte\PipeComponent\PipeComponent\PipeServer.cs:line 182
18:34:23.993,000,REQ:102~NII ExD NP-K305~System.String[]
18:34:36.630,000,RES:OK~Voucher impreso
18:34:36.645,000,ERR:System.IO.IOException: Pipe is broken.
   at System.IO.Pipes.PipeStream.WinIOError(Int32 errorCode)
   at System.IO.Pipes.PipeStream.BeginWriteCore(Byte[] buffer, Int32 offset, Int32 count, AsyncCallback callback, Object state)
   at System.IO.Pipes.PipeStream.WriteCore(Byte[] buffer, Int32 offset, Int32 count)
   at System.IO.Pipes.PipeStream.Write(Byte[] buffer, Int32 offset, Int32 count)
   at PipeComponent.PipeServer.WaitForConnectionCallBack(IAsyncResult iar) in E:\00.- Proyectos\01.- Autopista Vespucio Norte\PipeComponent\PipeComponent\PipeServer.cs:line 182
18:34:49.150,000,REQ:102~NII ExD NP-K305~System.String[]
18:34:49.369,000,RES:OK~Voucher impreso
18:34:49.369,000,ERR:System.IO.IOException: Pipe is broken.
   at System.IO.Pipes.PipeStream.WinIOError(Int32 errorCode)
   at System.IO.Pipes.PipeStream.BeginWriteCore(Byte[] buffer, Int32 offset, Int32 count, AsyncCallback callback, Object state)
   at System.IO.Pipes.PipeStream.WriteCore(Byte[] buffer, Int32 offset, Int32 count)
   at System.IO.Pipes.PipeStream.Write(Byte[] buffer, Int32 offset, Int32 count)
   at PipeComponent.PipeServer.WaitForConnectionCallBack(IAsyncResult iar) in E:\00.- Proyectos\01.- Autopista Vespucio Norte\PipeComponent\PipeComponent\PipeServer.cs:line 182
18:35:31.705,000,REQ:102~NII ExD NP-K305~System.String[]
18:35:31.949,000,RES:OK~Voucher impreso
18:35:31.949,000,ERR:System.IO.IOException: Pipe is broken.
   at System.IO.Pipes.PipeStream.WinIOError(Int32 errorCode)
   at System.IO.Pipes.PipeStream.BeginWriteCore(Byte[] buffer, Int32 offset, Int32 count, AsyncCallback callback, Object state)
   at System.IO.Pipes.PipeStream.WriteCore(Byte[] buffer, Int32 offset, Int32 count)
   at System.IO.Pipes.PipeStream.Write(Byte[] buffer, Int32 offset, Int32 count)
   at PipeComponent.PipeServer.WaitForConnectionCallBack(IAsyncResult iar) in E:\00.- Proyectos\01.- Autopista Vespucio Norte\PipeComponent\PipeComponent\PipeServer.cs:line 182
18:35:43.588,000,REQ:102~NII ExD NP-K305~System.String[]
18:35:43.815,000,RES:OK~Voucher impreso
18:35:43.819,000,ERR:System.IO.IOException: Pipe is broken.
   at System.IO.Pipes.PipeStream.WinIOError(Int32 errorCode)
   at System.IO.Pipes.PipeStream.BeginWriteCore(Byte[] buffer, Int32 offset, Int32 count, AsyncCallback callback, Object state)
   at System.IO.Pipes.PipeStream.WriteCore(Byte[] buffer, Int32 offset, Int32 count)
   at System.IO.Pipes.PipeStream.Write(Byte[] buffer, Int32 offset, Int32 count)
   at PipeComponent.PipeServer.WaitForConnectionCallBack(IAsyncResult iar) in E:\00.- Proyectos\01.- Autopista Vespucio Norte\PipeComponent\PipeComponent\PipeServer.cs:line 182
18:35:58.743,000,REQ:102~NII ExD NP-K305~System.String[]
18:35:58.993,000,RES:OK~Voucher impreso
18:35:58.993,000,ERR:System.IO.IOException: Pipe is broken.
   at System.IO.Pipes.PipeStream.WinIOError(Int32 errorCode)
   at System.IO.Pipes.PipeStream.BeginWriteCore(Byte[] buffer, Int32 offset, Int32 count, AsyncCallback callback, Object state)
   at System.IO.Pipes.PipeStream.WriteCore(Byte[] buffer, Int32 offset, Int32 count)
   at System.IO.Pipes.PipeStream.Write(Byte[] buffer, Int32 offset, Int32 count)
   at PipeComponent.PipeServer.WaitForConnectionCallBack(IAsyncResult iar) in E:\00.- Proyectos\01.- Autopista Vespucio Norte\PipeComponent\PipeComponent\PipeServer.cs:line 182

18:39:47.859,000,INI:Servicio alex PipeComponent v1.0.0.1 Generado el 07-06-2017 18:39:47
18:39:47.865,000,IOP:
18:39:51.519,000,REQ:102~NII ExD NP-K305~System.String[]

18:41:04.444,000,INI:Servicio alex PipeComponent v1.0.0.1 Generado el 07-06-2017 18:41:04
18:41:04.450,000,IOP:
18:41:08.130,000,REQ:102~NII ExD NP-K305~System.String[]
18:41:28.199,000,RES:OK~Voucher impreso
18:41:28.261,000,ERR:System.IO.IOException: Pipe is broken.
   at System.IO.Pipes.PipeStream.WinIOError(Int32 errorCode)
   at System.IO.Pipes.PipeStream.BeginWriteCore(Byte[] buffer, Int32 offset, Int32 count, AsyncCallback callback, Object state)
   at System.IO.Pipes.PipeStream.WriteCore(Byte[] buffer, Int32 offset, Int32 count)
   at System.IO.Pipes.PipeStream.Write(Byte[] buffer, Int32 offset, Int32 count)
   at PipeComponent.PipeServer.WaitForConnectionCallBack(IAsyncResult iar) in E:\00.- Proyectos\01.- Autopista Vespucio Norte\PipeComponent\PipeComponent\PipeServer.cs:line 182
