
14:43:05.949,I,000;Inicio de la clase
14:43:08.627,F,000;AVN.Autoconsulta.core.ClienteDto

14:43:08.793,I,000;Inicio de la clase

14:43:08.814,I,000;Inicio Método
14:43:09.281,F,000;AVN.Autoconsulta.core.ClienteDto
14:43:09.281,R,000;AVN.Autoconsulta.core.SVC_AVN_1_2.responseConsultaInfoTagDTO
14:43:09.296,Q,204;TP10PP001382041|REG|0|2017-08-16 14:43:09|2017-08-16 14:43:09|Saldo|Consulta Saldo|0|V|Consulta Saldo|17.122.588-4|0|0||||||0|0|||0||D7F2@
14:43:09.406,I,000;Server=localhost;Port=5432;Database=Pago;User ID=TpackP;Password=tpackp
14:43:09.407,I,000;Inicio Conexion BD
14:43:09.417,I,000;Ejecución OK
14:43:09.418,I,000;Termino de Consulta a la BD
14:43:19.312,E,204;System.TimeoutException: The operation has timed out.
   at System.IO.Pipes.NamedPipeClientStream.Connect(Int32 timeout)
   at AVN.Autoconsulta.core.PipeClient.MessageSentSuccessfully() in E:\00.- Proyectos\01.- Autopista Vespucio Norte\Servicio Rest\AVN.Autoconsulta.Api\AVN.Autoconsulta.core\AVC.Autoconsulta.core.Utils\PipeClient.cs:line 98

14:43:39.105,I,000;Inicio de la clase

14:43:39.116,I,000;Inicio Método
14:43:39.651,F,000;AVN.Autoconsulta.core.ClienteDto
14:43:39.793,R,000;AVN.Autoconsulta.core.SVC_AVN_1_2.responseConsultaInfoTagDTO
14:43:39.795,Q,204;TP10PP001382041|REG|0|2017-08-16 14:43:39|2017-08-16 14:43:39|Saldo|Consulta Saldo|0|V|Consulta Saldo|17.122.588-4|0|0||||||0|0|||0||D7EC@
14:43:39.811,I,000;Server=localhost;Port=5432;Database=Pago;User ID=TpackP;Password=tpackp
14:43:39.814,I,000;Inicio Conexion BD
14:43:39.816,I,000;Ejecución OK
14:43:39.823,I,000;Termino de Consulta a la BD
14:43:49.784,E,204;System.TimeoutException: The operation has timed out.
   at System.IO.Pipes.NamedPipeClientStream.Connect(Int32 timeout)
   at AVN.Autoconsulta.core.PipeClient.MessageSentSuccessfully() in E:\00.- Proyectos\01.- Autopista Vespucio Norte\Servicio Rest\AVN.Autoconsulta.Api\AVN.Autoconsulta.core\AVC.Autoconsulta.core.Utils\PipeClient.cs:line 98

14:43:54.255,I,000;Inicio de la clase

14:43:54.279,I,000;Inicio Método
14:43:54.714,R,000;AVN.Autoconsulta.core.SVC_AVN_1_2.responseConsultaInfoTagDTO
14:43:54.729,Q,204;TP10PP001382041|REG|0|2017-08-16 14:43:54|2017-08-16 14:43:54|Saldo|Consulta Saldo|0|V|Consulta Saldo|17.122.588-4|0|0||||||0|0|||0||D7F2@
14:43:54.794,I,000;Server=localhost;Port=5432;Database=Pago;User ID=TpackP;Password=tpackp
14:43:54.794,I,000;Inicio Conexion BD
14:43:54.809,I,000;Ejecución OK
14:43:54.809,I,000;Termino de Consulta a la BD
14:43:54.809,F,000;AVN.Autoconsulta.core.ClienteDto
14:44:04.747,E,204;System.TimeoutException: The operation has timed out.
   at System.IO.Pipes.NamedPipeClientStream.Connect(Int32 timeout)
   at AVN.Autoconsulta.core.PipeClient.MessageSentSuccessfully() in E:\00.- Proyectos\01.- Autopista Vespucio Norte\Servicio Rest\AVN.Autoconsulta.Api\AVN.Autoconsulta.core\AVC.Autoconsulta.core.Utils\PipeClient.cs:line 98

14:44:38.338,I,000;Inicio de la clase
14:44:40.973,F,000;AVN.Autoconsulta.core.ClienteDto

14:44:41.070,I,000;Inicio de la clase

14:44:41.087,I,000;Inicio Método
14:44:41.548,F,000;AVN.Autoconsulta.core.ClienteDto
14:44:41.610,R,000;AVN.Autoconsulta.core.SVC_AVN_1_2.responseConsultaInfoTagDTO
14:44:41.626,Q,204;TP10PP001382041|REG|0|2017-08-16 14:44:41|2017-08-16 14:44:41|Saldo|Consulta Saldo|0|V|Consulta Saldo|18.021.201-9|0|0||||||0|0|||0||D806@
14:44:41.666,I,000;Server=localhost;Port=5432;Database=Pago;User ID=TpackP;Password=tpackp
14:44:41.670,I,000;Inicio Conexion BD
14:44:41.673,I,000;Ejecución OK
14:44:41.676,I,000;Termino de Consulta a la BD
14:44:51.644,E,204;System.TimeoutException: The operation has timed out.
   at System.IO.Pipes.NamedPipeClientStream.Connect(Int32 timeout)
   at AVN.Autoconsulta.core.PipeClient.MessageSentSuccessfully() in E:\00.- Proyectos\01.- Autopista Vespucio Norte\Servicio Rest\AVN.Autoconsulta.Api\AVN.Autoconsulta.core\AVC.Autoconsulta.core.Utils\PipeClient.cs:line 98

14:45:28.661,I,000;Inicio de la clase
14:45:35.682,F,000;AVN.Autoconsulta.core.ClienteDto

14:45:35.759,I,000;Inicio de la clase

14:45:35.777,I,000;Inicio Método
14:45:36.606,F,000;AVN.Autoconsulta.core.ClienteDto
14:45:36.858,R,000;AVN.Autoconsulta.core.SVC_AVN_1_2.responseConsultaInfoTagDTO
14:45:36.858,Q,204;TP10PP001382041|REG|0|2017-08-16 14:45:36|2017-08-16 14:45:36|Saldo|Consulta Saldo|0|V|Consulta Saldo|12.484.157-7|0|0||||||0|0|||0||D7ED@
14:45:36.905,I,000;Server=localhost;Port=5432;Database=Pago;User ID=TpackP;Password=tpackp
14:45:36.905,I,000;Inicio Conexion BD
14:45:36.921,I,000;Ejecución OK
14:45:36.921,I,000;Termino de Consulta a la BD
14:45:46.888,E,204;System.TimeoutException: The operation has timed out.
   at System.IO.Pipes.NamedPipeClientStream.Connect(Int32 timeout)
   at AVN.Autoconsulta.core.PipeClient.MessageSentSuccessfully() in E:\00.- Proyectos\01.- Autopista Vespucio Norte\Servicio Rest\AVN.Autoconsulta.Api\AVN.Autoconsulta.core\AVC.Autoconsulta.core.Utils\PipeClient.cs:line 98
14:45:51.978,Q,204;TP10PP001452041|REG|0|2017-08-16 14:45:51|2017-08-16 14:45:51|Certificado|Impresion Cupon Pago|0|V|Impresion Certificado||0|0||||||0|0|||0||D2EE@
14:46:01.984,E,204;System.TimeoutException: The operation has timed out.
   at System.IO.Pipes.NamedPipeClientStream.Connect(Int32 timeout)
   at AVN.Autoconsulta.core.PipeClient.MessageSentSuccessfully() in E:\00.- Proyectos\01.- Autopista Vespucio Norte\Servicio Rest\AVN.Autoconsulta.Api\AVN.Autoconsulta.core\AVC.Autoconsulta.core.Utils\PipeClient.cs:line 98

14:46:14.477,I,000;Inicio de la clase

14:46:14.498,I,000;Inicio Método
14:46:14.925,F,000;AVN.Autoconsulta.core.ClienteDto
14:46:15.020,R,000;AVN.Autoconsulta.core.SVC_AVN_1_2.responseConsultaInfoTagDTO
14:46:15.021,Q,204;TP10PP001382041|REG|0|2017-08-16 14:46:15|2017-08-16 14:46:15|Saldo|Consulta Saldo|0|V|Consulta Saldo|17.122.588-4|0|0||||||0|0|||0||D7F2@
14:46:15.079,I,000;Server=localhost;Port=5432;Database=Pago;User ID=TpackP;Password=tpackp
14:46:15.081,I,000;Inicio Conexion BD
14:46:15.083,I,000;Ejecución OK
14:46:15.085,I,000;Termino de Consulta a la BD
14:46:25.035,E,204;System.TimeoutException: The operation has timed out.
   at System.IO.Pipes.NamedPipeClientStream.Connect(Int32 timeout)
   at AVN.Autoconsulta.core.PipeClient.MessageSentSuccessfully() in E:\00.- Proyectos\01.- Autopista Vespucio Norte\Servicio Rest\AVN.Autoconsulta.Api\AVN.Autoconsulta.core\AVC.Autoconsulta.core.Utils\PipeClient.cs:line 98

16:26:34.777,I,000;Inicio de la clase
16:26:37.065,F,000;AVN.Autoconsulta.core.ClienteDto

16:26:37.206,I,000;Inicio Método

16:26:37.212,I,000;Inicio de la clase
16:26:37.682,R,000;AVN.Autoconsulta.core.SVC_AVN_1_2.responseConsultaInfoTagDTO
16:26:37.713,Q,204;TP10PP001382041|REG|0|2017-08-16 16:26:37|2017-08-16 16:26:37|Saldo|Consulta Saldo|0|V|Consulta Saldo|17.122.588-4|0|0||||||0|0|||0||D7EA@
16:26:37.744,I,000;Server=localhost;Port=5432;Database=Pago;User ID=TpackP;Password=tpackp
16:26:37.744,I,000;Inicio Conexion BD
16:26:37.744,I,000;Ejecución OK
16:26:37.744,I,000;Termino de Consulta a la BD
16:26:37.766,F,000;AVN.Autoconsulta.core.ClienteDto
16:26:47.711,E,204;System.TimeoutException: The operation has timed out.
   at System.IO.Pipes.NamedPipeClientStream.Connect(Int32 timeout)
   at AVN.Autoconsulta.core.PipeClient.MessageSentSuccessfully() in E:\00.- Proyectos\01.- Autopista Vespucio Norte\Servicio Rest\AVN.Autoconsulta.Api\AVN.Autoconsulta.core\AVC.Autoconsulta.core.Utils\PipeClient.cs:line 98

16:27:25.626,I,000;Inicio de la clase
16:27:47.033,F,000;AVN.Autoconsulta.core.ClienteDto
16:27:47.113,I,000;Server=localhost;Port=5432;Database=Pago;User ID=TpackP;Password=tpackp
16:27:47.117,I,000;Inicio Conexion BD
16:27:47.123,I,000;Ejecución OK
16:27:47.123,I,000;Termino de Consulta a la BD

16:28:40.251,I,000;Inicio de la clase
16:28:47.494,F,000;AVN.Autoconsulta.core.ClienteDto

16:28:47.590,I,000;Inicio de la clase

16:28:47.601,I,000;Inicio Método
16:28:49.001,R,000;AVN.Autoconsulta.core.SVC_AVN_1_2.responseConsultaInfoTagDTO
16:28:49.001,Q,204;TP10PP001382041|REG|0|2017-08-16 16:28:49|2017-08-16 16:28:49|Saldo|Consulta Saldo|0|V|Consulta Saldo|77.481.650-K|0|0||||||0|0|||0||D7C5@
16:28:49.017,I,000;Server=localhost;Port=5432;Database=Pago;User ID=TpackP;Password=tpackp
16:28:49.038,I,000;Inicio Conexion BD
16:28:49.047,I,000;Ejecución OK
16:28:49.049,I,000;Termino de Consulta a la BD
16:28:49.088,F,000;AVN.Autoconsulta.core.ClienteDto
16:28:59.016,E,204;System.TimeoutException: The operation has timed out.
   at System.IO.Pipes.NamedPipeClientStream.Connect(Int32 timeout)
   at AVN.Autoconsulta.core.PipeClient.MessageSentSuccessfully() in E:\00.- Proyectos\01.- Autopista Vespucio Norte\Servicio Rest\AVN.Autoconsulta.Api\AVN.Autoconsulta.core\AVC.Autoconsulta.core.Utils\PipeClient.cs:line 98

16:29:29.875,I,000;Inicio de la clase
16:30:18.336,F,000;AVN.Autoconsulta.core.ClienteDto

16:30:18.445,I,000;Inicio de la clase

16:30:18.447,I,000;Inicio Método
16:30:24.575,R,000;AVN.Autoconsulta.core.SVC_AVN_1_2.responseConsultaInfoTagDTO
16:30:24.575,Q,204;TP10PP001382041|REG|0|2017-08-16 16:30:24|2017-08-16 16:30:24|Saldo|Consulta Saldo|0|V|Consulta Saldo|10.697.286-9|0|0||||||0|0|||0||D7F2@
16:30:24.606,I,000;Server=localhost;Port=5432;Database=Pago;User ID=TpackP;Password=tpackp
16:30:24.625,I,000;Inicio Conexion BD
16:30:24.632,I,000;Ejecución OK
16:30:24.634,I,000;Termino de Consulta a la BD
16:30:25.144,F,000;AVN.Autoconsulta.core.ClienteDto
16:30:34.572,E,204;System.TimeoutException: The operation has timed out.
   at System.IO.Pipes.NamedPipeClientStream.Connect(Int32 timeout)
   at AVN.Autoconsulta.core.PipeClient.MessageSentSuccessfully() in E:\00.- Proyectos\01.- Autopista Vespucio Norte\Servicio Rest\AVN.Autoconsulta.Api\AVN.Autoconsulta.core\AVC.Autoconsulta.core.Utils\PipeClient.cs:line 98

16:43:38.325,I,000;Inicio de la clase
16:43:40.665,F,000;AVN.Autoconsulta.core.ClienteDto

16:44:08.562,I,000;Inicio de la clase
16:44:09.123,F,000;AVN.Autoconsulta.core.ClienteDto

16:44:50.589,I,000;Inicio de la clase
16:44:51.177,F,000;AVN.Autoconsulta.core.ClienteDto

16:45:04.961,I,000;Inicio de la clase
16:45:05.478,F,000;AVN.Autoconsulta.core.ClienteDto

16:45:19.796,I,000;Inicio de la clase
16:45:20.265,F,000;AVN.Autoconsulta.core.ClienteDto

16:45:38.617,I,000;Inicio de la clase
16:45:39.052,F,000;AVN.Autoconsulta.core.ClienteDto

16:46:55.608,I,000;Inicio de la clase
16:46:56.132,F,000;AVN.Autoconsulta.core.ClienteDto

16:47:13.611,I,000;Inicio de la clase
16:47:14.133,F,000;AVN.Autoconsulta.core.ClienteDto

16:48:23.220,I,000;Inicio de la clase
16:48:23.786,F,000;AVN.Autoconsulta.core.ClienteDto

16:49:46.525,I,000;Inicio de la clase

16:49:46.550,I,000;Inicio Método
16:49:46.988,R,000;AVN.Autoconsulta.core.SVC_AVN_1_2.responseConsultaInfoTagDTO
16:49:47.004,Q,204;TP10PP001382041|REG|0|2017-08-16 16:49:47|2017-08-16 16:49:47|Saldo|Consulta Saldo|0|V|Consulta Saldo|17.122.588-4|0|0||||||0|0|||0||D7DE@
16:49:47.053,I,000;Server=localhost;Port=5432;Database=Pago;User ID=TpackP;Password=tpackp
16:49:47.053,I,000;Inicio Conexion BD
16:49:47.053,I,000;Ejecución OK
16:49:47.053,I,000;Termino de Consulta a la BD
16:49:47.093,F,000;AVN.Autoconsulta.core.ClienteDto
16:49:57.002,E,204;System.TimeoutException: The operation has timed out.
   at System.IO.Pipes.NamedPipeClientStream.Connect(Int32 timeout)
   at AVN.Autoconsulta.core.PipeClient.MessageSentSuccessfully() in E:\00.- Proyectos\01.- Autopista Vespucio Norte\Servicio Rest\AVN.Autoconsulta.Api\AVN.Autoconsulta.core\AVC.Autoconsulta.core.Utils\PipeClient.cs:line 98

16:50:04.842,I,000;Inicio de la clase
16:50:05.373,F,000;AVN.Autoconsulta.core.ClienteDto

16:50:32.124,I,000;Inicio de la clase

16:50:32.236,I,000;Inicio de la clase
16:50:38.925,I,000;System.Collections.Generic.List`1[AVN.Autoconsulta.core.BoletaDto]
16:50:38.925,I,000;Fin de la clase -- [GetBoletas]
16:50:38.941,Q,204;TP10PP001412041|REG|0|2017-08-16 16:50:38|2017-08-16 16:50:38|Boleta|Consulta Boletas|0|V|Consulta Boletas|12484157-7|0|0||||||0|0|||0||D63D@
16:50:38.941,F,000;AVN.Autoconsulta.core.ClienteDto
16:50:48.950,E,204;System.TimeoutException: The operation has timed out.
   at System.IO.Pipes.NamedPipeClientStream.Connect(Int32 timeout)
   at AVN.Autoconsulta.core.PipeClient.MessageSentSuccessfully() in E:\00.- Proyectos\01.- Autopista Vespucio Norte\Servicio Rest\AVN.Autoconsulta.Api\AVN.Autoconsulta.core\AVC.Autoconsulta.core.Utils\PipeClient.cs:line 98

16:51:09.252,I,000;Inicio de la clase
16:51:10.441,I,000;System.Collections.Generic.List`1[AVN.Autoconsulta.core.BoletaDto]
16:51:10.444,I,000;Fin de la clase -- [GetBoletas]
16:51:10.449,Q,204;TP10PP001412041|REG|0|2017-08-16 16:51:10|2017-08-16 16:51:10|Boleta|Consulta Boletas|0|V|Consulta Boletas|12484157-7|0|0||||||0|0|||0||D64F@
16:51:12.471,Q,204;TP10PP001562041|REG|0|2017-08-16 16:51:12|2017-08-16 16:51:12|Certificado|Impresion Certificado|0|V|Impresion Certificado|12484157-7|0|0||||||0|0|||0||D03F@
16:51:20.456,E,204;System.TimeoutException: The operation has timed out.
   at System.IO.Pipes.NamedPipeClientStream.Connect(Int32 timeout)
   at AVN.Autoconsulta.core.PipeClient.MessageSentSuccessfully() in E:\00.- Proyectos\01.- Autopista Vespucio Norte\Servicio Rest\AVN.Autoconsulta.Api\AVN.Autoconsulta.core\AVC.Autoconsulta.core.Utils\PipeClient.cs:line 98
16:51:22.484,E,204;System.TimeoutException: The operation has timed out.
   at System.IO.Pipes.NamedPipeClientStream.Connect(Int32 timeout)
   at AVN.Autoconsulta.core.PipeClient.MessageSentSuccessfully() in E:\00.- Proyectos\01.- Autopista Vespucio Norte\Servicio Rest\AVN.Autoconsulta.Api\AVN.Autoconsulta.core\AVC.Autoconsulta.core.Utils\PipeClient.cs:line 98

16:52:01.291,I,000;Inicio de la clase
16:52:02.458,I,000;System.Collections.Generic.List`1[AVN.Autoconsulta.core.BoletaDto]
16:52:02.464,I,000;Fin de la clase -- [GetBoletas]
16:52:02.469,Q,204;TP10PP001412041|REG|0|2017-08-16 16:52:02|2017-08-16 16:52:02|Boleta|Consulta Boletas|0|V|Consulta Boletas|12484157-7|0|0||||||0|0|||0||D64B@
16:52:02.765,Q,204;TP10PP001592041|REG|0|2017-08-16 16:52:02|2017-08-16 16:52:02|Certificado|Impresion Boleta Detalle|0|V|Impresion Certificado|12484157-7|0|0||||||0|0|||0||CF67@
16:52:12.472,E,204;System.TimeoutException: The operation has timed out.
   at System.IO.Pipes.NamedPipeClientStream.Connect(Int32 timeout)
   at AVN.Autoconsulta.core.PipeClient.MessageSentSuccessfully() in E:\00.- Proyectos\01.- Autopista Vespucio Norte\Servicio Rest\AVN.Autoconsulta.Api\AVN.Autoconsulta.core\AVC.Autoconsulta.core.Utils\PipeClient.cs:line 98
16:52:12.784,E,204;System.TimeoutException: The operation has timed out.
   at System.IO.Pipes.NamedPipeClientStream.Connect(Int32 timeout)
   at AVN.Autoconsulta.core.PipeClient.MessageSentSuccessfully() in E:\00.- Proyectos\01.- Autopista Vespucio Norte\Servicio Rest\AVN.Autoconsulta.Api\AVN.Autoconsulta.core\AVC.Autoconsulta.core.Utils\PipeClient.cs:line 98

16:52:40.297,I,000;Inicio de la clase
16:52:41.575,I,000;System.Collections.Generic.List`1[AVN.Autoconsulta.core.BoletaDto]
16:52:41.578,I,000;Fin de la clase -- [GetBoletas]
16:52:41.584,Q,204;TP10PP001412041|REG|0|2017-08-16 16:52:41|2017-08-16 16:52:41|Boleta|Consulta Boletas|0|V|Consulta Boletas|12484157-7|0|0||||||0|0|||0||D645@
16:52:41.847,Q,204;TP10PP001592041|REG|0|2017-08-16 16:52:41|2017-08-16 16:52:41|Certificado|Impresion Boleta Detalle|0|V|Impresion Certificado|12484157-7|0|0||||||0|0|||0||CF61@
16:52:51.597,E,204;System.TimeoutException: The operation has timed out.
   at System.IO.Pipes.NamedPipeClientStream.Connect(Int32 timeout)
   at AVN.Autoconsulta.core.PipeClient.MessageSentSuccessfully() in E:\00.- Proyectos\01.- Autopista Vespucio Norte\Servicio Rest\AVN.Autoconsulta.Api\AVN.Autoconsulta.core\AVC.Autoconsulta.core.Utils\PipeClient.cs:line 98
16:52:51.878,E,204;System.TimeoutException: The operation has timed out.
   at System.IO.Pipes.NamedPipeClientStream.Connect(Int32 timeout)
   at AVN.Autoconsulta.core.PipeClient.MessageSentSuccessfully() in E:\00.- Proyectos\01.- Autopista Vespucio Norte\Servicio Rest\AVN.Autoconsulta.Api\AVN.Autoconsulta.core\AVC.Autoconsulta.core.Utils\PipeClient.cs:line 98

17:03:38.069,I,000;Inicio de la clase

17:03:38.091,I,000;Inicio de la clase
17:04:24.506,I,000;System.Collections.Generic.List`1[AVN.Autoconsulta.core.BoletaDto]
17:04:24.506,I,000;Fin de la clase -- [GetBoletas]
17:04:24.522,F,000;AVN.Autoconsulta.core.ClienteDto
17:04:24.522,Q,204;TP10PP001412041|REG|0|2017-08-16 17:04:24|2017-08-16 17:04:24|Boleta|Consulta Boletas|0|V|Consulta Boletas|10697286-9|0|0||||||0|0|||0||D63E@

17:04:31.644,I,000;Inicio de la clase
17:04:34.540,E,204;System.TimeoutException: The operation has timed out.
   at System.IO.Pipes.NamedPipeClientStream.Connect(Int32 timeout)
   at AVN.Autoconsulta.core.PipeClient.MessageSentSuccessfully() in E:\00.- Proyectos\01.- Autopista Vespucio Norte\Servicio Rest\AVN.Autoconsulta.Api\AVN.Autoconsulta.core\AVC.Autoconsulta.core.Utils\PipeClient.cs:line 98
17:04:36.908,I,000;System.Collections.Generic.List`1[AVN.Autoconsulta.core.BoletaDto]
17:04:36.910,I,000;Fin de la clase -- [GetBoletas]
17:04:36.912,Q,204;TP10PP001412041|REG|0|2017-08-16 17:04:36|2017-08-16 17:04:36|Boleta|Consulta Boletas|0|V|Consulta Boletas|10697286-9|0|0||||||0|0|||0||D638@
17:04:37.595,Q,204;TP10PP001562041|REG|0|2017-08-16 17:04:37|2017-08-16 17:04:37|Certificado|Impresion Certificado|0|V|Impresion Certificado|10697286-9|0|0||||||0|0|||0||D02A@
17:04:46.920,E,204;System.TimeoutException: The operation has timed out.
   at System.IO.Pipes.NamedPipeClientStream.Connect(Int32 timeout)
   at AVN.Autoconsulta.core.PipeClient.MessageSentSuccessfully() in E:\00.- Proyectos\01.- Autopista Vespucio Norte\Servicio Rest\AVN.Autoconsulta.Api\AVN.Autoconsulta.core\AVC.Autoconsulta.core.Utils\PipeClient.cs:line 98
17:04:47.606,E,204;System.TimeoutException: The operation has timed out.
   at System.IO.Pipes.NamedPipeClientStream.Connect(Int32 timeout)
   at AVN.Autoconsulta.core.PipeClient.MessageSentSuccessfully() in E:\00.- Proyectos\01.- Autopista Vespucio Norte\Servicio Rest\AVN.Autoconsulta.Api\AVN.Autoconsulta.core\AVC.Autoconsulta.core.Utils\PipeClient.cs:line 98

17:05:14.799,I,000;Inicio de la clase
17:05:20.060,I,000;System.Collections.Generic.List`1[AVN.Autoconsulta.core.BoletaDto]
17:05:20.064,I,000;Fin de la clase -- [GetBoletas]
17:05:20.067,Q,204;TP10PP001412041|REG|0|2017-08-16 17:05:20|2017-08-16 17:05:20|Boleta|Consulta Boletas|0|V|Consulta Boletas|10697286-9|0|0||||||0|0|||0||D644@
17:05:20.169,Q,204;TP10PP001592041|REG|0|2017-08-16 17:05:20|2017-08-16 17:05:20|Certificado|Impresion Boleta Detalle|0|V|Impresion Certificado|10697286-9|0|0||||||0|0|||0||CF60@
17:05:30.073,E,204;System.TimeoutException: The operation has timed out.
   at System.IO.Pipes.NamedPipeClientStream.Connect(Int32 timeout)
   at AVN.Autoconsulta.core.PipeClient.MessageSentSuccessfully() in E:\00.- Proyectos\01.- Autopista Vespucio Norte\Servicio Rest\AVN.Autoconsulta.Api\AVN.Autoconsulta.core\AVC.Autoconsulta.core.Utils\PipeClient.cs:line 98
17:05:30.183,E,204;System.TimeoutException: The operation has timed out.
   at System.IO.Pipes.NamedPipeClientStream.Connect(Int32 timeout)
   at AVN.Autoconsulta.core.PipeClient.MessageSentSuccessfully() in E:\00.- Proyectos\01.- Autopista Vespucio Norte\Servicio Rest\AVN.Autoconsulta.Api\AVN.Autoconsulta.core\AVC.Autoconsulta.core.Utils\PipeClient.cs:line 98

17:09:00.733,I,000;Inicio de la clase
17:09:06.626,I,000;System.Collections.Generic.List`1[AVN.Autoconsulta.core.BoletaDto]
17:09:06.628,I,000;Fin de la clase -- [GetBoletas]
17:09:06.630,Q,204;TP10PP001412041|REG|0|2017-08-16 17:09:06|2017-08-16 17:09:06|Boleta|Consulta Boletas|0|V|Consulta Boletas|10697286-9|0|0||||||0|0|||0||D634@
17:09:06.743,Q,204;TP10PP001592041|REG|0|2017-08-16 17:09:06|2017-08-16 17:09:06|Certificado|Impresion Boleta Detalle|0|V|Impresion Certificado|10697286-9|0|0||||||0|0|||0||CF50@
17:09:16.627,E,204;System.TimeoutException: The operation has timed out.
   at System.IO.Pipes.NamedPipeClientStream.Connect(Int32 timeout)
   at AVN.Autoconsulta.core.PipeClient.MessageSentSuccessfully() in E:\00.- Proyectos\01.- Autopista Vespucio Norte\Servicio Rest\AVN.Autoconsulta.Api\AVN.Autoconsulta.core\AVC.Autoconsulta.core.Utils\PipeClient.cs:line 98
17:09:16.737,E,204;System.TimeoutException: The operation has timed out.
   at System.IO.Pipes.NamedPipeClientStream.Connect(Int32 timeout)
   at AVN.Autoconsulta.core.PipeClient.MessageSentSuccessfully() in E:\00.- Proyectos\01.- Autopista Vespucio Norte\Servicio Rest\AVN.Autoconsulta.Api\AVN.Autoconsulta.core\AVC.Autoconsulta.core.Utils\PipeClient.cs:line 98

17:11:48.136,I,000;Inicio de la clase
17:11:53.546,I,000;System.Collections.Generic.List`1[AVN.Autoconsulta.core.BoletaDto]
17:11:53.548,I,000;Fin de la clase -- [GetBoletas]
17:11:53.550,Q,204;TP10PP001412041|REG|0|2017-08-16 17:11:53|2017-08-16 17:11:53|Boleta|Consulta Boletas|0|V|Consulta Boletas|10697286-9|0|0||||||0|0|||0||D63E@
17:11:54.650,Q,204;TP10PP001562041|REG|0|2017-08-16 17:11:54|2017-08-16 17:11:54|Certificado|Impresion Certificado|0|V|Impresion Certificado|10697286-9|0|0||||||0|0|||0||D030@
17:12:03.543,E,204;System.TimeoutException: The operation has timed out.
   at System.IO.Pipes.NamedPipeClientStream.Connect(Int32 timeout)
   at AVN.Autoconsulta.core.PipeClient.MessageSentSuccessfully() in E:\00.- Proyectos\01.- Autopista Vespucio Norte\Servicio Rest\AVN.Autoconsulta.Api\AVN.Autoconsulta.core\AVC.Autoconsulta.core.Utils\PipeClient.cs:line 98
17:12:04.651,E,204;System.TimeoutException: The operation has timed out.
   at System.IO.Pipes.NamedPipeClientStream.Connect(Int32 timeout)
   at AVN.Autoconsulta.core.PipeClient.MessageSentSuccessfully() in E:\00.- Proyectos\01.- Autopista Vespucio Norte\Servicio Rest\AVN.Autoconsulta.Api\AVN.Autoconsulta.core\AVC.Autoconsulta.core.Utils\PipeClient.cs:line 98

17:13:55.675,I,000;Inicio de la clase
17:14:01.235,I,000;System.Collections.Generic.List`1[AVN.Autoconsulta.core.BoletaDto]
17:14:01.237,I,000;Fin de la clase -- [GetBoletas]
17:14:01.240,Q,204;TP10PP001412041|REG|0|2017-08-16 17:14:01|2017-08-16 17:14:01|Boleta|Consulta Boletas|0|V|Consulta Boletas|10697286-9|0|0||||||0|0|||0||D646@
17:14:01.348,Q,204;TP10PP001592041|REG|0|2017-08-16 17:14:01|2017-08-16 17:14:01|Certificado|Impresion Boleta Detalle|0|V|Impresion Certificado|10697286-9|0|0||||||0|0|||0||CF62@
17:14:05.259,Q,204;TP10PP001592041|REG|0|2017-08-16 17:14:05|2017-08-16 17:14:05|Certificado|Impresion Boleta Detalle|0|V|Impresion Certificado|10697286-9|0|0||||||0|0|||0||CF5A@
17:14:11.228,E,204;System.TimeoutException: The operation has timed out.
   at System.IO.Pipes.NamedPipeClientStream.Connect(Int32 timeout)
   at AVN.Autoconsulta.core.PipeClient.MessageSentSuccessfully() in E:\00.- Proyectos\01.- Autopista Vespucio Norte\Servicio Rest\AVN.Autoconsulta.Api\AVN.Autoconsulta.core\AVC.Autoconsulta.core.Utils\PipeClient.cs:line 98
17:14:11.337,E,204;System.TimeoutException: The operation has timed out.
   at System.IO.Pipes.NamedPipeClientStream.Connect(Int32 timeout)
   at AVN.Autoconsulta.core.PipeClient.MessageSentSuccessfully() in E:\00.- Proyectos\01.- Autopista Vespucio Norte\Servicio Rest\AVN.Autoconsulta.Api\AVN.Autoconsulta.core\AVC.Autoconsulta.core.Utils\PipeClient.cs:line 98
17:14:13.207,Q,204;TP10PP001592041|REG|0|2017-08-16 17:14:13|2017-08-16 17:14:13|Certificado|Impresion Boleta Detalle|0|V|Impresion Certificado|10697286-9|0|0||||||0|0|||0||CF5C@
17:14:15.253,E,204;System.TimeoutException: The operation has timed out.
   at System.IO.Pipes.NamedPipeClientStream.Connect(Int32 timeout)
   at AVN.Autoconsulta.core.PipeClient.MessageSentSuccessfully() in E:\00.- Proyectos\01.- Autopista Vespucio Norte\Servicio Rest\AVN.Autoconsulta.Api\AVN.Autoconsulta.core\AVC.Autoconsulta.core.Utils\PipeClient.cs:line 98
17:14:23.211,E,204;System.TimeoutException: The operation has timed out.
   at System.IO.Pipes.NamedPipeClientStream.Connect(Int32 timeout)
   at AVN.Autoconsulta.core.PipeClient.MessageSentSuccessfully() in E:\00.- Proyectos\01.- Autopista Vespucio Norte\Servicio Rest\AVN.Autoconsulta.Api\AVN.Autoconsulta.core\AVC.Autoconsulta.core.Utils\PipeClient.cs:line 98

17:14:47.721,I,000;Inicio de la clase
17:14:52.928,I,000;System.Collections.Generic.List`1[AVN.Autoconsulta.core.BoletaDto]
17:14:52.930,I,000;Fin de la clase -- [GetBoletas]
17:14:52.931,Q,204;TP10PP001412041|REG|0|2017-08-16 17:14:52|2017-08-16 17:14:52|Boleta|Consulta Boletas|0|V|Consulta Boletas|10697286-9|0|0||||||0|0|||0||D63A@
17:14:53.022,Q,204;TP10PP001592041|REG|0|2017-08-16 17:14:53|2017-08-16 17:14:53|Certificado|Impresion Boleta Detalle|0|V|Impresion Certificado|10697286-9|0|0||||||0|0|||0||CF54@
17:14:56.326,Q,204;TP10PP001592041|REG|0|2017-08-16 17:14:56|2017-08-16 17:14:56|Certificado|Impresion Boleta Detalle|0|V|Impresion Certificado|10697286-9|0|0||||||0|0|||0||CF4E@
17:15:02.942,E,204;System.TimeoutException: The operation has timed out.
   at System.IO.Pipes.NamedPipeClientStream.Connect(Int32 timeout)
   at AVN.Autoconsulta.core.PipeClient.MessageSentSuccessfully() in E:\00.- Proyectos\01.- Autopista Vespucio Norte\Servicio Rest\AVN.Autoconsulta.Api\AVN.Autoconsulta.core\AVC.Autoconsulta.core.Utils\PipeClient.cs:line 98
17:15:03.020,E,204;System.TimeoutException: The operation has timed out.
   at System.IO.Pipes.NamedPipeClientStream.Connect(Int32 timeout)
   at AVN.Autoconsulta.core.PipeClient.MessageSentSuccessfully() in E:\00.- Proyectos\01.- Autopista Vespucio Norte\Servicio Rest\AVN.Autoconsulta.Api\AVN.Autoconsulta.core\AVC.Autoconsulta.core.Utils\PipeClient.cs:line 98
17:15:03.379,Q,204;TP10PP001592041|REG|0|2017-08-16 17:15:03|2017-08-16 17:15:03|Certificado|Impresion Boleta Detalle|0|V|Impresion Certificado|10697286-9|0|0||||||0|0|||0||CF5C@
17:15:06.313,E,204;System.TimeoutException: The operation has timed out.
   at System.IO.Pipes.NamedPipeClientStream.Connect(Int32 timeout)
   at AVN.Autoconsulta.core.PipeClient.MessageSentSuccessfully() in E:\00.- Proyectos\01.- Autopista Vespucio Norte\Servicio Rest\AVN.Autoconsulta.Api\AVN.Autoconsulta.core\AVC.Autoconsulta.core.Utils\PipeClient.cs:line 98
17:15:13.386,E,204;System.TimeoutException: The operation has timed out.
   at System.IO.Pipes.NamedPipeClientStream.Connect(Int32 timeout)
   at AVN.Autoconsulta.core.PipeClient.MessageSentSuccessfully() in E:\00.- Proyectos\01.- Autopista Vespucio Norte\Servicio Rest\AVN.Autoconsulta.Api\AVN.Autoconsulta.core\AVC.Autoconsulta.core.Utils\PipeClient.cs:line 98

17:15:33.422,I,000;Inicio de la clase
17:15:38.698,I,000;System.Collections.Generic.List`1[AVN.Autoconsulta.core.BoletaDto]
17:15:38.700,I,000;Fin de la clase -- [GetBoletas]
17:15:38.702,Q,204;TP10PP001412041|REG|0|2017-08-16 17:15:38|2017-08-16 17:15:38|Boleta|Consulta Boletas|0|V|Consulta Boletas|10697286-9|0|0||||||0|0|||0||D630@
17:15:38.937,Q,204;TP10PP001592041|REG|0|2017-08-16 17:15:38|2017-08-16 17:15:38|Certificado|Impresion Boleta Detalle|0|V|Impresion Certificado|10697286-9|0|0||||||0|0|||0||CF4C@
17:15:48.722,E,204;System.TimeoutException: The operation has timed out.
   at System.IO.Pipes.NamedPipeClientStream.Connect(Int32 timeout)
   at AVN.Autoconsulta.core.PipeClient.MessageSentSuccessfully() in E:\00.- Proyectos\01.- Autopista Vespucio Norte\Servicio Rest\AVN.Autoconsulta.Api\AVN.Autoconsulta.core\AVC.Autoconsulta.core.Utils\PipeClient.cs:line 98
17:15:48.956,E,204;System.TimeoutException: The operation has timed out.
   at System.IO.Pipes.NamedPipeClientStream.Connect(Int32 timeout)
   at AVN.Autoconsulta.core.PipeClient.MessageSentSuccessfully() in E:\00.- Proyectos\01.- Autopista Vespucio Norte\Servicio Rest\AVN.Autoconsulta.Api\AVN.Autoconsulta.core\AVC.Autoconsulta.core.Utils\PipeClient.cs:line 98

17:17:18.568,I,000;Inicio de la clase
17:17:24.313,I,000;System.Collections.Generic.List`1[AVN.Autoconsulta.core.BoletaDto]
17:17:24.315,I,000;Fin de la clase -- [GetBoletas]
17:17:24.317,Q,204;TP10PP001412041|REG|0|2017-08-16 17:17:24|2017-08-16 17:17:24|Boleta|Consulta Boletas|0|V|Consulta Boletas|10697286-9|0|0||||||0|0|||0||D636@
17:17:24.560,Q,204;TP10PP001562041|REG|0|2017-08-16 17:17:24|2017-08-16 17:17:24|Certificado|Impresion Certificado|0|V|Impresion Certificado|10697286-9|0|0||||||0|0|||0||D02A@
17:17:34.311,E,204;System.TimeoutException: The operation has timed out.
   at System.IO.Pipes.NamedPipeClientStream.Connect(Int32 timeout)
   at AVN.Autoconsulta.core.PipeClient.MessageSentSuccessfully() in E:\00.- Proyectos\01.- Autopista Vespucio Norte\Servicio Rest\AVN.Autoconsulta.Api\AVN.Autoconsulta.core\AVC.Autoconsulta.core.Utils\PipeClient.cs:line 98
17:17:34.577,E,204;System.TimeoutException: The operation has timed out.
   at System.IO.Pipes.NamedPipeClientStream.Connect(Int32 timeout)
   at AVN.Autoconsulta.core.PipeClient.MessageSentSuccessfully() in E:\00.- Proyectos\01.- Autopista Vespucio Norte\Servicio Rest\AVN.Autoconsulta.Api\AVN.Autoconsulta.core\AVC.Autoconsulta.core.Utils\PipeClient.cs:line 98

17:18:02.737,I,000;Inicio de la clase
17:18:09.486,I,000;System.Collections.Generic.List`1[AVN.Autoconsulta.core.BoletaDto]
17:18:09.488,I,000;Fin de la clase -- [GetBoletas]
17:18:09.490,Q,204;TP10PP001412041|REG|0|2017-08-16 17:18:09|2017-08-16 17:18:09|Boleta|Consulta Boletas|0|V|Consulta Boletas|10697286-9|0|0||||||0|0|||0||D62E@
17:18:09.593,Q,204;TP10PP001592041|REG|0|2017-08-16 17:18:09|2017-08-16 17:18:09|Certificado|Impresion Boleta Detalle|0|V|Impresion Certificado|10697286-9|0|0||||||0|0|||0||CF4A@
17:18:19.493,E,204;System.TimeoutException: The operation has timed out.
   at System.IO.Pipes.NamedPipeClientStream.Connect(Int32 timeout)
   at AVN.Autoconsulta.core.PipeClient.MessageSentSuccessfully() in E:\00.- Proyectos\01.- Autopista Vespucio Norte\Servicio Rest\AVN.Autoconsulta.Api\AVN.Autoconsulta.core\AVC.Autoconsulta.core.Utils\PipeClient.cs:line 98
17:18:19.602,E,204;System.TimeoutException: The operation has timed out.
   at System.IO.Pipes.NamedPipeClientStream.Connect(Int32 timeout)
   at AVN.Autoconsulta.core.PipeClient.MessageSentSuccessfully() in E:\00.- Proyectos\01.- Autopista Vespucio Norte\Servicio Rest\AVN.Autoconsulta.Api\AVN.Autoconsulta.core\AVC.Autoconsulta.core.Utils\PipeClient.cs:line 98

17:18:35.846,I,000;Inicio de la clase
17:18:42.587,I,000;System.Collections.Generic.List`1[AVN.Autoconsulta.core.BoletaDto]
17:18:42.590,I,000;Fin de la clase -- [GetBoletas]
17:18:42.594,Q,204;TP10PP001412041|REG|0|2017-08-16 17:18:42|2017-08-16 17:18:42|Boleta|Consulta Boletas|0|V|Consulta Boletas|10697286-9|0|0||||||0|0|||0||D634@
17:18:43.346,Q,204;TP10PP001592041|REG|0|2017-08-16 17:18:43|2017-08-16 17:18:43|Certificado|Impresion Boleta Detalle|0|V|Impresion Certificado|10697286-9|0|0||||||0|0|||0||CF4E@
17:18:52.604,E,204;System.TimeoutException: The operation has timed out.
   at System.IO.Pipes.NamedPipeClientStream.Connect(Int32 timeout)
   at AVN.Autoconsulta.core.PipeClient.MessageSentSuccessfully() in E:\00.- Proyectos\01.- Autopista Vespucio Norte\Servicio Rest\AVN.Autoconsulta.Api\AVN.Autoconsulta.core\AVC.Autoconsulta.core.Utils\PipeClient.cs:line 98
17:18:53.369,E,204;System.TimeoutException: The operation has timed out.
   at System.IO.Pipes.NamedPipeClientStream.Connect(Int32 timeout)
   at AVN.Autoconsulta.core.PipeClient.MessageSentSuccessfully() in E:\00.- Proyectos\01.- Autopista Vespucio Norte\Servicio Rest\AVN.Autoconsulta.Api\AVN.Autoconsulta.core\AVC.Autoconsulta.core.Utils\PipeClient.cs:line 98

17:22:14.117,I,000;Inicio de la clase
17:22:19.642,I,000;System.Collections.Generic.List`1[AVN.Autoconsulta.core.BoletaDto]
17:22:19.645,I,000;Fin de la clase -- [GetBoletas]
17:22:19.647,Q,204;TP10PP001412041|REG|0|2017-08-16 17:22:19|2017-08-16 17:22:19|Boleta|Consulta Boletas|0|V|Consulta Boletas|10697286-9|0|0||||||0|0|||0||D636@
17:22:21.540,Q,204;TP10PP001562041|REG|0|2017-08-16 17:22:21|2017-08-16 17:22:21|Certificado|Impresion Certificado|0|V|Impresion Certificado|10697286-9|0|0||||||0|0|||0||D038@
17:22:29.655,E,204;System.TimeoutException: The operation has timed out.
   at System.IO.Pipes.NamedPipeClientStream.Connect(Int32 timeout)
   at AVN.Autoconsulta.core.PipeClient.MessageSentSuccessfully() in E:\00.- Proyectos\01.- Autopista Vespucio Norte\Servicio Rest\AVN.Autoconsulta.Api\AVN.Autoconsulta.core\AVC.Autoconsulta.core.Utils\PipeClient.cs:line 98
17:22:31.543,E,204;System.TimeoutException: The operation has timed out.
   at System.IO.Pipes.NamedPipeClientStream.Connect(Int32 timeout)
   at AVN.Autoconsulta.core.PipeClient.MessageSentSuccessfully() in E:\00.- Proyectos\01.- Autopista Vespucio Norte\Servicio Rest\AVN.Autoconsulta.Api\AVN.Autoconsulta.core\AVC.Autoconsulta.core.Utils\PipeClient.cs:line 98

17:30:26.589,I,000;Inicio de la clase
17:30:32.977,I,000;System.Collections.Generic.List`1[AVN.Autoconsulta.core.BoletaDto]
17:30:32.979,I,000;Fin de la clase -- [GetBoletas]
17:30:32.982,Q,204;TP10PP001412041|REG|0|2017-08-16 17:30:32|2017-08-16 17:30:32|Boleta|Consulta Boletas|0|V|Consulta Boletas|10697286-9|0|0||||||0|0|||0||D642@
17:30:33.778,Q,204;TP10PP001562041|REG|0|2017-08-16 17:30:33|2017-08-16 17:30:33|Certificado|Impresion Certificado|0|V|Impresion Certificado|10697286-9|0|0||||||0|0|||0||D034@
17:30:42.985,E,204;System.TimeoutException: The operation has timed out.
   at System.IO.Pipes.NamedPipeClientStream.Connect(Int32 timeout)
   at AVN.Autoconsulta.core.PipeClient.MessageSentSuccessfully() in E:\00.- Proyectos\01.- Autopista Vespucio Norte\Servicio Rest\AVN.Autoconsulta.Api\AVN.Autoconsulta.core\AVC.Autoconsulta.core.Utils\PipeClient.cs:line 98
17:30:43.781,E,204;System.TimeoutException: The operation has timed out.
   at System.IO.Pipes.NamedPipeClientStream.Connect(Int32 timeout)
   at AVN.Autoconsulta.core.PipeClient.MessageSentSuccessfully() in E:\00.- Proyectos\01.- Autopista Vespucio Norte\Servicio Rest\AVN.Autoconsulta.Api\AVN.Autoconsulta.core\AVC.Autoconsulta.core.Utils\PipeClient.cs:line 98

17:31:04.910,I,000;Inicio de la clase
17:31:10.490,I,000;System.Collections.Generic.List`1[AVN.Autoconsulta.core.BoletaDto]
17:31:10.493,I,000;Fin de la clase -- [GetBoletas]
17:31:10.496,Q,204;TP10PP001412041|REG|0|2017-08-16 17:31:10|2017-08-16 17:31:10|Boleta|Consulta Boletas|0|V|Consulta Boletas|10697286-9|0|0||||||0|0|||0||D648@
17:31:10.720,Q,204;TP10PP001562041|REG|0|2017-08-16 17:31:10|2017-08-16 17:31:10|Certificado|Impresion Certificado|0|V|Impresion Certificado|10697286-9|0|0||||||0|0|||0||D03C@
17:31:20.495,E,204;System.TimeoutException: The operation has timed out.
   at System.IO.Pipes.NamedPipeClientStream.Connect(Int32 timeout)
   at AVN.Autoconsulta.core.PipeClient.MessageSentSuccessfully() in E:\00.- Proyectos\01.- Autopista Vespucio Norte\Servicio Rest\AVN.Autoconsulta.Api\AVN.Autoconsulta.core\AVC.Autoconsulta.core.Utils\PipeClient.cs:line 98
17:31:20.714,E,204;System.TimeoutException: The operation has timed out.
   at System.IO.Pipes.NamedPipeClientStream.Connect(Int32 timeout)
   at AVN.Autoconsulta.core.PipeClient.MessageSentSuccessfully() in E:\00.- Proyectos\01.- Autopista Vespucio Norte\Servicio Rest\AVN.Autoconsulta.Api\AVN.Autoconsulta.core\AVC.Autoconsulta.core.Utils\PipeClient.cs:line 98

17:33:11.470,I,000;Inicio de la clase
17:33:12.747,I,000;System.Collections.Generic.List`1[AVN.Autoconsulta.core.TransitosFacturadosDto]
17:33:12.749,I,000;Fin de la clase -- [GetTransitosNoFacturados]
17:33:12.758,Q,204;TP10PP001772041|REG|0|2017-08-16 17:33:12|2017-08-16 17:33:12|Transitos Facturados|Consulta Transitos Facturados|0|V|Consulta Transitos Facturados|BGXT65|0|0||||||0|0|||0||C6B6@

17:33:16.500,I,000;Inicio de la clase
17:33:16.785,I,000;System.Collections.Generic.List`1[AVN.Autoconsulta.core.TransitosFacturadosDto]
17:33:16.785,I,000;Fin de la clase -- [GetTransitosNoFacturados]
17:33:16.801,Q,204;TP10PP001772041|REG|0|2017-08-16 17:33:16|2017-08-16 17:33:16|Transitos Facturados|Consulta Transitos Facturados|0|V|Consulta Transitos Facturados|BGXT65|0|0||||||0|0|||0||C6AE@
17:33:22.759,E,204;System.TimeoutException: The operation has timed out.
   at System.IO.Pipes.NamedPipeClientStream.Connect(Int32 timeout)
   at AVN.Autoconsulta.core.PipeClient.MessageSentSuccessfully() in E:\00.- Proyectos\01.- Autopista Vespucio Norte\Servicio Rest\AVN.Autoconsulta.Api\AVN.Autoconsulta.core\AVC.Autoconsulta.core.Utils\PipeClient.cs:line 98
17:33:26.799,E,204;System.TimeoutException: The operation has timed out.
   at System.IO.Pipes.NamedPipeClientStream.Connect(Int32 timeout)
   at AVN.Autoconsulta.core.PipeClient.MessageSentSuccessfully() in E:\00.- Proyectos\01.- Autopista Vespucio Norte\Servicio Rest\AVN.Autoconsulta.Api\AVN.Autoconsulta.core\AVC.Autoconsulta.core.Utils\PipeClient.cs:line 98

17:36:06.784,I,000;Inicio de la clase
17:36:11.069,I,000;System.Collections.Generic.List`1[AVN.Autoconsulta.core.DETALLE_TRANSITO]
17:36:11.072,I,000;Fin de la clase -- [GetTransitosNoFacturados]
17:36:11.091,I,000;System.Collections.Generic.List`1[AVN.Autoconsulta.core.TransitosFacturadosDto]
17:36:11.099,Q,204;TP10PP001862041|REG|0|2017-08-16 17:36:11|2017-08-16 17:36:11|Transitos No Facturados|Consulta Transitos No Facturados|0|V|Consulta Transitos No Facturados|CXTX28|0|0||||||0|0|||0||C40A@
17:36:11.101,I,000;Fin de la clase -- [GetTransitosNoFacturados]
17:36:11.104,Q,204;TP10PP001772041|REG|0|2017-08-16 17:36:11|2017-08-16 17:36:11|Transitos Facturados|Consulta Transitos Facturados|0|V|Consulta Transitos Facturados|CXTX28|0|0||||||0|0|||0||C6A1@

17:36:11.830,I,000;Inicio de la clase
17:36:12.394,I,000;System.Collections.Generic.List`1[AVN.Autoconsulta.core.DETALLE_TRANSITO]
17:36:12.394,I,000;Fin de la clase -- [GetTransitosNoFacturados]
17:36:12.394,Q,204;TP10PP001862041|REG|0|2017-08-16 17:36:12|2017-08-16 17:36:12|Transitos No Facturados|Consulta Transitos No Facturados|0|V|Consulta Transitos No Facturados|CXTX28|0|0||||||0|0|||0||C408@
17:36:12.440,I,000;System.Collections.Generic.List`1[AVN.Autoconsulta.core.TransitosFacturadosDto]
17:36:12.442,I,000;Fin de la clase -- [GetTransitosNoFacturados]
17:36:12.443,Q,204;TP10PP001772041|REG|0|2017-08-16 17:36:12|2017-08-16 17:36:12|Transitos Facturados|Consulta Transitos Facturados|0|V|Consulta Transitos Facturados|CXTX28|0|0||||||0|0|||0||C69F@
17:36:21.112,E,204;System.TimeoutException: The operation has timed out.
   at System.IO.Pipes.NamedPipeClientStream.Connect(Int32 timeout)
   at AVN.Autoconsulta.core.PipeClient.MessageSentSuccessfully() in E:\00.- Proyectos\01.- Autopista Vespucio Norte\Servicio Rest\AVN.Autoconsulta.Api\AVN.Autoconsulta.core\AVC.Autoconsulta.core.Utils\PipeClient.cs:line 98
17:36:21.112,E,204;System.TimeoutException: The operation has timed out.
   at System.IO.Pipes.NamedPipeClientStream.Connect(Int32 timeout)
   at AVN.Autoconsulta.core.PipeClient.MessageSentSuccessfully() in E:\00.- Proyectos\01.- Autopista Vespucio Norte\Servicio Rest\AVN.Autoconsulta.Api\AVN.Autoconsulta.core\AVC.Autoconsulta.core.Utils\PipeClient.cs:line 98
17:36:22.407,E,204;System.TimeoutException: The operation has timed out.
   at System.IO.Pipes.NamedPipeClientStream.Connect(Int32 timeout)
   at AVN.Autoconsulta.core.PipeClient.MessageSentSuccessfully() in E:\00.- Proyectos\01.- Autopista Vespucio Norte\Servicio Rest\AVN.Autoconsulta.Api\AVN.Autoconsulta.core\AVC.Autoconsulta.core.Utils\PipeClient.cs:line 98
17:36:22.438,E,204;System.TimeoutException: The operation has timed out.
   at System.IO.Pipes.NamedPipeClientStream.Connect(Int32 timeout)
   at AVN.Autoconsulta.core.PipeClient.MessageSentSuccessfully() in E:\00.- Proyectos\01.- Autopista Vespucio Norte\Servicio Rest\AVN.Autoconsulta.Api\AVN.Autoconsulta.core\AVC.Autoconsulta.core.Utils\PipeClient.cs:line 98

17:39:19.665,I,000;Inicio de la clase

17:40:53.976,I,000;Inicio de la clase
17:40:59.429,I,000;System.Collections.Generic.List`1[AVN.Autoconsulta.core.TransitosFacturadosDto]
17:40:59.444,I,000;Fin de la clase -- [GetTransitosNoFacturados]
17:40:59.444,I,000;System.Collections.Generic.List`1[AVN.Autoconsulta.core.DETALLE_TRANSITO]
17:40:59.460,I,000;Fin de la clase -- [GetTransitosNoFacturados]
17:40:59.460,Q,204;TP10PP001772041|REG|0|2017-08-16 17:40:59|2017-08-16 17:40:59|Transitos Facturados|Consulta Transitos Facturados|0|V|Consulta Transitos Facturados|NB1633|0|0||||||0|0|||0||C6E7@
17:40:59.476,Q,204;TP10PP001862041|REG|0|2017-08-16 17:40:59|2017-08-16 17:40:59|Transitos No Facturados|Consulta Transitos No Facturados|0|V|Consulta Transitos No Facturados|NB1633|0|0||||||0|0|||0||C450@
17:41:09.475,E,204;System.TimeoutException: The operation has timed out.
   at System.IO.Pipes.NamedPipeClientStream.Connect(Int32 timeout)
   at AVN.Autoconsulta.core.PipeClient.MessageSentSuccessfully() in E:\00.- Proyectos\01.- Autopista Vespucio Norte\Servicio Rest\AVN.Autoconsulta.Api\AVN.Autoconsulta.core\AVC.Autoconsulta.core.Utils\PipeClient.cs:line 98
17:41:09.475,E,204;System.TimeoutException: The operation has timed out.
   at System.IO.Pipes.NamedPipeClientStream.Connect(Int32 timeout)
   at AVN.Autoconsulta.core.PipeClient.MessageSentSuccessfully() in E:\00.- Proyectos\01.- Autopista Vespucio Norte\Servicio Rest\AVN.Autoconsulta.Api\AVN.Autoconsulta.core\AVC.Autoconsulta.core.Utils\PipeClient.cs:line 98

17:42:29.910,I,000;Inicio de la clase
17:42:31.018,I,000;System.Collections.Generic.List`1[AVN.Autoconsulta.core.DETALLE_TRANSITO]
17:42:31.020,I,000;Fin de la clase -- [GetTransitosNoFacturados]
17:42:31.021,Q,204;TP10PP001862041|REG|0|2017-08-16 17:42:31|2017-08-16 17:42:31|Transitos No Facturados|Consulta Transitos No Facturados|0|V|Consulta Transitos No Facturados|HZSR54|0|0||||||0|0|||0||C40D@

17:42:34.947,I,000;Inicio de la clase
17:42:35.330,I,000;System.Collections.Generic.List`1[AVN.Autoconsulta.core.DETALLE_TRANSITO]
17:42:35.330,I,000;Fin de la clase -- [GetTransitosNoFacturados]
17:42:35.330,Q,204;TP10PP001862041|REG|0|2017-08-16 17:42:35|2017-08-16 17:42:35|Transitos No Facturados|Consulta Transitos No Facturados|0|V|Consulta Transitos No Facturados|HZSR54|0|0||||||0|0|||0||C405@
17:42:41.037,E,204;System.TimeoutException: The operation has timed out.
   at System.IO.Pipes.NamedPipeClientStream.Connect(Int32 timeout)
   at AVN.Autoconsulta.core.PipeClient.MessageSentSuccessfully() in E:\00.- Proyectos\01.- Autopista Vespucio Norte\Servicio Rest\AVN.Autoconsulta.Api\AVN.Autoconsulta.core\AVC.Autoconsulta.core.Utils\PipeClient.cs:line 98
17:42:45.343,E,204;System.TimeoutException: The operation has timed out.
   at System.IO.Pipes.NamedPipeClientStream.Connect(Int32 timeout)
   at AVN.Autoconsulta.core.PipeClient.MessageSentSuccessfully() in E:\00.- Proyectos\01.- Autopista Vespucio Norte\Servicio Rest\AVN.Autoconsulta.Api\AVN.Autoconsulta.core\AVC.Autoconsulta.core.Utils\PipeClient.cs:line 98

17:42:58.838,I,000;Inicio de la clase
17:42:59.201,I,000;System.Collections.Generic.List`1[AVN.Autoconsulta.core.DETALLE_TRANSITO]
17:42:59.203,I,000;Fin de la clase -- [GetTransitosNoFacturados]
17:42:59.206,Q,204;TP10PP001862041|REG|0|2017-08-16 17:42:59|2017-08-16 17:42:59|Transitos No Facturados|Consulta Transitos No Facturados|0|V|Consulta Transitos No Facturados|HZSR54|0|0||||||0|0|||0||C3F9@
17:42:59.594,Q,204;TP10PP001792041|REG|0|2017-08-16 17:42:59|2017-08-16 17:42:59|Transitos Facturados|Impresion Transitos Facturados|0|V|Impresion Transitos Facturados|HZSR54|0|0||||||0|0|||0||C5B4@
17:43:09.212,E,204;System.TimeoutException: The operation has timed out.
   at System.IO.Pipes.NamedPipeClientStream.Connect(Int32 timeout)
   at AVN.Autoconsulta.core.PipeClient.MessageSentSuccessfully() in E:\00.- Proyectos\01.- Autopista Vespucio Norte\Servicio Rest\AVN.Autoconsulta.Api\AVN.Autoconsulta.core\AVC.Autoconsulta.core.Utils\PipeClient.cs:line 98
17:43:09.602,E,204;System.TimeoutException: The operation has timed out.
   at System.IO.Pipes.NamedPipeClientStream.Connect(Int32 timeout)
   at AVN.Autoconsulta.core.PipeClient.MessageSentSuccessfully() in E:\00.- Proyectos\01.- Autopista Vespucio Norte\Servicio Rest\AVN.Autoconsulta.Api\AVN.Autoconsulta.core\AVC.Autoconsulta.core.Utils\PipeClient.cs:line 98

17:43:45.703,I,000;Inicio de la clase
17:43:46.017,I,000;System.Collections.Generic.List`1[AVN.Autoconsulta.core.DETALLE_TRANSITO]
17:43:46.018,I,000;Fin de la clase -- [GetTransitosNoFacturados]
17:43:46.020,Q,204;TP10PP001862041|REG|0|2017-08-16 17:43:46|2017-08-16 17:43:46|Transitos No Facturados|Consulta Transitos No Facturados|0|V|Consulta Transitos No Facturados|HZSR54|0|0||||||0|0|||0||C3FF@
17:43:46.350,Q,204;TP10PP001792041|REG|0|2017-08-16 17:43:46|2017-08-16 17:43:46|Transitos Facturados|Impresion Transitos Facturados|0|V|Impresion Transitos Facturados|HZSR54|0|0||||||0|0|||0||C5BA@
17:43:56.033,E,204;System.TimeoutException: The operation has timed out.
   at System.IO.Pipes.NamedPipeClientStream.Connect(Int32 timeout)
   at AVN.Autoconsulta.core.PipeClient.MessageSentSuccessfully() in E:\00.- Proyectos\01.- Autopista Vespucio Norte\Servicio Rest\AVN.Autoconsulta.Api\AVN.Autoconsulta.core\AVC.Autoconsulta.core.Utils\PipeClient.cs:line 98
17:43:56.376,E,204;System.TimeoutException: The operation has timed out.
   at System.IO.Pipes.NamedPipeClientStream.Connect(Int32 timeout)
   at AVN.Autoconsulta.core.PipeClient.MessageSentSuccessfully() in E:\00.- Proyectos\01.- Autopista Vespucio Norte\Servicio Rest\AVN.Autoconsulta.Api\AVN.Autoconsulta.core\AVC.Autoconsulta.core.Utils\PipeClient.cs:line 98
17:47:45.654,I,000;System.Collections.Generic.List`1[AVN.Autoconsulta.core.CertificadosDto]
17:47:45.657,I,000;Fin de la clase -- [GetBoletas]
17:47:45.718,Q,204;TP10PP001552041|REG|0|2017-08-16 17:47:45|2017-08-16 17:47:45|Certificado|Consulta Certificado|0|V|Consulta Certificado|7.364.499-2|0|0||||||0|0|||0||D0D1@
17:47:55.724,E,204;System.TimeoutException: The operation has timed out.
   at System.IO.Pipes.NamedPipeClientStream.Connect(Int32 timeout)
   at AVN.Autoconsulta.core.PipeClient.MessageSentSuccessfully() in E:\00.- Proyectos\01.- Autopista Vespucio Norte\Servicio Rest\AVN.Autoconsulta.Api\AVN.Autoconsulta.core\AVC.Autoconsulta.core.Utils\PipeClient.cs:line 98
