10:24:12.201,Q,204;TP10PP001862041|REG|0|2017-07-12 10:24:12|2017-07-12 10:24:12|Transitos No Facturados|Consulta Transitos No Facturados|0|V|Consulta Transitos No Facturados|CPHH16|0|0||||||0|0|||0||C44D@
10:24:12.751,Q,204;TP10PP001772041|REG|0|2017-07-12 10:24:12|2017-07-12 10:24:12|Transitos Facturados|Consulta Transitos Facturados|0|V|Consulta Transitos Facturados|CPHH16|0|0||||||0|0|||0||C6E4@
10:24:12.794,Q,204;TP10PP001862041|REG|0|2017-07-12 10:24:12|2017-07-12 10:24:12|Transitos No Facturados|Consulta Transitos No Facturados|0|V|Consulta Transitos No Facturados|CPHH16|0|0||||||0|0|||0||C44D@
10:24:22.190,E,204;System.TimeoutException: The operation has timed out.
   at System.IO.Pipes.NamedPipeClientStream.Connect(Int32 timeout)
   at AVN.Autoconsulta.core.PipeClient.MessageSentSuccessfully() in E:\00.- Proyectos\01.- Autopista Vespucio Norte\Servicio Rest\AVN.Autoconsulta.Api\AVN.Autoconsulta.core\AVC.Autoconsulta.core.Utils\PipeClient.cs:line 98
10:24:22.751,E,204;System.TimeoutException: The operation has timed out.
   at System.IO.Pipes.NamedPipeClientStream.Connect(Int32 timeout)
   at AVN.Autoconsulta.core.PipeClient.MessageSentSuccessfully() in E:\00.- Proyectos\01.- Autopista Vespucio Norte\Servicio Rest\AVN.Autoconsulta.Api\AVN.Autoconsulta.core\AVC.Autoconsulta.core.Utils\PipeClient.cs:line 98
10:24:22.783,E,204;System.TimeoutException: The operation has timed out.
   at System.IO.Pipes.NamedPipeClientStream.Connect(Int32 timeout)
   at AVN.Autoconsulta.core.PipeClient.MessageSentSuccessfully() in E:\00.- Proyectos\01.- Autopista Vespucio Norte\Servicio Rest\AVN.Autoconsulta.Api\AVN.Autoconsulta.core\AVC.Autoconsulta.core.Utils\PipeClient.cs:line 98
10:30:30.520,I,000;Server=localhost;Port=5432;Database=Pago;User ID=TpackP;Password=tpackp
10:30:30.543,I,000;Inicio Conexion BD
10:30:30.620,I,000;Ejecución OK
10:30:30.621,I,000;Termino de Consulta a la BD
10:31:36.879,I,000;Server=localhost;Port=5432;Database=Pago;User ID=TpackP;Password=tpackp
10:31:36.884,I,000;Inicio Conexion BD
10:31:36.892,I,000;Ejecución OK
10:31:36.894,I,000;Termino de Consulta a la BD
10:32:43.531,I,000;Server=localhost;Port=5432;Database=Pago;User ID=TpackP;Password=tpackp
10:32:43.533,I,000;Inicio Conexion BD
10:32:43.535,I,000;Ejecución OK
10:32:43.537,I,000;Termino de Consulta a la BD
10:34:36.954,I,000;Server=localhost;Port=5432;Database=Pago;User ID=TpackP;Password=tpackp
10:34:36.956,I,000;Inicio Conexion BD
10:34:36.958,I,000;Ejecución OK
10:34:36.959,I,000;Termino de Consulta a la BD
10:40:00.309,Q,204;TP10PP001432041|REG|0|2017-07-12 10:40:00|2017-07-12 10:40:00|Boleta|Consulta Boletas|0|V|Consulta Boletas|17.122.588-4|0|0||||||0|0|||0||D60E@
10:40:10.306,E,204;System.TimeoutException: The operation has timed out.
   at System.IO.Pipes.NamedPipeClientStream.Connect(Int32 timeout)
   at AVN.Autoconsulta.core.PipeClient.MessageSentSuccessfully() in E:\00.- Proyectos\01.- Autopista Vespucio Norte\Servicio Rest\AVN.Autoconsulta.Api\AVN.Autoconsulta.core\AVC.Autoconsulta.core.Utils\PipeClient.cs:line 98
10:41:11.622,Q,204;TP10PP001412041|REG|0|2017-07-12 10:41:11|2017-07-12 10:41:11|Boleta|Consulta Boletas|0|V|Consulta Boletas|12484157-7|0|0||||||0|0|||0||D665@
10:41:21.642,E,204;System.TimeoutException: The operation has timed out.
   at System.IO.Pipes.NamedPipeClientStream.Connect(Int32 timeout)
   at AVN.Autoconsulta.core.PipeClient.MessageSentSuccessfully() in E:\00.- Proyectos\01.- Autopista Vespucio Norte\Servicio Rest\AVN.Autoconsulta.Api\AVN.Autoconsulta.core\AVC.Autoconsulta.core.Utils\PipeClient.cs:line 98
10:41:30.238,Q,204;TP10PP001412041|REG|0|2017-07-12 10:41:30|2017-07-12 10:41:30|Boleta|Consulta Boletas|0|V|Consulta Boletas|12484157-7|0|0||||||0|0|||0||D663@
10:41:30.649,Q,204;TP10PP001592041|REG|0|2017-07-12 10:41:30|2017-07-12 10:41:30|Certificado|Impresion Boleta Detalle|0|V|Impresion Certificado|12484157-7|0|0||||||0|0|||0||CF7F@
10:41:31.660,Q,204;TP10PP001592041|REG|0|2017-07-12 10:41:31|2017-07-12 10:41:31|Certificado|Impresion Boleta Detalle|0|V|Impresion Certificado|12484157-7|0|0||||||0|0|||0||CF7D@
10:41:32.737,Q,204;TP10PP001592041|REG|0|2017-07-12 10:41:32|2017-07-12 10:41:32|Certificado|Impresion Boleta Detalle|0|V|Impresion Certificado|12484157-7|0|0||||||0|0|||0||CF7B@
10:41:40.252,E,204;System.TimeoutException: The operation has timed out.
   at System.IO.Pipes.NamedPipeClientStream.Connect(Int32 timeout)
   at AVN.Autoconsulta.core.PipeClient.MessageSentSuccessfully() in E:\00.- Proyectos\01.- Autopista Vespucio Norte\Servicio Rest\AVN.Autoconsulta.Api\AVN.Autoconsulta.core\AVC.Autoconsulta.core.Utils\PipeClient.cs:line 98
10:41:40.642,E,204;System.TimeoutException: The operation has timed out.
   at System.IO.Pipes.NamedPipeClientStream.Connect(Int32 timeout)
   at AVN.Autoconsulta.core.PipeClient.MessageSentSuccessfully() in E:\00.- Proyectos\01.- Autopista Vespucio Norte\Servicio Rest\AVN.Autoconsulta.Api\AVN.Autoconsulta.core\AVC.Autoconsulta.core.Utils\PipeClient.cs:line 98
10:41:41.656,E,204;System.TimeoutException: The operation has timed out.
   at System.IO.Pipes.NamedPipeClientStream.Connect(Int32 timeout)
   at AVN.Autoconsulta.core.PipeClient.MessageSentSuccessfully() in E:\00.- Proyectos\01.- Autopista Vespucio Norte\Servicio Rest\AVN.Autoconsulta.Api\AVN.Autoconsulta.core\AVC.Autoconsulta.core.Utils\PipeClient.cs:line 98
10:41:42.748,E,204;System.TimeoutException: The operation has timed out.
   at System.IO.Pipes.NamedPipeClientStream.Connect(Int32 timeout)
   at AVN.Autoconsulta.core.PipeClient.MessageSentSuccessfully() in E:\00.- Proyectos\01.- Autopista Vespucio Norte\Servicio Rest\AVN.Autoconsulta.Api\AVN.Autoconsulta.core\AVC.Autoconsulta.core.Utils\PipeClient.cs:line 98
10:43:47.072,Q,204;TP10PP001862041|REG|0|2017-07-12 10:43:47|2017-07-12 10:43:47|Transitos No Facturados|Consulta Transitos No Facturados|0|V|Consulta Transitos No Facturados|CPHH16|0|0||||||0|0|||0||C43B@
10:43:47.462,Q,204;TP10PP001772041|REG|0|2017-07-12 10:43:47|2017-07-12 10:43:47|Transitos Facturados|Consulta Transitos Facturados|0|V|Consulta Transitos Facturados|CPHH16|0|0||||||0|0|||0||C6D2@
10:43:47.526,Q,204;TP10PP001862041|REG|0|2017-07-12 10:43:47|2017-07-12 10:43:47|Transitos No Facturados|Consulta Transitos No Facturados|0|V|Consulta Transitos No Facturados|CPHH16|0|0||||||0|0|||0||C43B@
10:43:49.267,Q,204;TP10PP001862041|REG|0|2017-07-12 10:43:49|2017-07-12 10:43:49|Transitos No Facturados|Consulta Transitos No Facturados|0|V|Consulta Transitos No Facturados|CPHH16|0|0||||||0|0|||0||C437@
10:43:49.711,Q,204;TP10PP001792041|REG|0|2017-07-12 10:43:49|2017-07-12 10:43:49|Transitos Facturados|Impresion Transitos Facturados|0|V|Impresion Transitos Facturados|CPHH16|0|0||||||0|0|||0||C5F2@
10:43:57.066,E,204;System.TimeoutException: The operation has timed out.
   at System.IO.Pipes.NamedPipeClientStream.Connect(Int32 timeout)
   at AVN.Autoconsulta.core.PipeClient.MessageSentSuccessfully() in E:\00.- Proyectos\01.- Autopista Vespucio Norte\Servicio Rest\AVN.Autoconsulta.Api\AVN.Autoconsulta.core\AVC.Autoconsulta.core.Utils\PipeClient.cs:line 98
10:43:57.455,E,204;System.TimeoutException: The operation has timed out.
   at System.IO.Pipes.NamedPipeClientStream.Connect(Int32 timeout)
   at AVN.Autoconsulta.core.PipeClient.MessageSentSuccessfully() in E:\00.- Proyectos\01.- Autopista Vespucio Norte\Servicio Rest\AVN.Autoconsulta.Api\AVN.Autoconsulta.core\AVC.Autoconsulta.core.Utils\PipeClient.cs:line 98
10:43:57.520,E,204;System.TimeoutException: The operation has timed out.
   at System.IO.Pipes.NamedPipeClientStream.Connect(Int32 timeout)
   at AVN.Autoconsulta.core.PipeClient.MessageSentSuccessfully() in E:\00.- Proyectos\01.- Autopista Vespucio Norte\Servicio Rest\AVN.Autoconsulta.Api\AVN.Autoconsulta.core\AVC.Autoconsulta.core.Utils\PipeClient.cs:line 98
10:43:59.280,E,204;System.TimeoutException: The operation has timed out.
   at System.IO.Pipes.NamedPipeClientStream.Connect(Int32 timeout)
   at AVN.Autoconsulta.core.PipeClient.MessageSentSuccessfully() in E:\00.- Proyectos\01.- Autopista Vespucio Norte\Servicio Rest\AVN.Autoconsulta.Api\AVN.Autoconsulta.core\AVC.Autoconsulta.core.Utils\PipeClient.cs:line 98
10:43:59.720,E,204;System.TimeoutException: The operation has timed out.
   at System.IO.Pipes.NamedPipeClientStream.Connect(Int32 timeout)
   at AVN.Autoconsulta.core.PipeClient.MessageSentSuccessfully() in E:\00.- Proyectos\01.- Autopista Vespucio Norte\Servicio Rest\AVN.Autoconsulta.Api\AVN.Autoconsulta.core\AVC.Autoconsulta.core.Utils\PipeClient.cs:line 98
10:44:50.648,Q,204;TP10PP001792041|REG|0|2017-07-12 10:44:50|2017-07-12 10:44:50|Transitos Facturados|Impresion Transitos Facturados|0|V|Impresion Transitos Facturados|CPHH16|0|0||||||0|0|||0||C600@
10:45:00.636,E,204;System.TimeoutException: The operation has timed out.
   at System.IO.Pipes.NamedPipeClientStream.Connect(Int32 timeout)
   at AVN.Autoconsulta.core.PipeClient.MessageSentSuccessfully() in E:\00.- Proyectos\01.- Autopista Vespucio Norte\Servicio Rest\AVN.Autoconsulta.Api\AVN.Autoconsulta.core\AVC.Autoconsulta.core.Utils\PipeClient.cs:line 98

14:10:51.559,I,000;Inicio Método
14:10:51.560,I,000;Server=localhost;Port=5432;Database=Pago;User ID=TpackP;Password=tpackp
14:10:51.563,I,000;Inicio Conexion BD
14:10:51.571,I,000;Ejecución OK
14:10:51.573,I,000;Termino de Consulta a la BD
14:10:52.329,R,000;AVN.Autoconsulta.core.SVC_AVN_1_2.responseConsultaInfoTagDTO
14:10:52.360,Q,204;TP10PP001372041|REG|0|2017-07-12 14:10:52|2017-07-12 14:10:52|Saldo|Consulta Saldo|0|V|Consulta Saldo|7.988.885-0|0|0||||||0|0|||0||D82E@
14:11:02.378,E,204;System.TimeoutException: The operation has timed out.
   at System.IO.Pipes.NamedPipeClientStream.Connect(Int32 timeout)
   at AVN.Autoconsulta.core.PipeClient.MessageSentSuccessfully() in E:\00.- Proyectos\01.- Autopista Vespucio Norte\Servicio Rest\AVN.Autoconsulta.Api\AVN.Autoconsulta.core\AVC.Autoconsulta.core.Utils\PipeClient.cs:line 98
14:12:00.178,Q,204;TP10PP001432041|REG|0|2017-07-12 14:12:00|2017-07-12 14:12:00|Boleta|Consulta Boletas|0|V|Consulta Boletas|17.122.588-4|0|0||||||0|0|||0||D608@
14:12:10.171,E,204;System.TimeoutException: The operation has timed out.
   at System.IO.Pipes.NamedPipeClientStream.Connect(Int32 timeout)
   at AVN.Autoconsulta.core.PipeClient.MessageSentSuccessfully() in E:\00.- Proyectos\01.- Autopista Vespucio Norte\Servicio Rest\AVN.Autoconsulta.Api\AVN.Autoconsulta.core\AVC.Autoconsulta.core.Utils\PipeClient.cs:line 98
14:12:21.341,Q,204;TP10PP001432041|REG|0|2017-07-12 14:12:21|2017-07-12 14:12:21|Boleta|Consulta Boletas|0|V|Consulta Boletas|17.122.588-4|0|0||||||0|0|||0||D602@
14:12:31.347,E,204;System.TimeoutException: The operation has timed out.
   at System.IO.Pipes.NamedPipeClientStream.Connect(Int32 timeout)
   at AVN.Autoconsulta.core.PipeClient.MessageSentSuccessfully() in E:\00.- Proyectos\01.- Autopista Vespucio Norte\Servicio Rest\AVN.Autoconsulta.Api\AVN.Autoconsulta.core\AVC.Autoconsulta.core.Utils\PipeClient.cs:line 98
14:13:54.693,Q,204;TP10PP001412041|REG|0|2017-07-12 14:13:54|2017-07-12 14:13:54|Boleta|Consulta Boletas|0|V|Consulta Boletas|17122588-4|0|0||||||0|0|||0||D652@
14:14:04.690,E,204;System.TimeoutException: The operation has timed out.
   at System.IO.Pipes.NamedPipeClientStream.Connect(Int32 timeout)
   at AVN.Autoconsulta.core.PipeClient.MessageSentSuccessfully() in E:\00.- Proyectos\01.- Autopista Vespucio Norte\Servicio Rest\AVN.Autoconsulta.Api\AVN.Autoconsulta.core\AVC.Autoconsulta.core.Utils\PipeClient.cs:line 98
14:14:58.325,Q,204;TP10PP001412041|REG|0|2017-07-12 14:14:58|2017-07-12 14:14:58|Boleta|Consulta Boletas|0|V|Consulta Boletas|12484157-7|0|0||||||0|0|||0||D647@
14:15:08.327,E,204;System.TimeoutException: The operation has timed out.
   at System.IO.Pipes.NamedPipeClientStream.Connect(Int32 timeout)
   at AVN.Autoconsulta.core.PipeClient.MessageSentSuccessfully() in E:\00.- Proyectos\01.- Autopista Vespucio Norte\Servicio Rest\AVN.Autoconsulta.Api\AVN.Autoconsulta.core\AVC.Autoconsulta.core.Utils\PipeClient.cs:line 98
14:15:14.564,Q,204;TP10PP001412041|REG|0|2017-07-12 14:15:14|2017-07-12 14:15:14|Boleta|Consulta Boletas|0|V|Consulta Boletas|12484157-7|0|0||||||0|0|||0||D655@
14:15:14.881,Q,204;TP10PP001592041|REG|0|2017-07-12 14:15:14|2017-07-12 14:15:14|Certificado|Impresion Boleta Detalle|0|V|Impresion Certificado|12484157-7|0|0||||||0|0|||0||CF71@
14:15:17.855,Q,204;TP10PP001412041|REG|0|2017-07-12 14:15:17|2017-07-12 14:15:17|Boleta|Consulta Boletas|0|V|Consulta Boletas|69254800-0|0|0||||||0|0|||0||D654@
14:15:24.578,E,204;System.TimeoutException: The operation has timed out.
   at System.IO.Pipes.NamedPipeClientStream.Connect(Int32 timeout)
   at AVN.Autoconsulta.core.PipeClient.MessageSentSuccessfully() in E:\00.- Proyectos\01.- Autopista Vespucio Norte\Servicio Rest\AVN.Autoconsulta.Api\AVN.Autoconsulta.core\AVC.Autoconsulta.core.Utils\PipeClient.cs:line 98
14:15:24.890,E,204;System.TimeoutException: The operation has timed out.
   at System.IO.Pipes.NamedPipeClientStream.Connect(Int32 timeout)
   at AVN.Autoconsulta.core.PipeClient.MessageSentSuccessfully() in E:\00.- Proyectos\01.- Autopista Vespucio Norte\Servicio Rest\AVN.Autoconsulta.Api\AVN.Autoconsulta.core\AVC.Autoconsulta.core.Utils\PipeClient.cs:line 98
14:15:27.886,E,204;System.TimeoutException: The operation has timed out.
   at System.IO.Pipes.NamedPipeClientStream.Connect(Int32 timeout)
   at AVN.Autoconsulta.core.PipeClient.MessageSentSuccessfully() in E:\00.- Proyectos\01.- Autopista Vespucio Norte\Servicio Rest\AVN.Autoconsulta.Api\AVN.Autoconsulta.core\AVC.Autoconsulta.core.Utils\PipeClient.cs:line 98
14:15:49.658,Q,204;TP10PP001862041|REG|0|2017-07-12 14:15:49|2017-07-12 14:15:49|Transitos No Facturados|Consulta Transitos No Facturados|0|V|Consulta Transitos No Facturados|CPHH16|0|0||||||0|0|||0||C431@
14:15:50.029,Q,204;TP10PP001862041|REG|0|2017-07-12 14:15:50|2017-07-12 14:15:50|Transitos No Facturados|Consulta Transitos No Facturados|0|V|Consulta Transitos No Facturados|CPHH16|0|0||||||0|0|||0||C441@
14:15:50.060,Q,204;TP10PP001772041|REG|0|2017-07-12 14:15:50|2017-07-12 14:15:50|Transitos Facturados|Consulta Transitos Facturados|0|V|Consulta Transitos Facturados|CPHH16|0|0||||||0|0|||0||C6D8@
14:15:57.751,Q,204;TP10PP001862041|REG|0|2017-07-12 14:15:57|2017-07-12 14:15:57|Transitos No Facturados|Consulta Transitos No Facturados|0|V|Consulta Transitos No Facturados|CPHH16|0|0||||||0|0|||0||C433@
14:15:58.157,Q,204;TP10PP001792041|REG|0|2017-07-12 14:15:58|2017-07-12 14:15:58|Transitos Facturados|Impresion Transitos Facturados|0|V|Impresion Transitos Facturados|CPHH16|0|0||||||0|0|||0||C5EC@
14:15:59.664,E,204;System.TimeoutException: The operation has timed out.
   at System.IO.Pipes.NamedPipeClientStream.Connect(Int32 timeout)
   at AVN.Autoconsulta.core.PipeClient.MessageSentSuccessfully() in E:\00.- Proyectos\01.- Autopista Vespucio Norte\Servicio Rest\AVN.Autoconsulta.Api\AVN.Autoconsulta.core\AVC.Autoconsulta.core.Utils\PipeClient.cs:line 98
14:16:00.036,E,204;System.TimeoutException: The operation has timed out.
   at System.IO.Pipes.NamedPipeClientStream.Connect(Int32 timeout)
   at AVN.Autoconsulta.core.PipeClient.MessageSentSuccessfully() in E:\00.- Proyectos\01.- Autopista Vespucio Norte\Servicio Rest\AVN.Autoconsulta.Api\AVN.Autoconsulta.core\AVC.Autoconsulta.core.Utils\PipeClient.cs:line 98
14:16:00.055,E,204;System.TimeoutException: The operation has timed out.
   at System.IO.Pipes.NamedPipeClientStream.Connect(Int32 timeout)
   at AVN.Autoconsulta.core.PipeClient.MessageSentSuccessfully() in E:\00.- Proyectos\01.- Autopista Vespucio Norte\Servicio Rest\AVN.Autoconsulta.Api\AVN.Autoconsulta.core\AVC.Autoconsulta.core.Utils\PipeClient.cs:line 98
14:16:07.748,E,204;System.TimeoutException: The operation has timed out.
   at System.IO.Pipes.NamedPipeClientStream.Connect(Int32 timeout)
   at AVN.Autoconsulta.core.PipeClient.MessageSentSuccessfully() in E:\00.- Proyectos\01.- Autopista Vespucio Norte\Servicio Rest\AVN.Autoconsulta.Api\AVN.Autoconsulta.core\AVC.Autoconsulta.core.Utils\PipeClient.cs:line 98
14:16:08.173,E,204;System.TimeoutException: The operation has timed out.
   at System.IO.Pipes.NamedPipeClientStream.Connect(Int32 timeout)
   at AVN.Autoconsulta.core.PipeClient.MessageSentSuccessfully() in E:\00.- Proyectos\01.- Autopista Vespucio Norte\Servicio Rest\AVN.Autoconsulta.Api\AVN.Autoconsulta.core\AVC.Autoconsulta.core.Utils\PipeClient.cs:line 98
14:19:20.197,Q,204;TP10PP001772041|REG|0|2017-07-12 14:19:20|2017-07-12 14:19:20|Transitos Facturados|Consulta Transitos Facturados|0|V|Consulta Transitos Facturados|CPHH16|0|0||||||0|0|||0||C6D6@
14:19:20.245,Q,204;TP10PP001862041|REG|0|2017-07-12 14:19:20|2017-07-12 14:19:20|Transitos No Facturados|Consulta Transitos No Facturados|0|V|Consulta Transitos No Facturados|CPHH16|0|0||||||0|0|||0||C43F@
14:19:23.282,Q,204;TP10PP001772041|REG|0|2017-07-12 14:19:23|2017-07-12 14:19:23|Transitos Facturados|Consulta Transitos Facturados|0|V|Consulta Transitos Facturados|CPHH16|0|0||||||0|0|||0||C6D0@
14:19:23.332,Q,204;TP10PP001862041|REG|0|2017-07-12 14:19:23|2017-07-12 14:19:23|Transitos No Facturados|Consulta Transitos No Facturados|0|V|Consulta Transitos No Facturados|CPHH16|0|0||||||0|0|||0||C439@
14:19:24.655,Q,204;TP10PP001862041|REG|0|2017-07-12 14:19:24|2017-07-12 14:19:24|Transitos No Facturados|Consulta Transitos No Facturados|0|V|Consulta Transitos No Facturados|CPHH16|0|0||||||0|0|||0||C437@
14:19:24.705,Q,204;TP10PP001772041|REG|0|2017-07-12 14:19:24|2017-07-12 14:19:24|Transitos Facturados|Consulta Transitos Facturados|0|V|Consulta Transitos Facturados|CPHH16|0|0||||||0|0|||0||C6CE@
14:19:30.206,E,204;System.TimeoutException: The operation has timed out.
   at System.IO.Pipes.NamedPipeClientStream.Connect(Int32 timeout)
   at AVN.Autoconsulta.core.PipeClient.MessageSentSuccessfully() in E:\00.- Proyectos\01.- Autopista Vespucio Norte\Servicio Rest\AVN.Autoconsulta.Api\AVN.Autoconsulta.core\AVC.Autoconsulta.core.Utils\PipeClient.cs:line 98
14:19:30.237,E,204;System.TimeoutException: The operation has timed out.
   at System.IO.Pipes.NamedPipeClientStream.Connect(Int32 timeout)
   at AVN.Autoconsulta.core.PipeClient.MessageSentSuccessfully() in E:\00.- Proyectos\01.- Autopista Vespucio Norte\Servicio Rest\AVN.Autoconsulta.Api\AVN.Autoconsulta.core\AVC.Autoconsulta.core.Utils\PipeClient.cs:line 98
14:19:30.534,Q,204;TP10PP001772041|REG|0|2017-07-12 14:19:30|2017-07-12 14:19:30|Transitos Facturados|Consulta Transitos Facturados|0|V|Consulta Transitos Facturados|CPHH16|0|0||||||0|0|||0||C6D4@
14:19:30.581,Q,204;TP10PP001862041|REG|0|2017-07-12 14:19:30|2017-07-12 14:19:30|Transitos No Facturados|Consulta Transitos No Facturados|0|V|Consulta Transitos No Facturados|CPHH16|0|0||||||0|0|||0||C43D@
14:19:33.278,E,204;System.TimeoutException: The operation has timed out.
   at System.IO.Pipes.NamedPipeClientStream.Connect(Int32 timeout)
   at AVN.Autoconsulta.core.PipeClient.MessageSentSuccessfully() in E:\00.- Proyectos\01.- Autopista Vespucio Norte\Servicio Rest\AVN.Autoconsulta.Api\AVN.Autoconsulta.core\AVC.Autoconsulta.core.Utils\PipeClient.cs:line 98
14:19:33.324,E,204;System.TimeoutException: The operation has timed out.
   at System.IO.Pipes.NamedPipeClientStream.Connect(Int32 timeout)
   at AVN.Autoconsulta.core.PipeClient.MessageSentSuccessfully() in E:\00.- Proyectos\01.- Autopista Vespucio Norte\Servicio Rest\AVN.Autoconsulta.Api\AVN.Autoconsulta.core\AVC.Autoconsulta.core.Utils\PipeClient.cs:line 98
14:19:34.650,E,204;System.TimeoutException: The operation has timed out.
   at System.IO.Pipes.NamedPipeClientStream.Connect(Int32 timeout)
   at AVN.Autoconsulta.core.PipeClient.MessageSentSuccessfully() in E:\00.- Proyectos\01.- Autopista Vespucio Norte\Servicio Rest\AVN.Autoconsulta.Api\AVN.Autoconsulta.core\AVC.Autoconsulta.core.Utils\PipeClient.cs:line 98
14:19:34.697,E,204;System.TimeoutException: The operation has timed out.
   at System.IO.Pipes.NamedPipeClientStream.Connect(Int32 timeout)
   at AVN.Autoconsulta.core.PipeClient.MessageSentSuccessfully() in E:\00.- Proyectos\01.- Autopista Vespucio Norte\Servicio Rest\AVN.Autoconsulta.Api\AVN.Autoconsulta.core\AVC.Autoconsulta.core.Utils\PipeClient.cs:line 98
14:19:40.532,E,204;System.TimeoutException: The operation has timed out.
   at System.IO.Pipes.NamedPipeClientStream.Connect(Int32 timeout)
   at AVN.Autoconsulta.core.PipeClient.MessageSentSuccessfully() in E:\00.- Proyectos\01.- Autopista Vespucio Norte\Servicio Rest\AVN.Autoconsulta.Api\AVN.Autoconsulta.core\AVC.Autoconsulta.core.Utils\PipeClient.cs:line 98
14:19:40.594,E,204;System.TimeoutException: The operation has timed out.
   at System.IO.Pipes.NamedPipeClientStream.Connect(Int32 timeout)
   at AVN.Autoconsulta.core.PipeClient.MessageSentSuccessfully() in E:\00.- Proyectos\01.- Autopista Vespucio Norte\Servicio Rest\AVN.Autoconsulta.Api\AVN.Autoconsulta.core\AVC.Autoconsulta.core.Utils\PipeClient.cs:line 98

14:20:30.106,I,000;Inicio Método
14:20:30.113,I,000;Server=localhost;Port=5432;Database=Pago;User ID=TpackP;Password=tpackp
14:20:30.116,I,000;Inicio Conexion BD
14:20:30.118,I,000;Ejecución OK
14:20:30.119,I,000;Termino de Consulta a la BD
14:20:34.110,R,000;AVN.Autoconsulta.core.SVC_AVN_1_2.responseConsultaInfoTagDTO
14:20:34.110,Q,204;TP10PP001382041|REG|0|2017-07-12 14:20:34|2017-07-12 14:20:34|Saldo|Consulta Saldo|0|V|Consulta Saldo|96.817.920-9|0|0||||||0|0|||0||D7FD@
14:20:44.107,E,204;System.TimeoutException: The operation has timed out.
   at System.IO.Pipes.NamedPipeClientStream.Connect(Int32 timeout)
   at AVN.Autoconsulta.core.PipeClient.MessageSentSuccessfully() in E:\00.- Proyectos\01.- Autopista Vespucio Norte\Servicio Rest\AVN.Autoconsulta.Api\AVN.Autoconsulta.core\AVC.Autoconsulta.core.Utils\PipeClient.cs:line 98
14:22:29.373,I,000;Server=localhost;Port=5432;Database=Pago;User ID=TpackP;Password=tpackp

14:22:29.374,I,000;Inicio Método
14:22:29.380,I,000;Inicio Conexion BD
14:22:29.382,I,000;Ejecución OK
14:22:29.383,I,000;Termino de Consulta a la BD
14:22:30.503,R,000;AVN.Autoconsulta.core.SVC_AVN_1_2.responseConsultaInfoTagDTO
14:22:30.503,Q,204;TP10PP001382041|REG|0|2017-07-12 14:22:30|2017-07-12 14:22:30|Saldo|Consulta Saldo|0|V|Consulta Saldo|77.481.650-K|0|0||||||0|0|||0||D7F3@
14:22:40.499,E,204;System.TimeoutException: The operation has timed out.
   at System.IO.Pipes.NamedPipeClientStream.Connect(Int32 timeout)
   at AVN.Autoconsulta.core.PipeClient.MessageSentSuccessfully() in E:\00.- Proyectos\01.- Autopista Vespucio Norte\Servicio Rest\AVN.Autoconsulta.Api\AVN.Autoconsulta.core\AVC.Autoconsulta.core.Utils\PipeClient.cs:line 98

14:25:47.475,I,000;Inicio Método
14:25:47.483,I,000;Server=localhost;Port=5432;Database=Pago;User ID=TpackP;Password=tpackp
14:25:47.485,I,000;Inicio Conexion BD
14:25:47.488,I,000;Ejecución OK
14:25:47.490,I,000;Termino de Consulta a la BD
14:25:51.697,R,000;AVN.Autoconsulta.core.SVC_AVN_1_2.responseConsultaInfoTagDTO
14:25:51.697,Q,204;TP10PP001372041|REG|0|2017-07-12 14:25:51|2017-07-12 14:25:51|Saldo|Consulta Saldo|0|V|Consulta Saldo|9.461.328-0|0|0||||||0|0|||0||D838@
14:26:01.716,E,204;System.TimeoutException: The operation has timed out.
   at System.IO.Pipes.NamedPipeClientStream.Connect(Int32 timeout)
   at AVN.Autoconsulta.core.PipeClient.MessageSentSuccessfully() in E:\00.- Proyectos\01.- Autopista Vespucio Norte\Servicio Rest\AVN.Autoconsulta.Api\AVN.Autoconsulta.core\AVC.Autoconsulta.core.Utils\PipeClient.cs:line 98
14:30:35.148,I,000;Server=localhost;Port=5432;Database=Pago;User ID=TpackP;Password=tpackp
14:30:35.152,I,000;Inicio Conexion BD
14:30:35.157,I,000;Ejecución OK
14:30:35.160,I,000;Termino de Consulta a la BD
14:31:46.875,I,000;Server=localhost;Port=5432;Database=Pago;User ID=TpackP;Password=tpackp
14:31:46.878,I,000;Inicio Conexion BD
14:31:46.883,I,000;Ejecución OK
14:31:46.886,I,000;Termino de Consulta a la BD
14:33:34.635,I,000;Server=localhost;Port=5432;Database=Pago;User ID=TpackP;Password=tpackp
14:33:34.636,I,000;Inicio Conexion BD

14:33:34.638,I,000;Inicio Método
14:33:34.639,I,000;Ejecución OK
14:33:34.641,I,000;Termino de Consulta a la BD
14:33:36.953,R,000;AVN.Autoconsulta.core.SVC_AVN_1_2.responseConsultaInfoTagDTO
14:33:36.953,Q,204;TP10PP001382041|REG|0|2017-07-12 14:33:36|2017-07-12 14:33:36|Saldo|Consulta Saldo|0|V|Consulta Saldo|16.413.999-9|0|0||||||0|0|||0||D7F1@
14:33:46.948,E,204;System.TimeoutException: The operation has timed out.
   at System.IO.Pipes.NamedPipeClientStream.Connect(Int32 timeout)
   at AVN.Autoconsulta.core.PipeClient.MessageSentSuccessfully() in E:\00.- Proyectos\01.- Autopista Vespucio Norte\Servicio Rest\AVN.Autoconsulta.Api\AVN.Autoconsulta.core\AVC.Autoconsulta.core.Utils\PipeClient.cs:line 98
17:35:51.048,Q,204;TP10PP001862041|REG|0|2017-07-12 17:35:51|2017-07-12 17:35:51|Transitos No Facturados|Consulta Transitos No Facturados|0|V|Consulta Transitos No Facturados|CPHH16|0|0||||||0|0|||0||C435@
17:35:51.547,Q,204;TP10PP001862041|REG|0|2017-07-12 17:35:51|2017-07-12 17:35:51|Transitos No Facturados|Consulta Transitos No Facturados|0|V|Consulta Transitos No Facturados|CPHH16|0|0||||||0|0|||0||C435@
17:35:51.629,Q,204;TP10PP001772041|REG|0|2017-07-12 17:35:51|2017-07-12 17:35:51|Transitos Facturados|Consulta Transitos Facturados|0|V|Consulta Transitos Facturados|CPHH16|0|0||||||0|0|||0||C6CC@
17:36:01.065,E,204;System.TimeoutException: The operation has timed out.
   at System.IO.Pipes.NamedPipeClientStream.Connect(Int32 timeout)
   at AVN.Autoconsulta.core.PipeClient.MessageSentSuccessfully() in E:\00.- Proyectos\01.- Autopista Vespucio Norte\Servicio Rest\AVN.Autoconsulta.Api\AVN.Autoconsulta.core\AVC.Autoconsulta.core.Utils\PipeClient.cs:line 98
17:36:01.564,E,204;System.TimeoutException: The operation has timed out.
   at System.IO.Pipes.NamedPipeClientStream.Connect(Int32 timeout)
   at AVN.Autoconsulta.core.PipeClient.MessageSentSuccessfully() in E:\00.- Proyectos\01.- Autopista Vespucio Norte\Servicio Rest\AVN.Autoconsulta.Api\AVN.Autoconsulta.core\AVC.Autoconsulta.core.Utils\PipeClient.cs:line 98
17:36:01.642,E,204;System.TimeoutException: The operation has timed out.
   at System.IO.Pipes.NamedPipeClientStream.Connect(Int32 timeout)
   at AVN.Autoconsulta.core.PipeClient.MessageSentSuccessfully() in E:\00.- Proyectos\01.- Autopista Vespucio Norte\Servicio Rest\AVN.Autoconsulta.Api\AVN.Autoconsulta.core\AVC.Autoconsulta.core.Utils\PipeClient.cs:line 98

17:36:13.605,I,000;Inicio Método
17:36:13.610,I,000;Server=localhost;Port=5432;Database=Pago;User ID=TpackP;Password=tpackp
17:36:13.612,I,000;Inicio Conexion BD
17:36:13.616,I,000;Ejecución OK
17:36:13.616,I,000;Termino de Consulta a la BD
17:36:13.830,R,000;AVN.Autoconsulta.core.SVC_AVN_1_2.responseConsultaInfoTagDTO
17:36:13.834,Q,204;TP10PP001382041|REG|0|2017-07-12 17:36:13|2017-07-12 17:36:13|Saldo|Consulta Saldo|0|V|Consulta Saldo|17.122.588-4|0|0||||||0|0|||0||D7FC@
17:36:23.833,E,204;System.TimeoutException: The operation has timed out.
   at System.IO.Pipes.NamedPipeClientStream.Connect(Int32 timeout)
   at AVN.Autoconsulta.core.PipeClient.MessageSentSuccessfully() in E:\00.- Proyectos\01.- Autopista Vespucio Norte\Servicio Rest\AVN.Autoconsulta.Api\AVN.Autoconsulta.core\AVC.Autoconsulta.core.Utils\PipeClient.cs:line 98

17:37:27.505,I,000;Inicio Método
17:37:27.510,I,000;Server=localhost;Port=5432;Database=Pago;User ID=TpackP;Password=tpackp
17:37:27.511,I,000;Inicio Conexion BD
17:37:27.514,I,000;Ejecución OK
17:37:27.516,I,000;Termino de Consulta a la BD
17:37:35.527,R,000;AVN.Autoconsulta.core.SVC_AVN_1_2.responseConsultaInfoTagDTO
17:37:35.527,Q,204;TP10PP001372041|REG|0|2017-07-12 17:37:35|2017-07-12 17:37:35|Saldo|Consulta Saldo|0|V|Consulta Saldo|9.461.328-0|0|0||||||0|0|||0||D828@
17:37:45.526,E,204;System.TimeoutException: The operation has timed out.
   at System.IO.Pipes.NamedPipeClientStream.Connect(Int32 timeout)
   at AVN.Autoconsulta.core.PipeClient.MessageSentSuccessfully() in E:\00.- Proyectos\01.- Autopista Vespucio Norte\Servicio Rest\AVN.Autoconsulta.Api\AVN.Autoconsulta.core\AVC.Autoconsulta.core.Utils\PipeClient.cs:line 98
17:38:10.189,I,000;Server=localhost;Port=5432;Database=Pago;User ID=TpackP;Password=tpackp
17:38:10.192,I,000;Inicio Conexion BD

17:38:10.196,I,000;Inicio Método
17:38:10.198,I,000;Ejecución OK
17:38:10.200,I,000;Termino de Consulta a la BD
17:38:11.318,R,000;AVN.Autoconsulta.core.SVC_AVN_1_2.responseConsultaInfoTagDTO
17:38:11.318,Q,204;TP10PP001372041|REG|0|2017-07-12 17:38:11|2017-07-12 17:38:11|Saldo|Consulta Saldo|0|V|Consulta Saldo|9.403.039-0|0|0||||||0|0|||0||D837@
17:38:21.337,E,204;System.TimeoutException: The operation has timed out.
   at System.IO.Pipes.NamedPipeClientStream.Connect(Int32 timeout)
   at AVN.Autoconsulta.core.PipeClient.MessageSentSuccessfully() in E:\00.- Proyectos\01.- Autopista Vespucio Norte\Servicio Rest\AVN.Autoconsulta.Api\AVN.Autoconsulta.core\AVC.Autoconsulta.core.Utils\PipeClient.cs:line 98
17:39:07.840,Q,204;TP10PP001452041|REG|0|2017-07-12 17:39:07|2017-07-12 17:39:07|Certificado|Impresion Cupon Pago|0|V|Impresion Certificado||0|0||||||0|0|||0||D2EA@
17:39:17.858,E,204;System.TimeoutException: The operation has timed out.
   at System.IO.Pipes.NamedPipeClientStream.Connect(Int32 timeout)
   at AVN.Autoconsulta.core.PipeClient.MessageSentSuccessfully() in E:\00.- Proyectos\01.- Autopista Vespucio Norte\Servicio Rest\AVN.Autoconsulta.Api\AVN.Autoconsulta.core\AVC.Autoconsulta.core.Utils\PipeClient.cs:line 98
18:08:35.814,Q,204;TP10PP001402041|REG|0|2017-07-12 18:08:35|2017-07-12 18:08:35|Boleta|Consulta Boletas|0|V|Consulta Boletas|9461328-0|0|0||||||0|0|||0||D67A@
18:08:45.840,E,204;System.TimeoutException: The operation has timed out.
   at System.IO.Pipes.NamedPipeClientStream.Connect(Int32 timeout)
   at AVN.Autoconsulta.core.PipeClient.MessageSentSuccessfully() in E:\00.- Proyectos\01.- Autopista Vespucio Norte\Servicio Rest\AVN.Autoconsulta.Api\AVN.Autoconsulta.core\AVC.Autoconsulta.core.Utils\PipeClient.cs:line 98
18:08:53.290,Q,204;TP10PP001402041|REG|0|2017-07-12 18:08:53|2017-07-12 18:08:53|Boleta|Consulta Boletas|0|V|Consulta Boletas|9461328-0|0|0||||||0|0|||0||D67A@
18:08:53.352,Q,204;TP10PP001582041|REG|0|2017-07-12 18:08:53|2017-07-12 18:08:53|Certificado|Impresion Boleta Detalle|0|V|Impresion Certificado|9461328-0|0|0||||||0|0|||0||CF96@
18:09:03.282,E,204;System.TimeoutException: The operation has timed out.
   at System.IO.Pipes.NamedPipeClientStream.Connect(Int32 timeout)
   at AVN.Autoconsulta.core.PipeClient.MessageSentSuccessfully() in E:\00.- Proyectos\01.- Autopista Vespucio Norte\Servicio Rest\AVN.Autoconsulta.Api\AVN.Autoconsulta.core\AVC.Autoconsulta.core.Utils\PipeClient.cs:line 98
18:09:03.344,E,204;System.TimeoutException: The operation has timed out.
   at System.IO.Pipes.NamedPipeClientStream.Connect(Int32 timeout)
   at AVN.Autoconsulta.core.PipeClient.MessageSentSuccessfully() in E:\00.- Proyectos\01.- Autopista Vespucio Norte\Servicio Rest\AVN.Autoconsulta.Api\AVN.Autoconsulta.core\AVC.Autoconsulta.core.Utils\PipeClient.cs:line 98
18:09:07.021,Q,204;TP10PP001402041|REG|0|2017-07-12 18:09:07|2017-07-12 18:09:07|Boleta|Consulta Boletas|0|V|Consulta Boletas|9461328-0|0|0||||||0|0|||0||D67A@
18:09:07.087,Q,204;TP10PP001582041|REG|0|2017-07-12 18:09:07|2017-07-12 18:09:07|Certificado|Impresion Boleta Detalle|0|V|Impresion Certificado|9461328-0|0|0||||||0|0|||0||CF96@
18:09:16.239,Q,204;TP10PP001402041|REG|0|2017-07-12 18:09:16|2017-07-12 18:09:16|Boleta|Consulta Boletas|0|V|Consulta Boletas|9461328-0|0|0||||||0|0|||0||D67A@
18:09:16.305,Q,204;TP10PP001582041|REG|0|2017-07-12 18:09:16|2017-07-12 18:09:16|Certificado|Impresion Boleta Detalle|0|V|Impresion Certificado|9461328-0|0|0||||||0|0|||0||CF96@
18:09:17.011,E,204;System.TimeoutException: The operation has timed out.
   at System.IO.Pipes.NamedPipeClientStream.Connect(Int32 timeout)
   at AVN.Autoconsulta.core.PipeClient.MessageSentSuccessfully() in E:\00.- Proyectos\01.- Autopista Vespucio Norte\Servicio Rest\AVN.Autoconsulta.Api\AVN.Autoconsulta.core\AVC.Autoconsulta.core.Utils\PipeClient.cs:line 98
18:09:17.088,E,204;System.TimeoutException: The operation has timed out.
   at System.IO.Pipes.NamedPipeClientStream.Connect(Int32 timeout)
   at AVN.Autoconsulta.core.PipeClient.MessageSentSuccessfully() in E:\00.- Proyectos\01.- Autopista Vespucio Norte\Servicio Rest\AVN.Autoconsulta.Api\AVN.Autoconsulta.core\AVC.Autoconsulta.core.Utils\PipeClient.cs:line 98
18:09:26.251,E,204;System.TimeoutException: The operation has timed out.
   at System.IO.Pipes.NamedPipeClientStream.Connect(Int32 timeout)
   at AVN.Autoconsulta.core.PipeClient.MessageSentSuccessfully() in E:\00.- Proyectos\01.- Autopista Vespucio Norte\Servicio Rest\AVN.Autoconsulta.Api\AVN.Autoconsulta.core\AVC.Autoconsulta.core.Utils\PipeClient.cs:line 98
18:09:26.298,E,204;System.TimeoutException: The operation has timed out.
   at System.IO.Pipes.NamedPipeClientStream.Connect(Int32 timeout)
   at AVN.Autoconsulta.core.PipeClient.MessageSentSuccessfully() in E:\00.- Proyectos\01.- Autopista Vespucio Norte\Servicio Rest\AVN.Autoconsulta.Api\AVN.Autoconsulta.core\AVC.Autoconsulta.core.Utils\PipeClient.cs:line 98
18:10:23.247,Q,204;TP10PP001402041|REG|0|2017-07-12 18:10:23|2017-07-12 18:10:23|Boleta|Consulta Boletas|0|V|Consulta Boletas|9461328-0|0|0||||||0|0|||0||D68E@
18:10:23.335,Q,204;TP10PP001552041|REG|0|2017-07-12 18:10:23|2017-07-12 18:10:23|Certificado|Impresion Certificado|0|V|Impresion Certificado|9461328-0|0|0||||||0|0|||0||D082@
18:10:33.272,E,204;System.TimeoutException: The operation has timed out.
   at System.IO.Pipes.NamedPipeClientStream.Connect(Int32 timeout)
   at AVN.Autoconsulta.core.PipeClient.MessageSentSuccessfully() in E:\00.- Proyectos\01.- Autopista Vespucio Norte\Servicio Rest\AVN.Autoconsulta.Api\AVN.Autoconsulta.core\AVC.Autoconsulta.core.Utils\PipeClient.cs:line 98
18:10:33.350,E,204;System.TimeoutException: The operation has timed out.
   at System.IO.Pipes.NamedPipeClientStream.Connect(Int32 timeout)
   at AVN.Autoconsulta.core.PipeClient.MessageSentSuccessfully() in E:\00.- Proyectos\01.- Autopista Vespucio Norte\Servicio Rest\AVN.Autoconsulta.Api\AVN.Autoconsulta.core\AVC.Autoconsulta.core.Utils\PipeClient.cs:line 98

18:11:58.898,I,000;Inicio Método
18:11:58.902,I,000;Server=localhost;Port=5432;Database=Pago;User ID=TpackP;Password=tpackp
18:11:58.903,I,000;Inicio Conexion BD
18:11:58.907,I,000;Ejecución OK
18:11:58.908,I,000;Termino de Consulta a la BD
18:12:00.004,R,000;AVN.Autoconsulta.core.SVC_AVN_1_2.responseConsultaInfoTagDTO
18:12:00.020,Q,204;TP10PP001372041|REG|0|2017-07-12 18:12:00|2017-07-12 18:12:00|Saldo|Consulta Saldo|0|V|Consulta Saldo|9.403.039-0|0|0||||||0|0|||0||D849@
18:12:10.016,E,204;System.TimeoutException: The operation has timed out.
   at System.IO.Pipes.NamedPipeClientStream.Connect(Int32 timeout)
   at AVN.Autoconsulta.core.PipeClient.MessageSentSuccessfully() in E:\00.- Proyectos\01.- Autopista Vespucio Norte\Servicio Rest\AVN.Autoconsulta.Api\AVN.Autoconsulta.core\AVC.Autoconsulta.core.Utils\PipeClient.cs:line 98

18:16:03.159,I,000;Inicio Método
18:16:03.160,I,000;Server=localhost;Port=5432;Database=Pago;User ID=TpackP;Password=tpackp
18:16:03.161,I,000;Inicio Conexion BD
18:16:03.164,I,000;Ejecución OK
18:16:03.165,I,000;Termino de Consulta a la BD
18:16:04.733,R,000;AVN.Autoconsulta.core.SVC_AVN_1_2.responseConsultaInfoTagDTO
18:16:04.733,Q,204;TP10PP001372041|REG|0|2017-07-12 18:16:04|2017-07-12 18:16:04|Saldo|Consulta Saldo|0|V|Consulta Saldo|3.427.197-6|0|0||||||0|0|||0||D82E@
18:16:13.712,Q,204;TP10PP001452041|REG|0|2017-07-12 18:16:13|2017-07-12 18:16:13|Certificado|Impresion Cupon Pago|0|V|Impresion Certificado||0|0||||||0|0|||0||D2F8@
18:16:14.749,E,204;System.TimeoutException: The operation has timed out.
   at System.IO.Pipes.NamedPipeClientStream.Connect(Int32 timeout)
   at AVN.Autoconsulta.core.PipeClient.MessageSentSuccessfully() in E:\00.- Proyectos\01.- Autopista Vespucio Norte\Servicio Rest\AVN.Autoconsulta.Api\AVN.Autoconsulta.core\AVC.Autoconsulta.core.Utils\PipeClient.cs:line 98
18:16:23.715,E,204;System.TimeoutException: The operation has timed out.
   at System.IO.Pipes.NamedPipeClientStream.Connect(Int32 timeout)
   at AVN.Autoconsulta.core.PipeClient.MessageSentSuccessfully() in E:\00.- Proyectos\01.- Autopista Vespucio Norte\Servicio Rest\AVN.Autoconsulta.Api\AVN.Autoconsulta.core\AVC.Autoconsulta.core.Utils\PipeClient.cs:line 98
