10:19:47.180,Q,204;TP10PP001452041|REG|0|2017-08-18 10:19:47|2017-08-18 10:19:47|Certificado|Impresion Cupon Pago|0|V|Impresion Certificado||0|0||||||0|0|||0||D2E6@
10:19:57.208,E,204;System.TimeoutException: The operation has timed out.
   at System.IO.Pipes.NamedPipeClientStream.Connect(Int32 timeout)
   at AVN.Autoconsulta.core.PipeClient.MessageSentSuccessfully() in E:\00.- Proyectos\01.- Autopista Vespucio Norte\Servicio Rest\AVN.Autoconsulta.Api\AVN.Autoconsulta.core\AVC.Autoconsulta.core.Utils\PipeClient.cs:line 98

10:21:17.572,I,000;Inicio de la clase
10:21:21.550,F,000;AVN.Autoconsulta.core.ClienteDto

10:21:21.652,I,000;Inicio de la clase

10:21:21.659,I,000;Inicio Método
10:21:22.177,R,000;AVN.Autoconsulta.core.SVC_AVN_1_2.responseConsultaInfoTagDTO
10:21:22.192,Q,204;TP10PP001382041|REG|0|2017-08-18 10:21:22|2017-08-18 10:21:22|Saldo|Consulta Saldo|0|V|Consulta Saldo|17.122.588-4|0|0||||||0|0|||0||D808@
10:21:22.239,F,000;AVN.Autoconsulta.core.ClienteDto
10:21:22.239,I,000;Server=localhost;Port=5432;Database=Pago;User ID=TpackP;Password=tpackp
10:21:22.239,I,000;Inicio Conexion BD
10:21:22.255,I,000;Ejecución OK
10:21:22.255,I,000;Termino de Consulta a la BD
10:21:32.191,E,204;System.TimeoutException: The operation has timed out.
   at System.IO.Pipes.NamedPipeClientStream.Connect(Int32 timeout)
   at AVN.Autoconsulta.core.PipeClient.MessageSentSuccessfully() in E:\00.- Proyectos\01.- Autopista Vespucio Norte\Servicio Rest\AVN.Autoconsulta.Api\AVN.Autoconsulta.core\AVC.Autoconsulta.core.Utils\PipeClient.cs:line 98

10:22:02.467,I,000;Inicio de la clase
10:22:04.671,F,000;AVN.Autoconsulta.core.ClienteDto

10:22:29.823,I,000;Inicio de la clase

10:22:29.849,I,000;Inicio de la clase
10:22:32.303,I,000;System.Collections.Generic.List`1[AVN.Autoconsulta.core.BoletaDto]
10:22:32.319,I,000;Fin de la clase -- [GetBoletas]
10:22:32.319,F,000;AVN.Autoconsulta.core.ClienteDto
10:22:32.319,Q,204;TP10PP001432041|REG|0|2017-08-18 10:22:32|2017-08-18 10:22:32|Boleta|Consulta Boletas|0|V|Consulta Boletas|17.122.588-4|0|0||||||0|0|||0||D5F6@
10:22:42.321,E,204;System.TimeoutException: The operation has timed out.
   at System.IO.Pipes.NamedPipeClientStream.Connect(Int32 timeout)
   at AVN.Autoconsulta.core.PipeClient.MessageSentSuccessfully() in E:\00.- Proyectos\01.- Autopista Vespucio Norte\Servicio Rest\AVN.Autoconsulta.Api\AVN.Autoconsulta.core\AVC.Autoconsulta.core.Utils\PipeClient.cs:line 98

10:23:03.872,I,000;Inicio de la clase
10:23:04.517,I,000;System.Collections.Generic.List`1[AVN.Autoconsulta.core.BoletaDto]
10:23:04.519,I,000;Fin de la clase -- [GetBoletas]
10:23:04.523,Q,204;TP10PP001432041|REG|0|2017-08-18 10:23:04|2017-08-18 10:23:04|Boleta|Consulta Boletas|0|V|Consulta Boletas|17.122.588-4|0|0||||||0|0|||0||D5F6@
10:23:05.461,Q,204;TP10PP001612041|REG|0|2017-08-18 10:23:05|2017-08-18 10:23:05|Certificado|Impresion Boleta Detalle|0|V|Impresion Certificado|17.122.588-4|0|0||||||0|0|||0||CF19@
10:23:14.525,E,204;System.TimeoutException: The operation has timed out.
   at System.IO.Pipes.NamedPipeClientStream.Connect(Int32 timeout)
   at AVN.Autoconsulta.core.PipeClient.MessageSentSuccessfully() in E:\00.- Proyectos\01.- Autopista Vespucio Norte\Servicio Rest\AVN.Autoconsulta.Api\AVN.Autoconsulta.core\AVC.Autoconsulta.core.Utils\PipeClient.cs:line 98
10:23:15.493,E,204;System.TimeoutException: The operation has timed out.
   at System.IO.Pipes.NamedPipeClientStream.Connect(Int32 timeout)
   at AVN.Autoconsulta.core.PipeClient.MessageSentSuccessfully() in E:\00.- Proyectos\01.- Autopista Vespucio Norte\Servicio Rest\AVN.Autoconsulta.Api\AVN.Autoconsulta.core\AVC.Autoconsulta.core.Utils\PipeClient.cs:line 98

10:30:10.789,I,000;Inicio de la clase
10:30:14.684,I,000;System.Collections.Generic.List`1[AVN.Autoconsulta.core.BoletaDto]
10:30:14.689,I,000;Fin de la clase -- [GetBoletas]
10:30:14.693,Q,204;TP10PP001432041|REG|0|2017-08-18 10:30:14|2017-08-18 10:30:14|Boleta|Consulta Boletas|0|V|Consulta Boletas|17.122.588-4|0|0||||||0|0|||0||D5F8@
10:30:14.957,Q,204;TP10PP001612041|REG|0|2017-08-18 10:30:14|2017-08-18 10:30:14|Certificado|Impresion Boleta Detalle|0|V|Impresion Certificado|17.122.588-4|0|0||||||0|0|||0||CF1D@
10:30:24.711,E,204;System.TimeoutException: The operation has timed out.
   at System.IO.Pipes.NamedPipeClientStream.Connect(Int32 timeout)
   at AVN.Autoconsulta.core.PipeClient.MessageSentSuccessfully() in E:\00.- Proyectos\01.- Autopista Vespucio Norte\Servicio Rest\AVN.Autoconsulta.Api\AVN.Autoconsulta.core\AVC.Autoconsulta.core.Utils\PipeClient.cs:line 98
10:30:24.945,E,204;System.TimeoutException: The operation has timed out.
   at System.IO.Pipes.NamedPipeClientStream.Connect(Int32 timeout)
   at AVN.Autoconsulta.core.PipeClient.MessageSentSuccessfully() in E:\00.- Proyectos\01.- Autopista Vespucio Norte\Servicio Rest\AVN.Autoconsulta.Api\AVN.Autoconsulta.core\AVC.Autoconsulta.core.Utils\PipeClient.cs:line 98

10:36:33.799,I,000;Inicio de la clase
10:36:37.118,F,000;AVN.Autoconsulta.core.ClienteDto

10:36:48.160,I,000;Inicio de la clase
10:36:48.745,I,000;System.Collections.Generic.List`1[AVN.Autoconsulta.core.BoletaDto]
10:36:48.748,I,000;Fin de la clase -- [GetBoletas]
10:36:48.750,Q,204;TP10PP001432041|REG|0|2017-08-18 10:36:48|2017-08-18 10:36:48|Boleta|Consulta Boletas|0|V|Consulta Boletas|17.122.588-4|0|0||||||0|0|||0||D5DE@
10:36:49.148,Q,204;TP10PP001582041|REG|0|2017-08-18 10:36:49|2017-08-18 10:36:49|Certificado|Impresion Certificado|0|V|Impresion Certificado|17.122.588-4|0|0||||||0|0|||0||CFD0@
10:36:58.767,E,204;System.TimeoutException: The operation has timed out.
   at System.IO.Pipes.NamedPipeClientStream.Connect(Int32 timeout)
   at AVN.Autoconsulta.core.PipeClient.MessageSentSuccessfully() in E:\00.- Proyectos\01.- Autopista Vespucio Norte\Servicio Rest\AVN.Autoconsulta.Api\AVN.Autoconsulta.core\AVC.Autoconsulta.core.Utils\PipeClient.cs:line 98
10:36:59.157,E,204;System.TimeoutException: The operation has timed out.
   at System.IO.Pipes.NamedPipeClientStream.Connect(Int32 timeout)
   at AVN.Autoconsulta.core.PipeClient.MessageSentSuccessfully() in E:\00.- Proyectos\01.- Autopista Vespucio Norte\Servicio Rest\AVN.Autoconsulta.Api\AVN.Autoconsulta.core\AVC.Autoconsulta.core.Utils\PipeClient.cs:line 98

10:39:14.159,I,000;Inicio de la clase
10:39:17.767,F,000;AVN.Autoconsulta.core.ClienteDto

10:39:28.427,I,000;Inicio de la clase

10:39:28.441,I,000;Inicio de la clase
10:39:28.956,F,000;AVN.Autoconsulta.core.ClienteDto
10:39:29.076,I,000;System.Collections.Generic.List`1[AVN.Autoconsulta.core.BoletaDto]
10:39:29.078,I,000;Fin de la clase -- [GetBoletas]
10:39:29.078,Q,204;TP10PP001432041|REG|0|2017-08-18 10:39:29|2017-08-18 10:39:29|Boleta|Consulta Boletas|0|V|Consulta Boletas|17.122.588-4|0|0||||||0|0|||0||D5DA@
10:39:39.074,E,204;System.TimeoutException: The operation has timed out.
   at System.IO.Pipes.NamedPipeClientStream.Connect(Int32 timeout)
   at AVN.Autoconsulta.core.PipeClient.MessageSentSuccessfully() in E:\00.- Proyectos\01.- Autopista Vespucio Norte\Servicio Rest\AVN.Autoconsulta.Api\AVN.Autoconsulta.core\AVC.Autoconsulta.core.Utils\PipeClient.cs:line 98

10:40:51.643,I,000;Inicio de la clase

10:40:51.664,I,000;Inicio de la clase
10:41:51.751,E,000;
Server stack trace: 
   at System.ServiceModel.Channels.RequestChannel.Request(Message message, TimeSpan timeout)
   at System.ServiceModel.Dispatcher.RequestChannelBinder.Request(Message message, TimeSpan timeout)
   at System.ServiceModel.Channels.ServiceChannel.Call(String action, Boolean oneway, ProxyOperationRuntime operation, Object[] ins, Object[] outs, TimeSpan timeout)
   at System.ServiceModel.Channels.ServiceChannelProxy.InvokeService(IMethodCallMessage methodCall, ProxyOperationRuntime operation)
   at System.ServiceModel.Channels.ServiceChannelProxy.Invoke(IMessage message)

Exception rethrown at [0]: 
   at System.Runtime.Remoting.Proxies.RealProxy.HandleReturnMessage(IMessage reqMsg, IMessage retMsg)
   at System.Runtime.Remoting.Proxies.RealProxy.PrivateInvoke(MessageData& msgData, Int32 type)
   at AVN.Autoconsulta.core.SVC_AVN_1_2.ConsultaInfoTagWS.ZRFC_INFORMACION_TAG(ZRFC_INFORMACION_TAG request)
   at AVN.Autoconsulta.core.GetAVN.AVN.Autoconsulta.core.IGetAVN.GetInformacionCliente(String pRut) in E:\00.- Proyectos\01.- Autopista Vespucio Norte\Servicio Rest\AVN.Autoconsulta.Api\AVN.Autoconsulta.core\AVN.Autoconsulta.DAO\GetAVN.cs:line 58
10:41:51.767,E,000;
Server stack trace: 
   at System.ServiceModel.Channels.HttpChannelUtilities.ProcessGetResponseWebException(WebException webException, HttpWebRequest request, HttpAbortReason abortReason)
   at System.ServiceModel.Channels.HttpChannelFactory`1.HttpRequestChannel.HttpChannelRequest.WaitForReply(TimeSpan timeout)
   at System.ServiceModel.Channels.RequestChannel.Request(Message message, TimeSpan timeout)
   at System.ServiceModel.Dispatcher.RequestChannelBinder.Request(Message message, TimeSpan timeout)
   at System.ServiceModel.Channels.ServiceChannel.Call(String action, Boolean oneway, ProxyOperationRuntime operation, Object[] ins, Object[] outs, TimeSpan timeout)
   at System.ServiceModel.Channels.ServiceChannelProxy.InvokeService(IMethodCallMessage methodCall, ProxyOperationRuntime operation)
   at System.ServiceModel.Channels.ServiceChannelProxy.Invoke(IMessage message)

Exception rethrown at [0]: 
   at System.Runtime.Remoting.Proxies.RealProxy.HandleReturnMessage(IMessage reqMsg, IMessage retMsg)
   at System.Runtime.Remoting.Proxies.RealProxy.PrivateInvoke(MessageData& msgData, Int32 type)
   at AVN.Autoconsulta.core.SVC_AVN_1_2.ConsultaInfoTagWS.ZRFC_INFORMACION_TAG(ZRFC_INFORMACION_TAG request)
   at AVN.Autoconsulta.core.GetAVN.AVN.Autoconsulta.core.IGetAVN.GetBoletas(String pRut) in E:\00.- Proyectos\01.- Autopista Vespucio Norte\Servicio Rest\AVN.Autoconsulta.Api\AVN.Autoconsulta.core\AVN.Autoconsulta.DAO\GetAVN.cs:line 277
10:41:51.767,I,000;System.Collections.Generic.List`1[AVN.Autoconsulta.core.BoletaDto]
10:41:51.767,I,000;Fin de la clase -- [GetBoletas]

10:43:26.596,I,000;Inicio de la clase

10:43:26.619,I,000;Inicio de la clase
10:44:26.627,E,000;
Server stack trace: 
   at System.ServiceModel.Channels.RequestChannel.Request(Message message, TimeSpan timeout)
   at System.ServiceModel.Dispatcher.RequestChannelBinder.Request(Message message, TimeSpan timeout)
   at System.ServiceModel.Channels.ServiceChannel.Call(String action, Boolean oneway, ProxyOperationRuntime operation, Object[] ins, Object[] outs, TimeSpan timeout)
   at System.ServiceModel.Channels.ServiceChannelProxy.InvokeService(IMethodCallMessage methodCall, ProxyOperationRuntime operation)
   at System.ServiceModel.Channels.ServiceChannelProxy.Invoke(IMessage message)

Exception rethrown at [0]: 
   at System.Runtime.Remoting.Proxies.RealProxy.HandleReturnMessage(IMessage reqMsg, IMessage retMsg)
   at System.Runtime.Remoting.Proxies.RealProxy.PrivateInvoke(MessageData& msgData, Int32 type)
   at AVN.Autoconsulta.core.SVC_AVN_1_2.ConsultaInfoTagWS.ZRFC_INFORMACION_TAG(ZRFC_INFORMACION_TAG request)
   at AVN.Autoconsulta.core.GetAVN.AVN.Autoconsulta.core.IGetAVN.GetInformacionCliente(String pRut) in E:\00.- Proyectos\01.- Autopista Vespucio Norte\Servicio Rest\AVN.Autoconsulta.Api\AVN.Autoconsulta.core\AVN.Autoconsulta.DAO\GetAVN.cs:line 58
10:44:26.627,E,000;
Server stack trace: 
   at System.ServiceModel.Channels.HttpChannelUtilities.ProcessGetResponseWebException(WebException webException, HttpWebRequest request, HttpAbortReason abortReason)
   at System.ServiceModel.Channels.HttpChannelFactory`1.HttpRequestChannel.HttpChannelRequest.WaitForReply(TimeSpan timeout)
   at System.ServiceModel.Channels.RequestChannel.Request(Message message, TimeSpan timeout)
   at System.ServiceModel.Dispatcher.RequestChannelBinder.Request(Message message, TimeSpan timeout)
   at System.ServiceModel.Channels.ServiceChannel.Call(String action, Boolean oneway, ProxyOperationRuntime operation, Object[] ins, Object[] outs, TimeSpan timeout)
   at System.ServiceModel.Channels.ServiceChannelProxy.InvokeService(IMethodCallMessage methodCall, ProxyOperationRuntime operation)
   at System.ServiceModel.Channels.ServiceChannelProxy.Invoke(IMessage message)

Exception rethrown at [0]: 
   at System.Runtime.Remoting.Proxies.RealProxy.HandleReturnMessage(IMessage reqMsg, IMessage retMsg)
   at System.Runtime.Remoting.Proxies.RealProxy.PrivateInvoke(MessageData& msgData, Int32 type)
   at AVN.Autoconsulta.core.SVC_AVN_1_2.ConsultaInfoTagWS.ZRFC_INFORMACION_TAG(ZRFC_INFORMACION_TAG request)
   at AVN.Autoconsulta.core.GetAVN.AVN.Autoconsulta.core.IGetAVN.GetBoletas(String pRut) in E:\00.- Proyectos\01.- Autopista Vespucio Norte\Servicio Rest\AVN.Autoconsulta.Api\AVN.Autoconsulta.core\AVN.Autoconsulta.DAO\GetAVN.cs:line 277
10:44:26.627,I,000;System.Collections.Generic.List`1[AVN.Autoconsulta.core.BoletaDto]
10:44:26.643,I,000;Fin de la clase -- [GetBoletas]

10:44:59.573,I,000;Inicio de la clase

10:44:59.593,I,000;Inicio de la clase

10:45:15.435,I,000;Inicio de la clase

10:45:15.450,I,000;Inicio de la clase
10:45:18.795,I,000;System.Collections.Generic.List`1[AVN.Autoconsulta.core.BoletaDto]
10:45:18.795,I,000;Fin de la clase -- [GetBoletas]
10:45:18.795,F,000;AVN.Autoconsulta.core.ClienteDto
10:45:18.826,Q,204;TP10PP001402041|REG|0|2017-08-18 10:45:18|2017-08-18 10:45:18|Boleta|Consulta Boletas|0|V|Consulta Boletas|171225884|0|0||||||0|0|||0||D670@
10:45:28.825,E,204;System.TimeoutException: The operation has timed out.
   at System.IO.Pipes.NamedPipeClientStream.Connect(Int32 timeout)
   at AVN.Autoconsulta.core.PipeClient.MessageSentSuccessfully() in E:\00.- Proyectos\01.- Autopista Vespucio Norte\Servicio Rest\AVN.Autoconsulta.Api\AVN.Autoconsulta.core\AVC.Autoconsulta.core.Utils\PipeClient.cs:line 98

10:45:33.187,I,000;Inicio de la clase

10:45:33.203,I,000;Inicio de la clase
10:45:39.787,I,000;System.Collections.Generic.List`1[AVN.Autoconsulta.core.BoletaDto]
10:45:39.787,I,000;Fin de la clase -- [GetBoletas]
10:45:39.787,Q,204;TP10PP001412041|REG|0|2017-08-18 10:45:39|2017-08-18 10:45:39|Boleta|Consulta Boletas|0|V|Consulta Boletas|10697286-9|0|0||||||0|0|||0||D632@
10:45:39.803,F,000;AVN.Autoconsulta.core.ClienteDto
10:45:39.803,F,000;AVN.Autoconsulta.core.ClienteDto
10:45:40.281,I,000;System.Collections.Generic.List`1[AVN.Autoconsulta.core.BoletaDto]
10:45:40.281,I,000;Fin de la clase -- [GetBoletas]
10:45:40.281,Q,204;TP10PP001412041|REG|0|2017-08-18 10:45:40|2017-08-18 10:45:40|Boleta|Consulta Boletas|0|V|Consulta Boletas|10697286-9|0|0||||||0|0|||0||D642@
10:45:49.794,E,204;System.TimeoutException: The operation has timed out.
   at System.IO.Pipes.NamedPipeClientStream.Connect(Int32 timeout)
   at AVN.Autoconsulta.core.PipeClient.MessageSentSuccessfully() in E:\00.- Proyectos\01.- Autopista Vespucio Norte\Servicio Rest\AVN.Autoconsulta.Api\AVN.Autoconsulta.core\AVC.Autoconsulta.core.Utils\PipeClient.cs:line 98
10:45:50.293,E,204;System.TimeoutException: The operation has timed out.
   at System.IO.Pipes.NamedPipeClientStream.Connect(Int32 timeout)
   at AVN.Autoconsulta.core.PipeClient.MessageSentSuccessfully() in E:\00.- Proyectos\01.- Autopista Vespucio Norte\Servicio Rest\AVN.Autoconsulta.Api\AVN.Autoconsulta.core\AVC.Autoconsulta.core.Utils\PipeClient.cs:line 98

10:45:58.539,I,000;Inicio de la clase
10:46:05.564,I,000;System.Collections.Generic.List`1[AVN.Autoconsulta.core.BoletaDto]
10:46:05.565,I,000;Fin de la clase -- [GetBoletas]
10:46:05.566,Q,204;TP10PP001412041|REG|0|2017-08-18 10:46:05|2017-08-18 10:46:05|Boleta|Consulta Boletas|0|V|Consulta Boletas|10697286-9|0|0||||||0|0|||0||D63E@
10:46:06.359,Q,204;TP10PP001592041|REG|0|2017-08-18 10:46:06|2017-08-18 10:46:06|Certificado|Impresion Boleta Detalle|0|V|Impresion Certificado|10697286-9|0|0||||||0|0|||0||CF58@
10:46:15.583,E,204;System.TimeoutException: The operation has timed out.
   at System.IO.Pipes.NamedPipeClientStream.Connect(Int32 timeout)
   at AVN.Autoconsulta.core.PipeClient.MessageSentSuccessfully() in E:\00.- Proyectos\01.- Autopista Vespucio Norte\Servicio Rest\AVN.Autoconsulta.Api\AVN.Autoconsulta.core\AVC.Autoconsulta.core.Utils\PipeClient.cs:line 98
10:46:16.368,E,204;System.TimeoutException: The operation has timed out.
   at System.IO.Pipes.NamedPipeClientStream.Connect(Int32 timeout)
   at AVN.Autoconsulta.core.PipeClient.MessageSentSuccessfully() in E:\00.- Proyectos\01.- Autopista Vespucio Norte\Servicio Rest\AVN.Autoconsulta.Api\AVN.Autoconsulta.core\AVC.Autoconsulta.core.Utils\PipeClient.cs:line 98

10:46:26.308,I,000;Inicio de la clase
10:46:33.806,I,000;System.Collections.Generic.List`1[AVN.Autoconsulta.core.BoletaDto]
10:46:33.807,I,000;Fin de la clase -- [GetBoletas]
10:46:33.809,Q,204;TP10PP001412041|REG|0|2017-08-18 10:46:33|2017-08-18 10:46:33|Boleta|Consulta Boletas|0|V|Consulta Boletas|10697286-9|0|0||||||0|0|||0||D63C@
10:46:34.406,Q,204;TP10PP001592041|REG|0|2017-08-18 10:46:34|2017-08-18 10:46:34|Certificado|Impresion Boleta Detalle|0|V|Impresion Certificado|10697286-9|0|0||||||0|0|||0||CF56@
10:46:43.828,E,204;System.TimeoutException: The operation has timed out.
   at System.IO.Pipes.NamedPipeClientStream.Connect(Int32 timeout)
   at AVN.Autoconsulta.core.PipeClient.MessageSentSuccessfully() in E:\00.- Proyectos\01.- Autopista Vespucio Norte\Servicio Rest\AVN.Autoconsulta.Api\AVN.Autoconsulta.core\AVC.Autoconsulta.core.Utils\PipeClient.cs:line 98
10:46:44.421,E,204;System.TimeoutException: The operation has timed out.
   at System.IO.Pipes.NamedPipeClientStream.Connect(Int32 timeout)
   at AVN.Autoconsulta.core.PipeClient.MessageSentSuccessfully() in E:\00.- Proyectos\01.- Autopista Vespucio Norte\Servicio Rest\AVN.Autoconsulta.Api\AVN.Autoconsulta.core\AVC.Autoconsulta.core.Utils\PipeClient.cs:line 98

10:52:42.565,I,000;Inicio de la clase
10:54:14.156,I,000;System.Collections.Generic.List`1[AVN.Autoconsulta.core.BoletaDto]
10:54:14.158,I,000;Fin de la clase -- [GetBoletas]
10:54:14.159,Q,204;TP10PP001412041|REG|0|2017-08-18 10:54:14|2017-08-18 10:54:14|Boleta|Consulta Boletas|0|V|Consulta Boletas|10697286-9|0|0||||||0|0|||0||D640@
10:54:15.871,Q,204;TP10PP001592041|REG|0|2017-08-18 10:54:15|2017-08-18 10:54:15|Certificado|Impresion Boleta Detalle|0|V|Impresion Certificado|10697286-9|0|0||||||0|0|||0||CF5A@
10:54:24.150,E,204;System.TimeoutException: The operation has timed out.
   at System.IO.Pipes.NamedPipeClientStream.Connect(Int32 timeout)
   at AVN.Autoconsulta.core.PipeClient.MessageSentSuccessfully() in E:\00.- Proyectos\01.- Autopista Vespucio Norte\Servicio Rest\AVN.Autoconsulta.Api\AVN.Autoconsulta.core\AVC.Autoconsulta.core.Utils\PipeClient.cs:line 98
10:54:25.875,E,204;System.TimeoutException: The operation has timed out.
   at System.IO.Pipes.NamedPipeClientStream.Connect(Int32 timeout)
   at AVN.Autoconsulta.core.PipeClient.MessageSentSuccessfully() in E:\00.- Proyectos\01.- Autopista Vespucio Norte\Servicio Rest\AVN.Autoconsulta.Api\AVN.Autoconsulta.core\AVC.Autoconsulta.core.Utils\PipeClient.cs:line 98

11:35:48.786,I,000;Inicio de la clase
11:36:42.842,I,000;System.Collections.Generic.List`1[AVN.Autoconsulta.core.BoletaDto]
11:36:42.843,I,000;Fin de la clase -- [GetBoletas]
11:36:42.854,Q,204;TP10PP001412041|REG|0|2017-08-18 11:36:42|2017-08-18 11:36:42|Boleta|Consulta Boletas|0|V|Consulta Boletas|10697286-9|0|0||||||0|0|||0||D63C@
11:36:43.481,Q,204;TP10PP001592041|REG|0|2017-08-18 11:36:43|2017-08-18 11:36:43|Certificado|Impresion Boleta Detalle|0|V|Impresion Certificado|10697286-9|0|0||||||0|0|||0||CF56@
11:36:52.872,E,204;System.TimeoutException: The operation has timed out.
   at System.IO.Pipes.NamedPipeClientStream.Connect(Int32 timeout)
   at AVN.Autoconsulta.core.PipeClient.MessageSentSuccessfully() in E:\00.- Proyectos\01.- Autopista Vespucio Norte\Servicio Rest\AVN.Autoconsulta.Api\AVN.Autoconsulta.core\AVC.Autoconsulta.core.Utils\PipeClient.cs:line 98
11:36:53.496,E,204;System.TimeoutException: The operation has timed out.
   at System.IO.Pipes.NamedPipeClientStream.Connect(Int32 timeout)
   at AVN.Autoconsulta.core.PipeClient.MessageSentSuccessfully() in E:\00.- Proyectos\01.- Autopista Vespucio Norte\Servicio Rest\AVN.Autoconsulta.Api\AVN.Autoconsulta.core\AVC.Autoconsulta.core.Utils\PipeClient.cs:line 98

11:37:14.644,I,000;Inicio de la clase
11:37:20.340,I,000;System.Collections.Generic.List`1[AVN.Autoconsulta.core.BoletaDto]
11:37:20.342,I,000;Fin de la clase -- [GetBoletas]
11:37:20.343,Q,204;TP10PP001412041|REG|0|2017-08-18 11:37:20|2017-08-18 11:37:20|Boleta|Consulta Boletas|0|V|Consulta Boletas|10697286-9|0|0||||||0|0|||0||D642@
11:37:20.573,Q,204;TP10PP001562041|REG|0|2017-08-18 11:37:20|2017-08-18 11:37:20|Certificado|Impresion Certificado|0|V|Impresion Certificado|10697286-9|0|0||||||0|0|||0||D036@
11:37:30.356,E,204;System.TimeoutException: The operation has timed out.
   at System.IO.Pipes.NamedPipeClientStream.Connect(Int32 timeout)
   at AVN.Autoconsulta.core.PipeClient.MessageSentSuccessfully() in E:\00.- Proyectos\01.- Autopista Vespucio Norte\Servicio Rest\AVN.Autoconsulta.Api\AVN.Autoconsulta.core\AVC.Autoconsulta.core.Utils\PipeClient.cs:line 98
11:37:30.590,E,204;System.TimeoutException: The operation has timed out.
   at System.IO.Pipes.NamedPipeClientStream.Connect(Int32 timeout)
   at AVN.Autoconsulta.core.PipeClient.MessageSentSuccessfully() in E:\00.- Proyectos\01.- Autopista Vespucio Norte\Servicio Rest\AVN.Autoconsulta.Api\AVN.Autoconsulta.core\AVC.Autoconsulta.core.Utils\PipeClient.cs:line 98

11:38:33.724,I,000;Inicio de la clase
11:38:39.947,I,000;System.Collections.Generic.List`1[AVN.Autoconsulta.core.BoletaDto]
11:38:39.950,I,000;Fin de la clase -- [GetBoletas]
11:38:39.953,Q,204;TP10PP001412041|REG|0|2017-08-18 11:38:39|2017-08-18 11:38:39|Boleta|Consulta Boletas|0|V|Consulta Boletas|10697286-9|0|0||||||0|0|||0||D62C@
11:38:40.594,Q,204;TP10PP001592041|REG|0|2017-08-18 11:38:40|2017-08-18 11:38:40|Certificado|Impresion Boleta Detalle|0|V|Impresion Certificado|10697286-9|0|0||||||0|0|||0||CF58@
11:38:49.974,E,204;System.TimeoutException: The operation has timed out.
   at System.IO.Pipes.NamedPipeClientStream.Connect(Int32 timeout)
   at AVN.Autoconsulta.core.PipeClient.MessageSentSuccessfully() in E:\00.- Proyectos\01.- Autopista Vespucio Norte\Servicio Rest\AVN.Autoconsulta.Api\AVN.Autoconsulta.core\AVC.Autoconsulta.core.Utils\PipeClient.cs:line 98
11:38:50.600,E,204;System.TimeoutException: The operation has timed out.
   at System.IO.Pipes.NamedPipeClientStream.Connect(Int32 timeout)
   at AVN.Autoconsulta.core.PipeClient.MessageSentSuccessfully() in E:\00.- Proyectos\01.- Autopista Vespucio Norte\Servicio Rest\AVN.Autoconsulta.Api\AVN.Autoconsulta.core\AVC.Autoconsulta.core.Utils\PipeClient.cs:line 98

11:46:09.327,I,000;Inicio de la clase
11:46:10.044,F,000;AVN.Autoconsulta.core.ClienteDto

11:46:30.406,I,000;Inicio de la clase
11:46:30.923,F,000;AVN.Autoconsulta.core.ClienteDto

11:46:54.243,I,000;Inicio de la clase
11:46:54.747,F,000;AVN.Autoconsulta.core.ClienteDto

11:47:06.837,I,000;Inicio de la clase

11:47:06.846,I,000;Inicio de la clase
11:47:07.317,I,000;System.Collections.Generic.List`1[AVN.Autoconsulta.core.BoletaDto]
11:47:07.317,I,000;Fin de la clase -- [GetBoletas]
11:47:07.317,Q,204;TP10PP001432041|REG|0|2017-08-18 11:47:07|2017-08-18 11:47:07|Boleta|Consulta Boletas|0|V|Consulta Boletas|17.122.588-4|0|0||||||0|0|||0||D5E2@
11:47:07.348,F,000;AVN.Autoconsulta.core.ClienteDto
11:47:17.336,E,204;System.TimeoutException: The operation has timed out.
   at System.IO.Pipes.NamedPipeClientStream.Connect(Int32 timeout)
   at AVN.Autoconsulta.core.PipeClient.MessageSentSuccessfully() in E:\00.- Proyectos\01.- Autopista Vespucio Norte\Servicio Rest\AVN.Autoconsulta.Api\AVN.Autoconsulta.core\AVC.Autoconsulta.core.Utils\PipeClient.cs:line 98

11:47:25.256,I,000;Inicio de la clase
11:47:25.794,I,000;System.Collections.Generic.List`1[AVN.Autoconsulta.core.BoletaDto]
11:47:25.796,I,000;Fin de la clase -- [GetBoletas]
11:47:25.798,Q,204;TP10PP001432041|REG|0|2017-08-18 11:47:25|2017-08-18 11:47:25|Boleta|Consulta Boletas|0|V|Consulta Boletas|17.122.588-4|0|0||||||0|0|||0||D5E2@
11:47:27.532,Q,204;TP10PP001582041|REG|0|2017-08-18 11:47:27|2017-08-18 11:47:27|Certificado|Impresion Certificado|0|V|Impresion Certificado|17.122.588-4|0|0||||||0|0|||0||CFD2@
11:47:35.800,E,204;System.TimeoutException: The operation has timed out.
   at System.IO.Pipes.NamedPipeClientStream.Connect(Int32 timeout)
   at AVN.Autoconsulta.core.PipeClient.MessageSentSuccessfully() in E:\00.- Proyectos\01.- Autopista Vespucio Norte\Servicio Rest\AVN.Autoconsulta.Api\AVN.Autoconsulta.core\AVC.Autoconsulta.core.Utils\PipeClient.cs:line 98
11:47:37.563,E,204;System.TimeoutException: The operation has timed out.
   at System.IO.Pipes.NamedPipeClientStream.Connect(Int32 timeout)
   at AVN.Autoconsulta.core.PipeClient.MessageSentSuccessfully() in E:\00.- Proyectos\01.- Autopista Vespucio Norte\Servicio Rest\AVN.Autoconsulta.Api\AVN.Autoconsulta.core\AVC.Autoconsulta.core.Utils\PipeClient.cs:line 98

11:55:26.216,I,000;Inicio de la clase
11:55:27.249,I,000;System.Collections.Generic.List`1[AVN.Autoconsulta.core.TransitosFacturadosDto]
11:55:27.254,I,000;Fin de la clase -- [GetTransitosNoFacturados]
11:55:27.260,Q,204;TP10PP001772041|REG|0|2017-08-18 11:55:27|2017-08-18 11:55:27|Transitos Facturados|Consulta Transitos Facturados|0|V|Consulta Transitos Facturados|PK1089|0|0||||||0|0|||0||C6DD@

11:55:31.274,I,000;Inicio de la clase
11:55:31.507,I,000;System.Collections.Generic.List`1[AVN.Autoconsulta.core.TransitosFacturadosDto]
11:55:31.523,I,000;Fin de la clase -- [GetTransitosNoFacturados]
11:55:31.526,Q,204;TP10PP001772041|REG|0|2017-08-18 11:55:31|2017-08-18 11:55:31|Transitos Facturados|Consulta Transitos Facturados|0|V|Consulta Transitos Facturados|PK1089|0|0||||||0|0|||0||C6E7@
11:55:37.266,E,204;System.TimeoutException: The operation has timed out.
   at System.IO.Pipes.NamedPipeClientStream.Connect(Int32 timeout)
   at AVN.Autoconsulta.core.PipeClient.MessageSentSuccessfully() in E:\00.- Proyectos\01.- Autopista Vespucio Norte\Servicio Rest\AVN.Autoconsulta.Api\AVN.Autoconsulta.core\AVC.Autoconsulta.core.Utils\PipeClient.cs:line 98
11:55:41.541,E,204;System.TimeoutException: The operation has timed out.
   at System.IO.Pipes.NamedPipeClientStream.Connect(Int32 timeout)
   at AVN.Autoconsulta.core.PipeClient.MessageSentSuccessfully() in E:\00.- Proyectos\01.- Autopista Vespucio Norte\Servicio Rest\AVN.Autoconsulta.Api\AVN.Autoconsulta.core\AVC.Autoconsulta.core.Utils\PipeClient.cs:line 98

11:57:14.938,I,000;Inicio de la clase
11:57:18.165,I,000;System.Collections.Generic.List`1[AVN.Autoconsulta.core.TransitosFacturadosDto]
11:57:18.172,I,000;System.Collections.Generic.List`1[AVN.Autoconsulta.core.DETALLE_TRANSITO]
11:57:18.175,I,000;Fin de la clase -- [GetTransitosNoFacturados]
11:57:18.176,I,000;Fin de la clase -- [GetTransitosNoFacturados]
11:57:18.183,Q,204;TP10PP001862041|REG|0|2017-08-18 11:57:18|2017-08-18 11:57:18|Transitos No Facturados|Consulta Transitos No Facturados|0|V|Consulta Transitos No Facturados|NB1633|0|0||||||0|0|||0||C452@
11:57:18.191,Q,204;TP10PP001772041|REG|0|2017-08-18 11:57:18|2017-08-18 11:57:18|Transitos Facturados|Consulta Transitos Facturados|0|V|Consulta Transitos Facturados|NB1633|0|0||||||0|0|||0||C6E9@

11:57:19.951,I,000;Inicio de la clase
11:57:20.784,I,000;System.Collections.Generic.List`1[AVN.Autoconsulta.core.TransitosFacturadosDto]
11:57:20.784,I,000;Fin de la clase -- [GetTransitosNoFacturados]
11:57:20.784,Q,204;TP10PP001772041|REG|0|2017-08-18 11:57:20|2017-08-18 11:57:20|Transitos Facturados|Consulta Transitos Facturados|0|V|Consulta Transitos Facturados|NB1633|0|0||||||0|0|||0||C6F7@
11:57:20.867,I,000;System.Collections.Generic.List`1[AVN.Autoconsulta.core.DETALLE_TRANSITO]
11:57:20.867,I,000;Fin de la clase -- [GetTransitosNoFacturados]
11:57:20.867,Q,204;TP10PP001862041|REG|0|2017-08-18 11:57:20|2017-08-18 11:57:20|Transitos No Facturados|Consulta Transitos No Facturados|0|V|Consulta Transitos No Facturados|NB1633|0|0||||||0|0|||0||C460@

11:57:26.134,I,000;Inicio de la clase
11:57:26.967,I,000;System.Collections.Generic.List`1[AVN.Autoconsulta.core.DETALLE_TRANSITO]
11:57:26.979,I,000;Fin de la clase -- [GetTransitosNoFacturados]
11:57:26.985,Q,204;TP10PP001862041|REG|0|2017-08-18 11:57:26|2017-08-18 11:57:26|Transitos No Facturados|Consulta Transitos No Facturados|0|V|Consulta Transitos No Facturados|NB1633|0|0||||||0|0|||0||C454@
11:57:27.380,Q,204;TP10PP001792041|REG|0|2017-08-18 11:57:27|2017-08-18 11:57:27|Transitos Facturados|Impresion Transitos Facturados|0|V|Impresion Transitos Facturados|NB1633|0|0||||||0|0|||0||C60D@
11:57:28.185,E,204;System.TimeoutException: The operation has timed out.
   at System.IO.Pipes.NamedPipeClientStream.Connect(Int32 timeout)
   at AVN.Autoconsulta.core.PipeClient.MessageSentSuccessfully() in E:\00.- Proyectos\01.- Autopista Vespucio Norte\Servicio Rest\AVN.Autoconsulta.Api\AVN.Autoconsulta.core\AVC.Autoconsulta.core.Utils\PipeClient.cs:line 98
11:57:28.196,E,204;System.TimeoutException: The operation has timed out.
   at System.IO.Pipes.NamedPipeClientStream.Connect(Int32 timeout)
   at AVN.Autoconsulta.core.PipeClient.MessageSentSuccessfully() in E:\00.- Proyectos\01.- Autopista Vespucio Norte\Servicio Rest\AVN.Autoconsulta.Api\AVN.Autoconsulta.core\AVC.Autoconsulta.core.Utils\PipeClient.cs:line 98
11:57:30.780,E,204;System.TimeoutException: The operation has timed out.
   at System.IO.Pipes.NamedPipeClientStream.Connect(Int32 timeout)
   at AVN.Autoconsulta.core.PipeClient.MessageSentSuccessfully() in E:\00.- Proyectos\01.- Autopista Vespucio Norte\Servicio Rest\AVN.Autoconsulta.Api\AVN.Autoconsulta.core\AVC.Autoconsulta.core.Utils\PipeClient.cs:line 98
11:57:30.882,E,204;System.TimeoutException: The operation has timed out.
   at System.IO.Pipes.NamedPipeClientStream.Connect(Int32 timeout)
   at AVN.Autoconsulta.core.PipeClient.MessageSentSuccessfully() in E:\00.- Proyectos\01.- Autopista Vespucio Norte\Servicio Rest\AVN.Autoconsulta.Api\AVN.Autoconsulta.core\AVC.Autoconsulta.core.Utils\PipeClient.cs:line 98
11:57:37.005,E,204;System.TimeoutException: The operation has timed out.
   at System.IO.Pipes.NamedPipeClientStream.Connect(Int32 timeout)
   at AVN.Autoconsulta.core.PipeClient.MessageSentSuccessfully() in E:\00.- Proyectos\01.- Autopista Vespucio Norte\Servicio Rest\AVN.Autoconsulta.Api\AVN.Autoconsulta.core\AVC.Autoconsulta.core.Utils\PipeClient.cs:line 98
11:57:37.395,E,204;System.TimeoutException: The operation has timed out.
   at System.IO.Pipes.NamedPipeClientStream.Connect(Int32 timeout)
   at AVN.Autoconsulta.core.PipeClient.MessageSentSuccessfully() in E:\00.- Proyectos\01.- Autopista Vespucio Norte\Servicio Rest\AVN.Autoconsulta.Api\AVN.Autoconsulta.core\AVC.Autoconsulta.core.Utils\PipeClient.cs:line 98
12:00:00.656,I,000;System.Collections.Generic.List`1[AVN.Autoconsulta.core.CertificadosDto]
12:00:00.657,I,000;Fin de la clase -- [GetBoletas]
12:00:00.708,Q,204;TP10PP001552041|REG|0|2017-08-18 12:00:00|2017-08-18 12:00:00|Certificado|Consulta Certificado|0|V|Consulta Certificado|7.364.499-2|0|0||||||0|0|||0||D0FF@
12:00:08.035,I,000;System.Collections.Generic.List`1[AVN.Autoconsulta.core.CertificadosDto]
12:00:08.036,I,000;Fin de la clase -- [GetBoletas]
12:00:08.393,Q,204;TP10PP001572041|REG|0|2017-08-18 12:00:08|2017-08-18 12:00:08|Certificado|Impresion Certificado|0|V|Impresion Certificado|7.364.499-2|0|0||||||0|0|||0||D013@
12:00:10.706,E,204;System.TimeoutException: The operation has timed out.
   at System.IO.Pipes.NamedPipeClientStream.Connect(Int32 timeout)
   at AVN.Autoconsulta.core.PipeClient.MessageSentSuccessfully() in E:\00.- Proyectos\01.- Autopista Vespucio Norte\Servicio Rest\AVN.Autoconsulta.Api\AVN.Autoconsulta.core\AVC.Autoconsulta.core.Utils\PipeClient.cs:line 98
12:00:18.394,E,204;System.TimeoutException: The operation has timed out.
   at System.IO.Pipes.NamedPipeClientStream.Connect(Int32 timeout)
   at AVN.Autoconsulta.core.PipeClient.MessageSentSuccessfully() in E:\00.- Proyectos\01.- Autopista Vespucio Norte\Servicio Rest\AVN.Autoconsulta.Api\AVN.Autoconsulta.core\AVC.Autoconsulta.core.Utils\PipeClient.cs:line 98

12:00:38.789,I,000;Inicio de la clase
12:06:22.160,I,000;System.Collections.Generic.List`1[AVN.Autoconsulta.core.CertificadosDto]
12:06:22.163,I,000;Fin de la clase -- [GetBoletas]
12:06:22.226,Q,204;TP10PP001552041|REG|0|2017-08-18 12:06:22|2017-08-18 12:06:22|Certificado|Consulta Certificado|0|V|Consulta Certificado|5.116.320-6|0|0||||||0|0|||0||D0FF@
12:06:22.468,I,000;System.Collections.Generic.List`1[AVN.Autoconsulta.core.CertificadosDto]
12:06:22.470,I,000;Fin de la clase -- [GetBoletas]
12:06:22.520,Q,204;TP10PP001552041|REG|0|2017-08-18 12:06:22|2017-08-18 12:06:22|Certificado|Consulta Certificado|0|V|Consulta Certificado|5.116.320-6|0|0||||||0|0|||0||D0FF@
12:06:32.222,E,204;System.TimeoutException: The operation has timed out.
   at System.IO.Pipes.NamedPipeClientStream.Connect(Int32 timeout)
   at AVN.Autoconsulta.core.PipeClient.MessageSentSuccessfully() in E:\00.- Proyectos\01.- Autopista Vespucio Norte\Servicio Rest\AVN.Autoconsulta.Api\AVN.Autoconsulta.core\AVC.Autoconsulta.core.Utils\PipeClient.cs:line 98
12:06:32.534,E,204;System.TimeoutException: The operation has timed out.
   at System.IO.Pipes.NamedPipeClientStream.Connect(Int32 timeout)
   at AVN.Autoconsulta.core.PipeClient.MessageSentSuccessfully() in E:\00.- Proyectos\01.- Autopista Vespucio Norte\Servicio Rest\AVN.Autoconsulta.Api\AVN.Autoconsulta.core\AVC.Autoconsulta.core.Utils\PipeClient.cs:line 98
12:06:57.574,I,000;System.Collections.Generic.List`1[AVN.Autoconsulta.core.CertificadosDto]
12:06:57.577,I,000;Fin de la clase -- [GetBoletas]
12:06:58.159,Q,204;TP10PP001572041|REG|0|2017-08-18 12:06:58|2017-08-18 12:06:58|Certificado|Impresion Certificado|0|V|Impresion Certificado|5.116.320-6|0|0||||||0|0|||0||D011@
12:07:08.153,E,204;System.TimeoutException: The operation has timed out.
   at System.IO.Pipes.NamedPipeClientStream.Connect(Int32 timeout)
   at AVN.Autoconsulta.core.PipeClient.MessageSentSuccessfully() in E:\00.- Proyectos\01.- Autopista Vespucio Norte\Servicio Rest\AVN.Autoconsulta.Api\AVN.Autoconsulta.core\AVC.Autoconsulta.core.Utils\PipeClient.cs:line 98

12:09:13.641,I,000;Inicio de la clase

12:09:13.665,I,000;Inicio de la clase

12:09:30.696,I,000;Inicio de la clase
12:09:35.046,I,000;System.Collections.Generic.List`1[AVN.Autoconsulta.core.DETALLE_TRANSITO]
12:09:35.050,I,000;Fin de la clase -- [GetTransitosNoFacturados]
12:09:35.057,I,000;System.Collections.Generic.List`1[AVN.Autoconsulta.core.TransitosFacturadosDto]
12:09:35.063,Q,204;TP10PP001862041|REG|0|2017-08-18 12:09:35|2017-08-18 12:09:35|Transitos No Facturados|Consulta Transitos No Facturados|0|V|Consulta Transitos No Facturados|CXTX28|0|0||||||0|0|||0||C404@
12:09:35.063,I,000;Fin de la clase -- [GetTransitosNoFacturados]
12:09:35.078,Q,204;TP10PP001772041|REG|0|2017-08-18 12:09:35|2017-08-18 12:09:35|Transitos Facturados|Consulta Transitos Facturados|0|V|Consulta Transitos Facturados|CXTX28|0|0||||||0|0|||0||C69B@
12:09:36.625,I,000;System.Collections.Generic.List`1[AVN.Autoconsulta.core.TransitosFacturadosDto]
12:09:36.625,I,000;Fin de la clase -- [GetTransitosNoFacturados]
12:09:36.625,Q,204;TP10PP001772041|REG|0|2017-08-18 12:09:36|2017-08-18 12:09:36|Transitos Facturados|Consulta Transitos Facturados|0|V|Consulta Transitos Facturados|CXTX28|0|0||||||0|0|||0||C699@

12:09:37.527,I,000;Inicio de la clase
12:09:38.073,I,000;System.Collections.Generic.List`1[AVN.Autoconsulta.core.DETALLE_TRANSITO]
12:09:38.073,I,000;Fin de la clase -- [GetTransitosNoFacturados]
12:09:38.073,Q,204;TP10PP001862041|REG|0|2017-08-18 12:09:38|2017-08-18 12:09:38|Transitos No Facturados|Consulta Transitos No Facturados|0|V|Consulta Transitos No Facturados|CXTX28|0|0||||||0|0|||0||C3FE@
12:09:45.062,E,204;System.TimeoutException: The operation has timed out.
   at System.IO.Pipes.NamedPipeClientStream.Connect(Int32 timeout)
   at AVN.Autoconsulta.core.PipeClient.MessageSentSuccessfully() in E:\00.- Proyectos\01.- Autopista Vespucio Norte\Servicio Rest\AVN.Autoconsulta.Api\AVN.Autoconsulta.core\AVC.Autoconsulta.core.Utils\PipeClient.cs:line 98
12:09:45.093,E,204;System.TimeoutException: The operation has timed out.
   at System.IO.Pipes.NamedPipeClientStream.Connect(Int32 timeout)
   at AVN.Autoconsulta.core.PipeClient.MessageSentSuccessfully() in E:\00.- Proyectos\01.- Autopista Vespucio Norte\Servicio Rest\AVN.Autoconsulta.Api\AVN.Autoconsulta.core\AVC.Autoconsulta.core.Utils\PipeClient.cs:line 98
12:09:46.622,E,204;System.TimeoutException: The operation has timed out.
   at System.IO.Pipes.NamedPipeClientStream.Connect(Int32 timeout)
   at AVN.Autoconsulta.core.PipeClient.MessageSentSuccessfully() in E:\00.- Proyectos\01.- Autopista Vespucio Norte\Servicio Rest\AVN.Autoconsulta.Api\AVN.Autoconsulta.core\AVC.Autoconsulta.core.Utils\PipeClient.cs:line 98
12:09:48.104,E,204;System.TimeoutException: The operation has timed out.
   at System.IO.Pipes.NamedPipeClientStream.Connect(Int32 timeout)
   at AVN.Autoconsulta.core.PipeClient.MessageSentSuccessfully() in E:\00.- Proyectos\01.- Autopista Vespucio Norte\Servicio Rest\AVN.Autoconsulta.Api\AVN.Autoconsulta.core\AVC.Autoconsulta.core.Utils\PipeClient.cs:line 98
12:10:01.536,F,000;AVN.Autoconsulta.core.ClienteDto
12:10:01.551,I,000;System.Collections.Generic.List`1[AVN.Autoconsulta.core.BoletaDto]
12:10:01.551,I,000;Fin de la clase -- [GetBoletas]
12:10:01.551,Q,204;TP10PP001412041|REG|0|2017-08-18 12:10:01|2017-08-18 12:10:01|Boleta|Consulta Boletas|0|V|Consulta Boletas|10697286-9|0|0||||||0|0|||0||D654@
12:10:11.551,E,204;System.TimeoutException: The operation has timed out.
   at System.IO.Pipes.NamedPipeClientStream.Connect(Int32 timeout)
   at AVN.Autoconsulta.core.PipeClient.MessageSentSuccessfully() in E:\00.- Proyectos\01.- Autopista Vespucio Norte\Servicio Rest\AVN.Autoconsulta.Api\AVN.Autoconsulta.core\AVC.Autoconsulta.core.Utils\PipeClient.cs:line 98

12:10:24.033,I,000;Inicio de la clase

12:11:05.506,I,000;Inicio de la clase
12:11:06.395,I,000;System.Collections.Generic.List`1[AVN.Autoconsulta.core.DETALLE_TRANSITO]
12:11:06.397,I,000;Fin de la clase -- [GetTransitosNoFacturados]
12:11:06.399,Q,204;TP10PP001862041|REG|0|2017-08-18 12:11:06|2017-08-18 12:11:06|Transitos No Facturados|Consulta Transitos No Facturados|0|V|Consulta Transitos No Facturados|HZSR54|0|0||||||0|0|||0||C417@

12:11:10.534,I,000;Inicio de la clase
12:11:10.893,I,000;System.Collections.Generic.List`1[AVN.Autoconsulta.core.DETALLE_TRANSITO]
12:11:10.893,I,000;Fin de la clase -- [GetTransitosNoFacturados]
12:11:10.893,Q,204;TP10PP001862041|REG|0|2017-08-18 12:11:10|2017-08-18 12:11:10|Transitos No Facturados|Consulta Transitos No Facturados|0|V|Consulta Transitos No Facturados|HZSR54|0|0||||||0|0|||0||C421@
12:11:16.421,E,204;System.TimeoutException: The operation has timed out.
   at System.IO.Pipes.NamedPipeClientStream.Connect(Int32 timeout)
   at AVN.Autoconsulta.core.PipeClient.MessageSentSuccessfully() in E:\00.- Proyectos\01.- Autopista Vespucio Norte\Servicio Rest\AVN.Autoconsulta.Api\AVN.Autoconsulta.core\AVC.Autoconsulta.core.Utils\PipeClient.cs:line 98
12:11:20.945,E,204;System.TimeoutException: The operation has timed out.
   at System.IO.Pipes.NamedPipeClientStream.Connect(Int32 timeout)
   at AVN.Autoconsulta.core.PipeClient.MessageSentSuccessfully() in E:\00.- Proyectos\01.- Autopista Vespucio Norte\Servicio Rest\AVN.Autoconsulta.Api\AVN.Autoconsulta.core\AVC.Autoconsulta.core.Utils\PipeClient.cs:line 98

12:12:44.179,I,000;Inicio de la clase
12:12:44.984,I,000;System.Collections.Generic.List`1[AVN.Autoconsulta.core.DETALLE_TRANSITO]
12:12:44.986,I,000;Fin de la clase -- [GetTransitosNoFacturados]
12:12:44.989,Q,204;TP10PP001862041|REG|0|2017-08-18 12:12:44|2017-08-18 12:12:44|Transitos No Facturados|Consulta Transitos No Facturados|0|V|Consulta Transitos No Facturados|NB1633|0|0||||||0|0|||0||C464@
12:12:45.158,I,000;System.Collections.Generic.List`1[AVN.Autoconsulta.core.TransitosFacturadosDto]
12:12:45.158,I,000;Fin de la clase -- [GetTransitosNoFacturados]
12:12:45.158,Q,204;TP10PP001772041|REG|0|2017-08-18 12:12:45|2017-08-18 12:12:45|Transitos Facturados|Consulta Transitos Facturados|0|V|Consulta Transitos Facturados|NB1633|0|0||||||0|0|||0||C6F9@

12:12:49.211,I,000;Inicio de la clase
12:12:50.049,I,000;System.Collections.Generic.List`1[AVN.Autoconsulta.core.DETALLE_TRANSITO]
12:12:50.049,I,000;Fin de la clase -- [GetTransitosNoFacturados]
12:12:50.049,Q,204;TP10PP001862041|REG|0|2017-08-18 12:12:50|2017-08-18 12:12:50|Transitos No Facturados|Consulta Transitos No Facturados|0|V|Consulta Transitos No Facturados|NB1633|0|0||||||0|0|||0||C46A@
12:12:50.220,I,000;System.Collections.Generic.List`1[AVN.Autoconsulta.core.TransitosFacturadosDto]
12:12:50.220,I,000;Fin de la clase -- [GetTransitosNoFacturados]
12:12:50.220,Q,204;TP10PP001772041|REG|0|2017-08-18 12:12:50|2017-08-18 12:12:50|Transitos Facturados|Consulta Transitos Facturados|0|V|Consulta Transitos Facturados|NB1633|0|0||||||0|0|||0||C701@
12:12:54.985,E,204;System.TimeoutException: The operation has timed out.
   at System.IO.Pipes.NamedPipeClientStream.Connect(Int32 timeout)
   at AVN.Autoconsulta.core.PipeClient.MessageSentSuccessfully() in E:\00.- Proyectos\01.- Autopista Vespucio Norte\Servicio Rest\AVN.Autoconsulta.Api\AVN.Autoconsulta.core\AVC.Autoconsulta.core.Utils\PipeClient.cs:line 98
12:12:55.188,E,204;System.TimeoutException: The operation has timed out.
   at System.IO.Pipes.NamedPipeClientStream.Connect(Int32 timeout)
   at AVN.Autoconsulta.core.PipeClient.MessageSentSuccessfully() in E:\00.- Proyectos\01.- Autopista Vespucio Norte\Servicio Rest\AVN.Autoconsulta.Api\AVN.Autoconsulta.core\AVC.Autoconsulta.core.Utils\PipeClient.cs:line 98
12:13:00.055,E,204;System.TimeoutException: The operation has timed out.
   at System.IO.Pipes.NamedPipeClientStream.Connect(Int32 timeout)
   at AVN.Autoconsulta.core.PipeClient.MessageSentSuccessfully() in E:\00.- Proyectos\01.- Autopista Vespucio Norte\Servicio Rest\AVN.Autoconsulta.Api\AVN.Autoconsulta.core\AVC.Autoconsulta.core.Utils\PipeClient.cs:line 98
12:13:00.211,E,204;System.TimeoutException: The operation has timed out.
   at System.IO.Pipes.NamedPipeClientStream.Connect(Int32 timeout)
   at AVN.Autoconsulta.core.PipeClient.MessageSentSuccessfully() in E:\00.- Proyectos\01.- Autopista Vespucio Norte\Servicio Rest\AVN.Autoconsulta.Api\AVN.Autoconsulta.core\AVC.Autoconsulta.core.Utils\PipeClient.cs:line 98

12:24:06.607,I,000;Inicio de la clase
12:24:08.591,F,000;AVN.Autoconsulta.core.ClienteDto

12:24:08.683,I,000;Inicio de la clase

12:24:08.696,I,000;Inicio Método
12:24:09.177,F,000;AVN.Autoconsulta.core.ClienteDto
12:24:09.208,R,000;AVN.Autoconsulta.core.SVC_AVN_1_2.responseConsultaInfoTagDTO
12:24:09.223,Q,204;TP10PP001382041|REG|0|2017-08-18 12:24:09|2017-08-18 12:24:09|Saldo|Consulta Saldo|0|V|Consulta Saldo|17.122.588-4|0|0||||||0|0|||0||D7F4@
12:24:09.270,I,000;Server=localhost;Port=5432;Database=Pago;User ID=TpackP;Password=tpackp
12:24:09.270,I,000;Inicio Conexion BD
12:24:09.288,I,000;Ejecución OK
12:24:09.289,I,000;Termino de Consulta a la BD
12:24:19.227,E,204;System.TimeoutException: The operation has timed out.
   at System.IO.Pipes.NamedPipeClientStream.Connect(Int32 timeout)
   at AVN.Autoconsulta.core.PipeClient.MessageSentSuccessfully() in E:\00.- Proyectos\01.- Autopista Vespucio Norte\Servicio Rest\AVN.Autoconsulta.Api\AVN.Autoconsulta.core\AVC.Autoconsulta.core.Utils\PipeClient.cs:line 98

12:24:41.399,I,000;Inicio de la clase
12:24:54.596,F,000;AVN.Autoconsulta.core.ClienteDto

12:24:54.667,I,000;Inicio de la clase

12:24:54.685,I,000;Inicio Método
12:24:57.210,R,000;AVN.Autoconsulta.core.SVC_AVN_1_2.responseConsultaInfoTagDTO
12:24:57.210,Q,204;TP10PP001382041|REG|0|2017-08-18 12:24:57|2017-08-18 12:24:57|Saldo|Consulta Saldo|0|V|Consulta Saldo|12.877.648-6|0|0||||||0|0|||0||D7E3@
12:24:57.241,I,000;Server=localhost;Port=5432;Database=Pago;User ID=TpackP;Password=tpackp
12:24:57.241,I,000;Inicio Conexion BD
12:24:57.241,I,000;Ejecución OK
12:24:57.241,I,000;Termino de Consulta a la BD
12:24:57.289,F,000;AVN.Autoconsulta.core.ClienteDto
12:25:07.220,E,204;System.TimeoutException: The operation has timed out.
   at System.IO.Pipes.NamedPipeClientStream.Connect(Int32 timeout)
   at AVN.Autoconsulta.core.PipeClient.MessageSentSuccessfully() in E:\00.- Proyectos\01.- Autopista Vespucio Norte\Servicio Rest\AVN.Autoconsulta.Api\AVN.Autoconsulta.core\AVC.Autoconsulta.core.Utils\PipeClient.cs:line 98
12:25:30.249,Q,204;TP10PP001452041|REG|0|2017-08-18 12:25:30|2017-08-18 12:25:30|Certificado|Impresion Cupon Pago|0|V|Impresion Certificado||0|0||||||0|0|||0||D2F8@
12:25:40.250,E,204;System.TimeoutException: The operation has timed out.
   at System.IO.Pipes.NamedPipeClientStream.Connect(Int32 timeout)
   at AVN.Autoconsulta.core.PipeClient.MessageSentSuccessfully() in E:\00.- Proyectos\01.- Autopista Vespucio Norte\Servicio Rest\AVN.Autoconsulta.Api\AVN.Autoconsulta.core\AVC.Autoconsulta.core.Utils\PipeClient.cs:line 98
12:25:48.086,Q,204;TP10PP001452041|REG|0|2017-08-18 12:25:48|2017-08-18 12:25:48|Certificado|Impresion Cupon Pago|0|V|Impresion Certificado||0|0||||||0|0|||0||D2E6@
12:25:58.083,E,204;System.TimeoutException: The operation has timed out.
   at System.IO.Pipes.NamedPipeClientStream.Connect(Int32 timeout)
   at AVN.Autoconsulta.core.PipeClient.MessageSentSuccessfully() in E:\00.- Proyectos\01.- Autopista Vespucio Norte\Servicio Rest\AVN.Autoconsulta.Api\AVN.Autoconsulta.core\AVC.Autoconsulta.core.Utils\PipeClient.cs:line 98

12:26:11.049,I,000;Inicio de la clase
12:26:51.654,F,000;AVN.Autoconsulta.core.ClienteDto

12:26:51.751,I,000;Inicio de la clase

12:26:51.762,I,000;Inicio Método
12:26:57.687,F,000;AVN.Autoconsulta.core.ClienteDto
12:26:59.062,R,000;AVN.Autoconsulta.core.SVC_AVN_1_2.responseConsultaInfoTagDTO
12:26:59.062,Q,204;TP10PP001382041|REG|0|2017-08-18 12:26:59|2017-08-18 12:26:59|Saldo|Consulta Saldo|0|V|Consulta Saldo|10.697.286-9|0|0||||||0|0|||0||D7DC@
12:26:59.136,I,000;Server=localhost;Port=5432;Database=Pago;User ID=TpackP;Password=tpackp
12:26:59.139,I,000;Inicio Conexion BD
12:26:59.144,I,000;Ejecución OK
12:26:59.146,I,000;Termino de Consulta a la BD
12:27:09.080,E,204;System.TimeoutException: The operation has timed out.
   at System.IO.Pipes.NamedPipeClientStream.Connect(Int32 timeout)
   at AVN.Autoconsulta.core.PipeClient.MessageSentSuccessfully() in E:\00.- Proyectos\01.- Autopista Vespucio Norte\Servicio Rest\AVN.Autoconsulta.Api\AVN.Autoconsulta.core\AVC.Autoconsulta.core.Utils\PipeClient.cs:line 98
12:27:36.437,Q,204;TP10PP001452041|REG|0|2017-08-18 12:27:36|2017-08-18 12:27:36|Certificado|Impresion Cupon Pago|0|V|Impresion Certificado||0|0||||||0|0|||0||D2E8@
12:27:46.446,E,204;System.TimeoutException: The operation has timed out.
   at System.IO.Pipes.NamedPipeClientStream.Connect(Int32 timeout)
   at AVN.Autoconsulta.core.PipeClient.MessageSentSuccessfully() in E:\00.- Proyectos\01.- Autopista Vespucio Norte\Servicio Rest\AVN.Autoconsulta.Api\AVN.Autoconsulta.core\AVC.Autoconsulta.core.Utils\PipeClient.cs:line 98
12:28:17.179,Q,204;TP10PP001452041|REG|0|2017-08-18 12:28:17|2017-08-18 12:28:17|Certificado|Impresion Cupon Pago|0|V|Impresion Certificado||0|0||||||0|0|||0||D2E8@
12:28:27.169,E,204;System.TimeoutException: The operation has timed out.
   at System.IO.Pipes.NamedPipeClientStream.Connect(Int32 timeout)
   at AVN.Autoconsulta.core.PipeClient.MessageSentSuccessfully() in E:\00.- Proyectos\01.- Autopista Vespucio Norte\Servicio Rest\AVN.Autoconsulta.Api\AVN.Autoconsulta.core\AVC.Autoconsulta.core.Utils\PipeClient.cs:line 98

12:28:37.729,I,000;Inicio de la clase
12:28:38.206,F,000;AVN.Autoconsulta.core.ClienteDto

12:29:08.617,I,000;Inicio de la clase

12:29:08.631,I,000;Inicio de la clase
12:29:09.165,I,000;System.Collections.Generic.List`1[AVN.Autoconsulta.core.BoletaDto]
12:29:09.165,I,000;Fin de la clase -- [GetBoletas]
12:29:09.165,Q,204;TP10PP001432041|REG|0|2017-08-18 12:29:09|2017-08-18 12:29:09|Boleta|Consulta Boletas|0|V|Consulta Boletas|17.122.588-4|0|0||||||0|0|||0||D5DC@
12:29:09.181,F,000;AVN.Autoconsulta.core.ClienteDto
12:29:19.178,E,204;System.TimeoutException: The operation has timed out.
   at System.IO.Pipes.NamedPipeClientStream.Connect(Int32 timeout)
   at AVN.Autoconsulta.core.PipeClient.MessageSentSuccessfully() in E:\00.- Proyectos\01.- Autopista Vespucio Norte\Servicio Rest\AVN.Autoconsulta.Api\AVN.Autoconsulta.core\AVC.Autoconsulta.core.Utils\PipeClient.cs:line 98

12:29:43.490,I,000;Inicio de la clase
12:29:43.970,I,000;System.Collections.Generic.List`1[AVN.Autoconsulta.core.BoletaDto]
12:29:43.972,I,000;Fin de la clase -- [GetBoletas]
12:29:43.974,Q,204;TP10PP001432041|REG|0|2017-08-18 12:29:43|2017-08-18 12:29:43|Boleta|Consulta Boletas|0|V|Consulta Boletas|17.122.588-4|0|0||||||0|0|||0||D5E0@
12:29:44.247,Q,204;TP10PP001582041|REG|0|2017-08-18 12:29:44|2017-08-18 12:29:44|Certificado|Impresion Certificado|0|V|Impresion Certificado|17.122.588-4|0|0||||||0|0|||0||CFD2@
12:29:53.978,E,204;System.TimeoutException: The operation has timed out.
   at System.IO.Pipes.NamedPipeClientStream.Connect(Int32 timeout)
   at AVN.Autoconsulta.core.PipeClient.MessageSentSuccessfully() in E:\00.- Proyectos\01.- Autopista Vespucio Norte\Servicio Rest\AVN.Autoconsulta.Api\AVN.Autoconsulta.core\AVC.Autoconsulta.core.Utils\PipeClient.cs:line 98
12:29:54.244,E,204;System.TimeoutException: The operation has timed out.
   at System.IO.Pipes.NamedPipeClientStream.Connect(Int32 timeout)
   at AVN.Autoconsulta.core.PipeClient.MessageSentSuccessfully() in E:\00.- Proyectos\01.- Autopista Vespucio Norte\Servicio Rest\AVN.Autoconsulta.Api\AVN.Autoconsulta.core\AVC.Autoconsulta.core.Utils\PipeClient.cs:line 98

12:30:08.465,I,000;Inicio de la clase
12:30:08.978,I,000;System.Collections.Generic.List`1[AVN.Autoconsulta.core.BoletaDto]
12:30:08.980,I,000;Fin de la clase -- [GetBoletas]
12:30:08.983,Q,204;TP10PP001432041|REG|0|2017-08-18 12:30:08|2017-08-18 12:30:08|Boleta|Consulta Boletas|0|V|Consulta Boletas|17.122.588-4|0|0||||||0|0|||0||D5EE@
12:30:09.663,Q,204;TP10PP001612041|REG|0|2017-08-18 12:30:09|2017-08-18 12:30:09|Certificado|Impresion Boleta Detalle|0|V|Impresion Certificado|17.122.588-4|0|0||||||0|0|||0||CF11@
12:30:18.977,E,204;System.TimeoutException: The operation has timed out.
   at System.IO.Pipes.NamedPipeClientStream.Connect(Int32 timeout)
   at AVN.Autoconsulta.core.PipeClient.MessageSentSuccessfully() in E:\00.- Proyectos\01.- Autopista Vespucio Norte\Servicio Rest\AVN.Autoconsulta.Api\AVN.Autoconsulta.core\AVC.Autoconsulta.core.Utils\PipeClient.cs:line 98
12:30:19.679,E,204;System.TimeoutException: The operation has timed out.
   at System.IO.Pipes.NamedPipeClientStream.Connect(Int32 timeout)
   at AVN.Autoconsulta.core.PipeClient.MessageSentSuccessfully() in E:\00.- Proyectos\01.- Autopista Vespucio Norte\Servicio Rest\AVN.Autoconsulta.Api\AVN.Autoconsulta.core\AVC.Autoconsulta.core.Utils\PipeClient.cs:line 98

12:31:10.439,I,000;Inicio de la clase
12:31:10.918,F,000;AVN.Autoconsulta.core.ClienteDto

12:31:37.023,I,000;Inicio de la clase

12:31:37.044,I,000;Inicio de la clase
12:31:42.995,F,000;AVN.Autoconsulta.core.ClienteDto
12:31:43.369,I,000;System.Collections.Generic.List`1[AVN.Autoconsulta.core.BoletaDto]
12:31:43.369,I,000;Fin de la clase -- [GetBoletas]
12:31:43.385,Q,204;TP10PP001412041|REG|0|2017-08-18 12:31:43|2017-08-18 12:31:43|Boleta|Consulta Boletas|0|V|Consulta Boletas|10697286-9|0|0||||||0|0|||0||D642@

12:31:50.743,I,000;Inicio de la clase

12:31:50.757,I,000;Inicio de la clase
12:31:53.372,E,204;System.TimeoutException: The operation has timed out.
   at System.IO.Pipes.NamedPipeClientStream.Connect(Int32 timeout)
   at AVN.Autoconsulta.core.PipeClient.MessageSentSuccessfully() in E:\00.- Proyectos\01.- Autopista Vespucio Norte\Servicio Rest\AVN.Autoconsulta.Api\AVN.Autoconsulta.core\AVC.Autoconsulta.core.Utils\PipeClient.cs:line 98
12:31:56.981,I,000;System.Collections.Generic.List`1[AVN.Autoconsulta.core.BoletaDto]
12:31:56.981,I,000;Fin de la clase -- [GetBoletas]
12:31:56.981,Q,204;TP10PP001412041|REG|0|2017-08-18 12:31:56|2017-08-18 12:31:56|Boleta|Consulta Boletas|0|V|Consulta Boletas|10697286-9|0|0||||||0|0|||0||D63A@
12:31:57.239,F,000;AVN.Autoconsulta.core.ClienteDto
12:32:06.991,E,204;System.TimeoutException: The operation has timed out.
   at System.IO.Pipes.NamedPipeClientStream.Connect(Int32 timeout)
   at AVN.Autoconsulta.core.PipeClient.MessageSentSuccessfully() in E:\00.- Proyectos\01.- Autopista Vespucio Norte\Servicio Rest\AVN.Autoconsulta.Api\AVN.Autoconsulta.core\AVC.Autoconsulta.core.Utils\PipeClient.cs:line 98

12:32:07.571,I,000;Inicio de la clase

12:32:07.589,I,000;Inicio de la clase
12:32:09.847,F,000;AVN.Autoconsulta.core.ClienteDto
12:32:10.082,I,000;System.Collections.Generic.List`1[AVN.Autoconsulta.core.BoletaDto]
12:32:10.082,I,000;Fin de la clase -- [GetBoletas]
12:32:10.082,Q,204;TP10PP001402041|REG|0|2017-08-18 12:32:10|2017-08-18 12:32:10|Boleta|Consulta Boletas|0|V|Consulta Boletas|128776486|0|0||||||0|0|||0||D679@
12:32:20.099,E,204;System.TimeoutException: The operation has timed out.
   at System.IO.Pipes.NamedPipeClientStream.Connect(Int32 timeout)
   at AVN.Autoconsulta.core.PipeClient.MessageSentSuccessfully() in E:\00.- Proyectos\01.- Autopista Vespucio Norte\Servicio Rest\AVN.Autoconsulta.Api\AVN.Autoconsulta.core\AVC.Autoconsulta.core.Utils\PipeClient.cs:line 98

12:32:46.182,I,000;Inicio de la clase
12:32:48.575,I,000;System.Collections.Generic.List`1[AVN.Autoconsulta.core.BoletaDto]
12:32:48.575,I,000;Fin de la clase -- [GetBoletas]
12:32:48.575,Q,204;TP10PP001402041|REG|0|2017-08-18 12:32:48|2017-08-18 12:32:48|Boleta|Consulta Boletas|0|V|Consulta Boletas|128776486|0|0||||||0|0|||0||D663@
12:32:49.425,Q,204;TP10PP001552041|REG|0|2017-08-18 12:32:49|2017-08-18 12:32:49|Certificado|Impresion Certificado|0|V|Impresion Certificado|128776486|0|0||||||0|0|||0||D055@
12:32:58.577,E,204;System.TimeoutException: The operation has timed out.
   at System.IO.Pipes.NamedPipeClientStream.Connect(Int32 timeout)
   at AVN.Autoconsulta.core.PipeClient.MessageSentSuccessfully() in E:\00.- Proyectos\01.- Autopista Vespucio Norte\Servicio Rest\AVN.Autoconsulta.Api\AVN.Autoconsulta.core\AVC.Autoconsulta.core.Utils\PipeClient.cs:line 98
12:32:59.451,E,204;System.TimeoutException: The operation has timed out.
   at System.IO.Pipes.NamedPipeClientStream.Connect(Int32 timeout)
   at AVN.Autoconsulta.core.PipeClient.MessageSentSuccessfully() in E:\00.- Proyectos\01.- Autopista Vespucio Norte\Servicio Rest\AVN.Autoconsulta.Api\AVN.Autoconsulta.core\AVC.Autoconsulta.core.Utils\PipeClient.cs:line 98

12:33:08.971,I,000;Inicio de la clase
12:33:11.203,I,000;System.Collections.Generic.List`1[AVN.Autoconsulta.core.BoletaDto]
12:33:11.206,I,000;Fin de la clase -- [GetBoletas]
12:33:11.209,Q,204;TP10PP001402041|REG|0|2017-08-18 12:33:11|2017-08-18 12:33:11|Boleta|Consulta Boletas|0|V|Consulta Boletas|128776486|0|0||||||0|0|||0||D675@
12:33:11.492,Q,204;TP10PP001582041|REG|0|2017-08-18 12:33:11|2017-08-18 12:33:11|Certificado|Impresion Boleta Detalle|0|V|Impresion Certificado|128776486|0|0||||||0|0|||0||CF91@
12:33:21.201,E,204;System.TimeoutException: The operation has timed out.
   at System.IO.Pipes.NamedPipeClientStream.Connect(Int32 timeout)
   at AVN.Autoconsulta.core.PipeClient.MessageSentSuccessfully() in E:\00.- Proyectos\01.- Autopista Vespucio Norte\Servicio Rest\AVN.Autoconsulta.Api\AVN.Autoconsulta.core\AVC.Autoconsulta.core.Utils\PipeClient.cs:line 98
12:33:21.505,E,204;System.TimeoutException: The operation has timed out.
   at System.IO.Pipes.NamedPipeClientStream.Connect(Int32 timeout)
   at AVN.Autoconsulta.core.PipeClient.MessageSentSuccessfully() in E:\00.- Proyectos\01.- Autopista Vespucio Norte\Servicio Rest\AVN.Autoconsulta.Api\AVN.Autoconsulta.core\AVC.Autoconsulta.core.Utils\PipeClient.cs:line 98

12:35:04.588,I,000;Inicio de la clase

12:35:04.609,I,000;Inicio de la clase
12:35:10.729,I,000;System.Collections.Generic.List`1[AVN.Autoconsulta.core.BoletaDto]
12:35:10.729,I,000;Fin de la clase -- [GetBoletas]
12:35:10.729,Q,204;TP10PP001412041|REG|0|2017-08-18 12:35:10|2017-08-18 12:35:10|Boleta|Consulta Boletas|0|V|Consulta Boletas|10697286-9|0|0||||||0|0|||0||D646@
12:35:11.001,F,000;AVN.Autoconsulta.core.ClienteDto
12:35:20.728,E,204;System.TimeoutException: The operation has timed out.
   at System.IO.Pipes.NamedPipeClientStream.Connect(Int32 timeout)
   at AVN.Autoconsulta.core.PipeClient.MessageSentSuccessfully() in E:\00.- Proyectos\01.- Autopista Vespucio Norte\Servicio Rest\AVN.Autoconsulta.Api\AVN.Autoconsulta.core\AVC.Autoconsulta.core.Utils\PipeClient.cs:line 98

12:36:07.452,I,000;Inicio de la clase
12:36:13.347,I,000;System.Collections.Generic.List`1[AVN.Autoconsulta.core.BoletaDto]
12:36:13.349,I,000;Fin de la clase -- [GetBoletas]
12:36:13.350,Q,204;TP10PP001412041|REG|0|2017-08-18 12:36:13|2017-08-18 12:36:13|Boleta|Consulta Boletas|0|V|Consulta Boletas|10697286-9|0|0||||||0|0|||0||D63E@
12:36:13.912,Q,204;TP10PP001562041|REG|0|2017-08-18 12:36:13|2017-08-18 12:36:13|Certificado|Impresion Certificado|0|V|Impresion Certificado|10697286-9|0|0||||||0|0|||0||D032@
12:36:23.370,E,204;System.TimeoutException: The operation has timed out.
   at System.IO.Pipes.NamedPipeClientStream.Connect(Int32 timeout)
   at AVN.Autoconsulta.core.PipeClient.MessageSentSuccessfully() in E:\00.- Proyectos\01.- Autopista Vespucio Norte\Servicio Rest\AVN.Autoconsulta.Api\AVN.Autoconsulta.core\AVC.Autoconsulta.core.Utils\PipeClient.cs:line 98
12:36:23.916,E,204;System.TimeoutException: The operation has timed out.
   at System.IO.Pipes.NamedPipeClientStream.Connect(Int32 timeout)
   at AVN.Autoconsulta.core.PipeClient.MessageSentSuccessfully() in E:\00.- Proyectos\01.- Autopista Vespucio Norte\Servicio Rest\AVN.Autoconsulta.Api\AVN.Autoconsulta.core\AVC.Autoconsulta.core.Utils\PipeClient.cs:line 98

12:36:41.471,I,000;Inicio de la clase
12:36:47.513,I,000;System.Collections.Generic.List`1[AVN.Autoconsulta.core.BoletaDto]
12:36:47.514,I,000;Fin de la clase -- [GetBoletas]
12:36:47.516,Q,204;TP10PP001412041|REG|0|2017-08-18 12:36:47|2017-08-18 12:36:47|Boleta|Consulta Boletas|0|V|Consulta Boletas|10697286-9|0|0||||||0|0|||0||D630@
12:36:49.256,Q,204;TP10PP001562041|REG|0|2017-08-18 12:36:49|2017-08-18 12:36:49|Certificado|Impresion Certificado|0|V|Impresion Certificado|10697286-9|0|0||||||0|0|||0||D020@
12:36:57.518,E,204;System.TimeoutException: The operation has timed out.
   at System.IO.Pipes.NamedPipeClientStream.Connect(Int32 timeout)
   at AVN.Autoconsulta.core.PipeClient.MessageSentSuccessfully() in E:\00.- Proyectos\01.- Autopista Vespucio Norte\Servicio Rest\AVN.Autoconsulta.Api\AVN.Autoconsulta.core\AVC.Autoconsulta.core.Utils\PipeClient.cs:line 98
12:36:59.267,E,204;System.TimeoutException: The operation has timed out.
   at System.IO.Pipes.NamedPipeClientStream.Connect(Int32 timeout)
   at AVN.Autoconsulta.core.PipeClient.MessageSentSuccessfully() in E:\00.- Proyectos\01.- Autopista Vespucio Norte\Servicio Rest\AVN.Autoconsulta.Api\AVN.Autoconsulta.core\AVC.Autoconsulta.core.Utils\PipeClient.cs:line 98

12:37:59.192,I,000;Inicio de la clase
12:38:05.041,I,000;System.Collections.Generic.List`1[AVN.Autoconsulta.core.BoletaDto]
12:38:05.043,I,000;Fin de la clase -- [GetBoletas]
12:38:05.044,Q,204;TP10PP001412041|REG|0|2017-08-18 12:38:05|2017-08-18 12:38:05|Boleta|Consulta Boletas|0|V|Consulta Boletas|10697286-9|0|0||||||0|0|||0||D638@
12:38:05.733,Q,204;TP10PP001562041|REG|0|2017-08-18 12:38:05|2017-08-18 12:38:05|Certificado|Impresion Certificado|0|V|Impresion Certificado|10697286-9|0|0||||||0|0|||0||D02C@
12:38:15.052,E,204;System.TimeoutException: The operation has timed out.
   at System.IO.Pipes.NamedPipeClientStream.Connect(Int32 timeout)
   at AVN.Autoconsulta.core.PipeClient.MessageSentSuccessfully() in E:\00.- Proyectos\01.- Autopista Vespucio Norte\Servicio Rest\AVN.Autoconsulta.Api\AVN.Autoconsulta.core\AVC.Autoconsulta.core.Utils\PipeClient.cs:line 98
12:38:15.739,E,204;System.TimeoutException: The operation has timed out.
   at System.IO.Pipes.NamedPipeClientStream.Connect(Int32 timeout)
   at AVN.Autoconsulta.core.PipeClient.MessageSentSuccessfully() in E:\00.- Proyectos\01.- Autopista Vespucio Norte\Servicio Rest\AVN.Autoconsulta.Api\AVN.Autoconsulta.core\AVC.Autoconsulta.core.Utils\PipeClient.cs:line 98

12:38:33.402,I,000;Inicio de la clase
12:38:38.940,I,000;System.Collections.Generic.List`1[AVN.Autoconsulta.core.BoletaDto]
12:38:38.941,I,000;Fin de la clase -- [GetBoletas]
12:38:38.943,Q,204;TP10PP001412041|REG|0|2017-08-18 12:38:38|2017-08-18 12:38:38|Boleta|Consulta Boletas|0|V|Consulta Boletas|10697286-9|0|0||||||0|0|||0||D62C@
12:38:39.533,Q,204;TP10PP001592041|REG|0|2017-08-18 12:38:39|2017-08-18 12:38:39|Certificado|Impresion Boleta Detalle|0|V|Impresion Certificado|10697286-9|0|0||||||0|0|||0||CF46@
12:38:48.952,E,204;System.TimeoutException: The operation has timed out.
   at System.IO.Pipes.NamedPipeClientStream.Connect(Int32 timeout)
   at AVN.Autoconsulta.core.PipeClient.MessageSentSuccessfully() in E:\00.- Proyectos\01.- Autopista Vespucio Norte\Servicio Rest\AVN.Autoconsulta.Api\AVN.Autoconsulta.core\AVC.Autoconsulta.core.Utils\PipeClient.cs:line 98
12:38:49.544,E,204;System.TimeoutException: The operation has timed out.
   at System.IO.Pipes.NamedPipeClientStream.Connect(Int32 timeout)
   at AVN.Autoconsulta.core.PipeClient.MessageSentSuccessfully() in E:\00.- Proyectos\01.- Autopista Vespucio Norte\Servicio Rest\AVN.Autoconsulta.Api\AVN.Autoconsulta.core\AVC.Autoconsulta.core.Utils\PipeClient.cs:line 98

12:39:04.822,I,000;Inicio de la clase
12:39:11.383,F,000;AVN.Autoconsulta.core.ClienteDto

12:39:39.411,I,000;Inicio de la clase

12:39:39.431,I,000;Inicio de la clase
12:39:46.504,I,000;System.Collections.Generic.List`1[AVN.Autoconsulta.core.BoletaDto]
12:39:46.504,I,000;Fin de la clase -- [GetBoletas]
12:39:46.504,Q,204;TP10PP001412041|REG|0|2017-08-18 12:39:46|2017-08-18 12:39:46|Boleta|Consulta Boletas|0|V|Consulta Boletas|10697286-9|0|0||||||0|0|||0||D62C@
12:39:46.605,F,000;AVN.Autoconsulta.core.ClienteDto
12:39:56.506,E,204;System.TimeoutException: The operation has timed out.
   at System.IO.Pipes.NamedPipeClientStream.Connect(Int32 timeout)
   at AVN.Autoconsulta.core.PipeClient.MessageSentSuccessfully() in E:\00.- Proyectos\01.- Autopista Vespucio Norte\Servicio Rest\AVN.Autoconsulta.Api\AVN.Autoconsulta.core\AVC.Autoconsulta.core.Utils\PipeClient.cs:line 98

12:42:29.723,I,000;Inicio de la clase
12:42:30.645,I,000;System.Collections.Generic.List`1[AVN.Autoconsulta.core.TransitosFacturadosDto]
12:42:30.645,I,000;Fin de la clase -- [GetTransitosNoFacturados]
12:42:30.661,Q,204;TP10PP001772041|REG|0|2017-08-18 12:42:30|2017-08-18 12:42:30|Transitos Facturados|Consulta Transitos Facturados|0|V|Consulta Transitos Facturados|NB1633|0|0||||||0|0|||0||C6FF@
12:42:30.677,I,000;System.Collections.Generic.List`1[AVN.Autoconsulta.core.DETALLE_TRANSITO]
12:42:30.677,I,000;Fin de la clase -- [GetTransitosNoFacturados]
12:42:30.693,Q,204;TP10PP001862041|REG|0|2017-08-18 12:42:30|2017-08-18 12:42:30|Transitos No Facturados|Consulta Transitos No Facturados|0|V|Consulta Transitos No Facturados|NB1633|0|0||||||0|0|||0||C468@

12:42:34.743,I,000;Inicio de la clase
12:42:35.639,I,000;System.Collections.Generic.List`1[AVN.Autoconsulta.core.DETALLE_TRANSITO]
12:42:35.639,I,000;Fin de la clase -- [GetTransitosNoFacturados]
12:42:35.655,Q,204;TP10PP001862041|REG|0|2017-08-18 12:42:35|2017-08-18 12:42:35|Transitos No Facturados|Consulta Transitos No Facturados|0|V|Consulta Transitos No Facturados|NB1633|0|0||||||0|0|||0||C45E@
12:42:35.686,I,000;System.Collections.Generic.List`1[AVN.Autoconsulta.core.TransitosFacturadosDto]
12:42:35.703,I,000;Fin de la clase -- [GetTransitosNoFacturados]
12:42:35.707,Q,204;TP10PP001772041|REG|0|2017-08-18 12:42:35|2017-08-18 12:42:35|Transitos Facturados|Consulta Transitos Facturados|0|V|Consulta Transitos Facturados|NB1633|0|0||||||0|0|||0||C6F5@
12:42:40.677,E,204;System.TimeoutException: The operation has timed out.
   at System.IO.Pipes.NamedPipeClientStream.Connect(Int32 timeout)
   at AVN.Autoconsulta.core.PipeClient.MessageSentSuccessfully() in E:\00.- Proyectos\01.- Autopista Vespucio Norte\Servicio Rest\AVN.Autoconsulta.Api\AVN.Autoconsulta.core\AVC.Autoconsulta.core.Utils\PipeClient.cs:line 98
12:42:40.693,E,204;System.TimeoutException: The operation has timed out.
   at System.IO.Pipes.NamedPipeClientStream.Connect(Int32 timeout)
   at AVN.Autoconsulta.core.PipeClient.MessageSentSuccessfully() in E:\00.- Proyectos\01.- Autopista Vespucio Norte\Servicio Rest\AVN.Autoconsulta.Api\AVN.Autoconsulta.core\AVC.Autoconsulta.core.Utils\PipeClient.cs:line 98
12:42:45.669,E,204;System.TimeoutException: The operation has timed out.
   at System.IO.Pipes.NamedPipeClientStream.Connect(Int32 timeout)
   at AVN.Autoconsulta.core.PipeClient.MessageSentSuccessfully() in E:\00.- Proyectos\01.- Autopista Vespucio Norte\Servicio Rest\AVN.Autoconsulta.Api\AVN.Autoconsulta.core\AVC.Autoconsulta.core.Utils\PipeClient.cs:line 98
12:42:45.716,E,204;System.TimeoutException: The operation has timed out.
   at System.IO.Pipes.NamedPipeClientStream.Connect(Int32 timeout)
   at AVN.Autoconsulta.core.PipeClient.MessageSentSuccessfully() in E:\00.- Proyectos\01.- Autopista Vespucio Norte\Servicio Rest\AVN.Autoconsulta.Api\AVN.Autoconsulta.core\AVC.Autoconsulta.core.Utils\PipeClient.cs:line 98

12:42:46.795,I,000;Inicio de la clase
12:42:47.701,I,000;System.Collections.Generic.List`1[AVN.Autoconsulta.core.DETALLE_TRANSITO]
12:42:47.704,I,000;Fin de la clase -- [GetTransitosNoFacturados]
12:42:47.707,Q,204;TP10PP001862041|REG|0|2017-08-18 12:42:47|2017-08-18 12:42:47|Transitos No Facturados|Consulta Transitos No Facturados|0|V|Consulta Transitos No Facturados|NB1633|0|0||||||0|0|||0||C458@
12:42:47.976,Q,204;TP10PP001792041|REG|0|2017-08-18 12:42:47|2017-08-18 12:42:47|Transitos Facturados|Impresion Transitos Facturados|0|V|Impresion Transitos Facturados|NB1633|0|0||||||0|0|||0||C613@
12:42:57.718,E,204;System.TimeoutException: The operation has timed out.
   at System.IO.Pipes.NamedPipeClientStream.Connect(Int32 timeout)
   at AVN.Autoconsulta.core.PipeClient.MessageSentSuccessfully() in E:\00.- Proyectos\01.- Autopista Vespucio Norte\Servicio Rest\AVN.Autoconsulta.Api\AVN.Autoconsulta.core\AVC.Autoconsulta.core.Utils\PipeClient.cs:line 98
12:42:57.985,E,204;System.TimeoutException: The operation has timed out.
   at System.IO.Pipes.NamedPipeClientStream.Connect(Int32 timeout)
   at AVN.Autoconsulta.core.PipeClient.MessageSentSuccessfully() in E:\00.- Proyectos\01.- Autopista Vespucio Norte\Servicio Rest\AVN.Autoconsulta.Api\AVN.Autoconsulta.core\AVC.Autoconsulta.core.Utils\PipeClient.cs:line 98

12:43:59.010,I,000;Inicio de la clase
12:43:59.932,I,000;System.Collections.Generic.List`1[AVN.Autoconsulta.core.DETALLE_TRANSITO]
12:43:59.935,I,000;Fin de la clase -- [GetTransitosNoFacturados]
12:43:59.937,Q,204;TP10PP001862041|REG|0|2017-08-18 12:43:59|2017-08-18 12:43:59|Transitos No Facturados|Consulta Transitos No Facturados|0|V|Consulta Transitos No Facturados|HZSR54|0|0||||||0|0|||0||C3FD@

12:44:04.062,I,000;Inicio de la clase
12:44:04.406,I,000;System.Collections.Generic.List`1[AVN.Autoconsulta.core.DETALLE_TRANSITO]
12:44:04.406,I,000;Fin de la clase -- [GetTransitosNoFacturados]
12:44:04.406,Q,204;TP10PP001862041|REG|0|2017-08-18 12:44:04|2017-08-18 12:44:04|Transitos No Facturados|Consulta Transitos No Facturados|0|V|Consulta Transitos No Facturados|HZSR54|0|0||||||0|0|||0||C40F@
12:44:09.937,E,204;System.TimeoutException: The operation has timed out.
   at System.IO.Pipes.NamedPipeClientStream.Connect(Int32 timeout)
   at AVN.Autoconsulta.core.PipeClient.MessageSentSuccessfully() in E:\00.- Proyectos\01.- Autopista Vespucio Norte\Servicio Rest\AVN.Autoconsulta.Api\AVN.Autoconsulta.core\AVC.Autoconsulta.core.Utils\PipeClient.cs:line 98
12:44:14.423,E,204;System.TimeoutException: The operation has timed out.
   at System.IO.Pipes.NamedPipeClientStream.Connect(Int32 timeout)
   at AVN.Autoconsulta.core.PipeClient.MessageSentSuccessfully() in E:\00.- Proyectos\01.- Autopista Vespucio Norte\Servicio Rest\AVN.Autoconsulta.Api\AVN.Autoconsulta.core\AVC.Autoconsulta.core.Utils\PipeClient.cs:line 98

12:44:48.830,I,000;Inicio de la clase
12:44:49.236,I,000;System.Collections.Generic.List`1[AVN.Autoconsulta.core.DETALLE_TRANSITO]
12:44:49.239,I,000;Fin de la clase -- [GetTransitosNoFacturados]
12:44:49.242,Q,204;TP10PP001862041|REG|0|2017-08-18 12:44:49|2017-08-18 12:44:49|Transitos No Facturados|Consulta Transitos No Facturados|0|V|Consulta Transitos No Facturados|HZSR54|0|0||||||0|0|||0||C3FD@
12:44:49.929,Q,204;TP10PP001792041|REG|0|2017-08-18 12:44:49|2017-08-18 12:44:49|Transitos Facturados|Impresion Transitos Facturados|0|V|Impresion Transitos Facturados|HZSR54|0|0||||||0|0|||0||C5B8@
12:44:59.242,E,204;System.TimeoutException: The operation has timed out.
   at System.IO.Pipes.NamedPipeClientStream.Connect(Int32 timeout)
   at AVN.Autoconsulta.core.PipeClient.MessageSentSuccessfully() in E:\00.- Proyectos\01.- Autopista Vespucio Norte\Servicio Rest\AVN.Autoconsulta.Api\AVN.Autoconsulta.core\AVC.Autoconsulta.core.Utils\PipeClient.cs:line 98
12:44:59.932,E,204;System.TimeoutException: The operation has timed out.
   at System.IO.Pipes.NamedPipeClientStream.Connect(Int32 timeout)
   at AVN.Autoconsulta.core.PipeClient.MessageSentSuccessfully() in E:\00.- Proyectos\01.- Autopista Vespucio Norte\Servicio Rest\AVN.Autoconsulta.Api\AVN.Autoconsulta.core\AVC.Autoconsulta.core.Utils\PipeClient.cs:line 98

12:45:25.498,I,000;Inicio de la clase
12:45:26.513,I,000;System.Collections.Generic.List`1[AVN.Autoconsulta.core.TransitosFacturadosDto]
12:45:26.516,I,000;Fin de la clase -- [GetTransitosNoFacturados]
12:45:26.519,Q,204;TP10PP001772041|REG|0|2017-08-18 12:45:26|2017-08-18 12:45:26|Transitos Facturados|Consulta Transitos Facturados|0|V|Consulta Transitos Facturados|BGXT65|0|0||||||0|0|||0||C6AC@

12:45:30.537,I,000;Inicio de la clase
12:45:30.838,I,000;System.Collections.Generic.List`1[AVN.Autoconsulta.core.TransitosFacturadosDto]
12:45:30.838,I,000;Fin de la clase -- [GetTransitosNoFacturados]
12:45:30.838,Q,204;TP10PP001772041|REG|0|2017-08-18 12:45:30|2017-08-18 12:45:30|Transitos Facturados|Consulta Transitos Facturados|0|V|Consulta Transitos Facturados|BGXT65|0|0||||||0|0|||0||C6B6@
12:45:36.534,E,204;System.TimeoutException: The operation has timed out.
   at System.IO.Pipes.NamedPipeClientStream.Connect(Int32 timeout)
   at AVN.Autoconsulta.core.PipeClient.MessageSentSuccessfully() in E:\00.- Proyectos\01.- Autopista Vespucio Norte\Servicio Rest\AVN.Autoconsulta.Api\AVN.Autoconsulta.core\AVC.Autoconsulta.core.Utils\PipeClient.cs:line 98
12:45:40.871,E,204;System.TimeoutException: The operation has timed out.
   at System.IO.Pipes.NamedPipeClientStream.Connect(Int32 timeout)
   at AVN.Autoconsulta.core.PipeClient.MessageSentSuccessfully() in E:\00.- Proyectos\01.- Autopista Vespucio Norte\Servicio Rest\AVN.Autoconsulta.Api\AVN.Autoconsulta.core\AVC.Autoconsulta.core.Utils\PipeClient.cs:line 98

12:46:14.308,I,000;Inicio de la clase
12:46:15.541,I,000;System.Collections.Generic.List`1[AVN.Autoconsulta.core.TransitosFacturadosDto]
12:46:15.541,I,000;Fin de la clase -- [GetTransitosNoFacturados]
12:46:15.541,Q,204;TP10PP001772041|REG|0|2017-08-18 12:46:15|2017-08-18 12:46:15|Transitos Facturados|Consulta Transitos Facturados|0|V|Consulta Transitos Facturados|PK1089|0|0||||||0|0|||0||C6E1@

12:46:19.341,I,000;Inicio de la clase
12:46:19.609,I,000;System.Collections.Generic.List`1[AVN.Autoconsulta.core.TransitosFacturadosDto]
12:46:19.612,I,000;Fin de la clase -- [GetTransitosNoFacturados]
12:46:19.613,Q,204;TP10PP001772041|REG|0|2017-08-18 12:46:19|2017-08-18 12:46:19|Transitos Facturados|Consulta Transitos Facturados|0|V|Consulta Transitos Facturados|PK1089|0|0||||||0|0|||0||C6D9@
12:46:25.562,E,204;System.TimeoutException: The operation has timed out.
   at System.IO.Pipes.NamedPipeClientStream.Connect(Int32 timeout)
   at AVN.Autoconsulta.core.PipeClient.MessageSentSuccessfully() in E:\00.- Proyectos\01.- Autopista Vespucio Norte\Servicio Rest\AVN.Autoconsulta.Api\AVN.Autoconsulta.core\AVC.Autoconsulta.core.Utils\PipeClient.cs:line 98
12:46:29.613,E,204;System.TimeoutException: The operation has timed out.
   at System.IO.Pipes.NamedPipeClientStream.Connect(Int32 timeout)
   at AVN.Autoconsulta.core.PipeClient.MessageSentSuccessfully() in E:\00.- Proyectos\01.- Autopista Vespucio Norte\Servicio Rest\AVN.Autoconsulta.Api\AVN.Autoconsulta.core\AVC.Autoconsulta.core.Utils\PipeClient.cs:line 98

12:46:32.926,I,000;Inicio de la clase
12:46:37.071,I,000;System.Collections.Generic.List`1[AVN.Autoconsulta.core.TransitosFacturadosDto]
12:46:37.076,I,000;Fin de la clase -- [GetTransitosNoFacturados]
12:46:37.079,Q,204;TP10PP001772041|REG|0|2017-08-18 12:46:37|2017-08-18 12:46:37|Transitos Facturados|Consulta Transitos Facturados|0|V|Consulta Transitos Facturados|YV3690|0|0||||||0|0|||0||C6C5@

12:46:37.960,I,000;Inicio de la clase
12:46:39.734,I,000;System.Collections.Generic.List`1[AVN.Autoconsulta.core.TransitosFacturadosDto]
12:46:39.734,I,000;Fin de la clase -- [GetTransitosNoFacturados]
12:46:39.750,Q,204;TP10PP001772041|REG|0|2017-08-18 12:46:39|2017-08-18 12:46:39|Transitos Facturados|Consulta Transitos Facturados|0|V|Consulta Transitos Facturados|YV3690|0|0||||||0|0|||0||C6C1@
12:46:47.106,E,204;System.TimeoutException: The operation has timed out.
   at System.IO.Pipes.NamedPipeClientStream.Connect(Int32 timeout)
   at AVN.Autoconsulta.core.PipeClient.MessageSentSuccessfully() in E:\00.- Proyectos\01.- Autopista Vespucio Norte\Servicio Rest\AVN.Autoconsulta.Api\AVN.Autoconsulta.core\AVC.Autoconsulta.core.Utils\PipeClient.cs:line 98
12:46:49.759,E,204;System.TimeoutException: The operation has timed out.
   at System.IO.Pipes.NamedPipeClientStream.Connect(Int32 timeout)
   at AVN.Autoconsulta.core.PipeClient.MessageSentSuccessfully() in E:\00.- Proyectos\01.- Autopista Vespucio Norte\Servicio Rest\AVN.Autoconsulta.Api\AVN.Autoconsulta.core\AVC.Autoconsulta.core.Utils\PipeClient.cs:line 98
12:48:01.848,I,000;System.Collections.Generic.List`1[AVN.Autoconsulta.core.CertificadosDto]
12:48:01.850,I,000;Fin de la clase -- [GetBoletas]
12:48:01.905,Q,204;TP10PP001552041|REG|0|2017-08-18 12:48:01|2017-08-18 12:48:01|Certificado|Consulta Certificado|0|V|Consulta Certificado|7.364.499-2|0|0||||||0|0|||0||D0E5@
12:48:11.563,I,000;System.Collections.Generic.List`1[AVN.Autoconsulta.core.CertificadosDto]
12:48:11.565,I,000;Fin de la clase -- [GetBoletas]
12:48:11.904,E,204;System.TimeoutException: The operation has timed out.
   at System.IO.Pipes.NamedPipeClientStream.Connect(Int32 timeout)
   at AVN.Autoconsulta.core.PipeClient.MessageSentSuccessfully() in E:\00.- Proyectos\01.- Autopista Vespucio Norte\Servicio Rest\AVN.Autoconsulta.Api\AVN.Autoconsulta.core\AVC.Autoconsulta.core.Utils\PipeClient.cs:line 98
12:48:11.939,Q,204;TP10PP001572041|REG|0|2017-08-18 12:48:11|2017-08-18 12:48:11|Certificado|Impresion Certificado|0|V|Impresion Certificado|7.364.499-2|0|0||||||0|0|||0||D007@
12:48:21.934,E,204;System.TimeoutException: The operation has timed out.
   at System.IO.Pipes.NamedPipeClientStream.Connect(Int32 timeout)
   at AVN.Autoconsulta.core.PipeClient.MessageSentSuccessfully() in E:\00.- Proyectos\01.- Autopista Vespucio Norte\Servicio Rest\AVN.Autoconsulta.Api\AVN.Autoconsulta.core\AVC.Autoconsulta.core.Utils\PipeClient.cs:line 98

13:00:50.560,I,000;Inicio de la clase
13:00:52.615,I,000;System.Collections.Generic.List`1[AVN.Autoconsulta.core.TransitosFacturadosDto]
13:00:52.649,I,000;Fin de la clase -- [GetTransitosNoFacturados]
13:00:52.652,Q,204;TP10PP001772041|REG|0|2017-08-18 13:00:52|2017-08-18 13:00:52|Transitos Facturados|Consulta Transitos Facturados|0|V|Consulta Transitos Facturados|YV3690|0|0||||||0|0|||0||C6DD@

13:00:55.588,I,000;Inicio de la clase
13:00:57.763,I,000;System.Collections.Generic.List`1[AVN.Autoconsulta.core.TransitosFacturadosDto]
13:00:57.763,I,000;Fin de la clase -- [GetTransitosNoFacturados]
13:00:57.763,Q,204;TP10PP001772041|REG|0|2017-08-18 13:00:57|2017-08-18 13:00:57|Transitos Facturados|Consulta Transitos Facturados|0|V|Consulta Transitos Facturados|YV3690|0|0||||||0|0|||0||C6D3@
13:01:02.672,E,204;System.TimeoutException: The operation has timed out.
   at System.IO.Pipes.NamedPipeClientStream.Connect(Int32 timeout)
   at AVN.Autoconsulta.core.PipeClient.MessageSentSuccessfully() in E:\00.- Proyectos\01.- Autopista Vespucio Norte\Servicio Rest\AVN.Autoconsulta.Api\AVN.Autoconsulta.core\AVC.Autoconsulta.core.Utils\PipeClient.cs:line 98
13:01:07.783,E,204;System.TimeoutException: The operation has timed out.
   at System.IO.Pipes.NamedPipeClientStream.Connect(Int32 timeout)
   at AVN.Autoconsulta.core.PipeClient.MessageSentSuccessfully() in E:\00.- Proyectos\01.- Autopista Vespucio Norte\Servicio Rest\AVN.Autoconsulta.Api\AVN.Autoconsulta.core\AVC.Autoconsulta.core.Utils\PipeClient.cs:line 98

13:03:50.441,I,000;Inicio de la clase

13:03:50.463,I,000;Inicio de la clase
13:03:57.118,I,000;System.Collections.Generic.List`1[AVN.Autoconsulta.core.BoletaDto]
13:03:57.118,I,000;Fin de la clase -- [GetBoletas]
13:03:57.133,F,000;AVN.Autoconsulta.core.ClienteDto
13:03:57.149,Q,204;TP10PP001412041|REG|0|2017-08-18 13:03:57|2017-08-18 13:03:57|Boleta|Consulta Boletas|0|V|Consulta Boletas|12484157-7|0|0||||||0|0|||0||D641@
13:04:07.188,E,204;System.TimeoutException: The operation has timed out.
   at System.IO.Pipes.NamedPipeClientStream.Connect(Int32 timeout)
   at AVN.Autoconsulta.core.PipeClient.MessageSentSuccessfully() in E:\00.- Proyectos\01.- Autopista Vespucio Norte\Servicio Rest\AVN.Autoconsulta.Api\AVN.Autoconsulta.core\AVC.Autoconsulta.core.Utils\PipeClient.cs:line 98

13:04:23.460,I,000;Inicio de la clase

13:04:23.479,I,000;Inicio de la clase
13:04:36.816,F,000;AVN.Autoconsulta.core.ClienteDto
13:04:36.848,I,000;System.Collections.Generic.List`1[AVN.Autoconsulta.core.BoletaDto]
13:04:36.863,I,000;Fin de la clase -- [GetBoletas]
13:04:36.863,Q,204;TP10PP001402041|REG|0|2017-08-18 13:04:36|2017-08-18 13:04:36|Boleta|Consulta Boletas|0|V|Consulta Boletas|128776486|0|0||||||0|0|||0||D669@
13:04:46.874,E,204;System.TimeoutException: The operation has timed out.
   at System.IO.Pipes.NamedPipeClientStream.Connect(Int32 timeout)
   at AVN.Autoconsulta.core.PipeClient.MessageSentSuccessfully() in E:\00.- Proyectos\01.- Autopista Vespucio Norte\Servicio Rest\AVN.Autoconsulta.Api\AVN.Autoconsulta.core\AVC.Autoconsulta.core.Utils\PipeClient.cs:line 98

13:06:42.567,I,000;Inicio de la clase
13:07:07.106,F,000;AVN.Autoconsulta.core.ClienteDto
13:07:07.192,I,000;Server=localhost;Port=5432;Database=Pago;User ID=TpackP;Password=tpackp
13:07:07.196,I,000;Inicio Conexion BD
13:07:07.199,I,000;Ejecución OK
13:07:07.200,I,000;Termino de Consulta a la BD

14:38:39.621,I,000;Inicio de la clase
14:38:40.686,I,000;System.Collections.Generic.List`1[AVN.Autoconsulta.core.DETALLE_TRANSITO]
14:38:40.696,I,000;Fin de la clase -- [GetTransitosNoFacturados]
14:38:40.711,Q,204;TP10PP001862041|REG|0|2017-08-18 14:38:40|2017-08-18 14:38:40|Transitos No Facturados|Consulta Transitos No Facturados|0|V|Consulta Transitos No Facturados|HZSR54|0|0||||||0|0|||0||C405@
14:38:50.716,E,204;System.TimeoutException: The operation has timed out.
   at System.IO.Pipes.NamedPipeClientStream.Connect(Int32 timeout)
   at AVN.Autoconsulta.core.PipeClient.MessageSentSuccessfully() in E:\00.- Proyectos\01.- Autopista Vespucio Norte\Servicio Rest\AVN.Autoconsulta.Api\AVN.Autoconsulta.core\AVC.Autoconsulta.core.Utils\PipeClient.cs:line 98
