
12:28:45.045,I,000;Inicio Método
12:28:45.500,R,000;AVN.Autoconsulta.core.SVC_AVN_1_2.responseConsultaInfoTagDTO
12:28:45.520,Q,204;TP10PP001382041|REG|0|2017-07-26 12:28:45|2017-07-26 12:28:45|Saldo|Consulta Saldo|0|V|Consulta Saldo|17.122.588-4|0|0||||||0|0|||0||D7F0@
12:28:45.567,I,000;Server=localhost;Port=5432;Database=Pago;User ID=TpackP;Password=tpackp
12:28:45.567,I,000;Inicio Conexion BD
12:28:45.567,I,000;Ejecución OK
12:28:45.567,I,000;Termino de Consulta a la BD
12:28:55.545,E,204;System.TimeoutException: The operation has timed out.
   at System.IO.Pipes.NamedPipeClientStream.Connect(Int32 timeout)
   at AVN.Autoconsulta.core.PipeClient.MessageSentSuccessfully() in E:\00.- Proyectos\01.- Autopista Vespucio Norte\Servicio Rest\AVN.Autoconsulta.Api\AVN.Autoconsulta.core\AVC.Autoconsulta.core.Utils\PipeClient.cs:line 98

12:45:00.196,I,000;Inicio Método
12:45:00.978,R,000;AVN.Autoconsulta.core.SVC_AVN_1_2.responseConsultaInfoTagDTO
12:45:00.978,Q,204;TP10PP001372041|REG|0|2017-07-26 12:45:00|2017-07-26 12:45:00|Saldo|Consulta Saldo|0|V|Consulta Saldo|9.718.601-4|0|0||||||0|0|||0||D837@
12:45:01.026,I,000;Server=localhost;Port=5432;Database=Pago;User ID=TpackP;Password=tpackp
12:45:01.029,I,000;Inicio Conexion BD
12:45:01.036,I,000;Ejecución OK
12:45:01.037,I,000;Termino de Consulta a la BD
12:45:11.005,E,204;System.TimeoutException: The operation has timed out.
   at System.IO.Pipes.NamedPipeClientStream.Connect(Int32 timeout)
   at AVN.Autoconsulta.core.PipeClient.MessageSentSuccessfully() in E:\00.- Proyectos\01.- Autopista Vespucio Norte\Servicio Rest\AVN.Autoconsulta.Api\AVN.Autoconsulta.core\AVC.Autoconsulta.core.Utils\PipeClient.cs:line 98

12:45:54.334,I,000;Inicio Método
12:45:55.032,R,000;AVN.Autoconsulta.core.SVC_AVN_1_2.responseConsultaInfoTagDTO
12:45:55.048,Q,204;TP10PP001372041|REG|0|2017-07-26 12:45:55|2017-07-26 12:45:55|Saldo|Consulta Saldo|0|V|Consulta Saldo|9.718.601-4|0|0||||||0|0|||0||D823@
12:45:55.079,I,000;Server=localhost;Port=5432;Database=Pago;User ID=TpackP;Password=tpackp
12:45:55.079,I,000;Inicio Conexion BD
12:45:55.094,I,000;Ejecución OK
12:45:55.094,I,000;Termino de Consulta a la BD
12:46:05.036,E,204;System.TimeoutException: The operation has timed out.
   at System.IO.Pipes.NamedPipeClientStream.Connect(Int32 timeout)
   at AVN.Autoconsulta.core.PipeClient.MessageSentSuccessfully() in E:\00.- Proyectos\01.- Autopista Vespucio Norte\Servicio Rest\AVN.Autoconsulta.Api\AVN.Autoconsulta.core\AVC.Autoconsulta.core.Utils\PipeClient.cs:line 98

13:03:59.821,I,000;Inicio Método
13:04:00.512,R,000;AVN.Autoconsulta.core.SVC_AVN_1_2.responseConsultaInfoTagDTO
13:04:00.527,Q,204;TP10PP001372041|REG|0|2017-07-26 13:04:00|2017-07-26 13:04:00|Saldo|Consulta Saldo|0|V|Consulta Saldo|9.718.601-4|0|0||||||0|0|||0||D83F@
13:04:00.559,I,000;Server=localhost;Port=5432;Database=Pago;User ID=TpackP;Password=tpackp
13:04:00.559,I,000;Inicio Conexion BD
13:04:00.559,I,000;Ejecución OK
13:04:00.559,I,000;Termino de Consulta a la BD
13:04:10.526,E,204;System.TimeoutException: The operation has timed out.
   at System.IO.Pipes.NamedPipeClientStream.Connect(Int32 timeout)
   at AVN.Autoconsulta.core.PipeClient.MessageSentSuccessfully() in E:\00.- Proyectos\01.- Autopista Vespucio Norte\Servicio Rest\AVN.Autoconsulta.Api\AVN.Autoconsulta.core\AVC.Autoconsulta.core.Utils\PipeClient.cs:line 98

13:07:27.380,I,000;Inicio Método
13:07:28.368,R,000;AVN.Autoconsulta.core.SVC_AVN_1_2.responseConsultaInfoTagDTO
13:07:28.368,Q,204;TP10PP001382041|REG|0|2017-07-26 13:07:28|2017-07-26 13:07:28|Saldo|Consulta Saldo|0|V|Consulta Saldo|12.886.980-8|0|0||||||0|0|||0||D7E6@
13:07:28.399,I,000;Server=localhost;Port=5432;Database=Pago;User ID=TpackP;Password=tpackp
13:07:28.399,I,000;Inicio Conexion BD
13:07:28.399,I,000;Ejecución OK
13:07:28.399,I,000;Termino de Consulta a la BD
13:07:38.359,E,204;System.TimeoutException: The operation has timed out.
   at System.IO.Pipes.NamedPipeClientStream.Connect(Int32 timeout)
   at AVN.Autoconsulta.core.PipeClient.MessageSentSuccessfully() in E:\00.- Proyectos\01.- Autopista Vespucio Norte\Servicio Rest\AVN.Autoconsulta.Api\AVN.Autoconsulta.core\AVC.Autoconsulta.core.Utils\PipeClient.cs:line 98
13:17:10.033,Q,204;TP10PP001432041|REG|0|2017-07-26 13:17:10|2017-07-26 13:17:10|Boleta|Consulta Boletas|0|V|Consulta Boletas|17.122.588-4|0|0||||||0|0|||0||D5F4@
13:17:20.042,E,204;System.TimeoutException: The operation has timed out.
   at System.IO.Pipes.NamedPipeClientStream.Connect(Int32 timeout)
   at AVN.Autoconsulta.core.PipeClient.MessageSentSuccessfully() in E:\00.- Proyectos\01.- Autopista Vespucio Norte\Servicio Rest\AVN.Autoconsulta.Api\AVN.Autoconsulta.core\AVC.Autoconsulta.core.Utils\PipeClient.cs:line 98
13:19:16.070,Q,204;TP10PP001432041|REG|0|2017-07-26 13:19:16|2017-07-26 13:19:16|Boleta|Consulta Boletas|0|V|Consulta Boletas|17.122.588-4|0|0||||||0|0|||0||D5E4@
13:19:26.062,E,204;System.TimeoutException: The operation has timed out.
   at System.IO.Pipes.NamedPipeClientStream.Connect(Int32 timeout)
   at AVN.Autoconsulta.core.PipeClient.MessageSentSuccessfully() in E:\00.- Proyectos\01.- Autopista Vespucio Norte\Servicio Rest\AVN.Autoconsulta.Api\AVN.Autoconsulta.core\AVC.Autoconsulta.core.Utils\PipeClient.cs:line 98
13:31:29.385,Q,204;TP10PP001862041|REG|0|2017-07-26 13:31:29|2017-07-26 13:31:29|Transitos No Facturados|Consulta Transitos No Facturados|0|V|Consulta Transitos No Facturados|CPHH16|0|0||||||0|0|||0||C431@
13:31:29.400,Q,204;TP10PP001772041|REG|0|2017-07-26 13:31:29|2017-07-26 13:31:29|Transitos Facturados|Consulta Transitos Facturados|0|V|Consulta Transitos Facturados|CPHH16|0|0||||||0|0|||0||C6C8@
13:31:31.189,Q,204;TP10PP001772041|REG|0|2017-07-26 13:31:31|2017-07-26 13:31:31|Transitos Facturados|Consulta Transitos Facturados|0|V|Consulta Transitos Facturados|CPHH16|0|0||||||0|0|||0||C6D6@
13:31:37.981,Q,204;TP10PP001862041|REG|0|2017-07-26 13:31:37|2017-07-26 13:31:37|Transitos No Facturados|Consulta Transitos No Facturados|0|V|Consulta Transitos No Facturados|CPHH16|0|0||||||0|0|||0||C433@
13:31:39.388,E,204;System.TimeoutException: The operation has timed out.
   at System.IO.Pipes.NamedPipeClientStream.Connect(Int32 timeout)
   at AVN.Autoconsulta.core.PipeClient.MessageSentSuccessfully() in E:\00.- Proyectos\01.- Autopista Vespucio Norte\Servicio Rest\AVN.Autoconsulta.Api\AVN.Autoconsulta.core\AVC.Autoconsulta.core.Utils\PipeClient.cs:line 98
13:31:39.388,E,204;System.TimeoutException: The operation has timed out.
   at System.IO.Pipes.NamedPipeClientStream.Connect(Int32 timeout)
   at AVN.Autoconsulta.core.PipeClient.MessageSentSuccessfully() in E:\00.- Proyectos\01.- Autopista Vespucio Norte\Servicio Rest\AVN.Autoconsulta.Api\AVN.Autoconsulta.core\AVC.Autoconsulta.core.Utils\PipeClient.cs:line 98
13:31:41.182,E,204;System.TimeoutException: The operation has timed out.
   at System.IO.Pipes.NamedPipeClientStream.Connect(Int32 timeout)
   at AVN.Autoconsulta.core.PipeClient.MessageSentSuccessfully() in E:\00.- Proyectos\01.- Autopista Vespucio Norte\Servicio Rest\AVN.Autoconsulta.Api\AVN.Autoconsulta.core\AVC.Autoconsulta.core.Utils\PipeClient.cs:line 98
13:31:47.968,E,204;System.TimeoutException: The operation has timed out.
   at System.IO.Pipes.NamedPipeClientStream.Connect(Int32 timeout)
   at AVN.Autoconsulta.core.PipeClient.MessageSentSuccessfully() in E:\00.- Proyectos\01.- Autopista Vespucio Norte\Servicio Rest\AVN.Autoconsulta.Api\AVN.Autoconsulta.core\AVC.Autoconsulta.core.Utils\PipeClient.cs:line 98
13:36:21.777,Q,204;TP10PP001862041|REG|0|2017-07-26 13:36:21|2017-07-26 13:36:21|Transitos No Facturados|Consulta Transitos No Facturados|0|V|Consulta Transitos No Facturados|CPHH16|0|0||||||0|0|||0||C437@
13:36:31.765,E,204;System.TimeoutException: The operation has timed out.
   at System.IO.Pipes.NamedPipeClientStream.Connect(Int32 timeout)
   at AVN.Autoconsulta.core.PipeClient.MessageSentSuccessfully() in E:\00.- Proyectos\01.- Autopista Vespucio Norte\Servicio Rest\AVN.Autoconsulta.Api\AVN.Autoconsulta.core\AVC.Autoconsulta.core.Utils\PipeClient.cs:line 98
13:44:07.965,Q,204;TP10PP001772041|REG|0|2017-07-26 13:44:07|2017-07-26 13:44:07|Transitos Facturados|Consulta Transitos Facturados|0|V|Consulta Transitos Facturados|CPHH16|0|0||||||0|0|||0||C6C8@
13:44:13.471,Q,204;TP10PP001862041|REG|0|2017-07-26 13:44:13|2017-07-26 13:44:13|Transitos No Facturados|Consulta Transitos No Facturados|0|V|Consulta Transitos No Facturados|CPHH16|0|0||||||0|0|||0||C437@
13:44:17.971,E,204;System.TimeoutException: The operation has timed out.
   at System.IO.Pipes.NamedPipeClientStream.Connect(Int32 timeout)
   at AVN.Autoconsulta.core.PipeClient.MessageSentSuccessfully() in E:\00.- Proyectos\01.- Autopista Vespucio Norte\Servicio Rest\AVN.Autoconsulta.Api\AVN.Autoconsulta.core\AVC.Autoconsulta.core.Utils\PipeClient.cs:line 98
13:44:23.493,E,204;System.TimeoutException: The operation has timed out.
   at System.IO.Pipes.NamedPipeClientStream.Connect(Int32 timeout)
   at AVN.Autoconsulta.core.PipeClient.MessageSentSuccessfully() in E:\00.- Proyectos\01.- Autopista Vespucio Norte\Servicio Rest\AVN.Autoconsulta.Api\AVN.Autoconsulta.core\AVC.Autoconsulta.core.Utils\PipeClient.cs:line 98
13:47:41.939,Q,204;TP10PP001772041|REG|0|2017-07-26 13:47:41|2017-07-26 13:47:41|Transitos Facturados|Consulta Transitos Facturados|0|V|Consulta Transitos Facturados|CPHH16|0|0||||||0|0|||0||C6C6@
13:47:41.987,Q,204;TP10PP001862041|REG|0|2017-07-26 13:47:41|2017-07-26 13:47:41|Transitos No Facturados|Consulta Transitos No Facturados|0|V|Consulta Transitos No Facturados|CPHH16|0|0||||||0|0|||0||C42F@
13:47:51.950,E,204;System.TimeoutException: The operation has timed out.
   at System.IO.Pipes.NamedPipeClientStream.Connect(Int32 timeout)
   at AVN.Autoconsulta.core.PipeClient.MessageSentSuccessfully() in E:\00.- Proyectos\01.- Autopista Vespucio Norte\Servicio Rest\AVN.Autoconsulta.Api\AVN.Autoconsulta.core\AVC.Autoconsulta.core.Utils\PipeClient.cs:line 98
13:47:51.997,E,204;System.TimeoutException: The operation has timed out.
   at System.IO.Pipes.NamedPipeClientStream.Connect(Int32 timeout)
   at AVN.Autoconsulta.core.PipeClient.MessageSentSuccessfully() in E:\00.- Proyectos\01.- Autopista Vespucio Norte\Servicio Rest\AVN.Autoconsulta.Api\AVN.Autoconsulta.core\AVC.Autoconsulta.core.Utils\PipeClient.cs:line 98
13:48:23.777,Q,204;TP10PP001772041|REG|0|2017-07-26 13:48:23|2017-07-26 13:48:23|Transitos Facturados|Consulta Transitos Facturados|0|V|Consulta Transitos Facturados|CPHH16|0|0||||||0|0|||0||C6C4@
13:48:23.836,Q,204;TP10PP001862041|REG|0|2017-07-26 13:48:23|2017-07-26 13:48:23|Transitos No Facturados|Consulta Transitos No Facturados|0|V|Consulta Transitos No Facturados|CPHH16|0|0||||||0|0|||0||C42D@
13:48:33.772,E,204;System.TimeoutException: The operation has timed out.
   at System.IO.Pipes.NamedPipeClientStream.Connect(Int32 timeout)
   at AVN.Autoconsulta.core.PipeClient.MessageSentSuccessfully() in E:\00.- Proyectos\01.- Autopista Vespucio Norte\Servicio Rest\AVN.Autoconsulta.Api\AVN.Autoconsulta.core\AVC.Autoconsulta.core.Utils\PipeClient.cs:line 98
13:48:33.850,E,204;System.TimeoutException: The operation has timed out.
   at System.IO.Pipes.NamedPipeClientStream.Connect(Int32 timeout)
   at AVN.Autoconsulta.core.PipeClient.MessageSentSuccessfully() in E:\00.- Proyectos\01.- Autopista Vespucio Norte\Servicio Rest\AVN.Autoconsulta.Api\AVN.Autoconsulta.core\AVC.Autoconsulta.core.Utils\PipeClient.cs:line 98
13:51:39.048,Q,204;TP10PP001862041|REG|0|2017-07-26 13:51:39|2017-07-26 13:51:39|Transitos No Facturados|Consulta Transitos No Facturados|0|V|Consulta Transitos No Facturados|BGXT65|0|0||||||0|0|||0||C415@
13:51:43.914,Q,204;TP10PP001862041|REG|0|2017-07-26 13:51:43|2017-07-26 13:51:43|Transitos No Facturados|Consulta Transitos No Facturados|0|V|Consulta Transitos No Facturados|BGXT65|0|0||||||0|0|||0||C41F@
13:51:49.064,E,204;System.TimeoutException: The operation has timed out.
   at System.IO.Pipes.NamedPipeClientStream.Connect(Int32 timeout)
   at AVN.Autoconsulta.core.PipeClient.MessageSentSuccessfully() in E:\00.- Proyectos\01.- Autopista Vespucio Norte\Servicio Rest\AVN.Autoconsulta.Api\AVN.Autoconsulta.core\AVC.Autoconsulta.core.Utils\PipeClient.cs:line 98
13:51:53.913,E,204;System.TimeoutException: The operation has timed out.
   at System.IO.Pipes.NamedPipeClientStream.Connect(Int32 timeout)
   at AVN.Autoconsulta.core.PipeClient.MessageSentSuccessfully() in E:\00.- Proyectos\01.- Autopista Vespucio Norte\Servicio Rest\AVN.Autoconsulta.Api\AVN.Autoconsulta.core\AVC.Autoconsulta.core.Utils\PipeClient.cs:line 98
14:00:25.869,Q,204;TP10PP001562041|REG|0|2017-07-26 14:00:25|2017-07-26 14:00:25|Certificado|Consulta Certificado|0|V|Consulta Certificado|10.069.244-9|0|0||||||0|0|||0||D0C9@
14:00:35.896,E,204;System.TimeoutException: The operation has timed out.
   at System.IO.Pipes.NamedPipeClientStream.Connect(Int32 timeout)
   at AVN.Autoconsulta.core.PipeClient.MessageSentSuccessfully() in E:\00.- Proyectos\01.- Autopista Vespucio Norte\Servicio Rest\AVN.Autoconsulta.Api\AVN.Autoconsulta.core\AVC.Autoconsulta.core.Utils\PipeClient.cs:line 98
15:16:41.183,Q,204;TP10PP001412041|REG|0|2017-07-26 15:16:41|2017-07-26 15:16:41|Boleta|Consulta Boletas|0|V|Consulta Boletas|12484157-7|0|0||||||0|0|||0||D647@
15:16:51.175,E,204;System.TimeoutException: The operation has timed out.
   at System.IO.Pipes.NamedPipeClientStream.Connect(Int32 timeout)
   at AVN.Autoconsulta.core.PipeClient.MessageSentSuccessfully() in E:\00.- Proyectos\01.- Autopista Vespucio Norte\Servicio Rest\AVN.Autoconsulta.Api\AVN.Autoconsulta.core\AVC.Autoconsulta.core.Utils\PipeClient.cs:line 98
15:17:48.105,Q,204;TP10PP001412041|REG|0|2017-07-26 15:17:48|2017-07-26 15:17:48|Boleta|Consulta Boletas|0|V|Consulta Boletas|18021201-9|0|0||||||0|0|||0||D646@
15:17:58.116,E,204;System.TimeoutException: The operation has timed out.
   at System.IO.Pipes.NamedPipeClientStream.Connect(Int32 timeout)
   at AVN.Autoconsulta.core.PipeClient.MessageSentSuccessfully() in E:\00.- Proyectos\01.- Autopista Vespucio Norte\Servicio Rest\AVN.Autoconsulta.Api\AVN.Autoconsulta.core\AVC.Autoconsulta.core.Utils\PipeClient.cs:line 98

15:29:11.890,I,000;Inicio Método
15:29:12.223,R,000;AVN.Autoconsulta.core.SVC_AVN_1_2.responseConsultaInfoTagDTO
15:29:12.226,Q,204;TP10PP001382041|REG|0|2017-07-26 15:29:12|2017-07-26 15:29:12|Saldo|Consulta Saldo|0|V|Consulta Saldo|17.122.588-4|0|0||||||0|0|||0||D7F4@
15:29:12.294,I,000;Server=localhost;Port=5432;Database=Pago;User ID=TpackP;Password=tpackp
15:29:12.296,I,000;Inicio Conexion BD
15:29:12.300,I,000;Ejecución OK
15:29:12.305,I,000;Termino de Consulta a la BD
15:29:13.009,Q,204;TP10PP001792041|REG|0|2017-07-26 15:29:13|2017-07-26 15:29:13|Transitos Facturados|Impresion Transitos Facturados|0|V|Impresion Transitos Facturados|CPHH16|0|0||||||0|0|||0||C5E8@
15:29:13.445,Q,204;TP10PP001582041|REG|0|2017-07-26 15:29:13|2017-07-26 15:29:13|Certificado|Impresion Certificado|0|V|Impresion Certificado|10.069.244-9|0|0||||||0|0|||0||CFDB@
15:29:22.223,E,204;System.TimeoutException: The operation has timed out.
   at System.IO.Pipes.NamedPipeClientStream.Connect(Int32 timeout)
   at AVN.Autoconsulta.core.PipeClient.MessageSentSuccessfully() in E:\00.- Proyectos\01.- Autopista Vespucio Norte\Servicio Rest\AVN.Autoconsulta.Api\AVN.Autoconsulta.core\AVC.Autoconsulta.core.Utils\PipeClient.cs:line 98
15:29:23.003,E,204;System.TimeoutException: The operation has timed out.
   at System.IO.Pipes.NamedPipeClientStream.Connect(Int32 timeout)
   at AVN.Autoconsulta.core.PipeClient.MessageSentSuccessfully() in E:\00.- Proyectos\01.- Autopista Vespucio Norte\Servicio Rest\AVN.Autoconsulta.Api\AVN.Autoconsulta.core\AVC.Autoconsulta.core.Utils\PipeClient.cs:line 98
15:29:23.443,E,204;System.TimeoutException: The operation has timed out.
   at System.IO.Pipes.NamedPipeClientStream.Connect(Int32 timeout)
   at AVN.Autoconsulta.core.PipeClient.MessageSentSuccessfully() in E:\00.- Proyectos\01.- Autopista Vespucio Norte\Servicio Rest\AVN.Autoconsulta.Api\AVN.Autoconsulta.core\AVC.Autoconsulta.core.Utils\PipeClient.cs:line 98
15:30:25.766,Q,204;TP10PP001432041|REG|0|2017-07-26 15:30:25|2017-07-26 15:30:25|Boleta|Consulta Boletas|0|V|Consulta Boletas|17.122.588-4|0|0||||||0|0|||0||D5EE@
15:30:35.766,E,204;System.TimeoutException: The operation has timed out.
   at System.IO.Pipes.NamedPipeClientStream.Connect(Int32 timeout)
   at AVN.Autoconsulta.core.PipeClient.MessageSentSuccessfully() in E:\00.- Proyectos\01.- Autopista Vespucio Norte\Servicio Rest\AVN.Autoconsulta.Api\AVN.Autoconsulta.core\AVC.Autoconsulta.core.Utils\PipeClient.cs:line 98
15:31:45.094,Q,204;TP10PP001432041|REG|0|2017-07-26 15:31:45|2017-07-26 15:31:45|Boleta|Consulta Boletas|0|V|Consulta Boletas|17.122.588-4|0|0||||||0|0|||0||D5E8@
15:31:55.092,E,204;System.TimeoutException: The operation has timed out.
   at System.IO.Pipes.NamedPipeClientStream.Connect(Int32 timeout)
   at AVN.Autoconsulta.core.PipeClient.MessageSentSuccessfully() in E:\00.- Proyectos\01.- Autopista Vespucio Norte\Servicio Rest\AVN.Autoconsulta.Api\AVN.Autoconsulta.core\AVC.Autoconsulta.core.Utils\PipeClient.cs:line 98
15:34:44.964,Q,204;TP10PP001432041|REG|0|2017-07-26 15:34:44|2017-07-26 15:34:44|Boleta|Consulta Boletas|0|V|Consulta Boletas|17.122.588-4|0|0||||||0|0|||0||D5E4@
15:34:54.959,E,204;System.TimeoutException: The operation has timed out.
   at System.IO.Pipes.NamedPipeClientStream.Connect(Int32 timeout)
   at AVN.Autoconsulta.core.PipeClient.MessageSentSuccessfully() in E:\00.- Proyectos\01.- Autopista Vespucio Norte\Servicio Rest\AVN.Autoconsulta.Api\AVN.Autoconsulta.core\AVC.Autoconsulta.core.Utils\PipeClient.cs:line 98
15:35:20.661,Q,204;TP10PP001432041|REG|0|2017-07-26 15:35:20|2017-07-26 15:35:20|Boleta|Consulta Boletas|0|V|Consulta Boletas|17.122.588-4|0|0||||||0|0|||0||D5EE@
15:35:30.683,E,204;System.TimeoutException: The operation has timed out.
   at System.IO.Pipes.NamedPipeClientStream.Connect(Int32 timeout)
   at AVN.Autoconsulta.core.PipeClient.MessageSentSuccessfully() in E:\00.- Proyectos\01.- Autopista Vespucio Norte\Servicio Rest\AVN.Autoconsulta.Api\AVN.Autoconsulta.core\AVC.Autoconsulta.core.Utils\PipeClient.cs:line 98
15:37:08.456,Q,204;TP10PP001412041|REG|0|2017-07-26 15:37:08|2017-07-26 15:37:08|Boleta|Consulta Boletas|0|V|Consulta Boletas|12484157-7|0|0||||||0|0|||0||D63B@
15:37:15.517,Q,204;TP10PP001412041|REG|0|2017-07-26 15:37:15|2017-07-26 15:37:15|Boleta|Consulta Boletas|0|V|Consulta Boletas|12484157-7|0|0||||||0|0|||0||D63F@
15:37:16.388,Q,204;TP10PP001562041|REG|0|2017-07-26 15:37:16|2017-07-26 15:37:16|Certificado|Impresion Certificado|0|V|Impresion Certificado|12484157-7|0|0||||||0|0|||0||D031@
15:37:18.463,E,204;System.TimeoutException: The operation has timed out.
   at System.IO.Pipes.NamedPipeClientStream.Connect(Int32 timeout)
   at AVN.Autoconsulta.core.PipeClient.MessageSentSuccessfully() in E:\00.- Proyectos\01.- Autopista Vespucio Norte\Servicio Rest\AVN.Autoconsulta.Api\AVN.Autoconsulta.core\AVC.Autoconsulta.core.Utils\PipeClient.cs:line 98
15:37:25.530,E,204;System.TimeoutException: The operation has timed out.
   at System.IO.Pipes.NamedPipeClientStream.Connect(Int32 timeout)
   at AVN.Autoconsulta.core.PipeClient.MessageSentSuccessfully() in E:\00.- Proyectos\01.- Autopista Vespucio Norte\Servicio Rest\AVN.Autoconsulta.Api\AVN.Autoconsulta.core\AVC.Autoconsulta.core.Utils\PipeClient.cs:line 98
15:37:26.388,E,204;System.TimeoutException: The operation has timed out.
   at System.IO.Pipes.NamedPipeClientStream.Connect(Int32 timeout)
   at AVN.Autoconsulta.core.PipeClient.MessageSentSuccessfully() in E:\00.- Proyectos\01.- Autopista Vespucio Norte\Servicio Rest\AVN.Autoconsulta.Api\AVN.Autoconsulta.core\AVC.Autoconsulta.core.Utils\PipeClient.cs:line 98
15:39:30.140,Q,204;TP10PP001412041|REG|0|2017-07-26 15:39:30|2017-07-26 15:39:30|Boleta|Consulta Boletas|0|V|Consulta Boletas|12484157-7|0|0||||||0|0|||0||D641@
15:39:36.598,Q,204;TP10PP001412041|REG|0|2017-07-26 15:39:36|2017-07-26 15:39:36|Boleta|Consulta Boletas|0|V|Consulta Boletas|12484157-7|0|0||||||0|0|||0||D635@
15:39:36.963,Q,204;TP10PP001562041|REG|0|2017-07-26 15:39:36|2017-07-26 15:39:36|Certificado|Impresion Certificado|0|V|Impresion Certificado|12484157-7|0|0||||||0|0|||0||D029@
15:39:40.143,E,204;System.TimeoutException: The operation has timed out.
   at System.IO.Pipes.NamedPipeClientStream.Connect(Int32 timeout)
   at AVN.Autoconsulta.core.PipeClient.MessageSentSuccessfully() in E:\00.- Proyectos\01.- Autopista Vespucio Norte\Servicio Rest\AVN.Autoconsulta.Api\AVN.Autoconsulta.core\AVC.Autoconsulta.core.Utils\PipeClient.cs:line 98
15:39:46.586,E,204;System.TimeoutException: The operation has timed out.
   at System.IO.Pipes.NamedPipeClientStream.Connect(Int32 timeout)
   at AVN.Autoconsulta.core.PipeClient.MessageSentSuccessfully() in E:\00.- Proyectos\01.- Autopista Vespucio Norte\Servicio Rest\AVN.Autoconsulta.Api\AVN.Autoconsulta.core\AVC.Autoconsulta.core.Utils\PipeClient.cs:line 98
15:39:46.976,E,204;System.TimeoutException: The operation has timed out.
   at System.IO.Pipes.NamedPipeClientStream.Connect(Int32 timeout)
   at AVN.Autoconsulta.core.PipeClient.MessageSentSuccessfully() in E:\00.- Proyectos\01.- Autopista Vespucio Norte\Servicio Rest\AVN.Autoconsulta.Api\AVN.Autoconsulta.core\AVC.Autoconsulta.core.Utils\PipeClient.cs:line 98

17:44:06.963,I,000;Inicio Método
17:44:07.335,R,000;AVN.Autoconsulta.core.SVC_AVN_1_2.responseConsultaInfoTagDTO
17:44:07.346,Q,204;TP10PP001382041|REG|0|2017-07-26 17:44:07|2017-07-26 17:44:07|Saldo|Consulta Saldo|0|V|Consulta Saldo|17.122.588-4|0|0||||||0|0|||0||D7EE@
17:44:07.393,I,000;Server=localhost;Port=5432;Database=Pago;User ID=TpackP;Password=tpackp
17:44:07.393,I,000;Inicio Conexion BD
17:44:07.393,I,000;Ejecución OK
17:44:07.393,I,000;Termino de Consulta a la BD
17:44:17.363,E,204;System.TimeoutException: The operation has timed out.
   at System.IO.Pipes.NamedPipeClientStream.Connect(Int32 timeout)
   at AVN.Autoconsulta.core.PipeClient.MessageSentSuccessfully() in E:\00.- Proyectos\01.- Autopista Vespucio Norte\Servicio Rest\AVN.Autoconsulta.Api\AVN.Autoconsulta.core\AVC.Autoconsulta.core.Utils\PipeClient.cs:line 98
17:47:09.208,Q,204;TP10PP001432041|REG|0|2017-07-26 17:47:09|2017-07-26 17:47:09|Boleta|Consulta Boletas|0|V|Consulta Boletas|10.446.699-0|0|0||||||0|0|||0||D5D5@
17:47:19.228,E,204;System.TimeoutException: The operation has timed out.
   at System.IO.Pipes.NamedPipeClientStream.Connect(Int32 timeout)
   at AVN.Autoconsulta.core.PipeClient.MessageSentSuccessfully() in E:\00.- Proyectos\01.- Autopista Vespucio Norte\Servicio Rest\AVN.Autoconsulta.Api\AVN.Autoconsulta.core\AVC.Autoconsulta.core.Utils\PipeClient.cs:line 98
17:47:58.193,Q,204;TP10PP001432041|REG|0|2017-07-26 17:47:58|2017-07-26 17:47:58|Boleta|Consulta Boletas|0|V|Consulta Boletas|10.446.699-0|0|0||||||0|0|||0||D5CD@
17:48:08.188,E,204;System.TimeoutException: The operation has timed out.
   at System.IO.Pipes.NamedPipeClientStream.Connect(Int32 timeout)
   at AVN.Autoconsulta.core.PipeClient.MessageSentSuccessfully() in E:\00.- Proyectos\01.- Autopista Vespucio Norte\Servicio Rest\AVN.Autoconsulta.Api\AVN.Autoconsulta.core\AVC.Autoconsulta.core.Utils\PipeClient.cs:line 98
17:48:55.691,Q,204;TP10PP001772041|REG|0|2017-07-26 17:48:55|2017-07-26 17:48:55|Transitos Facturados|Consulta Transitos Facturados|0|V|Consulta Transitos Facturados|CPHH16|0|0||||||0|0|||0||C6B2@
17:48:55.736,Q,204;TP10PP001862041|REG|0|2017-07-26 17:48:55|2017-07-26 17:48:55|Transitos No Facturados|Consulta Transitos No Facturados|0|V|Consulta Transitos No Facturados|CPHH16|0|0||||||0|0|||0||C41B@
17:49:00.713,Q,204;TP10PP001772041|REG|0|2017-07-26 17:49:00|2017-07-26 17:49:00|Transitos Facturados|Consulta Transitos Facturados|0|V|Consulta Transitos Facturados|CPHH16|0|0||||||0|0|||0||C6C4@
17:49:00.769,Q,204;TP10PP001862041|REG|0|2017-07-26 17:49:00|2017-07-26 17:49:00|Transitos No Facturados|Consulta Transitos No Facturados|0|V|Consulta Transitos No Facturados|CPHH16|0|0||||||0|0|||0||C42D@
17:49:05.698,E,204;System.TimeoutException: The operation has timed out.
   at System.IO.Pipes.NamedPipeClientStream.Connect(Int32 timeout)
   at AVN.Autoconsulta.core.PipeClient.MessageSentSuccessfully() in E:\00.- Proyectos\01.- Autopista Vespucio Norte\Servicio Rest\AVN.Autoconsulta.Api\AVN.Autoconsulta.core\AVC.Autoconsulta.core.Utils\PipeClient.cs:line 98
17:49:05.760,E,204;System.TimeoutException: The operation has timed out.
   at System.IO.Pipes.NamedPipeClientStream.Connect(Int32 timeout)
   at AVN.Autoconsulta.core.PipeClient.MessageSentSuccessfully() in E:\00.- Proyectos\01.- Autopista Vespucio Norte\Servicio Rest\AVN.Autoconsulta.Api\AVN.Autoconsulta.core\AVC.Autoconsulta.core.Utils\PipeClient.cs:line 98
17:49:10.721,E,204;System.TimeoutException: The operation has timed out.
   at System.IO.Pipes.NamedPipeClientStream.Connect(Int32 timeout)
   at AVN.Autoconsulta.core.PipeClient.MessageSentSuccessfully() in E:\00.- Proyectos\01.- Autopista Vespucio Norte\Servicio Rest\AVN.Autoconsulta.Api\AVN.Autoconsulta.core\AVC.Autoconsulta.core.Utils\PipeClient.cs:line 98
17:49:10.768,E,204;System.TimeoutException: The operation has timed out.
   at System.IO.Pipes.NamedPipeClientStream.Connect(Int32 timeout)
   at AVN.Autoconsulta.core.PipeClient.MessageSentSuccessfully() in E:\00.- Proyectos\01.- Autopista Vespucio Norte\Servicio Rest\AVN.Autoconsulta.Api\AVN.Autoconsulta.core\AVC.Autoconsulta.core.Utils\PipeClient.cs:line 98

17:50:49.271,I,000;Inicio Método
17:50:50.553,R,000;AVN.Autoconsulta.core.SVC_AVN_1_2.responseConsultaInfoTagDTO
17:50:50.569,Q,204;TP10PP001382041|REG|0|2017-07-26 17:50:50|2017-07-26 17:50:50|Saldo|Consulta Saldo|0|V|Consulta Saldo|12.685.426-9|0|0||||||0|0|||0||D7F3@
17:50:50.616,I,000;Server=localhost;Port=5432;Database=Pago;User ID=TpackP;Password=tpackp
17:50:50.616,I,000;Inicio Conexion BD
17:50:50.616,I,000;Ejecución OK
17:50:50.616,I,000;Termino de Consulta a la BD
17:51:00.576,E,204;System.TimeoutException: The operation has timed out.
   at System.IO.Pipes.NamedPipeClientStream.Connect(Int32 timeout)
   at AVN.Autoconsulta.core.PipeClient.MessageSentSuccessfully() in E:\00.- Proyectos\01.- Autopista Vespucio Norte\Servicio Rest\AVN.Autoconsulta.Api\AVN.Autoconsulta.core\AVC.Autoconsulta.core.Utils\PipeClient.cs:line 98
17:51:11.191,Q,204;TP10PP001452041|REG|0|2017-07-26 17:51:11|2017-07-26 17:51:11|Certificado|Impresion Cupon Pago|0|V|Impresion Certificado||0|0||||||0|0|||0||D2F6@
17:51:21.194,E,204;System.TimeoutException: The operation has timed out.
   at System.IO.Pipes.NamedPipeClientStream.Connect(Int32 timeout)
   at AVN.Autoconsulta.core.PipeClient.MessageSentSuccessfully() in E:\00.- Proyectos\01.- Autopista Vespucio Norte\Servicio Rest\AVN.Autoconsulta.Api\AVN.Autoconsulta.core\AVC.Autoconsulta.core.Utils\PipeClient.cs:line 98
17:51:41.068,Q,204;TP10PP001452041|REG|0|2017-07-26 17:51:41|2017-07-26 17:51:41|Certificado|Impresion Cupon Pago|0|V|Impresion Certificado||0|0||||||0|0|||0||D2F0@
17:51:51.093,E,204;System.TimeoutException: The operation has timed out.
   at System.IO.Pipes.NamedPipeClientStream.Connect(Int32 timeout)
   at AVN.Autoconsulta.core.PipeClient.MessageSentSuccessfully() in E:\00.- Proyectos\01.- Autopista Vespucio Norte\Servicio Rest\AVN.Autoconsulta.Api\AVN.Autoconsulta.core\AVC.Autoconsulta.core.Utils\PipeClient.cs:line 98
17:53:08.561,Q,204;TP10PP001432041|REG|0|2017-07-26 17:53:08|2017-07-26 17:53:08|Boleta|Consulta Boletas|0|V|Consulta Boletas|12.685.426-9|0|0||||||0|0|||0||D5D9@
17:53:18.559,E,204;System.TimeoutException: The operation has timed out.
   at System.IO.Pipes.NamedPipeClientStream.Connect(Int32 timeout)
   at AVN.Autoconsulta.core.PipeClient.MessageSentSuccessfully() in E:\00.- Proyectos\01.- Autopista Vespucio Norte\Servicio Rest\AVN.Autoconsulta.Api\AVN.Autoconsulta.core\AVC.Autoconsulta.core.Utils\PipeClient.cs:line 98
17:54:19.312,Q,204;TP10PP001432041|REG|0|2017-07-26 17:54:19|2017-07-26 17:54:19|Boleta|Consulta Boletas|0|V|Consulta Boletas|12.685.426-9|0|0||||||0|0|||0||D5D3@
17:54:29.310,E,204;System.TimeoutException: The operation has timed out.
   at System.IO.Pipes.NamedPipeClientStream.Connect(Int32 timeout)
   at AVN.Autoconsulta.core.PipeClient.MessageSentSuccessfully() in E:\00.- Proyectos\01.- Autopista Vespucio Norte\Servicio Rest\AVN.Autoconsulta.Api\AVN.Autoconsulta.core\AVC.Autoconsulta.core.Utils\PipeClient.cs:line 98
17:56:36.531,Q,204;TP10PP001432041|REG|0|2017-07-26 17:56:36|2017-07-26 17:56:36|Boleta|Consulta Boletas|0|V|Consulta Boletas|12.685.426-9|0|0||||||0|0|||0||D5D1@
17:56:46.544,E,204;System.TimeoutException: The operation has timed out.
   at System.IO.Pipes.NamedPipeClientStream.Connect(Int32 timeout)
   at AVN.Autoconsulta.core.PipeClient.MessageSentSuccessfully() in E:\00.- Proyectos\01.- Autopista Vespucio Norte\Servicio Rest\AVN.Autoconsulta.Api\AVN.Autoconsulta.core\AVC.Autoconsulta.core.Utils\PipeClient.cs:line 98
17:56:49.225,Q,204;TP10PP001432041|REG|0|2017-07-26 17:56:49|2017-07-26 17:56:49|Boleta|Consulta Boletas|0|V|Consulta Boletas|12.685.426-9|0|0||||||0|0|||0||D5C9@
17:56:59.215,E,204;System.TimeoutException: The operation has timed out.
   at System.IO.Pipes.NamedPipeClientStream.Connect(Int32 timeout)
   at AVN.Autoconsulta.core.PipeClient.MessageSentSuccessfully() in E:\00.- Proyectos\01.- Autopista Vespucio Norte\Servicio Rest\AVN.Autoconsulta.Api\AVN.Autoconsulta.core\AVC.Autoconsulta.core.Utils\PipeClient.cs:line 98
