
10:31:23.668,I,000;Inicio de la clase
10:31:35.331,I,000;System.Collections.Generic.List`1[AVN.Autoconsulta.core.TransitosFacturadosDto]
10:31:35.331,I,000;Fin de la clase -- [GetTransitosNoFacturados]
10:31:35.347,Q,204;TP10PP001772041|REG|0|2017-09-01 10:31:35|2017-09-01 10:31:35|Transitos Facturados|Consulta Transitos Facturados|0|V|Consulta Transitos Facturados|YN9483|0|0||||||0|0|||0||C6E9@

10:31:40.926,I,000;Inicio de la clase
10:31:42.443,I,000;System.Collections.Generic.List`1[AVN.Autoconsulta.core.TransitosFacturadosDto]
10:31:42.446,I,000;Fin de la clase -- [GetTransitosNoFacturados]
10:31:42.447,Q,204;TP10PP001772041|REG|0|2017-09-01 10:31:42|2017-09-01 10:31:42|Transitos Facturados|Consulta Transitos Facturados|0|V|Consulta Transitos Facturados|YN9483|0|0||||||0|0|||0||C6ED@
10:31:45.340,E,204;System.TimeoutException: The operation has timed out.
   at System.IO.Pipes.NamedPipeClientStream.Connect(Int32 timeout)
   at AVN.Autoconsulta.core.PipeClient.MessageSentSuccessfully() in E:\00.- Proyectos\01.- Autopista Vespucio Norte\Servicio Rest\AVN.Autoconsulta.Api\AVN.Autoconsulta.core\AVC.Autoconsulta.core.Utils\PipeClient.cs:line 98

10:31:45.973,I,000;Inicio de la clase
10:31:47.902,I,000;System.Collections.Generic.List`1[AVN.Autoconsulta.core.TransitosFacturadosDto]
10:31:47.902,I,000;Fin de la clase -- [GetTransitosNoFacturados]
10:31:47.902,Q,204;TP10PP001772041|REG|0|2017-09-01 10:31:47|2017-09-01 10:31:47|Transitos Facturados|Consulta Transitos Facturados|0|V|Consulta Transitos Facturados|YN9483|0|0||||||0|0|||0||C6E3@
10:31:52.463,E,204;System.TimeoutException: The operation has timed out.
   at System.IO.Pipes.NamedPipeClientStream.Connect(Int32 timeout)
   at AVN.Autoconsulta.core.PipeClient.MessageSentSuccessfully() in E:\00.- Proyectos\01.- Autopista Vespucio Norte\Servicio Rest\AVN.Autoconsulta.Api\AVN.Autoconsulta.core\AVC.Autoconsulta.core.Utils\PipeClient.cs:line 98
10:31:57.922,E,204;System.TimeoutException: The operation has timed out.
   at System.IO.Pipes.NamedPipeClientStream.Connect(Int32 timeout)
   at AVN.Autoconsulta.core.PipeClient.MessageSentSuccessfully() in E:\00.- Proyectos\01.- Autopista Vespucio Norte\Servicio Rest\AVN.Autoconsulta.Api\AVN.Autoconsulta.core\AVC.Autoconsulta.core.Utils\PipeClient.cs:line 98

10:37:22.096,I,000;Inicio de la clase
10:37:23.051,I,000;System.Collections.Generic.List`1[AVN.Autoconsulta.core.TransitosFacturadosDto]
10:37:23.053,I,000;Fin de la clase -- [GetTransitosNoFacturados]
10:37:23.057,Q,204;TP10PP001772041|REG|0|2017-09-01 10:37:23|2017-09-01 10:37:23|Transitos Facturados|Consulta Transitos Facturados|0|V|Consulta Transitos Facturados|VE9413|0|0||||||0|0|||0||C6F6@

10:37:27.127,I,000;Inicio de la clase
10:37:27.911,I,000;System.Collections.Generic.List`1[AVN.Autoconsulta.core.TransitosFacturadosDto]
10:37:27.927,I,000;Fin de la clase -- [GetTransitosNoFacturados]
10:37:27.927,Q,204;TP10PP001772041|REG|0|2017-09-01 10:37:27|2017-09-01 10:37:27|Transitos Facturados|Consulta Transitos Facturados|0|V|Consulta Transitos Facturados|VE9413|0|0||||||0|0|||0||C6EE@
10:37:33.068,E,204;System.TimeoutException: The operation has timed out.
   at System.IO.Pipes.NamedPipeClientStream.Connect(Int32 timeout)
   at AVN.Autoconsulta.core.PipeClient.MessageSentSuccessfully() in E:\00.- Proyectos\01.- Autopista Vespucio Norte\Servicio Rest\AVN.Autoconsulta.Api\AVN.Autoconsulta.core\AVC.Autoconsulta.core.Utils\PipeClient.cs:line 98
10:37:37.951,E,204;System.TimeoutException: The operation has timed out.
   at System.IO.Pipes.NamedPipeClientStream.Connect(Int32 timeout)
   at AVN.Autoconsulta.core.PipeClient.MessageSentSuccessfully() in E:\00.- Proyectos\01.- Autopista Vespucio Norte\Servicio Rest\AVN.Autoconsulta.Api\AVN.Autoconsulta.core\AVC.Autoconsulta.core.Utils\PipeClient.cs:line 98

10:39:24.222,I,000;Inicio de la clase
10:39:24.703,I,000;System.Collections.Generic.List`1[AVN.Autoconsulta.core.TransitosFacturadosDto]
10:39:24.704,I,000;Fin de la clase -- [GetTransitosNoFacturados]
10:39:24.708,Q,204;TP10PP001772041|REG|0|2017-09-01 10:39:24|2017-09-01 10:39:24|Transitos Facturados|Consulta Transitos Facturados|0|V|Consulta Transitos Facturados|ZS9890|0|0||||||0|0|||0||C6D5@

10:39:29.250,I,000;Inicio de la clase
10:39:29.766,I,000;System.Collections.Generic.List`1[AVN.Autoconsulta.core.TransitosFacturadosDto]
10:39:29.766,I,000;Fin de la clase -- [GetTransitosNoFacturados]
10:39:29.766,Q,204;TP10PP001772041|REG|0|2017-09-01 10:39:29|2017-09-01 10:39:29|Transitos Facturados|Consulta Transitos Facturados|0|V|Consulta Transitos Facturados|ZS9890|0|0||||||0|0|||0||C6CB@
10:39:34.723,E,204;System.TimeoutException: The operation has timed out.
   at System.IO.Pipes.NamedPipeClientStream.Connect(Int32 timeout)
   at AVN.Autoconsulta.core.PipeClient.MessageSentSuccessfully() in E:\00.- Proyectos\01.- Autopista Vespucio Norte\Servicio Rest\AVN.Autoconsulta.Api\AVN.Autoconsulta.core\AVC.Autoconsulta.core.Utils\PipeClient.cs:line 98
10:39:39.794,E,204;System.TimeoutException: The operation has timed out.
   at System.IO.Pipes.NamedPipeClientStream.Connect(Int32 timeout)
   at AVN.Autoconsulta.core.PipeClient.MessageSentSuccessfully() in E:\00.- Proyectos\01.- Autopista Vespucio Norte\Servicio Rest\AVN.Autoconsulta.Api\AVN.Autoconsulta.core\AVC.Autoconsulta.core.Utils\PipeClient.cs:line 98

10:43:20.659,I,000;Inicio de la clase
10:43:34.094,I,000;System.Collections.Generic.List`1[AVN.Autoconsulta.core.DETALLE_TRANSITO]
10:43:34.094,I,000;System.Collections.Generic.List`1[AVN.Autoconsulta.core.TransitosFacturadosDto]
10:43:34.094,I,000;Fin de la clase -- [GetTransitosNoFacturados]
10:43:34.094,Q,204;TP10PP001772041|REG|0|2017-09-01 10:43:34|2017-09-01 10:43:34|Transitos Facturados|Consulta Transitos Facturados|0|V|Consulta Transitos Facturados|XJ1769|0|0||||||0|0|||0||C6EB@
10:43:34.109,I,000;Fin de la clase -- [GetTransitosNoFacturados]
10:43:34.109,Q,204;TP10PP001862041|REG|0|2017-09-01 10:43:34|2017-09-01 10:43:34|Transitos No Facturados|Consulta Transitos No Facturados|0|V|Consulta Transitos No Facturados|XJ1769|0|0||||||0|0|||0||C454@

10:43:39.114,I,000;Inicio de la clase
10:43:40.384,I,000;System.Collections.Generic.List`1[AVN.Autoconsulta.core.DETALLE_TRANSITO]
10:43:40.384,I,000;Fin de la clase -- [GetTransitosNoFacturados]
10:43:40.384,Q,204;TP10PP001862041|REG|0|2017-09-01 10:43:40|2017-09-01 10:43:40|Transitos No Facturados|Consulta Transitos No Facturados|0|V|Consulta Transitos No Facturados|XJ1769|0|0||||||0|0|||0||C45A@
10:43:40.630,I,000;System.Collections.Generic.List`1[AVN.Autoconsulta.core.TransitosFacturadosDto]
10:43:40.632,I,000;Fin de la clase -- [GetTransitosNoFacturados]
10:43:40.635,Q,204;TP10PP001772041|REG|0|2017-09-01 10:43:40|2017-09-01 10:43:40|Transitos Facturados|Consulta Transitos Facturados|0|V|Consulta Transitos Facturados|XJ1769|0|0||||||0|0|||0||C6F1@
10:43:44.092,E,204;System.TimeoutException: The operation has timed out.
   at System.IO.Pipes.NamedPipeClientStream.Connect(Int32 timeout)
   at AVN.Autoconsulta.core.PipeClient.MessageSentSuccessfully() in E:\00.- Proyectos\01.- Autopista Vespucio Norte\Servicio Rest\AVN.Autoconsulta.Api\AVN.Autoconsulta.core\AVC.Autoconsulta.core.Utils\PipeClient.cs:line 98
10:43:44.125,E,204;System.TimeoutException: The operation has timed out.
   at System.IO.Pipes.NamedPipeClientStream.Connect(Int32 timeout)
   at AVN.Autoconsulta.core.PipeClient.MessageSentSuccessfully() in E:\00.- Proyectos\01.- Autopista Vespucio Norte\Servicio Rest\AVN.Autoconsulta.Api\AVN.Autoconsulta.core\AVC.Autoconsulta.core.Utils\PipeClient.cs:line 98

10:43:44.135,I,000;Inicio de la clase
10:43:45.716,I,000;System.Collections.Generic.List`1[AVN.Autoconsulta.core.DETALLE_TRANSITO]
10:43:45.716,I,000;Fin de la clase -- [GetTransitosNoFacturados]
10:43:45.716,Q,204;TP10PP001862041|REG|0|2017-09-01 10:43:45|2017-09-01 10:43:45|Transitos No Facturados|Consulta Transitos No Facturados|0|V|Consulta Transitos No Facturados|XJ1769|0|0||||||0|0|||0||C450@
10:43:45.716,I,000;System.Collections.Generic.List`1[AVN.Autoconsulta.core.TransitosFacturadosDto]
10:43:45.732,I,000;Fin de la clase -- [GetTransitosNoFacturados]
10:43:45.732,Q,204;TP10PP001772041|REG|0|2017-09-01 10:43:45|2017-09-01 10:43:45|Transitos Facturados|Consulta Transitos Facturados|0|V|Consulta Transitos Facturados|XJ1769|0|0||||||0|0|||0||C6E7@
10:43:50.392,E,204;System.TimeoutException: The operation has timed out.
   at System.IO.Pipes.NamedPipeClientStream.Connect(Int32 timeout)
   at AVN.Autoconsulta.core.PipeClient.MessageSentSuccessfully() in E:\00.- Proyectos\01.- Autopista Vespucio Norte\Servicio Rest\AVN.Autoconsulta.Api\AVN.Autoconsulta.core\AVC.Autoconsulta.core.Utils\PipeClient.cs:line 98
10:43:50.657,E,204;System.TimeoutException: The operation has timed out.
   at System.IO.Pipes.NamedPipeClientStream.Connect(Int32 timeout)
   at AVN.Autoconsulta.core.PipeClient.MessageSentSuccessfully() in E:\00.- Proyectos\01.- Autopista Vespucio Norte\Servicio Rest\AVN.Autoconsulta.Api\AVN.Autoconsulta.core\AVC.Autoconsulta.core.Utils\PipeClient.cs:line 98
10:43:55.727,E,204;System.TimeoutException: The operation has timed out.
   at System.IO.Pipes.NamedPipeClientStream.Connect(Int32 timeout)
   at AVN.Autoconsulta.core.PipeClient.MessageSentSuccessfully() in E:\00.- Proyectos\01.- Autopista Vespucio Norte\Servicio Rest\AVN.Autoconsulta.Api\AVN.Autoconsulta.core\AVC.Autoconsulta.core.Utils\PipeClient.cs:line 98
10:43:55.758,E,204;System.TimeoutException: The operation has timed out.
   at System.IO.Pipes.NamedPipeClientStream.Connect(Int32 timeout)
   at AVN.Autoconsulta.core.PipeClient.MessageSentSuccessfully() in E:\00.- Proyectos\01.- Autopista Vespucio Norte\Servicio Rest\AVN.Autoconsulta.Api\AVN.Autoconsulta.core\AVC.Autoconsulta.core.Utils\PipeClient.cs:line 98

10:44:34.799,I,000;Inicio de la clase

10:44:45.834,I,000;Inicio de la clase
10:44:46.564,I,000;System.Collections.Generic.List`1[AVN.Autoconsulta.core.TransitosFacturadosDto]
10:44:46.566,I,000;Fin de la clase -- [GetTransitosNoFacturados]
10:44:46.568,Q,204;TP10PP001772041|REG|0|2017-09-01 10:44:46|2017-09-01 10:44:46|Transitos Facturados|Consulta Transitos Facturados|0|V|Consulta Transitos Facturados|PE6082|0|0||||||0|0|||0||C6F7@
10:44:46.626,I,000;System.Collections.Generic.List`1[AVN.Autoconsulta.core.DETALLE_TRANSITO]
10:44:46.627,I,000;Fin de la clase -- [GetTransitosNoFacturados]
10:44:46.629,Q,204;TP10PP001862041|REG|0|2017-09-01 10:44:46|2017-09-01 10:44:46|Transitos No Facturados|Consulta Transitos No Facturados|0|V|Consulta Transitos No Facturados|PE6082|0|0||||||0|0|||0||C460@

10:44:50.862,I,000;Inicio de la clase
10:44:51.473,I,000;System.Collections.Generic.List`1[AVN.Autoconsulta.core.TransitosFacturadosDto]
10:44:51.488,I,000;Fin de la clase -- [GetTransitosNoFacturados]
10:44:51.488,Q,204;TP10PP001772041|REG|0|2017-09-01 10:44:51|2017-09-01 10:44:51|Transitos Facturados|Consulta Transitos Facturados|0|V|Consulta Transitos Facturados|PE6082|0|0||||||0|0|||0||C6FF@
10:44:51.504,I,000;System.Collections.Generic.List`1[AVN.Autoconsulta.core.DETALLE_TRANSITO]
10:44:51.504,I,000;Fin de la clase -- [GetTransitosNoFacturados]
10:44:51.504,Q,204;TP10PP001862041|REG|0|2017-09-01 10:44:51|2017-09-01 10:44:51|Transitos No Facturados|Consulta Transitos No Facturados|0|V|Consulta Transitos No Facturados|PE6082|0|0||||||0|0|||0||C468@
10:44:56.577,E,204;System.TimeoutException: The operation has timed out.
   at System.IO.Pipes.NamedPipeClientStream.Connect(Int32 timeout)
   at AVN.Autoconsulta.core.PipeClient.MessageSentSuccessfully() in E:\00.- Proyectos\01.- Autopista Vespucio Norte\Servicio Rest\AVN.Autoconsulta.Api\AVN.Autoconsulta.core\AVC.Autoconsulta.core.Utils\PipeClient.cs:line 98
10:44:56.655,E,204;System.TimeoutException: The operation has timed out.
   at System.IO.Pipes.NamedPipeClientStream.Connect(Int32 timeout)
   at AVN.Autoconsulta.core.PipeClient.MessageSentSuccessfully() in E:\00.- Proyectos\01.- Autopista Vespucio Norte\Servicio Rest\AVN.Autoconsulta.Api\AVN.Autoconsulta.core\AVC.Autoconsulta.core.Utils\PipeClient.cs:line 98
10:45:01.491,E,204;System.TimeoutException: The operation has timed out.
   at System.IO.Pipes.NamedPipeClientStream.Connect(Int32 timeout)
   at AVN.Autoconsulta.core.PipeClient.MessageSentSuccessfully() in E:\00.- Proyectos\01.- Autopista Vespucio Norte\Servicio Rest\AVN.Autoconsulta.Api\AVN.Autoconsulta.core\AVC.Autoconsulta.core.Utils\PipeClient.cs:line 98
10:45:01.522,E,204;System.TimeoutException: The operation has timed out.
   at System.IO.Pipes.NamedPipeClientStream.Connect(Int32 timeout)
   at AVN.Autoconsulta.core.PipeClient.MessageSentSuccessfully() in E:\00.- Proyectos\01.- Autopista Vespucio Norte\Servicio Rest\AVN.Autoconsulta.Api\AVN.Autoconsulta.core\AVC.Autoconsulta.core.Utils\PipeClient.cs:line 98

10:49:05.812,I,000;Inicio de la clase

10:49:15.752,I,000;Inicio de la clase

10:49:25.902,I,000;Inicio de la clase

11:00:40.441,I,000;Inicio de la clase
11:00:44.551,I,000;System.Collections.Generic.List`1[AVN.Autoconsulta.core.DETALLE_TRANSITO]
11:00:44.554,I,000;Fin de la clase -- [GetTransitosNoFacturados]
11:00:44.563,Q,204;TP10PP001862041|REG|0|2017-09-01 11:00:44|2017-09-01 11:00:44|Transitos No Facturados|Consulta Transitos No Facturados|0|V|Consulta Transitos No Facturados|PE6082|0|0||||||0|0|||0||C472@
11:00:44.575,I,000;System.Collections.Generic.List`1[AVN.Autoconsulta.core.TransitosFacturadosDto]
11:00:44.578,I,000;Fin de la clase -- [GetTransitosNoFacturados]
11:00:44.582,Q,204;TP10PP001772041|REG|0|2017-09-01 11:00:44|2017-09-01 11:00:44|Transitos Facturados|Consulta Transitos Facturados|0|V|Consulta Transitos Facturados|PE6082|0|0||||||0|0|||0||C709@

11:00:45.461,I,000;Inicio de la clase
11:00:46.134,I,000;System.Collections.Generic.List`1[AVN.Autoconsulta.core.DETALLE_TRANSITO]
11:00:46.149,I,000;Fin de la clase -- [GetTransitosNoFacturados]
11:00:46.149,Q,204;TP10PP001862041|REG|0|2017-09-01 11:00:46|2017-09-01 11:00:46|Transitos No Facturados|Consulta Transitos No Facturados|0|V|Consulta Transitos No Facturados|PE6082|0|0||||||0|0|||0||C46E@
11:00:46.182,I,000;System.Collections.Generic.List`1[AVN.Autoconsulta.core.TransitosFacturadosDto]
11:00:46.183,I,000;Fin de la clase -- [GetTransitosNoFacturados]
11:00:46.185,Q,204;TP10PP001772041|REG|0|2017-09-01 11:00:46|2017-09-01 11:00:46|Transitos Facturados|Consulta Transitos Facturados|0|V|Consulta Transitos Facturados|PE6082|0|0||||||0|0|||0||C705@
11:00:54.587,E,204;System.TimeoutException: The operation has timed out.
   at System.IO.Pipes.NamedPipeClientStream.Connect(Int32 timeout)
   at AVN.Autoconsulta.core.PipeClient.MessageSentSuccessfully() in E:\00.- Proyectos\01.- Autopista Vespucio Norte\Servicio Rest\AVN.Autoconsulta.Api\AVN.Autoconsulta.core\AVC.Autoconsulta.core.Utils\PipeClient.cs:line 98
11:00:54.587,E,204;System.TimeoutException: The operation has timed out.
   at System.IO.Pipes.NamedPipeClientStream.Connect(Int32 timeout)
   at AVN.Autoconsulta.core.PipeClient.MessageSentSuccessfully() in E:\00.- Proyectos\01.- Autopista Vespucio Norte\Servicio Rest\AVN.Autoconsulta.Api\AVN.Autoconsulta.core\AVC.Autoconsulta.core.Utils\PipeClient.cs:line 98
11:00:56.162,E,204;System.TimeoutException: The operation has timed out.
   at System.IO.Pipes.NamedPipeClientStream.Connect(Int32 timeout)
   at AVN.Autoconsulta.core.PipeClient.MessageSentSuccessfully() in E:\00.- Proyectos\01.- Autopista Vespucio Norte\Servicio Rest\AVN.Autoconsulta.Api\AVN.Autoconsulta.core\AVC.Autoconsulta.core.Utils\PipeClient.cs:line 98
11:00:56.194,E,204;System.TimeoutException: The operation has timed out.
   at System.IO.Pipes.NamedPipeClientStream.Connect(Int32 timeout)
   at AVN.Autoconsulta.core.PipeClient.MessageSentSuccessfully() in E:\00.- Proyectos\01.- Autopista Vespucio Norte\Servicio Rest\AVN.Autoconsulta.Api\AVN.Autoconsulta.core\AVC.Autoconsulta.core.Utils\PipeClient.cs:line 98
11:03:52.927,I,000;System.Collections.Generic.List`1[AVN.Autoconsulta.core.CertificadosDto]
11:03:52.927,I,000;Fin de la clase -- [GetBoletas]
11:03:52.990,Q,204;TP10PP001552041|REG|0|2017-09-01 11:03:52|2017-09-01 11:03:52|Certificado|Consulta Certificado|0|V|Consulta Certificado|5.116.320-6|0|0||||||0|0|||0||D10F@
11:03:53.208,I,000;System.Collections.Generic.List`1[AVN.Autoconsulta.core.CertificadosDto]
11:03:53.210,I,000;Fin de la clase -- [GetBoletas]
11:03:53.273,Q,204;TP10PP001552041|REG|0|2017-09-01 11:03:53|2017-09-01 11:03:53|Certificado|Consulta Certificado|0|V|Consulta Certificado|5.116.320-6|0|0||||||0|0|||0||D10D@
11:03:53.484,I,000;System.Collections.Generic.List`1[AVN.Autoconsulta.core.CertificadosDto]
11:03:53.484,I,000;Fin de la clase -- [GetBoletas]
11:03:53.538,Q,204;TP10PP001552041|REG|0|2017-09-01 11:03:53|2017-09-01 11:03:53|Certificado|Consulta Certificado|0|V|Consulta Certificado|5.116.320-6|0|0||||||0|0|||0||D10D@
11:03:53.755,I,000;System.Collections.Generic.List`1[AVN.Autoconsulta.core.CertificadosDto]
11:03:53.756,I,000;Fin de la clase -- [GetBoletas]
11:03:53.820,Q,204;TP10PP001552041|REG|0|2017-09-01 11:03:53|2017-09-01 11:03:53|Certificado|Consulta Certificado|0|V|Consulta Certificado|5.116.320-6|0|0||||||0|0|||0||D10D@
11:04:03.000,E,204;System.TimeoutException: The operation has timed out.
   at System.IO.Pipes.NamedPipeClientStream.Connect(Int32 timeout)
   at AVN.Autoconsulta.core.PipeClient.MessageSentSuccessfully() in E:\00.- Proyectos\01.- Autopista Vespucio Norte\Servicio Rest\AVN.Autoconsulta.Api\AVN.Autoconsulta.core\AVC.Autoconsulta.core.Utils\PipeClient.cs:line 98
11:04:03.281,E,204;System.TimeoutException: The operation has timed out.
   at System.IO.Pipes.NamedPipeClientStream.Connect(Int32 timeout)
   at AVN.Autoconsulta.core.PipeClient.MessageSentSuccessfully() in E:\00.- Proyectos\01.- Autopista Vespucio Norte\Servicio Rest\AVN.Autoconsulta.Api\AVN.Autoconsulta.core\AVC.Autoconsulta.core.Utils\PipeClient.cs:line 98
11:04:03.547,E,204;System.TimeoutException: The operation has timed out.
   at System.IO.Pipes.NamedPipeClientStream.Connect(Int32 timeout)
   at AVN.Autoconsulta.core.PipeClient.MessageSentSuccessfully() in E:\00.- Proyectos\01.- Autopista Vespucio Norte\Servicio Rest\AVN.Autoconsulta.Api\AVN.Autoconsulta.core\AVC.Autoconsulta.core.Utils\PipeClient.cs:line 98
11:04:03.827,E,204;System.TimeoutException: The operation has timed out.
   at System.IO.Pipes.NamedPipeClientStream.Connect(Int32 timeout)
   at AVN.Autoconsulta.core.PipeClient.MessageSentSuccessfully() in E:\00.- Proyectos\01.- Autopista Vespucio Norte\Servicio Rest\AVN.Autoconsulta.Api\AVN.Autoconsulta.core\AVC.Autoconsulta.core.Utils\PipeClient.cs:line 98
11:04:20.796,I,000;System.Collections.Generic.List`1[AVN.Autoconsulta.core.CertificadosDto]
11:04:20.798,I,000;Fin de la clase -- [GetBoletas]
11:04:20.854,Q,204;TP10PP001552041|REG|0|2017-09-01 11:04:20|2017-09-01 11:04:20|Certificado|Consulta Certificado|0|V|Consulta Certificado|5.116.320-6|0|0||||||0|0|||0||D117@
11:04:30.864,E,204;System.TimeoutException: The operation has timed out.
   at System.IO.Pipes.NamedPipeClientStream.Connect(Int32 timeout)
   at AVN.Autoconsulta.core.PipeClient.MessageSentSuccessfully() in E:\00.- Proyectos\01.- Autopista Vespucio Norte\Servicio Rest\AVN.Autoconsulta.Api\AVN.Autoconsulta.core\AVC.Autoconsulta.core.Utils\PipeClient.cs:line 98
11:04:31.840,I,000;System.Collections.Generic.List`1[AVN.Autoconsulta.core.CertificadosDto]
11:04:31.842,I,000;Fin de la clase -- [GetBoletas]
11:04:34.462,Q,204;TP10PP001572041|REG|0|2017-09-01 11:04:34|2017-09-01 11:04:34|Certificado|Impresion Certificado|0|V|Impresion Certificado|5.116.320-6|0|0||||||0|0|||0||D031@
11:04:44.462,E,204;System.TimeoutException: The operation has timed out.
   at System.IO.Pipes.NamedPipeClientStream.Connect(Int32 timeout)
   at AVN.Autoconsulta.core.PipeClient.MessageSentSuccessfully() in E:\00.- Proyectos\01.- Autopista Vespucio Norte\Servicio Rest\AVN.Autoconsulta.Api\AVN.Autoconsulta.core\AVC.Autoconsulta.core.Utils\PipeClient.cs:line 98
11:05:32.194,I,000;System.Collections.Generic.List`1[AVN.Autoconsulta.core.CertificadosDto]
11:05:32.199,I,000;Fin de la clase -- [GetBoletas]
11:05:32.256,Q,204;TP10PP001552041|REG|0|2017-09-01 11:05:32|2017-09-01 11:05:32|Certificado|Consulta Certificado|0|V|Consulta Certificado|7.364.499-2|0|0||||||0|0|||0||D0FB@
11:05:42.274,E,204;System.TimeoutException: The operation has timed out.
   at System.IO.Pipes.NamedPipeClientStream.Connect(Int32 timeout)
   at AVN.Autoconsulta.core.PipeClient.MessageSentSuccessfully() in E:\00.- Proyectos\01.- Autopista Vespucio Norte\Servicio Rest\AVN.Autoconsulta.Api\AVN.Autoconsulta.core\AVC.Autoconsulta.core.Utils\PipeClient.cs:line 98
11:06:21.188,I,000;System.Collections.Generic.List`1[AVN.Autoconsulta.core.CertificadosDto]
11:06:21.190,I,000;Fin de la clase -- [GetBoletas]
11:06:21.256,Q,204;TP10PP001552041|REG|0|2017-09-01 11:06:21|2017-09-01 11:06:21|Certificado|Consulta Certificado|0|V|Consulta Certificado|5.116.320-6|0|0||||||0|0|||0||D111@
11:06:31.272,E,204;System.TimeoutException: The operation has timed out.
   at System.IO.Pipes.NamedPipeClientStream.Connect(Int32 timeout)
   at AVN.Autoconsulta.core.PipeClient.MessageSentSuccessfully() in E:\00.- Proyectos\01.- Autopista Vespucio Norte\Servicio Rest\AVN.Autoconsulta.Api\AVN.Autoconsulta.core\AVC.Autoconsulta.core.Utils\PipeClient.cs:line 98

11:06:50.270,I,000;Inicio de la clase
11:07:16.061,I,000;System.Collections.Generic.List`1[AVN.Autoconsulta.core.TransitosFacturadosDto]
11:07:16.076,I,000;Fin de la clase -- [GetTransitosNoFacturados]
11:07:16.076,Q,204;TP10PP001772041|REG|0|2017-09-01 11:07:16|2017-09-01 11:07:16|Transitos Facturados|Consulta Transitos Facturados|0|V|Consulta Transitos Facturados|YZ2882|0|0||||||0|0|||0||C6DB@
11:07:26.076,E,204;System.TimeoutException: The operation has timed out.
   at System.IO.Pipes.NamedPipeClientStream.Connect(Int32 timeout)
   at AVN.Autoconsulta.core.PipeClient.MessageSentSuccessfully() in E:\00.- Proyectos\01.- Autopista Vespucio Norte\Servicio Rest\AVN.Autoconsulta.Api\AVN.Autoconsulta.core\AVC.Autoconsulta.core.Utils\PipeClient.cs:line 98

11:11:35.449,I,000;Inicio de la clase
11:11:42.549,I,000;System.Collections.Generic.List`1[AVN.Autoconsulta.core.TransitosFacturadosDto]
11:11:42.549,I,000;Fin de la clase -- [GetTransitosNoFacturados]
11:11:42.565,Q,204;TP10PP001772041|REG|0|2017-09-01 11:11:42|2017-09-01 11:11:42|Transitos Facturados|Consulta Transitos Facturados|0|V|Consulta Transitos Facturados|RJ3256|0|0||||||0|0|||0||C702@
11:11:52.564,E,204;System.TimeoutException: The operation has timed out.
   at System.IO.Pipes.NamedPipeClientStream.Connect(Int32 timeout)
   at AVN.Autoconsulta.core.PipeClient.MessageSentSuccessfully() in E:\00.- Proyectos\01.- Autopista Vespucio Norte\Servicio Rest\AVN.Autoconsulta.Api\AVN.Autoconsulta.core\AVC.Autoconsulta.core.Utils\PipeClient.cs:line 98

11:22:30.574,I,000;Inicio de la clase

11:22:57.462,I,000;Inicio de la clase
11:23:12.768,I,000;System.Collections.Generic.List`1[AVN.Autoconsulta.core.TransitosFacturadosDto]
11:23:12.768,I,000;Fin de la clase -- [GetTransitosNoFacturados]
11:23:12.768,Q,204;TP10PP001772041|REG|0|2017-09-01 11:23:12|2017-09-01 11:23:12|Transitos Facturados|Consulta Transitos Facturados|0|V|Consulta Transitos Facturados|YZ2882|0|0||||||0|0|||0||C6E7@
11:23:22.777,E,204;System.TimeoutException: The operation has timed out.
   at System.IO.Pipes.NamedPipeClientStream.Connect(Int32 timeout)
   at AVN.Autoconsulta.core.PipeClient.MessageSentSuccessfully() in E:\00.- Proyectos\01.- Autopista Vespucio Norte\Servicio Rest\AVN.Autoconsulta.Api\AVN.Autoconsulta.core\AVC.Autoconsulta.core.Utils\PipeClient.cs:line 98

11:28:16.760,I,000;Inicio de la clase
11:28:30.309,I,000;System.Collections.Generic.List`1[AVN.Autoconsulta.core.TransitosFacturadosDto]
11:28:30.319,I,000;Fin de la clase -- [GetTransitosNoFacturados]
11:28:30.319,Q,204;TP10PP001772041|REG|0|2017-09-01 11:28:30|2017-09-01 11:28:30|Transitos Facturados|Consulta Transitos Facturados|0|V|Consulta Transitos Facturados|YZ2882|0|0||||||0|0|||0||C6DD@
11:28:40.336,E,204;System.TimeoutException: The operation has timed out.
   at System.IO.Pipes.NamedPipeClientStream.Connect(Int32 timeout)
   at AVN.Autoconsulta.core.PipeClient.MessageSentSuccessfully() in E:\00.- Proyectos\01.- Autopista Vespucio Norte\Servicio Rest\AVN.Autoconsulta.Api\AVN.Autoconsulta.core\AVC.Autoconsulta.core.Utils\PipeClient.cs:line 98

11:28:50.050,I,000;Inicio de la clase
11:28:53.268,I,000;System.Collections.Generic.List`1[AVN.Autoconsulta.core.TransitosFacturadosDto]
11:28:53.268,I,000;Fin de la clase -- [GetTransitosNoFacturados]
11:28:53.273,Q,204;TP10PP001772041|REG|0|2017-09-01 11:28:53|2017-09-01 11:28:53|Transitos Facturados|Consulta Transitos Facturados|0|V|Consulta Transitos Facturados|YZ2882|0|0||||||0|0|||0||C6D3@
11:29:03.284,E,204;System.TimeoutException: The operation has timed out.
   at System.IO.Pipes.NamedPipeClientStream.Connect(Int32 timeout)
   at AVN.Autoconsulta.core.PipeClient.MessageSentSuccessfully() in E:\00.- Proyectos\01.- Autopista Vespucio Norte\Servicio Rest\AVN.Autoconsulta.Api\AVN.Autoconsulta.core\AVC.Autoconsulta.core.Utils\PipeClient.cs:line 98

11:48:18.401,I,000;Inicio de la clase
11:48:21.224,I,000;System.Collections.Generic.List`1[AVN.Autoconsulta.core.TransitosFacturadosDto]
11:48:21.224,I,000;Fin de la clase -- [GetTransitosNoFacturados]
11:48:21.224,Q,204;TP10PP001772041|REG|0|2017-09-01 11:48:21|2017-09-01 11:48:21|Transitos Facturados|Consulta Transitos Facturados|0|V|Consulta Transitos Facturados|YZ2882|0|0||||||0|0|||0||C6D9@
11:48:31.238,E,204;System.TimeoutException: The operation has timed out.
   at System.IO.Pipes.NamedPipeClientStream.Connect(Int32 timeout)
   at AVN.Autoconsulta.core.PipeClient.MessageSentSuccessfully() in E:\00.- Proyectos\01.- Autopista Vespucio Norte\Servicio Rest\AVN.Autoconsulta.Api\AVN.Autoconsulta.core\AVC.Autoconsulta.core.Utils\PipeClient.cs:line 98

11:50:40.197,I,000;Inicio de la clase
11:50:43.066,I,000;System.Collections.Generic.List`1[AVN.Autoconsulta.core.TransitosFacturadosDto]
11:50:43.066,I,000;Fin de la clase -- [GetTransitosNoFacturados]
11:50:43.066,Q,204;TP10PP001772041|REG|0|2017-09-01 11:50:43|2017-09-01 11:50:43|Transitos Facturados|Consulta Transitos Facturados|0|V|Consulta Transitos Facturados|YZ2882|0|0||||||0|0|||0||C6DF@
11:50:53.054,E,204;System.TimeoutException: The operation has timed out.
   at System.IO.Pipes.NamedPipeClientStream.Connect(Int32 timeout)
   at AVN.Autoconsulta.core.PipeClient.MessageSentSuccessfully() in E:\00.- Proyectos\01.- Autopista Vespucio Norte\Servicio Rest\AVN.Autoconsulta.Api\AVN.Autoconsulta.core\AVC.Autoconsulta.core.Utils\PipeClient.cs:line 98

11:50:58.835,I,000;Inicio de la clase
11:51:02.037,I,000;System.Collections.Generic.List`1[AVN.Autoconsulta.core.TransitosFacturadosDto]
11:51:02.037,I,000;Fin de la clase -- [GetTransitosNoFacturados]
11:51:02.037,Q,204;TP10PP001772041|REG|0|2017-09-01 11:51:02|2017-09-01 11:51:02|Transitos Facturados|Consulta Transitos Facturados|0|V|Consulta Transitos Facturados|YZ2882|0|0||||||0|0|||0||C6E7@
11:51:12.048,E,204;System.TimeoutException: The operation has timed out.
   at System.IO.Pipes.NamedPipeClientStream.Connect(Int32 timeout)
   at AVN.Autoconsulta.core.PipeClient.MessageSentSuccessfully() in E:\00.- Proyectos\01.- Autopista Vespucio Norte\Servicio Rest\AVN.Autoconsulta.Api\AVN.Autoconsulta.core\AVC.Autoconsulta.core.Utils\PipeClient.cs:line 98

11:52:57.702,I,000;Inicio de la clase
11:53:00.182,I,000;System.Collections.Generic.List`1[AVN.Autoconsulta.core.TransitosFacturadosDto]
11:53:00.185,I,000;Fin de la clase -- [GetTransitosNoFacturados]
11:53:00.187,Q,204;TP10PP001772041|REG|0|2017-09-01 11:53:00|2017-09-01 11:53:00|Transitos Facturados|Consulta Transitos Facturados|0|V|Consulta Transitos Facturados|YZ2882|0|0||||||0|0|||0||C6E7@
11:53:10.194,E,204;System.TimeoutException: The operation has timed out.
   at System.IO.Pipes.NamedPipeClientStream.Connect(Int32 timeout)
   at AVN.Autoconsulta.core.PipeClient.MessageSentSuccessfully() in E:\00.- Proyectos\01.- Autopista Vespucio Norte\Servicio Rest\AVN.Autoconsulta.Api\AVN.Autoconsulta.core\AVC.Autoconsulta.core.Utils\PipeClient.cs:line 98

11:53:10.676,I,000;Inicio de la clase
11:53:13.758,I,000;System.Collections.Generic.List`1[AVN.Autoconsulta.core.TransitosFacturadosDto]
11:53:13.763,I,000;Fin de la clase -- [GetTransitosNoFacturados]
11:53:13.763,Q,204;TP10PP001772041|REG|0|2017-09-01 11:53:13|2017-09-01 11:53:13|Transitos Facturados|Consulta Transitos Facturados|0|V|Consulta Transitos Facturados|YZ2882|0|0||||||0|0|||0||C6DF@
11:53:23.753,E,204;System.TimeoutException: The operation has timed out.
   at System.IO.Pipes.NamedPipeClientStream.Connect(Int32 timeout)
   at AVN.Autoconsulta.core.PipeClient.MessageSentSuccessfully() in E:\00.- Proyectos\01.- Autopista Vespucio Norte\Servicio Rest\AVN.Autoconsulta.Api\AVN.Autoconsulta.core\AVC.Autoconsulta.core.Utils\PipeClient.cs:line 98

11:53:45.217,I,000;Inicio de la clase
11:53:48.256,I,000;System.Collections.Generic.List`1[AVN.Autoconsulta.core.TransitosFacturadosDto]
11:53:48.259,I,000;Fin de la clase -- [GetTransitosNoFacturados]
11:53:48.261,Q,204;TP10PP001772041|REG|0|2017-09-01 11:53:48|2017-09-01 11:53:48|Transitos Facturados|Consulta Transitos Facturados|0|V|Consulta Transitos Facturados|YZ2882|0|0||||||0|0|||0||C6CF@

11:53:55.255,I,000;Inicio de la clase
11:53:58.198,I,000;System.Collections.Generic.List`1[AVN.Autoconsulta.core.TransitosFacturadosDto]
11:53:58.203,I,000;Fin de la clase -- [GetTransitosNoFacturados]
11:53:58.203,Q,204;TP10PP001772041|REG|0|2017-09-01 11:53:58|2017-09-01 11:53:58|Transitos Facturados|Consulta Transitos Facturados|0|V|Consulta Transitos Facturados|YZ2882|0|0||||||0|0|||0||C6CD@
11:53:58.257,E,204;System.TimeoutException: The operation has timed out.
   at System.IO.Pipes.NamedPipeClientStream.Connect(Int32 timeout)
   at AVN.Autoconsulta.core.PipeClient.MessageSentSuccessfully() in E:\00.- Proyectos\01.- Autopista Vespucio Norte\Servicio Rest\AVN.Autoconsulta.Api\AVN.Autoconsulta.core\AVC.Autoconsulta.core.Utils\PipeClient.cs:line 98
11:54:08.209,E,204;System.TimeoutException: The operation has timed out.
   at System.IO.Pipes.NamedPipeClientStream.Connect(Int32 timeout)
   at AVN.Autoconsulta.core.PipeClient.MessageSentSuccessfully() in E:\00.- Proyectos\01.- Autopista Vespucio Norte\Servicio Rest\AVN.Autoconsulta.Api\AVN.Autoconsulta.core\AVC.Autoconsulta.core.Utils\PipeClient.cs:line 98

11:54:25.118,I,000;Inicio de la clase
11:54:33.948,I,000;System.Collections.Generic.List`1[AVN.Autoconsulta.core.TransitosFacturadosDto]
11:54:33.949,I,000;Fin de la clase -- [GetTransitosNoFacturados]
11:54:33.951,Q,204;TP10PP001772041|REG|0|2017-09-01 11:54:33|2017-09-01 11:54:33|Transitos Facturados|Consulta Transitos Facturados|0|V|Consulta Transitos Facturados|TS8640|0|0||||||0|0|||0||C6E7@

11:54:35.147,I,000;Inicio de la clase
11:54:38.888,I,000;System.Collections.Generic.List`1[AVN.Autoconsulta.core.TransitosFacturadosDto]
11:54:38.888,I,000;Fin de la clase -- [GetTransitosNoFacturados]
11:54:38.893,Q,204;TP10PP001772041|REG|0|2017-09-01 11:54:38|2017-09-01 11:54:38|Transitos Facturados|Consulta Transitos Facturados|0|V|Consulta Transitos Facturados|TS8640|0|0||||||0|0|||0||C6DD@
11:54:43.953,E,204;System.TimeoutException: The operation has timed out.
   at System.IO.Pipes.NamedPipeClientStream.Connect(Int32 timeout)
   at AVN.Autoconsulta.core.PipeClient.MessageSentSuccessfully() in E:\00.- Proyectos\01.- Autopista Vespucio Norte\Servicio Rest\AVN.Autoconsulta.Api\AVN.Autoconsulta.core\AVC.Autoconsulta.core.Utils\PipeClient.cs:line 98
11:54:48.896,E,204;System.TimeoutException: The operation has timed out.
   at System.IO.Pipes.NamedPipeClientStream.Connect(Int32 timeout)
   at AVN.Autoconsulta.core.PipeClient.MessageSentSuccessfully() in E:\00.- Proyectos\01.- Autopista Vespucio Norte\Servicio Rest\AVN.Autoconsulta.Api\AVN.Autoconsulta.core\AVC.Autoconsulta.core.Utils\PipeClient.cs:line 98

11:54:52.475,I,000;Inicio de la clase
11:54:57.813,I,000;System.Collections.Generic.List`1[AVN.Autoconsulta.core.TransitosFacturadosDto]
11:54:57.815,I,000;Fin de la clase -- [GetTransitosNoFacturados]
11:54:57.818,Q,204;TP10PP001772041|REG|0|2017-09-01 11:54:57|2017-09-01 11:54:57|Transitos Facturados|Consulta Transitos Facturados|0|V|Consulta Transitos Facturados|KJ1393|0|0||||||0|0|||0||C6EF@

11:55:02.519,I,000;Inicio de la clase
11:55:04.053,I,000;System.Collections.Generic.List`1[AVN.Autoconsulta.core.TransitosFacturadosDto]
11:55:04.058,I,000;Fin de la clase -- [GetTransitosNoFacturados]
11:55:04.058,Q,204;TP10PP001772041|REG|0|2017-09-01 11:55:04|2017-09-01 11:55:04|Transitos Facturados|Consulta Transitos Facturados|0|V|Consulta Transitos Facturados|KJ1393|0|0||||||0|0|||0||C6FD@
11:55:07.819,E,204;System.TimeoutException: The operation has timed out.
   at System.IO.Pipes.NamedPipeClientStream.Connect(Int32 timeout)
   at AVN.Autoconsulta.core.PipeClient.MessageSentSuccessfully() in E:\00.- Proyectos\01.- Autopista Vespucio Norte\Servicio Rest\AVN.Autoconsulta.Api\AVN.Autoconsulta.core\AVC.Autoconsulta.core.Utils\PipeClient.cs:line 98

11:55:11.612,I,000;Inicio de la clase
11:55:14.058,E,204;System.TimeoutException: The operation has timed out.
   at System.IO.Pipes.NamedPipeClientStream.Connect(Int32 timeout)
   at AVN.Autoconsulta.core.PipeClient.MessageSentSuccessfully() in E:\00.- Proyectos\01.- Autopista Vespucio Norte\Servicio Rest\AVN.Autoconsulta.Api\AVN.Autoconsulta.core\AVC.Autoconsulta.core.Utils\PipeClient.cs:line 98

11:57:25.344,I,000;Inicio de la clase
11:57:37.118,F,000;AVN.Autoconsulta.core.ClienteDto

11:57:37.217,I,000;Inicio de la clase

11:57:37.243,I,000;Inicio Método
11:57:38.359,F,000;AVN.Autoconsulta.core.ClienteDto
11:57:38.368,R,000;AVN.Autoconsulta.core.SVC_AVN_1_2.responseConsultaInfoTagDTO
11:57:38.373,Q,204;TP10PP001382041|REG|0|2017-09-01 11:57:38|2017-09-01 11:57:38|Saldo|Consulta Saldo|0|V|Consulta Saldo|15.958.339-2|0|0||||||0|0|||0||D7ED@
11:57:38.421,I,000;Server=localhost;Port=5432;Database=Pago;User ID=TpackP;Password=tpackp
11:57:38.426,I,000;Inicio Conexion BD
11:57:38.436,I,000;Ejecución OK
11:57:38.438,I,000;Termino de Consulta a la BD
11:57:48.375,E,204;System.TimeoutException: The operation has timed out.
   at System.IO.Pipes.NamedPipeClientStream.Connect(Int32 timeout)
   at AVN.Autoconsulta.core.PipeClient.MessageSentSuccessfully() in E:\00.- Proyectos\01.- Autopista Vespucio Norte\Servicio Rest\AVN.Autoconsulta.Api\AVN.Autoconsulta.core\AVC.Autoconsulta.core.Utils\PipeClient.cs:line 98

12:00:39.763,I,000;Inicio de la clase
12:01:31.942,F,000;AVN.Autoconsulta.core.ClienteDto

12:01:32.021,I,000;Inicio de la clase

12:01:32.046,I,000;Inicio Método
12:01:37.948,F,000;AVN.Autoconsulta.core.ClienteDto
12:01:38.289,R,000;AVN.Autoconsulta.core.SVC_AVN_1_2.responseConsultaInfoTagDTO
12:01:38.289,Q,204;TP10PP001382041|REG|0|2017-09-01 12:01:38|2017-09-01 12:01:38|Saldo|Consulta Saldo|0|V|Consulta Saldo|10.697.286-9|0|0||||||0|0|||0||D7FE@
12:01:38.321,I,000;Server=localhost;Port=5432;Database=Pago;User ID=TpackP;Password=tpackp
12:01:38.322,I,000;Inicio Conexion BD
12:01:38.345,I,000;Ejecución OK
12:01:38.349,I,000;Termino de Consulta a la BD
12:01:48.290,E,204;System.TimeoutException: The operation has timed out.
   at System.IO.Pipes.NamedPipeClientStream.Connect(Int32 timeout)
   at AVN.Autoconsulta.core.PipeClient.MessageSentSuccessfully() in E:\00.- Proyectos\01.- Autopista Vespucio Norte\Servicio Rest\AVN.Autoconsulta.Api\AVN.Autoconsulta.core\AVC.Autoconsulta.core.Utils\PipeClient.cs:line 98

12:03:35.898,I,000;Inicio de la clase
12:03:36.075,F,000;AVN.Autoconsulta.core.ClienteDto

12:03:36.146,I,000;Inicio de la clase

12:03:36.154,I,000;Inicio Método
12:03:36.307,F,000;AVN.Autoconsulta.core.ClienteDto

12:04:47.019,I,000;Inicio de la clase
12:04:47.190,F,000;AVN.Autoconsulta.core.ClienteDto

13:10:24.775,I,000;Inicio de la clase
13:10:29.197,F,000;AVN.Autoconsulta.core.ClienteDto

13:17:30.093,I,000;Inicio de la clase
13:17:34.250,F,000;AVN.Autoconsulta.core.ClienteDto

13:18:33.421,I,000;Inicio de la clase
13:18:37.470,F,000;AVN.Autoconsulta.core.ClienteDto

13:19:25.582,I,000;Inicio de la clase
13:19:29.622,F,000;AVN.Autoconsulta.core.ClienteDto

13:19:42.206,I,000;Inicio de la clase
13:19:42.923,F,000;AVN.Autoconsulta.core.ClienteDto

13:33:23.566,I,000;Inicio de la clase
13:33:27.882,F,000;AVN.Autoconsulta.core.ClienteDto

13:33:42.587,I,000;Inicio de la clase

13:33:42.612,I,000;Inicio de la clase
13:33:43.230,F,000;AVN.Autoconsulta.core.ClienteDto
13:33:43.240,I,000;System.Collections.Generic.List`1[AVN.Autoconsulta.core.BoletaDto]
13:33:43.240,I,000;Fin de la clase -- [GetBoletas]
13:33:43.260,Q,204;TP10PP001432041|REG|0|2017-09-01 13:33:43|2017-09-01 13:33:43|Boleta|Consulta Boletas|0|V|Consulta Boletas|15.940.334-3|0|0||||||0|0|||0||D5FC@
13:33:53.270,E,204;System.TimeoutException: The operation has timed out.
   at System.IO.Pipes.NamedPipeClientStream.Connect(Int32 timeout)
   at AVN.Autoconsulta.core.PipeClient.MessageSentSuccessfully() in E:\00.- Proyectos\01.- Autopista Vespucio Norte\Servicio Rest\AVN.Autoconsulta.Api\AVN.Autoconsulta.core\AVC.Autoconsulta.core.Utils\PipeClient.cs:line 98

13:34:05.976,I,000;Inicio de la clase
13:34:06.658,I,000;System.Collections.Generic.List`1[AVN.Autoconsulta.core.BoletaDto]
13:34:06.659,I,000;Fin de la clase -- [GetBoletas]
13:34:06.661,Q,204;TP10PP001432041|REG|0|2017-09-01 13:34:06|2017-09-01 13:34:06|Boleta|Consulta Boletas|0|V|Consulta Boletas|15.940.334-3|0|0||||||0|0|||0||D5FC@
13:34:07.356,Q,204;TP10PP001582041|REG|0|2017-09-01 13:34:07|2017-09-01 13:34:07|Certificado|Impresion Certificado|0|V|Impresion Certificado|15.940.334-3|0|0||||||0|0|||0||CFEE@
13:34:16.661,E,204;System.TimeoutException: The operation has timed out.
   at System.IO.Pipes.NamedPipeClientStream.Connect(Int32 timeout)
   at AVN.Autoconsulta.core.PipeClient.MessageSentSuccessfully() in E:\00.- Proyectos\01.- Autopista Vespucio Norte\Servicio Rest\AVN.Autoconsulta.Api\AVN.Autoconsulta.core\AVC.Autoconsulta.core.Utils\PipeClient.cs:line 98
13:34:17.366,E,204;System.TimeoutException: The operation has timed out.
   at System.IO.Pipes.NamedPipeClientStream.Connect(Int32 timeout)
   at AVN.Autoconsulta.core.PipeClient.MessageSentSuccessfully() in E:\00.- Proyectos\01.- Autopista Vespucio Norte\Servicio Rest\AVN.Autoconsulta.Api\AVN.Autoconsulta.core\AVC.Autoconsulta.core.Utils\PipeClient.cs:line 98

13:37:31.030,I,000;Inicio de la clase

13:37:31.043,I,000;Inicio de la clase
13:37:31.830,F,000;AVN.Autoconsulta.core.ClienteDto
13:37:31.908,I,000;System.Collections.Generic.List`1[AVN.Autoconsulta.core.BoletaDto]
13:37:31.927,I,000;Fin de la clase -- [GetBoletas]
13:37:31.930,Q,204;TP10PP001432041|REG|0|2017-09-01 13:37:31|2017-09-01 13:37:31|Boleta|Consulta Boletas|0|V|Consulta Boletas|15.940.334-3|0|0||||||0|0|||0||D5FA@
13:37:41.938,E,204;System.TimeoutException: The operation has timed out.
   at System.IO.Pipes.NamedPipeClientStream.Connect(Int32 timeout)
   at AVN.Autoconsulta.core.PipeClient.MessageSentSuccessfully() in E:\00.- Proyectos\01.- Autopista Vespucio Norte\Servicio Rest\AVN.Autoconsulta.Api\AVN.Autoconsulta.core\AVC.Autoconsulta.core.Utils\PipeClient.cs:line 98

13:38:02.828,I,000;Inicio de la clase

13:38:02.847,I,000;Inicio de la clase
13:38:13.792,I,000;System.Collections.Generic.List`1[AVN.Autoconsulta.core.BoletaDto]
13:38:13.807,I,000;Fin de la clase -- [GetBoletas]
13:38:13.807,Q,204;TP10PP001412041|REG|0|2017-09-01 13:38:13|2017-09-01 13:38:13|Boleta|Consulta Boletas|0|V|Consulta Boletas|15958339-2|0|0||||||0|0|||0||D649@
13:38:13.807,F,000;AVN.Autoconsulta.core.ClienteDto
13:38:23.802,E,204;System.TimeoutException: The operation has timed out.
   at System.IO.Pipes.NamedPipeClientStream.Connect(Int32 timeout)
   at AVN.Autoconsulta.core.PipeClient.MessageSentSuccessfully() in E:\00.- Proyectos\01.- Autopista Vespucio Norte\Servicio Rest\AVN.Autoconsulta.Api\AVN.Autoconsulta.core\AVC.Autoconsulta.core.Utils\PipeClient.cs:line 98

13:38:27.548,I,000;Inicio de la clase
13:38:28.722,I,000;System.Collections.Generic.List`1[AVN.Autoconsulta.core.BoletaDto]
13:38:28.724,I,000;Fin de la clase -- [GetBoletas]
13:38:28.727,Q,204;TP10PP001412041|REG|0|2017-09-01 13:38:28|2017-09-01 13:38:28|Boleta|Consulta Boletas|0|V|Consulta Boletas|15958339-2|0|0||||||0|0|||0||D63D@
13:38:29.368,Q,204;TP10PP001562041|REG|0|2017-09-01 13:38:29|2017-09-01 13:38:29|Certificado|Impresion Certificado|0|V|Impresion Certificado|15958339-2|0|0||||||0|0|||0||D02F@
13:38:38.737,E,204;System.TimeoutException: The operation has timed out.
   at System.IO.Pipes.NamedPipeClientStream.Connect(Int32 timeout)
   at AVN.Autoconsulta.core.PipeClient.MessageSentSuccessfully() in E:\00.- Proyectos\01.- Autopista Vespucio Norte\Servicio Rest\AVN.Autoconsulta.Api\AVN.Autoconsulta.core\AVC.Autoconsulta.core.Utils\PipeClient.cs:line 98
13:38:39.377,E,204;System.TimeoutException: The operation has timed out.
   at System.IO.Pipes.NamedPipeClientStream.Connect(Int32 timeout)
   at AVN.Autoconsulta.core.PipeClient.MessageSentSuccessfully() in E:\00.- Proyectos\01.- Autopista Vespucio Norte\Servicio Rest\AVN.Autoconsulta.Api\AVN.Autoconsulta.core\AVC.Autoconsulta.core.Utils\PipeClient.cs:line 98

13:45:33.430,I,000;Inicio de la clase
13:45:34.095,F,000;AVN.Autoconsulta.core.ClienteDto

13:45:34.194,I,000;Inicio de la clase

13:45:34.207,I,000;Inicio Método
13:45:34.836,R,000;AVN.Autoconsulta.core.SVC_AVN_1_2.responseConsultaInfoTagDTO
13:45:34.852,Q,204;TP10PP001382041|REG|0|2017-09-01 13:45:34|2017-09-01 13:45:34|Saldo|Consulta Saldo|0|V|Consulta Saldo|15.940.334-3|0|0||||||0|0|||0||D804@
13:45:34.883,I,000;Server=localhost;Port=5432;Database=Pago;User ID=TpackP;Password=tpackp
13:45:34.899,I,000;Inicio Conexion BD
13:45:34.899,I,000;Ejecución OK
13:45:34.899,I,000;Termino de Consulta a la BD
13:45:34.916,F,000;AVN.Autoconsulta.core.ClienteDto
13:45:44.845,E,204;System.TimeoutException: The operation has timed out.
   at System.IO.Pipes.NamedPipeClientStream.Connect(Int32 timeout)
   at AVN.Autoconsulta.core.PipeClient.MessageSentSuccessfully() in E:\00.- Proyectos\01.- Autopista Vespucio Norte\Servicio Rest\AVN.Autoconsulta.Api\AVN.Autoconsulta.core\AVC.Autoconsulta.core.Utils\PipeClient.cs:line 98
13:45:47.754,Q,204;TP10PP001452041|REG|0|2017-09-01 13:45:47|2017-09-01 13:45:47|Certificado|Impresion Cupon Pago|0|V|Impresion Certificado||0|0||||||0|0|||0||D2F0@
13:45:57.753,E,204;System.TimeoutException: The operation has timed out.
   at System.IO.Pipes.NamedPipeClientStream.Connect(Int32 timeout)
   at AVN.Autoconsulta.core.PipeClient.MessageSentSuccessfully() in E:\00.- Proyectos\01.- Autopista Vespucio Norte\Servicio Rest\AVN.Autoconsulta.Api\AVN.Autoconsulta.core\AVC.Autoconsulta.core.Utils\PipeClient.cs:line 98

13:47:57.801,I,000;Inicio de la clase
13:48:00.198,F,000;AVN.Autoconsulta.core.ClienteDto

13:48:35.851,I,000;Inicio de la clase
13:48:36.376,F,000;AVN.Autoconsulta.core.ClienteDto

13:48:52.346,I,000;Inicio de la clase

13:48:52.366,I,000;Inicio de la clase
13:48:52.828,I,000;System.Collections.Generic.List`1[AVN.Autoconsulta.core.BoletaDto]
13:48:52.828,I,000;Fin de la clase -- [GetBoletas]
13:48:52.844,Q,204;TP10PP001432041|REG|0|2017-09-01 13:48:52|2017-09-01 13:48:52|Boleta|Consulta Boletas|0|V|Consulta Boletas|17.122.588-4|0|0||||||0|0|||0||D5EA@
13:48:52.898,F,000;AVN.Autoconsulta.core.ClienteDto
13:49:02.847,E,204;System.TimeoutException: The operation has timed out.
   at System.IO.Pipes.NamedPipeClientStream.Connect(Int32 timeout)
   at AVN.Autoconsulta.core.PipeClient.MessageSentSuccessfully() in E:\00.- Proyectos\01.- Autopista Vespucio Norte\Servicio Rest\AVN.Autoconsulta.Api\AVN.Autoconsulta.core\AVC.Autoconsulta.core.Utils\PipeClient.cs:line 98

13:53:17.661,I,000;Inicio de la clase
13:53:18.217,F,000;AVN.Autoconsulta.core.ClienteDto

13:53:30.746,I,000;Inicio de la clase

13:53:30.759,I,000;Inicio de la clase
13:53:31.218,I,000;System.Collections.Generic.List`1[AVN.Autoconsulta.core.BoletaDto]
13:53:31.218,I,000;Fin de la clase -- [GetBoletas]
13:53:31.233,Q,204;TP10PP001432041|REG|0|2017-09-01 13:53:31|2017-09-01 13:53:31|Boleta|Consulta Boletas|0|V|Consulta Boletas|17.122.588-4|0|0||||||0|0|||0||D5F8@
13:53:31.264,F,000;AVN.Autoconsulta.core.ClienteDto
13:53:41.233,E,204;System.TimeoutException: The operation has timed out.
   at System.IO.Pipes.NamedPipeClientStream.Connect(Int32 timeout)
   at AVN.Autoconsulta.core.PipeClient.MessageSentSuccessfully() in E:\00.- Proyectos\01.- Autopista Vespucio Norte\Servicio Rest\AVN.Autoconsulta.Api\AVN.Autoconsulta.core\AVC.Autoconsulta.core.Utils\PipeClient.cs:line 98

13:54:16.224,I,000;Inicio de la clase
13:54:16.893,F,000;AVN.Autoconsulta.core.ClienteDto

13:54:28.726,I,000;Inicio de la clase

13:54:28.733,I,000;Inicio de la clase
13:54:29.340,I,000;System.Collections.Generic.List`1[AVN.Autoconsulta.core.BoletaDto]
13:54:29.340,I,000;Fin de la clase -- [GetBoletas]
13:54:29.355,Q,204;TP10PP001432041|REG|0|2017-09-01 13:54:29|2017-09-01 13:54:29|Boleta|Consulta Boletas|0|V|Consulta Boletas|15.940.334-3|0|0||||||0|0|||0||D5EE@
13:54:29.442,F,000;AVN.Autoconsulta.core.ClienteDto
13:54:39.358,E,204;System.TimeoutException: The operation has timed out.
   at System.IO.Pipes.NamedPipeClientStream.Connect(Int32 timeout)
   at AVN.Autoconsulta.core.PipeClient.MessageSentSuccessfully() in E:\00.- Proyectos\01.- Autopista Vespucio Norte\Servicio Rest\AVN.Autoconsulta.Api\AVN.Autoconsulta.core\AVC.Autoconsulta.core.Utils\PipeClient.cs:line 98

13:55:00.900,I,000;Inicio de la clase
13:55:01.363,F,000;AVN.Autoconsulta.core.ClienteDto

13:55:25.447,I,000;Inicio de la clase
13:55:25.959,F,000;AVN.Autoconsulta.core.ClienteDto

13:55:32.732,I,000;Inicio de la clase

13:55:32.749,I,000;Inicio de la clase
13:55:33.291,I,000;System.Collections.Generic.List`1[AVN.Autoconsulta.core.BoletaDto]
13:55:33.291,I,000;Fin de la clase -- [GetBoletas]
13:55:33.291,Q,204;TP10PP001432041|REG|0|2017-09-01 13:55:33|2017-09-01 13:55:33|Boleta|Consulta Boletas|0|V|Consulta Boletas|17.122.588-4|0|0||||||0|0|||0||D5F0@
13:55:33.322,F,000;AVN.Autoconsulta.core.ClienteDto

13:55:41.767,I,000;Inicio de la clase
13:55:42.392,F,000;AVN.Autoconsulta.core.ClienteDto
13:55:43.290,E,204;System.TimeoutException: The operation has timed out.
   at System.IO.Pipes.NamedPipeClientStream.Connect(Int32 timeout)
   at AVN.Autoconsulta.core.PipeClient.MessageSentSuccessfully() in E:\00.- Proyectos\01.- Autopista Vespucio Norte\Servicio Rest\AVN.Autoconsulta.Api\AVN.Autoconsulta.core\AVC.Autoconsulta.core.Utils\PipeClient.cs:line 98

13:55:52.211,I,000;Inicio de la clase

13:55:52.226,I,000;Inicio de la clase
13:55:52.808,F,000;AVN.Autoconsulta.core.ClienteDto
13:55:52.973,I,000;System.Collections.Generic.List`1[AVN.Autoconsulta.core.BoletaDto]
13:55:52.974,I,000;Fin de la clase -- [GetBoletas]
13:55:52.975,Q,204;TP10PP001432041|REG|0|2017-09-01 13:55:52|2017-09-01 13:55:52|Boleta|Consulta Boletas|0|V|Consulta Boletas|15.940.334-3|0|0||||||0|0|||0||D5F4@
13:56:02.996,E,204;System.TimeoutException: The operation has timed out.
   at System.IO.Pipes.NamedPipeClientStream.Connect(Int32 timeout)
   at AVN.Autoconsulta.core.PipeClient.MessageSentSuccessfully() in E:\00.- Proyectos\01.- Autopista Vespucio Norte\Servicio Rest\AVN.Autoconsulta.Api\AVN.Autoconsulta.core\AVC.Autoconsulta.core.Utils\PipeClient.cs:line 98

13:56:14.607,I,000;Inicio de la clase
13:56:15.103,F,000;AVN.Autoconsulta.core.ClienteDto

13:56:23.196,I,000;Inicio de la clase

13:56:23.209,I,000;Inicio de la clase
13:56:23.694,I,000;System.Collections.Generic.List`1[AVN.Autoconsulta.core.BoletaDto]
13:56:23.694,I,000;Fin de la clase -- [GetBoletas]
13:56:23.694,Q,204;TP10PP001432041|REG|0|2017-09-01 13:56:23|2017-09-01 13:56:23|Boleta|Consulta Boletas|0|V|Consulta Boletas|17.122.588-4|0|0||||||0|0|||0||D5F0@
13:56:23.725,F,000;AVN.Autoconsulta.core.ClienteDto

13:56:29.816,I,000;Inicio de la clase
13:56:30.306,F,000;AVN.Autoconsulta.core.ClienteDto
13:56:33.695,E,204;System.TimeoutException: The operation has timed out.
   at System.IO.Pipes.NamedPipeClientStream.Connect(Int32 timeout)
   at AVN.Autoconsulta.core.PipeClient.MessageSentSuccessfully() in E:\00.- Proyectos\01.- Autopista Vespucio Norte\Servicio Rest\AVN.Autoconsulta.Api\AVN.Autoconsulta.core\AVC.Autoconsulta.core.Utils\PipeClient.cs:line 98

13:57:10.526,I,000;Inicio de la clase
13:57:11.192,F,000;AVN.Autoconsulta.core.ClienteDto

13:57:49.428,I,000;Inicio de la clase
13:57:50.119,F,000;AVN.Autoconsulta.core.ClienteDto

13:57:59.164,I,000;Inicio de la clase

13:57:59.173,I,000;Inicio de la clase
13:57:59.741,I,000;System.Collections.Generic.List`1[AVN.Autoconsulta.core.BoletaDto]
13:57:59.741,I,000;Fin de la clase -- [GetBoletas]
13:57:59.741,Q,204;TP10PP001432041|REG|0|2017-09-01 13:57:59|2017-09-01 13:57:59|Boleta|Consulta Boletas|0|V|Consulta Boletas|15.940.334-3|0|0||||||0|0|||0||D5E2@
13:57:59.772,F,000;AVN.Autoconsulta.core.ClienteDto
13:58:09.735,E,204;System.TimeoutException: The operation has timed out.
   at System.IO.Pipes.NamedPipeClientStream.Connect(Int32 timeout)
   at AVN.Autoconsulta.core.PipeClient.MessageSentSuccessfully() in E:\00.- Proyectos\01.- Autopista Vespucio Norte\Servicio Rest\AVN.Autoconsulta.Api\AVN.Autoconsulta.core\AVC.Autoconsulta.core.Utils\PipeClient.cs:line 98

13:58:50.939,I,000;Inicio de la clase
13:58:51.378,F,000;AVN.Autoconsulta.core.ClienteDto

13:58:59.376,I,000;Inicio de la clase

13:58:59.398,I,000;Inicio de la clase
13:58:59.840,F,000;AVN.Autoconsulta.core.ClienteDto
13:58:59.871,I,000;System.Collections.Generic.List`1[AVN.Autoconsulta.core.BoletaDto]
13:58:59.887,I,000;Fin de la clase -- [GetBoletas]
13:58:59.887,Q,204;TP10PP001432041|REG|0|2017-09-01 13:58:59|2017-09-01 13:58:59|Boleta|Consulta Boletas|0|V|Consulta Boletas|17.122.588-4|0|0||||||0|0|||0||D5DA@
13:59:09.897,E,204;System.TimeoutException: The operation has timed out.
   at System.IO.Pipes.NamedPipeClientStream.Connect(Int32 timeout)
   at AVN.Autoconsulta.core.PipeClient.MessageSentSuccessfully() in E:\00.- Proyectos\01.- Autopista Vespucio Norte\Servicio Rest\AVN.Autoconsulta.Api\AVN.Autoconsulta.core\AVC.Autoconsulta.core.Utils\PipeClient.cs:line 98

14:02:00.391,I,000;Inicio de la clase
14:02:00.874,F,000;AVN.Autoconsulta.core.ClienteDto

14:02:17.896,I,000;Inicio de la clase

14:02:17.903,I,000;Inicio de la clase
14:02:18.411,I,000;System.Collections.Generic.List`1[AVN.Autoconsulta.core.BoletaDto]
14:02:18.411,I,000;Fin de la clase -- [GetBoletas]
14:02:18.411,Q,204;TP10PP001432041|REG|0|2017-09-01 14:02:18|2017-09-01 14:02:18|Boleta|Consulta Boletas|0|V|Consulta Boletas|17.122.588-4|0|0||||||0|0|||0||D5F8@
14:02:18.427,F,000;AVN.Autoconsulta.core.ClienteDto
14:02:28.413,E,204;System.TimeoutException: The operation has timed out.
   at System.IO.Pipes.NamedPipeClientStream.Connect(Int32 timeout)
   at AVN.Autoconsulta.core.PipeClient.MessageSentSuccessfully() in E:\00.- Proyectos\01.- Autopista Vespucio Norte\Servicio Rest\AVN.Autoconsulta.Api\AVN.Autoconsulta.core\AVC.Autoconsulta.core.Utils\PipeClient.cs:line 98

14:31:42.759,I,000;Inicio de la clase
14:31:47.020,F,000;AVN.Autoconsulta.core.ClienteDto

14:31:57.037,I,000;Inicio de la clase

14:31:57.057,I,000;Inicio de la clase
14:31:57.537,I,000;System.Collections.Generic.List`1[AVN.Autoconsulta.core.BoletaDto]
14:31:57.537,I,000;Fin de la clase -- [GetBoletas]
14:31:57.568,Q,204;TP10PP001432041|REG|0|2017-09-01 14:31:57|2017-09-01 14:31:57|Boleta|Consulta Boletas|0|V|Consulta Boletas|17.122.588-4|0|0||||||0|0|||0||D5EE@
14:31:57.615,F,000;AVN.Autoconsulta.core.ClienteDto

14:32:03.334,I,000;Inicio de la clase
14:32:03.866,F,000;AVN.Autoconsulta.core.ClienteDto
14:32:07.560,E,204;System.TimeoutException: The operation has timed out.
   at System.IO.Pipes.NamedPipeClientStream.Connect(Int32 timeout)
   at AVN.Autoconsulta.core.PipeClient.MessageSentSuccessfully() in E:\00.- Proyectos\01.- Autopista Vespucio Norte\Servicio Rest\AVN.Autoconsulta.Api\AVN.Autoconsulta.core\AVC.Autoconsulta.core.Utils\PipeClient.cs:line 98

14:34:45.055,I,000;Inicio de la clase
14:34:45.556,F,000;AVN.Autoconsulta.core.ClienteDto

14:34:56.625,I,000;Inicio de la clase

14:34:56.684,I,000;Inicio de la clase
14:34:57.120,F,000;AVN.Autoconsulta.core.ClienteDto
14:34:57.151,I,000;System.Collections.Generic.List`1[AVN.Autoconsulta.core.BoletaDto]
14:34:57.167,I,000;Fin de la clase -- [GetBoletas]
14:34:57.167,Q,204;TP10PP001432041|REG|0|2017-09-01 14:34:57|2017-09-01 14:34:57|Boleta|Consulta Boletas|0|V|Consulta Boletas|17.122.588-4|0|0||||||0|0|||0||D5E8@

14:35:04.158,I,000;Inicio de la clase
14:35:04.648,F,000;AVN.Autoconsulta.core.ClienteDto
14:35:07.163,E,204;System.TimeoutException: The operation has timed out.
   at System.IO.Pipes.NamedPipeClientStream.Connect(Int32 timeout)
   at AVN.Autoconsulta.core.PipeClient.MessageSentSuccessfully() in E:\00.- Proyectos\01.- Autopista Vespucio Norte\Servicio Rest\AVN.Autoconsulta.Api\AVN.Autoconsulta.core\AVC.Autoconsulta.core.Utils\PipeClient.cs:line 98

14:35:11.545,I,000;Inicio de la clase

14:35:11.561,I,000;Inicio de la clase
14:35:12.077,F,000;AVN.Autoconsulta.core.ClienteDto
14:35:12.077,I,000;System.Collections.Generic.List`1[AVN.Autoconsulta.core.BoletaDto]
14:35:12.092,I,000;Fin de la clase -- [GetBoletas]
14:35:12.092,Q,204;TP10PP001432041|REG|0|2017-09-01 14:35:12|2017-09-01 14:35:12|Boleta|Consulta Boletas|0|V|Consulta Boletas|17.122.588-4|0|0||||||0|0|||0||D5F8@
14:35:22.093,E,204;System.TimeoutException: The operation has timed out.
   at System.IO.Pipes.NamedPipeClientStream.Connect(Int32 timeout)
   at AVN.Autoconsulta.core.PipeClient.MessageSentSuccessfully() in E:\00.- Proyectos\01.- Autopista Vespucio Norte\Servicio Rest\AVN.Autoconsulta.Api\AVN.Autoconsulta.core\AVC.Autoconsulta.core.Utils\PipeClient.cs:line 98

14:35:32.157,I,000;Inicio de la clase
14:35:36.511,F,000;AVN.Autoconsulta.core.ClienteDto

14:36:14.723,I,000;Inicio de la clase
14:36:15.382,F,000;AVN.Autoconsulta.core.ClienteDto

14:36:27.807,I,000;Inicio de la clase

14:36:27.808,I,000;Inicio de la clase
14:36:28.537,I,000;System.Collections.Generic.List`1[AVN.Autoconsulta.core.BoletaDto]
14:36:28.537,I,000;Fin de la clase -- [GetBoletas]
14:36:28.537,Q,204;TP10PP001432041|REG|0|2017-09-01 14:36:28|2017-09-01 14:36:28|Boleta|Consulta Boletas|0|V|Consulta Boletas|15.940.334-3|0|0||||||0|0|||0||D5EE@
14:36:28.568,F,000;AVN.Autoconsulta.core.ClienteDto
14:36:38.552,E,204;System.TimeoutException: The operation has timed out.
   at System.IO.Pipes.NamedPipeClientStream.Connect(Int32 timeout)
   at AVN.Autoconsulta.core.PipeClient.MessageSentSuccessfully() in E:\00.- Proyectos\01.- Autopista Vespucio Norte\Servicio Rest\AVN.Autoconsulta.Api\AVN.Autoconsulta.core\AVC.Autoconsulta.core.Utils\PipeClient.cs:line 98

14:37:30.900,I,000;Inicio de la clase
14:37:31.416,F,000;AVN.Autoconsulta.core.ClienteDto

14:37:44.546,I,000;Inicio de la clase

14:37:44.550,I,000;Inicio de la clase
14:37:44.981,I,000;System.Collections.Generic.List`1[AVN.Autoconsulta.core.BoletaDto]
14:37:44.981,I,000;Fin de la clase -- [GetBoletas]
14:37:44.997,Q,204;TP10PP001432041|REG|0|2017-09-01 14:37:44|2017-09-01 14:37:44|Boleta|Consulta Boletas|0|V|Consulta Boletas|17.122.588-4|0|0||||||0|0|||0||D5EA@
14:37:45.059,F,000;AVN.Autoconsulta.core.ClienteDto
14:37:54.996,E,204;System.TimeoutException: The operation has timed out.
   at System.IO.Pipes.NamedPipeClientStream.Connect(Int32 timeout)
   at AVN.Autoconsulta.core.PipeClient.MessageSentSuccessfully() in E:\00.- Proyectos\01.- Autopista Vespucio Norte\Servicio Rest\AVN.Autoconsulta.Api\AVN.Autoconsulta.core\AVC.Autoconsulta.core.Utils\PipeClient.cs:line 98

14:39:24.081,I,000;Inicio de la clase
14:39:24.587,F,000;AVN.Autoconsulta.core.ClienteDto

14:39:33.372,I,000;Inicio de la clase

14:39:33.388,I,000;Inicio de la clase
14:39:33.860,F,000;AVN.Autoconsulta.core.ClienteDto
14:39:33.891,I,000;System.Collections.Generic.List`1[AVN.Autoconsulta.core.BoletaDto]
14:39:33.907,I,000;Fin de la clase -- [GetBoletas]
14:39:33.907,Q,204;TP10PP001432041|REG|0|2017-09-01 14:39:33|2017-09-01 14:39:33|Boleta|Consulta Boletas|0|V|Consulta Boletas|17.122.588-4|0|0||||||0|0|||0||D5EA@
14:39:43.903,E,204;System.TimeoutException: The operation has timed out.
   at System.IO.Pipes.NamedPipeClientStream.Connect(Int32 timeout)
   at AVN.Autoconsulta.core.PipeClient.MessageSentSuccessfully() in E:\00.- Proyectos\01.- Autopista Vespucio Norte\Servicio Rest\AVN.Autoconsulta.Api\AVN.Autoconsulta.core\AVC.Autoconsulta.core.Utils\PipeClient.cs:line 98

14:40:13.825,I,000;Inicio de la clase
14:40:14.322,F,000;AVN.Autoconsulta.core.ClienteDto

14:40:22.450,I,000;Inicio de la clase

14:40:22.470,I,000;Inicio de la clase
14:40:22.960,F,000;AVN.Autoconsulta.core.ClienteDto
14:40:23.007,I,000;System.Collections.Generic.List`1[AVN.Autoconsulta.core.BoletaDto]
14:40:23.007,I,000;Fin de la clase -- [GetBoletas]
14:40:23.023,Q,204;TP10PP001432041|REG|0|2017-09-01 14:40:23|2017-09-01 14:40:23|Boleta|Consulta Boletas|0|V|Consulta Boletas|17.122.588-4|0|0||||||0|0|||0||D5FC@

14:40:29.188,I,000;Inicio de la clase
14:40:29.678,F,000;AVN.Autoconsulta.core.ClienteDto
14:40:33.043,E,204;System.TimeoutException: The operation has timed out.
   at System.IO.Pipes.NamedPipeClientStream.Connect(Int32 timeout)
   at AVN.Autoconsulta.core.PipeClient.MessageSentSuccessfully() in E:\00.- Proyectos\01.- Autopista Vespucio Norte\Servicio Rest\AVN.Autoconsulta.Api\AVN.Autoconsulta.core\AVC.Autoconsulta.core.Utils\PipeClient.cs:line 98

14:40:34.777,I,000;Inicio de la clase

14:40:34.793,I,000;Inicio de la clase
14:40:35.291,F,000;AVN.Autoconsulta.core.ClienteDto
14:40:35.307,I,000;System.Collections.Generic.List`1[AVN.Autoconsulta.core.BoletaDto]
14:40:35.307,I,000;Fin de la clase -- [GetBoletas]
14:40:35.307,Q,204;TP10PP001432041|REG|0|2017-09-01 14:40:35|2017-09-01 14:40:35|Boleta|Consulta Boletas|0|V|Consulta Boletas|17.122.588-4|0|0||||||0|0|||0||D5F6@

14:40:40.386,I,000;Inicio de la clase
14:40:40.865,F,000;AVN.Autoconsulta.core.ClienteDto
14:40:45.306,E,204;System.TimeoutException: The operation has timed out.
   at System.IO.Pipes.NamedPipeClientStream.Connect(Int32 timeout)
   at AVN.Autoconsulta.core.PipeClient.MessageSentSuccessfully() in E:\00.- Proyectos\01.- Autopista Vespucio Norte\Servicio Rest\AVN.Autoconsulta.Api\AVN.Autoconsulta.core\AVC.Autoconsulta.core.Utils\PipeClient.cs:line 98

14:40:48.146,I,000;Inicio de la clase

14:40:48.157,I,000;Inicio de la clase
14:40:48.619,F,000;AVN.Autoconsulta.core.ClienteDto
14:40:48.634,I,000;System.Collections.Generic.List`1[AVN.Autoconsulta.core.BoletaDto]
14:40:48.634,I,000;Fin de la clase -- [GetBoletas]
14:40:48.634,Q,204;TP10PP001432041|REG|0|2017-09-01 14:40:48|2017-09-01 14:40:48|Boleta|Consulta Boletas|0|V|Consulta Boletas|17.122.588-4|0|0||||||0|0|||0||D5EE@

14:40:56.340,I,000;Inicio de la clase
14:40:57.015,F,000;AVN.Autoconsulta.core.ClienteDto
14:40:58.669,E,204;System.TimeoutException: The operation has timed out.
   at System.IO.Pipes.NamedPipeClientStream.Connect(Int32 timeout)
   at AVN.Autoconsulta.core.PipeClient.MessageSentSuccessfully() in E:\00.- Proyectos\01.- Autopista Vespucio Norte\Servicio Rest\AVN.Autoconsulta.Api\AVN.Autoconsulta.core\AVC.Autoconsulta.core.Utils\PipeClient.cs:line 98

14:41:07.884,I,000;Inicio de la clase

14:41:07.892,I,000;Inicio de la clase
14:41:08.495,I,000;System.Collections.Generic.List`1[AVN.Autoconsulta.core.BoletaDto]
14:41:08.511,I,000;Fin de la clase -- [GetBoletas]
14:41:08.511,Q,204;TP10PP001432041|REG|0|2017-09-01 14:41:08|2017-09-01 14:41:08|Boleta|Consulta Boletas|0|V|Consulta Boletas|15.940.334-3|0|0||||||0|0|||0||D5FA@
14:41:08.557,F,000;AVN.Autoconsulta.core.ClienteDto

14:41:15.114,I,000;Inicio de la clase
14:41:15.806,F,000;AVN.Autoconsulta.core.ClienteDto
14:41:18.523,E,204;System.TimeoutException: The operation has timed out.
   at System.IO.Pipes.NamedPipeClientStream.Connect(Int32 timeout)
   at AVN.Autoconsulta.core.PipeClient.MessageSentSuccessfully() in E:\00.- Proyectos\01.- Autopista Vespucio Norte\Servicio Rest\AVN.Autoconsulta.Api\AVN.Autoconsulta.core\AVC.Autoconsulta.core.Utils\PipeClient.cs:line 98

14:41:42.405,I,000;Inicio de la clase
14:41:43.083,F,000;AVN.Autoconsulta.core.ClienteDto

14:41:50.265,I,000;Inicio de la clase

14:41:50.279,I,000;Inicio de la clase
14:41:50.913,I,000;System.Collections.Generic.List`1[AVN.Autoconsulta.core.BoletaDto]
14:41:50.913,I,000;Fin de la clase -- [GetBoletas]
14:41:50.929,Q,204;TP10PP001432041|REG|0|2017-09-01 14:41:50|2017-09-01 14:41:50|Boleta|Consulta Boletas|0|V|Consulta Boletas|15.940.334-3|0|0||||||0|0|||0||D600@
14:41:50.945,F,000;AVN.Autoconsulta.core.ClienteDto
14:42:00.923,E,204;System.TimeoutException: The operation has timed out.
   at System.IO.Pipes.NamedPipeClientStream.Connect(Int32 timeout)
   at AVN.Autoconsulta.core.PipeClient.MessageSentSuccessfully() in E:\00.- Proyectos\01.- Autopista Vespucio Norte\Servicio Rest\AVN.Autoconsulta.Api\AVN.Autoconsulta.core\AVC.Autoconsulta.core.Utils\PipeClient.cs:line 98

14:42:01.436,I,000;Inicio de la clase
14:42:01.890,F,000;AVN.Autoconsulta.core.ClienteDto

14:42:10.028,I,000;Inicio de la clase

14:42:10.046,I,000;Inicio de la clase
14:42:10.526,F,000;AVN.Autoconsulta.core.ClienteDto
14:42:10.573,I,000;System.Collections.Generic.List`1[AVN.Autoconsulta.core.BoletaDto]
14:42:10.573,I,000;Fin de la clase -- [GetBoletas]
14:42:10.573,Q,204;TP10PP001432041|REG|0|2017-09-01 14:42:10|2017-09-01 14:42:10|Boleta|Consulta Boletas|0|V|Consulta Boletas|17.122.588-4|0|0||||||0|0|||0||D600@
14:42:20.565,E,204;System.TimeoutException: The operation has timed out.
   at System.IO.Pipes.NamedPipeClientStream.Connect(Int32 timeout)
   at AVN.Autoconsulta.core.PipeClient.MessageSentSuccessfully() in E:\00.- Proyectos\01.- Autopista Vespucio Norte\Servicio Rest\AVN.Autoconsulta.Api\AVN.Autoconsulta.core\AVC.Autoconsulta.core.Utils\PipeClient.cs:line 98

14:45:35.428,I,000;Inicio de la clase
14:45:35.637,F,000;AVN.Autoconsulta.core.ClienteDto

14:46:14.220,I,000;Inicio de la clase
14:46:14.751,F,000;AVN.Autoconsulta.core.ClienteDto

14:46:41.065,I,000;Inicio de la clase
14:46:41.609,F,000;AVN.Autoconsulta.core.ClienteDto

14:48:01.552,I,000;Inicio de la clase
14:48:02.100,F,000;AVN.Autoconsulta.core.ClienteDto

14:48:23.268,I,000;Inicio de la clase

14:48:23.269,I,000;Inicio de la clase
14:48:23.812,I,000;System.Collections.Generic.List`1[AVN.Autoconsulta.core.BoletaDto]
14:48:23.812,I,000;Fin de la clase -- [GetBoletas]
14:48:23.828,Q,204;TP10PP001432041|REG|0|2017-09-01 14:48:23|2017-09-01 14:48:23|Boleta|Consulta Boletas|0|V|Consulta Boletas|17.122.588-4|0|0||||||0|0|||0||D5EC@
14:48:23.890,F,000;AVN.Autoconsulta.core.ClienteDto

14:48:31.201,I,000;Inicio de la clase
14:48:31.676,F,000;AVN.Autoconsulta.core.ClienteDto
14:48:33.843,E,204;System.TimeoutException: The operation has timed out.
   at System.IO.Pipes.NamedPipeClientStream.Connect(Int32 timeout)
   at AVN.Autoconsulta.core.PipeClient.MessageSentSuccessfully() in E:\00.- Proyectos\01.- Autopista Vespucio Norte\Servicio Rest\AVN.Autoconsulta.Api\AVN.Autoconsulta.core\AVC.Autoconsulta.core.Utils\PipeClient.cs:line 98

14:48:58.543,I,000;Inicio de la clase
14:48:59.073,F,000;AVN.Autoconsulta.core.ClienteDto

14:49:20.121,I,000;Inicio de la clase
14:49:20.632,F,000;AVN.Autoconsulta.core.ClienteDto

14:49:42.204,I,000;Inicio de la clase
14:49:42.676,F,000;AVN.Autoconsulta.core.ClienteDto

14:49:54.087,I,000;Inicio de la clase

14:49:54.101,I,000;Inicio de la clase
14:49:54.531,F,000;AVN.Autoconsulta.core.ClienteDto
14:49:54.624,I,000;System.Collections.Generic.List`1[AVN.Autoconsulta.core.BoletaDto]
14:49:54.624,I,000;Fin de la clase -- [GetBoletas]
14:49:54.624,Q,204;TP10PP001432041|REG|0|2017-09-01 14:49:54|2017-09-01 14:49:54|Boleta|Consulta Boletas|0|V|Consulta Boletas|17.122.588-4|0|0||||||0|0|||0||D5E2@
14:50:04.625,E,204;System.TimeoutException: The operation has timed out.
   at System.IO.Pipes.NamedPipeClientStream.Connect(Int32 timeout)
   at AVN.Autoconsulta.core.PipeClient.MessageSentSuccessfully() in E:\00.- Proyectos\01.- Autopista Vespucio Norte\Servicio Rest\AVN.Autoconsulta.Api\AVN.Autoconsulta.core\AVC.Autoconsulta.core.Utils\PipeClient.cs:line 98

14:51:39.470,I,000;Inicio de la clase
14:51:43.785,F,000;AVN.Autoconsulta.core.ClienteDto

14:51:53.574,I,000;Inicio de la clase

14:51:53.583,I,000;Inicio de la clase
14:51:54.246,F,000;AVN.Autoconsulta.core.ClienteDto
14:51:54.277,I,000;System.Collections.Generic.List`1[AVN.Autoconsulta.core.BoletaDto]
14:51:54.277,I,000;Fin de la clase -- [GetBoletas]
14:51:54.292,Q,204;TP10PP001432041|REG|0|2017-09-01 14:51:54|2017-09-01 14:51:54|Boleta|Consulta Boletas|0|V|Consulta Boletas|15.940.334-3|0|0||||||0|0|||0||D5F6@

14:52:01.959,I,000;Inicio de la clase
14:52:02.646,F,000;AVN.Autoconsulta.core.ClienteDto
14:52:04.289,E,204;System.TimeoutException: The operation has timed out.
   at System.IO.Pipes.NamedPipeClientStream.Connect(Int32 timeout)
   at AVN.Autoconsulta.core.PipeClient.MessageSentSuccessfully() in E:\00.- Proyectos\01.- Autopista Vespucio Norte\Servicio Rest\AVN.Autoconsulta.Api\AVN.Autoconsulta.core\AVC.Autoconsulta.core.Utils\PipeClient.cs:line 98

14:52:10.259,I,000;Inicio de la clase

14:52:10.265,I,000;Inicio de la clase
14:52:10.914,I,000;System.Collections.Generic.List`1[AVN.Autoconsulta.core.BoletaDto]
14:52:10.914,I,000;Fin de la clase -- [GetBoletas]
14:52:10.914,Q,204;TP10PP001432041|REG|0|2017-09-01 14:52:10|2017-09-01 14:52:10|Boleta|Consulta Boletas|0|V|Consulta Boletas|15.940.334-3|0|0||||||0|0|||0||D604@
14:52:10.961,F,000;AVN.Autoconsulta.core.ClienteDto

14:52:19.195,I,000;Inicio de la clase
14:52:19.810,F,000;AVN.Autoconsulta.core.ClienteDto
14:52:20.919,E,204;System.TimeoutException: The operation has timed out.
   at System.IO.Pipes.NamedPipeClientStream.Connect(Int32 timeout)
   at AVN.Autoconsulta.core.PipeClient.MessageSentSuccessfully() in E:\00.- Proyectos\01.- Autopista Vespucio Norte\Servicio Rest\AVN.Autoconsulta.Api\AVN.Autoconsulta.core\AVC.Autoconsulta.core.Utils\PipeClient.cs:line 98

14:52:27.958,I,000;Inicio de la clase

14:52:27.980,I,000;Inicio de la clase
14:52:28.552,I,000;System.Collections.Generic.List`1[AVN.Autoconsulta.core.BoletaDto]
14:52:28.552,I,000;Fin de la clase -- [GetBoletas]
14:52:28.552,Q,204;TP10PP001432041|REG|0|2017-09-01 14:52:28|2017-09-01 14:52:28|Boleta|Consulta Boletas|0|V|Consulta Boletas|15.940.334-3|0|0||||||0|0|||0||D5F2@
14:52:28.692,F,000;AVN.Autoconsulta.core.ClienteDto

14:52:37.213,I,000;Inicio de la clase
14:52:37.715,F,000;AVN.Autoconsulta.core.ClienteDto
14:52:38.559,E,204;System.TimeoutException: The operation has timed out.
   at System.IO.Pipes.NamedPipeClientStream.Connect(Int32 timeout)
   at AVN.Autoconsulta.core.PipeClient.MessageSentSuccessfully() in E:\00.- Proyectos\01.- Autopista Vespucio Norte\Servicio Rest\AVN.Autoconsulta.Api\AVN.Autoconsulta.core\AVC.Autoconsulta.core.Utils\PipeClient.cs:line 98

14:52:46.526,I,000;Inicio de la clase

14:52:46.534,I,000;Inicio de la clase
14:52:47.054,I,000;System.Collections.Generic.List`1[AVN.Autoconsulta.core.BoletaDto]
14:52:47.054,I,000;Fin de la clase -- [GetBoletas]
14:52:47.054,Q,204;TP10PP001432041|REG|0|2017-09-01 14:52:47|2017-09-01 14:52:47|Boleta|Consulta Boletas|0|V|Consulta Boletas|17.122.588-4|0|0||||||0|0|||0||D5EA@
14:52:47.095,F,000;AVN.Autoconsulta.core.ClienteDto

14:52:53.065,I,000;Inicio de la clase
14:52:53.614,F,000;AVN.Autoconsulta.core.ClienteDto
14:52:57.053,E,204;System.TimeoutException: The operation has timed out.
   at System.IO.Pipes.NamedPipeClientStream.Connect(Int32 timeout)
   at AVN.Autoconsulta.core.PipeClient.MessageSentSuccessfully() in E:\00.- Proyectos\01.- Autopista Vespucio Norte\Servicio Rest\AVN.Autoconsulta.Api\AVN.Autoconsulta.core\AVC.Autoconsulta.core.Utils\PipeClient.cs:line 98

14:53:00.077,I,000;Inicio de la clase

14:53:00.095,I,000;Inicio de la clase
14:53:00.621,F,000;AVN.Autoconsulta.core.ClienteDto
14:53:00.636,I,000;System.Collections.Generic.List`1[AVN.Autoconsulta.core.BoletaDto]
14:53:00.652,I,000;Fin de la clase -- [GetBoletas]
14:53:00.652,Q,204;TP10PP001432041|REG|0|2017-09-01 14:53:00|2017-09-01 14:53:00|Boleta|Consulta Boletas|0|V|Consulta Boletas|17.122.588-4|0|0||||||0|0|||0||D5FE@
14:53:10.651,E,204;System.TimeoutException: The operation has timed out.
   at System.IO.Pipes.NamedPipeClientStream.Connect(Int32 timeout)
   at AVN.Autoconsulta.core.PipeClient.MessageSentSuccessfully() in E:\00.- Proyectos\01.- Autopista Vespucio Norte\Servicio Rest\AVN.Autoconsulta.Api\AVN.Autoconsulta.core\AVC.Autoconsulta.core.Utils\PipeClient.cs:line 98

14:53:12.528,I,000;Inicio de la clase
14:53:13.077,F,000;AVN.Autoconsulta.core.ClienteDto

14:53:23.246,I,000;Inicio de la clase

14:53:23.256,I,000;Inicio de la clase
14:53:23.783,F,000;AVN.Autoconsulta.core.ClienteDto
14:53:23.814,I,000;System.Collections.Generic.List`1[AVN.Autoconsulta.core.BoletaDto]
14:53:23.814,I,000;Fin de la clase -- [GetBoletas]
14:53:23.830,Q,204;TP10PP001432041|REG|0|2017-09-01 14:53:23|2017-09-01 14:53:23|Boleta|Consulta Boletas|0|V|Consulta Boletas|17.122.588-4|0|0||||||0|0|||0||D5F4@
14:53:33.818,E,204;System.TimeoutException: The operation has timed out.
   at System.IO.Pipes.NamedPipeClientStream.Connect(Int32 timeout)
   at AVN.Autoconsulta.core.PipeClient.MessageSentSuccessfully() in E:\00.- Proyectos\01.- Autopista Vespucio Norte\Servicio Rest\AVN.Autoconsulta.Api\AVN.Autoconsulta.core\AVC.Autoconsulta.core.Utils\PipeClient.cs:line 98
14:56:32.783,I,000;System.Collections.Generic.List`1[AVN.Autoconsulta.core.CertificadosDto]
14:56:32.784,I,000;Fin de la clase -- [GetBoletas]
14:56:32.849,Q,204;TP10PP001552041|REG|0|2017-09-01 14:56:32|2017-09-01 14:56:32|Certificado|Consulta Certificado|0|V|Consulta Certificado|7.364.499-2|0|0||||||0|0|||0||D0E9@
14:56:42.851,E,204;System.TimeoutException: The operation has timed out.
   at System.IO.Pipes.NamedPipeClientStream.Connect(Int32 timeout)
   at AVN.Autoconsulta.core.PipeClient.MessageSentSuccessfully() in E:\00.- Proyectos\01.- Autopista Vespucio Norte\Servicio Rest\AVN.Autoconsulta.Api\AVN.Autoconsulta.core\AVC.Autoconsulta.core.Utils\PipeClient.cs:line 98

15:05:02.106,I,000;Inicio de la clase
15:05:03.348,F,000;AVN.Autoconsulta.core.ClienteDto

15:05:03.521,I,000;Inicio de la clase

15:05:03.550,I,000;Inicio Método
15:05:04.564,F,000;AVN.Autoconsulta.core.ClienteDto
15:05:04.585,R,000;AVN.Autoconsulta.core.SVC_AVN_1_2.responseConsultaInfoTagDTO
15:05:04.617,Q,204;TP10PP001382041|REG|0|2017-09-01 15:05:04|2017-09-01 15:05:04|Saldo|Consulta Saldo|0|V|Consulta Saldo|15.958.339-2|0|0||||||0|0|||0||D801@
15:05:04.680,I,000;Server=localhost;Port=5432;Database=Pago;User ID=TpackP;Password=tpackp
15:05:04.683,I,000;Inicio Conexion BD
15:05:04.689,I,000;Ejecución OK
15:05:04.690,I,000;Termino de Consulta a la BD
15:05:14.610,E,204;System.TimeoutException: The operation has timed out.
   at System.IO.Pipes.NamedPipeClientStream.Connect(Int32 timeout)
   at AVN.Autoconsulta.core.PipeClient.MessageSentSuccessfully() in E:\00.- Proyectos\01.- Autopista Vespucio Norte\Servicio Rest\AVN.Autoconsulta.Api\AVN.Autoconsulta.core\AVC.Autoconsulta.core.Utils\PipeClient.cs:line 98

15:05:51.112,I,000;Inicio de la clase
15:06:51.171,E,000;
Server stack trace: 
   at System.ServiceModel.Channels.RequestChannel.Request(Message message, TimeSpan timeout)
   at System.ServiceModel.Dispatcher.RequestChannelBinder.Request(Message message, TimeSpan timeout)
   at System.ServiceModel.Channels.ServiceChannel.Call(String action, Boolean oneway, ProxyOperationRuntime operation, Object[] ins, Object[] outs, TimeSpan timeout)
   at System.ServiceModel.Channels.ServiceChannelProxy.InvokeService(IMethodCallMessage methodCall, ProxyOperationRuntime operation)
   at System.ServiceModel.Channels.ServiceChannelProxy.Invoke(IMessage message)

Exception rethrown at [0]: 
   at System.Runtime.Remoting.Proxies.RealProxy.HandleReturnMessage(IMessage reqMsg, IMessage retMsg)
   at System.Runtime.Remoting.Proxies.RealProxy.PrivateInvoke(MessageData& msgData, Int32 type)
   at AVN.Autoconsulta.core.SVC_AVN_1_2.ConsultaInfoTagWS.ZRFC_INFORMACION_TAG(ZRFC_INFORMACION_TAG request)
   at AVN.Autoconsulta.core.GetAVN.AVN.Autoconsulta.core.IGetAVN.GetInformacionCliente(String pRut) in E:\00.- Proyectos\01.- Autopista Vespucio Norte\Servicio Rest\AVN.Autoconsulta.Api\AVN.Autoconsulta.core\AVN.Autoconsulta.DAO\GetAVN.cs:line 60

15:16:24.311,I,000;Inicio de la clase
15:16:25.770,F,000;AVN.Autoconsulta.core.ClienteDto

15:16:30.229,I,000;Inicio de la clase

15:16:30.247,I,000;Inicio Método
15:16:31.486,R,000;AVN.Autoconsulta.core.SVC_AVN_1_2.responseConsultaInfoTagDTO
15:16:31.513,Q,204;TP10PP001382041|REG|0|2017-09-01 15:16:31|2017-09-01 15:16:31|Saldo|Consulta Saldo|0|V|Consulta Saldo|15.958.339-2|0|0||||||0|0|||0||D7FD@
15:16:31.533,F,000;AVN.Autoconsulta.core.ClienteDto
15:16:31.591,I,000;Server=localhost;Port=5432;Database=Pago;User ID=TpackP;Password=tpackp
15:16:31.592,I,000;Inicio Conexion BD
15:16:31.603,I,000;Ejecución OK
15:16:31.605,I,000;Termino de Consulta a la BD
15:16:41.529,E,204;System.TimeoutException: The operation has timed out.
   at System.IO.Pipes.NamedPipeClientStream.Connect(Int32 timeout)
   at AVN.Autoconsulta.core.PipeClient.MessageSentSuccessfully() in E:\00.- Proyectos\01.- Autopista Vespucio Norte\Servicio Rest\AVN.Autoconsulta.Api\AVN.Autoconsulta.core\AVC.Autoconsulta.core.Utils\PipeClient.cs:line 98

15:17:01.740,I,000;Inicio de la clase
15:17:03.953,I,000;System.Collections.Generic.List`1[AVN.Autoconsulta.core.DETALLE_TRANSITO]
15:17:03.956,I,000;System.Collections.Generic.List`1[AVN.Autoconsulta.core.TransitosFacturadosDto]
15:17:03.957,I,000;Fin de la clase -- [GetTransitosNoFacturados]
15:17:03.958,I,000;Fin de la clase -- [GetTransitosNoFacturados]
15:17:03.959,Q,204;TP10PP001862041|REG|0|2017-09-01 15:17:03|2017-09-01 15:17:03|Transitos No Facturados|Consulta Transitos No Facturados|0|V|Consulta Transitos No Facturados|PE6082|0|0||||||0|0|||0||C464@
15:17:03.965,Q,204;TP10PP001772041|REG|0|2017-09-01 15:17:03|2017-09-01 15:17:03|Transitos Facturados|Consulta Transitos Facturados|0|V|Consulta Transitos Facturados|PE6082|0|0||||||0|0|||0||C6FB@

15:17:11.766,I,000;Inicio de la clase
15:17:12.398,I,000;System.Collections.Generic.List`1[AVN.Autoconsulta.core.TransitosFacturadosDto]
15:17:12.403,I,000;Fin de la clase -- [GetTransitosNoFacturados]
15:17:12.403,Q,204;TP10PP001772041|REG|0|2017-09-01 15:17:12|2017-09-01 15:17:12|Transitos Facturados|Consulta Transitos Facturados|0|V|Consulta Transitos Facturados|PE6082|0|0||||||0|0|||0||C6FB@
15:17:12.435,I,000;System.Collections.Generic.List`1[AVN.Autoconsulta.core.DETALLE_TRANSITO]
15:17:12.436,I,000;Fin de la clase -- [GetTransitosNoFacturados]
15:17:12.437,Q,204;TP10PP001862041|REG|0|2017-09-01 15:17:12|2017-09-01 15:17:12|Transitos No Facturados|Consulta Transitos No Facturados|0|V|Consulta Transitos No Facturados|PE6082|0|0||||||0|0|||0||C464@
15:17:13.957,E,204;System.TimeoutException: The operation has timed out.
   at System.IO.Pipes.NamedPipeClientStream.Connect(Int32 timeout)
   at AVN.Autoconsulta.core.PipeClient.MessageSentSuccessfully() in E:\00.- Proyectos\01.- Autopista Vespucio Norte\Servicio Rest\AVN.Autoconsulta.Api\AVN.Autoconsulta.core\AVC.Autoconsulta.core.Utils\PipeClient.cs:line 98
15:17:13.958,E,204;System.TimeoutException: The operation has timed out.
   at System.IO.Pipes.NamedPipeClientStream.Connect(Int32 timeout)
   at AVN.Autoconsulta.core.PipeClient.MessageSentSuccessfully() in E:\00.- Proyectos\01.- Autopista Vespucio Norte\Servicio Rest\AVN.Autoconsulta.Api\AVN.Autoconsulta.core\AVC.Autoconsulta.core.Utils\PipeClient.cs:line 98
15:17:22.413,E,204;System.TimeoutException: The operation has timed out.
   at System.IO.Pipes.NamedPipeClientStream.Connect(Int32 timeout)
   at AVN.Autoconsulta.core.PipeClient.MessageSentSuccessfully() in E:\00.- Proyectos\01.- Autopista Vespucio Norte\Servicio Rest\AVN.Autoconsulta.Api\AVN.Autoconsulta.core\AVC.Autoconsulta.core.Utils\PipeClient.cs:line 98
15:17:22.448,E,204;System.TimeoutException: The operation has timed out.
   at System.IO.Pipes.NamedPipeClientStream.Connect(Int32 timeout)
   at AVN.Autoconsulta.core.PipeClient.MessageSentSuccessfully() in E:\00.- Proyectos\01.- Autopista Vespucio Norte\Servicio Rest\AVN.Autoconsulta.Api\AVN.Autoconsulta.core\AVC.Autoconsulta.core.Utils\PipeClient.cs:line 98

15:17:29.930,I,000;Inicio de la clase
15:17:30.853,F,000;AVN.Autoconsulta.core.ClienteDto

15:17:30.947,I,000;Inicio de la clase

15:17:30.966,I,000;Inicio Método
15:17:31.253,R,000;AVN.Autoconsulta.core.SVC_AVN_1_2.responseConsultaInfoTagDTO
15:17:31.255,Q,204;TP10PP001382041|REG|0|2017-09-01 15:17:31|2017-09-01 15:17:31|Saldo|Consulta Saldo|0|V|Consulta Saldo|16.797.069-9|0|0||||||0|0|||0||D7F2@
15:17:31.294,I,000;Server=localhost;Port=5432;Database=Pago;User ID=TpackP;Password=tpackp
15:17:31.295,I,000;Inicio Conexion BD
15:17:31.297,I,000;Ejecución OK
15:17:31.297,I,000;Termino de Consulta a la BD
15:17:31.351,F,000;AVN.Autoconsulta.core.ClienteDto

15:17:37.651,I,000;Inicio de la clase
15:17:39.920,F,000;AVN.Autoconsulta.core.ClienteDto

15:17:40.010,I,000;Inicio Método

15:17:40.013,I,000;Inicio de la clase
15:17:40.477,F,000;AVN.Autoconsulta.core.ClienteDto
15:17:40.542,R,000;AVN.Autoconsulta.core.SVC_AVN_1_2.responseConsultaInfoTagDTO
15:17:40.544,Q,204;TP10PP001382041|REG|0|2017-09-01 15:17:40|2017-09-01 15:17:40|Saldo|Consulta Saldo|0|V|Consulta Saldo|17.122.588-4|0|0||||||0|0|||0||D802@
15:17:40.628,I,000;Server=localhost;Port=5432;Database=Pago;User ID=TpackP;Password=tpackp
15:17:40.631,I,000;Inicio Conexion BD
15:17:40.633,I,000;Ejecución OK
15:17:40.634,I,000;Termino de Consulta a la BD
15:17:41.259,E,204;System.TimeoutException: The operation has timed out.
   at System.IO.Pipes.NamedPipeClientStream.Connect(Int32 timeout)
   at AVN.Autoconsulta.core.PipeClient.MessageSentSuccessfully() in E:\00.- Proyectos\01.- Autopista Vespucio Norte\Servicio Rest\AVN.Autoconsulta.Api\AVN.Autoconsulta.core\AVC.Autoconsulta.core.Utils\PipeClient.cs:line 98

15:17:48.281,I,000;Inicio de la clase
15:17:48.803,F,000;AVN.Autoconsulta.core.ClienteDto

15:17:48.875,I,000;Inicio de la clase

15:17:48.899,I,000;Inicio Método
15:17:49.378,R,000;AVN.Autoconsulta.core.SVC_AVN_1_2.responseConsultaInfoTagDTO
15:17:49.380,Q,204;TP10PP001382041|REG|0|2017-09-01 15:17:49|2017-09-01 15:17:49|Saldo|Consulta Saldo|0|V|Consulta Saldo|17.122.588-4|0|0||||||0|0|||0||D7F0@
15:17:49.410,F,000;AVN.Autoconsulta.core.ClienteDto
15:17:49.438,I,000;Server=localhost;Port=5432;Database=Pago;User ID=TpackP;Password=tpackp
15:17:49.439,I,000;Inicio Conexion BD
15:17:49.440,I,000;Ejecución OK
15:17:49.441,I,000;Termino de Consulta a la BD
15:17:50.542,E,204;System.TimeoutException: The operation has timed out.
   at System.IO.Pipes.NamedPipeClientStream.Connect(Int32 timeout)
   at AVN.Autoconsulta.core.PipeClient.MessageSentSuccessfully() in E:\00.- Proyectos\01.- Autopista Vespucio Norte\Servicio Rest\AVN.Autoconsulta.Api\AVN.Autoconsulta.core\AVC.Autoconsulta.core.Utils\PipeClient.cs:line 98
15:17:59.372,E,204;System.TimeoutException: The operation has timed out.
   at System.IO.Pipes.NamedPipeClientStream.Connect(Int32 timeout)
   at AVN.Autoconsulta.core.PipeClient.MessageSentSuccessfully() in E:\00.- Proyectos\01.- Autopista Vespucio Norte\Servicio Rest\AVN.Autoconsulta.Api\AVN.Autoconsulta.core\AVC.Autoconsulta.core.Utils\PipeClient.cs:line 98

15:18:13.743,I,000;Inicio de la clase
15:19:13.778,E,000;
Server stack trace: 
   at System.ServiceModel.Channels.RequestChannel.Request(Message message, TimeSpan timeout)
   at System.ServiceModel.Dispatcher.RequestChannelBinder.Request(Message message, TimeSpan timeout)
   at System.ServiceModel.Channels.ServiceChannel.Call(String action, Boolean oneway, ProxyOperationRuntime operation, Object[] ins, Object[] outs, TimeSpan timeout)
   at System.ServiceModel.Channels.ServiceChannelProxy.InvokeService(IMethodCallMessage methodCall, ProxyOperationRuntime operation)
   at System.ServiceModel.Channels.ServiceChannelProxy.Invoke(IMessage message)

Exception rethrown at [0]: 
   at System.Runtime.Remoting.Proxies.RealProxy.HandleReturnMessage(IMessage reqMsg, IMessage retMsg)
   at System.Runtime.Remoting.Proxies.RealProxy.PrivateInvoke(MessageData& msgData, Int32 type)
   at AVN.Autoconsulta.core.SVC_AVN_1_2.ConsultaInfoTagWS.ZRFC_INFORMACION_TAG(ZRFC_INFORMACION_TAG request)
   at AVN.Autoconsulta.core.GetAVN.AVN.Autoconsulta.core.IGetAVN.GetInformacionCliente(String pRut) in E:\00.- Proyectos\01.- Autopista Vespucio Norte\Servicio Rest\AVN.Autoconsulta.Api\AVN.Autoconsulta.core\AVN.Autoconsulta.DAO\GetAVN.cs:line 60

15:20:54.191,I,000;Inicio de la clase

15:20:54.267,I,000;Inicio de la clase
15:21:30.433,I,000;System.Collections.Generic.List`1[AVN.Autoconsulta.core.BoletaDto]
15:21:30.435,I,000;Fin de la clase -- [GetBoletas]
15:21:30.436,Q,204;TP10PP001412041|REG|0|2017-09-01 15:21:30|2017-09-01 15:21:30|Boleta|Consulta Boletas|0|V|Consulta Boletas|10697286-9|0|0||||||0|0|||0||D654@
15:21:30.737,F,000;AVN.Autoconsulta.core.ClienteDto
15:21:40.425,E,204;System.TimeoutException: The operation has timed out.
   at System.IO.Pipes.NamedPipeClientStream.Connect(Int32 timeout)
   at AVN.Autoconsulta.core.PipeClient.MessageSentSuccessfully() in E:\00.- Proyectos\01.- Autopista Vespucio Norte\Servicio Rest\AVN.Autoconsulta.Api\AVN.Autoconsulta.core\AVC.Autoconsulta.core.Utils\PipeClient.cs:line 98

15:22:39.546,I,000;Inicio de la clase

15:22:39.548,I,000;Inicio de la clase
15:22:40.603,E,000;
Server stack trace: 
   at System.ServiceModel.Channels.RequestChannel.Request(Message message, TimeSpan timeout)
   at System.ServiceModel.Dispatcher.RequestChannelBinder.Request(Message message, TimeSpan timeout)
   at System.ServiceModel.Channels.ServiceChannel.Call(String action, Boolean oneway, ProxyOperationRuntime operation, Object[] ins, Object[] outs, TimeSpan timeout)
   at System.ServiceModel.Channels.ServiceChannelProxy.InvokeService(IMethodCallMessage methodCall, ProxyOperationRuntime operation)
   at System.ServiceModel.Channels.ServiceChannelProxy.Invoke(IMessage message)

Exception rethrown at [0]: 
   at System.Runtime.Remoting.Proxies.RealProxy.HandleReturnMessage(IMessage reqMsg, IMessage retMsg)
   at System.Runtime.Remoting.Proxies.RealProxy.PrivateInvoke(MessageData& msgData, Int32 type)
   at AVN.Autoconsulta.core.SVC_AVN_1_2.ConsultaInfoTagWS.ZRFC_INFORMACION_TAG(ZRFC_INFORMACION_TAG request)
   at AVN.Autoconsulta.core.GetAVN.AVN.Autoconsulta.core.IGetAVN.GetInformacionCliente(String pRut) in E:\00.- Proyectos\01.- Autopista Vespucio Norte\Servicio Rest\AVN.Autoconsulta.Api\AVN.Autoconsulta.core\AVN.Autoconsulta.DAO\GetAVN.cs:line 60
15:22:40.604,E,000;
Server stack trace: 
   at System.ServiceModel.Channels.RequestChannel.Request(Message message, TimeSpan timeout)
   at System.ServiceModel.Dispatcher.RequestChannelBinder.Request(Message message, TimeSpan timeout)
   at System.ServiceModel.Channels.ServiceChannel.Call(String action, Boolean oneway, ProxyOperationRuntime operation, Object[] ins, Object[] outs, TimeSpan timeout)
   at System.ServiceModel.Channels.ServiceChannelProxy.InvokeService(IMethodCallMessage methodCall, ProxyOperationRuntime operation)
   at System.ServiceModel.Channels.ServiceChannelProxy.Invoke(IMessage message)

Exception rethrown at [0]: 
   at System.Runtime.Remoting.Proxies.RealProxy.HandleReturnMessage(IMessage reqMsg, IMessage retMsg)
   at System.Runtime.Remoting.Proxies.RealProxy.PrivateInvoke(MessageData& msgData, Int32 type)
   at AVN.Autoconsulta.core.SVC_AVN_1_2.ConsultaInfoTagWS.ZRFC_INFORMACION_TAG(ZRFC_INFORMACION_TAG request)
   at AVN.Autoconsulta.core.GetAVN.AVN.Autoconsulta.core.IGetAVN.GetBoletas(String pRut) in E:\00.- Proyectos\01.- Autopista Vespucio Norte\Servicio Rest\AVN.Autoconsulta.Api\AVN.Autoconsulta.core\AVN.Autoconsulta.DAO\GetAVN.cs:line 282

15:35:58.007,I,000;Inicio de la clase

15:35:58.008,I,000;Inicio de la clase
15:36:05.162,I,000;System.Collections.Generic.List`1[AVN.Autoconsulta.core.BoletaDto]
15:36:05.163,I,000;Fin de la clase -- [GetBoletas]
15:36:05.184,Q,204;TP10PP001412041|REG|0|2017-09-01 15:36:05|2017-09-01 15:36:05|Boleta|Consulta Boletas|0|V|Consulta Boletas|12484157-7|0|0||||||0|0|||0||D64D@
15:36:05.309,F,000;AVN.Autoconsulta.core.ClienteDto

15:36:07.008,I,000;Inicio de la clase

15:36:07.058,I,000;Inicio de la clase
15:36:15.184,E,204;System.TimeoutException: The operation has timed out.
   at System.IO.Pipes.NamedPipeClientStream.Connect(Int32 timeout)
   at AVN.Autoconsulta.core.PipeClient.MessageSentSuccessfully() in E:\00.- Proyectos\01.- Autopista Vespucio Norte\Servicio Rest\AVN.Autoconsulta.Api\AVN.Autoconsulta.core\AVC.Autoconsulta.core.Utils\PipeClient.cs:line 98
15:37:07.036,E,000;
Server stack trace: 
   at System.ServiceModel.Channels.RequestChannel.Request(Message message, TimeSpan timeout)
   at System.ServiceModel.Dispatcher.RequestChannelBinder.Request(Message message, TimeSpan timeout)
   at System.ServiceModel.Channels.ServiceChannel.Call(String action, Boolean oneway, ProxyOperationRuntime operation, Object[] ins, Object[] outs, TimeSpan timeout)
   at System.ServiceModel.Channels.ServiceChannelProxy.InvokeService(IMethodCallMessage methodCall, ProxyOperationRuntime operation)
   at System.ServiceModel.Channels.ServiceChannelProxy.Invoke(IMessage message)

Exception rethrown at [0]: 
   at System.Runtime.Remoting.Proxies.RealProxy.HandleReturnMessage(IMessage reqMsg, IMessage retMsg)
   at System.Runtime.Remoting.Proxies.RealProxy.PrivateInvoke(MessageData& msgData, Int32 type)
   at AVN.Autoconsulta.core.SVC_AVN_1_2.ConsultaInfoTagWS.ZRFC_INFORMACION_TAG(ZRFC_INFORMACION_TAG request)
   at AVN.Autoconsulta.core.GetAVN.AVN.Autoconsulta.core.IGetAVN.GetInformacionCliente(String pRut) in E:\00.- Proyectos\01.- Autopista Vespucio Norte\Servicio Rest\AVN.Autoconsulta.Api\AVN.Autoconsulta.core\AVN.Autoconsulta.DAO\GetAVN.cs:line 60
15:37:07.040,E,000;
Server stack trace: 
   at System.ServiceModel.Channels.HttpChannelUtilities.ProcessGetResponseWebException(WebException webException, HttpWebRequest request, HttpAbortReason abortReason)
   at System.ServiceModel.Channels.HttpChannelFactory`1.HttpRequestChannel.HttpChannelRequest.WaitForReply(TimeSpan timeout)
   at System.ServiceModel.Channels.RequestChannel.Request(Message message, TimeSpan timeout)
   at System.ServiceModel.Dispatcher.RequestChannelBinder.Request(Message message, TimeSpan timeout)
   at System.ServiceModel.Channels.ServiceChannel.Call(String action, Boolean oneway, ProxyOperationRuntime operation, Object[] ins, Object[] outs, TimeSpan timeout)
   at System.ServiceModel.Channels.ServiceChannelProxy.InvokeService(IMethodCallMessage methodCall, ProxyOperationRuntime operation)
   at System.ServiceModel.Channels.ServiceChannelProxy.Invoke(IMessage message)

Exception rethrown at [0]: 
   at System.Runtime.Remoting.Proxies.RealProxy.HandleReturnMessage(IMessage reqMsg, IMessage retMsg)
   at System.Runtime.Remoting.Proxies.RealProxy.PrivateInvoke(MessageData& msgData, Int32 type)
   at AVN.Autoconsulta.core.SVC_AVN_1_2.ConsultaInfoTagWS.ZRFC_INFORMACION_TAG(ZRFC_INFORMACION_TAG request)
   at AVN.Autoconsulta.core.GetAVN.AVN.Autoconsulta.core.IGetAVN.GetBoletas(String pRut) in E:\00.- Proyectos\01.- Autopista Vespucio Norte\Servicio Rest\AVN.Autoconsulta.Api\AVN.Autoconsulta.core\AVN.Autoconsulta.DAO\GetAVN.cs:line 282
15:37:07.041,I,000;System.Collections.Generic.List`1[AVN.Autoconsulta.core.BoletaDto]
15:37:07.042,I,000;Fin de la clase -- [GetBoletas]

15:37:22.151,I,000;Inicio de la clase

15:37:22.182,I,000;Inicio de la clase
15:37:46.363,I,000;System.Collections.Generic.List`1[AVN.Autoconsulta.core.BoletaDto]
15:37:46.363,I,000;Fin de la clase -- [GetBoletas]
15:37:46.379,Q,204;TP10PP001402041|REG|0|2017-09-01 15:37:46|2017-09-01 15:37:46|Boleta|Consulta Boletas|0|V|Consulta Boletas|7778971-5|0|0||||||0|0|||0||D666@
15:37:46.575,F,000;AVN.Autoconsulta.core.ClienteDto
15:37:56.386,E,204;System.TimeoutException: The operation has timed out.
   at System.IO.Pipes.NamedPipeClientStream.Connect(Int32 timeout)
   at AVN.Autoconsulta.core.PipeClient.MessageSentSuccessfully() in E:\00.- Proyectos\01.- Autopista Vespucio Norte\Servicio Rest\AVN.Autoconsulta.Api\AVN.Autoconsulta.core\AVC.Autoconsulta.core.Utils\PipeClient.cs:line 98

15:38:11.074,I,000;Inicio de la clase

15:38:11.108,I,000;Inicio de la clase
15:38:33.888,I,000;System.Collections.Generic.List`1[AVN.Autoconsulta.core.BoletaDto]
15:38:33.889,I,000;Fin de la clase -- [GetBoletas]
15:38:33.889,Q,204;TP10PP001402041|REG|0|2017-09-01 15:38:33|2017-09-01 15:38:33|Boleta|Consulta Boletas|0|V|Consulta Boletas|7778971-5|0|0||||||0|0|||0||D66C@
15:38:41.003,F,000;AVN.Autoconsulta.core.ClienteDto
15:38:43.896,E,204;System.TimeoutException: The operation has timed out.
   at System.IO.Pipes.NamedPipeClientStream.Connect(Int32 timeout)
   at AVN.Autoconsulta.core.PipeClient.MessageSentSuccessfully() in E:\00.- Proyectos\01.- Autopista Vespucio Norte\Servicio Rest\AVN.Autoconsulta.Api\AVN.Autoconsulta.core\AVC.Autoconsulta.core.Utils\PipeClient.cs:line 98

15:41:55.553,I,000;Inicio de la clase

15:41:55.604,I,000;Inicio de la clase

15:42:01.629,I,000;Inicio de la clase

15:42:01.678,I,000;Inicio de la clase
15:42:02.573,F,000;AVN.Autoconsulta.core.ClienteDto
15:42:02.742,I,000;System.Collections.Generic.List`1[AVN.Autoconsulta.core.BoletaDto]
15:42:02.743,I,000;Fin de la clase -- [GetBoletas]
15:42:02.744,Q,204;TP10PP001412041|REG|0|2017-09-01 15:42:02|2017-09-01 15:42:02|Boleta|Consulta Boletas|0|V|Consulta Boletas|12484157-7|0|0||||||0|0|||0||D659@
15:42:12.754,E,204;System.TimeoutException: The operation has timed out.
   at System.IO.Pipes.NamedPipeClientStream.Connect(Int32 timeout)
   at AVN.Autoconsulta.core.PipeClient.MessageSentSuccessfully() in E:\00.- Proyectos\01.- Autopista Vespucio Norte\Servicio Rest\AVN.Autoconsulta.Api\AVN.Autoconsulta.core\AVC.Autoconsulta.core.Utils\PipeClient.cs:line 98
15:42:18.666,F,000;AVN.Autoconsulta.core.ClienteDto

15:42:19.273,I,000;Inicio de la clase
15:42:19.727,F,000;AVN.Autoconsulta.core.ClienteDto
15:42:25.968,I,000;System.Collections.Generic.List`1[AVN.Autoconsulta.core.BoletaDto]
15:42:25.968,I,000;Fin de la clase -- [GetBoletas]
15:42:25.968,Q,204;TP10PP001402041|REG|0|2017-09-01 15:42:25|2017-09-01 15:42:25|Boleta|Consulta Boletas|0|V|Consulta Boletas|7778971-5|0|0||||||0|0|||0||D674@
15:42:35.976,E,204;System.TimeoutException: The operation has timed out.
   at System.IO.Pipes.NamedPipeClientStream.Connect(Int32 timeout)
   at AVN.Autoconsulta.core.PipeClient.MessageSentSuccessfully() in E:\00.- Proyectos\01.- Autopista Vespucio Norte\Servicio Rest\AVN.Autoconsulta.Api\AVN.Autoconsulta.core\AVC.Autoconsulta.core.Utils\PipeClient.cs:line 98

15:44:34.628,I,000;Inicio de la clase
15:44:35.151,F,000;AVN.Autoconsulta.core.ClienteDto

15:44:48.534,I,000;Inicio de la clase

15:44:48.556,I,000;Inicio de la clase
15:44:49.017,I,000;System.Collections.Generic.List`1[AVN.Autoconsulta.core.BoletaDto]
15:44:49.019,I,000;Fin de la clase -- [GetBoletas]
15:44:49.022,Q,204;TP10PP001432041|REG|0|2017-09-01 15:44:49|2017-09-01 15:44:49|Boleta|Consulta Boletas|0|V|Consulta Boletas|17.122.588-4|0|0||||||0|0|||0||D5E2@
15:44:49.043,F,000;AVN.Autoconsulta.core.ClienteDto
15:44:59.033,E,204;System.TimeoutException: The operation has timed out.
   at System.IO.Pipes.NamedPipeClientStream.Connect(Int32 timeout)
   at AVN.Autoconsulta.core.PipeClient.MessageSentSuccessfully() in E:\00.- Proyectos\01.- Autopista Vespucio Norte\Servicio Rest\AVN.Autoconsulta.Api\AVN.Autoconsulta.core\AVC.Autoconsulta.core.Utils\PipeClient.cs:line 98
