12:23:36.578,I,000;Server=localhost;Port=5432;Database=Pago;User ID=TpackP;Password=tpackp
12:23:36.603,I,000;Inicio Conexion BD
12:23:36.693,E,000;   at Npgsql.NpgsqlState.<ProcessBackendResponses>d__0.MoveNext()
   at Npgsql.ForwardsOnlyDataReader.GetNextResponseObject(Boolean cleanup)
   at Npgsql.ForwardsOnlyDataReader.GetNextRowDescription()
   at Npgsql.ForwardsOnlyDataReader.NextResultInternal()
   at Npgsql.ForwardsOnlyDataReader..ctor(IEnumerable`1 dataEnumeration, CommandBehavior behavior, NpgsqlCommand command, NotificationThreadBlock threadBlock, Boolean preparedStatement, NpgsqlRowDescription rowDescription)
   at Npgsql.NpgsqlCommand.GetReader(CommandBehavior cb)
   at Npgsql.NpgsqlCommand.ExecuteReader(CommandBehavior cb)
   at Npgsql.NpgsqlCommand.ExecuteReader()
   at AVN.Autoconsulta.core.GeneralDao.GetMensaje(String pTipoMsg, String pCat, Int32 pModulo) in E:\00.- Proyectos\01.- Autopista Vespucio Norte\Servicio Rest\AVN.Autoconsulta.Api\AVN.Autoconsulta.core\AVN.Autoconsulta.DAO\general\GeneralDao.cs:line 50
12:25:27.665,I,000;Server=localhost;Port=5432;Database=Pago;User ID=TpackP;Password=tpackp
12:25:27.668,I,000;Inicio Conexion BD
12:25:27.674,E,000;   at Npgsql.NpgsqlState.<ProcessBackendResponses>d__0.MoveNext()
   at Npgsql.ForwardsOnlyDataReader.GetNextResponseObject(Boolean cleanup)
   at Npgsql.ForwardsOnlyDataReader.GetNextRowDescription()
   at Npgsql.ForwardsOnlyDataReader.NextResultInternal()
   at Npgsql.ForwardsOnlyDataReader..ctor(IEnumerable`1 dataEnumeration, CommandBehavior behavior, NpgsqlCommand command, NotificationThreadBlock threadBlock, Boolean preparedStatement, NpgsqlRowDescription rowDescription)
   at Npgsql.NpgsqlCommand.GetReader(CommandBehavior cb)
   at Npgsql.NpgsqlCommand.ExecuteReader(CommandBehavior cb)
   at Npgsql.NpgsqlCommand.ExecuteReader()
   at AVN.Autoconsulta.core.GeneralDao.GetMensaje(String pTipoMsg, String pCat, Int32 pModulo) in E:\00.- Proyectos\01.- Autopista Vespucio Norte\Servicio Rest\AVN.Autoconsulta.Api\AVN.Autoconsulta.core\AVN.Autoconsulta.DAO\general\GeneralDao.cs:line 50
12:27:34.845,I,000;Server=localhost;Port=5432;Database=Pago;User ID=TpackP;Password=tpackp
12:27:34.846,I,000;Inicio Conexion BD
12:27:34.848,E,000;   at Npgsql.NpgsqlState.<ProcessBackendResponses>d__0.MoveNext()
   at Npgsql.ForwardsOnlyDataReader.GetNextResponseObject(Boolean cleanup)
   at Npgsql.ForwardsOnlyDataReader.GetNextRowDescription()
   at Npgsql.ForwardsOnlyDataReader.NextResultInternal()
   at Npgsql.ForwardsOnlyDataReader..ctor(IEnumerable`1 dataEnumeration, CommandBehavior behavior, NpgsqlCommand command, NotificationThreadBlock threadBlock, Boolean preparedStatement, NpgsqlRowDescription rowDescription)
   at Npgsql.NpgsqlCommand.GetReader(CommandBehavior cb)
   at Npgsql.NpgsqlCommand.ExecuteReader(CommandBehavior cb)
   at Npgsql.NpgsqlCommand.ExecuteReader()
   at AVN.Autoconsulta.core.GeneralDao.GetMensaje(String pTipoMsg, String pCat, Int32 pModulo) in E:\00.- Proyectos\01.- Autopista Vespucio Norte\Servicio Rest\AVN.Autoconsulta.Api\AVN.Autoconsulta.core\AVN.Autoconsulta.DAO\general\GeneralDao.cs:line 50
12:28:06.424,I,000;Server=localhost;Port=5432;Database=Pago;User ID=TpackP;Password=tpackp
12:28:06.432,I,000;Inicio Conexion BD
12:28:06.439,E,000;   at Npgsql.NpgsqlState.<ProcessBackendResponses>d__0.MoveNext()
   at Npgsql.ForwardsOnlyDataReader.GetNextResponseObject(Boolean cleanup)
   at Npgsql.ForwardsOnlyDataReader.GetNextRowDescription()
   at Npgsql.ForwardsOnlyDataReader.NextResultInternal()
   at Npgsql.ForwardsOnlyDataReader..ctor(IEnumerable`1 dataEnumeration, CommandBehavior behavior, NpgsqlCommand command, NotificationThreadBlock threadBlock, Boolean preparedStatement, NpgsqlRowDescription rowDescription)
   at Npgsql.NpgsqlCommand.GetReader(CommandBehavior cb)
   at Npgsql.NpgsqlCommand.ExecuteReader(CommandBehavior cb)
   at Npgsql.NpgsqlCommand.ExecuteReader()
   at AVN.Autoconsulta.core.GeneralDao.GetMensaje(String pTipoMsg, String pCat, Int32 pModulo) in E:\00.- Proyectos\01.- Autopista Vespucio Norte\Servicio Rest\AVN.Autoconsulta.Api\AVN.Autoconsulta.core\AVN.Autoconsulta.DAO\general\GeneralDao.cs:line 50
12:28:17.572,I,000;Server=localhost;Port=5432;Database=Pago;User ID=TpackP;Password=tpackp
12:28:17.576,I,000;Inicio Conexion BD
12:28:17.581,E,000;   at Npgsql.NpgsqlState.<ProcessBackendResponses>d__0.MoveNext()
   at Npgsql.ForwardsOnlyDataReader.GetNextResponseObject(Boolean cleanup)
   at Npgsql.ForwardsOnlyDataReader.GetNextRowDescription()
   at Npgsql.ForwardsOnlyDataReader.NextResultInternal()
   at Npgsql.ForwardsOnlyDataReader..ctor(IEnumerable`1 dataEnumeration, CommandBehavior behavior, NpgsqlCommand command, NotificationThreadBlock threadBlock, Boolean preparedStatement, NpgsqlRowDescription rowDescription)
   at Npgsql.NpgsqlCommand.GetReader(CommandBehavior cb)
   at Npgsql.NpgsqlCommand.ExecuteReader(CommandBehavior cb)
   at Npgsql.NpgsqlCommand.ExecuteReader()
   at AVN.Autoconsulta.core.GeneralDao.GetMensaje(String pTipoMsg, String pCat, Int32 pModulo) in E:\00.- Proyectos\01.- Autopista Vespucio Norte\Servicio Rest\AVN.Autoconsulta.Api\AVN.Autoconsulta.core\AVN.Autoconsulta.DAO\general\GeneralDao.cs:line 50

13:02:43.376,I,000;Inicio Método
13:02:43.427,I,000;Server=localhost;Port=5432;Database=Pago;User ID=TpackP;Password=tpackp
13:02:43.454,I,000;Inicio Conexion BD
13:02:43.584,E,000;   at Npgsql.NpgsqlState.<ProcessBackendResponses>d__0.MoveNext()
   at Npgsql.ForwardsOnlyDataReader.GetNextResponseObject(Boolean cleanup)
   at Npgsql.ForwardsOnlyDataReader.GetNextRowDescription()
   at Npgsql.ForwardsOnlyDataReader.NextResultInternal()
   at Npgsql.ForwardsOnlyDataReader..ctor(IEnumerable`1 dataEnumeration, CommandBehavior behavior, NpgsqlCommand command, NotificationThreadBlock threadBlock, Boolean preparedStatement, NpgsqlRowDescription rowDescription)
   at Npgsql.NpgsqlCommand.GetReader(CommandBehavior cb)
   at Npgsql.NpgsqlCommand.ExecuteReader(CommandBehavior cb)
   at Npgsql.NpgsqlCommand.ExecuteReader()
   at AVN.Autoconsulta.core.GeneralDao.GetMensaje(String pTipoMsg, String pCat, Int32 pModulo) in E:\00.- Proyectos\01.- Autopista Vespucio Norte\Servicio Rest\AVN.Autoconsulta.Api\AVN.Autoconsulta.core\AVN.Autoconsulta.DAO\general\GeneralDao.cs:line 50
13:02:56.130,R,000;AVN.Autoconsulta.core.SVC_AVN_1_2.responseConsultaInfoTagDTO
13:02:56.165,Q,204;TP10PP001382041|REG|0|2017-07-04 13:02:56|2017-07-04 13:02:56|Saldo|Consulta Saldo|0|V|Consulta Saldo|17.122.588-4|0|0||||||0|0|||0||D802@
13:03:06.185,E,204;System.TimeoutException: The operation has timed out.
   at System.IO.Pipes.NamedPipeClientStream.Connect(Int32 timeout)
   at AVN.Autoconsulta.core.PipeClient.MessageSentSuccessfully() in E:\00.- Proyectos\01.- Autopista Vespucio Norte\Servicio Rest\AVN.Autoconsulta.Api\AVN.Autoconsulta.core\AVC.Autoconsulta.core.Utils\PipeClient.cs:line 98
13:05:10.254,Q,204;TP10PP001452041|REG|0|2017-07-04 13:05:10|2017-07-04 13:05:10|Certificado|Impresion Cupon Pago|0|V|Impresion Certificado||0|0||||||0|0|||0||D30A@
13:05:20.266,E,204;System.TimeoutException: The operation has timed out.
   at System.IO.Pipes.NamedPipeClientStream.Connect(Int32 timeout)
   at AVN.Autoconsulta.core.PipeClient.MessageSentSuccessfully() in E:\00.- Proyectos\01.- Autopista Vespucio Norte\Servicio Rest\AVN.Autoconsulta.Api\AVN.Autoconsulta.core\AVC.Autoconsulta.core.Utils\PipeClient.cs:line 98

15:56:58.591,I,000;Inicio Método
15:56:58.660,I,000;Server=localhost;Port=5432;Database=Pago;User ID=TpackP;Password=tpackp
15:56:58.712,I,000;Inicio Conexion BD
15:56:58.871,E,000;   at Npgsql.NpgsqlState.<ProcessBackendResponses>d__0.MoveNext()
   at Npgsql.ForwardsOnlyDataReader.GetNextResponseObject(Boolean cleanup)
   at Npgsql.ForwardsOnlyDataReader.GetNextRowDescription()
   at Npgsql.ForwardsOnlyDataReader.NextResultInternal()
   at Npgsql.ForwardsOnlyDataReader..ctor(IEnumerable`1 dataEnumeration, CommandBehavior behavior, NpgsqlCommand command, NotificationThreadBlock threadBlock, Boolean preparedStatement, NpgsqlRowDescription rowDescription)
   at Npgsql.NpgsqlCommand.GetReader(CommandBehavior cb)
   at Npgsql.NpgsqlCommand.ExecuteReader(CommandBehavior cb)
   at Npgsql.NpgsqlCommand.ExecuteReader()
   at AVN.Autoconsulta.core.GeneralDao.GetMensaje(String pTipoMsg, String pCat, Int32 pModulo) in E:\00.- Proyectos\01.- Autopista Vespucio Norte\Servicio Rest\AVN.Autoconsulta.Api\AVN.Autoconsulta.core\AVN.Autoconsulta.DAO\general\GeneralDao.cs:line 50
15:56:59.942,R,000;AVN.Autoconsulta.core.SVC_AVN_1_2.responseConsultaInfoTagDTO
15:56:59.952,Q,204;TP10PP001382041|REG|0|2017-07-04 15:56:59|2017-07-04 15:56:59|Saldo|Consulta Saldo|0|V|Consulta Saldo|15.958.339-2|0|0||||||0|0|||0||D7DF@
15:57:09.952,E,204;System.TimeoutException: The operation has timed out.
   at System.IO.Pipes.NamedPipeClientStream.Connect(Int32 timeout)
   at AVN.Autoconsulta.core.PipeClient.MessageSentSuccessfully() in E:\00.- Proyectos\01.- Autopista Vespucio Norte\Servicio Rest\AVN.Autoconsulta.Api\AVN.Autoconsulta.core\AVC.Autoconsulta.core.Utils\PipeClient.cs:line 98
