
10:35:41.995,I,000;Inicio de la clase
10:36:02.372,I,000;System.Collections.Generic.List`1[AVN.Autoconsulta.core.TransitosFacturadosDto]
10:36:02.372,I,000;Fin de la clase -- [GetTransitosNoFacturados]
10:36:02.387,Q,204;TP10PP001772041|REG|0|2017-08-31 10:36:02|2017-08-31 10:36:02|Transitos Facturados|Consulta Transitos Facturados|0|V|Consulta Transitos Facturados|RX7490|0|0||||||0|0|||0||C6E8@

10:36:02.419,I,000;Inicio de la clase
10:36:05.627,I,000;System.Collections.Generic.List`1[AVN.Autoconsulta.core.TransitosFacturadosDto]
10:36:05.629,I,000;Fin de la clase -- [GetTransitosNoFacturados]
10:36:05.631,Q,204;TP10PP001772041|REG|0|2017-08-31 10:36:05|2017-08-31 10:36:05|Transitos Facturados|Consulta Transitos Facturados|0|V|Consulta Transitos Facturados|RX7490|0|0||||||0|0|||0||C6E2@

10:36:06.937,I,000;Inicio de la clase
10:36:12.389,E,204;System.TimeoutException: The operation has timed out.
   at System.IO.Pipes.NamedPipeClientStream.Connect(Int32 timeout)
   at AVN.Autoconsulta.core.PipeClient.MessageSentSuccessfully() in E:\00.- Proyectos\01.- Autopista Vespucio Norte\Servicio Rest\AVN.Autoconsulta.Api\AVN.Autoconsulta.core\AVC.Autoconsulta.core.Utils\PipeClient.cs:line 98
10:36:15.626,E,204;System.TimeoutException: The operation has timed out.
   at System.IO.Pipes.NamedPipeClientStream.Connect(Int32 timeout)
   at AVN.Autoconsulta.core.PipeClient.MessageSentSuccessfully() in E:\00.- Proyectos\01.- Autopista Vespucio Norte\Servicio Rest\AVN.Autoconsulta.Api\AVN.Autoconsulta.core\AVC.Autoconsulta.core.Utils\PipeClient.cs:line 98
10:36:21.242,I,000;System.Collections.Generic.List`1[AVN.Autoconsulta.core.TransitosFacturadosDto]
10:36:21.242,I,000;Fin de la clase -- [GetTransitosNoFacturados]
10:36:21.242,Q,204;TP10PP001772041|REG|0|2017-08-31 10:36:21|2017-08-31 10:36:21|Transitos Facturados|Consulta Transitos Facturados|0|V|Consulta Transitos Facturados|UW3402|0|0||||||0|0|||0||C6EF@

10:36:25.016,I,000;Inicio de la clase
10:36:31.253,E,204;System.TimeoutException: The operation has timed out.
   at System.IO.Pipes.NamedPipeClientStream.Connect(Int32 timeout)
   at AVN.Autoconsulta.core.PipeClient.MessageSentSuccessfully() in E:\00.- Proyectos\01.- Autopista Vespucio Norte\Servicio Rest\AVN.Autoconsulta.Api\AVN.Autoconsulta.core\AVC.Autoconsulta.core.Utils\PipeClient.cs:line 98

10:36:38.871,I,000;Inicio de la clase

10:36:56.612,I,000;Inicio de la clase
10:37:02.791,I,000;System.Collections.Generic.List`1[AVN.Autoconsulta.core.TransitosFacturadosDto]
10:37:02.791,I,000;Fin de la clase -- [GetTransitosNoFacturados]
10:37:02.791,Q,204;TP10PP001772041|REG|0|2017-08-31 10:37:02|2017-08-31 10:37:02|Transitos Facturados|Consulta Transitos Facturados|0|V|Consulta Transitos Facturados|ZL7865|0|0||||||0|0|||0||C6E4@

10:37:10.595,I,000;Inicio de la clase
10:37:12.779,E,204;System.TimeoutException: The operation has timed out.
   at System.IO.Pipes.NamedPipeClientStream.Connect(Int32 timeout)
   at AVN.Autoconsulta.core.PipeClient.MessageSentSuccessfully() in E:\00.- Proyectos\01.- Autopista Vespucio Norte\Servicio Rest\AVN.Autoconsulta.Api\AVN.Autoconsulta.core\AVC.Autoconsulta.core.Utils\PipeClient.cs:line 98
10:37:18.822,I,000;System.Collections.Generic.List`1[AVN.Autoconsulta.core.TransitosFacturadosDto]
10:37:18.822,I,000;Fin de la clase -- [GetTransitosNoFacturados]
10:37:18.822,Q,204;TP10PP001772041|REG|0|2017-08-31 10:37:18|2017-08-31 10:37:18|Transitos Facturados|Consulta Transitos Facturados|0|V|Consulta Transitos Facturados|KJ1393|0|0||||||0|0|||0||C6F1@
10:37:23.008,I,000;System.Collections.Generic.List`1[AVN.Autoconsulta.core.TransitosFacturadosDto]
10:37:23.009,I,000;Fin de la clase -- [GetTransitosNoFacturados]
10:37:23.011,Q,204;TP10PP001772041|REG|0|2017-08-31 10:37:23|2017-08-31 10:37:23|Transitos Facturados|Consulta Transitos Facturados|0|V|Consulta Transitos Facturados|CTYY56|0|0||||||0|0|||0||C6AA@

10:37:23.659,I,000;Inicio de la clase
10:37:25.297,I,000;System.Collections.Generic.List`1[AVN.Autoconsulta.core.TransitosFacturadosDto]
10:37:25.300,I,000;Fin de la clase -- [GetTransitosNoFacturados]
10:37:25.301,Q,204;TP10PP001772041|REG|0|2017-08-31 10:37:25|2017-08-31 10:37:25|Transitos Facturados|Consulta Transitos Facturados|0|V|Consulta Transitos Facturados|KJ1393|0|0||||||0|0|||0||C6F5@
10:37:28.844,E,204;System.TimeoutException: The operation has timed out.
   at System.IO.Pipes.NamedPipeClientStream.Connect(Int32 timeout)
   at AVN.Autoconsulta.core.PipeClient.MessageSentSuccessfully() in E:\00.- Proyectos\01.- Autopista Vespucio Norte\Servicio Rest\AVN.Autoconsulta.Api\AVN.Autoconsulta.core\AVC.Autoconsulta.core.Utils\PipeClient.cs:line 98

10:37:28.844,I,000;Inicio de la clase
10:37:30.577,I,000;System.Collections.Generic.List`1[AVN.Autoconsulta.core.TransitosFacturadosDto]
10:37:30.577,I,000;Fin de la clase -- [GetTransitosNoFacturados]
10:37:30.577,Q,204;TP10PP001772041|REG|0|2017-08-31 10:37:30|2017-08-31 10:37:30|Transitos Facturados|Consulta Transitos Facturados|0|V|Consulta Transitos Facturados|KJ1393|0|0||||||0|0|||0||C6FD@
10:37:33.028,E,204;System.TimeoutException: The operation has timed out.
   at System.IO.Pipes.NamedPipeClientStream.Connect(Int32 timeout)
   at AVN.Autoconsulta.core.PipeClient.MessageSentSuccessfully() in E:\00.- Proyectos\01.- Autopista Vespucio Norte\Servicio Rest\AVN.Autoconsulta.Api\AVN.Autoconsulta.core\AVC.Autoconsulta.core.Utils\PipeClient.cs:line 98
10:37:35.321,E,204;System.TimeoutException: The operation has timed out.
   at System.IO.Pipes.NamedPipeClientStream.Connect(Int32 timeout)
   at AVN.Autoconsulta.core.PipeClient.MessageSentSuccessfully() in E:\00.- Proyectos\01.- Autopista Vespucio Norte\Servicio Rest\AVN.Autoconsulta.Api\AVN.Autoconsulta.core\AVC.Autoconsulta.core.Utils\PipeClient.cs:line 98
10:37:40.579,E,204;System.TimeoutException: The operation has timed out.
   at System.IO.Pipes.NamedPipeClientStream.Connect(Int32 timeout)
   at AVN.Autoconsulta.core.PipeClient.MessageSentSuccessfully() in E:\00.- Proyectos\01.- Autopista Vespucio Norte\Servicio Rest\AVN.Autoconsulta.Api\AVN.Autoconsulta.core\AVC.Autoconsulta.core.Utils\PipeClient.cs:line 98

10:37:45.786,I,000;Inicio de la clase
10:37:46.104,I,000;System.Collections.Generic.List`1[AVN.Autoconsulta.core.DETALLE_TRANSITO]
10:37:46.105,I,000;Fin de la clase -- [GetTransitosNoFacturados]
10:37:46.106,Q,204;TP10PP001862041|REG|0|2017-08-31 10:37:46|2017-08-31 10:37:46|Transitos No Facturados|Consulta Transitos No Facturados|0|V|Consulta Transitos No Facturados|XP9504|0|0||||||0|0|||0||C443@

10:37:50.820,I,000;Inicio de la clase
10:37:51.106,I,000;System.Collections.Generic.List`1[AVN.Autoconsulta.core.DETALLE_TRANSITO]
10:37:51.109,I,000;Fin de la clase -- [GetTransitosNoFacturados]
10:37:51.112,Q,204;TP10PP001862041|REG|0|2017-08-31 10:37:51|2017-08-31 10:37:51|Transitos No Facturados|Consulta Transitos No Facturados|0|V|Consulta Transitos No Facturados|XP9504|0|0||||||0|0|||0||C44B@
10:37:56.113,E,204;System.TimeoutException: The operation has timed out.
   at System.IO.Pipes.NamedPipeClientStream.Connect(Int32 timeout)
   at AVN.Autoconsulta.core.PipeClient.MessageSentSuccessfully() in E:\00.- Proyectos\01.- Autopista Vespucio Norte\Servicio Rest\AVN.Autoconsulta.Api\AVN.Autoconsulta.core\AVC.Autoconsulta.core.Utils\PipeClient.cs:line 98
10:38:01.109,E,204;System.TimeoutException: The operation has timed out.
   at System.IO.Pipes.NamedPipeClientStream.Connect(Int32 timeout)
   at AVN.Autoconsulta.core.PipeClient.MessageSentSuccessfully() in E:\00.- Proyectos\01.- Autopista Vespucio Norte\Servicio Rest\AVN.Autoconsulta.Api\AVN.Autoconsulta.core\AVC.Autoconsulta.core.Utils\PipeClient.cs:line 98

10:38:02.171,I,000;Inicio de la clase

10:38:13.641,I,000;Inicio de la clase

10:38:24.420,I,000;Inicio de la clase

10:38:39.267,I,000;Inicio de la clase
10:38:39.789,I,000;System.Collections.Generic.List`1[AVN.Autoconsulta.core.TransitosFacturadosDto]
10:38:39.791,I,000;Fin de la clase -- [GetTransitosNoFacturados]
10:38:39.793,Q,204;TP10PP001772041|REG|0|2017-08-31 10:38:39|2017-08-31 10:38:39|Transitos Facturados|Consulta Transitos Facturados|0|V|Consulta Transitos Facturados|SN2681|0|0||||||0|0|||0||C6DC@
10:38:49.781,E,204;System.TimeoutException: The operation has timed out.
   at System.IO.Pipes.NamedPipeClientStream.Connect(Int32 timeout)
   at AVN.Autoconsulta.core.PipeClient.MessageSentSuccessfully() in E:\00.- Proyectos\01.- Autopista Vespucio Norte\Servicio Rest\AVN.Autoconsulta.Api\AVN.Autoconsulta.core\AVC.Autoconsulta.core.Utils\PipeClient.cs:line 98
10:38:50.385,I,000;System.Collections.Generic.List`1[AVN.Autoconsulta.core.TransitosFacturadosDto]
10:38:50.388,I,000;System.Collections.Generic.List`1[AVN.Autoconsulta.core.DETALLE_TRANSITO]
10:38:50.392,I,000;Fin de la clase -- [GetTransitosNoFacturados]
10:38:50.395,I,000;Fin de la clase -- [GetTransitosNoFacturados]
10:38:50.399,Q,204;TP10PP001772041|REG|0|2017-08-31 10:38:50|2017-08-31 10:38:50|Transitos Facturados|Consulta Transitos Facturados|0|V|Consulta Transitos Facturados|XJ1769|0|0||||||0|0|||0||C6E3@
10:38:50.405,Q,204;TP10PP001862041|REG|0|2017-08-31 10:38:50|2017-08-31 10:38:50|Transitos No Facturados|Consulta Transitos No Facturados|0|V|Consulta Transitos No Facturados|XJ1769|0|0||||||0|0|||0||C44C@

10:38:50.461,I,000;Inicio de la clase
10:38:52.130,I,000;System.Collections.Generic.List`1[AVN.Autoconsulta.core.TransitosFacturadosDto]
10:38:52.131,I,000;Fin de la clase -- [GetTransitosNoFacturados]
10:38:52.133,Q,204;TP10PP001772041|REG|0|2017-08-31 10:38:52|2017-08-31 10:38:52|Transitos Facturados|Consulta Transitos Facturados|0|V|Consulta Transitos Facturados|XJ1769|0|0||||||0|0|||0||C6DF@
10:38:52.146,I,000;System.Collections.Generic.List`1[AVN.Autoconsulta.core.DETALLE_TRANSITO]
10:38:52.146,I,000;Fin de la clase -- [GetTransitosNoFacturados]
10:38:52.146,Q,204;TP10PP001862041|REG|0|2017-08-31 10:38:52|2017-08-31 10:38:52|Transitos No Facturados|Consulta Transitos No Facturados|0|V|Consulta Transitos No Facturados|XJ1769|0|0||||||0|0|||0||C448@
10:38:57.779,I,000;System.Collections.Generic.List`1[AVN.Autoconsulta.core.TransitosFacturadosDto]
10:38:57.779,I,000;Fin de la clase -- [GetTransitosNoFacturados]
10:38:57.779,Q,204;TP10PP001772041|REG|0|2017-08-31 10:38:57|2017-08-31 10:38:57|Transitos Facturados|Consulta Transitos Facturados|0|V|Consulta Transitos Facturados|XJ1769|0|0||||||0|0|||0||C6D5@
10:39:00.395,E,204;System.TimeoutException: The operation has timed out.
   at System.IO.Pipes.NamedPipeClientStream.Connect(Int32 timeout)
   at AVN.Autoconsulta.core.PipeClient.MessageSentSuccessfully() in E:\00.- Proyectos\01.- Autopista Vespucio Norte\Servicio Rest\AVN.Autoconsulta.Api\AVN.Autoconsulta.core\AVC.Autoconsulta.core.Utils\PipeClient.cs:line 98

10:39:00.395,I,000;Inicio de la clase
10:39:00.411,E,204;System.TimeoutException: The operation has timed out.
   at System.IO.Pipes.NamedPipeClientStream.Connect(Int32 timeout)
   at AVN.Autoconsulta.core.PipeClient.MessageSentSuccessfully() in E:\00.- Proyectos\01.- Autopista Vespucio Norte\Servicio Rest\AVN.Autoconsulta.Api\AVN.Autoconsulta.core\AVC.Autoconsulta.core.Utils\PipeClient.cs:line 98
10:39:02.128,E,204;System.TimeoutException: The operation has timed out.
   at System.IO.Pipes.NamedPipeClientStream.Connect(Int32 timeout)
   at AVN.Autoconsulta.core.PipeClient.MessageSentSuccessfully() in E:\00.- Proyectos\01.- Autopista Vespucio Norte\Servicio Rest\AVN.Autoconsulta.Api\AVN.Autoconsulta.core\AVC.Autoconsulta.core.Utils\PipeClient.cs:line 98
10:39:02.159,E,204;System.TimeoutException: The operation has timed out.
   at System.IO.Pipes.NamedPipeClientStream.Connect(Int32 timeout)
   at AVN.Autoconsulta.core.PipeClient.MessageSentSuccessfully() in E:\00.- Proyectos\01.- Autopista Vespucio Norte\Servicio Rest\AVN.Autoconsulta.Api\AVN.Autoconsulta.core\AVC.Autoconsulta.core.Utils\PipeClient.cs:line 98
10:39:02.300,I,000;System.Collections.Generic.List`1[AVN.Autoconsulta.core.DETALLE_TRANSITO]
10:39:02.300,I,000;Fin de la clase -- [GetTransitosNoFacturados]
10:39:02.300,Q,204;TP10PP001862041|REG|0|2017-08-31 10:39:02|2017-08-31 10:39:02|Transitos No Facturados|Consulta Transitos No Facturados|0|V|Consulta Transitos No Facturados|XJ1769|0|0||||||0|0|||0||C450@
10:39:07.780,E,204;System.TimeoutException: The operation has timed out.
   at System.IO.Pipes.NamedPipeClientStream.Connect(Int32 timeout)
   at AVN.Autoconsulta.core.PipeClient.MessageSentSuccessfully() in E:\00.- Proyectos\01.- Autopista Vespucio Norte\Servicio Rest\AVN.Autoconsulta.Api\AVN.Autoconsulta.core\AVC.Autoconsulta.core.Utils\PipeClient.cs:line 98
10:39:12.295,E,204;System.TimeoutException: The operation has timed out.
   at System.IO.Pipes.NamedPipeClientStream.Connect(Int32 timeout)
   at AVN.Autoconsulta.core.PipeClient.MessageSentSuccessfully() in E:\00.- Proyectos\01.- Autopista Vespucio Norte\Servicio Rest\AVN.Autoconsulta.Api\AVN.Autoconsulta.core\AVC.Autoconsulta.core.Utils\PipeClient.cs:line 98

10:43:50.131,I,000;Inicio de la clase
10:43:55.619,I,000;System.Collections.Generic.List`1[AVN.Autoconsulta.core.TransitosFacturadosDto]
10:43:55.634,I,000;Fin de la clase -- [GetTransitosNoFacturados]
10:43:55.634,Q,204;TP10PP001772041|REG|0|2017-08-31 10:43:55|2017-08-31 10:43:55|Transitos Facturados|Consulta Transitos Facturados|0|V|Consulta Transitos Facturados|VE9413|0|0||||||0|0|||0||C6EE@
10:44:05.634,E,204;System.TimeoutException: The operation has timed out.
   at System.IO.Pipes.NamedPipeClientStream.Connect(Int32 timeout)
   at AVN.Autoconsulta.core.PipeClient.MessageSentSuccessfully() in E:\00.- Proyectos\01.- Autopista Vespucio Norte\Servicio Rest\AVN.Autoconsulta.Api\AVN.Autoconsulta.core\AVC.Autoconsulta.core.Utils\PipeClient.cs:line 98

10:44:20.367,I,000;Inicio de la clase
10:44:21.466,I,000;System.Collections.Generic.List`1[AVN.Autoconsulta.core.TransitosFacturadosDto]
10:44:21.468,I,000;Fin de la clase -- [GetTransitosNoFacturados]
10:44:21.486,Q,204;TP10PP001772041|REG|0|2017-08-31 10:44:21|2017-08-31 10:44:21|Transitos Facturados|Consulta Transitos Facturados|0|V|Consulta Transitos Facturados|VE9413|0|0||||||0|0|||0||C6FA@

10:44:25.398,I,000;Inicio de la clase
10:44:26.716,I,000;System.Collections.Generic.List`1[AVN.Autoconsulta.core.TransitosFacturadosDto]
10:44:26.716,I,000;Fin de la clase -- [GetTransitosNoFacturados]
10:44:26.716,Q,204;TP10PP001772041|REG|0|2017-08-31 10:44:26|2017-08-31 10:44:26|Transitos Facturados|Consulta Transitos Facturados|0|V|Consulta Transitos Facturados|VE9413|0|0||||||0|0|||0||C6F0@
10:44:31.496,E,204;System.TimeoutException: The operation has timed out.
   at System.IO.Pipes.NamedPipeClientStream.Connect(Int32 timeout)
   at AVN.Autoconsulta.core.PipeClient.MessageSentSuccessfully() in E:\00.- Proyectos\01.- Autopista Vespucio Norte\Servicio Rest\AVN.Autoconsulta.Api\AVN.Autoconsulta.core\AVC.Autoconsulta.core.Utils\PipeClient.cs:line 98
10:44:36.742,E,204;System.TimeoutException: The operation has timed out.
   at System.IO.Pipes.NamedPipeClientStream.Connect(Int32 timeout)
   at AVN.Autoconsulta.core.PipeClient.MessageSentSuccessfully() in E:\00.- Proyectos\01.- Autopista Vespucio Norte\Servicio Rest\AVN.Autoconsulta.Api\AVN.Autoconsulta.core\AVC.Autoconsulta.core.Utils\PipeClient.cs:line 98

10:46:51.544,I,000;Inicio de la clase
10:46:55.489,I,000;System.Collections.Generic.List`1[AVN.Autoconsulta.core.TransitosFacturadosDto]
10:46:55.495,I,000;Fin de la clase -- [GetTransitosNoFacturados]
10:46:55.502,Q,204;TP10PP001772041|REG|0|2017-08-31 10:46:55|2017-08-31 10:46:55|Transitos Facturados|Consulta Transitos Facturados|0|V|Consulta Transitos Facturados|ZS9890|0|0||||||0|0|||0||C6CD@

10:46:56.580,I,000;Inicio de la clase
10:46:57.034,I,000;System.Collections.Generic.List`1[AVN.Autoconsulta.core.TransitosFacturadosDto]
10:46:57.065,I,000;Fin de la clase -- [GetTransitosNoFacturados]
10:46:57.065,Q,204;TP10PP001772041|REG|0|2017-08-31 10:46:57|2017-08-31 10:46:57|Transitos Facturados|Consulta Transitos Facturados|0|V|Consulta Transitos Facturados|ZS9890|0|0||||||0|0|||0||C6C9@
10:47:05.490,E,204;System.TimeoutException: The operation has timed out.
   at System.IO.Pipes.NamedPipeClientStream.Connect(Int32 timeout)
   at AVN.Autoconsulta.core.PipeClient.MessageSentSuccessfully() in E:\00.- Proyectos\01.- Autopista Vespucio Norte\Servicio Rest\AVN.Autoconsulta.Api\AVN.Autoconsulta.core\AVC.Autoconsulta.core.Utils\PipeClient.cs:line 98
10:47:07.051,E,204;System.TimeoutException: The operation has timed out.
   at System.IO.Pipes.NamedPipeClientStream.Connect(Int32 timeout)
   at AVN.Autoconsulta.core.PipeClient.MessageSentSuccessfully() in E:\00.- Proyectos\01.- Autopista Vespucio Norte\Servicio Rest\AVN.Autoconsulta.Api\AVN.Autoconsulta.core\AVC.Autoconsulta.core.Utils\PipeClient.cs:line 98

10:48:32.398,I,000;Inicio de la clase
10:48:36.360,I,000;System.Collections.Generic.List`1[AVN.Autoconsulta.core.TransitosFacturadosDto]
10:48:36.366,I,000;Fin de la clase -- [GetTransitosNoFacturados]
10:48:36.369,Q,204;TP10PP001772041|REG|0|2017-08-31 10:48:36|2017-08-31 10:48:36|Transitos Facturados|Consulta Transitos Facturados|0|V|Consulta Transitos Facturados|ZS9890|0|0||||||0|0|||0||C6CB@

10:48:37.429,I,000;Inicio de la clase
10:48:37.965,I,000;System.Collections.Generic.List`1[AVN.Autoconsulta.core.TransitosFacturadosDto]
10:48:37.967,I,000;Fin de la clase -- [GetTransitosNoFacturados]
10:48:37.969,Q,204;TP10PP001772041|REG|0|2017-08-31 10:48:37|2017-08-31 10:48:37|Transitos Facturados|Consulta Transitos Facturados|0|V|Consulta Transitos Facturados|ZS9890|0|0||||||0|0|||0||C6C9@
10:48:46.366,E,204;System.TimeoutException: The operation has timed out.
   at System.IO.Pipes.NamedPipeClientStream.Connect(Int32 timeout)
   at AVN.Autoconsulta.core.PipeClient.MessageSentSuccessfully() in E:\00.- Proyectos\01.- Autopista Vespucio Norte\Servicio Rest\AVN.Autoconsulta.Api\AVN.Autoconsulta.core\AVC.Autoconsulta.core.Utils\PipeClient.cs:line 98
10:48:47.973,E,204;System.TimeoutException: The operation has timed out.
   at System.IO.Pipes.NamedPipeClientStream.Connect(Int32 timeout)
   at AVN.Autoconsulta.core.PipeClient.MessageSentSuccessfully() in E:\00.- Proyectos\01.- Autopista Vespucio Norte\Servicio Rest\AVN.Autoconsulta.Api\AVN.Autoconsulta.core\AVC.Autoconsulta.core.Utils\PipeClient.cs:line 98

10:49:59.911,I,000;Inicio de la clase
10:50:00.320,I,000;System.Collections.Generic.List`1[AVN.Autoconsulta.core.TransitosFacturadosDto]
10:50:00.321,I,000;Fin de la clase -- [GetTransitosNoFacturados]
10:50:00.322,Q,204;TP10PP001772041|REG|0|2017-08-31 10:50:00|2017-08-31 10:50:00|Transitos Facturados|Consulta Transitos Facturados|0|V|Consulta Transitos Facturados|BXFB76|0|0||||||0|0|||0||C6E3@

10:50:04.954,I,000;Inicio de la clase
10:50:05.372,I,000;System.Collections.Generic.List`1[AVN.Autoconsulta.core.TransitosFacturadosDto]
10:50:05.387,I,000;Fin de la clase -- [GetTransitosNoFacturados]
10:50:05.392,Q,204;TP10PP001772041|REG|0|2017-08-31 10:50:05|2017-08-31 10:50:05|Transitos Facturados|Consulta Transitos Facturados|0|V|Consulta Transitos Facturados|BXFB76|0|0||||||0|0|||0||C6D9@
10:50:10.335,E,204;System.TimeoutException: The operation has timed out.
   at System.IO.Pipes.NamedPipeClientStream.Connect(Int32 timeout)
   at AVN.Autoconsulta.core.PipeClient.MessageSentSuccessfully() in E:\00.- Proyectos\01.- Autopista Vespucio Norte\Servicio Rest\AVN.Autoconsulta.Api\AVN.Autoconsulta.core\AVC.Autoconsulta.core.Utils\PipeClient.cs:line 98
10:50:10.987,Q,204;TP10PP001792041|REG|0|2017-08-31 10:50:10|2017-08-31 10:50:10|Transitos Facturados|Impresion Transitos Facturados|0|V|Impresion Transitos Facturados|BXFB76|0|0||||||0|0|||0||C605@
10:50:15.390,E,204;System.TimeoutException: The operation has timed out.
   at System.IO.Pipes.NamedPipeClientStream.Connect(Int32 timeout)
   at AVN.Autoconsulta.core.PipeClient.MessageSentSuccessfully() in E:\00.- Proyectos\01.- Autopista Vespucio Norte\Servicio Rest\AVN.Autoconsulta.Api\AVN.Autoconsulta.core\AVC.Autoconsulta.core.Utils\PipeClient.cs:line 98
10:50:20.976,E,204;System.TimeoutException: The operation has timed out.
   at System.IO.Pipes.NamedPipeClientStream.Connect(Int32 timeout)
   at AVN.Autoconsulta.core.PipeClient.MessageSentSuccessfully() in E:\00.- Proyectos\01.- Autopista Vespucio Norte\Servicio Rest\AVN.Autoconsulta.Api\AVN.Autoconsulta.core\AVC.Autoconsulta.core.Utils\PipeClient.cs:line 98

10:51:33.874,I,000;Inicio de la clase
10:52:02.998,I,000;System.Collections.Generic.List`1[AVN.Autoconsulta.core.DETALLE_TRANSITO]
10:52:02.998,I,000;Fin de la clase -- [GetTransitosNoFacturados]
10:52:02.998,Q,204;TP10PP001862041|REG|0|2017-08-31 10:52:02|2017-08-31 10:52:02|Transitos No Facturados|Consulta Transitos No Facturados|0|V|Consulta Transitos No Facturados|XA2085|0|0||||||0|0|||0||C46B@
10:52:02.998,I,000;System.Collections.Generic.List`1[AVN.Autoconsulta.core.TransitosFacturadosDto]
10:52:02.998,I,000;Fin de la clase -- [GetTransitosNoFacturados]
10:52:03.013,Q,204;TP10PP001772041|REG|0|2017-08-31 10:52:03|2017-08-31 10:52:03|Transitos Facturados|Consulta Transitos Facturados|0|V|Consulta Transitos Facturados|XA2085|0|0||||||0|0|||0||C700@

10:52:10.917,I,000;Inicio de la clase
10:52:12.999,E,204;System.TimeoutException: The operation has timed out.
   at System.IO.Pipes.NamedPipeClientStream.Connect(Int32 timeout)
   at AVN.Autoconsulta.core.PipeClient.MessageSentSuccessfully() in E:\00.- Proyectos\01.- Autopista Vespucio Norte\Servicio Rest\AVN.Autoconsulta.Api\AVN.Autoconsulta.core\AVC.Autoconsulta.core.Utils\PipeClient.cs:line 98
10:52:13.000,E,204;System.TimeoutException: The operation has timed out.
   at System.IO.Pipes.NamedPipeClientStream.Connect(Int32 timeout)
   at AVN.Autoconsulta.core.PipeClient.MessageSentSuccessfully() in E:\00.- Proyectos\01.- Autopista Vespucio Norte\Servicio Rest\AVN.Autoconsulta.Api\AVN.Autoconsulta.core\AVC.Autoconsulta.core.Utils\PipeClient.cs:line 98
10:52:41.203,I,000;System.Collections.Generic.List`1[AVN.Autoconsulta.core.DETALLE_TRANSITO]
10:52:41.205,I,000;Fin de la clase -- [GetTransitosNoFacturados]
10:52:41.210,Q,204;TP10PP001862041|REG|0|2017-08-31 10:52:41|2017-08-31 10:52:41|Transitos No Facturados|Consulta Transitos No Facturados|0|V|Consulta Transitos No Facturados|XA2085|0|0||||||0|0|||0||C465@
10:52:41.215,I,000;System.Collections.Generic.List`1[AVN.Autoconsulta.core.TransitosFacturadosDto]
10:52:41.217,I,000;Fin de la clase -- [GetTransitosNoFacturados]
10:52:41.220,Q,204;TP10PP001772041|REG|0|2017-08-31 10:52:41|2017-08-31 10:52:41|Transitos Facturados|Consulta Transitos Facturados|0|V|Consulta Transitos Facturados|XA2085|0|0||||||0|0|||0||C6FC@

10:52:41.228,I,000;Inicio de la clase
10:52:47.647,I,000;System.Collections.Generic.List`1[AVN.Autoconsulta.core.TransitosFacturadosDto]
10:52:47.647,I,000;Fin de la clase -- [GetTransitosNoFacturados]
10:52:47.647,Q,204;TP10PP001772041|REG|0|2017-08-31 10:52:47|2017-08-31 10:52:47|Transitos Facturados|Consulta Transitos Facturados|0|V|Consulta Transitos Facturados|XA2085|0|0||||||0|0|||0||C6F0@
10:52:49.348,I,000;System.Collections.Generic.List`1[AVN.Autoconsulta.core.DETALLE_TRANSITO]
10:52:49.363,I,000;Fin de la clase -- [GetTransitosNoFacturados]
10:52:49.363,Q,204;TP10PP001862041|REG|0|2017-08-31 10:52:49|2017-08-31 10:52:49|Transitos No Facturados|Consulta Transitos No Facturados|0|V|Consulta Transitos No Facturados|XA2085|0|0||||||0|0|||0||C455@
10:52:51.206,E,204;System.TimeoutException: The operation has timed out.
   at System.IO.Pipes.NamedPipeClientStream.Connect(Int32 timeout)
   at AVN.Autoconsulta.core.PipeClient.MessageSentSuccessfully() in E:\00.- Proyectos\01.- Autopista Vespucio Norte\Servicio Rest\AVN.Autoconsulta.Api\AVN.Autoconsulta.core\AVC.Autoconsulta.core.Utils\PipeClient.cs:line 98

10:52:51.206,I,000;Inicio de la clase
10:52:51.222,E,204;System.TimeoutException: The operation has timed out.
   at System.IO.Pipes.NamedPipeClientStream.Connect(Int32 timeout)
   at AVN.Autoconsulta.core.PipeClient.MessageSentSuccessfully() in E:\00.- Proyectos\01.- Autopista Vespucio Norte\Servicio Rest\AVN.Autoconsulta.Api\AVN.Autoconsulta.core\AVC.Autoconsulta.core.Utils\PipeClient.cs:line 98
10:52:54.545,I,000;System.Collections.Generic.List`1[AVN.Autoconsulta.core.TransitosFacturadosDto]
10:52:54.545,I,000;Fin de la clase -- [GetTransitosNoFacturados]
10:52:54.545,Q,204;TP10PP001772041|REG|0|2017-08-31 10:52:54|2017-08-31 10:52:54|Transitos Facturados|Consulta Transitos Facturados|0|V|Consulta Transitos Facturados|XA2085|0|0||||||0|0|||0||C6F4@
10:52:57.665,E,204;System.TimeoutException: The operation has timed out.
   at System.IO.Pipes.NamedPipeClientStream.Connect(Int32 timeout)
   at AVN.Autoconsulta.core.PipeClient.MessageSentSuccessfully() in E:\00.- Proyectos\01.- Autopista Vespucio Norte\Servicio Rest\AVN.Autoconsulta.Api\AVN.Autoconsulta.core\AVC.Autoconsulta.core.Utils\PipeClient.cs:line 98
10:52:59.131,I,000;System.Collections.Generic.List`1[AVN.Autoconsulta.core.DETALLE_TRANSITO]
10:52:59.131,I,000;Fin de la clase -- [GetTransitosNoFacturados]
10:52:59.131,Q,204;TP10PP001862041|REG|0|2017-08-31 10:52:59|2017-08-31 10:52:59|Transitos No Facturados|Consulta Transitos No Facturados|0|V|Consulta Transitos No Facturados|XA2085|0|0||||||0|0|||0||C453@
10:52:59.381,E,204;System.TimeoutException: The operation has timed out.
   at System.IO.Pipes.NamedPipeClientStream.Connect(Int32 timeout)
   at AVN.Autoconsulta.core.PipeClient.MessageSentSuccessfully() in E:\00.- Proyectos\01.- Autopista Vespucio Norte\Servicio Rest\AVN.Autoconsulta.Api\AVN.Autoconsulta.core\AVC.Autoconsulta.core.Utils\PipeClient.cs:line 98
10:53:04.544,E,204;System.TimeoutException: The operation has timed out.
   at System.IO.Pipes.NamedPipeClientStream.Connect(Int32 timeout)
   at AVN.Autoconsulta.core.PipeClient.MessageSentSuccessfully() in E:\00.- Proyectos\01.- Autopista Vespucio Norte\Servicio Rest\AVN.Autoconsulta.Api\AVN.Autoconsulta.core\AVC.Autoconsulta.core.Utils\PipeClient.cs:line 98
10:53:09.131,E,204;System.TimeoutException: The operation has timed out.
   at System.IO.Pipes.NamedPipeClientStream.Connect(Int32 timeout)
   at AVN.Autoconsulta.core.PipeClient.MessageSentSuccessfully() in E:\00.- Proyectos\01.- Autopista Vespucio Norte\Servicio Rest\AVN.Autoconsulta.Api\AVN.Autoconsulta.core\AVC.Autoconsulta.core.Utils\PipeClient.cs:line 98

10:53:19.780,I,000;Inicio de la clase

10:53:30.499,I,000;Inicio de la clase
10:53:36.912,I,000;System.Collections.Generic.List`1[AVN.Autoconsulta.core.TransitosFacturadosDto]
10:53:36.912,I,000;Fin de la clase -- [GetTransitosNoFacturados]
10:53:36.912,Q,204;TP10PP001772041|REG|0|2017-08-31 10:53:36|2017-08-31 10:53:36|Transitos Facturados|Consulta Transitos Facturados|0|V|Consulta Transitos Facturados|XA2085|0|0||||||0|0|||0||C6F2@
10:53:38.769,I,000;System.Collections.Generic.List`1[AVN.Autoconsulta.core.DETALLE_TRANSITO]
10:53:38.784,I,000;Fin de la clase -- [GetTransitosNoFacturados]
10:53:38.784,Q,204;TP10PP001862041|REG|0|2017-08-31 10:53:38|2017-08-31 10:53:38|Transitos No Facturados|Consulta Transitos No Facturados|0|V|Consulta Transitos No Facturados|XA2085|0|0||||||0|0|||0||C457@
10:53:46.940,E,204;System.TimeoutException: The operation has timed out.
   at System.IO.Pipes.NamedPipeClientStream.Connect(Int32 timeout)
   at AVN.Autoconsulta.core.PipeClient.MessageSentSuccessfully() in E:\00.- Proyectos\01.- Autopista Vespucio Norte\Servicio Rest\AVN.Autoconsulta.Api\AVN.Autoconsulta.core\AVC.Autoconsulta.core.Utils\PipeClient.cs:line 98
10:53:48.796,E,204;System.TimeoutException: The operation has timed out.
   at System.IO.Pipes.NamedPipeClientStream.Connect(Int32 timeout)
   at AVN.Autoconsulta.core.PipeClient.MessageSentSuccessfully() in E:\00.- Proyectos\01.- Autopista Vespucio Norte\Servicio Rest\AVN.Autoconsulta.Api\AVN.Autoconsulta.core\AVC.Autoconsulta.core.Utils\PipeClient.cs:line 98

10:54:07.254,I,000;Inicio de la clase
10:54:07.929,I,000;System.Collections.Generic.List`1[AVN.Autoconsulta.core.TransitosFacturadosDto]
10:54:07.935,I,000;Fin de la clase -- [GetTransitosNoFacturados]
10:54:07.940,Q,204;TP10PP001772041|REG|0|2017-08-31 10:54:07|2017-08-31 10:54:07|Transitos Facturados|Consulta Transitos Facturados|0|V|Consulta Transitos Facturados|PE6082|0|0||||||0|0|||0||C6F7@
10:54:07.953,I,000;System.Collections.Generic.List`1[AVN.Autoconsulta.core.DETALLE_TRANSITO]
10:54:07.956,I,000;Fin de la clase -- [GetTransitosNoFacturados]
10:54:07.958,Q,204;TP10PP001862041|REG|0|2017-08-31 10:54:07|2017-08-31 10:54:07|Transitos No Facturados|Consulta Transitos No Facturados|0|V|Consulta Transitos No Facturados|PE6082|0|0||||||0|0|||0||C460@

10:54:12.268,I,000;Inicio de la clase
10:54:12.879,I,000;System.Collections.Generic.List`1[AVN.Autoconsulta.core.TransitosFacturadosDto]
10:54:12.895,I,000;Fin de la clase -- [GetTransitosNoFacturados]
10:54:12.895,Q,204;TP10PP001772041|REG|0|2017-08-31 10:54:12|2017-08-31 10:54:12|Transitos Facturados|Consulta Transitos Facturados|0|V|Consulta Transitos Facturados|PE6082|0|0||||||0|0|||0||C6FF@
10:54:12.956,I,000;System.Collections.Generic.List`1[AVN.Autoconsulta.core.DETALLE_TRANSITO]
10:54:12.958,I,000;Fin de la clase -- [GetTransitosNoFacturados]
10:54:12.960,Q,204;TP10PP001862041|REG|0|2017-08-31 10:54:12|2017-08-31 10:54:12|Transitos No Facturados|Consulta Transitos No Facturados|0|V|Consulta Transitos No Facturados|PE6082|0|0||||||0|0|||0||C468@
10:54:17.953,E,204;System.TimeoutException: The operation has timed out.
   at System.IO.Pipes.NamedPipeClientStream.Connect(Int32 timeout)
   at AVN.Autoconsulta.core.PipeClient.MessageSentSuccessfully() in E:\00.- Proyectos\01.- Autopista Vespucio Norte\Servicio Rest\AVN.Autoconsulta.Api\AVN.Autoconsulta.core\AVC.Autoconsulta.core.Utils\PipeClient.cs:line 98
10:54:17.968,E,204;System.TimeoutException: The operation has timed out.
   at System.IO.Pipes.NamedPipeClientStream.Connect(Int32 timeout)
   at AVN.Autoconsulta.core.PipeClient.MessageSentSuccessfully() in E:\00.- Proyectos\01.- Autopista Vespucio Norte\Servicio Rest\AVN.Autoconsulta.Api\AVN.Autoconsulta.core\AVC.Autoconsulta.core.Utils\PipeClient.cs:line 98
10:54:22.904,E,204;System.TimeoutException: The operation has timed out.
   at System.IO.Pipes.NamedPipeClientStream.Connect(Int32 timeout)
   at AVN.Autoconsulta.core.PipeClient.MessageSentSuccessfully() in E:\00.- Proyectos\01.- Autopista Vespucio Norte\Servicio Rest\AVN.Autoconsulta.Api\AVN.Autoconsulta.core\AVC.Autoconsulta.core.Utils\PipeClient.cs:line 98
10:54:22.951,E,204;System.TimeoutException: The operation has timed out.
   at System.IO.Pipes.NamedPipeClientStream.Connect(Int32 timeout)
   at AVN.Autoconsulta.core.PipeClient.MessageSentSuccessfully() in E:\00.- Proyectos\01.- Autopista Vespucio Norte\Servicio Rest\AVN.Autoconsulta.Api\AVN.Autoconsulta.core\AVC.Autoconsulta.core.Utils\PipeClient.cs:line 98

11:03:01.051,I,000;Inicio de la clase
11:03:45.898,I,000;System.Collections.Generic.List`1[AVN.Autoconsulta.core.DETALLE_TRANSITO]
11:03:45.914,I,000;Fin de la clase -- [GetTransitosNoFacturados]
11:03:45.914,Q,204;TP10PP001862041|REG|0|2017-08-31 11:03:45|2017-08-31 11:03:45|Transitos No Facturados|Consulta Transitos No Facturados|0|V|Consulta Transitos No Facturados|XA2085|0|0||||||0|0|||0||C463@
11:03:45.914,I,000;System.Collections.Generic.List`1[AVN.Autoconsulta.core.TransitosFacturadosDto]
11:03:45.914,I,000;Fin de la clase -- [GetTransitosNoFacturados]
11:03:45.914,Q,204;TP10PP001772041|REG|0|2017-08-31 11:03:45|2017-08-31 11:03:45|Transitos Facturados|Consulta Transitos Facturados|0|V|Consulta Transitos Facturados|XA2085|0|0||||||0|0|||0||C6FA@
11:03:55.926,E,204;System.TimeoutException: The operation has timed out.
   at System.IO.Pipes.NamedPipeClientStream.Connect(Int32 timeout)
   at AVN.Autoconsulta.core.PipeClient.MessageSentSuccessfully() in E:\00.- Proyectos\01.- Autopista Vespucio Norte\Servicio Rest\AVN.Autoconsulta.Api\AVN.Autoconsulta.core\AVC.Autoconsulta.core.Utils\PipeClient.cs:line 98
11:03:55.926,E,204;System.TimeoutException: The operation has timed out.
   at System.IO.Pipes.NamedPipeClientStream.Connect(Int32 timeout)
   at AVN.Autoconsulta.core.PipeClient.MessageSentSuccessfully() in E:\00.- Proyectos\01.- Autopista Vespucio Norte\Servicio Rest\AVN.Autoconsulta.Api\AVN.Autoconsulta.core\AVC.Autoconsulta.core.Utils\PipeClient.cs:line 98
