09:48:22.953,I,000;Server=localhost;Port=5432;Database=Pago;User ID=TpackP;Password=tpackp
09:48:22.971,I,000;Inicio Conexion BD
09:48:23.055,I,000;Ejecución OK
09:48:23.056,I,000;Termino de Consulta a la BD
09:57:06.410,I,000;Server=localhost;Port=5432;Database=Pago;User ID=TpackP;Password=tpackp

09:57:06.411,I,000;Inicio Método
09:57:06.412,I,000;Inicio Conexion BD
09:57:06.414,I,000;Ejecución OK
09:57:06.415,I,000;Termino de Consulta a la BD
09:57:19.236,R,000;AVN.Autoconsulta.core.SVC_AVN_1_2.responseConsultaInfoTagDTO
09:57:19.261,Q,204;TP10PP001382041|REG|0|2017-07-06 09:57:19|2017-07-06 09:57:19|Saldo|Consulta Saldo|0|V|Consulta Saldo|17.122.588-4|0|0||||||0|0|||0||D7E2@
09:57:29.290,E,204;System.TimeoutException: The operation has timed out.
   at System.IO.Pipes.NamedPipeClientStream.Connect(Int32 timeout)
   at AVN.Autoconsulta.core.PipeClient.MessageSentSuccessfully() in E:\00.- Proyectos\01.- Autopista Vespucio Norte\Servicio Rest\AVN.Autoconsulta.Api\AVN.Autoconsulta.core\AVC.Autoconsulta.core.Utils\PipeClient.cs:line 98

09:58:10.310,I,000;Inicio Método
09:58:10.312,I,000;Server=localhost;Port=5432;Database=Pago;User ID=TpackP;Password=tpackp
09:58:10.316,I,000;Inicio Conexion BD
09:58:10.321,I,000;Ejecución OK
09:58:10.327,I,000;Termino de Consulta a la BD
09:58:11.850,R,000;AVN.Autoconsulta.core.SVC_AVN_1_2.responseConsultaInfoTagDTO
09:58:11.855,Q,204;TP10PP001382041|REG|0|2017-07-06 09:58:11|2017-07-06 09:58:11|Saldo|Consulta Saldo|0|V|Consulta Saldo|12.484.157-7|0|0||||||0|0|||0||D7EF@
09:58:21.846,E,204;System.TimeoutException: The operation has timed out.
   at System.IO.Pipes.NamedPipeClientStream.Connect(Int32 timeout)
   at AVN.Autoconsulta.core.PipeClient.MessageSentSuccessfully() in E:\00.- Proyectos\01.- Autopista Vespucio Norte\Servicio Rest\AVN.Autoconsulta.Api\AVN.Autoconsulta.core\AVC.Autoconsulta.core.Utils\PipeClient.cs:line 98
09:59:58.012,I,000;Server=localhost;Port=5432;Database=Pago;User ID=TpackP;Password=tpackp
09:59:58.014,I,000;Inicio Conexion BD
09:59:58.018,I,000;Ejecución OK
09:59:58.021,I,000;Termino de Consulta a la BD
10:09:50.182,I,000;Server=localhost;Port=5432;Database=Pago;User ID=TpackP;Password=tpackp
10:09:50.184,I,000;Inicio Conexion BD
10:09:50.187,I,000;Ejecución OK
10:09:50.188,I,000;Termino de Consulta a la BD
10:39:05.072,I,000;Server=localhost;Port=5432;Database=Pago;User ID=TpackP;Password=tpackp
10:39:05.076,I,000;Inicio Conexion BD

10:39:05.078,I,000;Inicio Método
10:39:05.080,I,000;Ejecución OK
10:39:05.081,I,000;Termino de Consulta a la BD
10:39:08.681,R,000;AVN.Autoconsulta.core.SVC_AVN_1_2.responseConsultaInfoTagDTO
10:39:08.716,Q,204;TP10PP001382041|REG|0|2017-07-06 10:39:08|2017-07-06 10:39:08|Saldo|Consulta Saldo|0|V|Consulta Saldo|11.228.785-K|0|0||||||0|0|||0||D7DF@
10:39:18.722,E,204;System.TimeoutException: The operation has timed out.
   at System.IO.Pipes.NamedPipeClientStream.Connect(Int32 timeout)
   at AVN.Autoconsulta.core.PipeClient.MessageSentSuccessfully() in E:\00.- Proyectos\01.- Autopista Vespucio Norte\Servicio Rest\AVN.Autoconsulta.Api\AVN.Autoconsulta.core\AVC.Autoconsulta.core.Utils\PipeClient.cs:line 98
10:39:29.077,Q,204;TP10PP001452041|REG|0|2017-07-06 10:39:29|2017-07-06 10:39:29|Certificado|Impresion Cupon Pago|0|V|Impresion Certificado||0|0||||||0|0|||0||D2EA@
10:39:39.077,E,204;System.TimeoutException: The operation has timed out.
   at System.IO.Pipes.NamedPipeClientStream.Connect(Int32 timeout)
   at AVN.Autoconsulta.core.PipeClient.MessageSentSuccessfully() in E:\00.- Proyectos\01.- Autopista Vespucio Norte\Servicio Rest\AVN.Autoconsulta.Api\AVN.Autoconsulta.core\AVC.Autoconsulta.core.Utils\PipeClient.cs:line 98

10:41:55.133,I,000;Inicio Método
10:41:55.137,I,000;Server=localhost;Port=5432;Database=Pago;User ID=TpackP;Password=tpackp
10:41:55.139,I,000;Inicio Conexion BD
10:41:55.141,I,000;Ejecución OK
10:41:55.142,I,000;Termino de Consulta a la BD
10:41:56.932,R,000;AVN.Autoconsulta.core.SVC_AVN_1_2.responseConsultaInfoTagDTO
10:41:56.937,Q,204;TP10PP001382041|REG|0|2017-07-06 10:41:56|2017-07-06 10:41:56|Saldo|Consulta Saldo|0|V|Consulta Saldo|11.228.785-K|0|0||||||0|0|||0||D7E7@
10:42:06.939,E,204;System.TimeoutException: The operation has timed out.
   at System.IO.Pipes.NamedPipeClientStream.Connect(Int32 timeout)
   at AVN.Autoconsulta.core.PipeClient.MessageSentSuccessfully() in E:\00.- Proyectos\01.- Autopista Vespucio Norte\Servicio Rest\AVN.Autoconsulta.Api\AVN.Autoconsulta.core\AVC.Autoconsulta.core.Utils\PipeClient.cs:line 98
10:42:30.151,Q,204;TP10PP001452041|REG|0|2017-07-06 10:42:30|2017-07-06 10:42:30|Certificado|Impresion Cupon Pago|0|V|Impresion Certificado||0|0||||||0|0|||0||D306@
10:42:40.164,E,204;System.TimeoutException: The operation has timed out.
   at System.IO.Pipes.NamedPipeClientStream.Connect(Int32 timeout)
   at AVN.Autoconsulta.core.PipeClient.MessageSentSuccessfully() in E:\00.- Proyectos\01.- Autopista Vespucio Norte\Servicio Rest\AVN.Autoconsulta.Api\AVN.Autoconsulta.core\AVC.Autoconsulta.core.Utils\PipeClient.cs:line 98
10:43:12.297,Q,204;TP10PP001452041|REG|0|2017-07-06 10:43:12|2017-07-06 10:43:12|Certificado|Impresion Cupon Pago|0|V|Impresion Certificado||0|0||||||0|0|||0||D304@
10:43:22.303,E,204;System.TimeoutException: The operation has timed out.
   at System.IO.Pipes.NamedPipeClientStream.Connect(Int32 timeout)
   at AVN.Autoconsulta.core.PipeClient.MessageSentSuccessfully() in E:\00.- Proyectos\01.- Autopista Vespucio Norte\Servicio Rest\AVN.Autoconsulta.Api\AVN.Autoconsulta.core\AVC.Autoconsulta.core.Utils\PipeClient.cs:line 98

10:45:37.297,I,000;Inicio Método
10:45:37.315,I,000;Server=localhost;Port=5432;Database=Pago;User ID=TpackP;Password=tpackp
10:45:37.316,I,000;Inicio Conexion BD
10:45:37.318,I,000;Ejecución OK
10:45:37.320,I,000;Termino de Consulta a la BD
10:45:40.987,R,000;AVN.Autoconsulta.core.SVC_AVN_1_2.responseConsultaInfoTagDTO
10:45:40.992,Q,204;TP10PP001382041|REG|0|2017-07-06 10:45:40|2017-07-06 10:45:40|Saldo|Consulta Saldo|0|V|Consulta Saldo|11.228.785-K|0|0||||||0|0|||0||D7ED@
10:45:50.999,E,204;System.TimeoutException: The operation has timed out.
   at System.IO.Pipes.NamedPipeClientStream.Connect(Int32 timeout)
   at AVN.Autoconsulta.core.PipeClient.MessageSentSuccessfully() in E:\00.- Proyectos\01.- Autopista Vespucio Norte\Servicio Rest\AVN.Autoconsulta.Api\AVN.Autoconsulta.core\AVC.Autoconsulta.core.Utils\PipeClient.cs:line 98
10:45:52.754,Q,204;TP10PP001452041|REG|0|2017-07-06 10:45:52|2017-07-06 10:45:52|Certificado|Impresion Cupon Pago|0|V|Impresion Certificado||0|0||||||0|0|||0||D2F8@
10:46:02.760,E,204;System.TimeoutException: The operation has timed out.
   at System.IO.Pipes.NamedPipeClientStream.Connect(Int32 timeout)
   at AVN.Autoconsulta.core.PipeClient.MessageSentSuccessfully() in E:\00.- Proyectos\01.- Autopista Vespucio Norte\Servicio Rest\AVN.Autoconsulta.Api\AVN.Autoconsulta.core\AVC.Autoconsulta.core.Utils\PipeClient.cs:line 98
10:46:15.611,Q,204;TP10PP001452041|REG|0|2017-07-06 10:46:15|2017-07-06 10:46:15|Certificado|Impresion Cupon Pago|0|V|Impresion Certificado||0|0||||||0|0|||0||D2F8@
10:46:25.604,E,204;System.TimeoutException: The operation has timed out.
   at System.IO.Pipes.NamedPipeClientStream.Connect(Int32 timeout)
   at AVN.Autoconsulta.core.PipeClient.MessageSentSuccessfully() in E:\00.- Proyectos\01.- Autopista Vespucio Norte\Servicio Rest\AVN.Autoconsulta.Api\AVN.Autoconsulta.core\AVC.Autoconsulta.core.Utils\PipeClient.cs:line 98

10:46:56.709,I,000;Inicio Método
10:46:56.723,I,000;Server=localhost;Port=5432;Database=Pago;User ID=TpackP;Password=tpackp
10:46:56.725,I,000;Inicio Conexion BD
10:46:56.727,I,000;Ejecución OK
10:46:56.728,I,000;Termino de Consulta a la BD
10:46:58.569,R,000;AVN.Autoconsulta.core.SVC_AVN_1_2.responseConsultaInfoTagDTO
10:46:58.574,Q,204;TP10PP001382041|REG|0|2017-07-06 10:46:58|2017-07-06 10:46:58|Saldo|Consulta Saldo|0|V|Consulta Saldo|11.228.785-K|0|0||||||0|0|||0||D7D9@
10:47:04.204,Q,204;TP10PP001452041|REG|0|2017-07-06 10:47:04|2017-07-06 10:47:04|Certificado|Impresion Cupon Pago|0|V|Impresion Certificado||0|0||||||0|0|||0||D2FA@
10:47:08.563,E,204;System.TimeoutException: The operation has timed out.
   at System.IO.Pipes.NamedPipeClientStream.Connect(Int32 timeout)
   at AVN.Autoconsulta.core.PipeClient.MessageSentSuccessfully() in E:\00.- Proyectos\01.- Autopista Vespucio Norte\Servicio Rest\AVN.Autoconsulta.Api\AVN.Autoconsulta.core\AVC.Autoconsulta.core.Utils\PipeClient.cs:line 98
10:47:14.210,E,204;System.TimeoutException: The operation has timed out.
   at System.IO.Pipes.NamedPipeClientStream.Connect(Int32 timeout)
   at AVN.Autoconsulta.core.PipeClient.MessageSentSuccessfully() in E:\00.- Proyectos\01.- Autopista Vespucio Norte\Servicio Rest\AVN.Autoconsulta.Api\AVN.Autoconsulta.core\AVC.Autoconsulta.core.Utils\PipeClient.cs:line 98

10:55:24.233,I,000;Inicio Método
10:55:24.248,I,000;Server=localhost;Port=5432;Database=Pago;User ID=TpackP;Password=tpackp
10:55:24.249,I,000;Inicio Conexion BD
10:55:24.250,I,000;Ejecución OK
10:55:24.251,I,000;Termino de Consulta a la BD
10:55:28.002,R,000;AVN.Autoconsulta.core.SVC_AVN_1_2.responseConsultaInfoTagDTO
10:55:28.007,Q,204;TP10PP001382041|REG|0|2017-07-06 10:55:28|2017-07-06 10:55:28|Saldo|Consulta Saldo|0|V|Consulta Saldo|11.228.785-K|0|0||||||0|0|||0||D7DF@
10:55:33.157,Q,204;TP10PP001452041|REG|0|2017-07-06 10:55:33|2017-07-06 10:55:33|Certificado|Impresion Cupon Pago|0|V|Impresion Certificado||0|0||||||0|0|||0||D2F8@
10:55:38.001,E,204;System.TimeoutException: The operation has timed out.
   at System.IO.Pipes.NamedPipeClientStream.Connect(Int32 timeout)
   at AVN.Autoconsulta.core.PipeClient.MessageSentSuccessfully() in E:\00.- Proyectos\01.- Autopista Vespucio Norte\Servicio Rest\AVN.Autoconsulta.Api\AVN.Autoconsulta.core\AVC.Autoconsulta.core.Utils\PipeClient.cs:line 98
10:55:43.148,E,204;System.TimeoutException: The operation has timed out.
   at System.IO.Pipes.NamedPipeClientStream.Connect(Int32 timeout)
   at AVN.Autoconsulta.core.PipeClient.MessageSentSuccessfully() in E:\00.- Proyectos\01.- Autopista Vespucio Norte\Servicio Rest\AVN.Autoconsulta.Api\AVN.Autoconsulta.core\AVC.Autoconsulta.core.Utils\PipeClient.cs:line 98

10:57:33.852,I,000;Inicio Método
10:57:33.887,I,000;Server=localhost;Port=5432;Database=Pago;User ID=TpackP;Password=tpackp
10:57:33.890,I,000;Inicio Conexion BD
10:57:33.894,I,000;Ejecución OK
10:57:33.896,I,000;Termino de Consulta a la BD
10:57:37.551,R,000;AVN.Autoconsulta.core.SVC_AVN_1_2.responseConsultaInfoTagDTO
10:57:37.556,Q,204;TP10PP001382041|REG|0|2017-07-06 10:57:37|2017-07-06 10:57:37|Saldo|Consulta Saldo|0|V|Consulta Saldo|11.228.785-K|0|0||||||0|0|||0||D7DB@
10:57:47.546,E,204;System.TimeoutException: The operation has timed out.
   at System.IO.Pipes.NamedPipeClientStream.Connect(Int32 timeout)
   at AVN.Autoconsulta.core.PipeClient.MessageSentSuccessfully() in E:\00.- Proyectos\01.- Autopista Vespucio Norte\Servicio Rest\AVN.Autoconsulta.Api\AVN.Autoconsulta.core\AVC.Autoconsulta.core.Utils\PipeClient.cs:line 98
10:58:12.496,Q,204;TP10PP001452041|REG|0|2017-07-06 10:58:12|2017-07-06 10:58:12|Certificado|Impresion Cupon Pago|0|V|Impresion Certificado||0|0||||||0|0|||0||D2F8@
10:58:22.489,E,204;System.TimeoutException: The operation has timed out.
   at System.IO.Pipes.NamedPipeClientStream.Connect(Int32 timeout)
   at AVN.Autoconsulta.core.PipeClient.MessageSentSuccessfully() in E:\00.- Proyectos\01.- Autopista Vespucio Norte\Servicio Rest\AVN.Autoconsulta.Api\AVN.Autoconsulta.core\AVC.Autoconsulta.core.Utils\PipeClient.cs:line 98
11:09:21.590,I,000;Server=localhost;Port=5432;Database=Pago;User ID=TpackP;Password=tpackp
11:09:21.597,I,000;Inicio Conexion BD

11:09:21.598,I,000;Inicio Método
11:09:21.604,I,000;Ejecución OK
11:09:21.605,I,000;Termino de Consulta a la BD
11:09:23.446,R,000;AVN.Autoconsulta.core.SVC_AVN_1_2.responseConsultaInfoTagDTO
11:09:23.451,Q,204;TP10PP001382041|REG|0|2017-07-06 11:09:23|2017-07-06 11:09:23|Saldo|Consulta Saldo|0|V|Consulta Saldo|11.228.785-K|0|0||||||0|0|||0||D7E9@
11:09:33.467,E,204;System.TimeoutException: The operation has timed out.
   at System.IO.Pipes.NamedPipeClientStream.Connect(Int32 timeout)
   at AVN.Autoconsulta.core.PipeClient.MessageSentSuccessfully() in E:\00.- Proyectos\01.- Autopista Vespucio Norte\Servicio Rest\AVN.Autoconsulta.Api\AVN.Autoconsulta.core\AVC.Autoconsulta.core.Utils\PipeClient.cs:line 98

11:09:58.807,I,000;Inicio Método
11:09:58.820,I,000;Server=localhost;Port=5432;Database=Pago;User ID=TpackP;Password=tpackp
11:09:58.822,I,000;Inicio Conexion BD
11:09:58.825,I,000;Ejecución OK
11:09:58.827,I,000;Termino de Consulta a la BD
11:10:00.729,R,000;AVN.Autoconsulta.core.SVC_AVN_1_2.responseConsultaInfoTagDTO
11:10:00.729,Q,204;TP10PP001382041|REG|0|2017-07-06 11:10:00|2017-07-06 11:10:00|Saldo|Consulta Saldo|0|V|Consulta Saldo|11.228.785-K|0|0||||||0|0|||0||D803@
11:10:10.733,E,204;System.TimeoutException: The operation has timed out.
   at System.IO.Pipes.NamedPipeClientStream.Connect(Int32 timeout)
   at AVN.Autoconsulta.core.PipeClient.MessageSentSuccessfully() in E:\00.- Proyectos\01.- Autopista Vespucio Norte\Servicio Rest\AVN.Autoconsulta.Api\AVN.Autoconsulta.core\AVC.Autoconsulta.core.Utils\PipeClient.cs:line 98
11:10:57.887,I,000;Server=localhost;Port=5432;Database=Pago;User ID=TpackP;Password=tpackp
11:10:57.888,I,000;Inicio Conexion BD
11:10:57.890,I,000;Ejecución OK
11:10:57.891,I,000;Termino de Consulta a la BD

11:11:14.122,I,000;Inicio Método
11:11:14.123,I,000;Server=localhost;Port=5432;Database=Pago;User ID=TpackP;Password=tpackp
11:11:14.124,I,000;Inicio Conexion BD
11:11:14.126,I,000;Ejecución OK
11:11:14.127,I,000;Termino de Consulta a la BD
11:11:17.698,R,000;AVN.Autoconsulta.core.SVC_AVN_1_2.responseConsultaInfoTagDTO
11:11:17.703,Q,204;TP10PP001382041|REG|0|2017-07-06 11:11:17|2017-07-06 11:11:17|Saldo|Consulta Saldo|0|V|Consulta Saldo|11.228.785-K|0|0||||||0|0|||0||D7F1@
11:11:21.516,Q,204;TP10PP001452041|REG|0|2017-07-06 11:11:21|2017-07-06 11:11:21|Certificado|Impresion Cupon Pago|0|V|Impresion Certificado||0|0||||||0|0|||0||D30C@
11:11:27.705,E,204;System.TimeoutException: The operation has timed out.
   at System.IO.Pipes.NamedPipeClientStream.Connect(Int32 timeout)
   at AVN.Autoconsulta.core.PipeClient.MessageSentSuccessfully() in E:\00.- Proyectos\01.- Autopista Vespucio Norte\Servicio Rest\AVN.Autoconsulta.Api\AVN.Autoconsulta.core\AVC.Autoconsulta.core.Utils\PipeClient.cs:line 98
11:11:31.510,E,204;System.TimeoutException: The operation has timed out.
   at System.IO.Pipes.NamedPipeClientStream.Connect(Int32 timeout)
   at AVN.Autoconsulta.core.PipeClient.MessageSentSuccessfully() in E:\00.- Proyectos\01.- Autopista Vespucio Norte\Servicio Rest\AVN.Autoconsulta.Api\AVN.Autoconsulta.core\AVC.Autoconsulta.core.Utils\PipeClient.cs:line 98

11:17:03.160,I,000;Inicio Método
11:17:03.171,I,000;Server=localhost;Port=5432;Database=Pago;User ID=TpackP;Password=tpackp
11:17:03.175,I,000;Inicio Conexion BD
11:17:03.178,I,000;Ejecución OK
11:17:03.179,I,000;Termino de Consulta a la BD
11:17:06.790,R,000;AVN.Autoconsulta.core.SVC_AVN_1_2.responseConsultaInfoTagDTO
11:17:06.795,Q,204;TP10PP001382041|REG|0|2017-07-06 11:17:06|2017-07-06 11:17:06|Saldo|Consulta Saldo|0|V|Consulta Saldo|11.228.785-K|0|0||||||0|0|||0||D7E9@
11:17:16.787,E,204;System.TimeoutException: The operation has timed out.
   at System.IO.Pipes.NamedPipeClientStream.Connect(Int32 timeout)
   at AVN.Autoconsulta.core.PipeClient.MessageSentSuccessfully() in E:\00.- Proyectos\01.- Autopista Vespucio Norte\Servicio Rest\AVN.Autoconsulta.Api\AVN.Autoconsulta.core\AVC.Autoconsulta.core.Utils\PipeClient.cs:line 98
11:17:40.417,Q,204;TP10PP001452041|REG|0|2017-07-06 11:17:40|2017-07-06 11:17:40|Certificado|Impresion Cupon Pago|0|V|Impresion Certificado||0|0||||||0|0|||0||D2FE@
11:17:50.423,E,204;System.TimeoutException: The operation has timed out.
   at System.IO.Pipes.NamedPipeClientStream.Connect(Int32 timeout)
   at AVN.Autoconsulta.core.PipeClient.MessageSentSuccessfully() in E:\00.- Proyectos\01.- Autopista Vespucio Norte\Servicio Rest\AVN.Autoconsulta.Api\AVN.Autoconsulta.core\AVC.Autoconsulta.core.Utils\PipeClient.cs:line 98

11:18:04.525,I,000;Inicio Método
11:18:04.530,I,000;Server=localhost;Port=5432;Database=Pago;User ID=TpackP;Password=tpackp
11:18:04.532,I,000;Inicio Conexion BD
11:18:04.533,I,000;Ejecución OK
11:18:04.534,I,000;Termino de Consulta a la BD
11:18:05.891,R,000;AVN.Autoconsulta.core.SVC_AVN_1_2.responseConsultaInfoTagDTO
11:18:05.896,Q,204;TP10PP001382041|REG|0|2017-07-06 11:18:05|2017-07-06 11:18:05|Saldo|Consulta Saldo|0|V|Consulta Saldo|15.958.339-2|0|0||||||0|0|||0||D7F9@
11:18:15.899,E,204;System.TimeoutException: The operation has timed out.
   at System.IO.Pipes.NamedPipeClientStream.Connect(Int32 timeout)
   at AVN.Autoconsulta.core.PipeClient.MessageSentSuccessfully() in E:\00.- Proyectos\01.- Autopista Vespucio Norte\Servicio Rest\AVN.Autoconsulta.Api\AVN.Autoconsulta.core\AVC.Autoconsulta.core.Utils\PipeClient.cs:line 98
11:45:06.919,Q,204;TP10PP001862041|REG|0|2017-07-06 11:45:06|2017-07-06 11:45:06|Transitos No Facturados|Consulta Transitos No Facturados|0|V|Consulta Transitos No Facturados|CPHH16|0|0||||||0|0|||0||C439@
11:45:07.396,Q,204;TP10PP001862041|REG|0|2017-07-06 11:45:07|2017-07-06 11:45:07|Transitos No Facturados|Consulta Transitos No Facturados|0|V|Consulta Transitos No Facturados|CPHH16|0|0||||||0|0|||0||C437@
11:45:07.457,Q,204;TP10PP001772041|REG|0|2017-07-06 11:45:07|2017-07-06 11:45:07|Transitos Facturados|Consulta Transitos Facturados|0|V|Consulta Transitos Facturados|CPHH16|0|0||||||0|0|||0||C6CE@
11:45:16.659,Q,204;TP10PP001862041|REG|0|2017-07-06 11:45:16|2017-07-06 11:45:16|Transitos No Facturados|Consulta Transitos No Facturados|0|V|Consulta Transitos No Facturados|CPHH16|0|0||||||0|0|||0||C437@
11:45:16.929,E,204;System.TimeoutException: The operation has timed out.
   at System.IO.Pipes.NamedPipeClientStream.Connect(Int32 timeout)
   at AVN.Autoconsulta.core.PipeClient.MessageSentSuccessfully() in E:\00.- Proyectos\01.- Autopista Vespucio Norte\Servicio Rest\AVN.Autoconsulta.Api\AVN.Autoconsulta.core\AVC.Autoconsulta.core.Utils\PipeClient.cs:line 98
11:45:17.387,E,204;System.TimeoutException: The operation has timed out.
   at System.IO.Pipes.NamedPipeClientStream.Connect(Int32 timeout)
   at AVN.Autoconsulta.core.PipeClient.MessageSentSuccessfully() in E:\00.- Proyectos\01.- Autopista Vespucio Norte\Servicio Rest\AVN.Autoconsulta.Api\AVN.Autoconsulta.core\AVC.Autoconsulta.core.Utils\PipeClient.cs:line 98
11:45:17.447,E,204;System.TimeoutException: The operation has timed out.
   at System.IO.Pipes.NamedPipeClientStream.Connect(Int32 timeout)
   at AVN.Autoconsulta.core.PipeClient.MessageSentSuccessfully() in E:\00.- Proyectos\01.- Autopista Vespucio Norte\Servicio Rest\AVN.Autoconsulta.Api\AVN.Autoconsulta.core\AVC.Autoconsulta.core.Utils\PipeClient.cs:line 98
11:45:17.852,Q,204;TP10PP001792041|REG|0|2017-07-06 11:45:17|2017-07-06 11:45:17|Transitos Facturados|Impresion Transitos Facturados|0|V|Impresion Transitos Facturados|CPHH16|0|0||||||0|0|||0||C5F0@
11:45:26.670,E,204;System.TimeoutException: The operation has timed out.
   at System.IO.Pipes.NamedPipeClientStream.Connect(Int32 timeout)
   at AVN.Autoconsulta.core.PipeClient.MessageSentSuccessfully() in E:\00.- Proyectos\01.- Autopista Vespucio Norte\Servicio Rest\AVN.Autoconsulta.Api\AVN.Autoconsulta.core\AVC.Autoconsulta.core.Utils\PipeClient.cs:line 98
11:45:27.870,E,204;System.TimeoutException: The operation has timed out.
   at System.IO.Pipes.NamedPipeClientStream.Connect(Int32 timeout)
   at AVN.Autoconsulta.core.PipeClient.MessageSentSuccessfully() in E:\00.- Proyectos\01.- Autopista Vespucio Norte\Servicio Rest\AVN.Autoconsulta.Api\AVN.Autoconsulta.core\AVC.Autoconsulta.core.Utils\PipeClient.cs:line 98

11:50:10.740,I,000;Inicio Método
11:50:10.741,I,000;Server=localhost;Port=5432;Database=Pago;User ID=TpackP;Password=tpackp
11:50:10.743,I,000;Inicio Conexion BD
11:50:10.748,I,000;Ejecución OK
11:50:10.749,I,000;Termino de Consulta a la BD
11:50:11.477,R,000;AVN.Autoconsulta.core.SVC_AVN_1_2.responseConsultaInfoTagDTO
11:50:11.482,Q,204;TP10PP001372041|REG|0|2017-07-06 11:50:11|2017-07-06 11:50:11|Saldo|Consulta Saldo|0|V|Consulta Saldo|104.466.990|0|0||||||0|0|||0||D83B@
11:50:21.494,E,204;System.TimeoutException: The operation has timed out.
   at System.IO.Pipes.NamedPipeClientStream.Connect(Int32 timeout)
   at AVN.Autoconsulta.core.PipeClient.MessageSentSuccessfully() in E:\00.- Proyectos\01.- Autopista Vespucio Norte\Servicio Rest\AVN.Autoconsulta.Api\AVN.Autoconsulta.core\AVC.Autoconsulta.core.Utils\PipeClient.cs:line 98
11:50:30.202,Q,204;TP10PP001452041|REG|0|2017-07-06 11:50:30|2017-07-06 11:50:30|Certificado|Impresion Cupon Pago|0|V|Impresion Certificado||0|0||||||0|0|||0||D306@
11:50:40.201,E,204;System.TimeoutException: The operation has timed out.
   at System.IO.Pipes.NamedPipeClientStream.Connect(Int32 timeout)
   at AVN.Autoconsulta.core.PipeClient.MessageSentSuccessfully() in E:\00.- Proyectos\01.- Autopista Vespucio Norte\Servicio Rest\AVN.Autoconsulta.Api\AVN.Autoconsulta.core\AVC.Autoconsulta.core.Utils\PipeClient.cs:line 98

11:53:39.477,I,000;Inicio Método
11:53:39.479,I,000;Server=localhost;Port=5432;Database=Pago;User ID=TpackP;Password=tpackp
11:53:39.481,I,000;Inicio Conexion BD
11:53:39.483,I,000;Ejecución OK
11:53:39.485,I,000;Termino de Consulta a la BD
11:53:42.694,R,000;AVN.Autoconsulta.core.SVC_AVN_1_2.responseConsultaInfoTagDTO
11:53:42.694,Q,204;TP10PP001382041|REG|0|2017-07-06 11:53:42|2017-07-06 11:53:42|Saldo|Consulta Saldo|0|V|Consulta Saldo|16.149.902-1|0|0||||||0|0|||0||D805@
11:53:52.703,E,204;System.TimeoutException: The operation has timed out.
   at System.IO.Pipes.NamedPipeClientStream.Connect(Int32 timeout)
   at AVN.Autoconsulta.core.PipeClient.MessageSentSuccessfully() in E:\00.- Proyectos\01.- Autopista Vespucio Norte\Servicio Rest\AVN.Autoconsulta.Api\AVN.Autoconsulta.core\AVC.Autoconsulta.core.Utils\PipeClient.cs:line 98
11:54:16.347,I,000;Server=localhost;Port=5432;Database=Pago;User ID=TpackP;Password=tpackp
11:54:16.348,I,000;Inicio Conexion BD
11:54:16.351,I,000;Ejecución OK
11:54:16.352,I,000;Termino de Consulta a la BD

11:54:16.357,I,000;Inicio Método
11:54:22.768,R,000;AVN.Autoconsulta.core.SVC_AVN_1_2.responseConsultaInfoTagDTO
11:54:22.778,Q,204;TP10PP001382041|REG|0|2017-07-06 11:54:22|2017-07-06 11:54:22|Saldo|Consulta Saldo|0|V|Consulta Saldo|18.021.201-9|0|0||||||0|0|||0||D810@
11:54:29.098,Q,204;TP10PP001452041|REG|0|2017-07-06 11:54:29|2017-07-06 11:54:29|Certificado|Impresion Cupon Pago|0|V|Impresion Certificado||0|0||||||0|0|||0||D2EE@
11:54:32.764,E,204;System.TimeoutException: The operation has timed out.
   at System.IO.Pipes.NamedPipeClientStream.Connect(Int32 timeout)
   at AVN.Autoconsulta.core.PipeClient.MessageSentSuccessfully() in E:\00.- Proyectos\01.- Autopista Vespucio Norte\Servicio Rest\AVN.Autoconsulta.Api\AVN.Autoconsulta.core\AVC.Autoconsulta.core.Utils\PipeClient.cs:line 98
11:54:39.101,E,204;System.TimeoutException: The operation has timed out.
   at System.IO.Pipes.NamedPipeClientStream.Connect(Int32 timeout)
   at AVN.Autoconsulta.core.PipeClient.MessageSentSuccessfully() in E:\00.- Proyectos\01.- Autopista Vespucio Norte\Servicio Rest\AVN.Autoconsulta.Api\AVN.Autoconsulta.core\AVC.Autoconsulta.core.Utils\PipeClient.cs:line 98

12:17:29.148,I,000;Inicio Método
12:17:29.152,I,000;Server=localhost;Port=5432;Database=Pago;User ID=TpackP;Password=tpackp
12:17:29.187,I,000;Inicio Conexion BD
12:17:29.275,I,000;Ejecución OK
12:17:29.275,I,000;Termino de Consulta a la BD
12:17:32.717,R,000;AVN.Autoconsulta.core.SVC_AVN_1_2.responseConsultaInfoTagDTO
12:17:32.732,Q,204;TP10PP001382041|REG|0|2017-07-06 12:17:32|2017-07-06 12:17:32|Saldo|Consulta Saldo|0|V|Consulta Saldo|18.021.201-9|0|0||||||0|0|||0||D80E@

12:17:42.330,I,000;Inicio Método
12:17:42.331,I,000;Server=localhost;Port=5432;Database=Pago;User ID=TpackP;Password=tpackp
12:17:42.333,I,000;Inicio Conexion BD
12:17:42.335,I,000;Ejecución OK
12:17:42.336,I,000;Termino de Consulta a la BD
12:17:42.733,E,204;System.TimeoutException: The operation has timed out.
   at System.IO.Pipes.NamedPipeClientStream.Connect(Int32 timeout)
   at AVN.Autoconsulta.core.PipeClient.MessageSentSuccessfully() in E:\00.- Proyectos\01.- Autopista Vespucio Norte\Servicio Rest\AVN.Autoconsulta.Api\AVN.Autoconsulta.core\AVC.Autoconsulta.core.Utils\PipeClient.cs:line 98
12:17:48.743,R,000;AVN.Autoconsulta.core.SVC_AVN_1_2.responseConsultaInfoTagDTO
12:17:48.748,Q,204;TP10PP001382041|REG|0|2017-07-06 12:17:48|2017-07-06 12:17:48|Saldo|Consulta Saldo|0|V|Consulta Saldo|18.021.201-9|0|0||||||0|0|||0||D800@
12:17:58.739,E,204;System.TimeoutException: The operation has timed out.
   at System.IO.Pipes.NamedPipeClientStream.Connect(Int32 timeout)
   at AVN.Autoconsulta.core.PipeClient.MessageSentSuccessfully() in E:\00.- Proyectos\01.- Autopista Vespucio Norte\Servicio Rest\AVN.Autoconsulta.Api\AVN.Autoconsulta.core\AVC.Autoconsulta.core.Utils\PipeClient.cs:line 98

12:21:34.343,I,000;Inicio Método
12:21:34.375,I,000;Server=localhost;Port=5432;Database=Pago;User ID=TpackP;Password=tpackp
12:21:34.376,I,000;Inicio Conexion BD
12:21:34.379,I,000;Ejecución OK
12:21:34.380,I,000;Termino de Consulta a la BD
12:21:40.828,R,000;AVN.Autoconsulta.core.SVC_AVN_1_2.responseConsultaInfoTagDTO
12:21:40.828,Q,204;TP10PP001382041|REG|0|2017-07-06 12:21:40|2017-07-06 12:21:40|Saldo|Consulta Saldo|0|V|Consulta Saldo|18.021.201-9|0|0||||||0|0|||0||D81A@
12:21:46.934,I,000;Server=localhost;Port=5432;Database=Pago;User ID=TpackP;Password=tpackp

12:21:46.936,I,000;Inicio Método
12:21:46.939,I,000;Inicio Conexion BD
12:21:46.941,I,000;Ejecución OK
12:21:46.942,I,000;Termino de Consulta a la BD
12:21:50.837,E,204;System.TimeoutException: The operation has timed out.
   at System.IO.Pipes.NamedPipeClientStream.Connect(Int32 timeout)
   at AVN.Autoconsulta.core.PipeClient.MessageSentSuccessfully() in E:\00.- Proyectos\01.- Autopista Vespucio Norte\Servicio Rest\AVN.Autoconsulta.Api\AVN.Autoconsulta.core\AVC.Autoconsulta.core.Utils\PipeClient.cs:line 98
12:21:53.497,R,000;AVN.Autoconsulta.core.SVC_AVN_1_2.responseConsultaInfoTagDTO
12:21:53.502,Q,204;TP10PP001382041|REG|0|2017-07-06 12:21:53|2017-07-06 12:21:53|Saldo|Consulta Saldo|0|V|Consulta Saldo|18.021.201-9|0|0||||||0|0|||0||D812@
12:22:03.506,E,204;System.TimeoutException: The operation has timed out.
   at System.IO.Pipes.NamedPipeClientStream.Connect(Int32 timeout)
   at AVN.Autoconsulta.core.PipeClient.MessageSentSuccessfully() in E:\00.- Proyectos\01.- Autopista Vespucio Norte\Servicio Rest\AVN.Autoconsulta.Api\AVN.Autoconsulta.core\AVC.Autoconsulta.core.Utils\PipeClient.cs:line 98

12:22:33.190,I,000;Inicio Método
12:22:33.201,I,000;Server=localhost;Port=5432;Database=Pago;User ID=TpackP;Password=tpackp
12:22:33.202,I,000;Inicio Conexion BD
12:22:33.204,I,000;Ejecución OK
12:22:33.205,I,000;Termino de Consulta a la BD
12:22:39.738,R,000;AVN.Autoconsulta.core.SVC_AVN_1_2.responseConsultaInfoTagDTO
12:22:39.738,Q,204;TP10PP001382041|REG|0|2017-07-06 12:22:39|2017-07-06 12:22:39|Saldo|Consulta Saldo|0|V|Consulta Saldo|18.021.201-9|0|0||||||0|0|||0||D808@
12:22:49.743,E,204;System.TimeoutException: The operation has timed out.
   at System.IO.Pipes.NamedPipeClientStream.Connect(Int32 timeout)
   at AVN.Autoconsulta.core.PipeClient.MessageSentSuccessfully() in E:\00.- Proyectos\01.- Autopista Vespucio Norte\Servicio Rest\AVN.Autoconsulta.Api\AVN.Autoconsulta.core\AVC.Autoconsulta.core.Utils\PipeClient.cs:line 98

12:27:50.531,I,000;Inicio Método
12:27:50.534,I,000;Server=localhost;Port=5432;Database=Pago;User ID=TpackP;Password=tpackp
12:27:50.537,I,000;Inicio Conexion BD
12:27:50.540,I,000;Ejecución OK
12:27:50.541,I,000;Termino de Consulta a la BD
12:27:57.134,R,000;AVN.Autoconsulta.core.SVC_AVN_1_2.responseConsultaInfoTagDTO
12:27:57.139,Q,204;TP10PP001382041|REG|0|2017-07-06 12:27:57|2017-07-06 12:27:57|Saldo|Consulta Saldo|0|V|Consulta Saldo|18.021.201-9|0|0||||||0|0|||0||D7FE@
12:28:07.130,E,204;System.TimeoutException: The operation has timed out.
   at System.IO.Pipes.NamedPipeClientStream.Connect(Int32 timeout)
   at AVN.Autoconsulta.core.PipeClient.MessageSentSuccessfully() in E:\00.- Proyectos\01.- Autopista Vespucio Norte\Servicio Rest\AVN.Autoconsulta.Api\AVN.Autoconsulta.core\AVC.Autoconsulta.core.Utils\PipeClient.cs:line 98

12:28:26.377,I,000;Inicio Método
12:28:26.379,I,000;Server=localhost;Port=5432;Database=Pago;User ID=TpackP;Password=tpackp
12:28:26.380,I,000;Inicio Conexion BD
12:28:26.382,I,000;Ejecución OK
12:28:26.383,I,000;Termino de Consulta a la BD
12:28:32.884,R,000;AVN.Autoconsulta.core.SVC_AVN_1_2.responseConsultaInfoTagDTO
12:28:32.885,Q,204;TP10PP001382041|REG|0|2017-07-06 12:28:32|2017-07-06 12:28:32|Saldo|Consulta Saldo|0|V|Consulta Saldo|18.021.201-9|0|0||||||0|0|||0||D80A@
12:28:42.900,E,204;System.TimeoutException: The operation has timed out.
   at System.IO.Pipes.NamedPipeClientStream.Connect(Int32 timeout)
   at AVN.Autoconsulta.core.PipeClient.MessageSentSuccessfully() in E:\00.- Proyectos\01.- Autopista Vespucio Norte\Servicio Rest\AVN.Autoconsulta.Api\AVN.Autoconsulta.core\AVC.Autoconsulta.core.Utils\PipeClient.cs:line 98

12:31:27.828,I,000;Inicio Método
12:31:27.829,I,000;Server=localhost;Port=5432;Database=Pago;User ID=TpackP;Password=tpackp
12:31:27.831,I,000;Inicio Conexion BD
12:31:27.833,I,000;Ejecución OK
12:31:27.834,I,000;Termino de Consulta a la BD
12:31:31.142,R,000;AVN.Autoconsulta.core.SVC_AVN_1_2.responseConsultaInfoTagDTO
12:31:31.147,Q,204;TP10PP001382041|REG|0|2017-07-06 12:31:31|2017-07-06 12:31:31|Saldo|Consulta Saldo|0|V|Consulta Saldo|18.021.201-9|0|0||||||0|0|||0||D818@
12:31:41.145,E,204;System.TimeoutException: The operation has timed out.
   at System.IO.Pipes.NamedPipeClientStream.Connect(Int32 timeout)
   at AVN.Autoconsulta.core.PipeClient.MessageSentSuccessfully() in E:\00.- Proyectos\01.- Autopista Vespucio Norte\Servicio Rest\AVN.Autoconsulta.Api\AVN.Autoconsulta.core\AVC.Autoconsulta.core.Utils\PipeClient.cs:line 98

13:28:48.239,I,000;Inicio Método
13:28:48.240,I,000;Server=localhost;Port=5432;Database=Pago;User ID=TpackP;Password=tpackp
13:28:48.242,I,000;Inicio Conexion BD
13:28:48.245,I,000;Ejecución OK
13:28:48.246,I,000;Termino de Consulta a la BD
13:29:01.185,R,000;AVN.Autoconsulta.core.SVC_AVN_1_2.responseConsultaInfoTagDTO
13:29:01.210,Q,204;TP10PP001382041|REG|0|2017-07-06 13:29:01|2017-07-06 13:29:01|Saldo|Consulta Saldo|0|V|Consulta Saldo|17.122.588-4|0|0||||||0|0|||0||D800@
13:29:11.220,E,204;System.TimeoutException: The operation has timed out.
   at System.IO.Pipes.NamedPipeClientStream.Connect(Int32 timeout)
   at AVN.Autoconsulta.core.PipeClient.MessageSentSuccessfully() in E:\00.- Proyectos\01.- Autopista Vespucio Norte\Servicio Rest\AVN.Autoconsulta.Api\AVN.Autoconsulta.core\AVC.Autoconsulta.core.Utils\PipeClient.cs:line 98

13:29:42.095,I,000;Inicio Método
13:29:42.099,I,000;Server=localhost;Port=5432;Database=Pago;User ID=TpackP;Password=tpackp
13:29:42.100,I,000;Inicio Conexion BD
13:29:42.102,I,000;Ejecución OK
13:29:42.103,I,000;Termino de Consulta a la BD
13:29:55.005,R,000;AVN.Autoconsulta.core.SVC_AVN_1_2.responseConsultaInfoTagDTO
13:29:55.007,Q,204;TP10PP001382041|REG|0|2017-07-06 13:29:55|2017-07-06 13:29:55|Saldo|Consulta Saldo|0|V|Consulta Saldo|17.122.588-4|0|0||||||0|0|||0||D7EE@
13:30:05.009,E,204;System.TimeoutException: The operation has timed out.
   at System.IO.Pipes.NamedPipeClientStream.Connect(Int32 timeout)
   at AVN.Autoconsulta.core.PipeClient.MessageSentSuccessfully() in E:\00.- Proyectos\01.- Autopista Vespucio Norte\Servicio Rest\AVN.Autoconsulta.Api\AVN.Autoconsulta.core\AVC.Autoconsulta.core.Utils\PipeClient.cs:line 98
13:49:18.380,Q,204;TP10PP001862041|REG|0|2017-07-06 13:49:18|2017-07-06 13:49:18|Transitos No Facturados|Consulta Transitos No Facturados|0|V|Consulta Transitos No Facturados|CPHH16|0|0||||||0|0|||0||C427@
13:49:18.760,Q,204;TP10PP001862041|REG|0|2017-07-06 13:49:18|2017-07-06 13:49:18|Transitos No Facturados|Consulta Transitos No Facturados|0|V|Consulta Transitos No Facturados|CPHH16|0|0||||||0|0|||0||C427@
13:49:18.806,Q,204;TP10PP001772041|REG|0|2017-07-06 13:49:18|2017-07-06 13:49:18|Transitos Facturados|Consulta Transitos Facturados|0|V|Consulta Transitos Facturados|CPHH16|0|0||||||0|0|||0||C6BE@
13:49:28.369,E,204;System.TimeoutException: The operation has timed out.
   at System.IO.Pipes.NamedPipeClientStream.Connect(Int32 timeout)
   at AVN.Autoconsulta.core.PipeClient.MessageSentSuccessfully() in E:\00.- Proyectos\01.- Autopista Vespucio Norte\Servicio Rest\AVN.Autoconsulta.Api\AVN.Autoconsulta.core\AVC.Autoconsulta.core.Utils\PipeClient.cs:line 98
13:49:28.759,E,204;System.TimeoutException: The operation has timed out.
   at System.IO.Pipes.NamedPipeClientStream.Connect(Int32 timeout)
   at AVN.Autoconsulta.core.PipeClient.MessageSentSuccessfully() in E:\00.- Proyectos\01.- Autopista Vespucio Norte\Servicio Rest\AVN.Autoconsulta.Api\AVN.Autoconsulta.core\AVC.Autoconsulta.core.Utils\PipeClient.cs:line 98
13:49:28.804,E,204;System.TimeoutException: The operation has timed out.
   at System.IO.Pipes.NamedPipeClientStream.Connect(Int32 timeout)
   at AVN.Autoconsulta.core.PipeClient.MessageSentSuccessfully() in E:\00.- Proyectos\01.- Autopista Vespucio Norte\Servicio Rest\AVN.Autoconsulta.Api\AVN.Autoconsulta.core\AVC.Autoconsulta.core.Utils\PipeClient.cs:line 98
13:55:16.226,Q,204;TP10PP001862041|REG|0|2017-07-06 13:55:16|2017-07-06 13:55:16|Transitos No Facturados|Consulta Transitos No Facturados|0|V|Consulta Transitos No Facturados|CPHH16|0|0||||||0|0|||0||C431@
13:55:16.627,Q,204;TP10PP001792041|REG|0|2017-07-06 13:55:16|2017-07-06 13:55:16|Transitos Facturados|Impresion Transitos Facturados|0|V|Impresion Transitos Facturados|CPHH16|0|0||||||0|0|||0||C5EC@
13:55:26.220,E,204;System.TimeoutException: The operation has timed out.
   at System.IO.Pipes.NamedPipeClientStream.Connect(Int32 timeout)
   at AVN.Autoconsulta.core.PipeClient.MessageSentSuccessfully() in E:\00.- Proyectos\01.- Autopista Vespucio Norte\Servicio Rest\AVN.Autoconsulta.Api\AVN.Autoconsulta.core\AVC.Autoconsulta.core.Utils\PipeClient.cs:line 98
13:55:26.640,E,204;System.TimeoutException: The operation has timed out.
   at System.IO.Pipes.NamedPipeClientStream.Connect(Int32 timeout)
   at AVN.Autoconsulta.core.PipeClient.MessageSentSuccessfully() in E:\00.- Proyectos\01.- Autopista Vespucio Norte\Servicio Rest\AVN.Autoconsulta.Api\AVN.Autoconsulta.core\AVC.Autoconsulta.core.Utils\PipeClient.cs:line 98
13:56:12.382,Q,204;TP10PP001862041|REG|0|2017-07-06 13:56:12|2017-07-06 13:56:12|Transitos No Facturados|Consulta Transitos No Facturados|0|V|Consulta Transitos No Facturados|CPHH16|0|0||||||0|0|||0||C437@
13:56:12.706,Q,204;TP10PP001792041|REG|0|2017-07-06 13:56:12|2017-07-06 13:56:12|Transitos Facturados|Impresion Transitos Facturados|0|V|Impresion Transitos Facturados|CPHH16|0|0||||||0|0|||0||C5F2@
13:56:22.378,E,204;System.TimeoutException: The operation has timed out.
   at System.IO.Pipes.NamedPipeClientStream.Connect(Int32 timeout)
   at AVN.Autoconsulta.core.PipeClient.MessageSentSuccessfully() in E:\00.- Proyectos\01.- Autopista Vespucio Norte\Servicio Rest\AVN.Autoconsulta.Api\AVN.Autoconsulta.core\AVC.Autoconsulta.core.Utils\PipeClient.cs:line 98
13:56:22.708,E,204;System.TimeoutException: The operation has timed out.
   at System.IO.Pipes.NamedPipeClientStream.Connect(Int32 timeout)
   at AVN.Autoconsulta.core.PipeClient.MessageSentSuccessfully() in E:\00.- Proyectos\01.- Autopista Vespucio Norte\Servicio Rest\AVN.Autoconsulta.Api\AVN.Autoconsulta.core\AVC.Autoconsulta.core.Utils\PipeClient.cs:line 98
15:17:22.642,Q,204;TP10PP001432041|REG|0|2017-07-06 15:17:22|2017-07-06 15:17:22|Boleta|Consulta Boletas|0|V|Consulta Boletas|17.122.588-4|0|0||||||0|0|||0||D5EE@
15:17:32.694,E,204;System.TimeoutException: The operation has timed out.
   at System.IO.Pipes.NamedPipeClientStream.Connect(Int32 timeout)
   at AVN.Autoconsulta.core.PipeClient.MessageSentSuccessfully() in E:\00.- Proyectos\01.- Autopista Vespucio Norte\Servicio Rest\AVN.Autoconsulta.Api\AVN.Autoconsulta.core\AVC.Autoconsulta.core.Utils\PipeClient.cs:line 98
15:17:52.509,Q,204;TP10PP001432041|REG|0|2017-07-06 15:17:52|2017-07-06 15:17:52|Boleta|Consulta Boletas|0|V|Consulta Boletas|17.122.588-4|0|0||||||0|0|||0||D5E8@
15:17:53.039,Q,204;TP10PP001612041|REG|0|2017-07-06 15:17:53|2017-07-06 15:17:53|Certificado|Impresion Boleta Detalle|0|V|Impresion Certificado|17.122.588-4|0|0||||||0|0|||0||CF0B@
15:18:02.495,E,204;System.TimeoutException: The operation has timed out.
   at System.IO.Pipes.NamedPipeClientStream.Connect(Int32 timeout)
   at AVN.Autoconsulta.core.PipeClient.MessageSentSuccessfully() in E:\00.- Proyectos\01.- Autopista Vespucio Norte\Servicio Rest\AVN.Autoconsulta.Api\AVN.Autoconsulta.core\AVC.Autoconsulta.core.Utils\PipeClient.cs:line 98
15:18:03.042,E,204;System.TimeoutException: The operation has timed out.
   at System.IO.Pipes.NamedPipeClientStream.Connect(Int32 timeout)
   at AVN.Autoconsulta.core.PipeClient.MessageSentSuccessfully() in E:\00.- Proyectos\01.- Autopista Vespucio Norte\Servicio Rest\AVN.Autoconsulta.Api\AVN.Autoconsulta.core\AVC.Autoconsulta.core.Utils\PipeClient.cs:line 98
15:20:14.011,Q,204;TP10PP001432041|REG|0|2017-07-06 15:20:14|2017-07-06 15:20:14|Boleta|Consulta Boletas|0|V|Consulta Boletas|17.122.588-4|0|0||||||0|0|||0||D5F8@
15:20:24.018,E,204;System.TimeoutException: The operation has timed out.
   at System.IO.Pipes.NamedPipeClientStream.Connect(Int32 timeout)
   at AVN.Autoconsulta.core.PipeClient.MessageSentSuccessfully() in E:\00.- Proyectos\01.- Autopista Vespucio Norte\Servicio Rest\AVN.Autoconsulta.Api\AVN.Autoconsulta.core\AVC.Autoconsulta.core.Utils\PipeClient.cs:line 98
15:22:08.993,Q,204;TP10PP001432041|REG|0|2017-07-06 15:22:08|2017-07-06 15:22:08|Boleta|Consulta Boletas|0|V|Consulta Boletas|17.122.588-4|0|0||||||0|0|||0||D5EE@
15:22:18.991,E,204;System.TimeoutException: The operation has timed out.
   at System.IO.Pipes.NamedPipeClientStream.Connect(Int32 timeout)
   at AVN.Autoconsulta.core.PipeClient.MessageSentSuccessfully() in E:\00.- Proyectos\01.- Autopista Vespucio Norte\Servicio Rest\AVN.Autoconsulta.Api\AVN.Autoconsulta.core\AVC.Autoconsulta.core.Utils\PipeClient.cs:line 98
15:26:31.375,Q,204;TP10PP001422041|REG|0|2017-07-06 15:26:31|2017-07-06 15:26:31|Boleta|Consulta Boletas|0|V|Consulta Boletas|104.466.990|0|0||||||0|0|||0||D61B@
15:26:41.372,E,204;System.TimeoutException: The operation has timed out.
   at System.IO.Pipes.NamedPipeClientStream.Connect(Int32 timeout)
   at AVN.Autoconsulta.core.PipeClient.MessageSentSuccessfully() in E:\00.- Proyectos\01.- Autopista Vespucio Norte\Servicio Rest\AVN.Autoconsulta.Api\AVN.Autoconsulta.core\AVC.Autoconsulta.core.Utils\PipeClient.cs:line 98
15:31:54.834,Q,204;TP10PP001422041|REG|0|2017-07-06 15:31:54|2017-07-06 15:31:54|Boleta|Consulta Boletas|0|V|Consulta Boletas|104.466.990|0|0||||||0|0|||0||D619@
15:31:55.829,Q,204;TP10PP001572041|REG|0|2017-07-06 15:31:55|2017-07-06 15:31:55|Certificado|Impresion Certificado|0|V|Impresion Certificado|104.466.990|0|0||||||0|0|||0||D00B@
15:32:04.837,E,204;System.TimeoutException: The operation has timed out.
   at System.IO.Pipes.NamedPipeClientStream.Connect(Int32 timeout)
   at AVN.Autoconsulta.core.PipeClient.MessageSentSuccessfully() in E:\00.- Proyectos\01.- Autopista Vespucio Norte\Servicio Rest\AVN.Autoconsulta.Api\AVN.Autoconsulta.core\AVC.Autoconsulta.core.Utils\PipeClient.cs:line 98
15:32:05.822,E,204;System.TimeoutException: The operation has timed out.
   at System.IO.Pipes.NamedPipeClientStream.Connect(Int32 timeout)
   at AVN.Autoconsulta.core.PipeClient.MessageSentSuccessfully() in E:\00.- Proyectos\01.- Autopista Vespucio Norte\Servicio Rest\AVN.Autoconsulta.Api\AVN.Autoconsulta.core\AVC.Autoconsulta.core.Utils\PipeClient.cs:line 98
15:32:14.528,Q,204;TP10PP001422041|REG|0|2017-07-06 15:32:14|2017-07-06 15:32:14|Boleta|Consulta Boletas|0|V|Consulta Boletas|104.466.990|0|0||||||0|0|||0||D61F@
15:32:14.825,Q,204;TP10PP001602041|REG|0|2017-07-06 15:32:14|2017-07-06 15:32:14|Certificado|Impresion Boleta Detalle|0|V|Impresion Certificado|104.466.990|0|0||||||0|0|||0||CF44@
15:32:24.544,E,204;System.TimeoutException: The operation has timed out.
   at System.IO.Pipes.NamedPipeClientStream.Connect(Int32 timeout)
   at AVN.Autoconsulta.core.PipeClient.MessageSentSuccessfully() in E:\00.- Proyectos\01.- Autopista Vespucio Norte\Servicio Rest\AVN.Autoconsulta.Api\AVN.Autoconsulta.core\AVC.Autoconsulta.core.Utils\PipeClient.cs:line 98
15:32:24.824,E,204;System.TimeoutException: The operation has timed out.
   at System.IO.Pipes.NamedPipeClientStream.Connect(Int32 timeout)
   at AVN.Autoconsulta.core.PipeClient.MessageSentSuccessfully() in E:\00.- Proyectos\01.- Autopista Vespucio Norte\Servicio Rest\AVN.Autoconsulta.Api\AVN.Autoconsulta.core\AVC.Autoconsulta.core.Utils\PipeClient.cs:line 98
15:35:54.626,I,000;Server=localhost;Port=5432;Database=Pago;User ID=TpackP;Password=tpackp
15:35:54.627,I,000;Inicio Conexion BD
15:35:54.638,I,000;Ejecución OK
15:35:54.639,I,000;Termino de Consulta a la BD

15:40:42.645,I,000;Inicio Método
15:40:42.654,I,000;Server=localhost;Port=5432;Database=Pago;User ID=TpackP;Password=tpackp
15:40:42.655,I,000;Inicio Conexion BD
15:40:42.657,I,000;Ejecución OK
15:40:42.658,I,000;Termino de Consulta a la BD
15:40:43.133,R,000;AVN.Autoconsulta.core.SVC_AVN_1_2.responseConsultaInfoTagDTO
15:40:43.143,Q,204;TP10PP001372041|REG|0|2017-07-06 15:40:43|2017-07-06 15:40:43|Saldo|Consulta Saldo|0|V|Consulta Saldo|104.466.990|0|0||||||0|0|||0||D82B@
15:40:47.704,Q,204;TP10PP001452041|REG|0|2017-07-06 15:40:47|2017-07-06 15:40:47|Certificado|Impresion Cupon Pago|0|V|Impresion Certificado||0|0||||||0|0|||0||D2F0@
15:40:53.151,E,204;System.TimeoutException: The operation has timed out.
   at System.IO.Pipes.NamedPipeClientStream.Connect(Int32 timeout)
   at AVN.Autoconsulta.core.PipeClient.MessageSentSuccessfully() in E:\00.- Proyectos\01.- Autopista Vespucio Norte\Servicio Rest\AVN.Autoconsulta.Api\AVN.Autoconsulta.core\AVC.Autoconsulta.core.Utils\PipeClient.cs:line 98
15:40:57.692,E,204;System.TimeoutException: The operation has timed out.
   at System.IO.Pipes.NamedPipeClientStream.Connect(Int32 timeout)
   at AVN.Autoconsulta.core.PipeClient.MessageSentSuccessfully() in E:\00.- Proyectos\01.- Autopista Vespucio Norte\Servicio Rest\AVN.Autoconsulta.Api\AVN.Autoconsulta.core\AVC.Autoconsulta.core.Utils\PipeClient.cs:line 98
15:41:56.003,Q,204;TP10PP001422041|REG|0|2017-07-06 15:41:56|2017-07-06 15:41:56|Boleta|Consulta Boletas|0|V|Consulta Boletas|104.466.990|0|0||||||0|0|||0||D613@
15:42:03.806,Q,204;TP10PP001422041|REG|0|2017-07-06 15:42:03|2017-07-06 15:42:03|Boleta|Consulta Boletas|0|V|Consulta Boletas|104.466.990|0|0||||||0|0|||0||D621@
15:42:04.217,Q,204;TP10PP001572041|REG|0|2017-07-06 15:42:04|2017-07-06 15:42:04|Certificado|Impresion Certificado|0|V|Impresion Certificado|104.466.990|0|0||||||0|0|||0||D013@
15:42:06.018,E,204;System.TimeoutException: The operation has timed out.
   at System.IO.Pipes.NamedPipeClientStream.Connect(Int32 timeout)
   at AVN.Autoconsulta.core.PipeClient.MessageSentSuccessfully() in E:\00.- Proyectos\01.- Autopista Vespucio Norte\Servicio Rest\AVN.Autoconsulta.Api\AVN.Autoconsulta.core\AVC.Autoconsulta.core.Utils\PipeClient.cs:line 98
15:42:13.822,E,204;System.TimeoutException: The operation has timed out.
   at System.IO.Pipes.NamedPipeClientStream.Connect(Int32 timeout)
   at AVN.Autoconsulta.core.PipeClient.MessageSentSuccessfully() in E:\00.- Proyectos\01.- Autopista Vespucio Norte\Servicio Rest\AVN.Autoconsulta.Api\AVN.Autoconsulta.core\AVC.Autoconsulta.core.Utils\PipeClient.cs:line 98
15:42:14.212,E,204;System.TimeoutException: The operation has timed out.
   at System.IO.Pipes.NamedPipeClientStream.Connect(Int32 timeout)
   at AVN.Autoconsulta.core.PipeClient.MessageSentSuccessfully() in E:\00.- Proyectos\01.- Autopista Vespucio Norte\Servicio Rest\AVN.Autoconsulta.Api\AVN.Autoconsulta.core\AVC.Autoconsulta.core.Utils\PipeClient.cs:line 98
15:43:39.100,Q,204;TP10PP001862041|REG|0|2017-07-06 15:43:39|2017-07-06 15:43:39|Transitos No Facturados|Consulta Transitos No Facturados|0|V|Consulta Transitos No Facturados|CPHH16|0|0||||||0|0|||0||C429@
15:43:39.530,Q,204;TP10PP001772041|REG|0|2017-07-06 15:43:39|2017-07-06 15:43:39|Transitos Facturados|Consulta Transitos Facturados|0|V|Consulta Transitos Facturados|CPHH16|0|0||||||0|0|||0||C6C0@
15:43:39.580,Q,204;TP10PP001862041|REG|0|2017-07-06 15:43:39|2017-07-06 15:43:39|Transitos No Facturados|Consulta Transitos No Facturados|0|V|Consulta Transitos No Facturados|CPHH16|0|0||||||0|0|||0||C429@
15:43:49.092,E,204;System.TimeoutException: The operation has timed out.
   at System.IO.Pipes.NamedPipeClientStream.Connect(Int32 timeout)
   at AVN.Autoconsulta.core.PipeClient.MessageSentSuccessfully() in E:\00.- Proyectos\01.- Autopista Vespucio Norte\Servicio Rest\AVN.Autoconsulta.Api\AVN.Autoconsulta.core\AVC.Autoconsulta.core.Utils\PipeClient.cs:line 98
15:43:49.527,E,204;System.TimeoutException: The operation has timed out.
   at System.IO.Pipes.NamedPipeClientStream.Connect(Int32 timeout)
   at AVN.Autoconsulta.core.PipeClient.MessageSentSuccessfully() in E:\00.- Proyectos\01.- Autopista Vespucio Norte\Servicio Rest\AVN.Autoconsulta.Api\AVN.Autoconsulta.core\AVC.Autoconsulta.core.Utils\PipeClient.cs:line 98
15:43:49.592,E,204;System.TimeoutException: The operation has timed out.
   at System.IO.Pipes.NamedPipeClientStream.Connect(Int32 timeout)
   at AVN.Autoconsulta.core.PipeClient.MessageSentSuccessfully() in E:\00.- Proyectos\01.- Autopista Vespucio Norte\Servicio Rest\AVN.Autoconsulta.Api\AVN.Autoconsulta.core\AVC.Autoconsulta.core.Utils\PipeClient.cs:line 98
15:45:11.623,Q,204;TP10PP001772041|REG|0|2017-07-06 15:45:11|2017-07-06 15:45:11|Transitos Facturados|Consulta Transitos Facturados|0|V|Consulta Transitos Facturados|CPHH16|0|0||||||0|0|||0||C6D0@
15:45:11.625,Q,204;TP10PP001792041|REG|0|2017-07-06 15:45:11|2017-07-06 15:45:11|Transitos Facturados|Impresion Transitos Facturados|0|V|Impresion Transitos Facturados|CPHH16|0|0||||||0|0|||0||C5F4@
15:45:21.616,E,204;System.TimeoutException: The operation has timed out.
   at System.IO.Pipes.NamedPipeClientStream.Connect(Int32 timeout)
   at AVN.Autoconsulta.core.PipeClient.MessageSentSuccessfully() in E:\00.- Proyectos\01.- Autopista Vespucio Norte\Servicio Rest\AVN.Autoconsulta.Api\AVN.Autoconsulta.core\AVC.Autoconsulta.core.Utils\PipeClient.cs:line 98
15:45:21.616,E,204;System.TimeoutException: The operation has timed out.
   at System.IO.Pipes.NamedPipeClientStream.Connect(Int32 timeout)
   at AVN.Autoconsulta.core.PipeClient.MessageSentSuccessfully() in E:\00.- Proyectos\01.- Autopista Vespucio Norte\Servicio Rest\AVN.Autoconsulta.Api\AVN.Autoconsulta.core\AVC.Autoconsulta.core.Utils\PipeClient.cs:line 98
15:45:45.215,Q,204;TP10PP001862041|REG|0|2017-07-06 15:45:45|2017-07-06 15:45:45|Transitos No Facturados|Consulta Transitos No Facturados|0|V|Consulta Transitos No Facturados|CPHH16|0|0||||||0|0|||0||C42B@
15:45:45.538,Q,204;TP10PP001792041|REG|0|2017-07-06 15:45:45|2017-07-06 15:45:45|Transitos Facturados|Impresion Transitos Facturados|0|V|Impresion Transitos Facturados|CPHH16|0|0||||||0|0|||0||C5E6@
15:45:55.220,E,204;System.TimeoutException: The operation has timed out.
   at System.IO.Pipes.NamedPipeClientStream.Connect(Int32 timeout)
   at AVN.Autoconsulta.core.PipeClient.MessageSentSuccessfully() in E:\00.- Proyectos\01.- Autopista Vespucio Norte\Servicio Rest\AVN.Autoconsulta.Api\AVN.Autoconsulta.core\AVC.Autoconsulta.core.Utils\PipeClient.cs:line 98
15:45:55.530,E,204;System.TimeoutException: The operation has timed out.
   at System.IO.Pipes.NamedPipeClientStream.Connect(Int32 timeout)
   at AVN.Autoconsulta.core.PipeClient.MessageSentSuccessfully() in E:\00.- Proyectos\01.- Autopista Vespucio Norte\Servicio Rest\AVN.Autoconsulta.Api\AVN.Autoconsulta.core\AVC.Autoconsulta.core.Utils\PipeClient.cs:line 98
15:46:45.060,Q,204;TP10PP001772041|REG|0|2017-07-06 15:46:45|2017-07-06 15:46:45|Transitos Facturados|Consulta Transitos Facturados|0|V|Consulta Transitos Facturados|CPHH16|0|0||||||0|0|||0||C6C0@
15:46:45.081,Q,204;TP10PP001792041|REG|0|2017-07-06 15:46:45|2017-07-06 15:46:45|Transitos Facturados|Impresion Transitos Facturados|0|V|Impresion Transitos Facturados|CPHH16|0|0||||||0|0|||0||C5E4@
15:46:55.058,E,204;System.TimeoutException: The operation has timed out.
   at System.IO.Pipes.NamedPipeClientStream.Connect(Int32 timeout)
   at AVN.Autoconsulta.core.PipeClient.MessageSentSuccessfully() in E:\00.- Proyectos\01.- Autopista Vespucio Norte\Servicio Rest\AVN.Autoconsulta.Api\AVN.Autoconsulta.core\AVC.Autoconsulta.core.Utils\PipeClient.cs:line 98
15:46:55.093,E,204;System.TimeoutException: The operation has timed out.
   at System.IO.Pipes.NamedPipeClientStream.Connect(Int32 timeout)
   at AVN.Autoconsulta.core.PipeClient.MessageSentSuccessfully() in E:\00.- Proyectos\01.- Autopista Vespucio Norte\Servicio Rest\AVN.Autoconsulta.Api\AVN.Autoconsulta.core\AVC.Autoconsulta.core.Utils\PipeClient.cs:line 98
15:47:39.100,Q,204;TP10PP001552041|REG|0|2017-07-06 15:47:39|2017-07-06 15:47:39|Certificado|Consulta Certificado|0|V|Consulta Certificado|7.364.499-2|0|0||||||0|0|||0||D0D3@
15:47:49.113,E,204;System.TimeoutException: The operation has timed out.
   at System.IO.Pipes.NamedPipeClientStream.Connect(Int32 timeout)
   at AVN.Autoconsulta.core.PipeClient.MessageSentSuccessfully() in E:\00.- Proyectos\01.- Autopista Vespucio Norte\Servicio Rest\AVN.Autoconsulta.Api\AVN.Autoconsulta.core\AVC.Autoconsulta.core.Utils\PipeClient.cs:line 98
15:47:53.840,Q,204;TP10PP001572041|REG|0|2017-07-06 15:47:53|2017-07-06 15:47:53|Certificado|Impresion Certificado|0|V|Impresion Certificado|7.364.499-2|0|0||||||0|0|||0||CFFF@
15:48:03.853,E,204;System.TimeoutException: The operation has timed out.
   at System.IO.Pipes.NamedPipeClientStream.Connect(Int32 timeout)
   at AVN.Autoconsulta.core.PipeClient.MessageSentSuccessfully() in E:\00.- Proyectos\01.- Autopista Vespucio Norte\Servicio Rest\AVN.Autoconsulta.Api\AVN.Autoconsulta.core\AVC.Autoconsulta.core.Utils\PipeClient.cs:line 98

15:49:23.763,I,000;Inicio Método
15:49:23.770,I,000;Server=localhost;Port=5432;Database=Pago;User ID=TpackP;Password=tpackp
15:49:23.770,I,000;Inicio Conexion BD
15:49:23.772,I,000;Ejecución OK
15:49:23.773,I,000;Termino de Consulta a la BD
15:49:25.251,R,000;AVN.Autoconsulta.core.SVC_AVN_1_2.responseConsultaInfoTagDTO
15:49:25.251,Q,204;TP10PP001382041|REG|0|2017-07-06 15:49:25|2017-07-06 15:49:25|Saldo|Consulta Saldo|0|V|Consulta Saldo|15.958.339-2|0|0||||||0|0|||0||D7E5@
15:49:35.254,E,204;System.TimeoutException: The operation has timed out.
   at System.IO.Pipes.NamedPipeClientStream.Connect(Int32 timeout)
   at AVN.Autoconsulta.core.PipeClient.MessageSentSuccessfully() in E:\00.- Proyectos\01.- Autopista Vespucio Norte\Servicio Rest\AVN.Autoconsulta.Api\AVN.Autoconsulta.core\AVC.Autoconsulta.core.Utils\PipeClient.cs:line 98
17:05:09.382,Q,204;TP10PP001862041|REG|0|2017-07-06 17:05:09|2017-07-06 17:05:09|Transitos No Facturados|Consulta Transitos No Facturados|0|V|Consulta Transitos No Facturados|CPHH16|0|0||||||0|0|||0||C42F@
17:05:09.945,Q,204;TP10PP001862041|REG|0|2017-07-06 17:05:09|2017-07-06 17:05:09|Transitos No Facturados|Consulta Transitos No Facturados|0|V|Consulta Transitos No Facturados|CPHH16|0|0||||||0|0|||0||C42F@
17:05:09.978,Q,204;TP10PP001772041|REG|0|2017-07-06 17:05:09|2017-07-06 17:05:09|Transitos Facturados|Consulta Transitos Facturados|0|V|Consulta Transitos Facturados|CPHH16|0|0||||||0|0|||0||C6C6@
17:05:11.888,Q,204;TP10PP001862041|REG|0|2017-07-06 17:05:11|2017-07-06 17:05:11|Transitos No Facturados|Consulta Transitos No Facturados|0|V|Consulta Transitos No Facturados|CPHH16|0|0||||||0|0|||0||C43D@
17:05:17.233,Q,204;TP10PP001792041|REG|0|2017-07-06 17:05:17|2017-07-06 17:05:17|Transitos Facturados|Impresion Transitos Facturados|0|V|Impresion Transitos Facturados|CPHH16|0|0||||||0|0|||0||C5EC@
17:05:19.381,E,204;System.TimeoutException: The operation has timed out.
   at System.IO.Pipes.NamedPipeClientStream.Connect(Int32 timeout)
   at AVN.Autoconsulta.core.PipeClient.MessageSentSuccessfully() in E:\00.- Proyectos\01.- Autopista Vespucio Norte\Servicio Rest\AVN.Autoconsulta.Api\AVN.Autoconsulta.core\AVC.Autoconsulta.core.Utils\PipeClient.cs:line 98
17:05:19.938,E,204;System.TimeoutException: The operation has timed out.
   at System.IO.Pipes.NamedPipeClientStream.Connect(Int32 timeout)
   at AVN.Autoconsulta.core.PipeClient.MessageSentSuccessfully() in E:\00.- Proyectos\01.- Autopista Vespucio Norte\Servicio Rest\AVN.Autoconsulta.Api\AVN.Autoconsulta.core\AVC.Autoconsulta.core.Utils\PipeClient.cs:line 98
17:05:19.972,E,204;System.TimeoutException: The operation has timed out.
   at System.IO.Pipes.NamedPipeClientStream.Connect(Int32 timeout)
   at AVN.Autoconsulta.core.PipeClient.MessageSentSuccessfully() in E:\00.- Proyectos\01.- Autopista Vespucio Norte\Servicio Rest\AVN.Autoconsulta.Api\AVN.Autoconsulta.core\AVC.Autoconsulta.core.Utils\PipeClient.cs:line 98
17:05:21.889,E,204;System.TimeoutException: The operation has timed out.
   at System.IO.Pipes.NamedPipeClientStream.Connect(Int32 timeout)
   at AVN.Autoconsulta.core.PipeClient.MessageSentSuccessfully() in E:\00.- Proyectos\01.- Autopista Vespucio Norte\Servicio Rest\AVN.Autoconsulta.Api\AVN.Autoconsulta.core\AVC.Autoconsulta.core.Utils\PipeClient.cs:line 98
17:05:27.224,E,204;System.TimeoutException: The operation has timed out.
   at System.IO.Pipes.NamedPipeClientStream.Connect(Int32 timeout)
   at AVN.Autoconsulta.core.PipeClient.MessageSentSuccessfully() in E:\00.- Proyectos\01.- Autopista Vespucio Norte\Servicio Rest\AVN.Autoconsulta.Api\AVN.Autoconsulta.core\AVC.Autoconsulta.core.Utils\PipeClient.cs:line 98
17:09:35.286,Q,204;TP10PP001862041|REG|0|2017-07-06 17:09:35|2017-07-06 17:09:35|Transitos No Facturados|Consulta Transitos No Facturados|0|V|Consulta Transitos No Facturados|CPHH16|0|0||||||0|0|||0||C429@
17:09:35.306,Q,204;TP10PP001772041|REG|0|2017-07-06 17:09:35|2017-07-06 17:09:35|Transitos Facturados|Consulta Transitos Facturados|0|V|Consulta Transitos Facturados|CPHH16|0|0||||||0|0|||0||C6C0@
17:09:42.517,Q,204;TP10PP001862041|REG|0|2017-07-06 17:09:42|2017-07-06 17:09:42|Transitos No Facturados|Consulta Transitos No Facturados|0|V|Consulta Transitos No Facturados|CPHH16|0|0||||||0|0|||0||C42D@
17:09:43.653,Q,204;TP10PP001792041|REG|0|2017-07-06 17:09:43|2017-07-06 17:09:43|Transitos Facturados|Impresion Transitos Facturados|0|V|Impresion Transitos Facturados|CPHH16|0|0||||||0|0|||0||C5E6@
17:09:45.283,E,204;System.TimeoutException: The operation has timed out.
   at System.IO.Pipes.NamedPipeClientStream.Connect(Int32 timeout)
   at AVN.Autoconsulta.core.PipeClient.MessageSentSuccessfully() in E:\00.- Proyectos\01.- Autopista Vespucio Norte\Servicio Rest\AVN.Autoconsulta.Api\AVN.Autoconsulta.core\AVC.Autoconsulta.core.Utils\PipeClient.cs:line 98
17:09:45.313,E,204;System.TimeoutException: The operation has timed out.
   at System.IO.Pipes.NamedPipeClientStream.Connect(Int32 timeout)
   at AVN.Autoconsulta.core.PipeClient.MessageSentSuccessfully() in E:\00.- Proyectos\01.- Autopista Vespucio Norte\Servicio Rest\AVN.Autoconsulta.Api\AVN.Autoconsulta.core\AVC.Autoconsulta.core.Utils\PipeClient.cs:line 98
17:09:52.503,E,204;System.TimeoutException: The operation has timed out.
   at System.IO.Pipes.NamedPipeClientStream.Connect(Int32 timeout)
   at AVN.Autoconsulta.core.PipeClient.MessageSentSuccessfully() in E:\00.- Proyectos\01.- Autopista Vespucio Norte\Servicio Rest\AVN.Autoconsulta.Api\AVN.Autoconsulta.core\AVC.Autoconsulta.core.Utils\PipeClient.cs:line 98
17:09:53.658,E,204;System.TimeoutException: The operation has timed out.
   at System.IO.Pipes.NamedPipeClientStream.Connect(Int32 timeout)
   at AVN.Autoconsulta.core.PipeClient.MessageSentSuccessfully() in E:\00.- Proyectos\01.- Autopista Vespucio Norte\Servicio Rest\AVN.Autoconsulta.Api\AVN.Autoconsulta.core\AVC.Autoconsulta.core.Utils\PipeClient.cs:line 98
17:25:55.307,Q,204;TP10PP001862041|REG|0|2017-07-06 17:25:55|2017-07-06 17:25:55|Transitos No Facturados|Consulta Transitos No Facturados|0|V|Consulta Transitos No Facturados|BGXT65|0|0||||||0|0|||0||C413@
17:25:59.492,Q,204;TP10PP001862041|REG|0|2017-07-06 17:25:59|2017-07-06 17:25:59|Transitos No Facturados|Consulta Transitos No Facturados|0|V|Consulta Transitos No Facturados|BGXT65|0|0||||||0|0|||0||C40B@
17:25:59.971,Q,204;TP10PP001792041|REG|0|2017-07-06 17:25:59|2017-07-06 17:25:59|Transitos Facturados|Impresion Transitos Facturados|0|V|Impresion Transitos Facturados|BGXT65|0|0||||||0|0|||0||C5C6@
17:26:05.308,E,204;System.TimeoutException: The operation has timed out.
   at System.IO.Pipes.NamedPipeClientStream.Connect(Int32 timeout)
   at AVN.Autoconsulta.core.PipeClient.MessageSentSuccessfully() in E:\00.- Proyectos\01.- Autopista Vespucio Norte\Servicio Rest\AVN.Autoconsulta.Api\AVN.Autoconsulta.core\AVC.Autoconsulta.core.Utils\PipeClient.cs:line 98
17:26:09.493,E,204;System.TimeoutException: The operation has timed out.
   at System.IO.Pipes.NamedPipeClientStream.Connect(Int32 timeout)
   at AVN.Autoconsulta.core.PipeClient.MessageSentSuccessfully() in E:\00.- Proyectos\01.- Autopista Vespucio Norte\Servicio Rest\AVN.Autoconsulta.Api\AVN.Autoconsulta.core\AVC.Autoconsulta.core.Utils\PipeClient.cs:line 98
17:26:09.958,E,204;System.TimeoutException: The operation has timed out.
   at System.IO.Pipes.NamedPipeClientStream.Connect(Int32 timeout)
   at AVN.Autoconsulta.core.PipeClient.MessageSentSuccessfully() in E:\00.- Proyectos\01.- Autopista Vespucio Norte\Servicio Rest\AVN.Autoconsulta.Api\AVN.Autoconsulta.core\AVC.Autoconsulta.core.Utils\PipeClient.cs:line 98

17:26:47.480,I,000;Inicio Método
17:26:47.487,I,000;Server=localhost;Port=5432;Database=Pago;User ID=TpackP;Password=tpackp
17:26:47.490,I,000;Inicio Conexion BD
17:26:47.495,I,000;Ejecución OK
17:26:47.496,I,000;Termino de Consulta a la BD
17:26:48.336,R,000;AVN.Autoconsulta.core.SVC_AVN_1_2.responseConsultaInfoTagDTO
17:26:48.341,Q,204;TP10PP001372041|REG|0|2017-07-06 17:26:48|2017-07-06 17:26:48|Saldo|Consulta Saldo|0|V|Consulta Saldo|104.466.990|0|0||||||0|0|||0||D815@
17:26:58.334,E,204;System.TimeoutException: The operation has timed out.
   at System.IO.Pipes.NamedPipeClientStream.Connect(Int32 timeout)
   at AVN.Autoconsulta.core.PipeClient.MessageSentSuccessfully() in E:\00.- Proyectos\01.- Autopista Vespucio Norte\Servicio Rest\AVN.Autoconsulta.Api\AVN.Autoconsulta.core\AVC.Autoconsulta.core.Utils\PipeClient.cs:line 98

17:27:04.734,I,000;Inicio Método
17:27:04.746,I,000;Server=localhost;Port=5432;Database=Pago;User ID=TpackP;Password=tpackp
17:27:04.748,I,000;Inicio Conexion BD
17:27:04.750,I,000;Ejecución OK
17:27:04.751,I,000;Termino de Consulta a la BD
17:27:05.539,R,000;AVN.Autoconsulta.core.SVC_AVN_1_2.responseConsultaInfoTagDTO
17:27:05.539,Q,204;TP10PP001372041|REG|0|2017-07-06 17:27:05|2017-07-06 17:27:05|Saldo|Consulta Saldo|0|V|Consulta Saldo|104.466.990|0|0||||||0|0|||0||D821@
17:27:15.542,E,204;System.TimeoutException: The operation has timed out.
   at System.IO.Pipes.NamedPipeClientStream.Connect(Int32 timeout)
   at AVN.Autoconsulta.core.PipeClient.MessageSentSuccessfully() in E:\00.- Proyectos\01.- Autopista Vespucio Norte\Servicio Rest\AVN.Autoconsulta.Api\AVN.Autoconsulta.core\AVC.Autoconsulta.core.Utils\PipeClient.cs:line 98
17:27:16.933,Q,204;TP10PP001452041|REG|0|2017-07-06 17:27:16|2017-07-06 17:27:16|Certificado|Impresion Cupon Pago|0|V|Impresion Certificado||0|0||||||0|0|||0||D2EA@
17:27:26.931,E,204;System.TimeoutException: The operation has timed out.
   at System.IO.Pipes.NamedPipeClientStream.Connect(Int32 timeout)
   at AVN.Autoconsulta.core.PipeClient.MessageSentSuccessfully() in E:\00.- Proyectos\01.- Autopista Vespucio Norte\Servicio Rest\AVN.Autoconsulta.Api\AVN.Autoconsulta.core\AVC.Autoconsulta.core.Utils\PipeClient.cs:line 98

17:27:46.453,I,000;Inicio Método
17:27:46.468,I,000;Server=localhost;Port=5432;Database=Pago;User ID=TpackP;Password=tpackp
17:27:46.470,I,000;Inicio Conexion BD
17:27:46.472,I,000;Ejecución OK
17:27:46.477,I,000;Termino de Consulta a la BD
17:27:46.988,R,000;AVN.Autoconsulta.core.SVC_AVN_1_2.responseConsultaInfoTagDTO
17:27:46.993,Q,204;TP10PP001372041|REG|0|2017-07-06 17:27:46|2017-07-06 17:27:46|Saldo|Consulta Saldo|0|V|Consulta Saldo|104.466.990|0|0||||||0|0|||0||D817@
17:27:57.006,E,204;System.TimeoutException: The operation has timed out.
   at System.IO.Pipes.NamedPipeClientStream.Connect(Int32 timeout)
   at AVN.Autoconsulta.core.PipeClient.MessageSentSuccessfully() in E:\00.- Proyectos\01.- Autopista Vespucio Norte\Servicio Rest\AVN.Autoconsulta.Api\AVN.Autoconsulta.core\AVC.Autoconsulta.core.Utils\PipeClient.cs:line 98
17:27:58.180,Q,204;TP10PP001452041|REG|0|2017-07-06 17:27:58|2017-07-06 17:27:58|Certificado|Impresion Cupon Pago|0|V|Impresion Certificado||0|0||||||0|0|||0||D2DE@
17:28:08.176,E,204;System.TimeoutException: The operation has timed out.
   at System.IO.Pipes.NamedPipeClientStream.Connect(Int32 timeout)
   at AVN.Autoconsulta.core.PipeClient.MessageSentSuccessfully() in E:\00.- Proyectos\01.- Autopista Vespucio Norte\Servicio Rest\AVN.Autoconsulta.Api\AVN.Autoconsulta.core\AVC.Autoconsulta.core.Utils\PipeClient.cs:line 98

17:28:23.154,I,000;Inicio Método
17:28:23.167,I,000;Server=localhost;Port=5432;Database=Pago;User ID=TpackP;Password=tpackp
17:28:23.169,I,000;Inicio Conexion BD
17:28:23.171,I,000;Ejecución OK
17:28:23.172,I,000;Termino de Consulta a la BD
17:28:23.710,R,000;AVN.Autoconsulta.core.SVC_AVN_1_2.responseConsultaInfoTagDTO
17:28:23.715,Q,204;TP10PP001372041|REG|0|2017-07-06 17:28:23|2017-07-06 17:28:23|Saldo|Consulta Saldo|0|V|Consulta Saldo|104.466.990|0|0||||||0|0|||0||D81F@
17:28:33.718,E,204;System.TimeoutException: The operation has timed out.
   at System.IO.Pipes.NamedPipeClientStream.Connect(Int32 timeout)
   at AVN.Autoconsulta.core.PipeClient.MessageSentSuccessfully() in E:\00.- Proyectos\01.- Autopista Vespucio Norte\Servicio Rest\AVN.Autoconsulta.Api\AVN.Autoconsulta.core\AVC.Autoconsulta.core.Utils\PipeClient.cs:line 98

18:06:55.876,I,000;Inicio Método
18:06:55.886,I,000;Server=localhost;Port=5432;Database=Pago;User ID=TpackP;Password=tpackp
18:06:55.921,I,000;Inicio Conexion BD
18:06:56.056,I,000;Ejecución OK
18:06:56.056,I,000;Termino de Consulta a la BD
18:06:56.598,R,000;AVN.Autoconsulta.core.SVC_AVN_1_2.responseConsultaInfoTagDTO
18:06:56.623,Q,204;TP10PP001372041|REG|0|2017-07-06 18:06:56|2017-07-06 18:06:56|Saldo|Consulta Saldo|0|V|Consulta Saldo|104.466.990|0|0||||||0|0|||0||D819@
18:07:00.899,E,204;System.Threading.ThreadAbortException: Thread was being aborted.
   at AVN.Autoconsulta.core.PipeClient.MessageSentSuccessfully() in E:\00.- Proyectos\01.- Autopista Vespucio Norte\Servicio Rest\AVN.Autoconsulta.Api\AVN.Autoconsulta.core\AVC.Autoconsulta.core.Utils\PipeClient.cs:line 114
   at AVN.Autoconsulta.core.PipeClient.SendMessage(Comandos command) in E:\00.- Proyectos\01.- Autopista Vespucio Norte\Servicio Rest\AVN.Autoconsulta.Api\AVN.Autoconsulta.core\AVC.Autoconsulta.core.Utils\PipeClient.cs:line 34
   at AVN.Autoconsulta.core.Movimiento.InsertarRegistro() in E:\00.- Proyectos\01.- Autopista Vespucio Norte\Servicio Rest\AVN.Autoconsulta.Api\AVN.Autoconsulta.core\AVC.Autoconsulta.core.Utils\Movimiento.cs:line 132
18:07:32.546,Q,204;TP10PP001862041|REG|0|2017-07-06 18:07:32|2017-07-06 18:07:32|Transitos No Facturados|Consulta Transitos No Facturados|0|V|Consulta Transitos No Facturados|BGXT65|0|0||||||0|0|||0||C41B@
18:07:32.938,Q,204;TP10PP001862041|REG|0|2017-07-06 18:07:32|2017-07-06 18:07:32|Transitos No Facturados|Consulta Transitos No Facturados|0|V|Consulta Transitos No Facturados|BGXT65|0|0||||||0|0|||0||C41B@
18:07:38.620,Q,204;TP10PP001862041|REG|0|2017-07-06 18:07:38|2017-07-06 18:07:38|Transitos No Facturados|Consulta Transitos No Facturados|0|V|Consulta Transitos No Facturados|BGXT65|0|0||||||0|0|||0||C40F@
18:07:39.371,Q,204;TP10PP001792041|REG|0|2017-07-06 18:07:39|2017-07-06 18:07:39|Transitos Facturados|Impresion Transitos Facturados|0|V|Impresion Transitos Facturados|BGXT65|0|0||||||0|0|||0||C5C8@
18:07:42.549,E,204;System.TimeoutException: The operation has timed out.
   at System.IO.Pipes.NamedPipeClientStream.Connect(Int32 timeout)
   at AVN.Autoconsulta.core.PipeClient.MessageSentSuccessfully() in E:\00.- Proyectos\01.- Autopista Vespucio Norte\Servicio Rest\AVN.Autoconsulta.Api\AVN.Autoconsulta.core\AVC.Autoconsulta.core.Utils\PipeClient.cs:line 98
18:07:42.932,E,204;System.TimeoutException: The operation has timed out.
   at System.IO.Pipes.NamedPipeClientStream.Connect(Int32 timeout)
   at AVN.Autoconsulta.core.PipeClient.MessageSentSuccessfully() in E:\00.- Proyectos\01.- Autopista Vespucio Norte\Servicio Rest\AVN.Autoconsulta.Api\AVN.Autoconsulta.core\AVC.Autoconsulta.core.Utils\PipeClient.cs:line 98
18:07:48.627,E,204;System.TimeoutException: The operation has timed out.
   at System.IO.Pipes.NamedPipeClientStream.Connect(Int32 timeout)
   at AVN.Autoconsulta.core.PipeClient.MessageSentSuccessfully() in E:\00.- Proyectos\01.- Autopista Vespucio Norte\Servicio Rest\AVN.Autoconsulta.Api\AVN.Autoconsulta.core\AVC.Autoconsulta.core.Utils\PipeClient.cs:line 98
18:07:49.377,E,204;System.TimeoutException: The operation has timed out.
   at System.IO.Pipes.NamedPipeClientStream.Connect(Int32 timeout)
   at AVN.Autoconsulta.core.PipeClient.MessageSentSuccessfully() in E:\00.- Proyectos\01.- Autopista Vespucio Norte\Servicio Rest\AVN.Autoconsulta.Api\AVN.Autoconsulta.core\AVC.Autoconsulta.core.Utils\PipeClient.cs:line 98
18:08:02.882,Q,204;TP10PP001862041|REG|0|2017-07-06 18:08:02|2017-07-06 18:08:02|Transitos No Facturados|Consulta Transitos No Facturados|0|V|Consulta Transitos No Facturados|CPHH16|0|0||||||0|0|||0||C435@
18:08:03.400,Q,204;TP10PP001772041|REG|0|2017-07-06 18:08:03|2017-07-06 18:08:03|Transitos Facturados|Consulta Transitos Facturados|0|V|Consulta Transitos Facturados|CPHH16|0|0||||||0|0|||0||C6CA@
18:08:03.440,Q,204;TP10PP001862041|REG|0|2017-07-06 18:08:03|2017-07-06 18:08:03|Transitos No Facturados|Consulta Transitos No Facturados|0|V|Consulta Transitos No Facturados|CPHH16|0|0||||||0|0|||0||C433@
18:08:11.754,Q,204;TP10PP001792041|REG|0|2017-07-06 18:08:11|2017-07-06 18:08:11|Transitos Facturados|Impresion Transitos Facturados|0|V|Impresion Transitos Facturados|CPHH16|0|0||||||0|0|||0||C5F0@
18:08:12.870,E,204;System.TimeoutException: The operation has timed out.
   at System.IO.Pipes.NamedPipeClientStream.Connect(Int32 timeout)
   at AVN.Autoconsulta.core.PipeClient.MessageSentSuccessfully() in E:\00.- Proyectos\01.- Autopista Vespucio Norte\Servicio Rest\AVN.Autoconsulta.Api\AVN.Autoconsulta.core\AVC.Autoconsulta.core.Utils\PipeClient.cs:line 98
18:08:13.402,E,204;System.TimeoutException: The operation has timed out.
   at System.IO.Pipes.NamedPipeClientStream.Connect(Int32 timeout)
   at AVN.Autoconsulta.core.PipeClient.MessageSentSuccessfully() in E:\00.- Proyectos\01.- Autopista Vespucio Norte\Servicio Rest\AVN.Autoconsulta.Api\AVN.Autoconsulta.core\AVC.Autoconsulta.core.Utils\PipeClient.cs:line 98
18:08:13.432,E,204;System.TimeoutException: The operation has timed out.
   at System.IO.Pipes.NamedPipeClientStream.Connect(Int32 timeout)
   at AVN.Autoconsulta.core.PipeClient.MessageSentSuccessfully() in E:\00.- Proyectos\01.- Autopista Vespucio Norte\Servicio Rest\AVN.Autoconsulta.Api\AVN.Autoconsulta.core\AVC.Autoconsulta.core.Utils\PipeClient.cs:line 98
18:08:21.749,E,204;System.TimeoutException: The operation has timed out.
   at System.IO.Pipes.NamedPipeClientStream.Connect(Int32 timeout)
   at AVN.Autoconsulta.core.PipeClient.MessageSentSuccessfully() in E:\00.- Proyectos\01.- Autopista Vespucio Norte\Servicio Rest\AVN.Autoconsulta.Api\AVN.Autoconsulta.core\AVC.Autoconsulta.core.Utils\PipeClient.cs:line 98
18:08:41.625,Q,204;TP10PP001792041|REG|0|2017-07-06 18:08:41|2017-07-06 18:08:41|Transitos Facturados|Impresion Transitos Facturados|0|V|Impresion Transitos Facturados|CPHH16|0|0||||||0|0|||0||C5EA@
18:08:51.637,E,204;System.TimeoutException: The operation has timed out.
   at System.IO.Pipes.NamedPipeClientStream.Connect(Int32 timeout)
   at AVN.Autoconsulta.core.PipeClient.MessageSentSuccessfully() in E:\00.- Proyectos\01.- Autopista Vespucio Norte\Servicio Rest\AVN.Autoconsulta.Api\AVN.Autoconsulta.core\AVC.Autoconsulta.core.Utils\PipeClient.cs:line 98

18:12:32.022,I,000;Inicio Método
18:12:32.034,I,000;Server=localhost;Port=5432;Database=Pago;User ID=TpackP;Password=tpackp
18:12:32.038,I,000;Inicio Conexion BD
18:12:32.049,I,000;Ejecución OK
18:12:32.051,I,000;Termino de Consulta a la BD
18:12:32.876,R,000;AVN.Autoconsulta.core.SVC_AVN_1_2.responseConsultaInfoTagDTO
18:12:32.881,Q,204;TP10PP001372041|REG|0|2017-07-06 18:12:32|2017-07-06 18:12:32|Saldo|Consulta Saldo|0|V|Consulta Saldo|104.466.990|0|0||||||0|0|||0||D82B@
18:12:42.875,E,204;System.TimeoutException: The operation has timed out.
   at System.IO.Pipes.NamedPipeClientStream.Connect(Int32 timeout)
   at AVN.Autoconsulta.core.PipeClient.MessageSentSuccessfully() in E:\00.- Proyectos\01.- Autopista Vespucio Norte\Servicio Rest\AVN.Autoconsulta.Api\AVN.Autoconsulta.core\AVC.Autoconsulta.core.Utils\PipeClient.cs:line 98
18:12:52.082,I,000;Server=localhost;Port=5432;Database=Pago;User ID=TpackP;Password=tpackp

18:12:52.084,I,000;Inicio Método
18:12:52.094,I,000;Inicio Conexion BD
18:12:52.099,I,000;Ejecución OK
18:12:52.100,I,000;Termino de Consulta a la BD
18:12:54.071,R,000;AVN.Autoconsulta.core.SVC_AVN_1_2.responseConsultaInfoTagDTO
18:12:54.076,Q,204;TP10PP001382041|REG|0|2017-07-06 18:12:54|2017-07-06 18:12:54|Saldo|Consulta Saldo|0|V|Consulta Saldo|11.228.785-K|0|0||||||0|0|||0||D7DF@
18:12:58.503,Q,204;TP10PP001452041|REG|0|2017-07-06 18:12:58|2017-07-06 18:12:58|Certificado|Impresion Cupon Pago|0|V|Impresion Certificado||0|0||||||0|0|||0||D2E8@
18:13:04.078,E,204;System.TimeoutException: The operation has timed out.
   at System.IO.Pipes.NamedPipeClientStream.Connect(Int32 timeout)
   at AVN.Autoconsulta.core.PipeClient.MessageSentSuccessfully() in E:\00.- Proyectos\01.- Autopista Vespucio Norte\Servicio Rest\AVN.Autoconsulta.Api\AVN.Autoconsulta.core\AVC.Autoconsulta.core.Utils\PipeClient.cs:line 98
18:13:08.508,E,204;System.TimeoutException: The operation has timed out.
   at System.IO.Pipes.NamedPipeClientStream.Connect(Int32 timeout)
   at AVN.Autoconsulta.core.PipeClient.MessageSentSuccessfully() in E:\00.- Proyectos\01.- Autopista Vespucio Norte\Servicio Rest\AVN.Autoconsulta.Api\AVN.Autoconsulta.core\AVC.Autoconsulta.core.Utils\PipeClient.cs:line 98

18:14:20.930,I,000;Inicio Método
18:14:20.931,I,000;Server=localhost;Port=5432;Database=Pago;User ID=TpackP;Password=tpackp
18:14:20.933,I,000;Inicio Conexion BD
18:14:20.937,I,000;Ejecución OK
18:14:20.938,I,000;Termino de Consulta a la BD
18:14:23.600,R,000;AVN.Autoconsulta.core.SVC_AVN_1_2.responseConsultaInfoTagDTO
18:14:23.600,Q,204;TP10PP001382041|REG|0|2017-07-06 18:14:23|2017-07-06 18:14:23|Saldo|Consulta Saldo|0|V|Consulta Saldo|16.413.999-9|0|0||||||0|0|||0||D7ED@
18:14:28.815,Q,204;TP10PP001452041|REG|0|2017-07-06 18:14:28|2017-07-06 18:14:28|Certificado|Impresion Cupon Pago|0|V|Impresion Certificado||0|0||||||0|0|||0||D2EA@
18:14:33.590,E,204;System.TimeoutException: The operation has timed out.
   at System.IO.Pipes.NamedPipeClientStream.Connect(Int32 timeout)
   at AVN.Autoconsulta.core.PipeClient.MessageSentSuccessfully() in E:\00.- Proyectos\01.- Autopista Vespucio Norte\Servicio Rest\AVN.Autoconsulta.Api\AVN.Autoconsulta.core\AVC.Autoconsulta.core.Utils\PipeClient.cs:line 98
18:14:38.820,E,204;System.TimeoutException: The operation has timed out.
   at System.IO.Pipes.NamedPipeClientStream.Connect(Int32 timeout)
   at AVN.Autoconsulta.core.PipeClient.MessageSentSuccessfully() in E:\00.- Proyectos\01.- Autopista Vespucio Norte\Servicio Rest\AVN.Autoconsulta.Api\AVN.Autoconsulta.core\AVC.Autoconsulta.core.Utils\PipeClient.cs:line 98

18:15:07.918,I,000;Inicio Método
18:15:07.943,I,000;Server=localhost;Port=5432;Database=Pago;User ID=TpackP;Password=tpackp
18:15:07.944,I,000;Inicio Conexion BD
18:15:07.949,I,000;Ejecución OK
18:15:07.950,I,000;Termino de Consulta a la BD
18:15:09.257,R,000;AVN.Autoconsulta.core.SVC_AVN_1_2.responseConsultaInfoTagDTO
18:15:09.257,Q,204;TP10PP001382041|REG|0|2017-07-06 18:15:09|2017-07-06 18:15:09|Saldo|Consulta Saldo|0|V|Consulta Saldo|16.413.999-9|0|0||||||0|0|||0||D7E3@
18:15:15.626,Q,204;TP10PP001452041|REG|0|2017-07-06 18:15:15|2017-07-06 18:15:15|Certificado|Impresion Cupon Pago|0|V|Impresion Certificado||0|0||||||0|0|||0||D2F0@
18:15:19.266,E,204;System.TimeoutException: The operation has timed out.
   at System.IO.Pipes.NamedPipeClientStream.Connect(Int32 timeout)
   at AVN.Autoconsulta.core.PipeClient.MessageSentSuccessfully() in E:\00.- Proyectos\01.- Autopista Vespucio Norte\Servicio Rest\AVN.Autoconsulta.Api\AVN.Autoconsulta.core\AVC.Autoconsulta.core.Utils\PipeClient.cs:line 98
18:15:25.635,E,204;System.TimeoutException: The operation has timed out.
   at System.IO.Pipes.NamedPipeClientStream.Connect(Int32 timeout)
   at AVN.Autoconsulta.core.PipeClient.MessageSentSuccessfully() in E:\00.- Proyectos\01.- Autopista Vespucio Norte\Servicio Rest\AVN.Autoconsulta.Api\AVN.Autoconsulta.core\AVC.Autoconsulta.core.Utils\PipeClient.cs:line 98

18:16:46.429,I,000;Inicio Método
18:16:46.435,I,000;Server=localhost;Port=5432;Database=Pago;User ID=TpackP;Password=tpackp
18:16:46.436,I,000;Inicio Conexion BD
18:16:46.438,I,000;Ejecución OK
18:16:46.440,I,000;Termino de Consulta a la BD
18:16:52.956,R,000;AVN.Autoconsulta.core.SVC_AVN_1_2.responseConsultaInfoTagDTO
18:16:52.956,Q,204;TP10PP001382041|REG|0|2017-07-06 18:16:52|2017-07-06 18:16:52|Saldo|Consulta Saldo|0|V|Consulta Saldo|96.992.030-1|0|0||||||0|0|||0||D7F1@
18:17:01.990,Q,204;TP10PP001452041|REG|0|2017-07-06 18:17:01|2017-07-06 18:17:01|Certificado|Impresion Cupon Pago|0|V|Impresion Certificado||0|0||||||0|0|||0||D2F6@
18:17:02.961,E,204;System.TimeoutException: The operation has timed out.
   at System.IO.Pipes.NamedPipeClientStream.Connect(Int32 timeout)
   at AVN.Autoconsulta.core.PipeClient.MessageSentSuccessfully() in E:\00.- Proyectos\01.- Autopista Vespucio Norte\Servicio Rest\AVN.Autoconsulta.Api\AVN.Autoconsulta.core\AVC.Autoconsulta.core.Utils\PipeClient.cs:line 98
18:17:11.978,E,204;System.TimeoutException: The operation has timed out.
   at System.IO.Pipes.NamedPipeClientStream.Connect(Int32 timeout)
   at AVN.Autoconsulta.core.PipeClient.MessageSentSuccessfully() in E:\00.- Proyectos\01.- Autopista Vespucio Norte\Servicio Rest\AVN.Autoconsulta.Api\AVN.Autoconsulta.core\AVC.Autoconsulta.core.Utils\PipeClient.cs:line 98
