11:55:54.615,I,000;Server=localhost;Port=5432;Database=Pago;User ID=TpackP;Password=tpackp
11:55:54.615,I,000;Inicio Conexion BD
11:55:54.631,I,000;Ejecución OK
11:55:54.631,I,000;Termino de Consulta a la BD
11:56:24.732,I,000;Server=localhost;Port=5432;Database=Pago;User ID=TpackP;Password=tpackp
11:56:24.734,I,000;Inicio Conexion BD
11:56:24.737,I,000;Ejecución OK
11:56:24.738,I,000;Termino de Consulta a la BD

11:56:24.740,I,000;Inicio Método
11:56:25.066,R,000;AVN.Autoconsulta.core.SVC_AVN_1_2.responseConsultaInfoTagDTO
11:56:25.107,Q,204;TP10PP001382041|REG|0|2017-07-19 11:56:25|2017-07-19 11:56:25|Saldo|Consulta Saldo|0|V|Consulta Saldo|17.122.588-4|0|0||||||0|0|||0||D7F0@
11:56:35.105,E,204;System.TimeoutException: The operation has timed out.
   at System.IO.Pipes.NamedPipeClientStream.Connect(Int32 timeout)
   at AVN.Autoconsulta.core.PipeClient.MessageSentSuccessfully() in E:\00.- Proyectos\01.- Autopista Vespucio Norte\Servicio Rest\AVN.Autoconsulta.Api\AVN.Autoconsulta.core\AVC.Autoconsulta.core.Utils\PipeClient.cs:line 98
11:57:25.005,I,000;Server=localhost;Port=5432;Database=Pago;User ID=TpackP;Password=tpackp
11:57:25.008,I,000;Inicio Conexion BD
11:57:25.011,I,000;Ejecución OK
11:57:25.013,I,000;Termino de Consulta a la BD

11:57:40.030,I,000;Inicio Método
11:57:40.048,I,000;Server=localhost;Port=5432;Database=Pago;User ID=TpackP;Password=tpackp
11:57:40.049,I,000;Inicio Conexion BD
11:57:40.052,I,000;Ejecución OK
11:57:40.052,I,000;Termino de Consulta a la BD
11:57:40.229,R,000;AVN.Autoconsulta.core.SVC_AVN_1_2.responseConsultaInfoTagDTO
11:57:40.234,Q,204;TP10PP001382041|REG|0|2017-07-19 11:57:40|2017-07-19 11:57:40|Saldo|Consulta Saldo|0|V|Consulta Saldo|17.122.588-4|0|0||||||0|0|||0||D7F4@
11:57:50.232,E,204;System.TimeoutException: The operation has timed out.
   at System.IO.Pipes.NamedPipeClientStream.Connect(Int32 timeout)
   at AVN.Autoconsulta.core.PipeClient.MessageSentSuccessfully() in E:\00.- Proyectos\01.- Autopista Vespucio Norte\Servicio Rest\AVN.Autoconsulta.Api\AVN.Autoconsulta.core\AVC.Autoconsulta.core.Utils\PipeClient.cs:line 98
11:58:32.077,I,000;Server=localhost;Port=5432;Database=Pago;User ID=TpackP;Password=tpackp
11:58:32.079,I,000;Inicio Conexion BD
11:58:32.081,I,000;Ejecución OK
11:58:32.082,I,000;Termino de Consulta a la BD

11:58:32.089,I,000;Inicio Método
11:58:32.545,R,000;AVN.Autoconsulta.core.SVC_AVN_1_2.responseConsultaInfoTagDTO
11:58:32.561,Q,204;TP10PP001382041|REG|0|2017-07-19 11:58:32|2017-07-19 11:58:32|Saldo|Consulta Saldo|0|V|Consulta Saldo|12.484.157-7|0|0||||||0|0|||0||D7EF@
11:58:42.554,E,204;System.TimeoutException: The operation has timed out.
   at System.IO.Pipes.NamedPipeClientStream.Connect(Int32 timeout)
   at AVN.Autoconsulta.core.PipeClient.MessageSentSuccessfully() in E:\00.- Proyectos\01.- Autopista Vespucio Norte\Servicio Rest\AVN.Autoconsulta.Api\AVN.Autoconsulta.core\AVC.Autoconsulta.core.Utils\PipeClient.cs:line 98
12:00:50.629,Q,204;TP10PP001432041|REG|0|2017-07-19 12:00:50|2017-07-19 12:00:50|Boleta|Consulta Boletas|0|V|Consulta Boletas|17.122.588-4|0|0||||||0|0|||0||D5FA@
12:01:00.636,E,204;System.TimeoutException: The operation has timed out.
   at System.IO.Pipes.NamedPipeClientStream.Connect(Int32 timeout)
   at AVN.Autoconsulta.core.PipeClient.MessageSentSuccessfully() in E:\00.- Proyectos\01.- Autopista Vespucio Norte\Servicio Rest\AVN.Autoconsulta.Api\AVN.Autoconsulta.core\AVC.Autoconsulta.core.Utils\PipeClient.cs:line 98
12:01:30.997,Q,204;TP10PP001432041|REG|0|2017-07-19 12:01:30|2017-07-19 12:01:30|Boleta|Consulta Boletas|0|V|Consulta Boletas|17.122.588-4|0|0||||||0|0|||0||D5FC@
12:01:31.093,Q,204;TP10PP001582041|REG|0|2017-07-19 12:01:31|2017-07-19 12:01:31|Certificado|Impresion Certificado|0|V|Impresion Certificado|17.122.588-4|0|0||||||0|0|||0||CFEE@
12:01:40.985,E,204;System.TimeoutException: The operation has timed out.
   at System.IO.Pipes.NamedPipeClientStream.Connect(Int32 timeout)
   at AVN.Autoconsulta.core.PipeClient.MessageSentSuccessfully() in E:\00.- Proyectos\01.- Autopista Vespucio Norte\Servicio Rest\AVN.Autoconsulta.Api\AVN.Autoconsulta.core\AVC.Autoconsulta.core.Utils\PipeClient.cs:line 98
12:01:41.094,E,204;System.TimeoutException: The operation has timed out.
   at System.IO.Pipes.NamedPipeClientStream.Connect(Int32 timeout)
   at AVN.Autoconsulta.core.PipeClient.MessageSentSuccessfully() in E:\00.- Proyectos\01.- Autopista Vespucio Norte\Servicio Rest\AVN.Autoconsulta.Api\AVN.Autoconsulta.core\AVC.Autoconsulta.core.Utils\PipeClient.cs:line 98
12:02:38.128,Q,204;TP10PP001432041|REG|0|2017-07-19 12:02:38|2017-07-19 12:02:38|Boleta|Consulta Boletas|0|V|Consulta Boletas|17.122.588-4|0|0||||||0|0|||0||D5EA@
12:02:38.223,Q,204;TP10PP001582041|REG|0|2017-07-19 12:02:38|2017-07-19 12:02:38|Certificado|Impresion Certificado|0|V|Impresion Certificado|17.122.588-4|0|0||||||0|0|||0||CFDE@
12:02:44.351,Q,204;TP10PP001432041|REG|0|2017-07-19 12:02:44|2017-07-19 12:02:44|Boleta|Consulta Boletas|0|V|Consulta Boletas|17.122.588-4|0|0||||||0|0|||0||D5F0@
12:02:44.445,Q,204;TP10PP001582041|REG|0|2017-07-19 12:02:44|2017-07-19 12:02:44|Certificado|Impresion Certificado|0|V|Impresion Certificado|17.122.588-4|0|0||||||0|0|||0||CFE4@
12:02:48.143,E,204;System.TimeoutException: The operation has timed out.
   at System.IO.Pipes.NamedPipeClientStream.Connect(Int32 timeout)
   at AVN.Autoconsulta.core.PipeClient.MessageSentSuccessfully() in E:\00.- Proyectos\01.- Autopista Vespucio Norte\Servicio Rest\AVN.Autoconsulta.Api\AVN.Autoconsulta.core\AVC.Autoconsulta.core.Utils\PipeClient.cs:line 98
12:02:48.234,E,204;System.TimeoutException: The operation has timed out.
   at System.IO.Pipes.NamedPipeClientStream.Connect(Int32 timeout)
   at AVN.Autoconsulta.core.PipeClient.MessageSentSuccessfully() in E:\00.- Proyectos\01.- Autopista Vespucio Norte\Servicio Rest\AVN.Autoconsulta.Api\AVN.Autoconsulta.core\AVC.Autoconsulta.core.Utils\PipeClient.cs:line 98
12:02:54.352,E,204;System.TimeoutException: The operation has timed out.
   at System.IO.Pipes.NamedPipeClientStream.Connect(Int32 timeout)
   at AVN.Autoconsulta.core.PipeClient.MessageSentSuccessfully() in E:\00.- Proyectos\01.- Autopista Vespucio Norte\Servicio Rest\AVN.Autoconsulta.Api\AVN.Autoconsulta.core\AVC.Autoconsulta.core.Utils\PipeClient.cs:line 98
12:02:54.431,E,204;System.TimeoutException: The operation has timed out.
   at System.IO.Pipes.NamedPipeClientStream.Connect(Int32 timeout)
   at AVN.Autoconsulta.core.PipeClient.MessageSentSuccessfully() in E:\00.- Proyectos\01.- Autopista Vespucio Norte\Servicio Rest\AVN.Autoconsulta.Api\AVN.Autoconsulta.core\AVC.Autoconsulta.core.Utils\PipeClient.cs:line 98
12:02:54.440,Q,204;TP10PP001432041|REG|0|2017-07-19 12:02:54|2017-07-19 12:02:54|Boleta|Consulta Boletas|0|V|Consulta Boletas|17.122.588-4|0|0||||||0|0|||0||D5EE@
12:02:54.507,Q,204;TP10PP001582041|REG|0|2017-07-19 12:02:54|2017-07-19 12:02:54|Certificado|Impresion Certificado|0|V|Impresion Certificado|17.122.588-4|0|0||||||0|0|||0||CFE2@
12:03:04.441,E,204;System.TimeoutException: The operation has timed out.
   at System.IO.Pipes.NamedPipeClientStream.Connect(Int32 timeout)
   at AVN.Autoconsulta.core.PipeClient.MessageSentSuccessfully() in E:\00.- Proyectos\01.- Autopista Vespucio Norte\Servicio Rest\AVN.Autoconsulta.Api\AVN.Autoconsulta.core\AVC.Autoconsulta.core.Utils\PipeClient.cs:line 98
12:03:04.503,E,204;System.TimeoutException: The operation has timed out.
   at System.IO.Pipes.NamedPipeClientStream.Connect(Int32 timeout)
   at AVN.Autoconsulta.core.PipeClient.MessageSentSuccessfully() in E:\00.- Proyectos\01.- Autopista Vespucio Norte\Servicio Rest\AVN.Autoconsulta.Api\AVN.Autoconsulta.core\AVC.Autoconsulta.core.Utils\PipeClient.cs:line 98
12:03:08.508,Q,204;TP10PP001432041|REG|0|2017-07-19 12:03:08|2017-07-19 12:03:08|Boleta|Consulta Boletas|0|V|Consulta Boletas|17.122.588-4|0|0||||||0|0|||0||D5EE@
12:03:08.593,Q,204;TP10PP001612041|REG|0|2017-07-19 12:03:08|2017-07-19 12:03:08|Certificado|Impresion Boleta Detalle|0|V|Impresion Certificado|17.122.588-4|0|0||||||0|0|||0||CF13@
12:03:18.502,E,204;System.TimeoutException: The operation has timed out.
   at System.IO.Pipes.NamedPipeClientStream.Connect(Int32 timeout)
   at AVN.Autoconsulta.core.PipeClient.MessageSentSuccessfully() in E:\00.- Proyectos\01.- Autopista Vespucio Norte\Servicio Rest\AVN.Autoconsulta.Api\AVN.Autoconsulta.core\AVC.Autoconsulta.core.Utils\PipeClient.cs:line 98
12:03:18.580,E,204;System.TimeoutException: The operation has timed out.
   at System.IO.Pipes.NamedPipeClientStream.Connect(Int32 timeout)
   at AVN.Autoconsulta.core.PipeClient.MessageSentSuccessfully() in E:\00.- Proyectos\01.- Autopista Vespucio Norte\Servicio Rest\AVN.Autoconsulta.Api\AVN.Autoconsulta.core\AVC.Autoconsulta.core.Utils\PipeClient.cs:line 98
12:04:38.543,I,000;Server=localhost;Port=5432;Database=Pago;User ID=TpackP;Password=tpackp
12:04:38.545,I,000;Inicio Conexion BD

12:04:38.547,I,000;Inicio Método
12:04:38.548,I,000;Ejecución OK
12:04:38.549,I,000;Termino de Consulta a la BD
12:04:38.757,R,000;AVN.Autoconsulta.core.SVC_AVN_1_2.responseConsultaInfoTagDTO
12:04:38.760,Q,204;TP10PP001382041|REG|0|2017-07-19 12:04:38|2017-07-19 12:04:38|Saldo|Consulta Saldo|0|V|Consulta Saldo|17.122.588-4|0|0||||||0|0|||0||D7F4@
12:04:48.769,E,204;System.TimeoutException: The operation has timed out.
   at System.IO.Pipes.NamedPipeClientStream.Connect(Int32 timeout)
   at AVN.Autoconsulta.core.PipeClient.MessageSentSuccessfully() in E:\00.- Proyectos\01.- Autopista Vespucio Norte\Servicio Rest\AVN.Autoconsulta.Api\AVN.Autoconsulta.core\AVC.Autoconsulta.core.Utils\PipeClient.cs:line 98
12:05:22.810,Q,204;TP10PP001432041|REG|0|2017-07-19 12:05:22|2017-07-19 12:05:22|Boleta|Consulta Boletas|0|V|Consulta Boletas|17.122.588-4|0|0||||||0|0|||0||D5F2@
12:05:32.804,E,204;System.TimeoutException: The operation has timed out.
   at System.IO.Pipes.NamedPipeClientStream.Connect(Int32 timeout)
   at AVN.Autoconsulta.core.PipeClient.MessageSentSuccessfully() in E:\00.- Proyectos\01.- Autopista Vespucio Norte\Servicio Rest\AVN.Autoconsulta.Api\AVN.Autoconsulta.core\AVC.Autoconsulta.core.Utils\PipeClient.cs:line 98
12:05:47.995,Q,204;TP10PP001432041|REG|0|2017-07-19 12:05:47|2017-07-19 12:05:47|Boleta|Consulta Boletas|0|V|Consulta Boletas|17.122.588-4|0|0||||||0|0|||0||D5E4@
12:05:48.075,Q,204;TP10PP001612041|REG|0|2017-07-19 12:05:48|2017-07-19 12:05:48|Certificado|Impresion Boleta Detalle|0|V|Impresion Certificado|17.122.588-4|0|0||||||0|0|||0||CF07@
12:05:57.987,E,204;System.TimeoutException: The operation has timed out.
   at System.IO.Pipes.NamedPipeClientStream.Connect(Int32 timeout)
   at AVN.Autoconsulta.core.PipeClient.MessageSentSuccessfully() in E:\00.- Proyectos\01.- Autopista Vespucio Norte\Servicio Rest\AVN.Autoconsulta.Api\AVN.Autoconsulta.core\AVC.Autoconsulta.core.Utils\PipeClient.cs:line 98
12:05:58.096,E,204;System.TimeoutException: The operation has timed out.
   at System.IO.Pipes.NamedPipeClientStream.Connect(Int32 timeout)
   at AVN.Autoconsulta.core.PipeClient.MessageSentSuccessfully() in E:\00.- Proyectos\01.- Autopista Vespucio Norte\Servicio Rest\AVN.Autoconsulta.Api\AVN.Autoconsulta.core\AVC.Autoconsulta.core.Utils\PipeClient.cs:line 98
12:06:41.173,Q,204;TP10PP001862041|REG|0|2017-07-19 12:06:41|2017-07-19 12:06:41|Transitos No Facturados|Consulta Transitos No Facturados|0|V|Consulta Transitos No Facturados|BGXT65|0|0||||||0|0|||0||C421@
12:06:41.262,Q,204;TP10PP001862041|REG|0|2017-07-19 12:06:41|2017-07-19 12:06:41|Transitos No Facturados|Consulta Transitos No Facturados|0|V|Consulta Transitos No Facturados|BGXT65|0|0||||||0|0|||0||C421@
12:06:51.180,E,204;System.TimeoutException: The operation has timed out.
   at System.IO.Pipes.NamedPipeClientStream.Connect(Int32 timeout)
   at AVN.Autoconsulta.core.PipeClient.MessageSentSuccessfully() in E:\00.- Proyectos\01.- Autopista Vespucio Norte\Servicio Rest\AVN.Autoconsulta.Api\AVN.Autoconsulta.core\AVC.Autoconsulta.core.Utils\PipeClient.cs:line 98
12:06:51.258,E,204;System.TimeoutException: The operation has timed out.
   at System.IO.Pipes.NamedPipeClientStream.Connect(Int32 timeout)
   at AVN.Autoconsulta.core.PipeClient.MessageSentSuccessfully() in E:\00.- Proyectos\01.- Autopista Vespucio Norte\Servicio Rest\AVN.Autoconsulta.Api\AVN.Autoconsulta.core\AVC.Autoconsulta.core.Utils\PipeClient.cs:line 98
12:07:11.262,Q,204;TP10PP001862041|REG|0|2017-07-19 12:07:11|2017-07-19 12:07:11|Transitos No Facturados|Consulta Transitos No Facturados|0|V|Consulta Transitos No Facturados|CPHH16|0|0||||||0|0|||0||C43B@
12:07:11.635,Q,204;TP10PP001772041|REG|0|2017-07-19 12:07:11|2017-07-19 12:07:11|Transitos Facturados|Consulta Transitos Facturados|0|V|Consulta Transitos Facturados|CPHH16|0|0||||||0|0|||0||C6D2@
12:07:11.685,Q,204;TP10PP001862041|REG|0|2017-07-19 12:07:11|2017-07-19 12:07:11|Transitos No Facturados|Consulta Transitos No Facturados|0|V|Consulta Transitos No Facturados|CPHH16|0|0||||||0|0|||0||C43B@
12:07:21.266,E,204;System.TimeoutException: The operation has timed out.
   at System.IO.Pipes.NamedPipeClientStream.Connect(Int32 timeout)
   at AVN.Autoconsulta.core.PipeClient.MessageSentSuccessfully() in E:\00.- Proyectos\01.- Autopista Vespucio Norte\Servicio Rest\AVN.Autoconsulta.Api\AVN.Autoconsulta.core\AVC.Autoconsulta.core.Utils\PipeClient.cs:line 98
12:07:21.646,E,204;System.TimeoutException: The operation has timed out.
   at System.IO.Pipes.NamedPipeClientStream.Connect(Int32 timeout)
   at AVN.Autoconsulta.core.PipeClient.MessageSentSuccessfully() in E:\00.- Proyectos\01.- Autopista Vespucio Norte\Servicio Rest\AVN.Autoconsulta.Api\AVN.Autoconsulta.core\AVC.Autoconsulta.core.Utils\PipeClient.cs:line 98
12:07:21.692,E,204;System.TimeoutException: The operation has timed out.
   at System.IO.Pipes.NamedPipeClientStream.Connect(Int32 timeout)
   at AVN.Autoconsulta.core.PipeClient.MessageSentSuccessfully() in E:\00.- Proyectos\01.- Autopista Vespucio Norte\Servicio Rest\AVN.Autoconsulta.Api\AVN.Autoconsulta.core\AVC.Autoconsulta.core.Utils\PipeClient.cs:line 98
12:07:21.772,Q,204;TP10PP001862041|REG|0|2017-07-19 12:07:21|2017-07-19 12:07:21|Transitos No Facturados|Consulta Transitos No Facturados|0|V|Consulta Transitos No Facturados|CPHH16|0|0||||||0|0|||0||C439@
12:07:22.061,Q,204;TP10PP001792041|REG|0|2017-07-19 12:07:22|2017-07-19 12:07:22|Transitos Facturados|Impresion Transitos Facturados|0|V|Impresion Transitos Facturados|CPHH16|0|0||||||0|0|||0||C5F2@
12:07:31.785,E,204;System.TimeoutException: The operation has timed out.
   at System.IO.Pipes.NamedPipeClientStream.Connect(Int32 timeout)
   at AVN.Autoconsulta.core.PipeClient.MessageSentSuccessfully() in E:\00.- Proyectos\01.- Autopista Vespucio Norte\Servicio Rest\AVN.Autoconsulta.Api\AVN.Autoconsulta.core\AVC.Autoconsulta.core.Utils\PipeClient.cs:line 98
12:07:32.066,E,204;System.TimeoutException: The operation has timed out.
   at System.IO.Pipes.NamedPipeClientStream.Connect(Int32 timeout)
   at AVN.Autoconsulta.core.PipeClient.MessageSentSuccessfully() in E:\00.- Proyectos\01.- Autopista Vespucio Norte\Servicio Rest\AVN.Autoconsulta.Api\AVN.Autoconsulta.core\AVC.Autoconsulta.core.Utils\PipeClient.cs:line 98
12:07:36.841,Q,204;TP10PP001862041|REG|0|2017-07-19 12:07:36|2017-07-19 12:07:36|Transitos No Facturados|Consulta Transitos No Facturados|0|V|Consulta Transitos No Facturados|CPHH16|0|0||||||0|0|||0||C42D@
12:07:37.128,Q,204;TP10PP001792041|REG|0|2017-07-19 12:07:37|2017-07-19 12:07:37|Transitos Facturados|Impresion Transitos Facturados|0|V|Impresion Transitos Facturados|CPHH16|0|0||||||0|0|||0||C5E6@
12:07:46.841,E,204;System.TimeoutException: The operation has timed out.
   at System.IO.Pipes.NamedPipeClientStream.Connect(Int32 timeout)
   at AVN.Autoconsulta.core.PipeClient.MessageSentSuccessfully() in E:\00.- Proyectos\01.- Autopista Vespucio Norte\Servicio Rest\AVN.Autoconsulta.Api\AVN.Autoconsulta.core\AVC.Autoconsulta.core.Utils\PipeClient.cs:line 98
12:07:47.122,E,204;System.TimeoutException: The operation has timed out.
   at System.IO.Pipes.NamedPipeClientStream.Connect(Int32 timeout)
   at AVN.Autoconsulta.core.PipeClient.MessageSentSuccessfully() in E:\00.- Proyectos\01.- Autopista Vespucio Norte\Servicio Rest\AVN.Autoconsulta.Api\AVN.Autoconsulta.core\AVC.Autoconsulta.core.Utils\PipeClient.cs:line 98
12:09:43.468,Q,204;TP10PP001862041|REG|0|2017-07-19 12:09:43|2017-07-19 12:09:43|Transitos No Facturados|Consulta Transitos No Facturados|0|V|Consulta Transitos No Facturados|BGXT65|0|0||||||0|0|||0||C417@
12:09:43.572,Q,204;TP10PP001862041|REG|0|2017-07-19 12:09:43|2017-07-19 12:09:43|Transitos No Facturados|Consulta Transitos No Facturados|0|V|Consulta Transitos No Facturados|BGXT65|0|0||||||0|0|||0||C417@
12:09:53.466,E,204;System.TimeoutException: The operation has timed out.
   at System.IO.Pipes.NamedPipeClientStream.Connect(Int32 timeout)
   at AVN.Autoconsulta.core.PipeClient.MessageSentSuccessfully() in E:\00.- Proyectos\01.- Autopista Vespucio Norte\Servicio Rest\AVN.Autoconsulta.Api\AVN.Autoconsulta.core\AVC.Autoconsulta.core.Utils\PipeClient.cs:line 98
12:09:53.560,E,204;System.TimeoutException: The operation has timed out.
   at System.IO.Pipes.NamedPipeClientStream.Connect(Int32 timeout)
   at AVN.Autoconsulta.core.PipeClient.MessageSentSuccessfully() in E:\00.- Proyectos\01.- Autopista Vespucio Norte\Servicio Rest\AVN.Autoconsulta.Api\AVN.Autoconsulta.core\AVC.Autoconsulta.core.Utils\PipeClient.cs:line 98
12:10:25.063,Q,204;TP10PP001862041|REG|0|2017-07-19 12:10:25|2017-07-19 12:10:25|Transitos No Facturados|Consulta Transitos No Facturados|0|V|Consulta Transitos No Facturados|CPHH16|0|0||||||0|0|||0||C43D@
12:10:25.404,Q,204;TP10PP001862041|REG|0|2017-07-19 12:10:25|2017-07-19 12:10:25|Transitos No Facturados|Consulta Transitos No Facturados|0|V|Consulta Transitos No Facturados|CPHH16|0|0||||||0|0|||0||C43D@
12:10:25.459,Q,204;TP10PP001772041|REG|0|2017-07-19 12:10:25|2017-07-19 12:10:25|Transitos Facturados|Consulta Transitos Facturados|0|V|Consulta Transitos Facturados|CPHH16|0|0||||||0|0|||0||C6D4@
12:10:35.063,E,204;System.TimeoutException: The operation has timed out.
   at System.IO.Pipes.NamedPipeClientStream.Connect(Int32 timeout)
   at AVN.Autoconsulta.core.PipeClient.MessageSentSuccessfully() in E:\00.- Proyectos\01.- Autopista Vespucio Norte\Servicio Rest\AVN.Autoconsulta.Api\AVN.Autoconsulta.core\AVC.Autoconsulta.core.Utils\PipeClient.cs:line 98
12:10:35.418,E,204;System.TimeoutException: The operation has timed out.
   at System.IO.Pipes.NamedPipeClientStream.Connect(Int32 timeout)
   at AVN.Autoconsulta.core.PipeClient.MessageSentSuccessfully() in E:\00.- Proyectos\01.- Autopista Vespucio Norte\Servicio Rest\AVN.Autoconsulta.Api\AVN.Autoconsulta.core\AVC.Autoconsulta.core.Utils\PipeClient.cs:line 98
12:10:35.466,E,204;System.TimeoutException: The operation has timed out.
   at System.IO.Pipes.NamedPipeClientStream.Connect(Int32 timeout)
   at AVN.Autoconsulta.core.PipeClient.MessageSentSuccessfully() in E:\00.- Proyectos\01.- Autopista Vespucio Norte\Servicio Rest\AVN.Autoconsulta.Api\AVN.Autoconsulta.core\AVC.Autoconsulta.core.Utils\PipeClient.cs:line 98
12:10:44.631,Q,204;TP10PP001862041|REG|0|2017-07-19 12:10:44|2017-07-19 12:10:44|Transitos No Facturados|Consulta Transitos No Facturados|0|V|Consulta Transitos No Facturados|BGXT65|0|0||||||0|0|||0||C425@
12:10:44.717,Q,204;TP10PP001862041|REG|0|2017-07-19 12:10:44|2017-07-19 12:10:44|Transitos No Facturados|Consulta Transitos No Facturados|0|V|Consulta Transitos No Facturados|BGXT65|0|0||||||0|0|||0||C425@
12:10:54.624,E,204;System.TimeoutException: The operation has timed out.
   at System.IO.Pipes.NamedPipeClientStream.Connect(Int32 timeout)
   at AVN.Autoconsulta.core.PipeClient.MessageSentSuccessfully() in E:\00.- Proyectos\01.- Autopista Vespucio Norte\Servicio Rest\AVN.Autoconsulta.Api\AVN.Autoconsulta.core\AVC.Autoconsulta.core.Utils\PipeClient.cs:line 98
12:10:54.717,E,204;System.TimeoutException: The operation has timed out.
   at System.IO.Pipes.NamedPipeClientStream.Connect(Int32 timeout)
   at AVN.Autoconsulta.core.PipeClient.MessageSentSuccessfully() in E:\00.- Proyectos\01.- Autopista Vespucio Norte\Servicio Rest\AVN.Autoconsulta.Api\AVN.Autoconsulta.core\AVC.Autoconsulta.core.Utils\PipeClient.cs:line 98
12:11:36.348,Q,204;TP10PP001562041|REG|0|2017-07-19 12:11:36|2017-07-19 12:11:36|Certificado|Consulta Certificado|0|V|Consulta Certificado|10.069.244-9|0|0||||||0|0|||0||D0C1@
12:11:46.364,E,204;System.TimeoutException: The operation has timed out.
   at System.IO.Pipes.NamedPipeClientStream.Connect(Int32 timeout)
   at AVN.Autoconsulta.core.PipeClient.MessageSentSuccessfully() in E:\00.- Proyectos\01.- Autopista Vespucio Norte\Servicio Rest\AVN.Autoconsulta.Api\AVN.Autoconsulta.core\AVC.Autoconsulta.core.Utils\PipeClient.cs:line 98
12:11:48.989,Q,204;TP10PP001582041|REG|0|2017-07-19 12:11:48|2017-07-19 12:11:48|Certificado|Impresion Certificado|0|V|Impresion Certificado|10.069.244-9|0|0||||||0|0|||0||CFDF@
12:11:58.996,E,204;System.TimeoutException: The operation has timed out.
   at System.IO.Pipes.NamedPipeClientStream.Connect(Int32 timeout)
   at AVN.Autoconsulta.core.PipeClient.MessageSentSuccessfully() in E:\00.- Proyectos\01.- Autopista Vespucio Norte\Servicio Rest\AVN.Autoconsulta.Api\AVN.Autoconsulta.core\AVC.Autoconsulta.core.Utils\PipeClient.cs:line 98
12:12:23.245,Q,204;TP10PP001562041|REG|0|2017-07-19 12:12:23|2017-07-19 12:12:23|Certificado|Consulta Certificado|0|V|Consulta Certificado|10.069.244-9|0|0||||||0|0|||0||D0C7@
12:12:31.398,Q,204;TP10PP001582041|REG|0|2017-07-19 12:12:31|2017-07-19 12:12:31|Certificado|Impresion Certificado|0|V|Impresion Certificado|10.069.244-9|0|0||||||0|0|||0||CFED@
12:12:33.256,E,204;System.TimeoutException: The operation has timed out.
   at System.IO.Pipes.NamedPipeClientStream.Connect(Int32 timeout)
   at AVN.Autoconsulta.core.PipeClient.MessageSentSuccessfully() in E:\00.- Proyectos\01.- Autopista Vespucio Norte\Servicio Rest\AVN.Autoconsulta.Api\AVN.Autoconsulta.core\AVC.Autoconsulta.core.Utils\PipeClient.cs:line 98
12:12:41.398,E,204;System.TimeoutException: The operation has timed out.
   at System.IO.Pipes.NamedPipeClientStream.Connect(Int32 timeout)
   at AVN.Autoconsulta.core.PipeClient.MessageSentSuccessfully() in E:\00.- Proyectos\01.- Autopista Vespucio Norte\Servicio Rest\AVN.Autoconsulta.Api\AVN.Autoconsulta.core\AVC.Autoconsulta.core.Utils\PipeClient.cs:line 98
12:29:09.886,I,000;Server=localhost;Port=5432;Database=Pago;User ID=TpackP;Password=tpackp
12:29:09.889,I,000;Inicio Conexion BD
12:29:09.892,I,000;Ejecución OK
12:29:09.893,I,000;Termino de Consulta a la BD

12:29:43.045,I,000;Inicio Método
12:29:43.059,I,000;Server=localhost;Port=5432;Database=Pago;User ID=TpackP;Password=tpackp
12:29:43.061,I,000;Inicio Conexion BD
12:29:43.063,I,000;Ejecución OK
12:29:43.065,I,000;Termino de Consulta a la BD
12:29:44.754,R,000;AVN.Autoconsulta.core.SVC_AVN_1_2.responseConsultaInfoTagDTO
12:29:44.754,Q,204;TP10PP001382041|REG|0|2017-07-19 12:29:44|2017-07-19 12:29:44|Saldo|Consulta Saldo|0|V|Consulta Saldo|12.886.980-8|0|0||||||0|0|||0||D7E0@
12:29:54.750,E,204;System.TimeoutException: The operation has timed out.
   at System.IO.Pipes.NamedPipeClientStream.Connect(Int32 timeout)
   at AVN.Autoconsulta.core.PipeClient.MessageSentSuccessfully() in E:\00.- Proyectos\01.- Autopista Vespucio Norte\Servicio Rest\AVN.Autoconsulta.Api\AVN.Autoconsulta.core\AVC.Autoconsulta.core.Utils\PipeClient.cs:line 98
12:30:03.351,Q,204;TP10PP001452041|REG|0|2017-07-19 12:30:03|2017-07-19 12:30:03|Certificado|Impresion Cupon Pago|0|V|Impresion Certificado||0|0||||||0|0|||0||D300@
12:30:13.346,E,204;System.TimeoutException: The operation has timed out.
   at System.IO.Pipes.NamedPipeClientStream.Connect(Int32 timeout)
   at AVN.Autoconsulta.core.PipeClient.MessageSentSuccessfully() in E:\00.- Proyectos\01.- Autopista Vespucio Norte\Servicio Rest\AVN.Autoconsulta.Api\AVN.Autoconsulta.core\AVC.Autoconsulta.core.Utils\PipeClient.cs:line 98
12:31:26.543,I,000;Server=localhost;Port=5432;Database=Pago;User ID=TpackP;Password=tpackp
12:31:26.546,I,000;Inicio Conexion BD
12:31:26.548,I,000;Ejecución OK
12:31:26.549,I,000;Termino de Consulta a la BD
