
10:15:26.943,I,000;Inicio de la clase
10:15:29.615,F,000;AVN.Autoconsulta.core.ClienteDto

10:15:29.760,I,000;Inicio de la clase

10:15:29.791,I,000;Inicio Método
10:15:30.259,R,000;AVN.Autoconsulta.core.SVC_AVN_1_2.responseConsultaInfoTagDTO
10:15:30.271,Q,204;TP10PP001382041|REG|0|2017-09-04 10:15:30|2017-09-04 10:15:30|Saldo|Consulta Saldo|0|V|Consulta Saldo|17.122.588-4|0|0||||||0|0|||0||D80C@
10:15:30.292,F,000;AVN.Autoconsulta.core.ClienteDto
10:15:30.345,I,000;Server=localhost;Port=5432;Database=Pago;User ID=TpackP;Password=tpackp
10:15:30.346,I,000;Inicio Conexion BD
10:15:30.355,I,000;Ejecución OK
10:15:30.359,I,000;Termino de Consulta a la BD
10:15:40.301,E,204;System.TimeoutException: The operation has timed out.
   at System.IO.Pipes.NamedPipeClientStream.Connect(Int32 timeout)
   at AVN.Autoconsulta.core.PipeClient.MessageSentSuccessfully() in E:\00.- Proyectos\01.- Autopista Vespucio Norte\Servicio Rest\AVN.Autoconsulta.Api\AVN.Autoconsulta.core\AVC.Autoconsulta.core.Utils\PipeClient.cs:line 98

10:16:02.559,I,000;Inicio de la clase
10:16:04.417,F,000;AVN.Autoconsulta.core.ClienteDto

10:16:16.910,I,000;Inicio de la clase

10:16:16.918,I,000;Inicio de la clase
10:16:17.446,F,000;AVN.Autoconsulta.core.ClienteDto
10:16:17.483,I,000;System.Collections.Generic.List`1[AVN.Autoconsulta.core.BoletaDto]
10:16:17.486,I,000;Fin de la clase -- [GetBoletas]
10:16:17.489,Q,204;TP10PP001432041|REG|0|2017-09-04 10:16:17|2017-09-04 10:16:17|Boleta|Consulta Boletas|0|V|Consulta Boletas|17.122.588-4|0|0||||||0|0|||0||D5F2@
10:16:27.499,E,204;System.TimeoutException: The operation has timed out.
   at System.IO.Pipes.NamedPipeClientStream.Connect(Int32 timeout)
   at AVN.Autoconsulta.core.PipeClient.MessageSentSuccessfully() in E:\00.- Proyectos\01.- Autopista Vespucio Norte\Servicio Rest\AVN.Autoconsulta.Api\AVN.Autoconsulta.core\AVC.Autoconsulta.core.Utils\PipeClient.cs:line 98

10:16:49.699,I,000;Inicio de la clase
10:16:50.285,I,000;System.Collections.Generic.List`1[AVN.Autoconsulta.core.BoletaDto]
10:16:50.287,I,000;Fin de la clase -- [GetBoletas]
10:16:50.289,Q,204;TP10PP001432041|REG|0|2017-09-04 10:16:50|2017-09-04 10:16:50|Boleta|Consulta Boletas|0|V|Consulta Boletas|17.122.588-4|0|0||||||0|0|||0||D5F8@
10:16:50.990,Q,204;TP10PP001612041|REG|0|2017-09-04 10:16:50|2017-09-04 10:16:50|Certificado|Impresion Boleta Detalle|0|V|Impresion Certificado|17.122.588-4|0|0||||||0|0|||0||CF1D@
10:16:55.713,Q,204;TP10PP001612041|REG|0|2017-09-04 10:16:55|2017-09-04 10:16:55|Certificado|Impresion Boleta Detalle|0|V|Impresion Certificado|17.122.588-4|0|0||||||0|0|||0||CF13@
10:17:00.281,Q,204;TP10PP001612041|REG|0|2017-09-04 10:17:00|2017-09-04 10:17:00|Certificado|Impresion Boleta Detalle|0|V|Impresion Certificado|17.122.588-4|0|0||||||0|0|||0||CF25@
10:17:00.312,E,204;System.TimeoutException: The operation has timed out.
   at System.IO.Pipes.NamedPipeClientStream.Connect(Int32 timeout)
   at AVN.Autoconsulta.core.PipeClient.MessageSentSuccessfully() in E:\00.- Proyectos\01.- Autopista Vespucio Norte\Servicio Rest\AVN.Autoconsulta.Api\AVN.Autoconsulta.core\AVC.Autoconsulta.core.Utils\PipeClient.cs:line 98
10:17:01.003,E,204;System.TimeoutException: The operation has timed out.
   at System.IO.Pipes.NamedPipeClientStream.Connect(Int32 timeout)
   at AVN.Autoconsulta.core.PipeClient.MessageSentSuccessfully() in E:\00.- Proyectos\01.- Autopista Vespucio Norte\Servicio Rest\AVN.Autoconsulta.Api\AVN.Autoconsulta.core\AVC.Autoconsulta.core.Utils\PipeClient.cs:line 98
10:17:05.715,E,204;System.TimeoutException: The operation has timed out.
   at System.IO.Pipes.NamedPipeClientStream.Connect(Int32 timeout)
   at AVN.Autoconsulta.core.PipeClient.MessageSentSuccessfully() in E:\00.- Proyectos\01.- Autopista Vespucio Norte\Servicio Rest\AVN.Autoconsulta.Api\AVN.Autoconsulta.core\AVC.Autoconsulta.core.Utils\PipeClient.cs:line 98
10:17:10.318,E,204;System.TimeoutException: The operation has timed out.
   at System.IO.Pipes.NamedPipeClientStream.Connect(Int32 timeout)
   at AVN.Autoconsulta.core.PipeClient.MessageSentSuccessfully() in E:\00.- Proyectos\01.- Autopista Vespucio Norte\Servicio Rest\AVN.Autoconsulta.Api\AVN.Autoconsulta.core\AVC.Autoconsulta.core.Utils\PipeClient.cs:line 98

10:17:46.301,I,000;Inicio de la clase
10:17:52.326,F,000;AVN.Autoconsulta.core.ClienteDto

10:18:10.502,I,000;Inicio de la clase

10:18:10.528,I,000;Inicio de la clase
10:18:11.799,I,000;System.Collections.Generic.List`1[AVN.Autoconsulta.core.BoletaDto]
10:18:11.803,I,000;Fin de la clase -- [GetBoletas]
10:18:11.807,Q,204;TP10PP001432041|REG|0|2017-09-04 10:18:11|2017-09-04 10:18:11|Boleta|Consulta Boletas|0|V|Consulta Boletas|10.446.699-0|0|0||||||0|0|||0||D5F9@
10:18:12.173,F,000;AVN.Autoconsulta.core.ClienteDto
10:18:21.800,E,204;System.TimeoutException: The operation has timed out.
   at System.IO.Pipes.NamedPipeClientStream.Connect(Int32 timeout)
   at AVN.Autoconsulta.core.PipeClient.MessageSentSuccessfully() in E:\00.- Proyectos\01.- Autopista Vespucio Norte\Servicio Rest\AVN.Autoconsulta.Api\AVN.Autoconsulta.core\AVC.Autoconsulta.core.Utils\PipeClient.cs:line 98

10:18:28.917,I,000;Inicio de la clase
10:18:30.504,I,000;System.Collections.Generic.List`1[AVN.Autoconsulta.core.BoletaDto]
10:18:30.506,I,000;Fin de la clase -- [GetBoletas]
10:18:30.508,Q,204;TP10PP001432041|REG|0|2017-09-04 10:18:30|2017-09-04 10:18:30|Boleta|Consulta Boletas|0|V|Consulta Boletas|10.446.699-0|0|0||||||0|0|||0||D5F7@
10:18:32.245,Q,204;TP10PP001612041|REG|0|2017-09-04 10:18:32|2017-09-04 10:18:32|Certificado|Impresion Boleta Detalle|0|V|Impresion Certificado|10.446.699-0|0|0||||||0|0|||0||CF18@
10:18:40.517,E,204;System.TimeoutException: The operation has timed out.
   at System.IO.Pipes.NamedPipeClientStream.Connect(Int32 timeout)
   at AVN.Autoconsulta.core.PipeClient.MessageSentSuccessfully() in E:\00.- Proyectos\01.- Autopista Vespucio Norte\Servicio Rest\AVN.Autoconsulta.Api\AVN.Autoconsulta.core\AVC.Autoconsulta.core.Utils\PipeClient.cs:line 98
10:18:42.264,E,204;System.TimeoutException: The operation has timed out.
   at System.IO.Pipes.NamedPipeClientStream.Connect(Int32 timeout)
   at AVN.Autoconsulta.core.PipeClient.MessageSentSuccessfully() in E:\00.- Proyectos\01.- Autopista Vespucio Norte\Servicio Rest\AVN.Autoconsulta.Api\AVN.Autoconsulta.core\AVC.Autoconsulta.core.Utils\PipeClient.cs:line 98

10:24:02.321,I,000;Inicio de la clase

10:24:02.357,I,000;Inicio de la clase
10:24:09.421,I,000;System.Collections.Generic.List`1[AVN.Autoconsulta.core.BoletaDto]
10:24:09.424,I,000;Fin de la clase -- [GetBoletas]
10:24:09.430,F,000;AVN.Autoconsulta.core.ClienteDto
10:24:09.457,Q,204;TP10PP001412041|REG|0|2017-09-04 10:24:09|2017-09-04 10:24:09|Boleta|Consulta Boletas|0|V|Consulta Boletas|12484157-7|0|0||||||0|0|||0||D64F@
10:24:19.445,E,204;System.TimeoutException: The operation has timed out.
   at System.IO.Pipes.NamedPipeClientStream.Connect(Int32 timeout)
   at AVN.Autoconsulta.core.PipeClient.MessageSentSuccessfully() in E:\00.- Proyectos\01.- Autopista Vespucio Norte\Servicio Rest\AVN.Autoconsulta.Api\AVN.Autoconsulta.core\AVC.Autoconsulta.core.Utils\PipeClient.cs:line 98

10:24:21.192,I,000;Inicio de la clase

10:24:21.220,I,000;Inicio de la clase
10:25:21.271,E,000;
Server stack trace: 
   at System.ServiceModel.Channels.RequestChannel.Request(Message message, TimeSpan timeout)
   at System.ServiceModel.Dispatcher.RequestChannelBinder.Request(Message message, TimeSpan timeout)
   at System.ServiceModel.Channels.ServiceChannel.Call(String action, Boolean oneway, ProxyOperationRuntime operation, Object[] ins, Object[] outs, TimeSpan timeout)
   at System.ServiceModel.Channels.ServiceChannelProxy.InvokeService(IMethodCallMessage methodCall, ProxyOperationRuntime operation)
   at System.ServiceModel.Channels.ServiceChannelProxy.Invoke(IMessage message)

Exception rethrown at [0]: 
   at System.Runtime.Remoting.Proxies.RealProxy.HandleReturnMessage(IMessage reqMsg, IMessage retMsg)
   at System.Runtime.Remoting.Proxies.RealProxy.PrivateInvoke(MessageData& msgData, Int32 type)
   at AVN.Autoconsulta.core.SVC_AVN_1_2.ConsultaInfoTagWS.ZRFC_INFORMACION_TAG(ZRFC_INFORMACION_TAG request)
   at AVN.Autoconsulta.core.GetAVN.AVN.Autoconsulta.core.IGetAVN.GetInformacionCliente(String pRut) in E:\00.- Proyectos\01.- Autopista Vespucio Norte\Servicio Rest\AVN.Autoconsulta.Api\AVN.Autoconsulta.core\AVN.Autoconsulta.DAO\GetAVN.cs:line 60
10:25:21.273,E,000;
Server stack trace: 
   at System.ServiceModel.Channels.RequestChannel.Request(Message message, TimeSpan timeout)
   at System.ServiceModel.Dispatcher.RequestChannelBinder.Request(Message message, TimeSpan timeout)
   at System.ServiceModel.Channels.ServiceChannel.Call(String action, Boolean oneway, ProxyOperationRuntime operation, Object[] ins, Object[] outs, TimeSpan timeout)
   at System.ServiceModel.Channels.ServiceChannelProxy.InvokeService(IMethodCallMessage methodCall, ProxyOperationRuntime operation)
   at System.ServiceModel.Channels.ServiceChannelProxy.Invoke(IMessage message)

Exception rethrown at [0]: 
   at System.Runtime.Remoting.Proxies.RealProxy.HandleReturnMessage(IMessage reqMsg, IMessage retMsg)
   at System.Runtime.Remoting.Proxies.RealProxy.PrivateInvoke(MessageData& msgData, Int32 type)
   at AVN.Autoconsulta.core.SVC_AVN_1_2.ConsultaInfoTagWS.ZRFC_INFORMACION_TAG(ZRFC_INFORMACION_TAG request)
   at AVN.Autoconsulta.core.GetAVN.AVN.Autoconsulta.core.IGetAVN.GetBoletas(String pRut) in E:\00.- Proyectos\01.- Autopista Vespucio Norte\Servicio Rest\AVN.Autoconsulta.Api\AVN.Autoconsulta.core\AVN.Autoconsulta.DAO\GetAVN.cs:line 282

10:38:08.843,I,000;Inicio de la clase
10:38:09.042,F,000;AVN.Autoconsulta.core.ClienteDto
10:38:09.117,I,000;Server=localhost;Port=5432;Database=Pago;User ID=TpackP;Password=tpackp
10:38:09.119,I,000;Inicio Conexion BD
10:38:09.121,I,000;Ejecución OK
10:38:09.123,I,000;Termino de Consulta a la BD
10:39:10.657,I,000;System.Collections.Generic.List`1[AVN.Autoconsulta.core.CertificadosDto]
10:39:10.657,I,000;Fin de la clase -- [GetBoletas]
10:39:10.719,Q,204;TP10PP001552041|REG|0|2017-09-04 10:39:10|2017-09-04 10:39:10|Certificado|Consulta Certificado|0|V|Consulta Certificado|5.116.320-6|0|0||||||0|0|||0||D105@
10:39:18.503,I,000;System.Collections.Generic.List`1[AVN.Autoconsulta.core.CertificadosDto]
10:39:18.504,I,000;Fin de la clase -- [GetBoletas]
10:39:20.725,E,204;System.TimeoutException: The operation has timed out.
   at System.IO.Pipes.NamedPipeClientStream.Connect(Int32 timeout)
   at AVN.Autoconsulta.core.PipeClient.MessageSentSuccessfully() in E:\00.- Proyectos\01.- Autopista Vespucio Norte\Servicio Rest\AVN.Autoconsulta.Api\AVN.Autoconsulta.core\AVC.Autoconsulta.core.Utils\PipeClient.cs:line 98
10:39:21.255,Q,204;TP10PP001572041|REG|0|2017-09-04 10:39:21|2017-09-04 10:39:21|Certificado|Impresion Certificado|0|V|Impresion Certificado|5.116.320-6|0|0||||||0|0|||0||D025@
10:39:31.270,E,204;System.TimeoutException: The operation has timed out.
   at System.IO.Pipes.NamedPipeClientStream.Connect(Int32 timeout)
   at AVN.Autoconsulta.core.PipeClient.MessageSentSuccessfully() in E:\00.- Proyectos\01.- Autopista Vespucio Norte\Servicio Rest\AVN.Autoconsulta.Api\AVN.Autoconsulta.core\AVC.Autoconsulta.core.Utils\PipeClient.cs:line 98

10:40:10.953,I,000;Inicio de la clase
10:40:14.552,I,000;System.Collections.Generic.List`1[AVN.Autoconsulta.core.TransitosFacturadosDto]
10:40:14.554,I,000;Fin de la clase -- [GetTransitosNoFacturados]
10:40:14.559,Q,204;TP10PP001772041|REG|0|2017-09-04 10:40:14|2017-09-04 10:40:14|Transitos Facturados|Consulta Transitos Facturados|0|V|Consulta Transitos Facturados|YV3690|0|0||||||0|0|||0||C6E7@

10:40:20.989,I,000;Inicio de la clase
10:40:22.874,I,000;System.Collections.Generic.List`1[AVN.Autoconsulta.core.TransitosFacturadosDto]
10:40:22.874,I,000;Fin de la clase -- [GetTransitosNoFacturados]
10:40:22.874,Q,204;TP10PP001772041|REG|0|2017-09-04 10:40:22|2017-09-04 10:40:22|Transitos Facturados|Consulta Transitos Facturados|0|V|Consulta Transitos Facturados|YV3690|0|0||||||0|0|||0||C6E9@
10:40:24.548,E,204;System.TimeoutException: The operation has timed out.
   at System.IO.Pipes.NamedPipeClientStream.Connect(Int32 timeout)
   at AVN.Autoconsulta.core.PipeClient.MessageSentSuccessfully() in E:\00.- Proyectos\01.- Autopista Vespucio Norte\Servicio Rest\AVN.Autoconsulta.Api\AVN.Autoconsulta.core\AVC.Autoconsulta.core.Utils\PipeClient.cs:line 98
10:40:32.866,E,204;System.TimeoutException: The operation has timed out.
   at System.IO.Pipes.NamedPipeClientStream.Connect(Int32 timeout)
   at AVN.Autoconsulta.core.PipeClient.MessageSentSuccessfully() in E:\00.- Proyectos\01.- Autopista Vespucio Norte\Servicio Rest\AVN.Autoconsulta.Api\AVN.Autoconsulta.core\AVC.Autoconsulta.core.Utils\PipeClient.cs:line 98
10:40:54.640,Q,204;TP10PP001792041|REG|0|2017-09-04 10:40:54|2017-09-04 10:40:54|Transitos Facturados|Impresion Transitos Facturados|0|V|Impresion Transitos Facturados|YV3690|0|0||||||0|0|||0||C603@
10:41:04.651,E,204;System.TimeoutException: The operation has timed out.
   at System.IO.Pipes.NamedPipeClientStream.Connect(Int32 timeout)
   at AVN.Autoconsulta.core.PipeClient.MessageSentSuccessfully() in E:\00.- Proyectos\01.- Autopista Vespucio Norte\Servicio Rest\AVN.Autoconsulta.Api\AVN.Autoconsulta.core\AVC.Autoconsulta.core.Utils\PipeClient.cs:line 98

10:43:00.946,I,000;Inicio de la clase
10:43:52.612,F,000;AVN.Autoconsulta.core.ClienteDto

10:43:52.704,I,000;Inicio de la clase

10:43:52.722,I,000;Inicio Método
10:43:59.388,F,000;AVN.Autoconsulta.core.ClienteDto
10:43:59.701,R,000;AVN.Autoconsulta.core.SVC_AVN_1_2.responseConsultaInfoTagDTO
10:43:59.706,Q,204;TP10PP001382041|REG|0|2017-09-04 10:43:59|2017-09-04 10:43:59|Saldo|Consulta Saldo|0|V|Consulta Saldo|10.697.286-9|0|0||||||0|0|||0||D7EA@
10:43:59.738,I,000;Server=localhost;Port=5432;Database=Pago;User ID=TpackP;Password=tpackp
10:43:59.740,I,000;Inicio Conexion BD
10:43:59.742,I,000;Ejecución OK
10:43:59.743,I,000;Termino de Consulta a la BD
10:44:09.704,E,204;System.TimeoutException: The operation has timed out.
   at System.IO.Pipes.NamedPipeClientStream.Connect(Int32 timeout)
   at AVN.Autoconsulta.core.PipeClient.MessageSentSuccessfully() in E:\00.- Proyectos\01.- Autopista Vespucio Norte\Servicio Rest\AVN.Autoconsulta.Api\AVN.Autoconsulta.core\AVC.Autoconsulta.core.Utils\PipeClient.cs:line 98
10:44:13.916,Q,204;TP10PP001452041|REG|0|2017-09-04 10:44:13|2017-09-04 10:44:13|Certificado|Impresion Cupon Pago|0|V|Impresion Certificado||0|0||||||0|0|||0||D300@
10:44:23.927,E,204;System.TimeoutException: The operation has timed out.
   at System.IO.Pipes.NamedPipeClientStream.Connect(Int32 timeout)
   at AVN.Autoconsulta.core.PipeClient.MessageSentSuccessfully() in E:\00.- Proyectos\01.- Autopista Vespucio Norte\Servicio Rest\AVN.Autoconsulta.Api\AVN.Autoconsulta.core\AVC.Autoconsulta.core.Utils\PipeClient.cs:line 98
10:46:08.149,I,000;System.Collections.Generic.List`1[AVN.Autoconsulta.core.CertificadosDto]
10:46:08.152,I,000;Fin de la clase -- [GetBoletas]
10:46:08.215,Q,204;TP10PP001552041|REG|0|2017-09-04 10:46:08|2017-09-04 10:46:08|Certificado|Consulta Certificado|0|V|Consulta Certificado|5.116.320-6|0|0||||||0|0|||0||D0FB@
10:46:18.220,E,204;System.TimeoutException: The operation has timed out.
   at System.IO.Pipes.NamedPipeClientStream.Connect(Int32 timeout)
   at AVN.Autoconsulta.core.PipeClient.MessageSentSuccessfully() in E:\00.- Proyectos\01.- Autopista Vespucio Norte\Servicio Rest\AVN.Autoconsulta.Api\AVN.Autoconsulta.core\AVC.Autoconsulta.core.Utils\PipeClient.cs:line 98
10:48:16.245,I,000;System.Collections.Generic.List`1[AVN.Autoconsulta.core.CertificadosDto]
10:48:16.245,I,000;Fin de la clase -- [GetBoletas]
10:48:16.307,Q,204;TP10PP001562041|REG|0|2017-09-04 10:48:16|2017-09-04 10:48:16|Certificado|Consulta Certificado|0|V|Consulta Certificado|10.720.050-9|0|0||||||0|0|||0||D0C8@
10:48:26.321,E,204;System.TimeoutException: The operation has timed out.
   at System.IO.Pipes.NamedPipeClientStream.Connect(Int32 timeout)
   at AVN.Autoconsulta.core.PipeClient.MessageSentSuccessfully() in E:\00.- Proyectos\01.- Autopista Vespucio Norte\Servicio Rest\AVN.Autoconsulta.Api\AVN.Autoconsulta.core\AVC.Autoconsulta.core.Utils\PipeClient.cs:line 98
10:48:33.548,I,000;System.Collections.Generic.List`1[AVN.Autoconsulta.core.CertificadosDto]
10:48:33.550,I,000;Fin de la clase -- [GetBoletas]
10:48:33.947,Q,204;TP10PP001582041|REG|0|2017-09-04 10:48:33|2017-09-04 10:48:33|Certificado|Impresion Certificado|0|V|Impresion Certificado|10.720.050-9|0|0||||||0|0|||0||CFEE@
10:48:43.956,E,204;System.TimeoutException: The operation has timed out.
   at System.IO.Pipes.NamedPipeClientStream.Connect(Int32 timeout)
   at AVN.Autoconsulta.core.PipeClient.MessageSentSuccessfully() in E:\00.- Proyectos\01.- Autopista Vespucio Norte\Servicio Rest\AVN.Autoconsulta.Api\AVN.Autoconsulta.core\AVC.Autoconsulta.core.Utils\PipeClient.cs:line 98
10:50:47.519,I,000;System.Collections.Generic.List`1[AVN.Autoconsulta.core.CertificadosDto]
10:50:47.521,I,000;Fin de la clase -- [GetBoletas]
10:50:47.583,Q,204;TP10PP001552041|REG|0|2017-09-04 10:50:47|2017-09-04 10:50:47|Certificado|Consulta Certificado|0|V|Consulta Certificado|5.116.320-6|0|0||||||0|0|||0||D0FF@
10:50:57.600,E,204;System.TimeoutException: The operation has timed out.
   at System.IO.Pipes.NamedPipeClientStream.Connect(Int32 timeout)
   at AVN.Autoconsulta.core.PipeClient.MessageSentSuccessfully() in E:\00.- Proyectos\01.- Autopista Vespucio Norte\Servicio Rest\AVN.Autoconsulta.Api\AVN.Autoconsulta.core\AVC.Autoconsulta.core.Utils\PipeClient.cs:line 98
10:51:41.177,I,000;System.Collections.Generic.List`1[AVN.Autoconsulta.core.CertificadosDto]
10:51:41.180,I,000;Fin de la clase -- [GetBoletas]
10:51:41.251,Q,204;TP10PP001552041|REG|0|2017-09-04 10:51:41|2017-09-04 10:51:41|Certificado|Consulta Certificado|0|V|Consulta Certificado|6.116.701-3|0|0||||||0|0|||0||D108@
10:51:51.248,E,204;System.TimeoutException: The operation has timed out.
   at System.IO.Pipes.NamedPipeClientStream.Connect(Int32 timeout)
   at AVN.Autoconsulta.core.PipeClient.MessageSentSuccessfully() in E:\00.- Proyectos\01.- Autopista Vespucio Norte\Servicio Rest\AVN.Autoconsulta.Api\AVN.Autoconsulta.core\AVC.Autoconsulta.core.Utils\PipeClient.cs:line 98

10:53:13.454,I,000;Inicio de la clase

10:53:13.489,I,000;Inicio de la clase
10:53:20.522,I,000;System.Collections.Generic.List`1[AVN.Autoconsulta.core.BoletaDto]
10:53:20.524,I,000;Fin de la clase -- [GetBoletas]
10:53:20.527,Q,204;TP10PP001412041|REG|0|2017-09-04 10:53:20|2017-09-04 10:53:20|Boleta|Consulta Boletas|0|V|Consulta Boletas|12484157-7|0|0||||||0|0|||0||D659@
10:53:20.595,F,000;AVN.Autoconsulta.core.ClienteDto
10:53:30.531,E,204;System.TimeoutException: The operation has timed out.
   at System.IO.Pipes.NamedPipeClientStream.Connect(Int32 timeout)
   at AVN.Autoconsulta.core.PipeClient.MessageSentSuccessfully() in E:\00.- Proyectos\01.- Autopista Vespucio Norte\Servicio Rest\AVN.Autoconsulta.Api\AVN.Autoconsulta.core\AVC.Autoconsulta.core.Utils\PipeClient.cs:line 98

10:53:43.560,I,000;Inicio de la clase

10:53:43.592,I,000;Inicio de la clase
10:54:43.600,E,000;
Server stack trace: 
   at System.ServiceModel.Channels.RequestChannel.Request(Message message, TimeSpan timeout)
   at System.ServiceModel.Dispatcher.RequestChannelBinder.Request(Message message, TimeSpan timeout)
   at System.ServiceModel.Channels.ServiceChannel.Call(String action, Boolean oneway, ProxyOperationRuntime operation, Object[] ins, Object[] outs, TimeSpan timeout)
   at System.ServiceModel.Channels.ServiceChannelProxy.InvokeService(IMethodCallMessage methodCall, ProxyOperationRuntime operation)
   at System.ServiceModel.Channels.ServiceChannelProxy.Invoke(IMessage message)

Exception rethrown at [0]: 
   at System.Runtime.Remoting.Proxies.RealProxy.HandleReturnMessage(IMessage reqMsg, IMessage retMsg)
   at System.Runtime.Remoting.Proxies.RealProxy.PrivateInvoke(MessageData& msgData, Int32 type)
   at AVN.Autoconsulta.core.SVC_AVN_1_2.ConsultaInfoTagWS.ZRFC_INFORMACION_TAG(ZRFC_INFORMACION_TAG request)
   at AVN.Autoconsulta.core.GetAVN.AVN.Autoconsulta.core.IGetAVN.GetInformacionCliente(String pRut) in E:\00.- Proyectos\01.- Autopista Vespucio Norte\Servicio Rest\AVN.Autoconsulta.Api\AVN.Autoconsulta.core\AVN.Autoconsulta.DAO\GetAVN.cs:line 60
10:54:43.608,E,000;
Server stack trace: 
   at System.ServiceModel.Channels.HttpChannelUtilities.ProcessGetResponseWebException(WebException webException, HttpWebRequest request, HttpAbortReason abortReason)
   at System.ServiceModel.Channels.HttpChannelFactory`1.HttpRequestChannel.HttpChannelRequest.WaitForReply(TimeSpan timeout)
   at System.ServiceModel.Channels.RequestChannel.Request(Message message, TimeSpan timeout)
   at System.ServiceModel.Dispatcher.RequestChannelBinder.Request(Message message, TimeSpan timeout)
   at System.ServiceModel.Channels.ServiceChannel.Call(String action, Boolean oneway, ProxyOperationRuntime operation, Object[] ins, Object[] outs, TimeSpan timeout)
   at System.ServiceModel.Channels.ServiceChannelProxy.InvokeService(IMethodCallMessage methodCall, ProxyOperationRuntime operation)
   at System.ServiceModel.Channels.ServiceChannelProxy.Invoke(IMessage message)

Exception rethrown at [0]: 
   at System.Runtime.Remoting.Proxies.RealProxy.HandleReturnMessage(IMessage reqMsg, IMessage retMsg)
   at System.Runtime.Remoting.Proxies.RealProxy.PrivateInvoke(MessageData& msgData, Int32 type)
   at AVN.Autoconsulta.core.SVC_AVN_1_2.ConsultaInfoTagWS.ZRFC_INFORMACION_TAG(ZRFC_INFORMACION_TAG request)
   at AVN.Autoconsulta.core.GetAVN.AVN.Autoconsulta.core.IGetAVN.GetBoletas(String pRut) in E:\00.- Proyectos\01.- Autopista Vespucio Norte\Servicio Rest\AVN.Autoconsulta.Api\AVN.Autoconsulta.core\AVN.Autoconsulta.DAO\GetAVN.cs:line 282
10:54:43.614,I,000;System.Collections.Generic.List`1[AVN.Autoconsulta.core.BoletaDto]
10:54:43.616,I,000;Fin de la clase -- [GetBoletas]

10:55:37.571,I,000;Inicio de la clase

10:55:37.622,I,000;Inicio de la clase
10:55:38.674,I,000;System.Collections.Generic.List`1[AVN.Autoconsulta.core.BoletaDto]
10:55:38.677,I,000;Fin de la clase -- [GetBoletas]
10:55:38.682,Q,204;TP10PP001412041|REG|0|2017-09-04 10:55:38|2017-09-04 10:55:38|Boleta|Consulta Boletas|0|V|Consulta Boletas|12484157-7|0|0||||||0|0|||0||D643@
10:55:38.692,F,000;AVN.Autoconsulta.core.ClienteDto
10:55:48.679,E,204;System.TimeoutException: The operation has timed out.
   at System.IO.Pipes.NamedPipeClientStream.Connect(Int32 timeout)
   at AVN.Autoconsulta.core.PipeClient.MessageSentSuccessfully() in E:\00.- Proyectos\01.- Autopista Vespucio Norte\Servicio Rest\AVN.Autoconsulta.Api\AVN.Autoconsulta.core\AVC.Autoconsulta.core.Utils\PipeClient.cs:line 98

10:55:49.478,I,000;Inicio de la clase

10:55:49.526,I,000;Inicio de la clase
10:56:12.502,I,000;System.Collections.Generic.List`1[AVN.Autoconsulta.core.BoletaDto]
10:56:12.504,I,000;Fin de la clase -- [GetBoletas]
10:56:12.505,Q,204;TP10PP001402041|REG|0|2017-09-04 10:56:12|2017-09-04 10:56:12|Boleta|Consulta Boletas|0|V|Consulta Boletas|7778971-5|0|0||||||0|0|||0||D676@
10:56:17.436,F,000;AVN.Autoconsulta.core.ClienteDto
10:56:22.500,E,204;System.TimeoutException: The operation has timed out.
   at System.IO.Pipes.NamedPipeClientStream.Connect(Int32 timeout)
   at AVN.Autoconsulta.core.PipeClient.MessageSentSuccessfully() in E:\00.- Proyectos\01.- Autopista Vespucio Norte\Servicio Rest\AVN.Autoconsulta.Api\AVN.Autoconsulta.core\AVC.Autoconsulta.core.Utils\PipeClient.cs:line 98

10:57:31.708,I,000;Inicio de la clase

10:57:31.744,I,000;Inicio de la clase

10:57:53.556,I,000;Inicio de la clase

10:57:53.587,I,000;Inicio de la clase
10:57:54.596,F,000;AVN.Autoconsulta.core.ClienteDto
10:57:54.957,I,000;System.Collections.Generic.List`1[AVN.Autoconsulta.core.BoletaDto]
10:57:54.960,I,000;Fin de la clase -- [GetBoletas]
10:57:54.963,Q,204;TP10PP001412041|REG|0|2017-09-04 10:57:54|2017-09-04 10:57:54|Boleta|Consulta Boletas|0|V|Consulta Boletas|12484157-7|0|0||||||0|0|||0||D643@
10:57:59.950,F,000;AVN.Autoconsulta.core.ClienteDto
10:58:02.039,I,000;System.Collections.Generic.List`1[AVN.Autoconsulta.core.BoletaDto]
10:58:02.039,I,000;Fin de la clase -- [GetBoletas]
10:58:02.039,Q,204;TP10PP001402041|REG|0|2017-09-04 10:58:02|2017-09-04 10:58:02|Boleta|Consulta Boletas|0|V|Consulta Boletas|7778971-5|0|0||||||0|0|||0||D674@
10:58:04.961,E,204;System.TimeoutException: The operation has timed out.
   at System.IO.Pipes.NamedPipeClientStream.Connect(Int32 timeout)
   at AVN.Autoconsulta.core.PipeClient.MessageSentSuccessfully() in E:\00.- Proyectos\01.- Autopista Vespucio Norte\Servicio Rest\AVN.Autoconsulta.Api\AVN.Autoconsulta.core\AVC.Autoconsulta.core.Utils\PipeClient.cs:line 98

10:58:06.377,I,000;Inicio de la clase

10:58:06.407,I,000;Inicio de la clase
10:58:12.044,E,204;System.TimeoutException: The operation has timed out.
   at System.IO.Pipes.NamedPipeClientStream.Connect(Int32 timeout)
   at AVN.Autoconsulta.core.PipeClient.MessageSentSuccessfully() in E:\00.- Proyectos\01.- Autopista Vespucio Norte\Servicio Rest\AVN.Autoconsulta.Api\AVN.Autoconsulta.core\AVC.Autoconsulta.core.Utils\PipeClient.cs:line 98
10:58:34.180,F,000;AVN.Autoconsulta.core.ClienteDto
10:58:42.240,I,000;System.Collections.Generic.List`1[AVN.Autoconsulta.core.BoletaDto]
10:58:42.241,I,000;Fin de la clase -- [GetBoletas]
10:58:42.242,Q,204;TP10PP001402041|REG|0|2017-09-04 10:58:42|2017-09-04 10:58:42|Boleta|Consulta Boletas|0|V|Consulta Boletas|7778971-5|0|0||||||0|0|||0||D66C@
10:58:52.230,E,204;System.TimeoutException: The operation has timed out.
   at System.IO.Pipes.NamedPipeClientStream.Connect(Int32 timeout)
   at AVN.Autoconsulta.core.PipeClient.MessageSentSuccessfully() in E:\00.- Proyectos\01.- Autopista Vespucio Norte\Servicio Rest\AVN.Autoconsulta.Api\AVN.Autoconsulta.core\AVC.Autoconsulta.core.Utils\PipeClient.cs:line 98

10:59:29.122,I,000;Inicio de la clase
11:00:04.490,I,000;System.Collections.Generic.List`1[AVN.Autoconsulta.core.BoletaDto]
11:00:04.491,I,000;Fin de la clase -- [GetBoletas]
11:00:04.492,Q,204;TP10PP001402041|REG|0|2017-09-04 11:00:04|2017-09-04 11:00:04|Boleta|Consulta Boletas|0|V|Consulta Boletas|7778971-5|0|0||||||0|0|||0||D688@
11:00:06.132,Q,204;TP10PP001582041|REG|0|2017-09-04 11:00:06|2017-09-04 11:00:06|Certificado|Impresion Boleta Detalle|0|V|Impresion Certificado|7778971-5|0|0||||||0|0|||0||CFA0@
11:00:14.504,E,204;System.TimeoutException: The operation has timed out.
   at System.IO.Pipes.NamedPipeClientStream.Connect(Int32 timeout)
   at AVN.Autoconsulta.core.PipeClient.MessageSentSuccessfully() in E:\00.- Proyectos\01.- Autopista Vespucio Norte\Servicio Rest\AVN.Autoconsulta.Api\AVN.Autoconsulta.core\AVC.Autoconsulta.core.Utils\PipeClient.cs:line 98
11:00:16.142,E,204;System.TimeoutException: The operation has timed out.
   at System.IO.Pipes.NamedPipeClientStream.Connect(Int32 timeout)
   at AVN.Autoconsulta.core.PipeClient.MessageSentSuccessfully() in E:\00.- Proyectos\01.- Autopista Vespucio Norte\Servicio Rest\AVN.Autoconsulta.Api\AVN.Autoconsulta.core\AVC.Autoconsulta.core.Utils\PipeClient.cs:line 98

11:00:44.922,I,000;Inicio de la clase
11:01:21.330,I,000;System.Collections.Generic.List`1[AVN.Autoconsulta.core.BoletaDto]
11:01:21.330,I,000;Fin de la clase -- [GetBoletas]
11:01:21.330,Q,204;TP10PP001402041|REG|0|2017-09-04 11:01:21|2017-09-04 11:01:21|Boleta|Consulta Boletas|0|V|Consulta Boletas|7778971-5|0|0||||||0|0|||0||D688@
11:01:22.229,Q,204;TP10PP001582041|REG|0|2017-09-04 11:01:22|2017-09-04 11:01:22|Certificado|Impresion Boleta Detalle|0|V|Impresion Certificado|7778971-5|0|0||||||0|0|||0||CFA2@
11:01:26.401,Q,204;TP10PP001582041|REG|0|2017-09-04 11:01:26|2017-09-04 11:01:26|Certificado|Impresion Boleta Detalle|0|V|Impresion Certificado|7778971-5|0|0||||||0|0|||0||CF9A@
11:01:30.580,Q,204;TP10PP001582041|REG|0|2017-09-04 11:01:30|2017-09-04 11:01:30|Certificado|Impresion Boleta Detalle|0|V|Impresion Certificado|7778971-5|0|0||||||0|0|||0||CFA4@
11:01:31.320,E,204;System.TimeoutException: The operation has timed out.
   at System.IO.Pipes.NamedPipeClientStream.Connect(Int32 timeout)
   at AVN.Autoconsulta.core.PipeClient.MessageSentSuccessfully() in E:\00.- Proyectos\01.- Autopista Vespucio Norte\Servicio Rest\AVN.Autoconsulta.Api\AVN.Autoconsulta.core\AVC.Autoconsulta.core.Utils\PipeClient.cs:line 98
11:01:32.224,E,204;System.TimeoutException: The operation has timed out.
   at System.IO.Pipes.NamedPipeClientStream.Connect(Int32 timeout)
   at AVN.Autoconsulta.core.PipeClient.MessageSentSuccessfully() in E:\00.- Proyectos\01.- Autopista Vespucio Norte\Servicio Rest\AVN.Autoconsulta.Api\AVN.Autoconsulta.core\AVC.Autoconsulta.core.Utils\PipeClient.cs:line 98
11:01:34.495,Q,204;TP10PP001582041|REG|0|2017-09-04 11:01:34|2017-09-04 11:01:34|Certificado|Impresion Boleta Detalle|0|V|Impresion Certificado|7778971-5|0|0||||||0|0|||0||CF9C@
11:01:36.389,E,204;System.TimeoutException: The operation has timed out.
   at System.IO.Pipes.NamedPipeClientStream.Connect(Int32 timeout)
   at AVN.Autoconsulta.core.PipeClient.MessageSentSuccessfully() in E:\00.- Proyectos\01.- Autopista Vespucio Norte\Servicio Rest\AVN.Autoconsulta.Api\AVN.Autoconsulta.core\AVC.Autoconsulta.core.Utils\PipeClient.cs:line 98
11:01:40.602,E,204;System.TimeoutException: The operation has timed out.
   at System.IO.Pipes.NamedPipeClientStream.Connect(Int32 timeout)
   at AVN.Autoconsulta.core.PipeClient.MessageSentSuccessfully() in E:\00.- Proyectos\01.- Autopista Vespucio Norte\Servicio Rest\AVN.Autoconsulta.Api\AVN.Autoconsulta.core\AVC.Autoconsulta.core.Utils\PipeClient.cs:line 98
11:01:44.501,E,204;System.TimeoutException: The operation has timed out.
   at System.IO.Pipes.NamedPipeClientStream.Connect(Int32 timeout)
   at AVN.Autoconsulta.core.PipeClient.MessageSentSuccessfully() in E:\00.- Proyectos\01.- Autopista Vespucio Norte\Servicio Rest\AVN.Autoconsulta.Api\AVN.Autoconsulta.core\AVC.Autoconsulta.core.Utils\PipeClient.cs:line 98
11:01:46.069,Q,204;TP10PP001582041|REG|0|2017-09-04 11:01:46|2017-09-04 11:01:46|Certificado|Impresion Boleta Detalle|0|V|Impresion Certificado|7778971-5|0|0||||||0|0|||0||CF96@
11:01:56.077,E,204;System.TimeoutException: The operation has timed out.
   at System.IO.Pipes.NamedPipeClientStream.Connect(Int32 timeout)
   at AVN.Autoconsulta.core.PipeClient.MessageSentSuccessfully() in E:\00.- Proyectos\01.- Autopista Vespucio Norte\Servicio Rest\AVN.Autoconsulta.Api\AVN.Autoconsulta.core\AVC.Autoconsulta.core.Utils\PipeClient.cs:line 98

11:13:11.614,I,000;Inicio de la clase

11:13:11.670,I,000;Inicio de la clase
11:13:36.235,F,000;AVN.Autoconsulta.core.ClienteDto
11:13:42.377,I,000;System.Collections.Generic.List`1[AVN.Autoconsulta.core.BoletaDto]
11:13:42.382,I,000;Fin de la clase -- [GetBoletas]
11:13:42.382,Q,204;TP10PP001402041|REG|0|2017-09-04 11:13:42|2017-09-04 11:13:42|Boleta|Consulta Boletas|0|V|Consulta Boletas|7778971-5|0|0||||||0|0|||0||D67C@
11:13:52.386,E,204;System.TimeoutException: The operation has timed out.
   at System.IO.Pipes.NamedPipeClientStream.Connect(Int32 timeout)
   at AVN.Autoconsulta.core.PipeClient.MessageSentSuccessfully() in E:\00.- Proyectos\01.- Autopista Vespucio Norte\Servicio Rest\AVN.Autoconsulta.Api\AVN.Autoconsulta.core\AVC.Autoconsulta.core.Utils\PipeClient.cs:line 98

11:16:38.457,I,000;Inicio de la clase

11:16:38.513,I,000;Inicio de la clase

11:16:58.233,I,000;Inicio de la clase

11:16:58.308,I,000;Inicio de la clase
11:17:07.981,I,000;System.Collections.Generic.List`1[AVN.Autoconsulta.core.BoletaDto]
11:17:07.982,I,000;Fin de la clase -- [GetBoletas]
11:17:07.983,Q,204;TP10PP001402041|REG|0|2017-09-04 11:17:07|2017-09-04 11:17:07|Boleta|Consulta Boletas|0|V|Consulta Boletas|7778971-5|0|0||||||0|0|||0||D672@
11:17:10.696,F,000;AVN.Autoconsulta.core.ClienteDto
11:17:17.981,E,204;System.TimeoutException: The operation has timed out.
   at System.IO.Pipes.NamedPipeClientStream.Connect(Int32 timeout)
   at AVN.Autoconsulta.core.PipeClient.MessageSentSuccessfully() in E:\00.- Proyectos\01.- Autopista Vespucio Norte\Servicio Rest\AVN.Autoconsulta.Api\AVN.Autoconsulta.core\AVC.Autoconsulta.core.Utils\PipeClient.cs:line 98
11:17:20.893,I,000;System.Collections.Generic.List`1[AVN.Autoconsulta.core.BoletaDto]
11:17:20.896,I,000;Fin de la clase -- [GetBoletas]
11:17:20.900,Q,204;TP10PP001402041|REG|0|2017-09-04 11:17:20|2017-09-04 11:17:20|Boleta|Consulta Boletas|0|V|Consulta Boletas|7778971-5|0|0||||||0|0|||0||D67C@
11:17:27.232,F,000;AVN.Autoconsulta.core.ClienteDto
11:17:30.913,E,204;System.TimeoutException: The operation has timed out.
   at System.IO.Pipes.NamedPipeClientStream.Connect(Int32 timeout)
   at AVN.Autoconsulta.core.PipeClient.MessageSentSuccessfully() in E:\00.- Proyectos\01.- Autopista Vespucio Norte\Servicio Rest\AVN.Autoconsulta.Api\AVN.Autoconsulta.core\AVC.Autoconsulta.core.Utils\PipeClient.cs:line 98

11:18:05.731,I,000;Inicio de la clase
11:18:30.773,I,000;System.Collections.Generic.List`1[AVN.Autoconsulta.core.BoletaDto]
11:18:30.774,I,000;Fin de la clase -- [GetBoletas]
11:18:30.775,Q,204;TP10PP001402041|REG|0|2017-09-04 11:18:30|2017-09-04 11:18:30|Boleta|Consulta Boletas|0|V|Consulta Boletas|7778971-5|0|0||||||0|0|||0||D678@
11:18:31.302,Q,204;TP10PP001582041|REG|0|2017-09-04 11:18:31|2017-09-04 11:18:31|Certificado|Impresion Boleta Detalle|0|V|Impresion Certificado|7778971-5|0|0||||||0|0|||0||CF92@
11:18:35.222,Q,204;TP10PP001582041|REG|0|2017-09-04 11:18:35|2017-09-04 11:18:35|Certificado|Impresion Boleta Detalle|0|V|Impresion Certificado|7778971-5|0|0||||||0|0|||0||CF8A@
11:18:39.544,Q,204;TP10PP001582041|REG|0|2017-09-04 11:18:39|2017-09-04 11:18:39|Certificado|Impresion Boleta Detalle|0|V|Impresion Certificado|7778971-5|0|0||||||0|0|||0||CF82@
11:18:40.786,E,204;System.TimeoutException: The operation has timed out.
   at System.IO.Pipes.NamedPipeClientStream.Connect(Int32 timeout)
   at AVN.Autoconsulta.core.PipeClient.MessageSentSuccessfully() in E:\00.- Proyectos\01.- Autopista Vespucio Norte\Servicio Rest\AVN.Autoconsulta.Api\AVN.Autoconsulta.core\AVC.Autoconsulta.core.Utils\PipeClient.cs:line 98
11:18:41.301,E,204;System.TimeoutException: The operation has timed out.
   at System.IO.Pipes.NamedPipeClientStream.Connect(Int32 timeout)
   at AVN.Autoconsulta.core.PipeClient.MessageSentSuccessfully() in E:\00.- Proyectos\01.- Autopista Vespucio Norte\Servicio Rest\AVN.Autoconsulta.Api\AVN.Autoconsulta.core\AVC.Autoconsulta.core.Utils\PipeClient.cs:line 98
11:18:43.896,Q,204;TP10PP001582041|REG|0|2017-09-04 11:18:43|2017-09-04 11:18:43|Certificado|Impresion Boleta Detalle|0|V|Impresion Certificado|7778971-5|0|0||||||0|0|||0||CF8C@
11:18:45.232,E,204;System.TimeoutException: The operation has timed out.
   at System.IO.Pipes.NamedPipeClientStream.Connect(Int32 timeout)
   at AVN.Autoconsulta.core.PipeClient.MessageSentSuccessfully() in E:\00.- Proyectos\01.- Autopista Vespucio Norte\Servicio Rest\AVN.Autoconsulta.Api\AVN.Autoconsulta.core\AVC.Autoconsulta.core.Utils\PipeClient.cs:line 98
11:18:47.865,Q,204;TP10PP001582041|REG|0|2017-09-04 11:18:47|2017-09-04 11:18:47|Certificado|Impresion Boleta Detalle|0|V|Impresion Certificado|7778971-5|0|0||||||0|0|||0||CF84@
11:18:49.569,E,204;System.TimeoutException: The operation has timed out.
   at System.IO.Pipes.NamedPipeClientStream.Connect(Int32 timeout)
   at AVN.Autoconsulta.core.PipeClient.MessageSentSuccessfully() in E:\00.- Proyectos\01.- Autopista Vespucio Norte\Servicio Rest\AVN.Autoconsulta.Api\AVN.Autoconsulta.core\AVC.Autoconsulta.core.Utils\PipeClient.cs:line 98
11:18:53.891,E,204;System.TimeoutException: The operation has timed out.
   at System.IO.Pipes.NamedPipeClientStream.Connect(Int32 timeout)
   at AVN.Autoconsulta.core.PipeClient.MessageSentSuccessfully() in E:\00.- Proyectos\01.- Autopista Vespucio Norte\Servicio Rest\AVN.Autoconsulta.Api\AVN.Autoconsulta.core\AVC.Autoconsulta.core.Utils\PipeClient.cs:line 98
11:18:57.916,E,204;System.TimeoutException: The operation has timed out.
   at System.IO.Pipes.NamedPipeClientStream.Connect(Int32 timeout)
   at AVN.Autoconsulta.core.PipeClient.MessageSentSuccessfully() in E:\00.- Proyectos\01.- Autopista Vespucio Norte\Servicio Rest\AVN.Autoconsulta.Api\AVN.Autoconsulta.core\AVC.Autoconsulta.core.Utils\PipeClient.cs:line 98

11:23:11.339,I,000;Inicio de la clase
11:23:39.817,I,000;System.Collections.Generic.List`1[AVN.Autoconsulta.core.BoletaDto]
11:23:39.819,I,000;Fin de la clase -- [GetBoletas]
11:23:39.820,Q,204;TP10PP001402041|REG|0|2017-09-04 11:23:39|2017-09-04 11:23:39|Boleta|Consulta Boletas|0|V|Consulta Boletas|7778971-5|0|0||||||0|0|||0||D66E@
11:23:40.732,Q,204;TP10PP001582041|REG|0|2017-09-04 11:23:40|2017-09-04 11:23:40|Certificado|Impresion Boleta Detalle|0|V|Impresion Certificado|7778971-5|0|0||||||0|0|||0||CF9A@
11:23:49.823,E,204;System.TimeoutException: The operation has timed out.
   at System.IO.Pipes.NamedPipeClientStream.Connect(Int32 timeout)
   at AVN.Autoconsulta.core.PipeClient.MessageSentSuccessfully() in E:\00.- Proyectos\01.- Autopista Vespucio Norte\Servicio Rest\AVN.Autoconsulta.Api\AVN.Autoconsulta.core\AVC.Autoconsulta.core.Utils\PipeClient.cs:line 98
11:23:50.728,E,204;System.TimeoutException: The operation has timed out.
   at System.IO.Pipes.NamedPipeClientStream.Connect(Int32 timeout)
   at AVN.Autoconsulta.core.PipeClient.MessageSentSuccessfully() in E:\00.- Proyectos\01.- Autopista Vespucio Norte\Servicio Rest\AVN.Autoconsulta.Api\AVN.Autoconsulta.core\AVC.Autoconsulta.core.Utils\PipeClient.cs:line 98
11:23:52.247,Q,204;TP10PP001582041|REG|0|2017-09-04 11:23:52|2017-09-04 11:23:52|Certificado|Impresion Boleta Detalle|0|V|Impresion Certificado|7778971-5|0|0||||||0|0|||0||CF94@
11:24:02.242,E,204;System.TimeoutException: The operation has timed out.
   at System.IO.Pipes.NamedPipeClientStream.Connect(Int32 timeout)
   at AVN.Autoconsulta.core.PipeClient.MessageSentSuccessfully() in E:\00.- Proyectos\01.- Autopista Vespucio Norte\Servicio Rest\AVN.Autoconsulta.Api\AVN.Autoconsulta.core\AVC.Autoconsulta.core.Utils\PipeClient.cs:line 98

11:26:39.289,I,000;Inicio de la clase

11:26:55.107,I,000;Inicio de la clase

11:26:55.162,I,000;Inicio de la clase
11:27:12.697,I,000;System.Collections.Generic.List`1[AVN.Autoconsulta.core.BoletaDto]
11:27:12.699,I,000;Fin de la clase -- [GetBoletas]
11:27:12.705,Q,204;TP10PP001402041|REG|0|2017-09-04 11:27:12|2017-09-04 11:27:12|Boleta|Consulta Boletas|0|V|Consulta Boletas|7778971-5|0|0||||||0|0|||0||D678@
11:27:13.225,Q,204;TP10PP001582041|REG|0|2017-09-04 11:27:13|2017-09-04 11:27:13|Certificado|Impresion Boleta Detalle|0|V|Impresion Certificado|7778971-5|0|0||||||0|0|||0||CF92@
11:27:16.750,Q,204;TP10PP001582041|REG|0|2017-09-04 11:27:16|2017-09-04 11:27:16|Certificado|Impresion Boleta Detalle|0|V|Impresion Certificado|7778971-5|0|0||||||0|0|||0||CF8C@
11:27:17.945,I,000;System.Collections.Generic.List`1[AVN.Autoconsulta.core.BoletaDto]
11:27:17.949,I,000;Fin de la clase -- [GetBoletas]
11:27:18.003,Q,204;TP10PP001402041|REG|0|2017-09-04 11:27:17|2017-09-04 11:27:17|Boleta|Consulta Boletas|0|V|Consulta Boletas|7778971-5|0|0||||||0|0|||0||D66E@
11:27:22.703,E,204;System.TimeoutException: The operation has timed out.
   at System.IO.Pipes.NamedPipeClientStream.Connect(Int32 timeout)
   at AVN.Autoconsulta.core.PipeClient.MessageSentSuccessfully() in E:\00.- Proyectos\01.- Autopista Vespucio Norte\Servicio Rest\AVN.Autoconsulta.Api\AVN.Autoconsulta.core\AVC.Autoconsulta.core.Utils\PipeClient.cs:line 98
11:27:23.218,E,204;System.TimeoutException: The operation has timed out.
   at System.IO.Pipes.NamedPipeClientStream.Connect(Int32 timeout)
   at AVN.Autoconsulta.core.PipeClient.MessageSentSuccessfully() in E:\00.- Proyectos\01.- Autopista Vespucio Norte\Servicio Rest\AVN.Autoconsulta.Api\AVN.Autoconsulta.core\AVC.Autoconsulta.core.Utils\PipeClient.cs:line 98
11:27:23.354,F,000;AVN.Autoconsulta.core.ClienteDto
11:27:26.761,E,204;System.TimeoutException: The operation has timed out.
   at System.IO.Pipes.NamedPipeClientStream.Connect(Int32 timeout)
   at AVN.Autoconsulta.core.PipeClient.MessageSentSuccessfully() in E:\00.- Proyectos\01.- Autopista Vespucio Norte\Servicio Rest\AVN.Autoconsulta.Api\AVN.Autoconsulta.core\AVC.Autoconsulta.core.Utils\PipeClient.cs:line 98
11:27:28.007,E,204;System.TimeoutException: The operation has timed out.
   at System.IO.Pipes.NamedPipeClientStream.Connect(Int32 timeout)
   at AVN.Autoconsulta.core.PipeClient.MessageSentSuccessfully() in E:\00.- Proyectos\01.- Autopista Vespucio Norte\Servicio Rest\AVN.Autoconsulta.Api\AVN.Autoconsulta.core\AVC.Autoconsulta.core.Utils\PipeClient.cs:line 98

11:28:58.924,I,000;Inicio de la clase
11:29:26.733,I,000;System.Collections.Generic.List`1[AVN.Autoconsulta.core.BoletaDto]
11:29:26.734,I,000;Fin de la clase -- [GetBoletas]
11:29:26.735,Q,204;TP10PP001402041|REG|0|2017-09-04 11:29:26|2017-09-04 11:29:26|Boleta|Consulta Boletas|0|V|Consulta Boletas|7778971-5|0|0||||||0|0|||0||D66A@
11:29:26.855,Q,204;TP10PP001582041|REG|0|2017-09-04 11:29:26|2017-09-04 11:29:26|Certificado|Impresion Boleta Detalle|0|V|Impresion Certificado|7778971-5|0|0||||||0|0|||0||CF86@
11:29:30.367,Q,204;TP10PP001582041|REG|0|2017-09-04 11:29:30|2017-09-04 11:29:30|Certificado|Impresion Boleta Detalle|0|V|Impresion Certificado|7778971-5|0|0||||||0|0|||0||CF90@
11:29:34.054,Q,204;TP10PP001582041|REG|0|2017-09-04 11:29:34|2017-09-04 11:29:34|Certificado|Impresion Boleta Detalle|0|V|Impresion Certificado|7778971-5|0|0||||||0|0|||0||CF88@
11:29:36.739,E,204;System.TimeoutException: The operation has timed out.
   at System.IO.Pipes.NamedPipeClientStream.Connect(Int32 timeout)
   at AVN.Autoconsulta.core.PipeClient.MessageSentSuccessfully() in E:\00.- Proyectos\01.- Autopista Vespucio Norte\Servicio Rest\AVN.Autoconsulta.Api\AVN.Autoconsulta.core\AVC.Autoconsulta.core.Utils\PipeClient.cs:line 98
11:29:36.849,E,204;System.TimeoutException: The operation has timed out.
   at System.IO.Pipes.NamedPipeClientStream.Connect(Int32 timeout)
   at AVN.Autoconsulta.core.PipeClient.MessageSentSuccessfully() in E:\00.- Proyectos\01.- Autopista Vespucio Norte\Servicio Rest\AVN.Autoconsulta.Api\AVN.Autoconsulta.core\AVC.Autoconsulta.core.Utils\PipeClient.cs:line 98
11:29:37.255,Q,204;TP10PP001582041|REG|0|2017-09-04 11:29:37|2017-09-04 11:29:37|Certificado|Impresion Boleta Detalle|0|V|Impresion Certificado|7778971-5|0|0||||||0|0|||0||CF82@
11:29:40.358,E,204;System.TimeoutException: The operation has timed out.
   at System.IO.Pipes.NamedPipeClientStream.Connect(Int32 timeout)
   at AVN.Autoconsulta.core.PipeClient.MessageSentSuccessfully() in E:\00.- Proyectos\01.- Autopista Vespucio Norte\Servicio Rest\AVN.Autoconsulta.Api\AVN.Autoconsulta.core\AVC.Autoconsulta.core.Utils\PipeClient.cs:line 98
11:29:44.102,E,204;System.TimeoutException: The operation has timed out.
   at System.IO.Pipes.NamedPipeClientStream.Connect(Int32 timeout)
   at AVN.Autoconsulta.core.PipeClient.MessageSentSuccessfully() in E:\00.- Proyectos\01.- Autopista Vespucio Norte\Servicio Rest\AVN.Autoconsulta.Api\AVN.Autoconsulta.core\AVC.Autoconsulta.core.Utils\PipeClient.cs:line 98
11:29:47.284,E,204;System.TimeoutException: The operation has timed out.
   at System.IO.Pipes.NamedPipeClientStream.Connect(Int32 timeout)
   at AVN.Autoconsulta.core.PipeClient.MessageSentSuccessfully() in E:\00.- Proyectos\01.- Autopista Vespucio Norte\Servicio Rest\AVN.Autoconsulta.Api\AVN.Autoconsulta.core\AVC.Autoconsulta.core.Utils\PipeClient.cs:line 98
11:29:48.718,Q,204;TP10PP001582041|REG|0|2017-09-04 11:29:48|2017-09-04 11:29:48|Certificado|Impresion Boleta Detalle|0|V|Impresion Certificado|7778971-5|0|0||||||0|0|||0||CF7E@
11:29:58.734,E,204;System.TimeoutException: The operation has timed out.
   at System.IO.Pipes.NamedPipeClientStream.Connect(Int32 timeout)
   at AVN.Autoconsulta.core.PipeClient.MessageSentSuccessfully() in E:\00.- Proyectos\01.- Autopista Vespucio Norte\Servicio Rest\AVN.Autoconsulta.Api\AVN.Autoconsulta.core\AVC.Autoconsulta.core.Utils\PipeClient.cs:line 98

11:36:59.794,I,000;Inicio de la clase

11:36:59.854,I,000;Inicio de la clase
11:37:27.449,F,000;AVN.Autoconsulta.core.ClienteDto
11:37:30.157,I,000;System.Collections.Generic.List`1[AVN.Autoconsulta.core.BoletaDto]
11:37:30.157,I,000;Fin de la clase -- [GetBoletas]
11:37:30.157,Q,204;TP10PP001402041|REG|0|2017-09-04 11:37:30|2017-09-04 11:37:30|Boleta|Consulta Boletas|0|V|Consulta Boletas|7778971-5|0|0||||||0|0|||0||D676@
11:37:40.158,E,204;System.TimeoutException: The operation has timed out.
   at System.IO.Pipes.NamedPipeClientStream.Connect(Int32 timeout)
   at AVN.Autoconsulta.core.PipeClient.MessageSentSuccessfully() in E:\00.- Proyectos\01.- Autopista Vespucio Norte\Servicio Rest\AVN.Autoconsulta.Api\AVN.Autoconsulta.core\AVC.Autoconsulta.core.Utils\PipeClient.cs:line 98

11:43:07.265,I,000;Inicio de la clase
11:43:35.250,I,000;System.Collections.Generic.List`1[AVN.Autoconsulta.core.BoletaDto]
11:43:35.251,I,000;Fin de la clase -- [GetBoletas]
11:43:35.252,Q,204;TP10PP001402041|REG|0|2017-09-04 11:43:35|2017-09-04 11:43:35|Boleta|Consulta Boletas|0|V|Consulta Boletas|7778971-5|0|0||||||0|0|||0||D672@
11:43:35.341,Q,204;TP10PP001582041|REG|0|2017-09-04 11:43:35|2017-09-04 11:43:35|Certificado|Impresion Boleta Detalle|0|V|Impresion Certificado|7778971-5|0|0||||||0|0|||0||CF8E@
11:43:38.940,Q,204;TP10PP001582041|REG|0|2017-09-04 11:43:38|2017-09-04 11:43:38|Certificado|Impresion Boleta Detalle|0|V|Impresion Certificado|7778971-5|0|0||||||0|0|||0||CF88@
11:43:42.458,Q,204;TP10PP001582041|REG|0|2017-09-04 11:43:42|2017-09-04 11:43:42|Certificado|Impresion Boleta Detalle|0|V|Impresion Certificado|7778971-5|0|0||||||0|0|||0||CF92@
11:43:45.250,E,204;System.TimeoutException: The operation has timed out.
   at System.IO.Pipes.NamedPipeClientStream.Connect(Int32 timeout)
   at AVN.Autoconsulta.core.PipeClient.MessageSentSuccessfully() in E:\00.- Proyectos\01.- Autopista Vespucio Norte\Servicio Rest\AVN.Autoconsulta.Api\AVN.Autoconsulta.core\AVC.Autoconsulta.core.Utils\PipeClient.cs:line 98
11:43:45.356,E,204;System.TimeoutException: The operation has timed out.
   at System.IO.Pipes.NamedPipeClientStream.Connect(Int32 timeout)
   at AVN.Autoconsulta.core.PipeClient.MessageSentSuccessfully() in E:\00.- Proyectos\01.- Autopista Vespucio Norte\Servicio Rest\AVN.Autoconsulta.Api\AVN.Autoconsulta.core\AVC.Autoconsulta.core.Utils\PipeClient.cs:line 98
11:43:45.848,Q,204;TP10PP001582041|REG|0|2017-09-04 11:43:45|2017-09-04 11:43:45|Certificado|Impresion Boleta Detalle|0|V|Impresion Certificado|7778971-5|0|0||||||0|0|||0||CF8C@
11:43:48.927,E,204;System.TimeoutException: The operation has timed out.
   at System.IO.Pipes.NamedPipeClientStream.Connect(Int32 timeout)
   at AVN.Autoconsulta.core.PipeClient.MessageSentSuccessfully() in E:\00.- Proyectos\01.- Autopista Vespucio Norte\Servicio Rest\AVN.Autoconsulta.Api\AVN.Autoconsulta.core\AVC.Autoconsulta.core.Utils\PipeClient.cs:line 98
11:43:50.215,Q,204;TP10PP001582041|REG|0|2017-09-04 11:43:50|2017-09-04 11:43:50|Certificado|Impresion Boleta Detalle|0|V|Impresion Certificado|7778971-5|0|0||||||0|0|||0||CF94@
11:43:52.467,E,204;System.TimeoutException: The operation has timed out.
   at System.IO.Pipes.NamedPipeClientStream.Connect(Int32 timeout)
   at AVN.Autoconsulta.core.PipeClient.MessageSentSuccessfully() in E:\00.- Proyectos\01.- Autopista Vespucio Norte\Servicio Rest\AVN.Autoconsulta.Api\AVN.Autoconsulta.core\AVC.Autoconsulta.core.Utils\PipeClient.cs:line 98
11:43:54.023,Q,204;TP10PP001582041|REG|0|2017-09-04 11:43:54|2017-09-04 11:43:54|Certificado|Impresion Boleta Detalle|0|V|Impresion Certificado|7778971-5|0|0||||||0|0|||0||CF8C@
11:43:55.868,E,204;System.TimeoutException: The operation has timed out.
   at System.IO.Pipes.NamedPipeClientStream.Connect(Int32 timeout)
   at AVN.Autoconsulta.core.PipeClient.MessageSentSuccessfully() in E:\00.- Proyectos\01.- Autopista Vespucio Norte\Servicio Rest\AVN.Autoconsulta.Api\AVN.Autoconsulta.core\AVC.Autoconsulta.core.Utils\PipeClient.cs:line 98
11:44:00.235,E,204;System.TimeoutException: The operation has timed out.
   at System.IO.Pipes.NamedPipeClientStream.Connect(Int32 timeout)
   at AVN.Autoconsulta.core.PipeClient.MessageSentSuccessfully() in E:\00.- Proyectos\01.- Autopista Vespucio Norte\Servicio Rest\AVN.Autoconsulta.Api\AVN.Autoconsulta.core\AVC.Autoconsulta.core.Utils\PipeClient.cs:line 98
11:44:04.041,E,204;System.TimeoutException: The operation has timed out.
   at System.IO.Pipes.NamedPipeClientStream.Connect(Int32 timeout)
   at AVN.Autoconsulta.core.PipeClient.MessageSentSuccessfully() in E:\00.- Proyectos\01.- Autopista Vespucio Norte\Servicio Rest\AVN.Autoconsulta.Api\AVN.Autoconsulta.core\AVC.Autoconsulta.core.Utils\PipeClient.cs:line 98
12:07:49.761,I,000;System.Collections.Generic.List`1[AVN.Autoconsulta.core.CertificadosDto]
12:07:49.761,I,000;Fin de la clase -- [GetBoletas]
12:07:49.826,Q,204;TP10PP001562041|REG|0|2017-09-04 12:07:49|2017-09-04 12:07:49|Certificado|Consulta Certificado|0|V|Consulta Certificado|12.468.649-0|0|0||||||0|0|||0||D0B2@
12:07:59.847,E,204;System.TimeoutException: The operation has timed out.
   at System.IO.Pipes.NamedPipeClientStream.Connect(Int32 timeout)
   at AVN.Autoconsulta.core.PipeClient.MessageSentSuccessfully() in E:\00.- Proyectos\01.- Autopista Vespucio Norte\Servicio Rest\AVN.Autoconsulta.Api\AVN.Autoconsulta.core\AVC.Autoconsulta.core.Utils\PipeClient.cs:line 98
12:08:25.657,I,000;System.Collections.Generic.List`1[AVN.Autoconsulta.core.CertificadosDto]
12:08:25.662,I,000;Fin de la clase -- [GetBoletas]
12:08:25.727,Q,204;TP10PP001552041|REG|0|2017-09-04 12:08:25|2017-09-04 12:08:25|Certificado|Consulta Certificado|0|V|Consulta Certificado|5.116.320-6|0|0||||||0|0|||0||D0FD@
12:08:35.741,E,204;System.TimeoutException: The operation has timed out.
   at System.IO.Pipes.NamedPipeClientStream.Connect(Int32 timeout)
   at AVN.Autoconsulta.core.PipeClient.MessageSentSuccessfully() in E:\00.- Proyectos\01.- Autopista Vespucio Norte\Servicio Rest\AVN.Autoconsulta.Api\AVN.Autoconsulta.core\AVC.Autoconsulta.core.Utils\PipeClient.cs:line 98
12:09:28.161,I,000;System.Collections.Generic.List`1[AVN.Autoconsulta.core.CertificadosDto]
12:09:28.163,I,000;Fin de la clase -- [GetBoletas]
12:09:28.225,Q,204;TP10PP001552041|REG|0|2017-09-04 12:09:28|2017-09-04 12:09:28|Certificado|Consulta Certificado|0|V|Consulta Certificado|5.116.320-6|0|0||||||0|0|||0||D0F5@
12:09:38.236,E,204;System.TimeoutException: The operation has timed out.
   at System.IO.Pipes.NamedPipeClientStream.Connect(Int32 timeout)
   at AVN.Autoconsulta.core.PipeClient.MessageSentSuccessfully() in E:\00.- Proyectos\01.- Autopista Vespucio Norte\Servicio Rest\AVN.Autoconsulta.Api\AVN.Autoconsulta.core\AVC.Autoconsulta.core.Utils\PipeClient.cs:line 98
12:10:14.021,I,000;System.Collections.Generic.List`1[AVN.Autoconsulta.core.CertificadosDto]
12:10:14.022,I,000;Fin de la clase -- [GetBoletas]
12:10:14.086,Q,204;TP10PP001552041|REG|0|2017-09-04 12:10:14|2017-09-04 12:10:14|Certificado|Consulta Certificado|0|V|Consulta Certificado|7.364.499-2|0|0||||||0|0|||0||D0FB@
12:10:24.084,E,204;System.TimeoutException: The operation has timed out.
   at System.IO.Pipes.NamedPipeClientStream.Connect(Int32 timeout)
   at AVN.Autoconsulta.core.PipeClient.MessageSentSuccessfully() in E:\00.- Proyectos\01.- Autopista Vespucio Norte\Servicio Rest\AVN.Autoconsulta.Api\AVN.Autoconsulta.core\AVC.Autoconsulta.core.Utils\PipeClient.cs:line 98
12:10:55.800,I,000;System.Collections.Generic.List`1[AVN.Autoconsulta.core.CertificadosDto]
12:10:55.802,I,000;Fin de la clase -- [GetBoletas]
12:10:55.861,Q,204;TP10PP001562041|REG|0|2017-09-04 12:10:55|2017-09-04 12:10:55|Certificado|Consulta Certificado|0|V|Consulta Certificado|10.069.244-9|0|0||||||0|0|||0||D0C9@
12:11:05.859,E,204;System.TimeoutException: The operation has timed out.
   at System.IO.Pipes.NamedPipeClientStream.Connect(Int32 timeout)
   at AVN.Autoconsulta.core.PipeClient.MessageSentSuccessfully() in E:\00.- Proyectos\01.- Autopista Vespucio Norte\Servicio Rest\AVN.Autoconsulta.Api\AVN.Autoconsulta.core\AVC.Autoconsulta.core.Utils\PipeClient.cs:line 98

12:12:09.772,I,000;Inicio de la clase
12:12:13.256,I,000;System.Collections.Generic.List`1[AVN.Autoconsulta.core.TransitosFacturadosDto]
12:12:13.257,I,000;Fin de la clase -- [GetTransitosNoFacturados]
12:12:13.260,Q,204;TP10PP001772041|REG|0|2017-09-04 12:12:13|2017-09-04 12:12:13|Transitos Facturados|Consulta Transitos Facturados|0|V|Consulta Transitos Facturados|RJ3256|0|0||||||0|0|||0||C6FC@
12:12:23.254,E,204;System.TimeoutException: The operation has timed out.
   at System.IO.Pipes.NamedPipeClientStream.Connect(Int32 timeout)
   at AVN.Autoconsulta.core.PipeClient.MessageSentSuccessfully() in E:\00.- Proyectos\01.- Autopista Vespucio Norte\Servicio Rest\AVN.Autoconsulta.Api\AVN.Autoconsulta.core\AVC.Autoconsulta.core.Utils\PipeClient.cs:line 98

12:12:29.646,I,000;Inicio de la clase
12:12:30.258,I,000;System.Collections.Generic.List`1[AVN.Autoconsulta.core.TransitosFacturadosDto]
12:12:30.263,I,000;Fin de la clase -- [GetTransitosNoFacturados]
12:12:30.263,Q,204;TP10PP001772041|REG|0|2017-09-04 12:12:30|2017-09-04 12:12:30|Transitos Facturados|Consulta Transitos Facturados|0|V|Consulta Transitos Facturados|RJ3256|0|0||||||0|0|||0||C6FE@
12:12:40.256,E,204;System.TimeoutException: The operation has timed out.
   at System.IO.Pipes.NamedPipeClientStream.Connect(Int32 timeout)
   at AVN.Autoconsulta.core.PipeClient.MessageSentSuccessfully() in E:\00.- Proyectos\01.- Autopista Vespucio Norte\Servicio Rest\AVN.Autoconsulta.Api\AVN.Autoconsulta.core\AVC.Autoconsulta.core.Utils\PipeClient.cs:line 98

12:12:41.823,I,000;Inicio de la clase
12:12:58.051,I,000;System.Collections.Generic.List`1[AVN.Autoconsulta.core.TransitosFacturadosDto]
12:12:58.051,I,000;Fin de la clase -- [GetTransitosNoFacturados]
12:12:58.051,Q,204;TP10PP001772041|REG|0|2017-09-04 12:12:58|2017-09-04 12:12:58|Transitos Facturados|Consulta Transitos Facturados|0|V|Consulta Transitos Facturados|XS4532|0|0||||||0|0|||0||C6DD@
12:13:08.041,E,204;System.TimeoutException: The operation has timed out.
   at System.IO.Pipes.NamedPipeClientStream.Connect(Int32 timeout)
   at AVN.Autoconsulta.core.PipeClient.MessageSentSuccessfully() in E:\00.- Proyectos\01.- Autopista Vespucio Norte\Servicio Rest\AVN.Autoconsulta.Api\AVN.Autoconsulta.core\AVC.Autoconsulta.core.Utils\PipeClient.cs:line 98

12:13:17.526,I,000;Inicio de la clase
12:13:32.912,I,000;System.Collections.Generic.List`1[AVN.Autoconsulta.core.TransitosFacturadosDto]
12:13:32.912,I,000;Fin de la clase -- [GetTransitosNoFacturados]
12:13:32.912,Q,204;TP10PP001772041|REG|0|2017-09-04 12:13:32|2017-09-04 12:13:32|Transitos Facturados|Consulta Transitos Facturados|0|V|Consulta Transitos Facturados|XS4532|0|0||||||0|0|||0||C6EB@
12:13:42.907,E,204;System.TimeoutException: The operation has timed out.
   at System.IO.Pipes.NamedPipeClientStream.Connect(Int32 timeout)
   at AVN.Autoconsulta.core.PipeClient.MessageSentSuccessfully() in E:\00.- Proyectos\01.- Autopista Vespucio Norte\Servicio Rest\AVN.Autoconsulta.Api\AVN.Autoconsulta.core\AVC.Autoconsulta.core.Utils\PipeClient.cs:line 98

12:13:48.022,I,000;Inicio de la clase
12:13:54.013,I,000;System.Collections.Generic.List`1[AVN.Autoconsulta.core.TransitosFacturadosDto]
12:13:54.013,I,000;Fin de la clase -- [GetTransitosNoFacturados]
12:13:54.015,Q,204;TP10PP001772041|REG|0|2017-09-04 12:13:54|2017-09-04 12:13:54|Transitos Facturados|Consulta Transitos Facturados|0|V|Consulta Transitos Facturados|XS4532|0|0||||||0|0|||0||C6E3@

12:13:58.043,I,000;Inicio de la clase
12:14:03.871,I,000;System.Collections.Generic.List`1[AVN.Autoconsulta.core.TransitosFacturadosDto]
12:14:03.871,I,000;Fin de la clase -- [GetTransitosNoFacturados]
12:14:03.871,Q,204;TP10PP001772041|REG|0|2017-09-04 12:14:03|2017-09-04 12:14:03|Transitos Facturados|Consulta Transitos Facturados|0|V|Consulta Transitos Facturados|XS4532|0|0||||||0|0|||0||C6ED@
12:14:04.013,E,204;System.TimeoutException: The operation has timed out.
   at System.IO.Pipes.NamedPipeClientStream.Connect(Int32 timeout)
   at AVN.Autoconsulta.core.PipeClient.MessageSentSuccessfully() in E:\00.- Proyectos\01.- Autopista Vespucio Norte\Servicio Rest\AVN.Autoconsulta.Api\AVN.Autoconsulta.core\AVC.Autoconsulta.core.Utils\PipeClient.cs:line 98
12:14:13.873,E,204;System.TimeoutException: The operation has timed out.
   at System.IO.Pipes.NamedPipeClientStream.Connect(Int32 timeout)
   at AVN.Autoconsulta.core.PipeClient.MessageSentSuccessfully() in E:\00.- Proyectos\01.- Autopista Vespucio Norte\Servicio Rest\AVN.Autoconsulta.Api\AVN.Autoconsulta.core\AVC.Autoconsulta.core.Utils\PipeClient.cs:line 98

12:14:18.810,I,000;Inicio de la clase
12:14:30.174,I,000;System.Collections.Generic.List`1[AVN.Autoconsulta.core.TransitosFacturadosDto]
12:14:30.174,I,000;Fin de la clase -- [GetTransitosNoFacturados]
12:14:30.174,Q,204;TP10PP001772041|REG|0|2017-09-04 12:14:30|2017-09-04 12:14:30|Transitos Facturados|Consulta Transitos Facturados|0|V|Consulta Transitos Facturados|XD9781|0|0||||||0|0|||0||C6F1@
12:14:40.176,E,204;System.TimeoutException: The operation has timed out.
   at System.IO.Pipes.NamedPipeClientStream.Connect(Int32 timeout)
   at AVN.Autoconsulta.core.PipeClient.MessageSentSuccessfully() in E:\00.- Proyectos\01.- Autopista Vespucio Norte\Servicio Rest\AVN.Autoconsulta.Api\AVN.Autoconsulta.core\AVC.Autoconsulta.core.Utils\PipeClient.cs:line 98

12:15:33.082,I,000;Inicio de la clase
12:15:35.121,I,000;System.Collections.Generic.List`1[AVN.Autoconsulta.core.TransitosFacturadosDto]
12:15:35.121,I,000;Fin de la clase -- [GetTransitosNoFacturados]
12:15:35.122,Q,204;TP10PP001772041|REG|0|2017-09-04 12:15:35|2017-09-04 12:15:35|Transitos Facturados|Consulta Transitos Facturados|0|V|Consulta Transitos Facturados|NS7061|0|0||||||0|0|||0||C6EB@

12:15:43.110,I,000;Inicio de la clase
12:15:43.775,I,000;System.Collections.Generic.List`1[AVN.Autoconsulta.core.TransitosFacturadosDto]
12:15:43.775,I,000;Fin de la clase -- [GetTransitosNoFacturados]
12:15:43.775,Q,204;TP10PP001772041|REG|0|2017-09-04 12:15:43|2017-09-04 12:15:43|Transitos Facturados|Consulta Transitos Facturados|0|V|Consulta Transitos Facturados|NS7061|0|0||||||0|0|||0||C6ED@
12:15:45.119,E,204;System.TimeoutException: The operation has timed out.
   at System.IO.Pipes.NamedPipeClientStream.Connect(Int32 timeout)
   at AVN.Autoconsulta.core.PipeClient.MessageSentSuccessfully() in E:\00.- Proyectos\01.- Autopista Vespucio Norte\Servicio Rest\AVN.Autoconsulta.Api\AVN.Autoconsulta.core\AVC.Autoconsulta.core.Utils\PipeClient.cs:line 98
12:15:53.777,E,204;System.TimeoutException: The operation has timed out.
   at System.IO.Pipes.NamedPipeClientStream.Connect(Int32 timeout)
   at AVN.Autoconsulta.core.PipeClient.MessageSentSuccessfully() in E:\00.- Proyectos\01.- Autopista Vespucio Norte\Servicio Rest\AVN.Autoconsulta.Api\AVN.Autoconsulta.core\AVC.Autoconsulta.core.Utils\PipeClient.cs:line 98

12:15:59.927,I,000;Inicio de la clase
12:16:02.257,I,000;System.Collections.Generic.List`1[AVN.Autoconsulta.core.TransitosFacturadosDto]
12:16:02.258,I,000;Fin de la clase -- [GetTransitosNoFacturados]
12:16:02.263,Q,204;TP10PP001772041|REG|0|2017-09-04 12:16:02|2017-09-04 12:16:02|Transitos Facturados|Consulta Transitos Facturados|0|V|Consulta Transitos Facturados|XD9781|0|0||||||0|0|||0||C6EF@

12:16:09.954,I,000;Inicio de la clase
12:16:12.281,E,204;System.TimeoutException: The operation has timed out.
   at System.IO.Pipes.NamedPipeClientStream.Connect(Int32 timeout)
   at AVN.Autoconsulta.core.PipeClient.MessageSentSuccessfully() in E:\00.- Proyectos\01.- Autopista Vespucio Norte\Servicio Rest\AVN.Autoconsulta.Api\AVN.Autoconsulta.core\AVC.Autoconsulta.core.Utils\PipeClient.cs:line 98
12:16:13.759,I,000;System.Collections.Generic.List`1[AVN.Autoconsulta.core.TransitosFacturadosDto]
12:16:13.759,I,000;Fin de la clase -- [GetTransitosNoFacturados]
12:16:13.759,Q,204;TP10PP001772041|REG|0|2017-09-04 12:16:13|2017-09-04 12:16:13|Transitos Facturados|Consulta Transitos Facturados|0|V|Consulta Transitos Facturados|XD9781|0|0||||||0|0|||0||C6EB@
12:16:20.526,Q,204;TP10PP001792041|REG|0|2017-09-04 12:16:20|2017-09-04 12:16:20|Transitos Facturados|Impresion Transitos Facturados|0|V|Impresion Transitos Facturados|XD9781|0|0||||||0|0|||0||C613@
12:16:23.758,E,204;System.TimeoutException: The operation has timed out.
   at System.IO.Pipes.NamedPipeClientStream.Connect(Int32 timeout)
   at AVN.Autoconsulta.core.PipeClient.MessageSentSuccessfully() in E:\00.- Proyectos\01.- Autopista Vespucio Norte\Servicio Rest\AVN.Autoconsulta.Api\AVN.Autoconsulta.core\AVC.Autoconsulta.core.Utils\PipeClient.cs:line 98
12:16:30.533,E,204;System.TimeoutException: The operation has timed out.
   at System.IO.Pipes.NamedPipeClientStream.Connect(Int32 timeout)
   at AVN.Autoconsulta.core.PipeClient.MessageSentSuccessfully() in E:\00.- Proyectos\01.- Autopista Vespucio Norte\Servicio Rest\AVN.Autoconsulta.Api\AVN.Autoconsulta.core\AVC.Autoconsulta.core.Utils\PipeClient.cs:line 98

12:16:44.770,I,000;Inicio de la clase
12:16:47.493,I,000;System.Collections.Generic.List`1[AVN.Autoconsulta.core.TransitosFacturadosDto]
12:16:47.495,I,000;Fin de la clase -- [GetTransitosNoFacturados]
12:16:47.498,Q,204;TP10PP001772041|REG|0|2017-09-04 12:16:47|2017-09-04 12:16:47|Transitos Facturados|Consulta Transitos Facturados|0|V|Consulta Transitos Facturados|VR7766|0|0||||||0|0|||0||C6D0@

12:16:54.773,I,000;Inicio de la clase
12:16:55.511,I,000;System.Collections.Generic.List`1[AVN.Autoconsulta.core.TransitosFacturadosDto]
12:16:55.511,I,000;Fin de la clase -- [GetTransitosNoFacturados]
12:16:55.511,Q,204;TP10PP001772041|REG|0|2017-09-04 12:16:55|2017-09-04 12:16:55|Transitos Facturados|Consulta Transitos Facturados|0|V|Consulta Transitos Facturados|VR7766|0|0||||||0|0|||0||C6D2@
12:16:57.487,E,204;System.TimeoutException: The operation has timed out.
   at System.IO.Pipes.NamedPipeClientStream.Connect(Int32 timeout)
   at AVN.Autoconsulta.core.PipeClient.MessageSentSuccessfully() in E:\00.- Proyectos\01.- Autopista Vespucio Norte\Servicio Rest\AVN.Autoconsulta.Api\AVN.Autoconsulta.core\AVC.Autoconsulta.core.Utils\PipeClient.cs:line 98
12:17:05.521,E,204;System.TimeoutException: The operation has timed out.
   at System.IO.Pipes.NamedPipeClientStream.Connect(Int32 timeout)
   at AVN.Autoconsulta.core.PipeClient.MessageSentSuccessfully() in E:\00.- Proyectos\01.- Autopista Vespucio Norte\Servicio Rest\AVN.Autoconsulta.Api\AVN.Autoconsulta.core\AVC.Autoconsulta.core.Utils\PipeClient.cs:line 98

12:19:37.885,I,000;Inicio de la clase
12:19:38.353,I,000;System.Collections.Generic.List`1[AVN.Autoconsulta.core.TransitosFacturadosDto]
12:19:38.355,I,000;Fin de la clase -- [GetTransitosNoFacturados]
12:19:38.356,Q,204;TP10PP001772041|REG|0|2017-09-04 12:19:38|2017-09-04 12:19:38|Transitos Facturados|Consulta Transitos Facturados|0|V|Consulta Transitos Facturados|BXFB76|0|0||||||0|0|||0||C6BD@

12:19:47.905,I,000;Inicio de la clase
12:19:48.333,I,000;System.Collections.Generic.List`1[AVN.Autoconsulta.core.TransitosFacturadosDto]
12:19:48.333,I,000;Fin de la clase -- [GetTransitosNoFacturados]
12:19:48.333,Q,204;TP10PP001772041|REG|0|2017-09-04 12:19:48|2017-09-04 12:19:48|Transitos Facturados|Consulta Transitos Facturados|0|V|Consulta Transitos Facturados|BXFB76|0|0||||||0|0|||0||C6BB@
12:19:48.358,E,204;System.TimeoutException: The operation has timed out.
   at System.IO.Pipes.NamedPipeClientStream.Connect(Int32 timeout)
   at AVN.Autoconsulta.core.PipeClient.MessageSentSuccessfully() in E:\00.- Proyectos\01.- Autopista Vespucio Norte\Servicio Rest\AVN.Autoconsulta.Api\AVN.Autoconsulta.core\AVC.Autoconsulta.core.Utils\PipeClient.cs:line 98
12:19:58.339,E,204;System.TimeoutException: The operation has timed out.
   at System.IO.Pipes.NamedPipeClientStream.Connect(Int32 timeout)
   at AVN.Autoconsulta.core.PipeClient.MessageSentSuccessfully() in E:\00.- Proyectos\01.- Autopista Vespucio Norte\Servicio Rest\AVN.Autoconsulta.Api\AVN.Autoconsulta.core\AVC.Autoconsulta.core.Utils\PipeClient.cs:line 98

12:20:55.540,I,000;Inicio de la clase
12:20:56.821,I,000;System.Collections.Generic.List`1[AVN.Autoconsulta.core.TransitosFacturadosDto]
12:20:56.823,I,000;Fin de la clase -- [GetTransitosNoFacturados]
12:20:56.825,Q,204;TP10PP001772041|REG|0|2017-09-04 12:20:56|2017-09-04 12:20:56|Transitos Facturados|Consulta Transitos Facturados|0|V|Consulta Transitos Facturados|VC3947|0|0||||||0|0|||0||C6EC@
12:20:56.834,I,000;System.Collections.Generic.List`1[AVN.Autoconsulta.core.DETALLE_TRANSITO]
12:20:56.835,I,000;Fin de la clase -- [GetTransitosNoFacturados]
12:20:56.843,Q,204;TP10PP001862041|REG|0|2017-09-04 12:20:56|2017-09-04 12:20:56|Transitos No Facturados|Consulta Transitos No Facturados|0|V|Consulta Transitos No Facturados|VC3947|0|0||||||0|0|||0||C455@

12:21:05.569,I,000;Inicio de la clase
12:21:06.469,I,000;System.Collections.Generic.List`1[AVN.Autoconsulta.core.DETALLE_TRANSITO]
12:21:06.469,I,000;Fin de la clase -- [GetTransitosNoFacturados]
12:21:06.474,Q,204;TP10PP001862041|REG|0|2017-09-04 12:21:06|2017-09-04 12:21:06|Transitos No Facturados|Consulta Transitos No Facturados|0|V|Consulta Transitos No Facturados|VC3947|0|0||||||0|0|||0||C45D@
12:21:06.715,I,000;System.Collections.Generic.List`1[AVN.Autoconsulta.core.TransitosFacturadosDto]
12:21:06.715,I,000;Fin de la clase -- [GetTransitosNoFacturados]
12:21:06.720,Q,204;TP10PP001772041|REG|0|2017-09-04 12:21:06|2017-09-04 12:21:06|Transitos Facturados|Consulta Transitos Facturados|0|V|Consulta Transitos Facturados|VC3947|0|0||||||0|0|||0||C6F4@
12:21:06.840,E,204;System.TimeoutException: The operation has timed out.
   at System.IO.Pipes.NamedPipeClientStream.Connect(Int32 timeout)
   at AVN.Autoconsulta.core.PipeClient.MessageSentSuccessfully() in E:\00.- Proyectos\01.- Autopista Vespucio Norte\Servicio Rest\AVN.Autoconsulta.Api\AVN.Autoconsulta.core\AVC.Autoconsulta.core.Utils\PipeClient.cs:line 98
12:21:06.840,E,204;System.TimeoutException: The operation has timed out.
   at System.IO.Pipes.NamedPipeClientStream.Connect(Int32 timeout)
   at AVN.Autoconsulta.core.PipeClient.MessageSentSuccessfully() in E:\00.- Proyectos\01.- Autopista Vespucio Norte\Servicio Rest\AVN.Autoconsulta.Api\AVN.Autoconsulta.core\AVC.Autoconsulta.core.Utils\PipeClient.cs:line 98
12:21:16.478,E,204;System.TimeoutException: The operation has timed out.
   at System.IO.Pipes.NamedPipeClientStream.Connect(Int32 timeout)
   at AVN.Autoconsulta.core.PipeClient.MessageSentSuccessfully() in E:\00.- Proyectos\01.- Autopista Vespucio Norte\Servicio Rest\AVN.Autoconsulta.Api\AVN.Autoconsulta.core\AVC.Autoconsulta.core.Utils\PipeClient.cs:line 98
12:21:16.713,E,204;System.TimeoutException: The operation has timed out.
   at System.IO.Pipes.NamedPipeClientStream.Connect(Int32 timeout)
   at AVN.Autoconsulta.core.PipeClient.MessageSentSuccessfully() in E:\00.- Proyectos\01.- Autopista Vespucio Norte\Servicio Rest\AVN.Autoconsulta.Api\AVN.Autoconsulta.core\AVC.Autoconsulta.core.Utils\PipeClient.cs:line 98

15:25:02.113,I,000;Inicio de la clase

15:25:02.114,I,000;Inicio de la clase
15:25:36.736,I,000;System.Collections.Generic.List`1[AVN.Autoconsulta.core.BoletaDto]
15:25:36.737,I,000;Fin de la clase -- [GetBoletas]
15:25:36.754,Q,204;TP10PP001412041|REG|0|2017-09-04 15:25:36|2017-09-04 15:25:36|Boleta|Consulta Boletas|0|V|Consulta Boletas|10697286-9|0|0||||||0|0|||0||D63A@
15:25:38.217,F,000;AVN.Autoconsulta.core.ClienteDto
15:25:46.760,E,204;System.TimeoutException: The operation has timed out.
   at System.IO.Pipes.NamedPipeClientStream.Connect(Int32 timeout)
   at AVN.Autoconsulta.core.PipeClient.MessageSentSuccessfully() in E:\00.- Proyectos\01.- Autopista Vespucio Norte\Servicio Rest\AVN.Autoconsulta.Api\AVN.Autoconsulta.core\AVC.Autoconsulta.core.Utils\PipeClient.cs:line 98

15:26:12.198,I,000;Inicio de la clase
15:26:21.087,I,000;System.Collections.Generic.List`1[AVN.Autoconsulta.core.BoletaDto]
15:26:21.088,I,000;Fin de la clase -- [GetBoletas]
15:26:21.089,Q,204;TP10PP001412041|REG|0|2017-09-04 15:26:21|2017-09-04 15:26:21|Boleta|Consulta Boletas|0|V|Consulta Boletas|10697286-9|0|0||||||0|0|||0||D644@
15:26:21.781,Q,204;TP10PP001592041|REG|0|2017-09-04 15:26:21|2017-09-04 15:26:21|Certificado|Impresion Boleta Detalle|0|V|Impresion Certificado|10697286-9|0|0||||||0|0|||0||CF60@
15:26:30.641,Q,204;TP10PP001592041|REG|0|2017-09-04 15:26:30|2017-09-04 15:26:30|Certificado|Impresion Boleta Detalle|0|V|Impresion Certificado|10697286-9|0|0||||||0|0|||0||CF60@
15:26:31.082,E,204;System.TimeoutException: The operation has timed out.
   at System.IO.Pipes.NamedPipeClientStream.Connect(Int32 timeout)
   at AVN.Autoconsulta.core.PipeClient.MessageSentSuccessfully() in E:\00.- Proyectos\01.- Autopista Vespucio Norte\Servicio Rest\AVN.Autoconsulta.Api\AVN.Autoconsulta.core\AVC.Autoconsulta.core.Utils\PipeClient.cs:line 98
15:26:31.784,E,204;System.TimeoutException: The operation has timed out.
   at System.IO.Pipes.NamedPipeClientStream.Connect(Int32 timeout)
   at AVN.Autoconsulta.core.PipeClient.MessageSentSuccessfully() in E:\00.- Proyectos\01.- Autopista Vespucio Norte\Servicio Rest\AVN.Autoconsulta.Api\AVN.Autoconsulta.core\AVC.Autoconsulta.core.Utils\PipeClient.cs:line 98
15:26:36.277,Q,204;TP10PP001592041|REG|0|2017-09-04 15:26:36|2017-09-04 15:26:36|Certificado|Impresion Boleta Detalle|0|V|Impresion Certificado|10697286-9|0|0||||||0|0|||0||CF54@
15:26:40.644,E,204;System.TimeoutException: The operation has timed out.
   at System.IO.Pipes.NamedPipeClientStream.Connect(Int32 timeout)
   at AVN.Autoconsulta.core.PipeClient.MessageSentSuccessfully() in E:\00.- Proyectos\01.- Autopista Vespucio Norte\Servicio Rest\AVN.Autoconsulta.Api\AVN.Autoconsulta.core\AVC.Autoconsulta.core.Utils\PipeClient.cs:line 98
15:26:46.277,E,204;System.TimeoutException: The operation has timed out.
   at System.IO.Pipes.NamedPipeClientStream.Connect(Int32 timeout)
   at AVN.Autoconsulta.core.PipeClient.MessageSentSuccessfully() in E:\00.- Proyectos\01.- Autopista Vespucio Norte\Servicio Rest\AVN.Autoconsulta.Api\AVN.Autoconsulta.core\AVC.Autoconsulta.core.Utils\PipeClient.cs:line 98

16:21:34.540,I,000;Inicio de la clase

16:21:34.541,I,000;Inicio de la clase
16:22:34.618,E,000;
Server stack trace: 
   at System.ServiceModel.Channels.RequestChannel.Request(Message message, TimeSpan timeout)
   at System.ServiceModel.Dispatcher.RequestChannelBinder.Request(Message message, TimeSpan timeout)
   at System.ServiceModel.Channels.ServiceChannel.Call(String action, Boolean oneway, ProxyOperationRuntime operation, Object[] ins, Object[] outs, TimeSpan timeout)
   at System.ServiceModel.Channels.ServiceChannelProxy.InvokeService(IMethodCallMessage methodCall, ProxyOperationRuntime operation)
   at System.ServiceModel.Channels.ServiceChannelProxy.Invoke(IMessage message)

Exception rethrown at [0]: 
   at System.Runtime.Remoting.Proxies.RealProxy.HandleReturnMessage(IMessage reqMsg, IMessage retMsg)
   at System.Runtime.Remoting.Proxies.RealProxy.PrivateInvoke(MessageData& msgData, Int32 type)
   at AVN.Autoconsulta.core.SVC_AVN_1_2.ConsultaInfoTagWS.ZRFC_INFORMACION_TAG(ZRFC_INFORMACION_TAG request)
   at AVN.Autoconsulta.core.GetAVN.AVN.Autoconsulta.core.IGetAVN.GetInformacionCliente(String pRut) in E:\00.- Proyectos\01.- Autopista Vespucio Norte\Servicio Rest\AVN.Autoconsulta.Api\AVN.Autoconsulta.core\AVN.Autoconsulta.DAO\GetAVN.cs:line 60
16:22:34.618,E,000;
Server stack trace: 
   at System.ServiceModel.Channels.RequestChannel.Request(Message message, TimeSpan timeout)
   at System.ServiceModel.Dispatcher.RequestChannelBinder.Request(Message message, TimeSpan timeout)
   at System.ServiceModel.Channels.ServiceChannel.Call(String action, Boolean oneway, ProxyOperationRuntime operation, Object[] ins, Object[] outs, TimeSpan timeout)
   at System.ServiceModel.Channels.ServiceChannelProxy.InvokeService(IMethodCallMessage methodCall, ProxyOperationRuntime operation)
   at System.ServiceModel.Channels.ServiceChannelProxy.Invoke(IMessage message)

Exception rethrown at [0]: 
   at System.Runtime.Remoting.Proxies.RealProxy.HandleReturnMessage(IMessage reqMsg, IMessage retMsg)
   at System.Runtime.Remoting.Proxies.RealProxy.PrivateInvoke(MessageData& msgData, Int32 type)
   at AVN.Autoconsulta.core.SVC_AVN_1_2.ConsultaInfoTagWS.ZRFC_INFORMACION_TAG(ZRFC_INFORMACION_TAG request)
   at AVN.Autoconsulta.core.GetAVN.AVN.Autoconsulta.core.IGetAVN.GetBoletas(String pRut) in E:\00.- Proyectos\01.- Autopista Vespucio Norte\Servicio Rest\AVN.Autoconsulta.Api\AVN.Autoconsulta.core\AVN.Autoconsulta.DAO\GetAVN.cs:line 282

16:26:46.638,I,000;Inicio de la clase

16:26:46.669,I,000;Inicio de la clase

16:27:14.215,I,000;Inicio de la clase

16:27:14.246,I,000;Inicio de la clase

16:27:39.952,I,000;Inicio de la clase

16:27:39.991,I,000;Inicio de la clase
16:27:45.507,I,000;System.Collections.Generic.List`1[AVN.Autoconsulta.core.BoletaDto]
16:27:45.509,I,000;Fin de la clase -- [GetBoletas]
16:27:45.512,I,000;System.Collections.Generic.List`1[AVN.Autoconsulta.core.BoletaDto]
16:27:45.514,I,000;Fin de la clase -- [GetBoletas]
16:27:45.525,Q,204;TP10PP001412041|REG|0|2017-09-04 16:27:45|2017-09-04 16:27:45|Boleta|Consulta Boletas|0|V|Consulta Boletas|10697286-9|0|0||||||0|0|||0||D634@
16:27:45.528,Q,204;TP10PP001412041|REG|0|2017-09-04 16:27:45|2017-09-04 16:27:45|Boleta|Consulta Boletas|0|V|Consulta Boletas|10697286-9|0|0||||||0|0|||0||D634@
16:27:45.712,F,000;AVN.Autoconsulta.core.ClienteDto
16:27:45.713,F,000;AVN.Autoconsulta.core.ClienteDto
16:27:55.514,E,204;System.TimeoutException: The operation has timed out.
   at System.IO.Pipes.NamedPipeClientStream.Connect(Int32 timeout)
   at AVN.Autoconsulta.core.PipeClient.MessageSentSuccessfully() in E:\00.- Proyectos\01.- Autopista Vespucio Norte\Servicio Rest\AVN.Autoconsulta.Api\AVN.Autoconsulta.core\AVC.Autoconsulta.core.Utils\PipeClient.cs:line 98
16:27:55.515,E,204;System.TimeoutException: The operation has timed out.
   at System.IO.Pipes.NamedPipeClientStream.Connect(Int32 timeout)
   at AVN.Autoconsulta.core.PipeClient.MessageSentSuccessfully() in E:\00.- Proyectos\01.- Autopista Vespucio Norte\Servicio Rest\AVN.Autoconsulta.Api\AVN.Autoconsulta.core\AVC.Autoconsulta.core.Utils\PipeClient.cs:line 98

16:27:56.421,I,000;Inicio de la clase

16:27:56.447,I,000;Inicio de la clase
16:28:39.966,E,000;
Server stack trace: 
   at System.ServiceModel.Channels.RequestChannel.Request(Message message, TimeSpan timeout)
   at System.ServiceModel.Dispatcher.RequestChannelBinder.Request(Message message, TimeSpan timeout)
   at System.ServiceModel.Channels.ServiceChannel.Call(String action, Boolean oneway, ProxyOperationRuntime operation, Object[] ins, Object[] outs, TimeSpan timeout)
   at System.ServiceModel.Channels.ServiceChannelProxy.InvokeService(IMethodCallMessage methodCall, ProxyOperationRuntime operation)
   at System.ServiceModel.Channels.ServiceChannelProxy.Invoke(IMessage message)

Exception rethrown at [0]: 
   at System.Runtime.Remoting.Proxies.RealProxy.HandleReturnMessage(IMessage reqMsg, IMessage retMsg)
   at System.Runtime.Remoting.Proxies.RealProxy.PrivateInvoke(MessageData& msgData, Int32 type)
   at AVN.Autoconsulta.core.SVC_AVN_1_2.ConsultaInfoTagWS.ZRFC_INFORMACION_TAG(ZRFC_INFORMACION_TAG request)
   at AVN.Autoconsulta.core.GetAVN.AVN.Autoconsulta.core.IGetAVN.GetInformacionCliente(String pRut) in E:\00.- Proyectos\01.- Autopista Vespucio Norte\Servicio Rest\AVN.Autoconsulta.Api\AVN.Autoconsulta.core\AVN.Autoconsulta.DAO\GetAVN.cs:line 60
16:28:39.970,E,000;
Server stack trace: 
   at System.ServiceModel.Channels.HttpChannelUtilities.ProcessGetResponseWebException(WebException webException, HttpWebRequest request, HttpAbortReason abortReason)
   at System.ServiceModel.Channels.HttpChannelFactory`1.HttpRequestChannel.HttpChannelRequest.WaitForReply(TimeSpan timeout)
   at System.ServiceModel.Channels.RequestChannel.Request(Message message, TimeSpan timeout)
   at System.ServiceModel.Dispatcher.RequestChannelBinder.Request(Message message, TimeSpan timeout)
   at System.ServiceModel.Channels.ServiceChannel.Call(String action, Boolean oneway, ProxyOperationRuntime operation, Object[] ins, Object[] outs, TimeSpan timeout)
   at System.ServiceModel.Channels.ServiceChannelProxy.InvokeService(IMethodCallMessage methodCall, ProxyOperationRuntime operation)
   at System.ServiceModel.Channels.ServiceChannelProxy.Invoke(IMessage message)

Exception rethrown at [0]: 
   at System.Runtime.Remoting.Proxies.RealProxy.HandleReturnMessage(IMessage reqMsg, IMessage retMsg)
   at System.Runtime.Remoting.Proxies.RealProxy.PrivateInvoke(MessageData& msgData, Int32 type)
   at AVN.Autoconsulta.core.SVC_AVN_1_2.ConsultaInfoTagWS.ZRFC_INFORMACION_TAG(ZRFC_INFORMACION_TAG request)
   at AVN.Autoconsulta.core.GetAVN.AVN.Autoconsulta.core.IGetAVN.GetBoletas(String pRut) in E:\00.- Proyectos\01.- Autopista Vespucio Norte\Servicio Rest\AVN.Autoconsulta.Api\AVN.Autoconsulta.core\AVN.Autoconsulta.DAO\GetAVN.cs:line 282
16:28:39.971,I,000;System.Collections.Generic.List`1[AVN.Autoconsulta.core.BoletaDto]
16:28:39.973,I,000;Fin de la clase -- [GetBoletas]
16:28:40.013,E,000;
Server stack trace: 
   at System.ServiceModel.Channels.RequestChannel.Request(Message message, TimeSpan timeout)
   at System.ServiceModel.Dispatcher.RequestChannelBinder.Request(Message message, TimeSpan timeout)
   at System.ServiceModel.Channels.ServiceChannel.Call(String action, Boolean oneway, ProxyOperationRuntime operation, Object[] ins, Object[] outs, TimeSpan timeout)
   at System.ServiceModel.Channels.ServiceChannelProxy.InvokeService(IMethodCallMessage methodCall, ProxyOperationRuntime operation)
   at System.ServiceModel.Channels.ServiceChannelProxy.Invoke(IMessage message)

Exception rethrown at [0]: 
   at System.Runtime.Remoting.Proxies.RealProxy.HandleReturnMessage(IMessage reqMsg, IMessage retMsg)
   at System.Runtime.Remoting.Proxies.RealProxy.PrivateInvoke(MessageData& msgData, Int32 type)
   at AVN.Autoconsulta.core.SVC_AVN_1_2.ConsultaInfoTagWS.ZRFC_INFORMACION_TAG(ZRFC_INFORMACION_TAG request)
   at AVN.Autoconsulta.core.GetAVN.AVN.Autoconsulta.core.IGetAVN.GetBoletas(String pRut) in E:\00.- Proyectos\01.- Autopista Vespucio Norte\Servicio Rest\AVN.Autoconsulta.Api\AVN.Autoconsulta.core\AVN.Autoconsulta.DAO\GetAVN.cs:line 282
16:28:56.447,E,000;
Server stack trace: 
   at System.ServiceModel.Channels.RequestChannel.Request(Message message, TimeSpan timeout)
   at System.ServiceModel.Dispatcher.RequestChannelBinder.Request(Message message, TimeSpan timeout)
   at System.ServiceModel.Channels.ServiceChannel.Call(String action, Boolean oneway, ProxyOperationRuntime operation, Object[] ins, Object[] outs, TimeSpan timeout)
   at System.ServiceModel.Channels.ServiceChannelProxy.InvokeService(IMethodCallMessage methodCall, ProxyOperationRuntime operation)
   at System.ServiceModel.Channels.ServiceChannelProxy.Invoke(IMessage message)

Exception rethrown at [0]: 
   at System.Runtime.Remoting.Proxies.RealProxy.HandleReturnMessage(IMessage reqMsg, IMessage retMsg)
   at System.Runtime.Remoting.Proxies.RealProxy.PrivateInvoke(MessageData& msgData, Int32 type)
   at AVN.Autoconsulta.core.SVC_AVN_1_2.ConsultaInfoTagWS.ZRFC_INFORMACION_TAG(ZRFC_INFORMACION_TAG request)
   at AVN.Autoconsulta.core.GetAVN.AVN.Autoconsulta.core.IGetAVN.GetInformacionCliente(String pRut) in E:\00.- Proyectos\01.- Autopista Vespucio Norte\Servicio Rest\AVN.Autoconsulta.Api\AVN.Autoconsulta.core\AVN.Autoconsulta.DAO\GetAVN.cs:line 60

16:29:22.031,I,000;Inicio de la clase

16:29:22.070,I,000;Inicio de la clase
16:29:29.448,F,000;AVN.Autoconsulta.core.ClienteDto
16:29:31.437,I,000;System.Collections.Generic.List`1[AVN.Autoconsulta.core.BoletaDto]
16:29:31.438,I,000;Fin de la clase -- [GetBoletas]
16:29:31.439,Q,204;TP10PP001412041|REG|0|2017-09-04 16:29:31|2017-09-04 16:29:31|Boleta|Consulta Boletas|0|V|Consulta Boletas|10697286-9|0|0||||||0|0|||0||D63A@
16:29:41.468,E,204;System.TimeoutException: The operation has timed out.
   at System.IO.Pipes.NamedPipeClientStream.Connect(Int32 timeout)
   at AVN.Autoconsulta.core.PipeClient.MessageSentSuccessfully() in E:\00.- Proyectos\01.- Autopista Vespucio Norte\Servicio Rest\AVN.Autoconsulta.Api\AVN.Autoconsulta.core\AVC.Autoconsulta.core.Utils\PipeClient.cs:line 98

16:30:00.063,I,000;Inicio de la clase
16:30:09.592,I,000;System.Collections.Generic.List`1[AVN.Autoconsulta.core.BoletaDto]
16:30:09.595,I,000;Fin de la clase -- [GetBoletas]
16:30:09.597,Q,204;TP10PP001412041|REG|0|2017-09-04 16:30:09|2017-09-04 16:30:09|Boleta|Consulta Boletas|0|V|Consulta Boletas|10697286-9|0|0||||||0|0|||0||D640@
16:30:10.338,Q,204;TP10PP001592041|REG|0|2017-09-04 16:30:10|2017-09-04 16:30:10|Certificado|Impresion Boleta Detalle|0|V|Impresion Certificado|10697286-9|0|0||||||0|0|||0||CF6C@
16:30:14.221,Q,204;TP10PP001592041|REG|0|2017-09-04 16:30:14|2017-09-04 16:30:14|Certificado|Impresion Boleta Detalle|0|V|Impresion Certificado|10697286-9|0|0||||||0|0|||0||CF64@
16:30:18.071,Q,204;TP10PP001592041|REG|0|2017-09-04 16:30:18|2017-09-04 16:30:18|Certificado|Impresion Boleta Detalle|0|V|Impresion Certificado|10697286-9|0|0||||||0|0|||0||CF5C@
16:30:19.601,E,204;System.TimeoutException: The operation has timed out.
   at System.IO.Pipes.NamedPipeClientStream.Connect(Int32 timeout)
   at AVN.Autoconsulta.core.PipeClient.MessageSentSuccessfully() in E:\00.- Proyectos\01.- Autopista Vespucio Norte\Servicio Rest\AVN.Autoconsulta.Api\AVN.Autoconsulta.core\AVC.Autoconsulta.core.Utils\PipeClient.cs:line 98
16:30:20.345,E,204;System.TimeoutException: The operation has timed out.
   at System.IO.Pipes.NamedPipeClientStream.Connect(Int32 timeout)
   at AVN.Autoconsulta.core.PipeClient.MessageSentSuccessfully() in E:\00.- Proyectos\01.- Autopista Vespucio Norte\Servicio Rest\AVN.Autoconsulta.Api\AVN.Autoconsulta.core\AVC.Autoconsulta.core.Utils\PipeClient.cs:line 98
16:30:24.214,E,204;System.TimeoutException: The operation has timed out.
   at System.IO.Pipes.NamedPipeClientStream.Connect(Int32 timeout)
   at AVN.Autoconsulta.core.PipeClient.MessageSentSuccessfully() in E:\00.- Proyectos\01.- Autopista Vespucio Norte\Servicio Rest\AVN.Autoconsulta.Api\AVN.Autoconsulta.core\AVC.Autoconsulta.core.Utils\PipeClient.cs:line 98
16:30:28.068,E,204;System.TimeoutException: The operation has timed out.
   at System.IO.Pipes.NamedPipeClientStream.Connect(Int32 timeout)
   at AVN.Autoconsulta.core.PipeClient.MessageSentSuccessfully() in E:\00.- Proyectos\01.- Autopista Vespucio Norte\Servicio Rest\AVN.Autoconsulta.Api\AVN.Autoconsulta.core\AVC.Autoconsulta.core.Utils\PipeClient.cs:line 98
16:30:29.913,Q,204;TP10PP001592041|REG|0|2017-09-04 16:30:29|2017-09-04 16:30:29|Certificado|Impresion Boleta Detalle|0|V|Impresion Certificado|10697286-9|0|0||||||0|0|||0||CF58@
16:30:39.938,E,204;System.TimeoutException: The operation has timed out.
   at System.IO.Pipes.NamedPipeClientStream.Connect(Int32 timeout)
   at AVN.Autoconsulta.core.PipeClient.MessageSentSuccessfully() in E:\00.- Proyectos\01.- Autopista Vespucio Norte\Servicio Rest\AVN.Autoconsulta.Api\AVN.Autoconsulta.core\AVC.Autoconsulta.core.Utils\PipeClient.cs:line 98

16:31:20.982,I,000;Inicio de la clase
16:31:28.616,I,000;System.Collections.Generic.List`1[AVN.Autoconsulta.core.TransitosFacturadosDto]
16:31:28.618,I,000;Fin de la clase -- [GetTransitosNoFacturados]
16:31:28.623,Q,204;TP10PP001772041|REG|0|2017-09-04 16:31:28|2017-09-04 16:31:28|Transitos Facturados|Consulta Transitos Facturados|0|V|Consulta Transitos Facturados|KJ1393|0|0||||||0|0|||0||C6ED@

16:31:31.014,I,000;Inicio de la clase
16:31:33.251,I,000;System.Collections.Generic.List`1[AVN.Autoconsulta.core.TransitosFacturadosDto]
16:31:33.251,I,000;Fin de la clase -- [GetTransitosNoFacturados]
16:31:33.251,Q,204;TP10PP001772041|REG|0|2017-09-04 16:31:33|2017-09-04 16:31:33|Transitos Facturados|Consulta Transitos Facturados|0|V|Consulta Transitos Facturados|KJ1393|0|0||||||0|0|||0||C6F5@
16:31:38.627,E,204;System.TimeoutException: The operation has timed out.
   at System.IO.Pipes.NamedPipeClientStream.Connect(Int32 timeout)
   at AVN.Autoconsulta.core.PipeClient.MessageSentSuccessfully() in E:\00.- Proyectos\01.- Autopista Vespucio Norte\Servicio Rest\AVN.Autoconsulta.Api\AVN.Autoconsulta.core\AVC.Autoconsulta.core.Utils\PipeClient.cs:line 98
16:31:43.244,E,204;System.TimeoutException: The operation has timed out.
   at System.IO.Pipes.NamedPipeClientStream.Connect(Int32 timeout)
   at AVN.Autoconsulta.core.PipeClient.MessageSentSuccessfully() in E:\00.- Proyectos\01.- Autopista Vespucio Norte\Servicio Rest\AVN.Autoconsulta.Api\AVN.Autoconsulta.core\AVC.Autoconsulta.core.Utils\PipeClient.cs:line 98

16:32:28.561,I,000;Inicio de la clase

16:32:28.601,I,000;Inicio de la clase
16:32:58.761,F,000;AVN.Autoconsulta.core.ClienteDto
16:33:09.108,I,000;System.Collections.Generic.List`1[AVN.Autoconsulta.core.BoletaDto]
16:33:09.109,I,000;Fin de la clase -- [GetBoletas]
16:33:09.110,Q,204;TP10PP001402041|REG|0|2017-09-04 16:33:09|2017-09-04 16:33:09|Boleta|Consulta Boletas|0|V|Consulta Boletas|7778971-5|0|0||||||0|0|||0||D668@
16:33:19.136,E,204;System.TimeoutException: The operation has timed out.
   at System.IO.Pipes.NamedPipeClientStream.Connect(Int32 timeout)
   at AVN.Autoconsulta.core.PipeClient.MessageSentSuccessfully() in E:\00.- Proyectos\01.- Autopista Vespucio Norte\Servicio Rest\AVN.Autoconsulta.Api\AVN.Autoconsulta.core\AVC.Autoconsulta.core.Utils\PipeClient.cs:line 98

16:33:40.044,I,000;Inicio de la clase
16:34:15.028,I,000;System.Collections.Generic.List`1[AVN.Autoconsulta.core.BoletaDto]
16:34:15.028,I,000;Fin de la clase -- [GetBoletas]
16:34:15.028,Q,204;TP10PP001402041|REG|0|2017-09-04 16:34:15|2017-09-04 16:34:15|Boleta|Consulta Boletas|0|V|Consulta Boletas|7778971-5|0|0||||||0|0|||0||D66C@
16:34:15.514,Q,204;TP10PP001582041|REG|0|2017-09-04 16:34:15|2017-09-04 16:34:15|Certificado|Impresion Boleta Detalle|0|V|Impresion Certificado|7778971-5|0|0||||||0|0|||0||CF88@
16:34:19.453,Q,204;TP10PP001582041|REG|0|2017-09-04 16:34:19|2017-09-04 16:34:19|Certificado|Impresion Boleta Detalle|0|V|Impresion Certificado|7778971-5|0|0||||||0|0|||0||CF80@
16:34:24.388,Q,204;TP10PP001582041|REG|0|2017-09-04 16:34:24|2017-09-04 16:34:24|Certificado|Impresion Boleta Detalle|0|V|Impresion Certificado|7778971-5|0|0||||||0|0|||0||CF88@
16:34:25.018,E,204;System.TimeoutException: The operation has timed out.
   at System.IO.Pipes.NamedPipeClientStream.Connect(Int32 timeout)
   at AVN.Autoconsulta.core.PipeClient.MessageSentSuccessfully() in E:\00.- Proyectos\01.- Autopista Vespucio Norte\Servicio Rest\AVN.Autoconsulta.Api\AVN.Autoconsulta.core\AVC.Autoconsulta.core.Utils\PipeClient.cs:line 98
16:34:25.500,E,204;System.TimeoutException: The operation has timed out.
   at System.IO.Pipes.NamedPipeClientStream.Connect(Int32 timeout)
   at AVN.Autoconsulta.core.PipeClient.MessageSentSuccessfully() in E:\00.- Proyectos\01.- Autopista Vespucio Norte\Servicio Rest\AVN.Autoconsulta.Api\AVN.Autoconsulta.core\AVC.Autoconsulta.core.Utils\PipeClient.cs:line 98
16:34:28.229,Q,204;TP10PP001582041|REG|0|2017-09-04 16:34:28|2017-09-04 16:34:28|Certificado|Impresion Boleta Detalle|0|V|Impresion Certificado|7778971-5|0|0||||||0|0|||0||CF80@
16:34:29.463,E,204;System.TimeoutException: The operation has timed out.
   at System.IO.Pipes.NamedPipeClientStream.Connect(Int32 timeout)
   at AVN.Autoconsulta.core.PipeClient.MessageSentSuccessfully() in E:\00.- Proyectos\01.- Autopista Vespucio Norte\Servicio Rest\AVN.Autoconsulta.Api\AVN.Autoconsulta.core\AVC.Autoconsulta.core.Utils\PipeClient.cs:line 98
16:34:32.057,Q,204;TP10PP001582041|REG|0|2017-09-04 16:34:32|2017-09-04 16:34:32|Certificado|Impresion Boleta Detalle|0|V|Impresion Certificado|7778971-5|0|0||||||0|0|||0||CF8A@
16:34:34.378,E,204;System.TimeoutException: The operation has timed out.
   at System.IO.Pipes.NamedPipeClientStream.Connect(Int32 timeout)
   at AVN.Autoconsulta.core.PipeClient.MessageSentSuccessfully() in E:\00.- Proyectos\01.- Autopista Vespucio Norte\Servicio Rest\AVN.Autoconsulta.Api\AVN.Autoconsulta.core\AVC.Autoconsulta.core.Utils\PipeClient.cs:line 98
16:34:35.801,Q,204;TP10PP001582041|REG|0|2017-09-04 16:34:35|2017-09-04 16:34:35|Certificado|Impresion Boleta Detalle|0|V|Impresion Certificado|7778971-5|0|0||||||0|0|||0||CF84@
16:34:38.225,E,204;System.TimeoutException: The operation has timed out.
   at System.IO.Pipes.NamedPipeClientStream.Connect(Int32 timeout)
   at AVN.Autoconsulta.core.PipeClient.MessageSentSuccessfully() in E:\00.- Proyectos\01.- Autopista Vespucio Norte\Servicio Rest\AVN.Autoconsulta.Api\AVN.Autoconsulta.core\AVC.Autoconsulta.core.Utils\PipeClient.cs:line 98
16:34:42.081,E,204;System.TimeoutException: The operation has timed out.
   at System.IO.Pipes.NamedPipeClientStream.Connect(Int32 timeout)
   at AVN.Autoconsulta.core.PipeClient.MessageSentSuccessfully() in E:\00.- Proyectos\01.- Autopista Vespucio Norte\Servicio Rest\AVN.Autoconsulta.Api\AVN.Autoconsulta.core\AVC.Autoconsulta.core.Utils\PipeClient.cs:line 98
16:34:45.812,E,204;System.TimeoutException: The operation has timed out.
   at System.IO.Pipes.NamedPipeClientStream.Connect(Int32 timeout)
   at AVN.Autoconsulta.core.PipeClient.MessageSentSuccessfully() in E:\00.- Proyectos\01.- Autopista Vespucio Norte\Servicio Rest\AVN.Autoconsulta.Api\AVN.Autoconsulta.core\AVC.Autoconsulta.core.Utils\PipeClient.cs:line 98
